{"status":"ok","lang":"zh_CN","server_time":1521995105,"tzshift":28800,"location":[51.564009,-0.03522353],"unit":"metric","result":{"status":"ok","temperature":12.75,"skycon":"PARTLY_CLOUDY_NIGHT","cloudrate":0.77,"aqi":10.0,"humidity":0.4,"pres":100957.72,"pm25":10.0,"precipitation":{"nearest":{"status":"ok","distance":10000.0,"intensity":0.0},"local":{"status":"ok","intensity":0.0,"datasource":"gfs"}},"wind":{"direction":11.99,"speed":9.01}}}
{"status":"ok","lang":"zh_CN","server_time":1521996306,"tzshift":28800,"location":[51.564009,-0.03522353],"unit":"metric","result":{"status":"ok","temperature":12.75,"skycon":"PARTLY_CLOUDY_NIGHT","cloudrate":0.77,"aqi":10.0,"humidity":0.4,"pres":100957.72,"pm25":10.0,"precipitation":{"nearest":{"status":"ok","distance":70.12,"intensity":0.25},"local":{"status":"ok","intensity":0.0,"datasource":"gfs"}},"wind":{"direction":11.99,"speed":9.01}}}
{"status":"ok","lang":"zh_CN","server_time":1521998706,"tzshift":28800,"location":[51.564009,-0.03522353],"unit":"metric","result":{"status":"ok","temperature":10.9,"skycon":"CLOUDY","cloudrate":0.81,"aqi":10.0,"humidity":0.58,"pres":100746.17,"pm25":10.0,"precipitation":{"nearest":{"status":"ok","distance":133.81,"intensity":0.1875},"local":{"status":"ok","intensity":0.0,"datasource":"gfs"}},"wind":{"direction":5.76,"speed":9.12}}}
{"status":"ok","lang":"zh_CN","server_time":1521999907,"tzshift":28800,"location":[51.564009,-0.03522353],"unit":"metric","result":{"status":"ok","temperature":10.9,"skycon":"CLOUDY","cloudrate":0.81,"aqi":10,"humidity":0.58,"pres":100746.17,"pm25":10,"precipitation":{"nearest":{"status":"ok","distance":172.64,"intensity":0.1875},"local":{"status":"ok","intensity":0.0,"datasource":"gfs"}},"wind":{"direction":5.76,"speed":9.12}}}
{"status":"ok","lang":"zh_CN","server_time":1522002305,"tzshift":28800,"location":[51.564009,-0.03522353],"unit":"metric","result":{"status":"ok","temperature":10.22,"skycon":"CLOUDY","cloudrate":0.85,"aqi":10.0,"humidity":0.61,"pres":100786.53,"pm25":10.0,"precipitation":{"nearest":{"status":"ok","distance":324.52,"intensity":0.1875},"local":{"status":"ok","intensity":0.0003,"datasource":"gfs"}},"wind":{"direction":0.12,"speed":8.35}}}
{"status":"ok","lang":"zh_CN","server_time":1522003505,"tzshift":28800,"location":[51.564009,-0.03522353],"unit":"metric","result":{"status":"ok","temperature":10.22,"skycon":"CLOUDY","cloudrate":0.85,"aqi":10.0,"humidity":0.61,"pres":100786.53,"pm25":10.0,"precipitation":{"nearest":{"status":"ok","distance":202.63,"intensity":0.1875},"local":{"status":"ok","intensity":0.0003,"datasource":"gfs"}},"wind":{"direction":0.12,"speed":8.35}}}
{"status":"ok","lang":"zh_CN","server_time":1522005905,"tzshift":28800,"location":[51.564009,-0.03522353],"unit":"metric","result":{"status":"ok","temperature":9.54,"skycon":"CLOUDY","cloudrate":0.92,"aqi":10.0,"humidity":0.64,"pres":100839.34,"pm25":10.0,"precipitation":{"nearest":{"status":"ok","distance":484.52,"intensity":0.1875},"local":{"status":"ok","intensity":0.0,"datasource":"gfs"}},"wind":{"direction":354.09,"speed":7.04}}}
{"status":"ok","lang":"zh_CN","server_time":1522007104,"tzshift":28800,"location":[51.564009,-0.03522353],"unit":"metric","result":{"status":"ok","temperature":11.87,"skycon":"CLOUDY","cloudrate":0.94,"aqi":10.0,"humidity":0.48,"pres":101090.15,"pm25":10.0,"precipitation":{"nearest":{"status":"ok","distance":78.87,"intensity":0.1875},"local":{"status":"ok","intensity":0.0131,"datasource":"gfs"}},"wind":{"direction":350.43,"speed":8.83}}}
{"status":"ok","lang":"zh_CN","server_time":1522009504,"tzshift":28800,"location":[51.564009,-0.03522353],"unit":"metric","result":{"status":"ok","temperature":8.88,"skycon":"CLOUDY","cloudrate":0.97,"aqi":10.0,"humidity":0.66,"pres":100899.16,"pm25":10.0,"precipitation":{"nearest":{"status":"ok","distance":10000.0,"intensity":0.0},"local":{"status":"ok","intensity":0.0,"datasource":"gfs"}},"wind":{"direction":346.62,"speed":5.8}}}
{"status":"ok","lang":"zh_CN","server_time":1522010704,"tzshift":28800,"location":[51.564009,-0.03522353],"unit":"metric","result":{"status":"ok","temperature":11.34,"skycon":"CLOUDY","cloudrate":1.0,"aqi":10.0,"humidity":0.51,"pres":101150.56,"pm25":10.0,"precipitation":{"nearest":{"status":"ok","distance":127.4,"intensity":0.1875},"local":{"status":"ok","intensity":0.0,"datasource":"gfs"}},"wind":{"direction":337.7,"speed":7.5}}}
{"status":"ok","lang":"zh_CN","server_time":1522013105,"tzshift":28800,"location":[51.564009,-0.03522353],"unit":"metric","result":{"status":"ok","temperature":8.2,"skycon":"CLOUDY","cloudrate":0.97,"aqi":10.0,"humidity":0.67,"pres":100958.61,"pm25":10.0,"precipitation":{"nearest":{"status":"ok","distance":10000.0,"intensity":0.0},"local":{"status":"ok","intensity":0.0,"datasource":"gfs"}},"wind":{"direction":339.43,"speed":5.43}}}
{"status":"ok","lang":"zh_CN","server_time":1522014307,"tzshift":28800,"location":[51.564009,-0.03522353],"unit":"metric","result":{"status":"ok","temperature":8.77,"skycon":"RAIN","cloudrate":1.0,"aqi":10,"humidity":0.67,"pres":100976.08,"pm25":10,"precipitation":{"nearest":{"status":"ok","distance":10000.0,"intensity":0.0},"local":{"status":"ok","intensity":0.0447,"datasource":"gfs"}},"wind":{"direction":321.37,"speed":4.25}}}
{"status":"failed", "error":"'API quota is exhausted'"}
{"status":"failed", "error":"'API quota is exhausted'"}
{"status":"failed", "error":"'API quota is exhausted'"}
{"status":"ok","lang":"zh_CN","server_time":1522021506,"tzshift":28800,"location":[51.564009,-0.03522353],"unit":"metric","result":{"status":"ok","temperature":7.27,"skycon":"RAIN","cloudrate":0.83,"aqi":10.0,"humidity":0.7,"pres":101051.96,"pm25":10.0,"precipitation":{"nearest":{"status":"ok","distance":33.77,"intensity":0.1875},"local":{"status":"ok","intensity":0.0322,"datasource":"gfs"}},"wind":{"direction":324.71,"speed":6.81}}}
{"status":"failed", "error":"'API quota is exhausted'"}
{"status":"failed", "error":"'API quota is exhausted'"}
{"status":"failed", "error":"'API quota is exhausted'"}
{"status":"failed", "error":"'API quota is exhausted'"}
{"status":"failed", "error":"'API quota is exhausted'"}
{"status":"failed", "error":"'API quota is exhausted'"}
{"status":"failed", "error":"'API quota is exhausted'"}
{"status":"ok","lang":"zh_CN","server_time":1522035906,"tzshift":28800,"location":[51.564009,-0.03522353],"unit":"metric","result":{"status":"ok","temperature":8.77,"skycon":"PARTLY_CLOUDY_DAY","cloudrate":0.75,"aqi":10.0,"humidity":0.55,"pres":101398.27,"pm25":10.0,"precipitation":{"nearest":{"status":"ok","distance":10000.0,"intensity":0.0},"local":{"status":"ok","intensity":0.0,"datasource":"gfs"}},"wind":{"direction":338.48,"speed":7.72}}}
{"status":"failed", "error":"'API quota is exhausted'"}
{"status":"ok","lang":"zh_CN","server_time":1522039506,"tzshift":28800,"location":[51.564009,-0.03522353],"unit":"metric","result":{"status":"ok","temperature":5.55,"skycon":"PARTLY_CLOUDY_DAY","cloudrate":0.5,"aqi":10.0,"humidity":0.71,"pres":101173.4,"pm25":10.0,"precipitation":{"nearest":{"status":"ok","distance":10000.0,"intensity":0.0},"local":{"status":"ok","intensity":0.0,"datasource":"gfs"}},"wind":{"direction":335.56,"speed":8.15}}}
{"status":"failed", "error":"'API quota is exhausted'"}
{"status":"failed", "error":"'API quota is exhausted'"}
{"status":"failed", "error":"'API quota is exhausted'"}
{"status":"failed", "error":"'API quota is exhausted'"}
{"status":"failed", "error":"'API quota is exhausted'"}
{"status":"failed", "error":"'API quota is exhausted'"}
{"status":"failed", "error":"'API quota is exhausted'"}
{"status":"failed", "error":"'API quota is exhausted'"}
{"status":"ok","lang":"zh_CN","server_time":1522056305,"tzshift":28800,"location":[51.564009,-0.03522353],"unit":"metric","result":{"status":"ok","temperature":7.66,"skycon":"CLEAR_DAY","cloudrate":0.0,"aqi":10.0,"humidity":0.6,"pres":101291.93,"pm25":10.0,"precipitation":{"nearest":{"status":"ok","distance":133.01,"intensity":0.1875},"local":{"status":"ok","intensity":0.0,"datasource":"gfs"}},"wind":{"direction":318.95,"speed":7.63}}}
{"status":"failed", "error":"'API quota is exhausted'"}
{"status":"failed", "error":"'API quota is exhausted'"}
{"status":"failed", "error":"'API quota is exhausted'"}
{"status":"failed", "error":"'API quota is exhausted'"}
{"status":"failed", "error":"'API quota is exhausted'"}
{"status":"failed", "error":"'API quota is exhausted'"}
{"status":"ok","lang":"zh_CN","server_time":1522068305,"tzshift":28800,"location":[51.564009,-0.03522353],"unit":"metric","result":{"status":"ok","temperature":11.43,"skycon":"CLEAR_NIGHT","cloudrate":0.0,"aqi":10.0,"humidity":0.41,"pres":101311.03,"pm25":10.0,"precipitation":{"nearest":{"status":"ok","distance":453.64,"intensity":0.1875},"local":{"status":"ok","intensity":0.0,"datasource":"gfs"}},"wind":{"direction":285.44,"speed":8.18}}}
{"status":"ok","lang":"zh_CN","server_time":1522068305,"tzshift":28800,"location":[51.564009,-0.03522353],"unit":"metric","result":{"status":"ok","temperature":11.43,"skycon":"CLEAR_NIGHT","cloudrate":0.0,"aqi":10.0,"humidity":0.41,"pres":101311.03,"pm25":10.0,"precipitation":{"nearest":{"status":"ok","distance":453.64,"intensity":0.1875},"local":{"status":"ok","intensity":0.0,"datasource":"gfs"}},"wind":{"direction":285.44,"speed":8.18}}}
{"status":"ok","lang":"zh_CN","server_time":1522070707,"tzshift":28800,"location":[51.564009,-0.03522353],"unit":"metric","result":{"status":"ok","temperature":12.04,"skycon":"CLEAR_NIGHT","cloudrate":0.07,"aqi":10,"humidity":0.39,"pres":101286.28,"pm25":10,"precipitation":{"nearest":{"status":"ok","distance":37.62,"intensity":0.1875},"local":{"status":"ok","intensity":0.0,"datasource":"gfs"}},"wind":{"direction":277.45,"speed":9.17}}}
{"status":"ok","lang":"zh_CN","server_time":1522074307,"tzshift":28800,"location":[51.564009,-0.03522353],"unit":"metric","result":{"status":"ok","temperature":12.32,"skycon":"CLEAR_NIGHT","cloudrate":0.15,"aqi":10.0,"humidity":0.38,"pres":101250.02,"pm25":10.0,"precipitation":{"nearest":{"status":"ok","distance":202.42,"intensity":0.3125},"local":{"status":"ok","intensity":0.0,"datasource":"gfs"}},"wind":{"direction":271.6,"speed":9.93}}}
{"status":"ok","lang":"zh_CN","server_time":1522077905,"tzshift":28800,"location":[51.564009,-0.03522353],"unit":"metric","result":{"status":"ok","temperature":12.26,"skycon":"PARTLY_CLOUDY_NIGHT","cloudrate":0.23,"aqi":10.0,"humidity":0.4,"pres":101208.34,"pm25":10.0,"precipitation":{"local":{"status":"ok","intensity":0.0,"datasource":"gfs"}},"wind":{"direction":266.84,"speed":10.09}}}
