{"status":"ok","lang":"zh_CN","server_time":1521995106,"tzshift":28800,"location":[51.554009,-0.21522353],"unit":"metric","result":{"status":"ok","temperature":11.68,"skycon":"CLOUDY","cloudrate":0.87,"aqi":10.0,"humidity":0.54,"pres":100679.0,"pm25":10.0,"precipitation":{"nearest":{"status":"ok","distance":173.39,"intensity":0.1875},"local":{"status":"ok","intensity":0.0,"datasource":"gfs"}},"wind":{"direction":6.67,"speed":9.8}}}
{"status":"ok","lang":"zh_CN","server_time":1521996308,"tzshift":28800,"location":[51.554009,-0.21522353],"unit":"metric","result":{"status":"ok","temperature":11.68,"skycon":"CLOUDY","cloudrate":0.87,"aqi":10,"humidity":0.54,"pres":100679.0,"pm25":10,"precipitation":{"nearest":{"status":"ok","distance":10000.0,"intensity":0.0},"local":{"status":"ok","intensity":0.0,"datasource":"gfs"}},"wind":{"direction":6.67,"speed":9.8}}}
{"status":"ok","lang":"zh_CN","server_time":1521998707,"tzshift":28800,"location":[51.554009,-0.21522353],"unit":"metric","result":{"status":"ok","temperature":11.07,"skycon":"CLOUDY","cloudrate":0.88,"aqi":10,"humidity":0.57,"pres":100711.34,"pm25":10,"precipitation":{"nearest":{"status":"ok","distance":10000.0,"intensity":0.0},"local":{"status":"ok","intensity":0.014,"datasource":"gfs"}},"wind":{"direction":2.05,"speed":9.61}}}
{"status":"ok","lang":"zh_CN","server_time":1521999909,"tzshift":28800,"location":[51.554009,-0.21522353],"unit":"metric","result":{"status":"ok","temperature":11.07,"skycon":"CLOUDY","cloudrate":0.88,"aqi":10.0,"humidity":0.57,"pres":100711.34,"pm25":10.0,"precipitation":{"nearest":{"status":"ok","distance":10000.0,"intensity":0.0},"local":{"status":"ok","intensity":0.014,"datasource":"gfs"}},"wind":{"direction":2.05,"speed":9.61}}}
{"status":"ok","lang":"zh_CN","server_time":1522002307,"tzshift":28800,"location":[51.554009,-0.21522353],"unit":"metric","result":{"status":"ok","temperature":10.35,"skycon":"CLOUDY","cloudrate":0.88,"aqi":10,"humidity":0.61,"pres":100753.16,"pm25":10,"precipitation":{"nearest":{"status":"ok","distance":4.51,"intensity":0.1875},"local":{"status":"ok","intensity":0.019,"datasource":"gfs"}},"wind":{"direction":356.09,"speed":9.02}}}
{"status":"ok","lang":"zh_CN","server_time":1522003506,"tzshift":28800,"location":[51.554009,-0.21522353],"unit":"metric","result":{"status":"ok","temperature":10.35,"skycon":"CLOUDY","cloudrate":0.88,"aqi":10.0,"humidity":0.61,"pres":100753.16,"pm25":10.0,"precipitation":{"nearest":{"status":"ok","distance":152.03,"intensity":0.1875},"local":{"status":"ok","intensity":0.019,"datasource":"gfs"}},"wind":{"direction":356.09,"speed":9.02}}}
{"status":"ok","lang":"zh_CN","server_time":1522005906,"tzshift":28800,"location":[51.554009,-0.21522353],"unit":"metric","result":{"status":"ok","temperature":10.74,"skycon":"CLOUDY","cloudrate":0.89,"aqi":10.0,"humidity":0.55,"pres":100942.48,"pm25":10.0,"precipitation":{"nearest":{"status":"ok","distance":186.15,"intensity":0.1875},"local":{"status":"ok","intensity":0.0119,"datasource":"gfs"}},"wind":{"direction":346.48,"speed":8.54}}}
{"status":"ok","lang":"zh_CN","server_time":1522007106,"tzshift":28800,"location":[51.554009,-0.21522353],"unit":"metric","result":{"status":"ok","temperature":9.61,"skycon":"CLOUDY","cloudrate":0.92,"aqi":10.0,"humidity":0.63,"pres":100806.48,"pm25":10.0,"precipitation":{"nearest":{"status":"ok","distance":7.28,"intensity":0.1875},"local":{"status":"ok","intensity":0.0,"datasource":"gfs"}},"wind":{"direction":347.36,"speed":7.98}}}
{"status":"ok","lang":"zh_CN","server_time":1522009505,"tzshift":28800,"location":[51.554009,-0.21522353],"unit":"metric","result":{"status":"ok","temperature":10.05,"skycon":"CLOUDY","cloudrate":0.92,"aqi":10.0,"humidity":0.58,"pres":101003.72,"pm25":10.0,"precipitation":{"nearest":{"status":"ok","distance":204.36,"intensity":0.1875},"local":{"status":"ok","intensity":0.0,"datasource":"gfs"}},"wind":{"direction":334.51,"speed":7.58}}}
{"status":"ok","lang":"zh_CN","server_time":1522010706,"tzshift":28800,"location":[51.554009,-0.21522353],"unit":"metric","result":{"status":"ok","temperature":8.87,"skycon":"CLOUDY","cloudrate":0.96,"aqi":10.0,"humidity":0.65,"pres":100866.3,"pm25":10.0,"precipitation":{"nearest":{"status":"ok","distance":161.65,"intensity":0.1875},"local":{"status":"ok","intensity":0.0,"datasource":"gfs"}},"wind":{"direction":336.97,"speed":7.11}}}
{"status":"ok","lang":"zh_CN","server_time":1522013107,"tzshift":28800,"location":[51.554009,-0.21522353],"unit":"metric","result":{"status":"ok","temperature":8.15,"skycon":"CLOUDY","cloudrate":0.94,"aqi":10,"humidity":0.66,"pres":100925.9,"pm25":10,"precipitation":{"nearest":{"status":"ok","distance":258.39,"intensity":0.1875},"local":{"status":"ok","intensity":0.0,"datasource":"gfs"}},"wind":{"direction":330.7,"speed":6.94}}}
{"status":"failed", "error":"'API quota is exhausted'"}
{"status":"failed", "error":"'API quota is exhausted'"}
{"status":"failed", "error":"'API quota is exhausted'"}
{"status":"ok","lang":"zh_CN","server_time":1522020308,"tzshift":28800,"location":[51.554009,-0.21522353],"unit":"metric","result":{"status":"ok","temperature":7.2,"skycon":"PARTLY_CLOUDY_DAY","cloudrate":0.78,"aqi":10.0,"humidity":0.7,"pres":101024.8,"pm25":10.0,"precipitation":{"nearest":{"status":"ok","distance":80.08,"intensity":0.1875},"local":{"status":"ok","intensity":0.0,"datasource":"gfs"}},"wind":{"direction":325.64,"speed":7.16}}}
{"status":"failed", "error":"'API quota is exhausted'"}
{"status":"ok","lang":"zh_CN","server_time":1522024090,"tzshift":28800,"location":[51.544009,-0.21522353],"unit":"metric","result":{"status":"ok","temperature":6.72,"skycon":"PARTLY_CLOUDY_DAY","cloudrate":0.61,"aqi":10.0,"humidity":0.69,"pres":101068.02,"pm25":10.0,"precipitation":{"nearest":{"status":"ok","distance":79.27,"intensity":0.25},"local":{"status":"ok","intensity":0.0,"datasource":"gfs"}},"wind":{"direction":333.07,"speed":8.16}}}
{"status":"failed", "error":"'API quota is exhausted'"}
{"status":"failed", "error":"'API quota is exhausted'"}
{"status":"failed", "error":"'API quota is exhausted'"}
{"status":"failed", "error":"'API quota is exhausted'"}
{"status":"ok","lang":"zh_CN","server_time":1522032313,"tzshift":28800,"location":[51.544009,-0.21522353],"unit":"metric","result":{"status":"ok","temperature":6.02,"skycon":"PARTLY_CLOUDY_DAY","cloudrate":0.31,"aqi":10.0,"humidity":0.68,"pres":101094.79,"pm25":10.0,"precipitation":{"nearest":{"status":"ok","distance":133.83,"intensity":0.1875},"local":{"status":"ok","intensity":0.0,"datasource":"gfs"}},"wind":{"direction":334.87,"speed":8.14}}}
{"status":"ok","lang":"zh_CN","server_time":1522034714,"tzshift":28800,"location":[51.544009,-0.21522353],"unit":"metric","result":{"status":"ok","temperature":6.87,"skycon":"PARTLY_CLOUDY_DAY","cloudrate":0.3,"aqi":10.0,"humidity":0.61,"pres":101292.8,"pm25":10.0,"precipitation":{"nearest":{"status":"ok","distance":879.39,"intensity":0.25},"local":{"status":"ok","intensity":0.0,"datasource":"gfs"}},"wind":{"direction":330.99,"speed":7.22}}}
{"status":"failed", "error":"'API quota is exhausted'"}
{"status":"failed", "error":"'API quota is exhausted'"}
{"status":"failed", "error":"'API quota is exhausted'"}
{"status":"failed", "error":"'API quota is exhausted'"}
{"status":"failed", "error":"'API quota is exhausted'"}
{"status":"failed", "error":"'API quota is exhausted'"}
{"status":"ok","lang":"zh_CN","server_time":1522046714,"tzshift":28800,"location":[51.544009,-0.21522353],"unit":"metric","result":{"status":"ok","temperature":4.45,"skycon":"PARTLY_CLOUDY_DAY","cloudrate":0.31,"aqi":10,"humidity":0.74,"pres":101220.65,"pm25":10,"precipitation":{"nearest":{"status":"ok","distance":10000.0,"intensity":0.0},"local":{"status":"ok","intensity":0.0,"datasource":"gfs"}},"wind":{"direction":327.42,"speed":7.64}}}
{"status":"failed", "error":"'API quota is exhausted'"}
{"status":"failed", "error":"'API quota is exhausted'"}
{"status":"failed", "error":"'API quota is exhausted'"}
{"status":"ok","lang":"zh_CN","server_time":1522053914,"tzshift":28800,"location":[51.544009,-0.21522353],"unit":"metric","result":{"status":"ok","temperature":6.13,"skycon":"CLEAR_DAY","cloudrate":0.08,"aqi":10.0,"humidity":0.66,"pres":101264.52,"pm25":10.0,"precipitation":{"nearest":{"status":"ok","distance":10000.0,"intensity":0.0},"local":{"status":"ok","intensity":0.0,"datasource":"gfs"}},"wind":{"direction":323.33,"speed":7.31}}}
{"status":"failed", "error":"'API quota is exhausted'"}
{"status":"failed", "error":"'API quota is exhausted'"}
{"status":"failed", "error":"'API quota is exhausted'"}
{"status":"failed", "error":"'API quota is exhausted'"}
{"status":"failed", "error":"'API quota is exhausted'"}
{"status":"ok","lang":"zh_CN","server_time":1522064716,"tzshift":28800,"location":[51.544009,-0.21522353],"unit":"metric","result":{"status":"ok","temperature":11.08,"skycon":"CLEAR_NIGHT","cloudrate":0.0,"aqi":10.0,"humidity":0.38,"pres":101491.33,"pm25":10.0,"precipitation":{"nearest":{"status":"ok","distance":10000.0,"intensity":0.0},"local":{"status":"ok","intensity":0.0,"datasource":"gfs"}},"wind":{"direction":293.83,"speed":5.46}}}
{"status":"failed", "error":"'API quota is exhausted'"}
{"status":"ok","lang":"zh_CN","server_time":1522068307,"tzshift":28800,"location":[51.554009,-0.21522353],"unit":"metric","result":{"status":"ok","temperature":11.37,"skycon":"CLEAR_NIGHT","cloudrate":0.0,"aqi":10.0,"humidity":0.41,"pres":101274.77,"pm25":10.0,"precipitation":{"local":{"status":"ok","intensity":0.0,"datasource":"gfs"}},"wind":{"direction":279.86,"speed":8.07}}}
{"status":"ok","lang":"zh_CN","server_time":1522068307,"tzshift":28800,"location":[51.554009,-0.21522353],"unit":"metric","result":{"status":"ok","temperature":11.37,"skycon":"CLEAR_NIGHT","cloudrate":0.0,"aqi":10.0,"humidity":0.41,"pres":101274.77,"pm25":10.0,"precipitation":{"local":{"status":"ok","intensity":0.0,"datasource":"gfs"}},"wind":{"direction":279.86,"speed":8.07}}}
{"status":"ok","lang":"zh_CN","server_time":1522070708,"tzshift":28800,"location":[51.554009,-0.21522353],"unit":"metric","result":{"status":"ok","temperature":12.01,"skycon":"CLEAR_NIGHT","cloudrate":0.05,"aqi":10.0,"humidity":0.39,"pres":101249.53,"pm25":10.0,"precipitation":{"nearest":{"status":"ok","distance":225.36,"intensity":0.25},"local":{"status":"ok","intensity":0.0,"datasource":"gfs"}},"wind":{"direction":272.48,"speed":9.36}}}
{"status":"ok","lang":"zh_CN","server_time":1522074309,"tzshift":28800,"location":[51.554009,-0.21522353],"unit":"metric","result":{"status":"ok","temperature":12.31,"skycon":"CLEAR_NIGHT","cloudrate":0.11,"aqi":10.0,"humidity":0.39,"pres":101212.61,"pm25":10.0,"precipitation":{"nearest":{"status":"ok","distance":255.06,"intensity":0.1875},"local":{"status":"ok","intensity":0.0,"datasource":"gfs"}},"wind":{"direction":267.35,"speed":10.35}}}
{"status":"ok","lang":"zh_CN","server_time":1522077907,"tzshift":28800,"location":[51.554009,-0.21522353],"unit":"metric","result":{"status":"ok","temperature":12.26,"skycon":"CLEAR_NIGHT","cloudrate":0.17,"aqi":10.0,"humidity":0.4,"pres":101170.08,"pm25":10.0,"precipitation":{"nearest":{"status":"ok","distance":154.38,"intensity":0.1875},"local":{"status":"ok","intensity":0.0,"datasource":"gfs"}},"wind":{"direction":262.75,"speed":10.62}}}
