{"status":"ok","lang":"zh_CN","server_time":1521995111,"tzshift":28800,"location":[51.554009,-0.03522353],"unit":"metric","result":{"status":"ok","temperature":12.75,"skycon":"PARTLY_CLOUDY_NIGHT","cloudrate":0.77,"aqi":10.0,"humidity":0.4,"pres":100957.72,"pm25":10.0,"precipitation":{"nearest":{"status":"ok","distance":172.48,"intensity":0.25},"local":{"status":"ok","intensity":0.0,"datasource":"gfs"}},"wind":{"direction":11.99,"speed":9.01}}}
{"status":"ok","lang":"zh_CN","server_time":1521996312,"tzshift":28800,"location":[51.554009,-0.03522353],"unit":"metric","result":{"status":"ok","temperature":12.75,"skycon":"PARTLY_CLOUDY_NIGHT","cloudrate":0.77,"aqi":10.0,"humidity":0.4,"pres":100957.72,"pm25":10.0,"precipitation":{"nearest":{"status":"ok","distance":251.89,"intensity":0.25},"local":{"status":"ok","intensity":0.0,"datasource":"gfs"}},"wind":{"direction":11.99,"speed":9.01}}}
{"status":"ok","lang":"zh_CN","server_time":1521998712,"tzshift":28800,"location":[51.554009,-0.03522353],"unit":"metric","result":{"status":"ok","temperature":10.9,"skycon":"CLOUDY","cloudrate":0.81,"aqi":10,"humidity":0.58,"pres":100746.17,"pm25":10,"precipitation":{"nearest":{"status":"ok","distance":10000.0,"intensity":0.0},"local":{"status":"ok","intensity":0.0,"datasource":"gfs"}},"wind":{"direction":5.76,"speed":9.12}}}
{"status":"ok","lang":"zh_CN","server_time":1521999914,"tzshift":28800,"location":[51.554009,-0.03522353],"unit":"metric","result":{"status":"ok","temperature":10.9,"skycon":"CLOUDY","cloudrate":0.81,"aqi":10,"humidity":0.58,"pres":100746.17,"pm25":10,"precipitation":{"nearest":{"status":"ok","distance":10000.0,"intensity":0.0},"local":{"status":"ok","intensity":0.0,"datasource":"gfs"}},"wind":{"direction":5.76,"speed":9.12}}}
{"status":"ok","lang":"zh_CN","server_time":1522002312,"tzshift":28800,"location":[51.554009,-0.03522353],"unit":"metric","result":{"status":"ok","temperature":10.22,"skycon":"CLOUDY","cloudrate":0.85,"aqi":10.0,"humidity":0.61,"pres":100786.53,"pm25":10.0,"precipitation":{"nearest":{"status":"ok","distance":265.7,"intensity":0.25},"local":{"status":"ok","intensity":0.0003,"datasource":"gfs"}},"wind":{"direction":0.12,"speed":8.35}}}
{"status":"ok","lang":"zh_CN","server_time":1522003510,"tzshift":28800,"location":[51.554009,-0.03522353],"unit":"metric","result":{"status":"ok","temperature":10.22,"skycon":"CLOUDY","cloudrate":0.85,"aqi":10.0,"humidity":0.61,"pres":100786.53,"pm25":10.0,"precipitation":{"nearest":{"status":"ok","distance":10000.0,"intensity":0.0},"local":{"status":"ok","intensity":0.0003,"datasource":"gfs"}},"wind":{"direction":0.12,"speed":8.35}}}
{"status":"ok","lang":"zh_CN","server_time":1522005910,"tzshift":28800,"location":[51.554009,-0.03522353],"unit":"metric","result":{"status":"ok","temperature":9.54,"skycon":"CLOUDY","cloudrate":0.92,"aqi":10.0,"humidity":0.64,"pres":100839.34,"pm25":10.0,"precipitation":{"nearest":{"status":"ok","distance":10000.0,"intensity":0.0},"local":{"status":"ok","intensity":0.0,"datasource":"gfs"}},"wind":{"direction":354.09,"speed":7.04}}}
{"status":"ok","lang":"zh_CN","server_time":1522007109,"tzshift":28800,"location":[51.554009,-0.03522353],"unit":"metric","result":{"status":"ok","temperature":11.87,"skycon":"CLOUDY","cloudrate":0.94,"aqi":10.0,"humidity":0.48,"pres":101090.15,"pm25":10.0,"precipitation":{"nearest":{"status":"ok","distance":90.71,"intensity":0.25},"local":{"status":"ok","intensity":0.0131,"datasource":"gfs"}},"wind":{"direction":350.43,"speed":8.83}}}
{"status":"ok","lang":"zh_CN","server_time":1522009509,"tzshift":28800,"location":[51.554009,-0.03522353],"unit":"metric","result":{"status":"ok","temperature":8.88,"skycon":"CLOUDY","cloudrate":0.97,"aqi":10.0,"humidity":0.66,"pres":100899.16,"pm25":10.0,"precipitation":{"nearest":{"status":"ok","distance":215.05,"intensity":0.1875},"local":{"status":"ok","intensity":0.0,"datasource":"gfs"}},"wind":{"direction":346.62,"speed":5.8}}}
{"status":"ok","lang":"zh_CN","server_time":1522010710,"tzshift":28800,"location":[51.554009,-0.03522353],"unit":"metric","result":{"status":"ok","temperature":11.34,"skycon":"CLOUDY","cloudrate":1.0,"aqi":10,"humidity":0.51,"pres":101150.56,"pm25":10,"precipitation":{"nearest":{"status":"ok","distance":10000.0,"intensity":0.0},"local":{"status":"ok","intensity":0.0,"datasource":"gfs"}},"wind":{"direction":337.7,"speed":7.5}}}
{"status":"ok","lang":"zh_CN","server_time":1522013111,"tzshift":28800,"location":[51.554009,-0.03522353],"unit":"metric","result":{"status":"ok","temperature":8.2,"skycon":"CLOUDY","cloudrate":0.97,"aqi":10.0,"humidity":0.67,"pres":100958.61,"pm25":10.0,"precipitation":{"nearest":{"status":"ok","distance":10000.0,"intensity":0.0},"local":{"status":"ok","intensity":0.0,"datasource":"gfs"}},"wind":{"direction":339.43,"speed":5.43}}}
{"status":"ok","lang":"zh_CN","server_time":1522014312,"tzshift":28800,"location":[51.554009,-0.03522353],"unit":"metric","result":{"status":"ok","temperature":8.77,"skycon":"RAIN","cloudrate":1.0,"aqi":10.0,"humidity":0.67,"pres":100976.08,"pm25":10.0,"precipitation":{"nearest":{"status":"ok","distance":10000.0,"intensity":0.0},"local":{"status":"ok","intensity":0.0447,"datasource":"gfs"}},"wind":{"direction":321.37,"speed":4.25}}}
{"status":"failed", "error":"'API quota is exhausted'"}
{"status":"ok","lang":"zh_CN","server_time":1522017912,"tzshift":28800,"location":[51.554009,-0.01522353],"unit":"metric","result":{"status":"ok","temperature":8.19,"skycon":"RAIN","cloudrate":0.95,"aqi":10.0,"humidity":0.69,"pres":101044.65,"pm25":10.0,"precipitation":{"nearest":{"status":"ok","distance":157.15,"intensity":0.1875},"local":{"status":"ok","intensity":0.0489,"datasource":"gfs"}},"wind":{"direction":319.59,"speed":5.03}}}
{"status":"ok","lang":"zh_CN","server_time":1522020311,"tzshift":28800,"location":[51.554009,-0.03522353],"unit":"metric","result":{"status":"ok","temperature":7.39,"skycon":"RAIN","cloudrate":0.83,"aqi":10,"humidity":0.7,"pres":101069.95,"pm25":10,"precipitation":{"nearest":{"status":"ok","distance":226.25,"intensity":0.1875},"local":{"status":"ok","intensity":0.0349,"datasource":"gfs"}},"wind":{"direction":324.4,"speed":6.73}}}
{"status":"failed", "error":"'API quota is exhausted'"}
{"status":"failed", "error":"'API quota is exhausted'"}
{"status":"failed", "error":"'API quota is exhausted'"}
{"status":"failed", "error":"'API quota is exhausted'"}
{"status":"failed", "error":"'API quota is exhausted'"}
{"status":"failed", "error":"'API quota is exhausted'"}
{"status":"failed", "error":"'API quota is exhausted'"}
{"status":"failed", "error":"'API quota is exhausted'"}
{"status":"failed", "error":"'API quota is exhausted'"}
{"status":"failed", "error":"'API quota is exhausted'"}
{"status":"failed", "error":"'API quota is exhausted'"}
{"status":"failed", "error":"'API quota is exhausted'"}
{"status":"failed", "error":"'API quota is exhausted'"}
{"status":"failed", "error":"'API quota is exhausted'"}
{"status":"failed", "error":"'API quota is exhausted'"}
{"status":"failed", "error":"'API quota is exhausted'"}
{"status":"failed", "error":"'API quota is exhausted'"}
{"status":"failed", "error":"'API quota is exhausted'"}
{"status":"failed", "error":"'API quota is exhausted'"}
{"status":"failed", "error":"'API quota is exhausted'"}
{"status":"ok","lang":"zh_CN","server_time":1522057518,"tzshift":28800,"location":[51.544009,-0.01522353],"unit":"metric","result":{"status":"ok","temperature":8.76,"skycon":"CLEAR_DAY","cloudrate":0.0,"aqi":10.0,"humidity":0.47,"pres":101690.64,"pm25":10.0,"precipitation":{"nearest":{"status":"ok","distance":100.8,"intensity":0.3125},"local":{"status":"ok","intensity":0.0,"datasource":"gfs"}},"wind":{"direction":329.88,"speed":4.95}}}
{"status":"failed", "error":"'API quota is exhausted'"}
{"status":"failed", "error":"'API quota is exhausted'"}
{"status":"failed", "error":"'API quota is exhausted'"}
{"status":"failed", "error":"'API quota is exhausted'"}
{"status":"failed", "error":"'API quota is exhausted'"}
{"status":"ok","lang":"zh_CN","server_time":1522068311,"tzshift":28800,"location":[51.554009,-0.03522353],"unit":"metric","result":{"status":"ok","temperature":11.43,"skycon":"CLEAR_NIGHT","cloudrate":0.0,"aqi":10.0,"humidity":0.41,"pres":101311.03,"pm25":10.0,"precipitation":{"local":{"status":"ok","intensity":0.0,"datasource":"gfs"}},"wind":{"direction":285.44,"speed":8.18}}}
{"status":"ok","lang":"zh_CN","server_time":1522068311,"tzshift":28800,"location":[51.554009,-0.03522353],"unit":"metric","result":{"status":"ok","temperature":11.43,"skycon":"CLEAR_NIGHT","cloudrate":0.0,"aqi":10.0,"humidity":0.41,"pres":101311.03,"pm25":10.0,"precipitation":{"local":{"status":"ok","intensity":0.0,"datasource":"gfs"}},"wind":{"direction":285.44,"speed":8.18}}}
{"status":"ok","lang":"zh_CN","server_time":1522070713,"tzshift":28800,"location":[51.554009,-0.03522353],"unit":"metric","result":{"status":"ok","temperature":12.04,"skycon":"CLEAR_NIGHT","cloudrate":0.07,"aqi":10.0,"humidity":0.39,"pres":101286.28,"pm25":10.0,"precipitation":{"nearest":{"status":"ok","distance":99.46,"intensity":0.1875},"local":{"status":"ok","intensity":0.0,"datasource":"gfs"}},"wind":{"direction":277.45,"speed":9.17}}}
{"status":"ok","lang":"zh_CN","server_time":1522074313,"tzshift":28800,"location":[51.554009,-0.03522353],"unit":"metric","result":{"status":"ok","temperature":12.32,"skycon":"CLEAR_NIGHT","cloudrate":0.15,"aqi":10.0,"humidity":0.38,"pres":101250.02,"pm25":10.0,"precipitation":{"local":{"status":"ok","intensity":0.0,"datasource":"gfs"}},"wind":{"direction":271.6,"speed":9.93}}}
{"status":"ok","lang":"zh_CN","server_time":1522077911,"tzshift":28800,"location":[51.554009,-0.03522353],"unit":"metric","result":{"status":"ok","temperature":12.26,"skycon":"PARTLY_CLOUDY_NIGHT","cloudrate":0.23,"aqi":10,"humidity":0.4,"pres":101208.34,"pm25":10,"precipitation":{"nearest":{"status":"ok","distance":0.35,"intensity":0.25},"local":{"status":"ok","intensity":0.0,"datasource":"gfs"}},"wind":{"direction":266.84,"speed":10.09}}}
