{"status":"ok","lang":"zh_CN","server_time":1521995109,"tzshift":28800,"location":[51.554009,-0.11522353],"unit":"metric","result":{"status":"ok","temperature":12.62,"skycon":"PARTLY_CLOUDY_NIGHT","cloudrate":0.78,"aqi":10.0,"humidity":0.42,"pres":100931.93,"pm25":10.0,"precipitation":{"nearest":{"status":"ok","distance":229.34,"intensity":0.1875},"local":{"status":"ok","intensity":0.0,"datasource":"gfs"}},"wind":{"direction":9.81,"speed":9.08}}}
{"status":"ok","lang":"zh_CN","server_time":1521996310,"tzshift":28800,"location":[51.554009,-0.11522353],"unit":"metric","result":{"status":"ok","temperature":11.62,"skycon":"CLOUDY","cloudrate":0.82,"aqi":10.0,"humidity":0.54,"pres":100711.72,"pm25":10.0,"precipitation":{"nearest":{"status":"ok","distance":250.89,"intensity":0.1875},"local":{"status":"ok","intensity":0.0,"datasource":"gfs"}},"wind":{"direction":9.52,"speed":9.58}}}
{"status":"ok","lang":"zh_CN","server_time":1521998710,"tzshift":28800,"location":[51.554009,-0.11522353],"unit":"metric","result":{"status":"ok","temperature":11.02,"skycon":"CLOUDY","cloudrate":0.83,"aqi":10.0,"humidity":0.57,"pres":100742.87,"pm25":10.0,"precipitation":{"nearest":{"status":"ok","distance":170.8,"intensity":0.1875},"local":{"status":"ok","intensity":0.0,"datasource":"gfs"}},"wind":{"direction":4.43,"speed":9.31}}}
{"status":"ok","lang":"zh_CN","server_time":1521999911,"tzshift":28800,"location":[51.554009,-0.11522353],"unit":"metric","result":{"status":"ok","temperature":11.02,"skycon":"CLOUDY","cloudrate":0.83,"aqi":10.0,"humidity":0.57,"pres":100742.87,"pm25":10.0,"precipitation":{"nearest":{"status":"ok","distance":10000.0,"intensity":0.0},"local":{"status":"ok","intensity":0.0,"datasource":"gfs"}},"wind":{"direction":4.43,"speed":9.31}}}
{"status":"ok","lang":"zh_CN","server_time":1522002309,"tzshift":28800,"location":[51.554009,-0.11522353],"unit":"metric","result":{"status":"ok","temperature":10.32,"skycon":"CLOUDY","cloudrate":0.86,"aqi":10.0,"humidity":0.61,"pres":100783.85,"pm25":10.0,"precipitation":{"nearest":{"status":"ok","distance":10000.0,"intensity":0.0},"local":{"status":"ok","intensity":0.0064,"datasource":"gfs"}},"wind":{"direction":358.68,"speed":8.63}}}
{"status":"ok","lang":"zh_CN","server_time":1522003509,"tzshift":28800,"location":[51.554009,-0.11522353],"unit":"metric","result":{"status":"ok","temperature":10.32,"skycon":"CLOUDY","cloudrate":0.86,"aqi":10.0,"humidity":0.61,"pres":100783.85,"pm25":10.0,"precipitation":{"nearest":{"status":"ok","distance":10000.0,"intensity":0.0},"local":{"status":"ok","intensity":0.0064,"datasource":"gfs"}},"wind":{"direction":358.68,"speed":8.63}}}
{"status":"ok","lang":"zh_CN","server_time":1522005909,"tzshift":28800,"location":[51.554009,-0.11522353],"unit":"metric","result":{"status":"ok","temperature":9.63,"skycon":"CLOUDY","cloudrate":0.92,"aqi":10.0,"humidity":0.63,"pres":100836.88,"pm25":10.0,"precipitation":{"nearest":{"status":"ok","distance":289.45,"intensity":0.1875},"local":{"status":"ok","intensity":0.0,"datasource":"gfs"}},"wind":{"direction":351.52,"speed":7.4}}}
{"status":"ok","lang":"zh_CN","server_time":1522007108,"tzshift":28800,"location":[51.554009,-0.11522353],"unit":"metric","result":{"status":"ok","temperature":9.63,"skycon":"CLOUDY","cloudrate":0.92,"aqi":10.0,"humidity":0.63,"pres":100836.88,"pm25":10.0,"precipitation":{"nearest":{"status":"ok","distance":24.96,"intensity":0.1875},"local":{"status":"ok","intensity":0.0,"datasource":"gfs"}},"wind":{"direction":351.52,"speed":7.4}}}
{"status":"ok","lang":"zh_CN","server_time":1522009507,"tzshift":28800,"location":[51.554009,-0.11522353],"unit":"metric","result":{"status":"ok","temperature":8.94,"skycon":"CLOUDY","cloudrate":0.96,"aqi":10.0,"humidity":0.65,"pres":100896.72,"pm25":10.0,"precipitation":{"nearest":{"status":"ok","distance":75.34,"intensity":0.1875},"local":{"status":"ok","intensity":0.0,"datasource":"gfs"}},"wind":{"direction":342.62,"speed":6.27}}}
{"status":"ok","lang":"zh_CN","server_time":1522010708,"tzshift":28800,"location":[51.554009,-0.11522353],"unit":"metric","result":{"status":"ok","temperature":8.94,"skycon":"CLOUDY","cloudrate":0.96,"aqi":10.0,"humidity":0.65,"pres":100896.72,"pm25":10.0,"precipitation":{"nearest":{"status":"ok","distance":10000.0,"intensity":0.0},"local":{"status":"ok","intensity":0.0,"datasource":"gfs"}},"wind":{"direction":342.62,"speed":6.27}}}
{"status":"ok","lang":"zh_CN","server_time":1522013109,"tzshift":28800,"location":[51.554009,-0.11522353],"unit":"metric","result":{"status":"ok","temperature":8.25,"skycon":"CLOUDY","cloudrate":0.95,"aqi":10.0,"humidity":0.67,"pres":100956.25,"pm25":10.0,"precipitation":{"nearest":{"status":"ok","distance":10000.0,"intensity":0.0},"local":{"status":"ok","intensity":0.0,"datasource":"gfs"}},"wind":{"direction":335.64,"speed":5.96}}}
{"status":"ok","lang":"zh_CN","server_time":1522014316,"tzshift":28800,"location":[51.544009,-0.11522353],"unit":"metric","result":{"status":"ok","temperature":8.87,"skycon":"RAIN","cloudrate":1.0,"aqi":10.0,"humidity":0.67,"pres":100993.23,"pm25":10.0,"precipitation":{"nearest":{"status":"ok","distance":10000.0,"intensity":0.0},"local":{"status":"ok","intensity":0.0404,"datasource":"gfs"}},"wind":{"direction":317.18,"speed":4.69}}}
{"status":"ok","lang":"zh_CN","server_time":1522016714,"tzshift":28800,"location":[51.544009,-0.11522353],"unit":"metric","result":{"status":"ok","temperature":10.19,"skycon":"CLOUDY","cloudrate":0.99,"aqi":10.0,"humidity":0.57,"pres":101302.41,"pm25":10.0,"precipitation":{"nearest":{"status":"ok","distance":234.62,"intensity":0.1875},"local":{"status":"ok","intensity":0.0073,"datasource":"gfs"}},"wind":{"direction":315.79,"speed":5.67}}}
{"status":"ok","lang":"zh_CN","server_time":1522017921,"tzshift":28800,"location":[51.534009,-0.11522353],"unit":"metric","result":{"status":"ok","temperature":10.37,"skycon":"CLOUDY","cloudrate":0.99,"aqi":10.0,"humidity":0.56,"pres":101355.03,"pm25":10.0,"precipitation":{"nearest":{"status":"ok","distance":209.56,"intensity":0.1875},"local":{"status":"ok","intensity":0.007,"datasource":"gfs"}},"wind":{"direction":315.86,"speed":5.53}}}
{"status":"failed", "error":"'API quota is exhausted'"}
{"status":"failed", "error":"'API quota is exhausted'"}
{"status":"failed", "error":"'API quota is exhausted'"}
{"status":"failed", "error":"'API quota is exhausted'"}
{"status":"ok","lang":"zh_CN","server_time":1522027514,"tzshift":28800,"location":[51.544009,-0.11522353],"unit":"metric","result":{"status":"ok","temperature":6.4,"skycon":"PARTLY_CLOUDY_DAY","cloudrate":0.47,"aqi":10.0,"humidity":0.69,"pres":101103.8,"pm25":10.0,"precipitation":{"nearest":{"status":"ok","distance":70.79,"intensity":0.1875},"local":{"status":"ok","intensity":0.0,"datasource":"gfs"}},"wind":{"direction":333.68,"speed":8.5}}}
{"status":"failed", "error":"'API quota is exhausted'"}
{"status":"failed", "error":"'API quota is exhausted'"}
{"status":"failed", "error":"'API quota is exhausted'"}
{"status":"failed", "error":"'API quota is exhausted'"}
{"status":"failed", "error":"'API quota is exhausted'"}
{"status":"failed", "error":"'API quota is exhausted'"}
{"status":"failed", "error":"'API quota is exhausted'"}
{"status":"failed", "error":"'API quota is exhausted'"}
{"status":"failed", "error":"'API quota is exhausted'"}
{"status":"failed", "error":"'API quota is exhausted'"}
{"status":"failed", "error":"'API quota is exhausted'"}
{"status":"failed", "error":"'API quota is exhausted'"}
{"status":"failed", "error":"'API quota is exhausted'"}
{"status":"failed", "error":"'API quota is exhausted'"}
{"status":"failed", "error":"'API quota is exhausted'"}
{"status":"failed", "error":"'API quota is exhausted'"}
{"status":"failed", "error":"'API quota is exhausted'"}
{"status":"failed", "error":"'API quota is exhausted'"}
{"status":"failed", "error":"'API quota is exhausted'"}
{"status":"failed", "error":"'API quota is exhausted'"}
{"status":"failed", "error":"'API quota is exhausted'"}
{"status":"failed", "error":"'API quota is exhausted'"}
{"status":"ok","lang":"zh_CN","server_time":1522068309,"tzshift":28800,"location":[51.554009,-0.11522353],"unit":"metric","result":{"status":"ok","temperature":11.44,"skycon":"CLEAR_NIGHT","cloudrate":0.0,"aqi":10.0,"humidity":0.41,"pres":101307.77,"pm25":10.0,"precipitation":{"nearest":{"status":"ok","distance":10000.0,"intensity":0.0},"local":{"status":"ok","intensity":0.0,"datasource":"gfs"}},"wind":{"direction":283.52,"speed":8.05}}}
{"status":"ok","lang":"zh_CN","server_time":1522068309,"tzshift":28800,"location":[51.554009,-0.11522353],"unit":"metric","result":{"status":"ok","temperature":11.44,"skycon":"CLEAR_NIGHT","cloudrate":0.0,"aqi":10.0,"humidity":0.41,"pres":101307.77,"pm25":10.0,"precipitation":{"nearest":{"status":"ok","distance":10000.0,"intensity":0.0},"local":{"status":"ok","intensity":0.0,"datasource":"gfs"}},"wind":{"direction":283.52,"speed":8.05}}}
{"status":"ok","lang":"zh_CN","server_time":1522070710,"tzshift":28800,"location":[51.554009,-0.11522353],"unit":"metric","result":{"status":"ok","temperature":12.06,"skycon":"CLEAR_NIGHT","cloudrate":0.06,"aqi":10.0,"humidity":0.38,"pres":101282.79,"pm25":10.0,"precipitation":{"local":{"status":"ok","intensity":0.0,"datasource":"gfs"}},"wind":{"direction":275.62,"speed":9.16}}}
{"status":"ok","lang":"zh_CN","server_time":1522074311,"tzshift":28800,"location":[51.554009,-0.11522353],"unit":"metric","result":{"status":"ok","temperature":12.35,"skycon":"CLEAR_NIGHT","cloudrate":0.13,"aqi":10.0,"humidity":0.38,"pres":101246.22,"pm25":10.0,"precipitation":{"nearest":{"status":"ok","distance":239.41,"intensity":0.1875},"local":{"status":"ok","intensity":0.0,"datasource":"gfs"}},"wind":{"direction":269.94,"speed":10.01}}}
{"status":"ok","lang":"zh_CN","server_time":1522077909,"tzshift":28800,"location":[51.554009,-0.11522353],"unit":"metric","result":{"status":"ok","temperature":12.29,"skycon":"CLEAR_NIGHT","cloudrate":0.2,"aqi":10.0,"humidity":0.4,"pres":101204.17,"pm25":10.0,"precipitation":{"nearest":{"status":"ok","distance":234.92,"intensity":0.1875},"local":{"status":"ok","intensity":0.0,"datasource":"gfs"}},"wind":{"direction":265.12,"speed":10.22}}}
