{"status":"ok","lang":"zh_CN","server_time":1521995125,"tzshift":28800,"location":[51.524009,-0.17522353],"unit":"metric","result":{"status":"ok","temperature":11.83,"skycon":"CLOUDY","cloudrate":0.82,"aqi":10.0,"humidity":0.53,"pres":100758.58,"pm25":10.0,"precipitation":{"nearest":{"status":"ok","distance":196.59,"intensity":0.1875},"local":{"status":"ok","intensity":0.0,"datasource":"gfs"}},"wind":{"direction":9.08,"speed":9.57}}}
{"status":"ok","lang":"zh_CN","server_time":1521996325,"tzshift":28800,"location":[51.524009,-0.17522353],"unit":"metric","result":{"status":"ok","temperature":11.83,"skycon":"CLOUDY","cloudrate":0.82,"aqi":10.0,"humidity":0.53,"pres":100758.58,"pm25":10.0,"precipitation":{"nearest":{"status":"ok","distance":144.76,"intensity":0.1875},"local":{"status":"ok","intensity":0.0,"datasource":"gfs"}},"wind":{"direction":9.08,"speed":9.57}}}
{"status":"ok","lang":"zh_CN","server_time":1521998727,"tzshift":28800,"location":[51.524009,-0.17522353],"unit":"metric","result":{"status":"ok","temperature":11.26,"skycon":"CLOUDY","cloudrate":0.84,"aqi":10.0,"humidity":0.55,"pres":100790.62,"pm25":10.0,"precipitation":{"nearest":{"status":"ok","distance":10000.0,"intensity":0.0},"local":{"status":"ok","intensity":0.0,"datasource":"gfs"}},"wind":{"direction":4.13,"speed":9.5}}}
{"status":"ok","lang":"zh_CN","server_time":1521999927,"tzshift":28800,"location":[51.524009,-0.17522353],"unit":"metric","result":{"status":"ok","temperature":12.47,"skycon":"PARTLY_CLOUDY_NIGHT","cloudrate":0.8,"aqi":10.0,"humidity":0.44,"pres":101055.17,"pm25":10.0,"precipitation":{"nearest":{"status":"ok","distance":110.44,"intensity":0.1875},"local":{"status":"ok","intensity":0.0132,"datasource":"gfs"}},"wind":{"direction":4.04,"speed":9.82}}}
{"status":"ok","lang":"zh_CN","server_time":1522002327,"tzshift":28800,"location":[51.524009,-0.17522353],"unit":"metric","result":{"status":"ok","temperature":10.6,"skycon":"CLOUDY","cloudrate":0.86,"aqi":10.0,"humidity":0.59,"pres":100832.24,"pm25":10.0,"precipitation":{"nearest":{"status":"ok","distance":265.7,"intensity":0.25},"local":{"status":"ok","intensity":0.0036,"datasource":"gfs"}},"wind":{"direction":358.4,"speed":8.92}}}
{"status":"ok","lang":"zh_CN","server_time":1522003523,"tzshift":28800,"location":[51.524009,-0.17522353],"unit":"metric","result":{"status":"ok","temperature":10.6,"skycon":"CLOUDY","cloudrate":0.86,"aqi":10,"humidity":0.59,"pres":100832.24,"pm25":10,"precipitation":{"nearest":{"status":"ok","distance":10000.0,"intensity":0.0},"local":{"status":"ok","intensity":0.0036,"datasource":"gfs"}},"wind":{"direction":358.4,"speed":8.92}}}
{"status":"ok","lang":"zh_CN","server_time":1522005924,"tzshift":28800,"location":[51.524009,-0.17522353],"unit":"metric","result":{"status":"ok","temperature":9.93,"skycon":"CLOUDY","cloudrate":0.91,"aqi":10.0,"humidity":0.61,"pres":100885.45,"pm25":10.0,"precipitation":{"nearest":{"status":"ok","distance":10000.0,"intensity":0.0},"local":{"status":"ok","intensity":0.0,"datasource":"gfs"}},"wind":{"direction":350.75,"speed":7.69}}}
{"status":"ok","lang":"zh_CN","server_time":1522007122,"tzshift":28800,"location":[51.524009,-0.17522353],"unit":"metric","result":{"status":"ok","temperature":9.93,"skycon":"CLOUDY","cloudrate":0.91,"aqi":10.0,"humidity":0.61,"pres":100885.45,"pm25":10.0,"precipitation":{"nearest":{"status":"ok","distance":22.4,"intensity":0.1875},"local":{"status":"ok","intensity":0.0,"datasource":"gfs"}},"wind":{"direction":350.75,"speed":7.69}}}
{"status":"ok","lang":"zh_CN","server_time":1522009522,"tzshift":28800,"location":[51.524009,-0.17522353],"unit":"metric","result":{"status":"ok","temperature":9.24,"skycon":"CLOUDY","cloudrate":0.95,"aqi":10.0,"humidity":0.63,"pres":100945.25,"pm25":10.0,"precipitation":{"nearest":{"status":"ok","distance":183.3,"intensity":0.1875},"local":{"status":"ok","intensity":0.0,"datasource":"gfs"}},"wind":{"direction":340.97,"speed":6.5}}}
{"status":"ok","lang":"zh_CN","server_time":1522010722,"tzshift":28800,"location":[51.524009,-0.17522353],"unit":"metric","result":{"status":"ok","temperature":11.09,"skycon":"CLOUDY","cloudrate":0.92,"aqi":10.0,"humidity":0.52,"pres":101214.99,"pm25":10.0,"precipitation":{"nearest":{"status":"ok","distance":120.82,"intensity":0.1875},"local":{"status":"ok","intensity":0.0,"datasource":"gfs"}},"wind":{"direction":337.11,"speed":7.29}}}
{"status":"failed", "error":"'API quota is exhausted'"}
{"status":"ok","lang":"zh_CN","server_time":1522014325,"tzshift":28800,"location":[51.524009,-0.17522353],"unit":"metric","result":{"status":"ok","temperature":8.99,"skycon":"RAIN","cloudrate":1.0,"aqi":10.0,"humidity":0.66,"pres":101021.97,"pm25":10.0,"precipitation":{"nearest":{"status":"ok","distance":10000.0,"intensity":0.0},"local":{"status":"ok","intensity":0.0368,"datasource":"gfs"}},"wind":{"direction":314.54,"speed":4.97}}}
{"status":"ok","lang":"zh_CN","server_time":1522016724,"tzshift":28800,"location":[51.524009,-0.17522353],"unit":"metric","result":{"status":"ok","temperature":8.28,"skycon":"CLOUDY","cloudrate":0.93,"aqi":10.0,"humidity":0.67,"pres":101067.99,"pm25":10.0,"precipitation":{"nearest":{"status":"ok","distance":10000.0,"intensity":0.0},"local":{"status":"ok","intensity":0.0299,"datasource":"gfs"}},"wind":{"direction":315.4,"speed":5.64}}}
{"status":"failed", "error":"'API quota is exhausted'"}
{"status":"ok","lang":"zh_CN","server_time":1522020324,"tzshift":28800,"location":[51.524009,-0.17522353],"unit":"metric","result":{"status":"ok","temperature":9.25,"skycon":"CLOUDY","cloudrate":0.81,"aqi":10.0,"humidity":0.58,"pres":101372.86,"pm25":10.0,"precipitation":{"nearest":{"status":"ok","distance":104.33,"intensity":0.1875},"local":{"status":"ok","intensity":0.026,"datasource":"gfs"}},"wind":{"direction":328.05,"speed":6.48}}}
{"status":"ok","lang":"zh_CN","server_time":1522021525,"tzshift":28800,"location":[51.524009,-0.17522353],"unit":"metric","result":{"status":"ok","temperature":7.44,"skycon":"PARTLY_CLOUDY_DAY","cloudrate":0.8,"aqi":10.0,"humidity":0.69,"pres":101077.86,"pm25":10.0,"precipitation":{"nearest":{"status":"ok","distance":10000.0,"intensity":0.0},"local":{"status":"ok","intensity":0.0103,"datasource":"gfs"}},"wind":{"direction":324.76,"speed":6.94}}}
{"status":"failed", "error":"'API quota is exhausted'"}
{"status":"failed", "error":"'API quota is exhausted'"}
{"status":"failed", "error":"'API quota is exhausted'"}
{"status":"failed", "error":"'API quota is exhausted'"}
{"status":"failed", "error":"'API quota is exhausted'"}
{"status":"failed", "error":"'API quota is exhausted'"}
{"status":"failed", "error":"'API quota is exhausted'"}
{"status":"ok","lang":"zh_CN","server_time":1522035926,"tzshift":28800,"location":[51.524009,-0.17522353],"unit":"metric","result":{"status":"ok","temperature":6.49,"skycon":"PARTLY_CLOUDY_DAY","cloudrate":0.49,"aqi":10.0,"humidity":0.67,"pres":101194.13,"pm25":10.0,"precipitation":{"nearest":{"status":"ok","distance":47.9,"intensity":0.1875},"local":{"status":"ok","intensity":0.0,"datasource":"gfs"}},"wind":{"direction":339.87,"speed":8.37}}}
{"status":"ok","lang":"zh_CN","server_time":1522038325,"tzshift":28800,"location":[51.524009,-0.17522353],"unit":"metric","result":{"status":"ok","temperature":5.8,"skycon":"PARTLY_CLOUDY_DAY","cloudrate":0.44,"aqi":10.0,"humidity":0.69,"pres":101221.22,"pm25":10.0,"precipitation":{"nearest":{"status":"ok","distance":10000.0,"intensity":0.0},"local":{"status":"ok","intensity":0.0,"datasource":"gfs"}},"wind":{"direction":337.04,"speed":8.0}}}
{"status":"failed", "error":"'API quota is exhausted'"}
{"status":"failed", "error":"'API quota is exhausted'"}
{"status":"failed", "error":"'API quota is exhausted'"}
{"status":"failed", "error":"'API quota is exhausted'"}
{"status":"failed", "error":"'API quota is exhausted'"}
{"status":"failed", "error":"'API quota is exhausted'"}
{"status":"failed", "error":"'API quota is exhausted'"}
{"status":"failed", "error":"'API quota is exhausted'"}
{"status":"failed", "error":"'API quota is exhausted'"}
{"status":"failed", "error":"'API quota is exhausted'"}
{"status":"failed", "error":"'API quota is exhausted'"}
{"status":"failed", "error":"'API quota is exhausted'"}
{"status":"failed", "error":"'API quota is exhausted'"}
{"status":"ok","lang":"zh_CN","server_time":1522063523,"tzshift":28800,"location":[51.524009,-0.17522353],"unit":"metric","result":{"status":"ok","temperature":10.6,"skycon":"CLEAR_NIGHT","cloudrate":0.0,"aqi":10.0,"humidity":0.44,"pres":101366.89,"pm25":10.0,"precipitation":{"nearest":{"status":"ok","distance":270.86,"intensity":0.1875},"local":{"status":"ok","intensity":0.0,"datasource":"gfs"}},"wind":{"direction":294.84,"speed":6.68}}}
{"status":"failed", "error":"'API quota is exhausted'"}
{"status":"failed", "error":"'API quota is exhausted'"}
{"status":"ok","lang":"zh_CN","server_time":1522068325,"tzshift":28800,"location":[51.524009,-0.17522353],"unit":"metric","result":{"status":"ok","temperature":11.56,"skycon":"CLEAR_NIGHT","cloudrate":0.0,"aqi":10.0,"humidity":0.39,"pres":101357.89,"pm25":10.0,"precipitation":{"nearest":{"status":"ok","distance":190.39,"intensity":0.25},"local":{"status":"ok","intensity":0.0,"datasource":"gfs"}},"wind":{"direction":283.27,"speed":7.68}}}
{"status":"ok","lang":"zh_CN","server_time":1522068325,"tzshift":28800,"location":[51.524009,-0.17522353],"unit":"metric","result":{"status":"ok","temperature":11.56,"skycon":"CLEAR_NIGHT","cloudrate":0.0,"aqi":10.0,"humidity":0.39,"pres":101357.89,"pm25":10.0,"precipitation":{"nearest":{"status":"ok","distance":190.39,"intensity":0.25},"local":{"status":"ok","intensity":0.0,"datasource":"gfs"}},"wind":{"direction":283.27,"speed":7.68}}}
{"status":"ok","lang":"zh_CN","server_time":1522070727,"tzshift":28800,"location":[51.524009,-0.17522353],"unit":"metric","result":{"status":"ok","temperature":12.19,"skycon":"CLEAR_NIGHT","cloudrate":0.05,"aqi":10.0,"humidity":0.37,"pres":101332.72,"pm25":10.0,"precipitation":{"local":{"status":"ok","intensity":0.0,"datasource":"gfs"}},"wind":{"direction":275.08,"speed":8.85}}}
{"status":"ok","lang":"zh_CN","server_time":1522074328,"tzshift":28800,"location":[51.524009,-0.17522353],"unit":"metric","result":{"status":"ok","temperature":12.48,"skycon":"CLEAR_NIGHT","cloudrate":0.12,"aqi":10,"humidity":0.37,"pres":101295.86,"pm25":10,"precipitation":{"nearest":{"status":"ok","distance":137.57,"intensity":0.25},"local":{"status":"ok","intensity":0.0,"datasource":"gfs"}},"wind":{"direction":269.12,"speed":9.76}}}
{"status":"ok","lang":"zh_CN","server_time":1522077926,"tzshift":28800,"location":[51.524009,-0.17522353],"unit":"metric","result":{"status":"ok","temperature":12.43,"skycon":"CLEAR_NIGHT","cloudrate":0.19,"aqi":10.0,"humidity":0.38,"pres":101253.44,"pm25":10.0,"precipitation":{"local":{"status":"ok","intensity":0.0,"datasource":"gfs"}},"wind":{"direction":263.82,"speed":10.06}}}
