{"status":"ok","lang":"zh_CN","server_time":1521995127,"tzshift":28800,"location":[51.524009,-0.09522353],"unit":"metric","result":{"status":"ok","temperature":11.79,"skycon":"PARTLY_CLOUDY_NIGHT","cloudrate":0.78,"aqi":10,"humidity":0.53,"pres":100774.58,"pm25":10,"precipitation":{"nearest":{"status":"ok","distance":1.79,"intensity":0.3125},"local":{"status":"ok","intensity":0.0,"datasource":"gfs"}},"wind":{"direction":11.06,"speed":9.44}}}
{"status":"ok","lang":"zh_CN","server_time":1521996327,"tzshift":28800,"location":[51.524009,-0.09522353],"unit":"metric","result":{"status":"ok","temperature":11.79,"skycon":"PARTLY_CLOUDY_NIGHT","cloudrate":0.78,"aqi":10,"humidity":0.53,"pres":100774.58,"pm25":10,"precipitation":{"nearest":{"status":"ok","distance":10000.0,"intensity":0.0},"local":{"status":"ok","intensity":0.0,"datasource":"gfs"}},"wind":{"direction":11.06,"speed":9.44}}}
{"status":"ok","lang":"zh_CN","server_time":1521998728,"tzshift":28800,"location":[51.524009,-0.09522353],"unit":"metric","result":{"status":"ok","temperature":11.23,"skycon":"PARTLY_CLOUDY_NIGHT","cloudrate":0.8,"aqi":10.0,"humidity":0.55,"pres":100805.74,"pm25":10.0,"precipitation":{"nearest":{"status":"ok","distance":72.66,"intensity":0.25},"local":{"status":"ok","intensity":0.0,"datasource":"gfs"}},"wind":{"direction":5.82,"speed":9.29}}}
{"status":"ok","lang":"zh_CN","server_time":1521999928,"tzshift":28800,"location":[51.524009,-0.09522353],"unit":"metric","result":{"status":"ok","temperature":12.85,"skycon":"PARTLY_CLOUDY_NIGHT","cloudrate":0.78,"aqi":10.0,"humidity":0.4,"pres":101143.8,"pm25":10.0,"precipitation":{"nearest":{"status":"ok","distance":185.33,"intensity":0.1875},"local":{"status":"ok","intensity":0.007,"datasource":"gfs"}},"wind":{"direction":6.0,"speed":9.86}}}
{"status":"ok","lang":"zh_CN","server_time":1522002329,"tzshift":28800,"location":[51.524009,-0.09522353],"unit":"metric","result":{"status":"ok","temperature":10.59,"skycon":"CLOUDY","cloudrate":0.84,"aqi":10.0,"humidity":0.59,"pres":100846.74,"pm25":10.0,"precipitation":{"nearest":{"status":"ok","distance":297.67,"intensity":0.1875},"local":{"status":"ok","intensity":0.0,"datasource":"gfs"}},"wind":{"direction":0.27,"speed":8.65}}}
{"status":"ok","lang":"zh_CN","server_time":1522003524,"tzshift":28800,"location":[51.524009,-0.09522353],"unit":"metric","result":{"status":"ok","temperature":10.59,"skycon":"CLOUDY","cloudrate":0.84,"aqi":10.0,"humidity":0.59,"pres":100846.74,"pm25":10.0,"precipitation":{"nearest":{"status":"ok","distance":208.83,"intensity":0.25},"local":{"status":"ok","intensity":0.0,"datasource":"gfs"}},"wind":{"direction":0.27,"speed":8.65}}}
{"status":"ok","lang":"zh_CN","server_time":1522005925,"tzshift":28800,"location":[51.524009,-0.09522353],"unit":"metric","result":{"status":"ok","temperature":9.94,"skycon":"CLOUDY","cloudrate":0.91,"aqi":10,"humidity":0.61,"pres":100899.79,"pm25":10,"precipitation":{"nearest":{"status":"ok","distance":430.92,"intensity":0.1875},"local":{"status":"ok","intensity":0.0,"datasource":"gfs"}},"wind":{"direction":353.83,"speed":7.31}}}
{"status":"ok","lang":"zh_CN","server_time":1522007124,"tzshift":28800,"location":[51.524009,-0.09522353],"unit":"metric","result":{"status":"ok","temperature":9.94,"skycon":"CLOUDY","cloudrate":0.91,"aqi":10.0,"humidity":0.61,"pres":100899.79,"pm25":10.0,"precipitation":{"nearest":{"status":"ok","distance":171.42,"intensity":0.3125},"local":{"status":"ok","intensity":0.0,"datasource":"gfs"}},"wind":{"direction":353.83,"speed":7.31}}}
{"status":"ok","lang":"zh_CN","server_time":1522009524,"tzshift":28800,"location":[51.524009,-0.09522353],"unit":"metric","result":{"status":"ok","temperature":9.28,"skycon":"CLOUDY","cloudrate":0.96,"aqi":10.0,"humidity":0.64,"pres":100959.67,"pm25":10.0,"precipitation":{"nearest":{"status":"ok","distance":235.56,"intensity":0.1875},"local":{"status":"ok","intensity":0.0,"datasource":"gfs"}},"wind":{"direction":345.44,"speed":5.96}}}
{"status":"ok","lang":"zh_CN","server_time":1522010724,"tzshift":28800,"location":[51.524009,-0.09522353],"unit":"metric","result":{"status":"ok","temperature":9.28,"skycon":"CLOUDY","cloudrate":0.96,"aqi":10,"humidity":0.64,"pres":100959.67,"pm25":10,"precipitation":{"nearest":{"status":"ok","distance":10000.0,"intensity":0.0},"local":{"status":"ok","intensity":0.0,"datasource":"gfs"}},"wind":{"direction":345.44,"speed":5.96}}}
{"status":"ok","lang":"zh_CN","server_time":1522013125,"tzshift":28800,"location":[51.524009,-0.09522353],"unit":"metric","result":{"status":"ok","temperature":8.41,"skycon":"CLOUDY","cloudrate":0.96,"aqi":10.0,"humidity":0.66,"pres":100989.8,"pm25":10.0,"precipitation":{"nearest":{"status":"ok","distance":10000.0,"intensity":0.0},"local":{"status":"ok","intensity":0.0,"datasource":"gfs"}},"wind":{"direction":339.2,"speed":5.39}}}
{"status":"failed", "error":"'API quota is exhausted'"}
{"status":"failed", "error":"'API quota is exhausted'"}
{"status":"failed", "error":"'API quota is exhausted'"}
{"status":"ok","lang":"zh_CN","server_time":1522020331,"tzshift":28800,"location":[51.514009,-0.09522353],"unit":"metric","result":{"status":"ok","temperature":7.78,"skycon":"RAIN","cloudrate":0.83,"aqi":10.0,"humidity":0.68,"pres":101132.91,"pm25":10.0,"precipitation":{"nearest":{"status":"ok","distance":34.4,"intensity":0.1875},"local":{"status":"ok","intensity":0.0336,"datasource":"gfs"}},"wind":{"direction":323.54,"speed":6.61}}}
{"status":"ok","lang":"zh_CN","server_time":1522021527,"tzshift":28800,"location":[51.524009,-0.09522353],"unit":"metric","result":{"status":"ok","temperature":7.66,"skycon":"RAIN","cloudrate":0.82,"aqi":10.0,"humidity":0.68,"pres":101113.41,"pm25":10.0,"precipitation":{"nearest":{"status":"ok","distance":137.12,"intensity":0.25},"local":{"status":"ok","intensity":0.0311,"datasource":"gfs"}},"wind":{"direction":323.87,"speed":6.67}}}
{"status":"failed", "error":"'API quota is exhausted'"}
{"status":"failed", "error":"'API quota is exhausted'"}
{"status":"failed", "error":"'API quota is exhausted'"}
{"status":"failed", "error":"'API quota is exhausted'"}
{"status":"failed", "error":"'API quota is exhausted'"}
{"status":"ok","lang":"zh_CN","server_time":1522032332,"tzshift":28800,"location":[51.514009,-0.09522353],"unit":"metric","result":{"status":"ok","temperature":8.42,"skycon":"PARTLY_CLOUDY_DAY","cloudrate":0.4,"aqi":10.0,"humidity":0.54,"pres":101458.32,"pm25":10.0,"precipitation":{"nearest":{"status":"ok","distance":133.83,"intensity":0.1875},"local":{"status":"ok","intensity":0.0,"datasource":"gfs"}},"wind":{"direction":337.81,"speed":7.31}}}
{"status":"failed", "error":"'API quota is exhausted'"}
{"status":"failed", "error":"'API quota is exhausted'"}
{"status":"failed", "error":"'API quota is exhausted'"}
{"status":"failed", "error":"'API quota is exhausted'"}
{"status":"failed", "error":"'API quota is exhausted'"}
{"status":"failed", "error":"'API quota is exhausted'"}
{"status":"failed", "error":"'API quota is exhausted'"}
{"status":"failed", "error":"'API quota is exhausted'"}
{"status":"failed", "error":"'API quota is exhausted'"}
{"status":"ok","lang":"zh_CN","server_time":1522050332,"tzshift":28800,"location":[51.514009,-0.09522353],"unit":"metric","result":{"status":"ok","temperature":7.05,"skycon":"CLEAR_DAY","cloudrate":0.2,"aqi":10.0,"humidity":0.56,"pres":101715.83,"pm25":10.0,"precipitation":{"nearest":{"status":"ok","distance":375.44,"intensity":0.1875},"local":{"status":"ok","intensity":0.0,"datasource":"gfs"}},"wind":{"direction":329.71,"speed":6.66}}}
{"status":"failed", "error":"'API quota is exhausted'"}
{"status":"failed", "error":"'API quota is exhausted'"}
{"status":"failed", "error":"'API quota is exhausted'"}
{"status":"failed", "error":"'API quota is exhausted'"}
{"status":"failed", "error":"'API quota is exhausted'"}
{"status":"failed", "error":"'API quota is exhausted'"}
{"status":"failed", "error":"'API quota is exhausted'"}
{"status":"failed", "error":"'API quota is exhausted'"}
{"status":"failed", "error":"'API quota is exhausted'"}
{"status":"ok","lang":"zh_CN","server_time":1522068327,"tzshift":28800,"location":[51.524009,-0.09522353],"unit":"metric","result":{"status":"ok","temperature":11.6,"skycon":"CLEAR_NIGHT","cloudrate":0.0,"aqi":10.0,"humidity":0.39,"pres":101373.93,"pm25":10.0,"precipitation":{"nearest":{"status":"ok","distance":217.26,"intensity":0.25},"local":{"status":"ok","intensity":0.0,"datasource":"gfs"}},"wind":{"direction":285.73,"speed":7.68}}}
{"status":"ok","lang":"zh_CN","server_time":1522068327,"tzshift":28800,"location":[51.524009,-0.09522353],"unit":"metric","result":{"status":"ok","temperature":11.6,"skycon":"CLEAR_NIGHT","cloudrate":0.0,"aqi":10.0,"humidity":0.39,"pres":101373.93,"pm25":10.0,"precipitation":{"nearest":{"status":"ok","distance":217.26,"intensity":0.25},"local":{"status":"ok","intensity":0.0,"datasource":"gfs"}},"wind":{"direction":285.73,"speed":7.68}}}
{"status":"ok","lang":"zh_CN","server_time":1522070729,"tzshift":28800,"location":[51.524009,-0.09522353],"unit":"metric","result":{"status":"ok","temperature":12.23,"skycon":"CLEAR_NIGHT","cloudrate":0.06,"aqi":10.0,"humidity":0.36,"pres":101348.89,"pm25":10.0,"precipitation":{"local":{"status":"ok","intensity":0.0,"datasource":"gfs"}},"wind":{"direction":277.23,"speed":8.72}}}
{"status":"ok","lang":"zh_CN","server_time":1522074330,"tzshift":28800,"location":[51.524009,-0.09522353],"unit":"metric","result":{"status":"ok","temperature":12.51,"skycon":"CLEAR_NIGHT","cloudrate":0.14,"aqi":10.0,"humidity":0.36,"pres":101312.21,"pm25":10.0,"precipitation":{"nearest":{"status":"ok","distance":10000.0,"intensity":0.0},"local":{"status":"ok","intensity":0.0,"datasource":"gfs"}},"wind":{"direction":270.87,"speed":9.54}}}
{"status":"ok","lang":"zh_CN","server_time":1522077928,"tzshift":28800,"location":[51.524009,-0.09522353],"unit":"metric","result":{"status":"ok","temperature":12.45,"skycon":"PARTLY_CLOUDY_NIGHT","cloudrate":0.21,"aqi":10.0,"humidity":0.37,"pres":101270.08,"pm25":10.0,"precipitation":{"local":{"status":"ok","intensity":0.0,"datasource":"gfs"}},"wind":{"direction":265.42,"speed":9.81}}}
