{"status":"ok","lang":"zh_CN","server_time":1521995126,"tzshift":28800,"location":[51.524009,-0.11522353],"unit":"metric","result":{"status":"ok","temperature":11.8,"skycon":"PARTLY_CLOUDY_NIGHT","cloudrate":0.79,"aqi":10.0,"humidity":0.53,"pres":100770.58,"pm25":10.0,"precipitation":{"nearest":{"status":"ok","distance":142.47,"intensity":0.1875},"local":{"status":"ok","intensity":0.0,"datasource":"gfs"}},"wind":{"direction":10.56,"speed":9.47}}}
{"status":"ok","lang":"zh_CN","server_time":1521996327,"tzshift":28800,"location":[51.524009,-0.11522353],"unit":"metric","result":{"status":"ok","temperature":11.8,"skycon":"PARTLY_CLOUDY_NIGHT","cloudrate":0.79,"aqi":10,"humidity":0.53,"pres":100770.58,"pm25":10,"precipitation":{"nearest":{"status":"ok","distance":10000.0,"intensity":0.0},"local":{"status":"ok","intensity":0.0,"datasource":"gfs"}},"wind":{"direction":10.56,"speed":9.47}}}
{"status":"ok","lang":"zh_CN","server_time":1521998728,"tzshift":28800,"location":[51.524009,-0.11522353],"unit":"metric","result":{"status":"ok","temperature":12.76,"skycon":"PARTLY_CLOUDY_NIGHT","cloudrate":0.79,"aqi":10.0,"humidity":0.41,"pres":101121.64,"pm25":10.0,"precipitation":{"nearest":{"status":"ok","distance":10000.0,"intensity":0.0},"local":{"status":"ok","intensity":0.0086,"datasource":"gfs"}},"wind":{"direction":5.51,"speed":9.85}}}
{"status":"ok","lang":"zh_CN","server_time":1521999928,"tzshift":28800,"location":[51.524009,-0.11522353],"unit":"metric","result":{"status":"ok","temperature":11.24,"skycon":"CLOUDY","cloudrate":0.81,"aqi":10.0,"humidity":0.55,"pres":100801.96,"pm25":10.0,"precipitation":{"nearest":{"status":"ok","distance":10000.0,"intensity":0.0},"local":{"status":"ok","intensity":0.0,"datasource":"gfs"}},"wind":{"direction":5.39,"speed":9.34}}}
{"status":"ok","lang":"zh_CN","server_time":1522002329,"tzshift":28800,"location":[51.524009,-0.11522353],"unit":"metric","result":{"status":"ok","temperature":10.59,"skycon":"CLOUDY","cloudrate":0.85,"aqi":10.0,"humidity":0.59,"pres":100843.12,"pm25":10.0,"precipitation":{"nearest":{"status":"ok","distance":10000.0,"intensity":0.0},"local":{"status":"ok","intensity":0.0,"datasource":"gfs"}},"wind":{"direction":359.79,"speed":8.72}}}
{"status":"ok","lang":"zh_CN","server_time":1522003524,"tzshift":28800,"location":[51.524009,-0.11522353],"unit":"metric","result":{"status":"ok","temperature":10.59,"skycon":"CLOUDY","cloudrate":0.85,"aqi":10.0,"humidity":0.59,"pres":100843.12,"pm25":10.0,"precipitation":{"nearest":{"status":"ok","distance":10000.0,"intensity":0.0},"local":{"status":"ok","intensity":0.0,"datasource":"gfs"}},"wind":{"direction":359.79,"speed":8.72}}}
{"status":"ok","lang":"zh_CN","server_time":1522005925,"tzshift":28800,"location":[51.524009,-0.11522353],"unit":"metric","result":{"status":"ok","temperature":9.93,"skycon":"CLOUDY","cloudrate":0.91,"aqi":10.0,"humidity":0.61,"pres":100896.2,"pm25":10.0,"precipitation":{"nearest":{"status":"ok","distance":456.97,"intensity":0.1875},"local":{"status":"ok","intensity":0.0,"datasource":"gfs"}},"wind":{"direction":353.03,"speed":7.4}}}
{"status":"ok","lang":"zh_CN","server_time":1522007123,"tzshift":28800,"location":[51.524009,-0.11522353],"unit":"metric","result":{"status":"ok","temperature":9.93,"skycon":"CLOUDY","cloudrate":0.91,"aqi":10,"humidity":0.61,"pres":100896.2,"pm25":10,"precipitation":{"nearest":{"status":"ok","distance":10000.0,"intensity":0.0},"local":{"status":"ok","intensity":0.0,"datasource":"gfs"}},"wind":{"direction":353.03,"speed":7.4}}}
{"status":"ok","lang":"zh_CN","server_time":1522009524,"tzshift":28800,"location":[51.524009,-0.11522353],"unit":"metric","result":{"status":"ok","temperature":9.27,"skycon":"CLOUDY","cloudrate":0.96,"aqi":10.0,"humidity":0.64,"pres":100956.07,"pm25":10.0,"precipitation":{"nearest":{"status":"ok","distance":10000.0,"intensity":0.0},"local":{"status":"ok","intensity":0.0,"datasource":"gfs"}},"wind":{"direction":344.25,"speed":6.09}}}
{"status":"ok","lang":"zh_CN","server_time":1522010723,"tzshift":28800,"location":[51.524009,-0.11522353],"unit":"metric","result":{"status":"ok","temperature":11.58,"skycon":"CLOUDY","cloudrate":0.94,"aqi":10.0,"humidity":0.49,"pres":101281.43,"pm25":10.0,"precipitation":{"nearest":{"status":"ok","distance":101.89,"intensity":0.1875},"local":{"status":"ok","intensity":0.0,"datasource":"gfs"}},"wind":{"direction":338.52,"speed":7.22}}}
{"status":"ok","lang":"zh_CN","server_time":1522013125,"tzshift":28800,"location":[51.524009,-0.11522353],"unit":"metric","result":{"status":"ok","temperature":8.59,"skycon":"CLOUDY","cloudrate":0.95,"aqi":10.0,"humidity":0.65,"pres":101015.73,"pm25":10.0,"precipitation":{"nearest":{"status":"ok","distance":10000.0,"intensity":0.0},"local":{"status":"ok","intensity":0.0,"datasource":"gfs"}},"wind":{"direction":336.66,"speed":5.66}}}
{"status":"ok","lang":"zh_CN","server_time":1522014326,"tzshift":28800,"location":[51.524009,-0.11522353],"unit":"metric","result":{"status":"ok","temperature":8.87,"skycon":"RAIN","cloudrate":1.0,"aqi":10.0,"humidity":0.67,"pres":100993.23,"pm25":10.0,"precipitation":{"nearest":{"status":"ok","distance":10000.0,"intensity":0.0},"local":{"status":"ok","intensity":0.0404,"datasource":"gfs"}},"wind":{"direction":317.18,"speed":4.69}}}
{"status":"ok","lang":"zh_CN","server_time":1522016725,"tzshift":28800,"location":[51.524009,-0.11522353],"unit":"metric","result":{"status":"ok","temperature":10.19,"skycon":"CLOUDY","cloudrate":0.99,"aqi":10.0,"humidity":0.57,"pres":101302.41,"pm25":10.0,"precipitation":{"nearest":{"status":"ok","distance":10000.0,"intensity":0.0},"local":{"status":"ok","intensity":0.0073,"datasource":"gfs"}},"wind":{"direction":315.79,"speed":5.67}}}
{"status":"failed", "error":"'API quota is exhausted'"}
{"status":"ok","lang":"zh_CN","server_time":1522020326,"tzshift":28800,"location":[51.524009,-0.11522353],"unit":"metric","result":{"status":"ok","temperature":7.63,"skycon":"CLOUDY","cloudrate":0.82,"aqi":10.0,"humidity":0.68,"pres":101109.9,"pm25":10.0,"precipitation":{"nearest":{"status":"ok","distance":10000.0,"intensity":0.0},"local":{"status":"ok","intensity":0.0269,"datasource":"gfs"}},"wind":{"direction":324.02,"speed":6.72}}}
{"status":"failed", "error":"'API quota is exhausted'"}
{"status":"failed", "error":"'API quota is exhausted'"}
{"status":"ok","lang":"zh_CN","server_time":1522025131,"tzshift":28800,"location":[51.514009,-0.11522353],"unit":"metric","result":{"status":"ok","temperature":6.98,"skycon":"PARTLY_CLOUDY_DAY","cloudrate":0.64,"aqi":10.0,"humidity":0.68,"pres":101126.68,"pm25":10.0,"precipitation":{"nearest":{"status":"ok","distance":10000.0,"intensity":0.0},"local":{"status":"ok","intensity":0.0,"datasource":"gfs"}},"wind":{"direction":330.74,"speed":8.0}}}
{"status":"ok","lang":"zh_CN","server_time":1522027530,"tzshift":28800,"location":[51.514009,-0.11522353],"unit":"metric","result":{"status":"ok","temperature":6.67,"skycon":"PARTLY_CLOUDY_DAY","cloudrate":0.44,"aqi":10.0,"humidity":0.67,"pres":101163.88,"pm25":10.0,"precipitation":{"nearest":{"status":"ok","distance":56.33,"intensity":0.1875},"local":{"status":"ok","intensity":0.0,"datasource":"gfs"}},"wind":{"direction":333.34,"speed":8.31}}}
{"status":"failed", "error":"'API quota is exhausted'"}
{"status":"failed", "error":"'API quota is exhausted'"}
{"status":"ok","lang":"zh_CN","server_time":1522032332,"tzshift":28800,"location":[51.514009,-0.11522353],"unit":"metric","result":{"status":"ok","temperature":6.33,"skycon":"PARTLY_CLOUDY_DAY","cloudrate":0.25,"aqi":10.0,"humidity":0.67,"pres":101177.13,"pm25":10.0,"precipitation":{"nearest":{"status":"ok","distance":10000.0,"intensity":0.0},"local":{"status":"ok","intensity":0.0,"datasource":"gfs"}},"wind":{"direction":334.39,"speed":8.03}}}
{"status":"failed", "error":"'API quota is exhausted'"}
{"status":"failed", "error":"'API quota is exhausted'"}
{"status":"failed", "error":"'API quota is exhausted'"}
{"status":"failed", "error":"'API quota is exhausted'"}
{"status":"failed", "error":"'API quota is exhausted'"}
{"status":"failed", "error":"'API quota is exhausted'"}
{"status":"failed", "error":"'API quota is exhausted'"}
{"status":"failed", "error":"'API quota is exhausted'"}
{"status":"ok","lang":"zh_CN","server_time":1522049132,"tzshift":28800,"location":[51.514009,-0.11522353],"unit":"metric","result":{"status":"ok","temperature":5.35,"skycon":"CLEAR_DAY","cloudrate":0.17,"aqi":10.0,"humidity":0.69,"pres":101327.93,"pm25":10.0,"precipitation":{"nearest":{"status":"ok","distance":5933.2,"intensity":0.0},"local":{"status":"ok","intensity":0.0,"datasource":"gfs"}},"wind":{"direction":325.96,"speed":7.3}}}
{"status":"failed", "error":"'API quota is exhausted'"}
{"status":"failed", "error":"'API quota is exhausted'"}
{"status":"failed", "error":"'API quota is exhausted'"}
{"status":"ok","lang":"zh_CN","server_time":1522056325,"tzshift":28800,"location":[51.524009,-0.11522353],"unit":"metric","result":{"status":"ok","temperature":7.73,"skycon":"CLEAR_DAY","cloudrate":0.0,"aqi":10.0,"humidity":0.58,"pres":101351.06,"pm25":10.0,"precipitation":{"nearest":{"status":"ok","distance":95.25,"intensity":0.1875},"local":{"status":"ok","intensity":0.0,"datasource":"gfs"}},"wind":{"direction":320.93,"speed":7.08}}}
{"status":"ok","lang":"zh_CN","server_time":1522057532,"tzshift":28800,"location":[51.514009,-0.11522353],"unit":"metric","result":{"status":"ok","temperature":8.77,"skycon":"CLEAR_DAY","cloudrate":0.0,"aqi":10.0,"humidity":0.48,"pres":101743.81,"pm25":10.0,"precipitation":{"nearest":{"status":"ok","distance":322.88,"intensity":0.1875},"local":{"status":"ok","intensity":0.0,"datasource":"gfs"}},"wind":{"direction":330.03,"speed":4.6}}}
{"status":"failed", "error":"'API quota is exhausted'"}
{"status":"failed", "error":"'API quota is exhausted'"}
{"status":"failed", "error":"'API quota is exhausted'"}
{"status":"failed", "error":"'API quota is exhausted'"}
{"status":"failed", "error":"'API quota is exhausted'"}
{"status":"ok","lang":"zh_CN","server_time":1522068326,"tzshift":28800,"location":[51.524009,-0.11522353],"unit":"metric","result":{"status":"ok","temperature":11.59,"skycon":"CLEAR_NIGHT","cloudrate":0.0,"aqi":10.0,"humidity":0.39,"pres":101369.92,"pm25":10.0,"precipitation":{"local":{"status":"ok","intensity":0.0,"datasource":"gfs"}},"wind":{"direction":285.12,"speed":7.68}}}
{"status":"ok","lang":"zh_CN","server_time":1522068326,"tzshift":28800,"location":[51.524009,-0.11522353],"unit":"metric","result":{"status":"ok","temperature":11.59,"skycon":"CLEAR_NIGHT","cloudrate":0.0,"aqi":10.0,"humidity":0.39,"pres":101369.92,"pm25":10.0,"precipitation":{"local":{"status":"ok","intensity":0.0,"datasource":"gfs"}},"wind":{"direction":285.12,"speed":7.68}}}
{"status":"ok","lang":"zh_CN","server_time":1522070729,"tzshift":28800,"location":[51.524009,-0.11522353],"unit":"metric","result":{"status":"ok","temperature":12.22,"skycon":"CLEAR_NIGHT","cloudrate":0.06,"aqi":10.0,"humidity":0.36,"pres":101344.85,"pm25":10.0,"precipitation":{"nearest":{"status":"ok","distance":420.05,"intensity":0.1875},"local":{"status":"ok","intensity":0.0,"datasource":"gfs"}},"wind":{"direction":276.69,"speed":8.75}}}
{"status":"ok","lang":"zh_CN","server_time":1522074330,"tzshift":28800,"location":[51.524009,-0.11522353],"unit":"metric","result":{"status":"ok","temperature":13.38,"skycon":"CLEAR_NIGHT","cloudrate":0.05,"aqi":10.0,"humidity":0.25,"pres":101630.21,"pm25":10.0,"precipitation":{"nearest":{"status":"ok","distance":62.34,"intensity":0.1875},"local":{"status":"ok","intensity":0.0,"datasource":"gfs"}},"wind":{"direction":269.44,"speed":8.33}}}
{"status":"ok","lang":"zh_CN","server_time":1522077928,"tzshift":28800,"location":[51.524009,-0.11522353],"unit":"metric","result":{"status":"ok","temperature":12.44,"skycon":"PARTLY_CLOUDY_NIGHT","cloudrate":0.21,"aqi":10.0,"humidity":0.38,"pres":101265.92,"pm25":10.0,"precipitation":{"local":{"status":"ok","intensity":0.0,"datasource":"gfs"}},"wind":{"direction":265.01,"speed":9.87}}}
