{"status":"ok","lang":"zh_CN","server_time":1521995140,"tzshift":28800,"location":[51.494009,-0.21522353],"unit":"metric","result":{"status":"ok","temperature":11.97,"skycon":"CLOUDY","cloudrate":0.84,"aqi":10.0,"humidity":0.52,"pres":100779.44,"pm25":10.0,"precipitation":{"nearest":{"status":"ok","distance":150.04,"intensity":0.1875},"local":{"status":"ok","intensity":0.0,"datasource":"gfs"}},"wind":{"direction":8.57,"speed":9.6}}}
{"status":"ok","lang":"zh_CN","server_time":1521996340,"tzshift":28800,"location":[51.494009,-0.21522353],"unit":"metric","result":{"status":"ok","temperature":12.7,"skycon":"PARTLY_CLOUDY_NIGHT","cloudrate":0.76,"aqi":10.0,"humidity":0.42,"pres":101051.43,"pm25":10.0,"precipitation":{"nearest":{"status":"ok","distance":191.06,"intensity":0.1875},"local":{"status":"ok","intensity":0.0,"datasource":"gfs"}},"wind":{"direction":8.2,"speed":8.98}}}
{"status":"ok","lang":"zh_CN","server_time":1521998742,"tzshift":28800,"location":[51.494009,-0.21522353],"unit":"metric","result":{"status":"ok","temperature":11.43,"skycon":"CLOUDY","cloudrate":0.85,"aqi":10.0,"humidity":0.54,"pres":100812.42,"pm25":10.0,"precipitation":{"nearest":{"status":"ok","distance":10000.0,"intensity":0.0},"local":{"status":"ok","intensity":0.0,"datasource":"gfs"}},"wind":{"direction":3.74,"speed":9.69}}}
{"status":"ok","lang":"zh_CN","server_time":1521999943,"tzshift":28800,"location":[51.494009,-0.21522353],"unit":"metric","result":{"status":"ok","temperature":12.42,"skycon":"PARTLY_CLOUDY_NIGHT","cloudrate":0.79,"aqi":10,"humidity":0.45,"pres":101085.19,"pm25":10,"precipitation":{"nearest":{"status":"ok","distance":52.93,"intensity":0.1875},"local":{"status":"ok","intensity":0.0035,"datasource":"gfs"}},"wind":{"direction":3.3,"speed":9.81}}}
{"status":"ok","lang":"zh_CN","server_time":1522002346,"tzshift":28800,"location":[51.494009,-0.21522353],"unit":"metric","result":{"status":"ok","temperature":10.79,"skycon":"CLOUDY","cloudrate":0.87,"aqi":10.0,"humidity":0.57,"pres":100854.72,"pm25":10.0,"precipitation":{"nearest":{"status":"ok","distance":10000.0,"intensity":0.0},"local":{"status":"ok","intensity":0.0028,"datasource":"gfs"}},"wind":{"direction":357.97,"speed":9.21}}}
{"status":"ok","lang":"zh_CN","server_time":1522003537,"tzshift":28800,"location":[51.494009,-0.21522353],"unit":"metric","result":{"status":"ok","temperature":10.79,"skycon":"CLOUDY","cloudrate":0.87,"aqi":10.0,"humidity":0.57,"pres":100854.72,"pm25":10.0,"precipitation":{"nearest":{"status":"ok","distance":196.26,"intensity":0.1875},"local":{"status":"ok","intensity":0.0028,"datasource":"gfs"}},"wind":{"direction":357.97,"speed":9.21}}}
{"status":"ok","lang":"zh_CN","server_time":1522005938,"tzshift":28800,"location":[51.494009,-0.21522353],"unit":"metric","result":{"status":"ok","temperature":10.12,"skycon":"CLOUDY","cloudrate":0.91,"aqi":10.0,"humidity":0.6,"pres":100908.09,"pm25":10.0,"precipitation":{"nearest":{"status":"ok","distance":355.73,"intensity":0.1875},"local":{"status":"ok","intensity":0.0,"datasource":"gfs"}},"wind":{"direction":349.81,"speed":7.98}}}
{"status":"ok","lang":"zh_CN","server_time":1522007137,"tzshift":28800,"location":[51.494009,-0.21522353],"unit":"metric","result":{"status":"ok","temperature":10.12,"skycon":"CLOUDY","cloudrate":0.91,"aqi":10,"humidity":0.6,"pres":100908.09,"pm25":10,"precipitation":{"nearest":{"status":"ok","distance":10000.0,"intensity":0.0},"local":{"status":"ok","intensity":0.0,"datasource":"gfs"}},"wind":{"direction":349.81,"speed":7.98}}}
{"status":"ok","lang":"zh_CN","server_time":1522009537,"tzshift":28800,"location":[51.494009,-0.21522353],"unit":"metric","result":{"status":"ok","temperature":9.44,"skycon":"CLOUDY","cloudrate":0.94,"aqi":10.0,"humidity":0.62,"pres":100967.82,"pm25":10.0,"precipitation":{"nearest":{"status":"ok","distance":101.65,"intensity":0.1875},"local":{"status":"ok","intensity":0.0,"datasource":"gfs"}},"wind":{"direction":339.25,"speed":6.77}}}
{"status":"ok","lang":"zh_CN","server_time":1522010737,"tzshift":28800,"location":[51.494009,-0.21522353],"unit":"metric","result":{"status":"ok","temperature":9.44,"skycon":"CLOUDY","cloudrate":0.94,"aqi":10.0,"humidity":0.62,"pres":100967.82,"pm25":10.0,"precipitation":{"nearest":{"status":"ok","distance":10000.0,"intensity":0.0},"local":{"status":"ok","intensity":0.0,"datasource":"gfs"}},"wind":{"direction":339.25,"speed":6.77}}}
{"status":"failed", "error":"'API quota is exhausted'"}
{"status":"ok","lang":"zh_CN","server_time":1522014340,"tzshift":28800,"location":[51.494009,-0.21522353],"unit":"metric","result":{"status":"ok","temperature":9.11,"skycon":"RAIN","cloudrate":1.0,"aqi":10,"humidity":0.66,"pres":101044.77,"pm25":10,"precipitation":{"nearest":{"status":"ok","distance":161.42,"intensity":0.1875},"local":{"status":"ok","intensity":0.034,"datasource":"gfs"}},"wind":{"direction":312.57,"speed":5.19}}}
{"status":"ok","lang":"zh_CN","server_time":1522016739,"tzshift":28800,"location":[51.494009,-0.21522353],"unit":"metric","result":{"status":"ok","temperature":8.39,"skycon":"CLOUDY","cloudrate":0.93,"aqi":10,"humidity":0.67,"pres":101091.09,"pm25":10,"precipitation":{"nearest":{"status":"ok","distance":10000.0,"intensity":0.0},"local":{"status":"ok","intensity":0.0254,"datasource":"gfs"}},"wind":{"direction":313.89,"speed":5.77}}}
{"status":"ok","lang":"zh_CN","server_time":1522017940,"tzshift":28800,"location":[51.494009,-0.21522353],"unit":"metric","result":{"status":"ok","temperature":8.39,"skycon":"CLOUDY","cloudrate":0.93,"aqi":10.0,"humidity":0.67,"pres":101091.09,"pm25":10.0,"precipitation":{"nearest":{"status":"ok","distance":144.56,"intensity":0.25},"local":{"status":"ok","intensity":0.0254,"datasource":"gfs"}},"wind":{"direction":313.89,"speed":5.77}}}
{"status":"ok","lang":"zh_CN","server_time":1522020339,"tzshift":28800,"location":[51.494009,-0.21522353],"unit":"metric","result":{"status":"ok","temperature":7.68,"skycon":"PARTLY_CLOUDY_DAY","cloudrate":0.79,"aqi":10.0,"humidity":0.68,"pres":101124.81,"pm25":10.0,"precipitation":{"nearest":{"status":"ok","distance":10000.0,"intensity":0.0},"local":{"status":"ok","intensity":0.0119,"datasource":"gfs"}},"wind":{"direction":323.85,"speed":6.83}}}
{"status":"ok","lang":"zh_CN","server_time":1522021540,"tzshift":28800,"location":[51.494009,-0.21522353],"unit":"metric","result":{"status":"ok","temperature":7.65,"skycon":"PARTLY_CLOUDY_DAY","cloudrate":0.79,"aqi":10,"humidity":0.68,"pres":101122.92,"pm25":10,"precipitation":{"nearest":{"status":"ok","distance":11.24,"intensity":0.1875},"local":{"status":"ok","intensity":0.0066,"datasource":"gfs"}},"wind":{"direction":324.0,"speed":6.89}}}
{"status":"ok","lang":"zh_CN","server_time":1522024118,"tzshift":28800,"location":[51.494009,-0.21522353],"unit":"metric","result":{"status":"ok","temperature":7.06,"skycon":"PARTLY_CLOUDY_DAY","cloudrate":0.61,"aqi":10.0,"humidity":0.68,"pres":101145.53,"pm25":10.0,"precipitation":{"nearest":{"status":"ok","distance":220.41,"intensity":0.1875},"local":{"status":"ok","intensity":0.0,"datasource":"gfs"}},"wind":{"direction":331.62,"speed":7.94}}}
{"status":"ok","lang":"zh_CN","server_time":1522025139,"tzshift":28800,"location":[51.494009,-0.21522353],"unit":"metric","result":{"status":"ok","temperature":7.06,"skycon":"PARTLY_CLOUDY_DAY","cloudrate":0.61,"aqi":10.0,"humidity":0.68,"pres":101145.53,"pm25":10.0,"precipitation":{"nearest":{"status":"ok","distance":202.9,"intensity":0.1875},"local":{"status":"ok","intensity":0.0,"datasource":"gfs"}},"wind":{"direction":331.62,"speed":7.94}}}
{"status":"failed", "error":"'API quota is exhausted'"}
{"status":"failed", "error":"'API quota is exhausted'"}
{"status":"ok","lang":"zh_CN","server_time":1522031139,"tzshift":28800,"location":[51.494009,-0.21522353],"unit":"metric","result":{"status":"ok","temperature":6.31,"skycon":"CLEAR_DAY","cloudrate":0.2,"aqi":10.0,"humidity":0.67,"pres":101172.45,"pm25":10.0,"precipitation":{"nearest":{"status":"ok","distance":279.85,"intensity":0.1875},"local":{"status":"ok","intensity":0.0,"datasource":"gfs"}},"wind":{"direction":335.29,"speed":7.87}}}
{"status":"failed", "error":"'API quota is exhausted'"}
{"status":"failed", "error":"'API quota is exhausted'"}
{"status":"failed", "error":"'API quota is exhausted'"}
{"status":"failed", "error":"'API quota is exhausted'"}
{"status":"failed", "error":"'API quota is exhausted'"}
{"status":"failed", "error":"'API quota is exhausted'"}
{"status":"ok","lang":"zh_CN","server_time":1522043144,"tzshift":28800,"location":[51.494009,-0.21522353],"unit":"metric","result":{"status":"ok","temperature":5.2,"skycon":"PARTLY_CLOUDY_DAY","cloudrate":0.33,"aqi":10.0,"humidity":0.7,"pres":101273.87,"pm25":10.0,"precipitation":{"nearest":{"status":"ok","distance":10000.0,"intensity":0.0},"local":{"status":"ok","intensity":0.0,"datasource":"gfs"}},"wind":{"direction":333.65,"speed":7.59}}}
{"status":"failed", "error":"'API quota is exhausted'"}
{"status":"failed", "error":"'API quota is exhausted'"}
{"status":"failed", "error":"'API quota is exhausted'"}
{"status":"failed", "error":"'API quota is exhausted'"}
{"status":"failed", "error":"'API quota is exhausted'"}
{"status":"failed", "error":"'API quota is exhausted'"}
{"status":"failed", "error":"'API quota is exhausted'"}
{"status":"failed", "error":"'API quota is exhausted'"}
{"status":"failed", "error":"'API quota is exhausted'"}
{"status":"failed", "error":"'API quota is exhausted'"}
{"status":"failed", "error":"'API quota is exhausted'"}
{"status":"failed", "error":"'API quota is exhausted'"}
{"status":"failed", "error":"'API quota is exhausted'"}
{"status":"ok","lang":"zh_CN","server_time":1522068341,"tzshift":28800,"location":[51.494009,-0.21522353],"unit":"metric","result":{"status":"ok","temperature":11.62,"skycon":"CLEAR_NIGHT","cloudrate":0.0,"aqi":10.0,"humidity":0.38,"pres":101381.86,"pm25":10.0,"precipitation":{"local":{"status":"ok","intensity":0.0,"datasource":"gfs"}},"wind":{"direction":283.13,"speed":7.42}}}
{"status":"ok","lang":"zh_CN","server_time":1522068341,"tzshift":28800,"location":[51.494009,-0.21522353],"unit":"metric","result":{"status":"ok","temperature":11.62,"skycon":"CLEAR_NIGHT","cloudrate":0.0,"aqi":10.0,"humidity":0.38,"pres":101381.86,"pm25":10.0,"precipitation":{"local":{"status":"ok","intensity":0.0,"datasource":"gfs"}},"wind":{"direction":283.13,"speed":7.42}}}
{"status":"ok","lang":"zh_CN","server_time":1522070746,"tzshift":28800,"location":[51.494009,-0.21522353],"unit":"metric","result":{"status":"ok","temperature":12.26,"skycon":"CLEAR_NIGHT","cloudrate":0.05,"aqi":10.0,"humidity":0.36,"pres":101356.73,"pm25":10.0,"precipitation":{"nearest":{"status":"ok","distance":10000.0,"intensity":0.0},"local":{"status":"ok","intensity":0.0,"datasource":"gfs"}},"wind":{"direction":274.67,"speed":8.65}}}
{"status":"ok","lang":"zh_CN","server_time":1522074345,"tzshift":28800,"location":[51.494009,-0.21522353],"unit":"metric","result":{"status":"ok","temperature":12.55,"skycon":"CLEAR_NIGHT","cloudrate":0.11,"aqi":10.0,"humidity":0.36,"pres":101319.83,"pm25":10.0,"precipitation":{"nearest":{"status":"ok","distance":994.32,"intensity":0.1875},"local":{"status":"ok","intensity":0.0,"datasource":"gfs"}},"wind":{"direction":268.46,"speed":9.63}}}
{"status":"ok","lang":"zh_CN","server_time":1522077942,"tzshift":28800,"location":[51.494009,-0.21522353],"unit":"metric","result":{"status":"ok","temperature":12.49,"skycon":"CLEAR_NIGHT","cloudrate":0.17,"aqi":10.0,"humidity":0.37,"pres":101277.27,"pm25":10.0,"precipitation":{"local":{"status":"ok","intensity":0.0,"datasource":"gfs"}},"wind":{"direction":262.65,"speed":9.98}}}
