{"status":"ok","lang":"zh_CN","server_time":1521995141,"tzshift":28800,"location":[51.494009,-0.15522353],"unit":"metric","result":{"status":"ok","temperature":11.93,"skycon":"PARTLY_CLOUDY_NIGHT","cloudrate":0.79,"aqi":10.0,"humidity":0.52,"pres":100789.16,"pm25":10.0,"precipitation":{"nearest":{"status":"ok","distance":10000.0,"intensity":0.0},"local":{"status":"ok","intensity":0.0,"datasource":"gfs"}},"wind":{"direction":10.56,"speed":9.47}}}
{"status":"ok","lang":"zh_CN","server_time":1521996342,"tzshift":28800,"location":[51.494009,-0.15522353],"unit":"metric","result":{"status":"ok","temperature":11.93,"skycon":"PARTLY_CLOUDY_NIGHT","cloudrate":0.79,"aqi":10,"humidity":0.52,"pres":100789.16,"pm25":10,"precipitation":{"nearest":{"status":"ok","distance":225.06,"intensity":0.1875},"local":{"status":"ok","intensity":0.0,"datasource":"gfs"}},"wind":{"direction":10.56,"speed":9.47}}}
{"status":"ok","lang":"zh_CN","server_time":1521998744,"tzshift":28800,"location":[51.494009,-0.15522353],"unit":"metric","result":{"status":"ok","temperature":11.39,"skycon":"CLOUDY","cloudrate":0.81,"aqi":10.0,"humidity":0.54,"pres":100821.18,"pm25":10.0,"precipitation":{"nearest":{"status":"ok","distance":10000.0,"intensity":0.0},"local":{"status":"ok","intensity":0.0,"datasource":"gfs"}},"wind":{"direction":5.45,"speed":9.48}}}
{"status":"ok","lang":"zh_CN","server_time":1521999944,"tzshift":28800,"location":[51.494009,-0.15522353],"unit":"metric","result":{"status":"ok","temperature":11.39,"skycon":"CLOUDY","cloudrate":0.81,"aqi":10,"humidity":0.54,"pres":100821.18,"pm25":10,"precipitation":{"nearest":{"status":"ok","distance":583.44,"intensity":0.1875},"local":{"status":"ok","intensity":0.0,"datasource":"gfs"}},"wind":{"direction":5.45,"speed":9.48}}}
{"status":"ok","lang":"zh_CN","server_time":1522002347,"tzshift":28800,"location":[51.494009,-0.15522353],"unit":"metric","result":{"status":"ok","temperature":10.77,"skycon":"CLOUDY","cloudrate":0.85,"aqi":10,"humidity":0.57,"pres":100862.82,"pm25":10,"precipitation":{"nearest":{"status":"ok","distance":10000.0,"intensity":0.0},"local":{"status":"ok","intensity":0.0,"datasource":"gfs"}},"wind":{"direction":359.85,"speed":8.92}}}
{"status":"ok","lang":"zh_CN","server_time":1522003539,"tzshift":28800,"location":[51.494009,-0.15522353],"unit":"metric","result":{"status":"ok","temperature":10.77,"skycon":"CLOUDY","cloudrate":0.85,"aqi":10.0,"humidity":0.57,"pres":100862.82,"pm25":10.0,"precipitation":{"nearest":{"status":"ok","distance":10000.0,"intensity":0.0},"local":{"status":"ok","intensity":0.0,"datasource":"gfs"}},"wind":{"direction":359.85,"speed":8.92}}}
{"status":"ok","lang":"zh_CN","server_time":1522005940,"tzshift":28800,"location":[51.494009,-0.15522353],"unit":"metric","result":{"status":"ok","temperature":10.13,"skycon":"CLOUDY","cloudrate":0.9,"aqi":10.0,"humidity":0.6,"pres":100916.06,"pm25":10.0,"precipitation":{"nearest":{"status":"ok","distance":51.45,"intensity":0.1875},"local":{"status":"ok","intensity":0.0,"datasource":"gfs"}},"wind":{"direction":352.81,"speed":7.57}}}
{"status":"ok","lang":"zh_CN","server_time":1522007138,"tzshift":28800,"location":[51.494009,-0.15522353],"unit":"metric","result":{"status":"ok","temperature":10.13,"skycon":"CLOUDY","cloudrate":0.9,"aqi":10.0,"humidity":0.6,"pres":100916.06,"pm25":10.0,"precipitation":{"nearest":{"status":"ok","distance":187.64,"intensity":0.1875},"local":{"status":"ok","intensity":0.0,"datasource":"gfs"}},"wind":{"direction":352.81,"speed":7.57}}}
{"status":"ok","lang":"zh_CN","server_time":1522009538,"tzshift":28800,"location":[51.494009,-0.15522353],"unit":"metric","result":{"status":"ok","temperature":11.64,"skycon":"CLOUDY","cloudrate":0.92,"aqi":10.0,"humidity":0.49,"pres":101338.72,"pm25":10.0,"precipitation":{"nearest":{"status":"ok","distance":10000.0,"intensity":0.0},"local":{"status":"ok","intensity":0.0,"datasource":"gfs"}},"wind":{"direction":339.07,"speed":7.06}}}
{"status":"ok","lang":"zh_CN","server_time":1522010738,"tzshift":28800,"location":[51.494009,-0.15522353],"unit":"metric","result":{"status":"ok","temperature":9.47,"skycon":"CLOUDY","cloudrate":0.95,"aqi":10.0,"humidity":0.62,"pres":100975.91,"pm25":10.0,"precipitation":{"nearest":{"status":"ok","distance":10000.0,"intensity":0.0},"local":{"status":"ok","intensity":0.0,"datasource":"gfs"}},"wind":{"direction":343.48,"speed":6.21}}}
{"status":"ok","lang":"zh_CN","server_time":1522013140,"tzshift":28800,"location":[51.494009,-0.15522353],"unit":"metric","result":{"status":"ok","temperature":8.79,"skycon":"CLOUDY","cloudrate":0.94,"aqi":10.0,"humidity":0.64,"pres":101035.68,"pm25":10.0,"precipitation":{"nearest":{"status":"ok","distance":10000.0,"intensity":0.0},"local":{"status":"ok","intensity":0.0,"datasource":"gfs"}},"wind":{"direction":335.58,"speed":5.71}}}
{"status":"ok","lang":"zh_CN","server_time":1522014346,"tzshift":28800,"location":[51.484009,-0.15522353],"unit":"metric","result":{"status":"ok","temperature":11.24,"skycon":"CLOUDY","cloudrate":1.0,"aqi":10.0,"humidity":0.55,"pres":101383.45,"pm25":10.0,"precipitation":{"nearest":{"status":"ok","distance":10000.0,"intensity":0.0},"local":{"status":"ok","intensity":0.0,"datasource":"gfs"}},"wind":{"direction":314.72,"speed":4.87}}}
{"status":"ok","lang":"zh_CN","server_time":1522016741,"tzshift":28800,"location":[51.494009,-0.13522353],"unit":"metric","result":{"status":"ok","temperature":10.75,"skycon":"CLOUDY","cloudrate":0.99,"aqi":10.0,"humidity":0.54,"pres":101488.99,"pm25":10.0,"precipitation":{"nearest":{"status":"ok","distance":199.61,"intensity":0.25},"local":{"status":"ok","intensity":0.0087,"datasource":"gfs"}},"wind":{"direction":315.91,"speed":5.13}}}
{"status":"ok","lang":"zh_CN","server_time":1522017941,"tzshift":28800,"location":[51.494009,-0.15522353],"unit":"metric","result":{"status":"ok","temperature":8.54,"skycon":"RAIN","cloudrate":0.94,"aqi":10,"humidity":0.67,"pres":101099.3,"pm25":10,"precipitation":{"nearest":{"status":"ok","distance":85.63,"intensity":0.1875},"local":{"status":"ok","intensity":0.0418,"datasource":"gfs"}},"wind":{"direction":315.26,"speed":5.35}}}
{"status":"failed", "error":"'API quota is exhausted'"}
{"status":"failed", "error":"'API quota is exhausted'"}
{"status":"failed", "error":"'API quota is exhausted'"}
{"status":"failed", "error":"'API quota is exhausted'"}
{"status":"ok","lang":"zh_CN","server_time":1522027545,"tzshift":28800,"location":[51.484009,-0.15522353],"unit":"metric","result":{"status":"ok","temperature":6.62,"skycon":"PARTLY_CLOUDY_DAY","cloudrate":0.42,"aqi":10.0,"humidity":0.68,"pres":101126.33,"pm25":10.0,"precipitation":{"nearest":{"status":"ok","distance":190.39,"intensity":0.1875},"local":{"status":"ok","intensity":0.0,"datasource":"gfs"}},"wind":{"direction":333.45,"speed":8.21}}}
{"status":"failed", "error":"'API quota is exhausted'"}
{"status":"failed", "error":"'API quota is exhausted'"}
{"status":"failed", "error":"'API quota is exhausted'"}
{"status":"failed", "error":"'API quota is exhausted'"}
{"status":"failed", "error":"'API quota is exhausted'"}
{"status":"failed", "error":"'API quota is exhausted'"}
{"status":"failed", "error":"'API quota is exhausted'"}
{"status":"failed", "error":"'API quota is exhausted'"}
{"status":"failed", "error":"'API quota is exhausted'"}
{"status":"failed", "error":"'API quota is exhausted'"}
{"status":"failed", "error":"'API quota is exhausted'"}
{"status":"failed", "error":"'API quota is exhausted'"}
{"status":"failed", "error":"'API quota is exhausted'"}
{"status":"failed", "error":"'API quota is exhausted'"}
{"status":"failed", "error":"'API quota is exhausted'"}
{"status":"failed", "error":"'API quota is exhausted'"}
{"status":"failed", "error":"'API quota is exhausted'"}
{"status":"failed", "error":"'API quota is exhausted'"}
{"status":"failed", "error":"'API quota is exhausted'"}
{"status":"failed", "error":"'API quota is exhausted'"}
{"status":"failed", "error":"'API quota is exhausted'"}
{"status":"failed", "error":"'API quota is exhausted'"}
{"status":"ok","lang":"zh_CN","server_time":1522068342,"tzshift":28800,"location":[51.494009,-0.15522353],"unit":"metric","result":{"status":"ok","temperature":11.66,"skycon":"CLEAR_NIGHT","cloudrate":0.0,"aqi":10,"humidity":0.38,"pres":101391.44,"pm25":10,"precipitation":{"nearest":{"status":"ok","distance":192.19,"intensity":0.25},"local":{"status":"ok","intensity":0.0,"datasource":"gfs"}},"wind":{"direction":285.61,"speed":7.42}}}
{"status":"ok","lang":"zh_CN","server_time":1522068342,"tzshift":28800,"location":[51.494009,-0.15522353],"unit":"metric","result":{"status":"ok","temperature":11.66,"skycon":"CLEAR_NIGHT","cloudrate":0.0,"aqi":10,"humidity":0.38,"pres":101391.44,"pm25":10,"precipitation":{"nearest":{"status":"ok","distance":192.19,"intensity":0.25},"local":{"status":"ok","intensity":0.0,"datasource":"gfs"}},"wind":{"direction":285.61,"speed":7.42}}}
{"status":"ok","lang":"zh_CN","server_time":1522070748,"tzshift":28800,"location":[51.494009,-0.15522353],"unit":"metric","result":{"status":"ok","temperature":12.29,"skycon":"CLEAR_NIGHT","cloudrate":0.06,"aqi":10.0,"humidity":0.35,"pres":101366.4,"pm25":10.0,"precipitation":{"local":{"status":"ok","intensity":0.0,"datasource":"gfs"}},"wind":{"direction":276.76,"speed":8.53}}}
{"status":"ok","lang":"zh_CN","server_time":1522074346,"tzshift":28800,"location":[51.494009,-0.15522353],"unit":"metric","result":{"status":"ok","temperature":12.57,"skycon":"CLEAR_NIGHT","cloudrate":0.13,"aqi":10.0,"humidity":0.35,"pres":101329.64,"pm25":10.0,"precipitation":{"nearest":{"status":"ok","distance":88.81,"intensity":0.1875},"local":{"status":"ok","intensity":0.0,"datasource":"gfs"}},"wind":{"direction":270.12,"speed":9.41}}}
{"status":"ok","lang":"zh_CN","server_time":1522077943,"tzshift":28800,"location":[51.494009,-0.15522353],"unit":"metric","result":{"status":"ok","temperature":12.51,"skycon":"CLEAR_NIGHT","cloudrate":0.2,"aqi":10.0,"humidity":0.37,"pres":101287.36,"pm25":10.0,"precipitation":{"nearest":{"status":"ok","distance":634.96,"intensity":0.1875},"local":{"status":"ok","intensity":0.0,"datasource":"gfs"}},"wind":{"direction":264.15,"speed":9.74}}}
