{"status":"ok","lang":"zh_CN","server_time":1521995144,"tzshift":28800,"location":[51.494009,-0.05522353],"unit":"metric","result":{"status":"ok","temperature":11.88,"skycon":"PARTLY_CLOUDY_NIGHT","cloudrate":0.73,"aqi":10.0,"humidity":0.52,"pres":100801.31,"pm25":10.0,"precipitation":{"nearest":{"status":"ok","distance":173.39,"intensity":0.1875},"local":{"status":"ok","intensity":0.0,"datasource":"gfs"}},"wind":{"direction":13.11,"speed":9.33}}}
{"status":"ok","lang":"zh_CN","server_time":1521996344,"tzshift":28800,"location":[51.494009,-0.05522353],"unit":"metric","result":{"status":"ok","temperature":11.88,"skycon":"PARTLY_CLOUDY_NIGHT","cloudrate":0.73,"aqi":10.0,"humidity":0.52,"pres":100801.31,"pm25":10.0,"precipitation":{"nearest":{"status":"ok","distance":566.02,"intensity":0.25},"local":{"status":"ok","intensity":0.0,"datasource":"gfs"}},"wind":{"direction":13.11,"speed":9.33}}}
{"status":"ok","lang":"zh_CN","server_time":1521998746,"tzshift":28800,"location":[51.494009,-0.05522353],"unit":"metric","result":{"status":"ok","temperature":13.31,"skycon":"PARTLY_CLOUDY_NIGHT","cloudrate":0.75,"aqi":10.0,"humidity":0.35,"pres":101294.62,"pm25":10.0,"precipitation":{"nearest":{"status":"ok","distance":177.97,"intensity":0.1875},"local":{"status":"ok","intensity":0.0,"datasource":"gfs"}},"wind":{"direction":7.75,"speed":9.88}}}
{"status":"ok","lang":"zh_CN","server_time":1521999946,"tzshift":28800,"location":[51.494009,-0.05522353],"unit":"metric","result":{"status":"ok","temperature":11.35,"skycon":"PARTLY_CLOUDY_NIGHT","cloudrate":0.77,"aqi":10.0,"humidity":0.54,"pres":100832.12,"pm25":10.0,"precipitation":{"nearest":{"status":"ok","distance":235.67,"intensity":0.1875},"local":{"status":"ok","intensity":0.0,"datasource":"gfs"}},"wind":{"direction":7.69,"speed":9.22}}}
{"status":"ok","lang":"zh_CN","server_time":1522002350,"tzshift":28800,"location":[51.494009,-0.05522353],"unit":"metric","result":{"status":"ok","temperature":10.74,"skycon":"CLOUDY","cloudrate":0.83,"aqi":10.0,"humidity":0.57,"pres":100872.94,"pm25":10.0,"precipitation":{"nearest":{"status":"ok","distance":10000.0,"intensity":0.0},"local":{"status":"ok","intensity":0.0,"datasource":"gfs"}},"wind":{"direction":2.38,"speed":8.57}}}
{"status":"ok","lang":"zh_CN","server_time":1522003541,"tzshift":28800,"location":[51.494009,-0.05522353],"unit":"metric","result":{"status":"ok","temperature":10.74,"skycon":"CLOUDY","cloudrate":0.83,"aqi":10.0,"humidity":0.57,"pres":100872.94,"pm25":10.0,"precipitation":{"nearest":{"status":"ok","distance":108.22,"intensity":0.1875},"local":{"status":"ok","intensity":0.0,"datasource":"gfs"}},"wind":{"direction":2.38,"speed":8.57}}}
{"status":"ok","lang":"zh_CN","server_time":1522005942,"tzshift":28800,"location":[51.494009,-0.05522353],"unit":"metric","result":{"status":"ok","temperature":10.13,"skycon":"CLOUDY","cloudrate":0.9,"aqi":10.0,"humidity":0.6,"pres":100926.01,"pm25":10.0,"precipitation":{"nearest":{"status":"ok","distance":10000.0,"intensity":0.0},"local":{"status":"ok","intensity":0.0,"datasource":"gfs"}},"wind":{"direction":357.04,"speed":7.1}}}
{"status":"ok","lang":"zh_CN","server_time":1522007140,"tzshift":28800,"location":[51.494009,-0.05522353],"unit":"metric","result":{"status":"ok","temperature":10.13,"skycon":"CLOUDY","cloudrate":0.9,"aqi":10.0,"humidity":0.6,"pres":100926.01,"pm25":10.0,"precipitation":{"nearest":{"status":"ok","distance":125.14,"intensity":0.1875},"local":{"status":"ok","intensity":0.0,"datasource":"gfs"}},"wind":{"direction":357.04,"speed":7.1}}}
{"status":"ok","lang":"zh_CN","server_time":1522009540,"tzshift":28800,"location":[51.494009,-0.05522353],"unit":"metric","result":{"status":"ok","temperature":12.51,"skycon":"CLOUDY","cloudrate":0.96,"aqi":10.0,"humidity":0.44,"pres":101455.05,"pm25":10.0,"precipitation":{"nearest":{"status":"ok","distance":1.18,"intensity":0.1875},"local":{"status":"ok","intensity":0.0,"datasource":"gfs"}},"wind":{"direction":341.84,"speed":6.95}}}
{"status":"ok","lang":"zh_CN","server_time":1522010740,"tzshift":28800,"location":[51.494009,-0.05522353],"unit":"metric","result":{"status":"ok","temperature":9.52,"skycon":"CLOUDY","cloudrate":0.95,"aqi":10,"humidity":0.63,"pres":100986.02,"pm25":10,"precipitation":{"nearest":{"status":"ok","distance":10000.0,"intensity":0.0},"local":{"status":"ok","intensity":0.0,"datasource":"gfs"}},"wind":{"direction":349.91,"speed":5.56}}}
{"status":"ok","lang":"zh_CN","server_time":1522013142,"tzshift":28800,"location":[51.494009,-0.05522353],"unit":"metric","result":{"status":"ok","temperature":11.91,"skycon":"CLOUDY","cloudrate":0.95,"aqi":10.0,"humidity":0.47,"pres":101515.44,"pm25":10.0,"precipitation":{"nearest":{"status":"ok","distance":10000.0,"intensity":0.0},"local":{"status":"ok","intensity":0.0,"datasource":"gfs"}},"wind":{"direction":332.27,"speed":6.04}}}
{"status":"ok","lang":"zh_CN","server_time":1522014343,"tzshift":28800,"location":[51.494009,-0.05522353],"unit":"metric","result":{"status":"ok","temperature":9.42,"skycon":"RAIN","cloudrate":1.0,"aqi":10.0,"humidity":0.65,"pres":101064.11,"pm25":10.0,"precipitation":{"nearest":{"status":"ok","distance":183.63,"intensity":0.1875},"local":{"status":"ok","intensity":0.0596,"datasource":"gfs"}},"wind":{"direction":321.56,"speed":3.96}}}
{"status":"failed", "error":"'API quota is exhausted'"}
{"status":"ok","lang":"zh_CN","server_time":1522017948,"tzshift":28800,"location":[51.484009,-0.05522353],"unit":"metric","result":{"status":"ok","temperature":8.66,"skycon":"RAIN","cloudrate":0.96,"aqi":10.0,"humidity":0.67,"pres":101068.16,"pm25":10.0,"precipitation":{"nearest":{"status":"ok","distance":10000.0,"intensity":0.0},"local":{"status":"ok","intensity":0.0611,"datasource":"gfs"}},"wind":{"direction":317.3,"speed":4.82}}}
{"status":"failed", "error":"'API quota is exhausted'"}
{"status":"failed", "error":"'API quota is exhausted'"}
{"status":"failed", "error":"'API quota is exhausted'"}
{"status":"failed", "error":"'API quota is exhausted'"}
{"status":"failed", "error":"'API quota is exhausted'"}
{"status":"failed", "error":"'API quota is exhausted'"}
{"status":"failed", "error":"'API quota is exhausted'"}
{"status":"failed", "error":"'API quota is exhausted'"}
{"status":"failed", "error":"'API quota is exhausted'"}
{"status":"failed", "error":"'API quota is exhausted'"}
{"status":"failed", "error":"'API quota is exhausted'"}
{"status":"failed", "error":"'API quota is exhausted'"}
{"status":"failed", "error":"'API quota is exhausted'"}
{"status":"failed", "error":"'API quota is exhausted'"}
{"status":"failed", "error":"'API quota is exhausted'"}
{"status":"failed", "error":"'API quota is exhausted'"}
{"status":"failed", "error":"'API quota is exhausted'"}
{"status":"failed", "error":"'API quota is exhausted'"}
{"status":"failed", "error":"'API quota is exhausted'"}
{"status":"failed", "error":"'API quota is exhausted'"}
{"status":"failed", "error":"'API quota is exhausted'"}
{"status":"ok","lang":"zh_CN","server_time":1522057549,"tzshift":28800,"location":[51.484009,-0.05522353],"unit":"metric","result":{"status":"ok","temperature":8.08,"skycon":"CLEAR_DAY","cloudrate":0.0,"aqi":10,"humidity":0.57,"pres":101349.63,"pm25":10,"precipitation":{"nearest":{"status":"ok","distance":304.72,"intensity":0.1875},"local":{"status":"ok","intensity":0.0,"datasource":"gfs"}},"wind":{"direction":323.14,"speed":6.32}}}
{"status":"failed", "error":"'API quota is exhausted'"}
{"status":"failed", "error":"'API quota is exhausted'"}
{"status":"failed", "error":"'API quota is exhausted'"}
{"status":"failed", "error":"'API quota is exhausted'"}
{"status":"ok","lang":"zh_CN","server_time":1522067150,"tzshift":28800,"location":[51.484009,-0.05522353],"unit":"metric","result":{"status":"ok","temperature":11.65,"skycon":"CLEAR_NIGHT","cloudrate":0.0,"aqi":10.0,"humidity":0.38,"pres":101360.53,"pm25":10.0,"precipitation":{"nearest":{"status":"ok","distance":10000.0,"intensity":0.0},"local":{"status":"ok","intensity":0.0,"datasource":"gfs"}},"wind":{"direction":288.59,"speed":7.5}}}
{"status":"ok","lang":"zh_CN","server_time":1522068344,"tzshift":28800,"location":[51.494009,-0.05522353],"unit":"metric","result":{"status":"ok","temperature":11.72,"skycon":"CLEAR_NIGHT","cloudrate":0.0,"aqi":10.0,"humidity":0.37,"pres":101403.42,"pm25":10.0,"precipitation":{"nearest":{"status":"ok","distance":184.68,"intensity":0.1875},"local":{"status":"ok","intensity":0.0,"datasource":"gfs"}},"wind":{"direction":288.68,"speed":7.44}}}
{"status":"ok","lang":"zh_CN","server_time":1522068344,"tzshift":28800,"location":[51.494009,-0.05522353],"unit":"metric","result":{"status":"ok","temperature":11.72,"skycon":"CLEAR_NIGHT","cloudrate":0.0,"aqi":10.0,"humidity":0.37,"pres":101403.42,"pm25":10.0,"precipitation":{"nearest":{"status":"ok","distance":184.68,"intensity":0.1875},"local":{"status":"ok","intensity":0.0,"datasource":"gfs"}},"wind":{"direction":288.68,"speed":7.44}}}
{"status":"ok","lang":"zh_CN","server_time":1522070750,"tzshift":28800,"location":[51.494009,-0.05522353],"unit":"metric","result":{"status":"ok","temperature":13.67,"skycon":"CLEAR_NIGHT","cloudrate":0.02,"aqi":10.0,"humidity":0.2,"pres":101845.58,"pm25":10.0,"precipitation":{"nearest":{"status":"ok","distance":994.32,"intensity":0.1875},"local":{"status":"ok","intensity":0.0,"datasource":"gfs"}},"wind":{"direction":280.61,"speed":6.13}}}
{"status":"ok","lang":"zh_CN","server_time":1522074349,"tzshift":28800,"location":[51.494009,-0.05522353],"unit":"metric","result":{"status":"ok","temperature":12.6,"skycon":"CLEAR_NIGHT","cloudrate":0.15,"aqi":10.0,"humidity":0.35,"pres":101341.89,"pm25":10.0,"precipitation":{"nearest":{"status":"ok","distance":10000.0,"intensity":0.0},"local":{"status":"ok","intensity":0.0,"datasource":"gfs"}},"wind":{"direction":272.31,"speed":9.15}}}
{"status":"ok","lang":"zh_CN","server_time":1522077945,"tzshift":28800,"location":[51.494009,-0.05522353],"unit":"metric","result":{"status":"ok","temperature":12.53,"skycon":"PARTLY_CLOUDY_NIGHT","cloudrate":0.23,"aqi":10.0,"humidity":0.36,"pres":101299.96,"pm25":10.0,"precipitation":{"local":{"status":"ok","intensity":0.0,"datasource":"gfs"}},"wind":{"direction":266.14,"speed":9.44}}}
