{"status":"ok","lang":"zh_CN","server_time":1521995140,"tzshift":28800,"location":[51.494009,-0.23522353],"unit":"metric","result":{"status":"ok","temperature":11.97,"skycon":"CLOUDY","cloudrate":0.84,"aqi":10,"humidity":0.52,"pres":100779.44,"pm25":10,"precipitation":{"nearest":{"status":"ok","distance":10000.0,"intensity":0.0},"local":{"status":"ok","intensity":0.0,"datasource":"gfs"}},"wind":{"direction":8.57,"speed":9.6}}}
{"status":"ok","lang":"zh_CN","server_time":1521996340,"tzshift":28800,"location":[51.494009,-0.23522353],"unit":"metric","result":{"status":"ok","temperature":12.7,"skycon":"PARTLY_CLOUDY_NIGHT","cloudrate":0.76,"aqi":10,"humidity":0.42,"pres":101051.43,"pm25":10,"precipitation":{"nearest":{"status":"ok","distance":225.06,"intensity":0.1875},"local":{"status":"ok","intensity":0.0,"datasource":"gfs"}},"wind":{"direction":8.2,"speed":8.98}}}
{"status":"ok","lang":"zh_CN","server_time":1521998742,"tzshift":28800,"location":[51.494009,-0.23522353],"unit":"metric","result":{"status":"ok","temperature":11.43,"skycon":"CLOUDY","cloudrate":0.85,"aqi":10.0,"humidity":0.54,"pres":100812.42,"pm25":10.0,"precipitation":{"nearest":{"status":"ok","distance":23.23,"intensity":0.1875},"local":{"status":"ok","intensity":0.0,"datasource":"gfs"}},"wind":{"direction":3.74,"speed":9.69}}}
{"status":"ok","lang":"zh_CN","server_time":1521999942,"tzshift":28800,"location":[51.494009,-0.23522353],"unit":"metric","result":{"status":"ok","temperature":12.42,"skycon":"PARTLY_CLOUDY_NIGHT","cloudrate":0.79,"aqi":10.0,"humidity":0.45,"pres":101085.19,"pm25":10.0,"precipitation":{"nearest":{"status":"ok","distance":167.01,"intensity":0.1875},"local":{"status":"ok","intensity":0.0035,"datasource":"gfs"}},"wind":{"direction":3.3,"speed":9.81}}}
{"status":"ok","lang":"zh_CN","server_time":1522002345,"tzshift":28800,"location":[51.494009,-0.23522353],"unit":"metric","result":{"status":"ok","temperature":10.79,"skycon":"CLOUDY","cloudrate":0.87,"aqi":10.0,"humidity":0.57,"pres":100854.72,"pm25":10.0,"precipitation":{"nearest":{"status":"ok","distance":618.36,"intensity":0.25},"local":{"status":"ok","intensity":0.0028,"datasource":"gfs"}},"wind":{"direction":357.97,"speed":9.21}}}
{"status":"ok","lang":"zh_CN","server_time":1522003537,"tzshift":28800,"location":[51.494009,-0.23522353],"unit":"metric","result":{"status":"ok","temperature":10.79,"skycon":"CLOUDY","cloudrate":0.87,"aqi":10.0,"humidity":0.57,"pres":100854.72,"pm25":10.0,"precipitation":{"nearest":{"status":"ok","distance":149.2,"intensity":0.1875},"local":{"status":"ok","intensity":0.0028,"datasource":"gfs"}},"wind":{"direction":357.97,"speed":9.21}}}
{"status":"ok","lang":"zh_CN","server_time":1522005938,"tzshift":28800,"location":[51.494009,-0.23522353],"unit":"metric","result":{"status":"ok","temperature":10.12,"skycon":"CLOUDY","cloudrate":0.91,"aqi":10.0,"humidity":0.6,"pres":100908.09,"pm25":10.0,"precipitation":{"nearest":{"status":"ok","distance":10000.0,"intensity":0.0},"local":{"status":"ok","intensity":0.0,"datasource":"gfs"}},"wind":{"direction":349.81,"speed":7.98}}}
{"status":"ok","lang":"zh_CN","server_time":1522007136,"tzshift":28800,"location":[51.494009,-0.23522353],"unit":"metric","result":{"status":"ok","temperature":10.12,"skycon":"CLOUDY","cloudrate":0.91,"aqi":10.0,"humidity":0.6,"pres":100908.09,"pm25":10.0,"precipitation":{"nearest":{"status":"ok","distance":10000.0,"intensity":0.0},"local":{"status":"ok","intensity":0.0,"datasource":"gfs"}},"wind":{"direction":349.81,"speed":7.98}}}
{"status":"ok","lang":"zh_CN","server_time":1522009536,"tzshift":28800,"location":[51.494009,-0.23522353],"unit":"metric","result":{"status":"ok","temperature":9.44,"skycon":"CLOUDY","cloudrate":0.94,"aqi":10.0,"humidity":0.62,"pres":100967.82,"pm25":10.0,"precipitation":{"nearest":{"status":"ok","distance":233.63,"intensity":0.1875},"local":{"status":"ok","intensity":0.0,"datasource":"gfs"}},"wind":{"direction":339.25,"speed":6.77}}}
{"status":"ok","lang":"zh_CN","server_time":1522010736,"tzshift":28800,"location":[51.494009,-0.23522353],"unit":"metric","result":{"status":"ok","temperature":9.44,"skycon":"CLOUDY","cloudrate":0.94,"aqi":10.0,"humidity":0.62,"pres":100967.82,"pm25":10.0,"precipitation":{"nearest":{"status":"ok","distance":10000.0,"intensity":0.0},"local":{"status":"ok","intensity":0.0,"datasource":"gfs"}},"wind":{"direction":339.25,"speed":6.77}}}
{"status":"ok","lang":"zh_CN","server_time":1522013138,"tzshift":28800,"location":[51.494009,-0.23522353],"unit":"metric","result":{"status":"ok","temperature":10.24,"skycon":"CLOUDY","cloudrate":0.87,"aqi":10.0,"humidity":0.55,"pres":101306.46,"pm25":10.0,"precipitation":{"nearest":{"status":"ok","distance":671.49,"intensity":0.25},"local":{"status":"ok","intensity":0.0,"datasource":"gfs"}},"wind":{"direction":328.72,"speed":6.56}}}
{"status":"failed", "error":"'API quota is exhausted'"}
{"status":"failed", "error":"'API quota is exhausted'"}
{"status":"ok","lang":"zh_CN","server_time":1522017939,"tzshift":28800,"location":[51.494009,-0.23522353],"unit":"metric","result":{"status":"ok","temperature":8.39,"skycon":"CLOUDY","cloudrate":0.93,"aqi":10.0,"humidity":0.67,"pres":101091.09,"pm25":10.0,"precipitation":{"nearest":{"status":"ok","distance":59.5,"intensity":0.25},"local":{"status":"ok","intensity":0.0254,"datasource":"gfs"}},"wind":{"direction":313.89,"speed":5.77}}}
{"status":"failed", "error":"'API quota is exhausted'"}
{"status":"failed", "error":"'API quota is exhausted'"}
{"status":"failed", "error":"'API quota is exhausted'"}
{"status":"failed", "error":"'API quota is exhausted'"}
{"status":"failed", "error":"'API quota is exhausted'"}
{"status":"failed", "error":"'API quota is exhausted'"}
{"status":"failed", "error":"'API quota is exhausted'"}
{"status":"failed", "error":"'API quota is exhausted'"}
{"status":"failed", "error":"'API quota is exhausted'"}
{"status":"failed", "error":"'API quota is exhausted'"}
{"status":"failed", "error":"'API quota is exhausted'"}
{"status":"failed", "error":"'API quota is exhausted'"}
{"status":"failed", "error":"'API quota is exhausted'"}
{"status":"ok","lang":"zh_CN","server_time":1522043154,"tzshift":28800,"location":[51.474009,-0.23522353],"unit":"metric","result":{"status":"ok","temperature":4.96,"skycon":"PARTLY_CLOUDY_DAY","cloudrate":0.3,"aqi":10.0,"humidity":0.72,"pres":101200.59,"pm25":10.0,"precipitation":{"nearest":{"status":"ok","distance":185.08,"intensity":0.25},"local":{"status":"ok","intensity":0.0,"datasource":"gfs"}},"wind":{"direction":334.0,"speed":7.59}}}
{"status":"failed", "error":"'API quota is exhausted'"}
{"status":"ok","lang":"zh_CN","server_time":1522046751,"tzshift":28800,"location":[51.474009,-0.23522353],"unit":"metric","result":{"status":"ok","temperature":4.68,"skycon":"PARTLY_CLOUDY_DAY","cloudrate":0.23,"aqi":10.0,"humidity":0.72,"pres":101226.21,"pm25":10.0,"precipitation":{"nearest":{"status":"ok","distance":10000.0,"intensity":0.0},"local":{"status":"ok","intensity":0.0,"datasource":"gfs"}},"wind":{"direction":330.26,"speed":7.4}}}
{"status":"failed", "error":"'API quota is exhausted'"}
{"status":"failed", "error":"'API quota is exhausted'"}
{"status":"failed", "error":"'API quota is exhausted'"}
{"status":"failed", "error":"'API quota is exhausted'"}
{"status":"failed", "error":"'API quota is exhausted'"}
{"status":"failed", "error":"'API quota is exhausted'"}
{"status":"failed", "error":"'API quota is exhausted'"}
{"status":"failed", "error":"'API quota is exhausted'"}
{"status":"failed", "error":"'API quota is exhausted'"}
{"status":"failed", "error":"'API quota is exhausted'"}
{"status":"failed", "error":"'API quota is exhausted'"}
{"status":"ok","lang":"zh_CN","server_time":1522068340,"tzshift":28800,"location":[51.494009,-0.23522353],"unit":"metric","result":{"status":"ok","temperature":11.62,"skycon":"CLEAR_NIGHT","cloudrate":0.0,"aqi":10.0,"humidity":0.38,"pres":101381.86,"pm25":10.0,"precipitation":{"local":{"status":"ok","intensity":0.0,"datasource":"gfs"}},"wind":{"direction":283.13,"speed":7.42}}}
{"status":"ok","lang":"zh_CN","server_time":1522068340,"tzshift":28800,"location":[51.494009,-0.23522353],"unit":"metric","result":{"status":"ok","temperature":11.62,"skycon":"CLEAR_NIGHT","cloudrate":0.0,"aqi":10.0,"humidity":0.38,"pres":101381.86,"pm25":10.0,"precipitation":{"local":{"status":"ok","intensity":0.0,"datasource":"gfs"}},"wind":{"direction":283.13,"speed":7.42}}}
{"status":"ok","lang":"zh_CN","server_time":1522070745,"tzshift":28800,"location":[51.494009,-0.23522353],"unit":"metric","result":{"status":"ok","temperature":12.26,"skycon":"CLEAR_NIGHT","cloudrate":0.05,"aqi":10.0,"humidity":0.36,"pres":101356.73,"pm25":10.0,"precipitation":{"local":{"status":"ok","intensity":0.0,"datasource":"gfs"}},"wind":{"direction":274.67,"speed":8.65}}}
{"status":"ok","lang":"zh_CN","server_time":1522074344,"tzshift":28800,"location":[51.494009,-0.23522353],"unit":"metric","result":{"status":"ok","temperature":12.55,"skycon":"CLEAR_NIGHT","cloudrate":0.11,"aqi":10,"humidity":0.36,"pres":101319.83,"pm25":10,"precipitation":{"local":{"status":"ok","intensity":0.0,"datasource":"gfs"}},"wind":{"direction":268.46,"speed":9.63}}}
{"status":"ok","lang":"zh_CN","server_time":1522077941,"tzshift":28800,"location":[51.494009,-0.23522353],"unit":"metric","result":{"status":"ok","temperature":12.49,"skycon":"CLEAR_NIGHT","cloudrate":0.17,"aqi":10.0,"humidity":0.37,"pres":101277.27,"pm25":10.0,"precipitation":{"local":{"status":"ok","intensity":0.0,"datasource":"gfs"}},"wind":{"direction":262.65,"speed":9.98}}}
