{"status":"ok","lang":"zh_CN","server_time":1521995142,"tzshift":28800,"location":[51.494009,-0.11522353],"unit":"metric","result":{"status":"ok","temperature":11.91,"skycon":"PARTLY_CLOUDY_NIGHT","cloudrate":0.77,"aqi":10.0,"humidity":0.52,"pres":100794.02,"pm25":10.0,"precipitation":{"nearest":{"status":"ok","distance":10000.0,"intensity":0.0},"local":{"status":"ok","intensity":0.0,"datasource":"gfs"}},"wind":{"direction":11.57,"speed":9.41}}}
{"status":"ok","lang":"zh_CN","server_time":1521996343,"tzshift":28800,"location":[51.494009,-0.11522353],"unit":"metric","result":{"status":"ok","temperature":11.91,"skycon":"PARTLY_CLOUDY_NIGHT","cloudrate":0.77,"aqi":10.0,"humidity":0.52,"pres":100794.02,"pm25":10.0,"precipitation":{"nearest":{"status":"ok","distance":225.06,"intensity":0.1875},"local":{"status":"ok","intensity":0.0,"datasource":"gfs"}},"wind":{"direction":11.57,"speed":9.41}}}
{"status":"ok","lang":"zh_CN","server_time":1521998744,"tzshift":28800,"location":[51.494009,-0.11522353],"unit":"metric","result":{"status":"ok","temperature":13.01,"skycon":"PARTLY_CLOUDY_NIGHT","cloudrate":0.76,"aqi":10.0,"humidity":0.38,"pres":101224.81,"pm25":10.0,"precipitation":{"nearest":{"status":"ok","distance":8.18,"intensity":0.1875},"local":{"status":"ok","intensity":0.0,"datasource":"gfs"}},"wind":{"direction":6.28,"speed":9.85}}}
{"status":"ok","lang":"zh_CN","server_time":1521999945,"tzshift":28800,"location":[51.494009,-0.11522353],"unit":"metric","result":{"status":"ok","temperature":13.01,"skycon":"PARTLY_CLOUDY_NIGHT","cloudrate":0.76,"aqi":10.0,"humidity":0.38,"pres":101224.81,"pm25":10.0,"precipitation":{"nearest":{"status":"ok","distance":278.03,"intensity":0.1875},"local":{"status":"ok","intensity":0.0,"datasource":"gfs"}},"wind":{"direction":6.28,"speed":9.85}}}
{"status":"ok","lang":"zh_CN","server_time":1522002348,"tzshift":28800,"location":[51.494009,-0.11522353],"unit":"metric","result":{"status":"ok","temperature":12.81,"skycon":"CLOUDY","cloudrate":0.82,"aqi":10.0,"humidity":0.41,"pres":101268.98,"pm25":10.0,"precipitation":{"nearest":{"status":"ok","distance":10000.0,"intensity":0.0},"local":{"status":"ok","intensity":0.0147,"datasource":"gfs"}},"wind":{"direction":0.23,"speed":10.11}}}
{"status":"ok","lang":"zh_CN","server_time":1522003540,"tzshift":28800,"location":[51.494009,-0.11522353],"unit":"metric","result":{"status":"ok","temperature":12.81,"skycon":"CLOUDY","cloudrate":0.82,"aqi":10.0,"humidity":0.41,"pres":101268.98,"pm25":10.0,"precipitation":{"nearest":{"status":"ok","distance":10000.0,"intensity":0.0},"local":{"status":"ok","intensity":0.0147,"datasource":"gfs"}},"wind":{"direction":0.23,"speed":10.11}}}
{"status":"ok","lang":"zh_CN","server_time":1522005940,"tzshift":28800,"location":[51.494009,-0.11522353],"unit":"metric","result":{"status":"ok","temperature":10.13,"skycon":"CLOUDY","cloudrate":0.9,"aqi":10.0,"humidity":0.6,"pres":100920.04,"pm25":10.0,"precipitation":{"nearest":{"status":"ok","distance":10000.0,"intensity":0.0},"local":{"status":"ok","intensity":0.0,"datasource":"gfs"}},"wind":{"direction":354.44,"speed":7.38}}}
{"status":"ok","lang":"zh_CN","server_time":1522007139,"tzshift":28800,"location":[51.494009,-0.11522353],"unit":"metric","result":{"status":"ok","temperature":10.13,"skycon":"CLOUDY","cloudrate":0.9,"aqi":10.0,"humidity":0.6,"pres":100920.04,"pm25":10.0,"precipitation":{"nearest":{"status":"ok","distance":160.53,"intensity":0.1875},"local":{"status":"ok","intensity":0.0,"datasource":"gfs"}},"wind":{"direction":354.44,"speed":7.38}}}
{"status":"ok","lang":"zh_CN","server_time":1522009539,"tzshift":28800,"location":[51.494009,-0.11522353],"unit":"metric","result":{"status":"ok","temperature":9.49,"skycon":"CLOUDY","cloudrate":0.95,"aqi":10.0,"humidity":0.63,"pres":100979.95,"pm25":10.0,"precipitation":{"nearest":{"status":"ok","distance":10000.0,"intensity":0.0},"local":{"status":"ok","intensity":0.0,"datasource":"gfs"}},"wind":{"direction":345.88,"speed":5.94}}}
{"status":"ok","lang":"zh_CN","server_time":1522010739,"tzshift":28800,"location":[51.494009,-0.11522353],"unit":"metric","result":{"status":"ok","temperature":11.99,"skycon":"CLOUDY","cloudrate":0.93,"aqi":10.0,"humidity":0.47,"pres":101385.26,"pm25":10.0,"precipitation":{"nearest":{"status":"ok","distance":10000.0,"intensity":0.0},"local":{"status":"ok","intensity":0.0,"datasource":"gfs"}},"wind":{"direction":340.16,"speed":7.01}}}
{"status":"ok","lang":"zh_CN","server_time":1522013140,"tzshift":28800,"location":[51.494009,-0.11522353],"unit":"metric","result":{"status":"ok","temperature":8.82,"skycon":"CLOUDY","cloudrate":0.94,"aqi":10.0,"humidity":0.64,"pres":101039.73,"pm25":10.0,"precipitation":{"nearest":{"status":"ok","distance":10000.0,"intensity":0.0},"local":{"status":"ok","intensity":0.0,"datasource":"gfs"}},"wind":{"direction":337.79,"speed":5.4}}}
{"status":"ok","lang":"zh_CN","server_time":1522014342,"tzshift":28800,"location":[51.494009,-0.11522353],"unit":"metric","result":{"status":"ok","temperature":9.32,"skycon":"RAIN","cloudrate":1.0,"aqi":10.0,"humidity":0.65,"pres":101057.66,"pm25":10.0,"precipitation":{"nearest":{"status":"ok","distance":10000.0,"intensity":0.0},"local":{"status":"ok","intensity":0.0519,"datasource":"gfs"}},"wind":{"direction":318.0,"speed":4.35}}}
{"status":"ok","lang":"zh_CN","server_time":1522016751,"tzshift":28800,"location":[51.474009,-0.11522353],"unit":"metric","result":{"status":"ok","temperature":8.48,"skycon":"RAIN","cloudrate":0.95,"aqi":10.0,"humidity":0.68,"pres":101024.73,"pm25":10.0,"precipitation":{"nearest":{"status":"ok","distance":10000.0,"intensity":0.0},"local":{"status":"ok","intensity":0.0542,"datasource":"gfs"}},"wind":{"direction":316.25,"speed":5.11}}}
{"status":"ok","lang":"zh_CN","server_time":1522017952,"tzshift":28800,"location":[51.474009,-0.11522353],"unit":"metric","result":{"status":"ok","temperature":8.48,"skycon":"RAIN","cloudrate":0.95,"aqi":10.0,"humidity":0.68,"pres":101024.73,"pm25":10.0,"precipitation":{"nearest":{"status":"ok","distance":99.75,"intensity":0.25},"local":{"status":"ok","intensity":0.0542,"datasource":"gfs"}},"wind":{"direction":316.25,"speed":5.11}}}
{"status":"failed", "error":"'API quota is exhausted'"}
{"status":"failed", "error":"'API quota is exhausted'"}
{"status":"ok","lang":"zh_CN","server_time":1522024121,"tzshift":28800,"location":[51.494009,-0.11522353],"unit":"metric","result":{"status":"ok","temperature":9.33,"skycon":"RAIN","cloudrate":0.62,"aqi":10.0,"humidity":0.53,"pres":101566.38,"pm25":10.0,"precipitation":{"nearest":{"status":"ok","distance":308.43,"intensity":0.1875},"local":{"status":"ok","intensity":0.0511,"datasource":"gfs"}},"wind":{"direction":337.61,"speed":7.35}}}
{"status":"failed", "error":"'API quota is exhausted'"}
{"status":"failed", "error":"'API quota is exhausted'"}
{"status":"ok","lang":"zh_CN","server_time":1522028753,"tzshift":28800,"location":[51.474009,-0.11522353],"unit":"metric","result":{"status":"ok","temperature":6.57,"skycon":"PARTLY_CLOUDY_DAY","cloudrate":0.43,"aqi":10,"humidity":0.68,"pres":101088.7,"pm25":10,"precipitation":{"nearest":{"status":"ok","distance":133.13,"intensity":0.1875},"local":{"status":"ok","intensity":0.0,"datasource":"gfs"}},"wind":{"direction":332.31,"speed":8.19}}}
{"status":"failed", "error":"'API quota is exhausted'"}
{"status":"failed", "error":"'API quota is exhausted'"}
{"status":"failed", "error":"'API quota is exhausted'"}
{"status":"failed", "error":"'API quota is exhausted'"}
{"status":"failed", "error":"'API quota is exhausted'"}
{"status":"failed", "error":"'API quota is exhausted'"}
{"status":"failed", "error":"'API quota is exhausted'"}
{"status":"failed", "error":"'API quota is exhausted'"}
{"status":"failed", "error":"'API quota is exhausted'"}
{"status":"ok","lang":"zh_CN","server_time":1522046744,"tzshift":28800,"location":[51.494009,-0.11522353],"unit":"metric","result":{"status":"ok","temperature":4.99,"skycon":"PARTLY_CLOUDY_DAY","cloudrate":0.25,"aqi":10,"humidity":0.71,"pres":101309.58,"pm25":10,"precipitation":{"nearest":{"status":"ok","distance":10000.0,"intensity":0.0},"local":{"status":"ok","intensity":0.0,"datasource":"gfs"}},"wind":{"direction":329.07,"speed":7.3}}}
{"status":"failed", "error":"'API quota is exhausted'"}
{"status":"failed", "error":"'API quota is exhausted'"}
{"status":"failed", "error":"'API quota is exhausted'"}
{"status":"failed", "error":"'API quota is exhausted'"}
{"status":"failed", "error":"'API quota is exhausted'"}
{"status":"failed", "error":"'API quota is exhausted'"}
{"status":"failed", "error":"'API quota is exhausted'"}
{"status":"failed", "error":"'API quota is exhausted'"}
{"status":"failed", "error":"'API quota is exhausted'"}
{"status":"failed", "error":"'API quota is exhausted'"}
{"status":"failed", "error":"'API quota is exhausted'"}
{"status":"ok","lang":"zh_CN","server_time":1522068343,"tzshift":28800,"location":[51.494009,-0.11522353],"unit":"metric","result":{"status":"ok","temperature":11.68,"skycon":"CLEAR_NIGHT","cloudrate":0.0,"aqi":10.0,"humidity":0.37,"pres":101396.24,"pm25":10.0,"precipitation":{"local":{"status":"ok","intensity":0.0,"datasource":"gfs"}},"wind":{"direction":286.84,"speed":7.43}}}
{"status":"ok","lang":"zh_CN","server_time":1522068343,"tzshift":28800,"location":[51.494009,-0.11522353],"unit":"metric","result":{"status":"ok","temperature":11.68,"skycon":"CLEAR_NIGHT","cloudrate":0.0,"aqi":10.0,"humidity":0.37,"pres":101396.24,"pm25":10.0,"precipitation":{"local":{"status":"ok","intensity":0.0,"datasource":"gfs"}},"wind":{"direction":286.84,"speed":7.43}}}
{"status":"ok","lang":"zh_CN","server_time":1522070748,"tzshift":28800,"location":[51.494009,-0.11522353],"unit":"metric","result":{"status":"ok","temperature":12.31,"skycon":"CLEAR_NIGHT","cloudrate":0.06,"aqi":10.0,"humidity":0.35,"pres":101371.23,"pm25":10.0,"precipitation":{"nearest":{"status":"ok","distance":10000.0,"intensity":0.0},"local":{"status":"ok","intensity":0.0,"datasource":"gfs"}},"wind":{"direction":277.84,"speed":8.47}}}
{"status":"ok","lang":"zh_CN","server_time":1522074347,"tzshift":28800,"location":[51.494009,-0.11522353],"unit":"metric","result":{"status":"ok","temperature":13.56,"skycon":"CLEAR_NIGHT","cloudrate":0.05,"aqi":10,"humidity":0.23,"pres":101737.07,"pm25":10,"precipitation":{"nearest":{"status":"ok","distance":247.76,"intensity":0.1875},"local":{"status":"ok","intensity":0.0,"datasource":"gfs"}},"wind":{"direction":270.28,"speed":7.84}}}
{"status":"ok","lang":"zh_CN","server_time":1522077944,"tzshift":28800,"location":[51.494009,-0.11522353],"unit":"metric","result":{"status":"ok","temperature":12.52,"skycon":"PARTLY_CLOUDY_NIGHT","cloudrate":0.21,"aqi":10,"humidity":0.36,"pres":101292.4,"pm25":10,"precipitation":{"local":{"status":"ok","intensity":0.0,"datasource":"gfs"}},"wind":{"direction":264.93,"speed":9.62}}}
