{"status":"ok","lang":"zh_CN","server_time":1521995154,"tzshift":28800,"location":[51.474009,0.03522353],"unit":"metric","result":{"status":"ok","temperature":11.67,"skycon":"PARTLY_CLOUDY_NIGHT","cloudrate":0.73,"aqi":10.0,"humidity":0.53,"pres":100722.51,"pm25":10.0,"precipitation":{"nearest":{"status":"ok","distance":272.77,"intensity":0.1875},"local":{"status":"ok","intensity":0.0,"datasource":"gfs"}},"wind":{"direction":15.56,"speed":9.33}}}
{"status":"ok","lang":"zh_CN","server_time":1521996355,"tzshift":28800,"location":[51.474009,0.03522353],"unit":"metric","result":{"status":"ok","temperature":11.67,"skycon":"PARTLY_CLOUDY_NIGHT","cloudrate":0.73,"aqi":10,"humidity":0.53,"pres":100722.51,"pm25":10,"precipitation":{"nearest":{"status":"ok","distance":282.47,"intensity":0.1875},"local":{"status":"ok","intensity":0.0,"datasource":"gfs"}},"wind":{"direction":15.56,"speed":9.33}}}
{"status":"ok","lang":"zh_CN","server_time":1521998756,"tzshift":28800,"location":[51.474009,0.03522353],"unit":"metric","result":{"status":"ok","temperature":11.13,"skycon":"PARTLY_CLOUDY_NIGHT","cloudrate":0.77,"aqi":10.0,"humidity":0.56,"pres":100752.22,"pm25":10.0,"precipitation":{"nearest":{"status":"ok","distance":180.69,"intensity":0.25},"local":{"status":"ok","intensity":0.0,"datasource":"gfs"}},"wind":{"direction":10.41,"speed":8.96}}}
{"status":"ok","lang":"zh_CN","server_time":1521999957,"tzshift":28800,"location":[51.474009,0.03522353],"unit":"metric","result":{"status":"ok","temperature":11.13,"skycon":"PARTLY_CLOUDY_NIGHT","cloudrate":0.77,"aqi":10,"humidity":0.56,"pres":100752.23,"pm25":10,"precipitation":{"nearest":{"status":"ok","distance":312.14,"intensity":0.1875},"local":{"status":"ok","intensity":0.0,"datasource":"gfs"}},"wind":{"direction":10.41,"speed":8.96}}}
{"status":"ok","lang":"zh_CN","server_time":1522002362,"tzshift":28800,"location":[51.474009,0.03522353],"unit":"metric","result":{"status":"ok","temperature":10.51,"skycon":"CLOUDY","cloudrate":0.83,"aqi":10.0,"humidity":0.59,"pres":100792.39,"pm25":10.0,"precipitation":{"nearest":{"status":"ok","distance":86.06,"intensity":0.25},"local":{"status":"ok","intensity":0.0,"datasource":"gfs"}},"wind":{"direction":5.81,"speed":8.09}}}
{"status":"ok","lang":"zh_CN","server_time":1522003551,"tzshift":28800,"location":[51.474009,0.03522353],"unit":"metric","result":{"status":"ok","temperature":10.51,"skycon":"CLOUDY","cloudrate":0.83,"aqi":10.0,"humidity":0.59,"pres":100792.39,"pm25":10.0,"precipitation":{"nearest":{"status":"ok","distance":139.34,"intensity":0.3125},"local":{"status":"ok","intensity":0.0,"datasource":"gfs"}},"wind":{"direction":5.81,"speed":8.09}}}
{"status":"ok","lang":"zh_CN","server_time":1522005952,"tzshift":28800,"location":[51.474009,0.03522353],"unit":"metric","result":{"status":"ok","temperature":9.91,"skycon":"CLOUDY","cloudrate":0.91,"aqi":10.0,"humidity":0.62,"pres":100845.58,"pm25":10.0,"precipitation":{"nearest":{"status":"ok","distance":34.94,"intensity":0.1875},"local":{"status":"ok","intensity":0.0,"datasource":"gfs"}},"wind":{"direction":2.7,"speed":6.5}}}
{"status":"ok","lang":"zh_CN","server_time":1522007150,"tzshift":28800,"location":[51.474009,0.03522353],"unit":"metric","result":{"status":"ok","temperature":9.91,"skycon":"CLOUDY","cloudrate":0.91,"aqi":10.0,"humidity":0.62,"pres":100845.58,"pm25":10.0,"precipitation":{"nearest":{"status":"ok","distance":0.86,"intensity":0.1875},"local":{"status":"ok","intensity":0.0,"datasource":"gfs"}},"wind":{"direction":2.7,"speed":6.5}}}
{"status":"ok","lang":"zh_CN","server_time":1522009550,"tzshift":28800,"location":[51.474009,0.03522353],"unit":"metric","result":{"status":"ok","temperature":9.32,"skycon":"CLOUDY","cloudrate":0.96,"aqi":10,"humidity":0.65,"pres":100905.99,"pm25":10,"precipitation":{"nearest":{"status":"ok","distance":116.13,"intensity":0.1875},"local":{"status":"ok","intensity":0.0,"datasource":"gfs"}},"wind":{"direction":358.78,"speed":4.85}}}
{"status":"ok","lang":"zh_CN","server_time":1522010750,"tzshift":28800,"location":[51.474009,0.03522353],"unit":"metric","result":{"status":"ok","temperature":9.32,"skycon":"CLOUDY","cloudrate":0.96,"aqi":10.0,"humidity":0.65,"pres":100905.99,"pm25":10.0,"precipitation":{"nearest":{"status":"ok","distance":10000.0,"intensity":0.0},"local":{"status":"ok","intensity":0.0,"datasource":"gfs"}},"wind":{"direction":358.78,"speed":4.85}}}
{"status":"ok","lang":"zh_CN","server_time":1522013166,"tzshift":28800,"location":[51.474009,0.03522353],"unit":"metric","result":{"status":"ok","temperature":8.69,"skycon":"CLOUDY","cloudrate":0.97,"aqi":10.0,"humidity":0.67,"pres":100965.76,"pm25":10.0,"precipitation":{"nearest":{"status":"ok","distance":10000.0,"intensity":0.0},"local":{"status":"ok","intensity":0.0,"datasource":"gfs"}},"wind":{"direction":350.17,"speed":4.07}}}
{"status":"failed", "error":"'API quota is exhausted'"}
{"status":"ok","lang":"zh_CN","server_time":1522016753,"tzshift":28800,"location":[51.474009,0.03522353],"unit":"metric","result":{"status":"ok","temperature":8.65,"skycon":"RAIN","cloudrate":0.98,"aqi":10.0,"humidity":0.68,"pres":101029.06,"pm25":10.0,"precipitation":{"nearest":{"status":"ok","distance":10000.0,"intensity":0.0},"local":{"status":"ok","intensity":0.0727,"datasource":"gfs"}},"wind":{"direction":318.12,"speed":4.08}}}
{"status":"ok","lang":"zh_CN","server_time":1522017953,"tzshift":28800,"location":[51.474009,0.03522353],"unit":"metric","result":{"status":"ok","temperature":8.65,"skycon":"RAIN","cloudrate":0.98,"aqi":10.0,"humidity":0.68,"pres":101029.06,"pm25":10.0,"precipitation":{"nearest":{"status":"ok","distance":149.13,"intensity":0.1875},"local":{"status":"ok","intensity":0.0727,"datasource":"gfs"}},"wind":{"direction":318.12,"speed":4.08}}}
{"status":"ok","lang":"zh_CN","server_time":1522020353,"tzshift":28800,"location":[51.474009,0.03522353],"unit":"metric","result":{"status":"ok","temperature":7.89,"skycon":"RAIN","cloudrate":0.89,"aqi":10.0,"humidity":0.69,"pres":101058.07,"pm25":10.0,"precipitation":{"nearest":{"status":"ok","distance":23.73,"intensity":0.1875},"local":{"status":"ok","intensity":0.0625,"datasource":"gfs"}},"wind":{"direction":320.17,"speed":5.8}}}
{"status":"failed", "error":"'API quota is exhausted'"}
{"status":"failed", "error":"'API quota is exhausted'"}
{"status":"ok","lang":"zh_CN","server_time":1522025153,"tzshift":28800,"location":[51.474009,0.03522353],"unit":"metric","result":{"status":"ok","temperature":7.21,"skycon":"RAIN","cloudrate":0.72,"aqi":10.0,"humidity":0.69,"pres":101076.67,"pm25":10.0,"precipitation":{"nearest":{"status":"ok","distance":146.17,"intensity":0.1875},"local":{"status":"ok","intensity":0.0395,"datasource":"gfs"}},"wind":{"direction":324.45,"speed":7.34}}}
{"status":"ok","lang":"zh_CN","server_time":1522027552,"tzshift":28800,"location":[51.474009,0.03522353],"unit":"metric","result":{"status":"ok","temperature":6.7,"skycon":"PARTLY_CLOUDY_DAY","cloudrate":0.48,"aqi":10.0,"humidity":0.69,"pres":101090.08,"pm25":10.0,"precipitation":{"nearest":{"status":"ok","distance":10000.0,"intensity":0.0},"local":{"status":"ok","intensity":0.0,"datasource":"gfs"}},"wind":{"direction":328.64,"speed":8.01}}}
{"status":"failed", "error":"'API quota is exhausted'"}
{"status":"ok","lang":"zh_CN","server_time":1522031154,"tzshift":28800,"location":[51.474009,0.03522353],"unit":"metric","result":{"status":"ok","temperature":6.27,"skycon":"PARTLY_CLOUDY_DAY","cloudrate":0.23,"aqi":10.0,"humidity":0.68,"pres":101103.81,"pm25":10.0,"precipitation":{"nearest":{"status":"ok","distance":10000.0,"intensity":0.0},"local":{"status":"ok","intensity":0.0,"datasource":"gfs"}},"wind":{"direction":332.04,"speed":8.01}}}
{"status":"failed", "error":"'API quota is exhausted'"}
{"status":"failed", "error":"'API quota is exhausted'"}
{"status":"failed", "error":"'API quota is exhausted'"}
{"status":"failed", "error":"'API quota is exhausted'"}
{"status":"failed", "error":"'API quota is exhausted'"}
{"status":"failed", "error":"'API quota is exhausted'"}
{"status":"failed", "error":"'API quota is exhausted'"}
{"status":"failed", "error":"'API quota is exhausted'"}
{"status":"failed", "error":"'API quota is exhausted'"}
{"status":"failed", "error":"'API quota is exhausted'"}
{"status":"failed", "error":"'API quota is exhausted'"}
{"status":"failed", "error":"'API quota is exhausted'"}
{"status":"failed", "error":"'API quota is exhausted'"}
{"status":"failed", "error":"'API quota is exhausted'"}
{"status":"failed", "error":"'API quota is exhausted'"}
{"status":"failed", "error":"'API quota is exhausted'"}
{"status":"failed", "error":"'API quota is exhausted'"}
{"status":"failed", "error":"'API quota is exhausted'"}
{"status":"failed", "error":"'API quota is exhausted'"}
{"status":"failed", "error":"'API quota is exhausted'"}
{"status":"ok","lang":"zh_CN","server_time":1522068355,"tzshift":28800,"location":[51.474009,0.03522353],"unit":"metric","result":{"status":"ok","temperature":11.63,"skycon":"CLEAR_NIGHT","cloudrate":0.0,"aqi":10.0,"humidity":0.38,"pres":101324.29,"pm25":10.0,"precipitation":{"local":{"status":"ok","intensity":0.0,"datasource":"gfs"}},"wind":{"direction":292.32,"speed":7.62}}}
{"status":"ok","lang":"zh_CN","server_time":1522068355,"tzshift":28800,"location":[51.474009,0.03522353],"unit":"metric","result":{"status":"ok","temperature":11.63,"skycon":"CLEAR_NIGHT","cloudrate":0.0,"aqi":10.0,"humidity":0.38,"pres":101324.29,"pm25":10.0,"precipitation":{"local":{"status":"ok","intensity":0.0,"datasource":"gfs"}},"wind":{"direction":292.32,"speed":7.62}}}
{"status":"ok","lang":"zh_CN","server_time":1522070760,"tzshift":28800,"location":[51.474009,0.03522353],"unit":"metric","result":{"status":"ok","temperature":12.21,"skycon":"CLEAR_NIGHT","cloudrate":0.08,"aqi":10.0,"humidity":0.36,"pres":101300.18,"pm25":10.0,"precipitation":{"local":{"status":"ok","intensity":0.0,"datasource":"gfs"}},"wind":{"direction":282.66,"speed":8.42}}}
{"status":"ok","lang":"zh_CN","server_time":1522074361,"tzshift":28800,"location":[51.474009,0.03522353],"unit":"metric","result":{"status":"ok","temperature":12.44,"skycon":"CLEAR_NIGHT","cloudrate":0.17,"aqi":10.0,"humidity":0.36,"pres":101264.51,"pm25":10.0,"precipitation":{"local":{"status":"ok","intensity":0.0,"datasource":"gfs"}},"wind":{"direction":274.8,"speed":9.06}}}
{"status":"ok","lang":"zh_CN","server_time":1522077956,"tzshift":28800,"location":[51.474009,0.03522353],"unit":"metric","result":{"status":"ok","temperature":12.34,"skycon":"PARTLY_CLOUDY_NIGHT","cloudrate":0.27,"aqi":10.0,"humidity":0.37,"pres":101223.57,"pm25":10.0,"precipitation":{"local":{"status":"ok","intensity":0.0,"datasource":"gfs"}},"wind":{"direction":268.0,"speed":9.28}}}
