{"status":"ok","lang":"zh_CN","server_time":1521995155,"tzshift":28800,"location":[51.464009,-0.21522353],"unit":"metric","result":{"status":"ok","temperature":11.81,"skycon":"CLOUDY","cloudrate":0.82,"aqi":10.0,"humidity":0.53,"pres":100673.63,"pm25":10.0,"precipitation":{"nearest":{"status":"ok","distance":148.37,"intensity":0.25},"local":{"status":"ok","intensity":0.0,"datasource":"gfs"}},"wind":{"direction":9.82,"speed":9.71}}}
{"status":"ok","lang":"zh_CN","server_time":1521996356,"tzshift":28800,"location":[51.464009,-0.21522353],"unit":"metric","result":{"status":"ok","temperature":11.81,"skycon":"CLOUDY","cloudrate":0.82,"aqi":10.0,"humidity":0.53,"pres":100673.63,"pm25":10.0,"precipitation":{"nearest":{"status":"ok","distance":266.25,"intensity":0.25},"local":{"status":"ok","intensity":0.0,"datasource":"gfs"}},"wind":{"direction":9.82,"speed":9.71}}}
{"status":"ok","lang":"zh_CN","server_time":1521998758,"tzshift":28800,"location":[51.464009,-0.21522353],"unit":"metric","result":{"status":"ok","temperature":12.27,"skycon":"PARTLY_CLOUDY_NIGHT","cloudrate":0.78,"aqi":10,"humidity":0.46,"pres":101011.76,"pm25":10,"precipitation":{"nearest":{"status":"ok","distance":10000.0,"intensity":0.0},"local":{"status":"ok","intensity":0.0,"datasource":"gfs"}},"wind":{"direction":4.29,"speed":9.81}}}
{"status":"ok","lang":"zh_CN","server_time":1521999958,"tzshift":28800,"location":[51.464009,-0.21522353],"unit":"metric","result":{"status":"ok","temperature":11.23,"skycon":"CLOUDY","cloudrate":0.84,"aqi":10,"humidity":0.56,"pres":100706.23,"pm25":10,"precipitation":{"nearest":{"status":"ok","distance":143.31,"intensity":0.1875},"local":{"status":"ok","intensity":0.0,"datasource":"gfs"}},"wind":{"direction":4.87,"speed":9.64}}}
{"status":"ok","lang":"zh_CN","server_time":1522002364,"tzshift":28800,"location":[51.464009,-0.21522353],"unit":"metric","result":{"status":"ok","temperature":10.56,"skycon":"CLOUDY","cloudrate":0.87,"aqi":10,"humidity":0.59,"pres":100748.36,"pm25":10,"precipitation":{"nearest":{"status":"ok","distance":120.36,"intensity":0.1875},"local":{"status":"ok","intensity":0.0005,"datasource":"gfs"}},"wind":{"direction":359.09,"speed":9.05}}}
{"status":"ok","lang":"zh_CN","server_time":1522003552,"tzshift":28800,"location":[51.464009,-0.21522353],"unit":"metric","result":{"status":"ok","temperature":10.56,"skycon":"CLOUDY","cloudrate":0.87,"aqi":10.0,"humidity":0.59,"pres":100748.36,"pm25":10.0,"precipitation":{"nearest":{"status":"ok","distance":10000.0,"intensity":0.0},"local":{"status":"ok","intensity":0.0005,"datasource":"gfs"}},"wind":{"direction":359.09,"speed":9.05}}}
{"status":"ok","lang":"zh_CN","server_time":1522005953,"tzshift":28800,"location":[51.464009,-0.21522353],"unit":"metric","result":{"status":"ok","temperature":9.89,"skycon":"CLOUDY","cloudrate":0.91,"aqi":10.0,"humidity":0.62,"pres":100801.87,"pm25":10.0,"precipitation":{"nearest":{"status":"ok","distance":100.15,"intensity":0.1875},"local":{"status":"ok","intensity":0.0,"datasource":"gfs"}},"wind":{"direction":351.38,"speed":7.78}}}
{"status":"ok","lang":"zh_CN","server_time":1522007152,"tzshift":28800,"location":[51.464009,-0.21522353],"unit":"metric","result":{"status":"ok","temperature":9.89,"skycon":"CLOUDY","cloudrate":0.91,"aqi":10.0,"humidity":0.62,"pres":100801.87,"pm25":10.0,"precipitation":{"nearest":{"status":"ok","distance":170.15,"intensity":0.1875},"local":{"status":"ok","intensity":0.0,"datasource":"gfs"}},"wind":{"direction":351.38,"speed":7.78}}}
{"status":"ok","lang":"zh_CN","server_time":1522009552,"tzshift":28800,"location":[51.464009,-0.21522353],"unit":"metric","result":{"status":"ok","temperature":10.72,"skycon":"CLOUDY","cloudrate":0.93,"aqi":10.0,"humidity":0.55,"pres":101172.46,"pm25":10.0,"precipitation":{"nearest":{"status":"ok","distance":10000.0,"intensity":0.0},"local":{"status":"ok","intensity":0.0,"datasource":"gfs"}},"wind":{"direction":338.36,"speed":7.1}}}
{"status":"ok","lang":"zh_CN","server_time":1522010751,"tzshift":28800,"location":[51.464009,-0.21522353],"unit":"metric","result":{"status":"ok","temperature":9.21,"skycon":"CLOUDY","cloudrate":0.95,"aqi":10.0,"humidity":0.64,"pres":100861.82,"pm25":10.0,"precipitation":{"nearest":{"status":"ok","distance":10000.0,"intensity":0.0},"local":{"status":"ok","intensity":0.0,"datasource":"gfs"}},"wind":{"direction":341.43,"speed":6.54}}}
{"status":"ok","lang":"zh_CN","server_time":1522013171,"tzshift":28800,"location":[51.464009,-0.21522353],"unit":"metric","result":{"status":"ok","temperature":8.51,"skycon":"CLOUDY","cloudrate":0.94,"aqi":10.0,"humidity":0.66,"pres":100921.61,"pm25":10.0,"precipitation":{"nearest":{"status":"ok","distance":10000.0,"intensity":0.0},"local":{"status":"ok","intensity":0.0,"datasource":"gfs"}},"wind":{"direction":333.82,"speed":6.13}}}
{"status":"ok","lang":"zh_CN","server_time":1522014354,"tzshift":28800,"location":[51.464009,-0.21522353],"unit":"metric","result":{"status":"ok","temperature":8.96,"skycon":"RAIN","cloudrate":1.0,"aqi":10.0,"humidity":0.67,"pres":100939.47,"pm25":10.0,"precipitation":{"nearest":{"status":"ok","distance":10000.0,"intensity":0.0},"local":{"status":"ok","intensity":0.0463,"datasource":"gfs"}},"wind":{"direction":315.31,"speed":4.97}}}
{"status":"failed", "error":"'API quota is exhausted'"}
{"status":"ok","lang":"zh_CN","server_time":1522017955,"tzshift":28800,"location":[51.464009,-0.21522353],"unit":"metric","result":{"status":"ok","temperature":8.23,"skycon":"RAIN","cloudrate":0.94,"aqi":10.0,"humidity":0.69,"pres":100985.43,"pm25":10.0,"precipitation":{"nearest":{"status":"ok","distance":73.78,"intensity":0.1875},"local":{"status":"ok","intensity":0.0395,"datasource":"gfs"}},"wind":{"direction":315.07,"speed":5.63}}}
{"status":"failed", "error":"'API quota is exhausted'"}
{"status":"ok","lang":"zh_CN","server_time":1522021555,"tzshift":28800,"location":[51.464009,-0.19522353],"unit":"metric","result":{"status":"ok","temperature":7.49,"skycon":"CLOUDY","cloudrate":0.81,"aqi":10.0,"humidity":0.7,"pres":101016.41,"pm25":10.0,"precipitation":{"nearest":{"status":"ok","distance":130.89,"intensity":0.1875},"local":{"status":"ok","intensity":0.0258,"datasource":"gfs"}},"wind":{"direction":323.21,"speed":6.76}}}
{"status":"failed", "error":"'API quota is exhausted'"}
{"status":"ok","lang":"zh_CN","server_time":1522025154,"tzshift":28800,"location":[51.464009,-0.21522353],"unit":"metric","result":{"status":"ok","temperature":6.8,"skycon":"PARTLY_CLOUDY_DAY","cloudrate":0.62,"aqi":10.0,"humidity":0.7,"pres":101036.91,"pm25":10.0,"precipitation":{"nearest":{"status":"ok","distance":148.42,"intensity":0.1875},"local":{"status":"ok","intensity":0.0,"datasource":"gfs"}},"wind":{"direction":330.51,"speed":7.92}}}
{"status":"failed", "error":"'API quota is exhausted'"}
{"status":"failed", "error":"'API quota is exhausted'"}
{"status":"failed", "error":"'API quota is exhausted'"}
{"status":"failed", "error":"'API quota is exhausted'"}
{"status":"failed", "error":"'API quota is exhausted'"}
{"status":"failed", "error":"'API quota is exhausted'"}
{"status":"failed", "error":"'API quota is exhausted'"}
{"status":"ok","lang":"zh_CN","server_time":1522039557,"tzshift":28800,"location":[51.464009,-0.19522353],"unit":"metric","result":{"status":"ok","temperature":5.58,"skycon":"PARTLY_CLOUDY_DAY","cloudrate":0.33,"aqi":10.0,"humidity":0.7,"pres":101137.55,"pm25":10.0,"precipitation":{"nearest":{"status":"ok","distance":236.58,"intensity":0.1875},"local":{"status":"ok","intensity":0.0,"datasource":"gfs"}},"wind":{"direction":338.29,"speed":7.82}}}
{"status":"failed", "error":"'API quota is exhausted'"}
{"status":"failed", "error":"'API quota is exhausted'"}
{"status":"failed", "error":"'API quota is exhausted'"}
{"status":"failed", "error":"'API quota is exhausted'"}
{"status":"failed", "error":"'API quota is exhausted'"}
{"status":"failed", "error":"'API quota is exhausted'"}
{"status":"failed", "error":"'API quota is exhausted'"}
{"status":"failed", "error":"'API quota is exhausted'"}
{"status":"failed", "error":"'API quota is exhausted'"}
{"status":"failed", "error":"'API quota is exhausted'"}
{"status":"failed", "error":"'API quota is exhausted'"}
{"status":"failed", "error":"'API quota is exhausted'"}
{"status":"failed", "error":"'API quota is exhausted'"}
{"status":"ok","lang":"zh_CN","server_time":1522064774,"tzshift":28800,"location":[51.464009,-0.19522353],"unit":"metric","result":{"status":"ok","temperature":10.55,"skycon":"CLEAR_NIGHT","cloudrate":0.0,"aqi":10.0,"humidity":0.44,"pres":101286.17,"pm25":10.0,"precipitation":{"nearest":{"status":"ok","distance":10000.0,"intensity":0.0},"local":{"status":"ok","intensity":0.0,"datasource":"gfs"}},"wind":{"direction":298.86,"speed":6.58}}}
{"status":"failed", "error":"'API quota is exhausted'"}
{"status":"ok","lang":"zh_CN","server_time":1522068356,"tzshift":28800,"location":[51.464009,-0.21522353],"unit":"metric","result":{"status":"ok","temperature":12.29,"skycon":"CLEAR_NIGHT","cloudrate":0.0,"aqi":10.0,"humidity":0.31,"pres":101587.53,"pm25":10.0,"precipitation":{"local":{"status":"ok","intensity":0.0,"datasource":"gfs"}},"wind":{"direction":287.09,"speed":6.12}}}
{"status":"ok","lang":"zh_CN","server_time":1522068356,"tzshift":28800,"location":[51.464009,-0.21522353],"unit":"metric","result":{"status":"ok","temperature":12.29,"skycon":"CLEAR_NIGHT","cloudrate":0.0,"aqi":10.0,"humidity":0.31,"pres":101587.53,"pm25":10.0,"precipitation":{"local":{"status":"ok","intensity":0.0,"datasource":"gfs"}},"wind":{"direction":287.09,"speed":6.12}}}
{"status":"ok","lang":"zh_CN","server_time":1522070762,"tzshift":28800,"location":[51.464009,-0.21522353],"unit":"metric","result":{"status":"ok","temperature":12.09,"skycon":"CLEAR_NIGHT","cloudrate":0.07,"aqi":10,"humidity":0.37,"pres":101253.11,"pm25":10,"precipitation":{"nearest":{"status":"ok","distance":106.52,"intensity":0.1875},"local":{"status":"ok","intensity":0.0,"datasource":"gfs"}},"wind":{"direction":276.39,"speed":8.78}}}
{"status":"ok","lang":"zh_CN","server_time":1522074363,"tzshift":28800,"location":[51.464009,-0.21522353],"unit":"metric","result":{"status":"ok","temperature":12.36,"skycon":"CLEAR_NIGHT","cloudrate":0.15,"aqi":10.0,"humidity":0.37,"pres":101217.12,"pm25":10.0,"precipitation":{"nearest":{"status":"ok","distance":279.44,"intensity":0.1875},"local":{"status":"ok","intensity":0.0,"datasource":"gfs"}},"wind":{"direction":269.59,"speed":9.72}}}
{"status":"ok","lang":"zh_CN","server_time":1522077957,"tzshift":28800,"location":[51.464009,-0.21522353],"unit":"metric","result":{"status":"ok","temperature":12.27,"skycon":"PARTLY_CLOUDY_NIGHT","cloudrate":0.23,"aqi":10.0,"humidity":0.39,"pres":101175.5,"pm25":10.0,"precipitation":{"nearest":{"status":"ok","distance":99.75,"intensity":0.1875},"local":{"status":"ok","intensity":0.0,"datasource":"gfs"}},"wind":{"direction":263.18,"speed":10.04}}}
