{"status":"ok","lang":"zh_CN","server_time":1521995167,"tzshift":28800,"location":[51.280976,-0.346519],"unit":"metric","result":{"status":"ok","temperature":11.02,"skycon":"PARTLY_CLOUDY_NIGHT","cloudrate":0.79,"aqi":10,"humidity":0.62,"pres":100133.07,"pm25":10,"precipitation":{"nearest":{"status":"ok","distance":227.41,"intensity":0.1875},"local":{"status":"ok","intensity":0.0,"datasource":"gfs"}},"wind":{"direction":10.07,"speed":10.69}}}
{"status":"ok","lang":"zh_CN","server_time":1521996367,"tzshift":28800,"location":[51.280976,-0.346519],"unit":"metric","result":{"status":"ok","temperature":11.32,"skycon":"PARTLY_CLOUDY_NIGHT","cloudrate":0.74,"aqi":10.0,"humidity":0.6,"pres":100343.46,"pm25":10.0,"precipitation":{"nearest":{"status":"ok","distance":10000.0,"intensity":0.0},"local":{"status":"ok","intensity":0.0,"datasource":"gfs"}},"wind":{"direction":9.42,"speed":10.58}}}
{"status":"ok","lang":"zh_CN","server_time":1521998769,"tzshift":28800,"location":[51.280976,-0.346519],"unit":"metric","result":{"status":"ok","temperature":10.15,"skycon":"CLOUDY","cloudrate":0.83,"aqi":10.0,"humidity":0.67,"pres":100165.25,"pm25":10.0,"precipitation":{"nearest":{"status":"ok","distance":10000.0,"intensity":0.0},"local":{"status":"ok","intensity":0.0,"datasource":"gfs"}},"wind":{"direction":5.14,"speed":9.91}}}
{"status":"ok","lang":"zh_CN","server_time":1521999969,"tzshift":28800,"location":[51.280976,-0.346519],"unit":"metric","result":{"status":"ok","temperature":10.15,"skycon":"CLOUDY","cloudrate":0.83,"aqi":10.0,"humidity":0.67,"pres":100165.25,"pm25":10.0,"precipitation":{"nearest":{"status":"ok","distance":132.05,"intensity":0.1875},"local":{"status":"ok","intensity":0.0,"datasource":"gfs"}},"wind":{"direction":5.14,"speed":9.91}}}
{"status":"ok","lang":"zh_CN","server_time":1522002374,"tzshift":28800,"location":[51.280976,-0.346519],"unit":"metric","result":{"status":"ok","temperature":9.19,"skycon":"CLOUDY","cloudrate":0.89,"aqi":10.0,"humidity":0.71,"pres":100208.02,"pm25":10.0,"precipitation":{"nearest":{"status":"ok","distance":115.55,"intensity":0.25},"local":{"status":"ok","intensity":0.0133,"datasource":"gfs"}},"wind":{"direction":358.95,"speed":8.9}}}
{"status":"ok","lang":"zh_CN","server_time":1522003563,"tzshift":28800,"location":[51.280976,-0.346519],"unit":"metric","result":{"status":"ok","temperature":9.19,"skycon":"CLOUDY","cloudrate":0.89,"aqi":10,"humidity":0.71,"pres":100208.02,"pm25":10,"precipitation":{"nearest":{"status":"ok","distance":208.83,"intensity":0.25},"local":{"status":"ok","intensity":0.0133,"datasource":"gfs"}},"wind":{"direction":358.95,"speed":8.9}}}
{"status":"ok","lang":"zh_CN","server_time":1522005964,"tzshift":28800,"location":[51.280976,-0.346519],"unit":"metric","result":{"status":"ok","temperature":8.66,"skycon":"CLOUDY","cloudrate":0.98,"aqi":10.0,"humidity":0.73,"pres":100475.66,"pm25":10.0,"precipitation":{"nearest":{"status":"ok","distance":10000.0,"intensity":0.0},"local":{"status":"ok","intensity":0.0247,"datasource":"gfs"}},"wind":{"direction":349.58,"speed":8.05}}}
{"status":"ok","lang":"zh_CN","server_time":1522007162,"tzshift":28800,"location":[51.280976,-0.346519],"unit":"metric","result":{"status":"ok","temperature":8.32,"skycon":"CLOUDY","cloudrate":0.95,"aqi":10,"humidity":0.75,"pres":100263.37,"pm25":10,"precipitation":{"nearest":{"status":"ok","distance":92.56,"intensity":0.1875},"local":{"status":"ok","intensity":0.019,"datasource":"gfs"}},"wind":{"direction":351.54,"speed":7.74}}}
{"status":"ok","lang":"zh_CN","server_time":1522009562,"tzshift":28800,"location":[51.280976,-0.346519],"unit":"metric","result":{"status":"ok","temperature":7.54,"skycon":"CLOUDY","cloudrate":0.99,"aqi":10.0,"humidity":0.76,"pres":100325.36,"pm25":10.0,"precipitation":{"nearest":{"status":"ok","distance":128.19,"intensity":0.1875},"local":{"status":"ok","intensity":0.0133,"datasource":"gfs"}},"wind":{"direction":343.2,"speed":6.84}}}
{"status":"ok","lang":"zh_CN","server_time":1522010762,"tzshift":28800,"location":[51.280976,-0.346519],"unit":"metric","result":{"status":"ok","temperature":7.54,"skycon":"CLOUDY","cloudrate":0.99,"aqi":10.0,"humidity":0.76,"pres":100325.36,"pm25":10.0,"precipitation":{"nearest":{"status":"ok","distance":10000.0,"intensity":0.0},"local":{"status":"ok","intensity":0.0133,"datasource":"gfs"}},"wind":{"direction":343.2,"speed":6.84}}}
{"status":"ok","lang":"zh_CN","server_time":1522013184,"tzshift":28800,"location":[51.280976,-0.346519],"unit":"metric","result":{"status":"ok","temperature":6.76,"skycon":"CLOUDY","cloudrate":0.97,"aqi":10.0,"humidity":0.78,"pres":100386.08,"pm25":10.0,"precipitation":{"nearest":{"status":"ok","distance":72.52,"intensity":0.1875},"local":{"status":"ok","intensity":0.0,"datasource":"gfs"}},"wind":{"direction":336.53,"speed":6.6}}}
{"status":"ok","lang":"zh_CN","server_time":1522014365,"tzshift":28800,"location":[51.280976,-0.346519],"unit":"metric","result":{"status":"ok","temperature":7.58,"skycon":"RAIN","cloudrate":1.0,"aqi":10.0,"humidity":0.79,"pres":100405.48,"pm25":10.0,"precipitation":{"nearest":{"status":"ok","distance":10000.0,"intensity":0.0},"local":{"status":"ok","intensity":0.0747,"datasource":"gfs"}},"wind":{"direction":326.42,"speed":5.43}}}
{"status":"ok","lang":"zh_CN","server_time":1522016765,"tzshift":28800,"location":[51.280976,-0.346519],"unit":"metric","result":{"status":"ok","temperature":6.71,"skycon":"RAIN","cloudrate":0.94,"aqi":10.0,"humidity":0.81,"pres":100450.56,"pm25":10.0,"precipitation":{"nearest":{"status":"ok","distance":10000.0,"intensity":0.0},"local":{"status":"ok","intensity":0.0701,"datasource":"gfs"}},"wind":{"direction":320.78,"speed":6.07}}}
{"status":"failed", "error":"'API quota is exhausted'"}
{"status":"failed", "error":"'API quota is exhausted'"}
{"status":"ok","lang":"zh_CN","server_time":1522021566,"tzshift":28800,"location":[51.280976,-0.346519],"unit":"metric","result":{"status":"ok","temperature":5.72,"skycon":"RAIN","cloudrate":0.83,"aqi":10.0,"humidity":0.82,"pres":100479.62,"pm25":10.0,"precipitation":{"nearest":{"status":"ok","distance":28.96,"intensity":0.1875},"local":{"status":"ok","intensity":0.0533,"datasource":"gfs"}},"wind":{"direction":321.55,"speed":7.15}}}
{"status":"ok","lang":"zh_CN","server_time":1522024145,"tzshift":28800,"location":[51.280976,-0.346519],"unit":"metric","result":{"status":"ok","temperature":4.94,"skycon":"RAIN","cloudrate":0.61,"aqi":10.0,"humidity":0.81,"pres":100714.39,"pm25":10.0,"precipitation":{"nearest":{"status":"ok","distance":179.0,"intensity":0.1875},"local":{"status":"ok","intensity":0.0485,"datasource":"gfs"}},"wind":{"direction":325.76,"speed":7.96}}}
{"status":"ok","lang":"zh_CN","server_time":1522025165,"tzshift":28800,"location":[51.280976,-0.346519],"unit":"metric","result":{"status":"ok","temperature":4.87,"skycon":"PARTLY_CLOUDY_DAY","cloudrate":0.64,"aqi":10.0,"humidity":0.82,"pres":100498.21,"pm25":10.0,"precipitation":{"nearest":{"status":"ok","distance":954.2,"intensity":0.1875},"local":{"status":"ok","intensity":0.024,"datasource":"gfs"}},"wind":{"direction":324.65,"speed":8.01}}}
{"status":"failed", "error":"'API quota is exhausted'"}
{"status":"failed", "error":"'API quota is exhausted'"}
{"status":"failed", "error":"'API quota is exhausted'"}
{"status":"failed", "error":"'API quota is exhausted'"}
{"status":"failed", "error":"'API quota is exhausted'"}
{"status":"failed", "error":"'API quota is exhausted'"}
{"status":"failed", "error":"'API quota is exhausted'"}
{"status":"failed", "error":"'API quota is exhausted'"}
{"status":"failed", "error":"'API quota is exhausted'"}
{"status":"ok","lang":"zh_CN","server_time":1522043171,"tzshift":28800,"location":[51.280976,-0.346519],"unit":"metric","result":{"status":"ok","temperature":2.64,"skycon":"CLEAR_DAY","cloudrate":0.0,"aqi":10.0,"humidity":0.84,"pres":100623.62,"pm25":10.0,"precipitation":{"nearest":{"status":"ok","distance":132.8,"intensity":0.1875},"local":{"status":"ok","intensity":0.0,"datasource":"gfs"}},"wind":{"direction":337.17,"speed":7.51}}}
{"status":"failed", "error":"'API quota is exhausted'"}
{"status":"failed", "error":"'API quota is exhausted'"}
{"status":"failed", "error":"'API quota is exhausted'"}
{"status":"failed", "error":"'API quota is exhausted'"}
{"status":"failed", "error":"'API quota is exhausted'"}
{"status":"failed", "error":"'API quota is exhausted'"}
{"status":"failed", "error":"'API quota is exhausted'"}
{"status":"failed", "error":"'API quota is exhausted'"}
{"status":"failed", "error":"'API quota is exhausted'"}
{"status":"failed", "error":"'API quota is exhausted'"}
{"status":"failed", "error":"'API quota is exhausted'"}
{"status":"failed", "error":"'API quota is exhausted'"}
{"status":"failed", "error":"'API quota is exhausted'"}
{"status":"ok","lang":"zh_CN","server_time":1522068368,"tzshift":28800,"location":[51.280976,-0.346519],"unit":"metric","result":{"status":"ok","temperature":10.78,"skycon":"CLEAR_NIGHT","cloudrate":0.0,"aqi":10.0,"humidity":0.47,"pres":100962.73,"pm25":10.0,"precipitation":{"nearest":{"status":"ok","distance":10000.0,"intensity":0.0},"local":{"status":"ok","intensity":0.0,"datasource":"gfs"}},"wind":{"direction":292.01,"speed":8.29}}}
{"status":"ok","lang":"zh_CN","server_time":1522068368,"tzshift":28800,"location":[51.280976,-0.346519],"unit":"metric","result":{"status":"ok","temperature":10.78,"skycon":"CLEAR_NIGHT","cloudrate":0.0,"aqi":10.0,"humidity":0.47,"pres":100962.73,"pm25":10.0,"precipitation":{"nearest":{"status":"ok","distance":10000.0,"intensity":0.0},"local":{"status":"ok","intensity":0.0,"datasource":"gfs"}},"wind":{"direction":292.01,"speed":8.29}}}
{"status":"ok","lang":"zh_CN","server_time":1522070774,"tzshift":28800,"location":[51.280976,-0.346519],"unit":"metric","result":{"status":"ok","temperature":11.21,"skycon":"CLEAR_NIGHT","cloudrate":0.18,"aqi":10.0,"humidity":0.45,"pres":100943.32,"pm25":10.0,"precipitation":{"nearest":{"status":"ok","distance":10000.0,"intensity":0.0},"local":{"status":"ok","intensity":0.0,"datasource":"gfs"}},"wind":{"direction":280.35,"speed":9.65}}}
{"status":"ok","lang":"zh_CN","server_time":1522074375,"tzshift":28800,"location":[51.280976,-0.346519],"unit":"metric","result":{"status":"ok","temperature":11.15,"skycon":"PARTLY_CLOUDY_NIGHT","cloudrate":0.38,"aqi":10.0,"humidity":0.48,"pres":100696.42,"pm25":10.0,"precipitation":{"local":{"status":"ok","intensity":0.0,"datasource":"gfs"}},"wind":{"direction":272.04,"speed":10.61}}}
{"status":"ok","lang":"zh_CN","server_time":1522077969,"tzshift":28800,"location":[51.280976,-0.346519],"unit":"metric","result":{"status":"ok","temperature":10.84,"skycon":"PARTLY_CLOUDY_NIGHT","cloudrate":0.56,"aqi":10.0,"humidity":0.51,"pres":100659.5,"pm25":10.0,"precipitation":{"local":{"status":"ok","intensity":0.0,"datasource":"gfs"}},"wind":{"direction":262.87,"speed":10.6}}}
