{"status":"ok","lang":"zh_CN","server_time":1521995167,"tzshift":28800,"location":[51.280976,-0.146517],"unit":"metric","result":{"status":"ok","temperature":10.8,"skycon":"CLOUDY","cloudrate":0.83,"aqi":10.0,"humidity":0.62,"pres":99971.6,"pm25":10.0,"precipitation":{"nearest":{"status":"ok","distance":312.36,"intensity":0.1875},"local":{"status":"ok","intensity":0.0,"datasource":"gfs"}},"wind":{"direction":15.8,"speed":10.58}}}
{"status":"ok","lang":"zh_CN","server_time":1521996368,"tzshift":28800,"location":[51.280976,-0.146517],"unit":"metric","result":{"status":"ok","temperature":10.8,"skycon":"CLOUDY","cloudrate":0.83,"aqi":10,"humidity":0.62,"pres":99971.6,"pm25":10,"precipitation":{"nearest":{"status":"ok","distance":308.51,"intensity":0.1875},"local":{"status":"ok","intensity":0.0,"datasource":"gfs"}},"wind":{"direction":15.8,"speed":10.58}}}
{"status":"ok","lang":"zh_CN","server_time":1521998770,"tzshift":28800,"location":[51.280976,-0.146517],"unit":"metric","result":{"status":"ok","temperature":10.0,"skycon":"CLOUDY","cloudrate":0.86,"aqi":10,"humidity":0.66,"pres":100002.6,"pm25":10,"precipitation":{"nearest":{"status":"ok","distance":126.37,"intensity":0.1875},"local":{"status":"ok","intensity":0.0,"datasource":"gfs"}},"wind":{"direction":11.35,"speed":9.59}}}
{"status":"ok","lang":"zh_CN","server_time":1521999970,"tzshift":28800,"location":[51.280976,-0.146517],"unit":"metric","result":{"status":"ok","temperature":10.0,"skycon":"CLOUDY","cloudrate":0.86,"aqi":10,"humidity":0.66,"pres":100002.6,"pm25":10,"precipitation":{"nearest":{"status":"ok","distance":332.8,"intensity":0.1875},"local":{"status":"ok","intensity":0.0,"datasource":"gfs"}},"wind":{"direction":11.35,"speed":9.59}}}
{"status":"ok","lang":"zh_CN","server_time":1522002375,"tzshift":28800,"location":[51.280976,-0.146517],"unit":"metric","result":{"status":"ok","temperature":9.13,"skycon":"CLOUDY","cloudrate":0.91,"aqi":10.0,"humidity":0.7,"pres":100044.22,"pm25":10.0,"precipitation":{"nearest":{"status":"ok","distance":224.95,"intensity":0.1875},"local":{"status":"ok","intensity":0.0,"datasource":"gfs"}},"wind":{"direction":6.06,"speed":8.34}}}
{"status":"ok","lang":"zh_CN","server_time":1522003564,"tzshift":28800,"location":[51.280976,-0.146517],"unit":"metric","result":{"status":"ok","temperature":10.1,"skycon":"CLOUDY","cloudrate":0.87,"aqi":10.0,"humidity":0.65,"pres":100489.27,"pm25":10.0,"precipitation":{"nearest":{"status":"ok","distance":131.3,"intensity":0.1875},"local":{"status":"ok","intensity":0.0049,"datasource":"gfs"}},"wind":{"direction":1.92,"speed":8.89}}}
{"status":"ok","lang":"zh_CN","server_time":1522005965,"tzshift":28800,"location":[51.280976,-0.146517],"unit":"metric","result":{"status":"ok","temperature":8.41,"skycon":"CLOUDY","cloudrate":0.96,"aqi":10.0,"humidity":0.74,"pres":100098.71,"pm25":10.0,"precipitation":{"nearest":{"status":"ok","distance":1.75,"intensity":0.1875},"local":{"status":"ok","intensity":0.0174,"datasource":"gfs"}},"wind":{"direction":0.74,"speed":6.87}}}
{"status":"ok","lang":"zh_CN","server_time":1522007163,"tzshift":28800,"location":[51.280976,-0.146517],"unit":"metric","result":{"status":"ok","temperature":9.35,"skycon":"CLOUDY","cloudrate":1.0,"aqi":10.0,"humidity":0.69,"pres":100545.15,"pm25":10.0,"precipitation":{"nearest":{"status":"ok","distance":214.81,"intensity":0.3125},"local":{"status":"ok","intensity":0.0299,"datasource":"gfs"}},"wind":{"direction":354.32,"speed":7.72}}}
{"status":"ok","lang":"zh_CN","server_time":1522009563,"tzshift":28800,"location":[51.280976,-0.146517],"unit":"metric","result":{"status":"ok","temperature":7.78,"skycon":"RAIN","cloudrate":1.0,"aqi":10.0,"humidity":0.76,"pres":100159.97,"pm25":10.0,"precipitation":{"nearest":{"status":"ok","distance":123.17,"intensity":0.1875},"local":{"status":"ok","intensity":0.0314,"datasource":"gfs"}},"wind":{"direction":353.96,"speed":5.61}}}
{"status":"ok","lang":"zh_CN","server_time":1522010763,"tzshift":28800,"location":[51.280976,-0.146517],"unit":"metric","result":{"status":"ok","temperature":7.78,"skycon":"RAIN","cloudrate":1.0,"aqi":10.0,"humidity":0.76,"pres":100159.97,"pm25":10.0,"precipitation":{"nearest":{"status":"ok","distance":89.13,"intensity":0.1875},"local":{"status":"ok","intensity":0.0314,"datasource":"gfs"}},"wind":{"direction":353.96,"speed":5.61}}}
{"status":"ok","lang":"zh_CN","server_time":1522013185,"tzshift":28800,"location":[51.280976,-0.146517],"unit":"metric","result":{"status":"ok","temperature":7.13,"skycon":"RAIN","cloudrate":0.99,"aqi":10.0,"humidity":0.77,"pres":100219.81,"pm25":10.0,"precipitation":{"nearest":{"status":"ok","distance":10000.0,"intensity":0.0},"local":{"status":"ok","intensity":0.0364,"datasource":"gfs"}},"wind":{"direction":344.92,"speed":5.16}}}
{"status":"ok","lang":"zh_CN","server_time":1522014366,"tzshift":28800,"location":[51.280976,-0.146517],"unit":"metric","result":{"status":"ok","temperature":7.87,"skycon":"RAIN","cloudrate":1.0,"aqi":10.0,"humidity":0.79,"pres":100241.07,"pm25":10.0,"precipitation":{"nearest":{"status":"ok","distance":10000.0,"intensity":0.0},"local":{"status":"ok","intensity":0.0932,"datasource":"gfs"}},"wind":{"direction":329.0,"speed":4.12}}}
{"status":"ok","lang":"zh_CN","server_time":1522016766,"tzshift":28800,"location":[51.280976,-0.146517],"unit":"metric","result":{"status":"ok","temperature":7.11,"skycon":"RAIN","cloudrate":0.98,"aqi":10.0,"humidity":0.8,"pres":100284.98,"pm25":10.0,"precipitation":{"nearest":{"status":"ok","distance":10000.0,"intensity":0.0},"local":{"status":"ok","intensity":0.0903,"datasource":"gfs"}},"wind":{"direction":319.2,"speed":4.96}}}
{"status":"ok","lang":"zh_CN","server_time":1522017966,"tzshift":28800,"location":[51.280976,-0.146517],"unit":"metric","result":{"status":"ok","temperature":7.97,"skycon":"RAIN","cloudrate":0.95,"aqi":10.0,"humidity":0.76,"pres":100738.13,"pm25":10.0,"precipitation":{"nearest":{"status":"ok","distance":25.74,"intensity":0.1875},"local":{"status":"ok","intensity":0.0947,"datasource":"gfs"}},"wind":{"direction":327.19,"speed":5.63}}}
{"status":"failed", "error":"'API quota is exhausted'"}
{"status":"failed", "error":"'API quota is exhausted'"}
{"status":"failed", "error":"'API quota is exhausted'"}
{"status":"failed", "error":"'API quota is exhausted'"}
{"status":"failed", "error":"'API quota is exhausted'"}
{"status":"failed", "error":"'API quota is exhausted'"}
{"status":"failed", "error":"'API quota is exhausted'"}
{"status":"failed", "error":"'API quota is exhausted'"}
{"status":"failed", "error":"'API quota is exhausted'"}
{"status":"failed", "error":"'API quota is exhausted'"}
{"status":"failed", "error":"'API quota is exhausted'"}
{"status":"ok","lang":"zh_CN","server_time":1522039569,"tzshift":28800,"location":[51.280976,-0.146517],"unit":"metric","result":{"status":"ok","temperature":3.46,"skycon":"CLEAR_DAY","cloudrate":0.0,"aqi":10.0,"humidity":0.82,"pres":100428.68,"pm25":10.0,"precipitation":{"nearest":{"status":"ok","distance":337.29,"intensity":0.1875},"local":{"status":"ok","intensity":0.0,"datasource":"gfs"}},"wind":{"direction":338.97,"speed":7.57}}}
{"status":"failed", "error":"'API quota is exhausted'"}
{"status":"failed", "error":"'API quota is exhausted'"}
{"status":"failed", "error":"'API quota is exhausted'"}
{"status":"failed", "error":"'API quota is exhausted'"}
{"status":"failed", "error":"'API quota is exhausted'"}
{"status":"failed", "error":"'API quota is exhausted'"}
{"status":"failed", "error":"'API quota is exhausted'"}
{"status":"failed", "error":"'API quota is exhausted'"}
{"status":"failed", "error":"'API quota is exhausted'"}
{"status":"failed", "error":"'API quota is exhausted'"}
{"status":"failed", "error":"'API quota is exhausted'"}
{"status":"failed", "error":"'API quota is exhausted'"}
{"status":"failed", "error":"'API quota is exhausted'"}
{"status":"failed", "error":"'API quota is exhausted'"}
{"status":"failed", "error":"'API quota is exhausted'"}
{"status":"ok","lang":"zh_CN","server_time":1522068368,"tzshift":28800,"location":[51.280976,-0.146517],"unit":"metric","result":{"status":"ok","temperature":10.54,"skycon":"CLEAR_NIGHT","cloudrate":0.0,"aqi":10.0,"humidity":0.48,"pres":100583.02,"pm25":10.0,"precipitation":{"local":{"status":"ok","intensity":0.0,"datasource":"gfs"}},"wind":{"direction":295.98,"speed":8.75}}}
{"status":"ok","lang":"zh_CN","server_time":1522068368,"tzshift":28800,"location":[51.280976,-0.146517],"unit":"metric","result":{"status":"ok","temperature":10.54,"skycon":"CLEAR_NIGHT","cloudrate":0.0,"aqi":10.0,"humidity":0.48,"pres":100583.02,"pm25":10.0,"precipitation":{"local":{"status":"ok","intensity":0.0,"datasource":"gfs"}},"wind":{"direction":295.98,"speed":8.75}}}
{"status":"ok","lang":"zh_CN","server_time":1522070775,"tzshift":28800,"location":[51.280976,-0.146517],"unit":"metric","result":{"status":"ok","temperature":11.04,"skycon":"CLEAR_NIGHT","cloudrate":0.13,"aqi":10.0,"humidity":0.46,"pres":100563.04,"pm25":10.0,"precipitation":{"nearest":{"status":"ok","distance":70.4,"intensity":0.1875},"local":{"status":"ok","intensity":0.0,"datasource":"gfs"}},"wind":{"direction":284.11,"speed":9.82}}}
{"status":"ok","lang":"zh_CN","server_time":1522074376,"tzshift":28800,"location":[51.280976,-0.146517],"unit":"metric","result":{"status":"ok","temperature":11.58,"skycon":"PARTLY_CLOUDY_NIGHT","cloudrate":0.4,"aqi":10.0,"humidity":0.44,"pres":100990.31,"pm25":10.0,"precipitation":{"nearest":{"status":"ok","distance":202.92,"intensity":0.25},"local":{"status":"ok","intensity":0.0,"datasource":"gfs"}},"wind":{"direction":273.26,"speed":10.56}}}
{"status":"ok","lang":"zh_CN","server_time":1522077970,"tzshift":28800,"location":[51.280976,-0.146517],"unit":"metric","result":{"status":"ok","temperature":10.93,"skycon":"PARTLY_CLOUDY_NIGHT","cloudrate":0.45,"aqi":10.0,"humidity":0.5,"pres":100496.14,"pm25":10.0,"precipitation":{"local":{"status":"ok","intensity":0.0,"datasource":"gfs"}},"wind":{"direction":264.99,"speed":10.71}}}
