{"status":"ok","lang":"zh_CN","server_time":1521995166,"tzshift":28800,"location":[51.280976,-0.44652],"unit":"metric","result":{"status":"ok","temperature":11.09,"skycon":"PARTLY_CLOUDY_NIGHT","cloudrate":0.78,"aqi":10.0,"humidity":0.63,"pres":100235.4,"pm25":10.0,"precipitation":{"nearest":{"status":"ok","distance":176.94,"intensity":0.1875},"local":{"status":"ok","intensity":0.0,"datasource":"gfs"}},"wind":{"direction":7.0,"speed":10.85}}}
{"status":"ok","lang":"zh_CN","server_time":1521996367,"tzshift":28800,"location":[51.280976,-0.44652],"unit":"metric","result":{"status":"ok","temperature":11.2,"skycon":"PARTLY_CLOUDY_NIGHT","cloudrate":0.76,"aqi":10,"humidity":0.62,"pres":100308.71,"pm25":10,"precipitation":{"nearest":{"status":"ok","distance":10000.0,"intensity":0.0},"local":{"status":"ok","intensity":0.0,"datasource":"gfs"}},"wind":{"direction":6.77,"speed":10.81}}}
{"status":"ok","lang":"zh_CN","server_time":1521998768,"tzshift":28800,"location":[51.280976,-0.44652],"unit":"metric","result":{"status":"ok","temperature":10.32,"skycon":"CLOUDY","cloudrate":0.81,"aqi":10.0,"humidity":0.67,"pres":100341.1,"pm25":10.0,"precipitation":{"nearest":{"status":"ok","distance":10000.0,"intensity":0.0},"local":{"status":"ok","intensity":0.0034,"datasource":"gfs"}},"wind":{"direction":1.74,"speed":10.12}}}
{"status":"ok","lang":"zh_CN","server_time":1521999969,"tzshift":28800,"location":[51.280976,-0.44652],"unit":"metric","result":{"status":"ok","temperature":10.2,"skycon":"CLOUDY","cloudrate":0.82,"aqi":10.0,"humidity":0.68,"pres":100267.67,"pm25":10.0,"precipitation":{"nearest":{"status":"ok","distance":251.7,"intensity":0.1875},"local":{"status":"ok","intensity":0.003,"datasource":"gfs"}},"wind":{"direction":2.09,"speed":10.1}}}
{"status":"ok","lang":"zh_CN","server_time":1522002374,"tzshift":28800,"location":[51.280976,-0.44652],"unit":"metric","result":{"status":"ok","temperature":9.17,"skycon":"CLOUDY","cloudrate":0.88,"aqi":10.0,"humidity":0.73,"pres":100310.81,"pm25":10.0,"precipitation":{"nearest":{"status":"ok","distance":10000.0,"intensity":0.0},"local":{"status":"ok","intensity":0.0215,"datasource":"gfs"}},"wind":{"direction":355.82,"speed":9.16}}}
{"status":"ok","lang":"zh_CN","server_time":1522003563,"tzshift":28800,"location":[51.280976,-0.44652],"unit":"metric","result":{"status":"ok","temperature":9.3,"skycon":"CLOUDY","cloudrate":0.87,"aqi":10.0,"humidity":0.72,"pres":100384.46,"pm25":10.0,"precipitation":{"nearest":{"status":"ok","distance":412.91,"intensity":0.1875},"local":{"status":"ok","intensity":0.0228,"datasource":"gfs"}},"wind":{"direction":355.34,"speed":9.23}}}
{"status":"ok","lang":"zh_CN","server_time":1522005963,"tzshift":28800,"location":[51.280976,-0.44652],"unit":"metric","result":{"status":"ok","temperature":8.19,"skycon":"CLOUDY","cloudrate":0.94,"aqi":10.0,"humidity":0.76,"pres":100366.94,"pm25":10.0,"precipitation":{"nearest":{"status":"ok","distance":27.07,"intensity":0.1875},"local":{"status":"ok","intensity":0.0199,"datasource":"gfs"}},"wind":{"direction":347.98,"speed":8.12}}}
{"status":"ok","lang":"zh_CN","server_time":1522007162,"tzshift":28800,"location":[51.280976,-0.44652],"unit":"metric","result":{"status":"ok","temperature":8.19,"skycon":"CLOUDY","cloudrate":0.94,"aqi":10.0,"humidity":0.76,"pres":100366.94,"pm25":10.0,"precipitation":{"nearest":{"status":"ok","distance":150.87,"intensity":0.3125},"local":{"status":"ok","intensity":0.0199,"datasource":"gfs"}},"wind":{"direction":347.98,"speed":8.12}}}
{"status":"ok","lang":"zh_CN","server_time":1522009562,"tzshift":28800,"location":[51.280976,-0.44652],"unit":"metric","result":{"status":"ok","temperature":7.29,"skycon":"CLOUDY","cloudrate":0.98,"aqi":10.0,"humidity":0.77,"pres":100429.9,"pm25":10.0,"precipitation":{"nearest":{"status":"ok","distance":239.82,"intensity":0.1875},"local":{"status":"ok","intensity":0.0033,"datasource":"gfs"}},"wind":{"direction":339.52,"speed":7.35}}}
{"status":"ok","lang":"zh_CN","server_time":1522010762,"tzshift":28800,"location":[51.280976,-0.44652],"unit":"metric","result":{"status":"ok","temperature":7.29,"skycon":"CLOUDY","cloudrate":0.98,"aqi":10.0,"humidity":0.77,"pres":100429.9,"pm25":10.0,"precipitation":{"nearest":{"status":"ok","distance":151.07,"intensity":0.1875},"local":{"status":"ok","intensity":0.0033,"datasource":"gfs"}},"wind":{"direction":339.52,"speed":7.35}}}
{"status":"ok","lang":"zh_CN","server_time":1522013183,"tzshift":28800,"location":[51.280976,-0.44652],"unit":"metric","result":{"status":"ok","temperature":6.43,"skycon":"CLOUDY","cloudrate":0.96,"aqi":10.0,"humidity":0.78,"pres":100491.43,"pm25":10.0,"precipitation":{"nearest":{"status":"ok","distance":10000.0,"intensity":0.0},"local":{"status":"ok","intensity":0.0,"datasource":"gfs"}},"wind":{"direction":333.72,"speed":7.15}}}
{"status":"ok","lang":"zh_CN","server_time":1522014365,"tzshift":28800,"location":[51.280976,-0.44652],"unit":"metric","result":{"status":"ok","temperature":7.29,"skycon":"RAIN","cloudrate":1.0,"aqi":10.0,"humidity":0.8,"pres":100508.99,"pm25":10.0,"precipitation":{"nearest":{"status":"ok","distance":138.61,"intensity":0.1875},"local":{"status":"ok","intensity":0.0637,"datasource":"gfs"}},"wind":{"direction":325.03,"speed":5.95}}}
{"status":"failed", "error":"'API quota is exhausted'"}
{"status":"ok","lang":"zh_CN","server_time":1522017965,"tzshift":28800,"location":[51.280976,-0.44652],"unit":"metric","result":{"status":"ok","temperature":6.38,"skycon":"RAIN","cloudrate":0.93,"aqi":10.0,"humidity":0.82,"pres":100554.64,"pm25":10.0,"precipitation":{"nearest":{"status":"ok","distance":2.0,"intensity":0.1875},"local":{"status":"ok","intensity":0.0603,"datasource":"gfs"}},"wind":{"direction":320.5,"speed":6.46}}}
{"status":"failed", "error":"'API quota is exhausted'"}
{"status":"failed", "error":"'API quota is exhausted'"}
{"status":"ok","lang":"zh_CN","server_time":1522024144,"tzshift":28800,"location":[51.280976,-0.44652],"unit":"metric","result":{"status":"ok","temperature":4.6,"skycon":"RAIN","cloudrate":0.59,"aqi":10,"humidity":0.83,"pres":100678.73,"pm25":10,"precipitation":{"nearest":{"status":"ok","distance":284.33,"intensity":0.1875},"local":{"status":"ok","intensity":0.0333,"datasource":"gfs"}},"wind":{"direction":325.32,"speed":8.02}}}
{"status":"failed", "error":"'API quota is exhausted'"}
{"status":"ok","lang":"zh_CN","server_time":1522027564,"tzshift":28800,"location":[51.280976,-0.44652],"unit":"metric","result":{"status":"ok","temperature":4.1,"skycon":"PARTLY_CLOUDY_DAY","cloudrate":0.37,"aqi":10.0,"humidity":0.83,"pres":100617.2,"pm25":10.0,"precipitation":{"nearest":{"status":"ok","distance":239.81,"intensity":0.1875},"local":{"status":"ok","intensity":0.0,"datasource":"gfs"}},"wind":{"direction":328.53,"speed":8.12}}}
{"status":"ok","lang":"zh_CN","server_time":1522028767,"tzshift":28800,"location":[51.280976,-0.44652],"unit":"metric","result":{"status":"ok","temperature":4.1,"skycon":"PARTLY_CLOUDY_DAY","cloudrate":0.37,"aqi":10.0,"humidity":0.83,"pres":100617.2,"pm25":10.0,"precipitation":{"nearest":{"status":"ok","distance":206.43,"intensity":0.1875},"local":{"status":"ok","intensity":0.0,"datasource":"gfs"}},"wind":{"direction":328.53,"speed":8.12}}}
{"status":"failed", "error":"'API quota is exhausted'"}
{"status":"failed", "error":"'API quota is exhausted'"}
{"status":"failed", "error":"'API quota is exhausted'"}
{"status":"failed", "error":"'API quota is exhausted'"}
{"status":"failed", "error":"'API quota is exhausted'"}
{"status":"failed", "error":"'API quota is exhausted'"}
{"status":"failed", "error":"'API quota is exhausted'"}
{"status":"failed", "error":"'API quota is exhausted'"}
{"status":"failed", "error":"'API quota is exhausted'"}
{"status":"failed", "error":"'API quota is exhausted'"}
{"status":"failed", "error":"'API quota is exhausted'"}
{"status":"failed", "error":"'API quota is exhausted'"}
{"status":"ok","lang":"zh_CN","server_time":1522052763,"tzshift":28800,"location":[51.280976,-0.44652],"unit":"metric","result":{"status":"ok","temperature":5.31,"skycon":"CLEAR_DAY","cloudrate":0.03,"aqi":10.0,"humidity":0.74,"pres":100875.61,"pm25":10.0,"precipitation":{"nearest":{"status":"ok","distance":10000.0,"intensity":0.0},"local":{"status":"ok","intensity":0.0,"datasource":"gfs"}},"wind":{"direction":339.59,"speed":8.03}}}
{"status":"failed", "error":"'API quota is exhausted'"}
{"status":"failed", "error":"'API quota is exhausted'"}
{"status":"failed", "error":"'API quota is exhausted'"}
{"status":"failed", "error":"'API quota is exhausted'"}
{"status":"failed", "error":"'API quota is exhausted'"}
{"status":"failed", "error":"'API quota is exhausted'"}
{"status":"failed", "error":"'API quota is exhausted'"}
{"status":"failed", "error":"'API quota is exhausted'"}
{"status":"ok","lang":"zh_CN","server_time":1522068367,"tzshift":28800,"location":[51.280976,-0.44652],"unit":"metric","result":{"status":"ok","temperature":10.63,"skycon":"CLEAR_NIGHT","cloudrate":0.0,"aqi":10.0,"humidity":0.48,"pres":100849.47,"pm25":10.0,"precipitation":{"local":{"status":"ok","intensity":0.0,"datasource":"gfs"}},"wind":{"direction":288.96,"speed":8.51}}}
{"status":"ok","lang":"zh_CN","server_time":1522068367,"tzshift":28800,"location":[51.280976,-0.44652],"unit":"metric","result":{"status":"ok","temperature":10.63,"skycon":"CLEAR_NIGHT","cloudrate":0.0,"aqi":10.0,"humidity":0.48,"pres":100849.47,"pm25":10.0,"precipitation":{"local":{"status":"ok","intensity":0.0,"datasource":"gfs"}},"wind":{"direction":288.96,"speed":8.51}}}
{"status":"ok","lang":"zh_CN","server_time":1522070773,"tzshift":28800,"location":[51.280976,-0.44652],"unit":"metric","result":{"status":"ok","temperature":11.04,"skycon":"CLEAR_NIGHT","cloudrate":0.18,"aqi":10,"humidity":0.47,"pres":100829.69,"pm25":10,"precipitation":{"nearest":{"status":"ok","distance":125.23,"intensity":0.25},"local":{"status":"ok","intensity":0.0,"datasource":"gfs"}},"wind":{"direction":278.67,"speed":9.82}}}
{"status":"ok","lang":"zh_CN","server_time":1522074375,"tzshift":28800,"location":[51.280976,-0.44652],"unit":"metric","result":{"status":"ok","temperature":11.11,"skycon":"PARTLY_CLOUDY_NIGHT","cloudrate":0.41,"aqi":10.0,"humidity":0.49,"pres":100799.05,"pm25":10.0,"precipitation":{"nearest":{"status":"ok","distance":10000.0,"intensity":0.0},"local":{"status":"ok","intensity":0.0,"datasource":"gfs"}},"wind":{"direction":270.95,"speed":10.57}}}
{"status":"ok","lang":"zh_CN","server_time":1522077968,"tzshift":28800,"location":[51.280976,-0.44652],"unit":"metric","result":{"status":"ok","temperature":10.83,"skycon":"PARTLY_CLOUDY_NIGHT","cloudrate":0.61,"aqi":10.0,"humidity":0.52,"pres":100837.07,"pm25":10.0,"precipitation":{"local":{"status":"ok","intensity":0.0,"datasource":"gfs"}},"wind":{"direction":261.74,"speed":10.42}}}
