{"status":"ok","lang":"zh_CN","server_time":1521995167,"tzshift":28800,"location":[51.280976,-0.246518],"unit":"metric","result":{"status":"ok","temperature":11.44,"skycon":"PARTLY_CLOUDY_NIGHT","cloudrate":0.71,"aqi":10.0,"humidity":0.58,"pres":100378.22,"pm25":10.0,"precipitation":{"nearest":{"status":"ok","distance":265.17,"intensity":0.1875},"local":{"status":"ok","intensity":0.0,"datasource":"gfs"}},"wind":{"direction":12.18,"speed":10.37}}}
{"status":"ok","lang":"zh_CN","server_time":1521996367,"tzshift":28800,"location":[51.280976,-0.246518],"unit":"metric","result":{"status":"ok","temperature":10.95,"skycon":"CLOUDY","cloudrate":0.81,"aqi":10,"humidity":0.62,"pres":100032.19,"pm25":10,"precipitation":{"nearest":{"status":"ok","distance":10000.0,"intensity":0.0},"local":{"status":"ok","intensity":0.0,"datasource":"gfs"}},"wind":{"direction":13.19,"speed":10.57}}}
{"status":"ok","lang":"zh_CN","server_time":1521998769,"tzshift":28800,"location":[51.280976,-0.246518],"unit":"metric","result":{"status":"ok","temperature":10.11,"skycon":"CLOUDY","cloudrate":0.84,"aqi":10.0,"humidity":0.66,"pres":100064.25,"pm25":10.0,"precipitation":{"nearest":{"status":"ok","distance":170.6,"intensity":0.1875},"local":{"status":"ok","intensity":0.0,"datasource":"gfs"}},"wind":{"direction":8.29,"speed":9.74}}}
{"status":"ok","lang":"zh_CN","server_time":1521999970,"tzshift":28800,"location":[51.280976,-0.246518],"unit":"metric","result":{"status":"ok","temperature":10.11,"skycon":"CLOUDY","cloudrate":0.84,"aqi":10.0,"humidity":0.66,"pres":100064.25,"pm25":10.0,"precipitation":{"nearest":{"status":"ok","distance":245.21,"intensity":0.1875},"local":{"status":"ok","intensity":0.0,"datasource":"gfs"}},"wind":{"direction":8.29,"speed":9.74}}}
{"status":"ok","lang":"zh_CN","server_time":1522002375,"tzshift":28800,"location":[51.280976,-0.246518],"unit":"metric","result":{"status":"ok","temperature":9.2,"skycon":"CLOUDY","cloudrate":0.9,"aqi":10.0,"humidity":0.7,"pres":100106.63,"pm25":10.0,"precipitation":{"nearest":{"status":"ok","distance":10000.0,"intensity":0.0},"local":{"status":"ok","intensity":0.0042,"datasource":"gfs"}},"wind":{"direction":2.26,"speed":8.67}}}
{"status":"ok","lang":"zh_CN","server_time":1522003564,"tzshift":28800,"location":[51.280976,-0.246518],"unit":"metric","result":{"status":"ok","temperature":9.2,"skycon":"CLOUDY","cloudrate":0.9,"aqi":10.0,"humidity":0.7,"pres":100106.63,"pm25":10.0,"precipitation":{"nearest":{"status":"ok","distance":70.82,"intensity":0.1875},"local":{"status":"ok","intensity":0.0042,"datasource":"gfs"}},"wind":{"direction":2.26,"speed":8.67}}}
{"status":"ok","lang":"zh_CN","server_time":1522005964,"tzshift":28800,"location":[51.280976,-0.246518],"unit":"metric","result":{"status":"ok","temperature":8.44,"skycon":"CLOUDY","cloudrate":0.96,"aqi":10,"humidity":0.73,"pres":100161.22,"pm25":10,"precipitation":{"nearest":{"status":"ok","distance":2.09,"intensity":0.1875},"local":{"status":"ok","intensity":0.0181,"datasource":"gfs"}},"wind":{"direction":355.49,"speed":7.39}}}
{"status":"ok","lang":"zh_CN","server_time":1522007163,"tzshift":28800,"location":[51.280976,-0.246518],"unit":"metric","result":{"status":"ok","temperature":8.44,"skycon":"CLOUDY","cloudrate":0.96,"aqi":10.0,"humidity":0.73,"pres":100161.22,"pm25":10.0,"precipitation":{"nearest":{"status":"ok","distance":270.8,"intensity":0.3125},"local":{"status":"ok","intensity":0.0181,"datasource":"gfs"}},"wind":{"direction":355.49,"speed":7.39}}}
{"status":"ok","lang":"zh_CN","server_time":1522009563,"tzshift":28800,"location":[51.280976,-0.246518],"unit":"metric","result":{"status":"ok","temperature":7.77,"skycon":"CLOUDY","cloudrate":1.0,"aqi":10.0,"humidity":0.75,"pres":100222.29,"pm25":10.0,"precipitation":{"nearest":{"status":"ok","distance":189.23,"intensity":0.1875},"local":{"status":"ok","intensity":0.0222,"datasource":"gfs"}},"wind":{"direction":347.5,"speed":6.35}}}
{"status":"ok","lang":"zh_CN","server_time":1522010763,"tzshift":28800,"location":[51.280976,-0.246518],"unit":"metric","result":{"status":"ok","temperature":7.77,"skycon":"CLOUDY","cloudrate":1.0,"aqi":10.0,"humidity":0.75,"pres":100222.29,"pm25":10.0,"precipitation":{"nearest":{"status":"ok","distance":86.42,"intensity":0.1875},"local":{"status":"ok","intensity":0.0222,"datasource":"gfs"}},"wind":{"direction":347.5,"speed":6.35}}}
{"status":"ok","lang":"zh_CN","server_time":1522013184,"tzshift":28800,"location":[51.280976,-0.246518],"unit":"metric","result":{"status":"ok","temperature":7.08,"skycon":"CLOUDY","cloudrate":0.99,"aqi":10.0,"humidity":0.77,"pres":100282.22,"pm25":10.0,"precipitation":{"nearest":{"status":"ok","distance":10000.0,"intensity":0.0},"local":{"status":"ok","intensity":0.0187,"datasource":"gfs"}},"wind":{"direction":339.86,"speed":6.06}}}
{"status":"ok","lang":"zh_CN","server_time":1522014366,"tzshift":28800,"location":[51.280976,-0.246518],"unit":"metric","result":{"status":"ok","temperature":7.86,"skycon":"RAIN","cloudrate":1.0,"aqi":10.0,"humidity":0.79,"pres":100303.41,"pm25":10.0,"precipitation":{"nearest":{"status":"ok","distance":132.93,"intensity":0.1875},"local":{"status":"ok","intensity":0.0845,"datasource":"gfs"}},"wind":{"direction":328.06,"speed":4.91}}}
{"status":"ok","lang":"zh_CN","server_time":1522016766,"tzshift":28800,"location":[51.280976,-0.246518],"unit":"metric","result":{"status":"ok","temperature":7.03,"skycon":"RAIN","cloudrate":0.96,"aqi":10.0,"humidity":0.8,"pres":100347.91,"pm25":10.0,"precipitation":{"nearest":{"status":"ok","distance":10000.0,"intensity":0.0},"local":{"status":"ok","intensity":0.079,"datasource":"gfs"}},"wind":{"direction":321.03,"speed":5.67}}}
{"status":"ok","lang":"zh_CN","server_time":1522017966,"tzshift":28800,"location":[51.280976,-0.246518],"unit":"metric","result":{"status":"ok","temperature":7.47,"skycon":"RAIN","cloudrate":0.94,"aqi":10,"humidity":0.78,"pres":100701.97,"pm25":10,"precipitation":{"nearest":{"status":"ok","distance":147.05,"intensity":0.1875},"local":{"status":"ok","intensity":0.0851,"datasource":"gfs"}},"wind":{"direction":325.02,"speed":5.92}}}
{"status":"failed", "error":"'API quota is exhausted'"}
{"status":"failed", "error":"'API quota is exhausted'"}
{"status":"failed", "error":"'API quota is exhausted'"}
{"status":"ok","lang":"zh_CN","server_time":1522025166,"tzshift":28800,"location":[51.280976,-0.246518],"unit":"metric","result":{"status":"ok","temperature":5.27,"skycon":"RAIN","cloudrate":0.63,"aqi":10,"humidity":0.8,"pres":100750.04,"pm25":10,"precipitation":{"nearest":{"status":"ok","distance":10000.0,"intensity":0.0},"local":{"status":"ok","intensity":0.0615,"datasource":"gfs"}},"wind":{"direction":326.21,"speed":7.91}}}
{"status":"ok","lang":"zh_CN","server_time":1522027565,"tzshift":28800,"location":[51.280976,-0.246518],"unit":"metric","result":{"status":"ok","temperature":4.6,"skycon":"PARTLY_CLOUDY_DAY","cloudrate":0.45,"aqi":10.0,"humidity":0.81,"pres":100407.83,"pm25":10.0,"precipitation":{"nearest":{"status":"ok","distance":12.58,"intensity":0.1875},"local":{"status":"ok","intensity":0.0,"datasource":"gfs"}},"wind":{"direction":328.04,"speed":8.22}}}
{"status":"failed", "error":"'API quota is exhausted'"}
{"status":"failed", "error":"'API quota is exhausted'"}
{"status":"failed", "error":"'API quota is exhausted'"}
{"status":"failed", "error":"'API quota is exhausted'"}
{"status":"failed", "error":"'API quota is exhausted'"}
{"status":"failed", "error":"'API quota is exhausted'"}
{"status":"failed", "error":"'API quota is exhausted'"}
{"status":"failed", "error":"'API quota is exhausted'"}
{"status":"failed", "error":"'API quota is exhausted'"}
{"status":"failed", "error":"'API quota is exhausted'"}
{"status":"failed", "error":"'API quota is exhausted'"}
{"status":"failed", "error":"'API quota is exhausted'"}
{"status":"failed", "error":"'API quota is exhausted'"}
{"status":"failed", "error":"'API quota is exhausted'"}
{"status":"failed", "error":"'API quota is exhausted'"}
{"status":"failed", "error":"'API quota is exhausted'"}
{"status":"failed", "error":"'API quota is exhausted'"}
{"status":"failed", "error":"'API quota is exhausted'"}
{"status":"failed", "error":"'API quota is exhausted'"}
{"status":"failed", "error":"'API quota is exhausted'"}
{"status":"failed", "error":"'API quota is exhausted'"}
{"status":"ok","lang":"zh_CN","server_time":1522067171,"tzshift":28800,"location":[51.280976,-0.246518],"unit":"metric","result":{"status":"ok","temperature":10.55,"skycon":"CLEAR_NIGHT","cloudrate":0.0,"aqi":10.0,"humidity":0.48,"pres":100645.76,"pm25":10.0,"precipitation":{"nearest":{"status":"ok","distance":10000.0,"intensity":0.0},"local":{"status":"ok","intensity":0.0,"datasource":"gfs"}},"wind":{"direction":293.91,"speed":8.59}}}
{"status":"ok","lang":"zh_CN","server_time":1522068368,"tzshift":28800,"location":[51.280976,-0.246518],"unit":"metric","result":{"status":"ok","temperature":10.55,"skycon":"CLEAR_NIGHT","cloudrate":0.0,"aqi":10.0,"humidity":0.48,"pres":100645.76,"pm25":10.0,"precipitation":{"nearest":{"status":"ok","distance":908.49,"intensity":0.1875},"local":{"status":"ok","intensity":0.0,"datasource":"gfs"}},"wind":{"direction":293.91,"speed":8.59}}}
{"status":"ok","lang":"zh_CN","server_time":1522068368,"tzshift":28800,"location":[51.280976,-0.246518],"unit":"metric","result":{"status":"ok","temperature":10.55,"skycon":"CLEAR_NIGHT","cloudrate":0.0,"aqi":10.0,"humidity":0.48,"pres":100645.76,"pm25":10.0,"precipitation":{"nearest":{"status":"ok","distance":908.49,"intensity":0.1875},"local":{"status":"ok","intensity":0.0,"datasource":"gfs"}},"wind":{"direction":293.91,"speed":8.59}}}
{"status":"ok","lang":"zh_CN","server_time":1522070774,"tzshift":28800,"location":[51.280976,-0.246518],"unit":"metric","result":{"status":"ok","temperature":11.04,"skycon":"CLEAR_NIGHT","cloudrate":0.15,"aqi":10.0,"humidity":0.46,"pres":100625.84,"pm25":10.0,"precipitation":{"local":{"status":"ok","intensity":0.0,"datasource":"gfs"}},"wind":{"direction":282.24,"speed":9.8}}}
{"status":"ok","lang":"zh_CN","server_time":1522074376,"tzshift":28800,"location":[51.280976,-0.246518],"unit":"metric","result":{"status":"ok","temperature":11.44,"skycon":"PARTLY_CLOUDY_NIGHT","cloudrate":0.41,"aqi":10.0,"humidity":0.45,"pres":100951.73,"pm25":10.0,"precipitation":{"nearest":{"status":"ok","distance":285.92,"intensity":0.1875},"local":{"status":"ok","intensity":0.0,"datasource":"gfs"}},"wind":{"direction":272.44,"speed":10.55}}}
{"status":"ok","lang":"zh_CN","server_time":1522077969,"tzshift":28800,"location":[51.280976,-0.246518],"unit":"metric","result":{"status":"ok","temperature":10.9,"skycon":"PARTLY_CLOUDY_NIGHT","cloudrate":0.53,"aqi":10,"humidity":0.5,"pres":100558.8,"pm25":10,"precipitation":{"local":{"status":"ok","intensity":0.0,"datasource":"gfs"}},"wind":{"direction":263.75,"speed":10.74}}}
