{"status":"ok","lang":"zh_CN","server_time":1521995158,"tzshift":28800,"location":[51.464009,-0.09522353],"unit":"metric","result":{"status":"ok","temperature":11.9,"skycon":"PARTLY_CLOUDY_NIGHT","cloudrate":0.76,"aqi":10.0,"humidity":0.52,"pres":100796.45,"pm25":10.0,"precipitation":{"nearest":{"status":"ok","distance":142.86,"intensity":0.1875},"local":{"status":"ok","intensity":0.0,"datasource":"gfs"}},"wind":{"direction":12.08,"speed":9.38}}}
{"status":"ok","lang":"zh_CN","server_time":1521996359,"tzshift":28800,"location":[51.464009,-0.09522353],"unit":"metric","result":{"status":"ok","temperature":11.9,"skycon":"PARTLY_CLOUDY_NIGHT","cloudrate":0.76,"aqi":10,"humidity":0.52,"pres":100796.45,"pm25":10,"precipitation":{"nearest":{"status":"ok","distance":10000.0,"intensity":0.0},"local":{"status":"ok","intensity":0.0,"datasource":"gfs"}},"wind":{"direction":12.08,"speed":9.38}}}
{"status":"ok","lang":"zh_CN","server_time":1521998760,"tzshift":28800,"location":[51.464009,-0.09522353],"unit":"metric","result":{"status":"ok","temperature":11.37,"skycon":"PARTLY_CLOUDY_NIGHT","cloudrate":0.79,"aqi":10.0,"humidity":0.54,"pres":100827.75,"pm25":10.0,"precipitation":{"nearest":{"status":"ok","distance":10000.0,"intensity":0.0},"local":{"status":"ok","intensity":0.0,"datasource":"gfs"}},"wind":{"direction":6.78,"speed":9.32}}}
{"status":"ok","lang":"zh_CN","server_time":1521999961,"tzshift":28800,"location":[51.464009,-0.09522353],"unit":"metric","result":{"status":"ok","temperature":11.37,"skycon":"PARTLY_CLOUDY_NIGHT","cloudrate":0.79,"aqi":10,"humidity":0.54,"pres":100827.75,"pm25":10,"precipitation":{"nearest":{"status":"ok","distance":472.43,"intensity":0.1875},"local":{"status":"ok","intensity":0.0,"datasource":"gfs"}},"wind":{"direction":6.78,"speed":9.32}}}
{"status":"ok","lang":"zh_CN","server_time":1522002366,"tzshift":28800,"location":[51.464009,-0.09522353],"unit":"metric","result":{"status":"ok","temperature":10.75,"skycon":"CLOUDY","cloudrate":0.84,"aqi":10,"humidity":0.57,"pres":100868.89,"pm25":10,"precipitation":{"nearest":{"status":"ok","distance":555.11,"intensity":0.25},"local":{"status":"ok","intensity":0.0,"datasource":"gfs"}},"wind":{"direction":1.35,"speed":8.71}}}
{"status":"ok","lang":"zh_CN","server_time":1522003555,"tzshift":28800,"location":[51.464009,-0.09522353],"unit":"metric","result":{"status":"ok","temperature":10.75,"skycon":"CLOUDY","cloudrate":0.84,"aqi":10.0,"humidity":0.57,"pres":100868.89,"pm25":10.0,"precipitation":{"nearest":{"status":"ok","distance":320.38,"intensity":0.1875},"local":{"status":"ok","intensity":0.0,"datasource":"gfs"}},"wind":{"direction":1.35,"speed":8.71}}}
{"status":"ok","lang":"zh_CN","server_time":1522005955,"tzshift":28800,"location":[51.464009,-0.09522353],"unit":"metric","result":{"status":"ok","temperature":10.13,"skycon":"CLOUDY","cloudrate":0.9,"aqi":10.0,"humidity":0.6,"pres":100922.03,"pm25":10.0,"precipitation":{"nearest":{"status":"ok","distance":7.73,"intensity":0.1875},"local":{"status":"ok","intensity":0.0,"datasource":"gfs"}},"wind":{"direction":355.28,"speed":7.29}}}
{"status":"ok","lang":"zh_CN","server_time":1522007154,"tzshift":28800,"location":[51.464009,-0.09522353],"unit":"metric","result":{"status":"ok","temperature":10.13,"skycon":"CLOUDY","cloudrate":0.9,"aqi":10.0,"humidity":0.6,"pres":100922.03,"pm25":10.0,"precipitation":{"nearest":{"status":"ok","distance":201.0,"intensity":0.3125},"local":{"status":"ok","intensity":0.0,"datasource":"gfs"}},"wind":{"direction":355.28,"speed":7.29}}}
{"status":"ok","lang":"zh_CN","server_time":1522009554,"tzshift":28800,"location":[51.464009,-0.09522353],"unit":"metric","result":{"status":"ok","temperature":9.5,"skycon":"CLOUDY","cloudrate":0.95,"aqi":10.0,"humidity":0.63,"pres":100981.98,"pm25":10.0,"precipitation":{"nearest":{"status":"ok","distance":10000.0,"intensity":0.0},"local":{"status":"ok","intensity":0.0,"datasource":"gfs"}},"wind":{"direction":347.17,"speed":5.81}}}
{"status":"ok","lang":"zh_CN","server_time":1522010754,"tzshift":28800,"location":[51.464009,-0.09522353],"unit":"metric","result":{"status":"ok","temperature":9.5,"skycon":"CLOUDY","cloudrate":0.95,"aqi":10.0,"humidity":0.63,"pres":100981.98,"pm25":10.0,"precipitation":{"nearest":{"status":"ok","distance":10000.0,"intensity":0.0},"local":{"status":"ok","intensity":0.0,"datasource":"gfs"}},"wind":{"direction":347.17,"speed":5.81}}}
{"status":"failed", "error":"'API quota is exhausted'"}
{"status":"ok","lang":"zh_CN","server_time":1522014357,"tzshift":28800,"location":[51.464009,-0.09522353],"unit":"metric","result":{"status":"ok","temperature":9.35,"skycon":"RAIN","cloudrate":1.0,"aqi":10.0,"humidity":0.65,"pres":101059.81,"pm25":10.0,"precipitation":{"nearest":{"status":"ok","distance":182.78,"intensity":0.1875},"local":{"status":"ok","intensity":0.0545,"datasource":"gfs"}},"wind":{"direction":319.11,"speed":4.22}}}
{"status":"failed", "error":"'API quota is exhausted'"}
{"status":"failed", "error":"'API quota is exhausted'"}
{"status":"failed", "error":"'API quota is exhausted'"}
{"status":"failed", "error":"'API quota is exhausted'"}
{"status":"failed", "error":"'API quota is exhausted'"}
{"status":"failed", "error":"'API quota is exhausted'"}
{"status":"failed", "error":"'API quota is exhausted'"}
{"status":"failed", "error":"'API quota is exhausted'"}
{"status":"failed", "error":"'API quota is exhausted'"}
{"status":"ok","lang":"zh_CN","server_time":1522032364,"tzshift":28800,"location":[51.454009,-0.09522353],"unit":"metric","result":{"status":"ok","temperature":6.02,"skycon":"PARTLY_CLOUDY_DAY","cloudrate":0.22,"aqi":10.0,"humidity":0.69,"pres":101021.57,"pm25":10.0,"precipitation":{"nearest":{"status":"ok","distance":10000.0,"intensity":0.0},"local":{"status":"ok","intensity":0.0,"datasource":"gfs"}},"wind":{"direction":333.46,"speed":7.96}}}
{"status":"failed", "error":"'API quota is exhausted'"}
{"status":"failed", "error":"'API quota is exhausted'"}
{"status":"failed", "error":"'API quota is exhausted'"}
{"status":"failed", "error":"'API quota is exhausted'"}
{"status":"failed", "error":"'API quota is exhausted'"}
{"status":"failed", "error":"'API quota is exhausted'"}
{"status":"failed", "error":"'API quota is exhausted'"}
{"status":"failed", "error":"'API quota is exhausted'"}
{"status":"failed", "error":"'API quota is exhausted'"}
{"status":"failed", "error":"'API quota is exhausted'"}
{"status":"failed", "error":"'API quota is exhausted'"}
{"status":"failed", "error":"'API quota is exhausted'"}
{"status":"failed", "error":"'API quota is exhausted'"}
{"status":"failed", "error":"'API quota is exhausted'"}
{"status":"failed", "error":"'API quota is exhausted'"}
{"status":"failed", "error":"'API quota is exhausted'"}
{"status":"failed", "error":"'API quota is exhausted'"}
{"status":"failed", "error":"'API quota is exhausted'"}
{"status":"failed", "error":"'API quota is exhausted'"}
{"status":"ok","lang":"zh_CN","server_time":1522068359,"tzshift":28800,"location":[51.464009,-0.09522353],"unit":"metric","result":{"status":"ok","temperature":12.97,"skycon":"CLEAR_NIGHT","cloudrate":0.0,"aqi":10.0,"humidity":0.23,"pres":101824.93,"pm25":10.0,"precipitation":{"nearest":{"status":"ok","distance":153.11,"intensity":0.1875},"local":{"status":"ok","intensity":0.0,"datasource":"gfs"}},"wind":{"direction":291.1,"speed":5.06}}}
{"status":"ok","lang":"zh_CN","server_time":1522068359,"tzshift":28800,"location":[51.464009,-0.09522353],"unit":"metric","result":{"status":"ok","temperature":12.97,"skycon":"CLEAR_NIGHT","cloudrate":0.0,"aqi":10.0,"humidity":0.23,"pres":101824.93,"pm25":10.0,"precipitation":{"nearest":{"status":"ok","distance":153.11,"intensity":0.1875},"local":{"status":"ok","intensity":0.0,"datasource":"gfs"}},"wind":{"direction":291.1,"speed":5.06}}}
{"status":"ok","lang":"zh_CN","server_time":1522070765,"tzshift":28800,"location":[51.464009,-0.09522353],"unit":"metric","result":{"status":"ok","temperature":12.32,"skycon":"CLEAR_NIGHT","cloudrate":0.06,"aqi":10.0,"humidity":0.35,"pres":101373.65,"pm25":10.0,"precipitation":{"nearest":{"status":"ok","distance":10000.0,"intensity":0.0},"local":{"status":"ok","intensity":0.0,"datasource":"gfs"}},"wind":{"direction":278.38,"speed":8.44}}}
{"status":"ok","lang":"zh_CN","server_time":1522074366,"tzshift":28800,"location":[51.464009,-0.09522353],"unit":"metric","result":{"status":"ok","temperature":12.59,"skycon":"CLEAR_NIGHT","cloudrate":0.14,"aqi":10.0,"humidity":0.35,"pres":101336.99,"pm25":10.0,"precipitation":{"local":{"status":"ok","intensity":0.0,"datasource":"gfs"}},"wind":{"direction":271.42,"speed":9.25}}}
{"status":"ok","lang":"zh_CN","server_time":1522077960,"tzshift":28800,"location":[51.464009,-0.09522353],"unit":"metric","result":{"status":"ok","temperature":12.52,"skycon":"PARTLY_CLOUDY_NIGHT","cloudrate":0.22,"aqi":10,"humidity":0.36,"pres":101294.92,"pm25":10,"precipitation":{"nearest":{"status":"ok","distance":117.38,"intensity":0.25},"local":{"status":"ok","intensity":0.0,"datasource":"gfs"}},"wind":{"direction":265.33,"speed":9.56}}}
