{"status":"ok","lang":"zh_CN","server_time":1521995171,"tzshift":28800,"location":[51.380976,-0.346519],"unit":"metric","result":{"status":"ok","temperature":11.43,"skycon":"CLOUDY","cloudrate":0.82,"aqi":10,"humidity":0.58,"pres":100429.7,"pm25":10,"precipitation":{"nearest":{"status":"ok","distance":166.32,"intensity":0.1875},"local":{"status":"ok","intensity":0.0,"datasource":"gfs"}},"wind":{"direction":7.82,"speed":10.24}}}
{"status":"ok","lang":"zh_CN","server_time":1521996371,"tzshift":28800,"location":[51.380976,-0.346519],"unit":"metric","result":{"status":"ok","temperature":11.43,"skycon":"CLOUDY","cloudrate":0.82,"aqi":10,"humidity":0.58,"pres":100429.7,"pm25":10,"precipitation":{"nearest":{"status":"ok","distance":10000.0,"intensity":0.0},"local":{"status":"ok","intensity":0.0,"datasource":"gfs"}},"wind":{"direction":7.82,"speed":10.24}}}
{"status":"ok","lang":"zh_CN","server_time":1521998773,"tzshift":28800,"location":[51.380976,-0.346519],"unit":"metric","result":{"status":"ok","temperature":10.7,"skycon":"CLOUDY","cloudrate":0.84,"aqi":10.0,"humidity":0.62,"pres":100462.18,"pm25":10.0,"precipitation":{"nearest":{"status":"ok","distance":10000.0,"intensity":0.0},"local":{"status":"ok","intensity":0.0,"datasource":"gfs"}},"wind":{"direction":3.13,"speed":9.83}}}
{"status":"ok","lang":"zh_CN","server_time":1521999973,"tzshift":28800,"location":[51.380976,-0.346519],"unit":"metric","result":{"status":"ok","temperature":10.7,"skycon":"CLOUDY","cloudrate":0.84,"aqi":10.0,"humidity":0.62,"pres":100462.18,"pm25":10.0,"precipitation":{"nearest":{"status":"ok","distance":465.69,"intensity":0.1875},"local":{"status":"ok","intensity":0.0,"datasource":"gfs"}},"wind":{"direction":3.13,"speed":9.83}}}
{"status":"ok","lang":"zh_CN","server_time":1522002378,"tzshift":28800,"location":[51.380976,-0.346519],"unit":"metric","result":{"status":"ok","temperature":9.86,"skycon":"CLOUDY","cloudrate":0.87,"aqi":10.0,"humidity":0.66,"pres":100504.83,"pm25":10.0,"precipitation":{"nearest":{"status":"ok","distance":395.74,"intensity":0.375},"local":{"status":"ok","intensity":0.0141,"datasource":"gfs"}},"wind":{"direction":357.15,"speed":9.05}}}
{"status":"ok","lang":"zh_CN","server_time":1522003567,"tzshift":28800,"location":[51.380976,-0.346519],"unit":"metric","result":{"status":"ok","temperature":9.86,"skycon":"CLOUDY","cloudrate":0.87,"aqi":10.0,"humidity":0.66,"pres":100504.83,"pm25":10.0,"precipitation":{"nearest":{"status":"ok","distance":59.58,"intensity":0.1875},"local":{"status":"ok","intensity":0.0141,"datasource":"gfs"}},"wind":{"direction":357.15,"speed":9.05}}}
{"status":"ok","lang":"zh_CN","server_time":1522005968,"tzshift":28800,"location":[51.380976,-0.346519],"unit":"metric","result":{"status":"ok","temperature":9.05,"skycon":"CLOUDY","cloudrate":0.91,"aqi":10.0,"humidity":0.69,"pres":100559.63,"pm25":10.0,"precipitation":{"nearest":{"status":"ok","distance":39.65,"intensity":0.1875},"local":{"status":"ok","intensity":0.0075,"datasource":"gfs"}},"wind":{"direction":349.01,"speed":7.91}}}
{"status":"ok","lang":"zh_CN","server_time":1522007166,"tzshift":28800,"location":[51.380976,-0.346519],"unit":"metric","result":{"status":"ok","temperature":9.05,"skycon":"CLOUDY","cloudrate":0.91,"aqi":10,"humidity":0.69,"pres":100559.63,"pm25":10,"precipitation":{"nearest":{"status":"ok","distance":245.42,"intensity":0.1875},"local":{"status":"ok","intensity":0.0075,"datasource":"gfs"}},"wind":{"direction":349.01,"speed":7.91}}}
{"status":"ok","lang":"zh_CN","server_time":1522009566,"tzshift":28800,"location":[51.380976,-0.346519],"unit":"metric","result":{"status":"ok","temperature":8.28,"skycon":"CLOUDY","cloudrate":0.94,"aqi":10.0,"humidity":0.7,"pres":100621.03,"pm25":10.0,"precipitation":{"nearest":{"status":"ok","distance":10000.0,"intensity":0.0},"local":{"status":"ok","intensity":0.0,"datasource":"gfs"}},"wind":{"direction":339.34,"speed":6.96}}}
{"status":"ok","lang":"zh_CN","server_time":1522010766,"tzshift":28800,"location":[51.380976,-0.346519],"unit":"metric","result":{"status":"ok","temperature":8.28,"skycon":"CLOUDY","cloudrate":0.94,"aqi":10.0,"humidity":0.7,"pres":100621.03,"pm25":10.0,"precipitation":{"nearest":{"status":"ok","distance":10000.0,"intensity":0.0},"local":{"status":"ok","intensity":0.0,"datasource":"gfs"}},"wind":{"direction":339.34,"speed":6.96}}}
{"status":"ok","lang":"zh_CN","server_time":1522013188,"tzshift":28800,"location":[51.380976,-0.346519],"unit":"metric","result":{"status":"ok","temperature":7.51,"skycon":"CLOUDY","cloudrate":0.92,"aqi":10,"humidity":0.72,"pres":100681.61,"pm25":10,"precipitation":{"nearest":{"status":"ok","distance":10000.0,"intensity":0.0},"local":{"status":"ok","intensity":0.0,"datasource":"gfs"}},"wind":{"direction":332.64,"speed":6.69}}}
{"status":"failed", "error":"'API quota is exhausted'"}
{"status":"failed", "error":"'API quota is exhausted'"}
{"status":"ok","lang":"zh_CN","server_time":1522017969,"tzshift":28800,"location":[51.380976,-0.346519],"unit":"metric","result":{"status":"ok","temperature":7.32,"skycon":"RAIN","cloudrate":0.93,"aqi":10.0,"humidity":0.75,"pres":100745.08,"pm25":10.0,"precipitation":{"nearest":{"status":"ok","distance":41.56,"intensity":0.1875},"local":{"status":"ok","intensity":0.0453,"datasource":"gfs"}},"wind":{"direction":316.35,"speed":6.04}}}
{"status":"failed", "error":"'API quota is exhausted'"}
{"status":"ok","lang":"zh_CN","server_time":1522021570,"tzshift":28800,"location":[51.380976,-0.346519],"unit":"metric","result":{"status":"ok","temperature":6.46,"skycon":"PARTLY_CLOUDY_DAY","cloudrate":0.8,"aqi":10.0,"humidity":0.76,"pres":100775.47,"pm25":10.0,"precipitation":{"nearest":{"status":"ok","distance":101.51,"intensity":0.1875},"local":{"status":"ok","intensity":0.0299,"datasource":"gfs"}},"wind":{"direction":322.34,"speed":7.02}}}
{"status":"failed", "error":"'API quota is exhausted'"}
{"status":"ok","lang":"zh_CN","server_time":1522025169,"tzshift":28800,"location":[51.380976,-0.346519],"unit":"metric","result":{"status":"ok","temperature":5.74,"skycon":"PARTLY_CLOUDY_DAY","cloudrate":0.61,"aqi":10,"humidity":0.76,"pres":100795.17,"pm25":10,"precipitation":{"nearest":{"status":"ok","distance":66.93,"intensity":0.1875},"local":{"status":"ok","intensity":0.0031,"datasource":"gfs"}},"wind":{"direction":328.4,"speed":7.88}}}
{"status":"ok","lang":"zh_CN","server_time":1522027568,"tzshift":28800,"location":[51.380976,-0.346519],"unit":"metric","result":{"status":"ok","temperature":5.28,"skycon":"PARTLY_CLOUDY_DAY","cloudrate":0.39,"aqi":10.0,"humidity":0.76,"pres":100809.03,"pm25":10.0,"precipitation":{"nearest":{"status":"ok","distance":136.23,"intensity":0.1875},"local":{"status":"ok","intensity":0.0,"datasource":"gfs"}},"wind":{"direction":331.98,"speed":8.1}}}
{"status":"failed", "error":"'API quota is exhausted'"}
{"status":"failed", "error":"'API quota is exhausted'"}
{"status":"failed", "error":"'API quota is exhausted'"}
{"status":"failed", "error":"'API quota is exhausted'"}
{"status":"failed", "error":"'API quota is exhausted'"}
{"status":"failed", "error":"'API quota is exhausted'"}
{"status":"failed", "error":"'API quota is exhausted'"}
{"status":"failed", "error":"'API quota is exhausted'"}
{"status":"failed", "error":"'API quota is exhausted'"}
{"status":"failed", "error":"'API quota is exhausted'"}
{"status":"failed", "error":"'API quota is exhausted'"}
{"status":"failed", "error":"'API quota is exhausted'"}
{"status":"failed", "error":"'API quota is exhausted'"}
{"status":"ok","lang":"zh_CN","server_time":1522052768,"tzshift":28800,"location":[51.380976,-0.346519],"unit":"metric","result":{"status":"ok","temperature":5.73,"skycon":"CLEAR_DAY","cloudrate":0.04,"aqi":10.0,"humidity":0.7,"pres":100992.15,"pm25":10.0,"precipitation":{"nearest":{"status":"ok","distance":0.55,"intensity":0.25},"local":{"status":"ok","intensity":0.0,"datasource":"gfs"}},"wind":{"direction":333.36,"speed":7.5}}}
{"status":"failed", "error":"'API quota is exhausted'"}
{"status":"failed", "error":"'API quota is exhausted'"}
{"status":"failed", "error":"'API quota is exhausted'"}
{"status":"failed", "error":"'API quota is exhausted'"}
{"status":"failed", "error":"'API quota is exhausted'"}
{"status":"failed", "error":"'API quota is exhausted'"}
{"status":"failed", "error":"'API quota is exhausted'"}
{"status":"failed", "error":"'API quota is exhausted'"}
{"status":"ok","lang":"zh_CN","server_time":1522068372,"tzshift":28800,"location":[51.380976,-0.346519],"unit":"metric","result":{"status":"ok","temperature":11.04,"skycon":"CLEAR_NIGHT","cloudrate":0.0,"aqi":10.0,"humidity":0.44,"pres":101037.23,"pm25":10.0,"precipitation":{"local":{"status":"ok","intensity":0.0,"datasource":"gfs"}},"wind":{"direction":286.39,"speed":8.03}}}
{"status":"ok","lang":"zh_CN","server_time":1522068372,"tzshift":28800,"location":[51.380976,-0.346519],"unit":"metric","result":{"status":"ok","temperature":11.04,"skycon":"CLEAR_NIGHT","cloudrate":0.0,"aqi":10.0,"humidity":0.44,"pres":101037.23,"pm25":10.0,"precipitation":{"local":{"status":"ok","intensity":0.0,"datasource":"gfs"}},"wind":{"direction":286.39,"speed":8.03}}}
{"status":"ok","lang":"zh_CN","server_time":1522070778,"tzshift":28800,"location":[51.380976,-0.346519],"unit":"metric","result":{"status":"ok","temperature":11.56,"skycon":"CLEAR_NIGHT","cloudrate":0.11,"aqi":10.0,"humidity":0.42,"pres":101014.96,"pm25":10.0,"precipitation":{"local":{"status":"ok","intensity":0.0,"datasource":"gfs"}},"wind":{"direction":276.81,"speed":9.35}}}
{"status":"ok","lang":"zh_CN","server_time":1522074380,"tzshift":28800,"location":[51.380976,-0.346519],"unit":"metric","result":{"status":"ok","temperature":11.74,"skycon":"PARTLY_CLOUDY_NIGHT","cloudrate":0.26,"aqi":10,"humidity":0.43,"pres":100981.54,"pm25":10,"precipitation":{"nearest":{"status":"ok","distance":247.7,"intensity":0.25},"local":{"status":"ok","intensity":0.0,"datasource":"gfs"}},"wind":{"direction":269.67,"speed":10.27}}}
{"status":"ok","lang":"zh_CN","server_time":1522077973,"tzshift":28800,"location":[51.380976,-0.346519],"unit":"metric","result":{"status":"ok","temperature":11.54,"skycon":"PARTLY_CLOUDY_NIGHT","cloudrate":0.39,"aqi":10.0,"humidity":0.46,"pres":100941.98,"pm25":10.0,"precipitation":{"nearest":{"status":"ok","distance":108.96,"intensity":0.1875},"local":{"status":"ok","intensity":0.0,"datasource":"gfs"}},"wind":{"direction":262.13,"speed":10.41}}}
