{"status":"ok","lang":"zh_CN","server_time":1521995169,"tzshift":28800,"location":[51.280976,0.253487],"unit":"metric","result":{"status":"ok","temperature":10.22,"skycon":"CLOUDY","cloudrate":0.91,"aqi":10,"humidity":0.66,"pres":100126.36,"pm25":10,"precipitation":{"nearest":{"status":"ok","distance":10000.0,"intensity":0.0},"local":{"status":"ok","intensity":0.0,"datasource":"gfs"}},"wind":{"direction":21.96,"speed":10.68}}}
{"status":"ok","lang":"zh_CN","server_time":1521996370,"tzshift":28800,"location":[51.280976,0.253487],"unit":"metric","result":{"status":"ok","temperature":10.22,"skycon":"CLOUDY","cloudrate":0.91,"aqi":10.0,"humidity":0.66,"pres":100126.36,"pm25":10.0,"precipitation":{"nearest":{"status":"ok","distance":154.78,"intensity":0.25},"local":{"status":"ok","intensity":0.0,"datasource":"gfs"}},"wind":{"direction":21.96,"speed":10.68}}}
{"status":"ok","lang":"zh_CN","server_time":1521998771,"tzshift":28800,"location":[51.280976,0.253487],"unit":"metric","result":{"status":"ok","temperature":9.44,"skycon":"CLOUDY","cloudrate":0.92,"aqi":10.0,"humidity":0.7,"pres":100152.96,"pm25":10.0,"precipitation":{"nearest":{"status":"ok","distance":10000.0,"intensity":0.0},"local":{"status":"ok","intensity":0.0,"datasource":"gfs"}},"wind":{"direction":22.12,"speed":8.92}}}
{"status":"ok","lang":"zh_CN","server_time":1521999972,"tzshift":28800,"location":[51.280976,0.253487],"unit":"metric","result":{"status":"ok","temperature":9.44,"skycon":"CLOUDY","cloudrate":0.92,"aqi":10.0,"humidity":0.7,"pres":100152.96,"pm25":10.0,"precipitation":{"nearest":{"status":"ok","distance":159.41,"intensity":0.1875},"local":{"status":"ok","intensity":0.0,"datasource":"gfs"}},"wind":{"direction":22.12,"speed":8.92}}}
{"status":"ok","lang":"zh_CN","server_time":1522002377,"tzshift":28800,"location":[51.280976,0.253487],"unit":"metric","result":{"status":"ok","temperature":8.66,"skycon":"CLOUDY","cloudrate":0.95,"aqi":10.0,"humidity":0.74,"pres":100191.73,"pm25":10.0,"precipitation":{"nearest":{"status":"ok","distance":10000.0,"intensity":0.0},"local":{"status":"ok","intensity":0.0,"datasource":"gfs"}},"wind":{"direction":24.29,"speed":6.94}}}
{"status":"ok","lang":"zh_CN","server_time":1522003566,"tzshift":28800,"location":[51.280976,0.253487],"unit":"metric","result":{"status":"ok","temperature":8.66,"skycon":"CLOUDY","cloudrate":0.95,"aqi":10.0,"humidity":0.74,"pres":100191.73,"pm25":10.0,"precipitation":{"nearest":{"status":"ok","distance":326.84,"intensity":0.1875},"local":{"status":"ok","intensity":0.0,"datasource":"gfs"}},"wind":{"direction":24.29,"speed":6.94}}}
{"status":"ok","lang":"zh_CN","server_time":1522005966,"tzshift":28800,"location":[51.280976,0.253487],"unit":"metric","result":{"status":"ok","temperature":8.09,"skycon":"CLOUDY","cloudrate":0.97,"aqi":10.0,"humidity":0.77,"pres":100246.84,"pm25":10.0,"precipitation":{"nearest":{"status":"ok","distance":10000.0,"intensity":0.0},"local":{"status":"ok","intensity":0.0,"datasource":"gfs"}},"wind":{"direction":32.45,"speed":5.08}}}
{"status":"ok","lang":"zh_CN","server_time":1522007165,"tzshift":28800,"location":[51.280976,0.253487],"unit":"metric","result":{"status":"ok","temperature":8.09,"skycon":"CLOUDY","cloudrate":0.97,"aqi":10.0,"humidity":0.77,"pres":100246.84,"pm25":10.0,"precipitation":{"nearest":{"status":"ok","distance":126.41,"intensity":0.1875},"local":{"status":"ok","intensity":0.0,"datasource":"gfs"}},"wind":{"direction":32.45,"speed":5.08}}}
{"status":"ok","lang":"zh_CN","server_time":1522009565,"tzshift":28800,"location":[51.280976,0.253487],"unit":"metric","result":{"status":"ok","temperature":7.64,"skycon":"RAIN","cloudrate":0.99,"aqi":10.0,"humidity":0.79,"pres":100310.13,"pm25":10.0,"precipitation":{"nearest":{"status":"ok","distance":10000.0,"intensity":0.0},"local":{"status":"ok","intensity":0.0355,"datasource":"gfs"}},"wind":{"direction":45.79,"speed":3.57}}}
{"status":"ok","lang":"zh_CN","server_time":1522010765,"tzshift":28800,"location":[51.280976,0.253487],"unit":"metric","result":{"status":"ok","temperature":7.64,"skycon":"RAIN","cloudrate":0.99,"aqi":10.0,"humidity":0.79,"pres":100310.13,"pm25":10.0,"precipitation":{"nearest":{"status":"ok","distance":10000.0,"intensity":0.0},"local":{"status":"ok","intensity":0.0355,"datasource":"gfs"}},"wind":{"direction":45.79,"speed":3.57}}}
{"status":"ok","lang":"zh_CN","server_time":1522013187,"tzshift":28800,"location":[51.280976,0.253487],"unit":"metric","result":{"status":"ok","temperature":7.14,"skycon":"RAIN","cloudrate":1.0,"aqi":10.0,"humidity":0.81,"pres":100370.35,"pm25":10.0,"precipitation":{"nearest":{"status":"ok","distance":229.93,"intensity":0.1875},"local":{"status":"ok","intensity":0.0603,"datasource":"gfs"}},"wind":{"direction":53.62,"speed":2.2}}}
{"status":"failed", "error":"'API quota is exhausted'"}
{"status":"ok","lang":"zh_CN","server_time":1522016768,"tzshift":28800,"location":[51.280976,0.253487],"unit":"metric","result":{"status":"ok","temperature":7.26,"skycon":"RAIN","cloudrate":1.0,"aqi":10.0,"humidity":0.83,"pres":100432.02,"pm25":10.0,"precipitation":{"nearest":{"status":"ok","distance":10000.0,"intensity":0.0},"local":{"status":"ok","intensity":0.1124,"datasource":"gfs"}},"wind":{"direction":270.96,"speed":1.21}}}
{"status":"ok","lang":"zh_CN","server_time":1522017968,"tzshift":28800,"location":[51.280976,0.253487],"unit":"metric","result":{"status":"ok","temperature":7.26,"skycon":"RAIN","cloudrate":1.0,"aqi":10.0,"humidity":0.83,"pres":100432.02,"pm25":10.0,"precipitation":{"nearest":{"status":"ok","distance":121.07,"intensity":0.1875},"local":{"status":"ok","intensity":0.1124,"datasource":"gfs"}},"wind":{"direction":270.96,"speed":1.21}}}
{"status":"failed", "error":"'API quota is exhausted'"}
{"status":"failed", "error":"'API quota is exhausted'"}
{"status":"failed", "error":"'API quota is exhausted'"}
{"status":"failed", "error":"'API quota is exhausted'"}
{"status":"failed", "error":"'API quota is exhausted'"}
{"status":"failed", "error":"'API quota is exhausted'"}
{"status":"failed", "error":"'API quota is exhausted'"}
{"status":"failed", "error":"'API quota is exhausted'"}
{"status":"failed", "error":"'API quota is exhausted'"}
{"status":"failed", "error":"'API quota is exhausted'"}
{"status":"failed", "error":"'API quota is exhausted'"}
{"status":"failed", "error":"'API quota is exhausted'"}
{"status":"failed", "error":"'API quota is exhausted'"}
{"status":"failed", "error":"'API quota is exhausted'"}
{"status":"failed", "error":"'API quota is exhausted'"}
{"status":"failed", "error":"'API quota is exhausted'"}
{"status":"failed", "error":"'API quota is exhausted'"}
{"status":"failed", "error":"'API quota is exhausted'"}
{"status":"failed", "error":"'API quota is exhausted'"}
{"status":"failed", "error":"'API quota is exhausted'"}
{"status":"failed", "error":"'API quota is exhausted'"}
{"status":"failed", "error":"'API quota is exhausted'"}
{"status":"failed", "error":"'API quota is exhausted'"}
{"status":"failed", "error":"'API quota is exhausted'"}
{"status":"failed", "error":"'API quota is exhausted'"}
{"status":"failed", "error":"'API quota is exhausted'"}
{"status":"failed", "error":"'API quota is exhausted'"}
{"status":"ok","lang":"zh_CN","server_time":1522068370,"tzshift":28800,"location":[51.280976,0.253487],"unit":"metric","result":{"status":"ok","temperature":10.72,"skycon":"CLEAR_NIGHT","cloudrate":0.0,"aqi":10,"humidity":0.48,"pres":100727.03,"pm25":10,"precipitation":{"local":{"status":"ok","intensity":0.0,"datasource":"gfs"}},"wind":{"direction":303.84,"speed":9.23}}}
{"status":"ok","lang":"zh_CN","server_time":1522068370,"tzshift":28800,"location":[51.280976,0.253487],"unit":"metric","result":{"status":"ok","temperature":10.72,"skycon":"CLEAR_NIGHT","cloudrate":0.0,"aqi":10,"humidity":0.48,"pres":100727.03,"pm25":10,"precipitation":{"local":{"status":"ok","intensity":0.0,"datasource":"gfs"}},"wind":{"direction":303.84,"speed":9.23}}}
{"status":"ok","lang":"zh_CN","server_time":1522070777,"tzshift":28800,"location":[51.280976,0.253487],"unit":"metric","result":{"status":"ok","temperature":11.12,"skycon":"CLEAR_NIGHT","cloudrate":0.09,"aqi":10.0,"humidity":0.46,"pres":100708.41,"pm25":10.0,"precipitation":{"nearest":{"status":"ok","distance":10000.0,"intensity":0.0},"local":{"status":"ok","intensity":0.0,"datasource":"gfs"}},"wind":{"direction":292.54,"speed":9.44}}}
{"status":"ok","lang":"zh_CN","server_time":1522074378,"tzshift":28800,"location":[51.280976,0.253487],"unit":"metric","result":{"status":"ok","temperature":11.2,"skycon":"PARTLY_CLOUDY_NIGHT","cloudrate":0.22,"aqi":10.0,"humidity":0.47,"pres":100678.98,"pm25":10.0,"precipitation":{"local":{"status":"ok","intensity":0.0,"datasource":"gfs"}},"wind":{"direction":281.31,"speed":9.49}}}
{"status":"ok","lang":"zh_CN","server_time":1522077972,"tzshift":28800,"location":[51.280976,0.253487],"unit":"metric","result":{"status":"ok","temperature":10.95,"skycon":"PARTLY_CLOUDY_NIGHT","cloudrate":0.35,"aqi":10.0,"humidity":0.5,"pres":100643.92,"pm25":10.0,"precipitation":{"nearest":{"status":"ok","distance":244.57,"intensity":0.1875},"local":{"status":"ok","intensity":0.0,"datasource":"gfs"}},"wind":{"direction":269.82,"speed":9.35}}}
