{"status":"ok","lang":"zh_CN","server_time":1521995169,"tzshift":28800,"location":[51.280976,0.153486],"unit":"metric","result":{"status":"ok","temperature":10.36,"skycon":"CLOUDY","cloudrate":0.89,"aqi":10.0,"humidity":0.65,"pres":100030.85,"pm25":10.0,"precipitation":{"nearest":{"status":"ok","distance":235.48,"intensity":0.1875},"local":{"status":"ok","intensity":0.0,"datasource":"gfs"}},"wind":{"direction":21.05,"speed":10.65}}}
{"status":"ok","lang":"zh_CN","server_time":1521996369,"tzshift":28800,"location":[51.280976,0.153486],"unit":"metric","result":{"status":"ok","temperature":10.36,"skycon":"CLOUDY","cloudrate":0.89,"aqi":10.0,"humidity":0.65,"pres":100030.85,"pm25":10.0,"precipitation":{"nearest":{"status":"ok","distance":209.03,"intensity":0.1875},"local":{"status":"ok","intensity":0.0,"datasource":"gfs"}},"wind":{"direction":21.05,"speed":10.65}}}
{"status":"ok","lang":"zh_CN","server_time":1521998771,"tzshift":28800,"location":[51.280976,0.153486],"unit":"metric","result":{"status":"ok","temperature":9.6,"skycon":"CLOUDY","cloudrate":0.91,"aqi":10.0,"humidity":0.69,"pres":100058.55,"pm25":10.0,"precipitation":{"nearest":{"status":"ok","distance":10000.0,"intensity":0.0},"local":{"status":"ok","intensity":0.0,"datasource":"gfs"}},"wind":{"direction":19.64,"speed":9.1}}}
{"status":"ok","lang":"zh_CN","server_time":1521999971,"tzshift":28800,"location":[51.280976,0.153486],"unit":"metric","result":{"status":"ok","temperature":9.6,"skycon":"CLOUDY","cloudrate":0.91,"aqi":10.0,"humidity":0.69,"pres":100058.55,"pm25":10.0,"precipitation":{"nearest":{"status":"ok","distance":376.64,"intensity":0.1875},"local":{"status":"ok","intensity":0.0,"datasource":"gfs"}},"wind":{"direction":19.64,"speed":9.1}}}
{"status":"ok","lang":"zh_CN","server_time":1522002377,"tzshift":28800,"location":[51.280976,0.153486],"unit":"metric","result":{"status":"ok","temperature":8.81,"skycon":"CLOUDY","cloudrate":0.94,"aqi":10.0,"humidity":0.72,"pres":100097.99,"pm25":10.0,"precipitation":{"nearest":{"status":"ok","distance":10000.0,"intensity":0.0},"local":{"status":"ok","intensity":0.0,"datasource":"gfs"}},"wind":{"direction":19.12,"speed":7.29}}}
{"status":"ok","lang":"zh_CN","server_time":1522003565,"tzshift":28800,"location":[51.280976,0.153486],"unit":"metric","result":{"status":"ok","temperature":8.81,"skycon":"CLOUDY","cloudrate":0.94,"aqi":10.0,"humidity":0.72,"pres":100097.99,"pm25":10.0,"precipitation":{"nearest":{"status":"ok","distance":551.45,"intensity":0.25},"local":{"status":"ok","intensity":0.0,"datasource":"gfs"}},"wind":{"direction":19.12,"speed":7.29}}}
{"status":"ok","lang":"zh_CN","server_time":1522005966,"tzshift":28800,"location":[51.280976,0.153486],"unit":"metric","result":{"status":"ok","temperature":8.2,"skycon":"CLOUDY","cloudrate":0.97,"aqi":10,"humidity":0.76,"pres":100152.8,"pm25":10,"precipitation":{"nearest":{"status":"ok","distance":0.71,"intensity":0.1875},"local":{"status":"ok","intensity":0.0039,"datasource":"gfs"}},"wind":{"direction":22.48,"speed":5.43}}}
{"status":"ok","lang":"zh_CN","server_time":1522007165,"tzshift":28800,"location":[51.280976,0.153486],"unit":"metric","result":{"status":"ok","temperature":8.2,"skycon":"CLOUDY","cloudrate":0.97,"aqi":10.0,"humidity":0.76,"pres":100152.8,"pm25":10.0,"precipitation":{"nearest":{"status":"ok","distance":189.8,"intensity":0.1875},"local":{"status":"ok","intensity":0.0039,"datasource":"gfs"}},"wind":{"direction":22.48,"speed":5.43}}}
{"status":"ok","lang":"zh_CN","server_time":1522009565,"tzshift":28800,"location":[51.280976,0.153486],"unit":"metric","result":{"status":"ok","temperature":7.71,"skycon":"RAIN","cloudrate":0.99,"aqi":10.0,"humidity":0.78,"pres":100215.4,"pm25":10.0,"precipitation":{"nearest":{"status":"ok","distance":10000.0,"intensity":0.0},"local":{"status":"ok","intensity":0.0391,"datasource":"gfs"}},"wind":{"direction":27.88,"speed":3.8}}}
{"status":"ok","lang":"zh_CN","server_time":1522010764,"tzshift":28800,"location":[51.280976,0.153486],"unit":"metric","result":{"status":"ok","temperature":7.71,"skycon":"RAIN","cloudrate":0.99,"aqi":10.0,"humidity":0.78,"pres":100215.4,"pm25":10.0,"precipitation":{"nearest":{"status":"ok","distance":10000.0,"intensity":0.0},"local":{"status":"ok","intensity":0.0391,"datasource":"gfs"}},"wind":{"direction":27.88,"speed":3.8}}}
{"status":"ok","lang":"zh_CN","server_time":1522013186,"tzshift":28800,"location":[51.280976,0.153486],"unit":"metric","result":{"status":"ok","temperature":7.17,"skycon":"RAIN","cloudrate":1.0,"aqi":10,"humidity":0.8,"pres":100275.42,"pm25":10,"precipitation":{"nearest":{"status":"ok","distance":229.52,"intensity":0.1875},"local":{"status":"ok","intensity":0.0596,"datasource":"gfs"}},"wind":{"direction":22.62,"speed":2.54}}}
{"status":"ok","lang":"zh_CN","server_time":1522014367,"tzshift":28800,"location":[51.280976,0.153486],"unit":"metric","result":{"status":"ok","temperature":7.73,"skycon":"RAIN","cloudrate":1.0,"aqi":10.0,"humidity":0.81,"pres":100296.68,"pm25":10.0,"precipitation":{"nearest":{"status":"ok","distance":10000.0,"intensity":0.0},"local":{"status":"ok","intensity":0.1047,"datasource":"gfs"}},"wind":{"direction":340.31,"speed":1.32}}}
{"status":"ok","lang":"zh_CN","server_time":1522016767,"tzshift":28800,"location":[51.280976,0.153486],"unit":"metric","result":{"status":"ok","temperature":7.26,"skycon":"RAIN","cloudrate":1.0,"aqi":10,"humidity":0.82,"pres":100338.17,"pm25":10,"precipitation":{"nearest":{"status":"ok","distance":10000.0,"intensity":0.0},"local":{"status":"ok","intensity":0.1094,"datasource":"gfs"}},"wind":{"direction":301.43,"speed":2.14}}}
{"status":"failed", "error":"'API quota is exhausted'"}
{"status":"failed", "error":"'API quota is exhausted'"}
{"status":"failed", "error":"'API quota is exhausted'"}
{"status":"failed", "error":"'API quota is exhausted'"}
{"status":"failed", "error":"'API quota is exhausted'"}
{"status":"failed", "error":"'API quota is exhausted'"}
{"status":"failed", "error":"'API quota is exhausted'"}
{"status":"ok","lang":"zh_CN","server_time":1522031169,"tzshift":28800,"location":[51.280976,0.153486],"unit":"metric","result":{"status":"ok","temperature":4.67,"skycon":"PARTLY_CLOUDY_DAY","cloudrate":0.26,"aqi":10,"humidity":0.82,"pres":100400.76,"pm25":10,"precipitation":{"nearest":{"status":"ok","distance":40.14,"intensity":0.1875},"local":{"status":"ok","intensity":0.0,"datasource":"gfs"}},"wind":{"direction":323.15,"speed":7.71}}}
{"status":"failed", "error":"'API quota is exhausted'"}
{"status":"failed", "error":"'API quota is exhausted'"}
{"status":"failed", "error":"'API quota is exhausted'"}
{"status":"failed", "error":"'API quota is exhausted'"}
{"status":"failed", "error":"'API quota is exhausted'"}
{"status":"failed", "error":"'API quota is exhausted'"}
{"status":"failed", "error":"'API quota is exhausted'"}
{"status":"failed", "error":"'API quota is exhausted'"}
{"status":"failed", "error":"'API quota is exhausted'"}
{"status":"failed", "error":"'API quota is exhausted'"}
{"status":"failed", "error":"'API quota is exhausted'"}
{"status":"failed", "error":"'API quota is exhausted'"}
{"status":"failed", "error":"'API quota is exhausted'"}
{"status":"failed", "error":"'API quota is exhausted'"}
{"status":"failed", "error":"'API quota is exhausted'"}
{"status":"failed", "error":"'API quota is exhausted'"}
{"status":"failed", "error":"'API quota is exhausted'"}
{"status":"failed", "error":"'API quota is exhausted'"}
{"status":"failed", "error":"'API quota is exhausted'"}
{"status":"failed", "error":"'API quota is exhausted'"}
{"status":"ok","lang":"zh_CN","server_time":1522068370,"tzshift":28800,"location":[51.280976,0.153486],"unit":"metric","result":{"status":"ok","temperature":10.64,"skycon":"CLEAR_NIGHT","cloudrate":0.0,"aqi":10.0,"humidity":0.48,"pres":100634.47,"pm25":10.0,"precipitation":{"nearest":{"status":"ok","distance":10000.0,"intensity":0.0},"local":{"status":"ok","intensity":0.0,"datasource":"gfs"}},"wind":{"direction":301.9,"speed":9.13}}}
{"status":"ok","lang":"zh_CN","server_time":1522068370,"tzshift":28800,"location":[51.280976,0.153486],"unit":"metric","result":{"status":"ok","temperature":10.64,"skycon":"CLEAR_NIGHT","cloudrate":0.0,"aqi":10.0,"humidity":0.48,"pres":100634.47,"pm25":10.0,"precipitation":{"nearest":{"status":"ok","distance":10000.0,"intensity":0.0},"local":{"status":"ok","intensity":0.0,"datasource":"gfs"}},"wind":{"direction":301.9,"speed":9.13}}}
{"status":"ok","lang":"zh_CN","server_time":1522070777,"tzshift":28800,"location":[51.280976,0.153486],"unit":"metric","result":{"status":"ok","temperature":11.08,"skycon":"CLEAR_NIGHT","cloudrate":0.09,"aqi":10.0,"humidity":0.46,"pres":100615.27,"pm25":10.0,"precipitation":{"nearest":{"status":"ok","distance":340.23,"intensity":0.1875},"local":{"status":"ok","intensity":0.0,"datasource":"gfs"}},"wind":{"direction":290.23,"speed":9.59}}}
{"status":"ok","lang":"zh_CN","server_time":1522074378,"tzshift":28800,"location":[51.280976,0.153486],"unit":"metric","result":{"status":"ok","temperature":11.21,"skycon":"PARTLY_CLOUDY_NIGHT","cloudrate":0.22,"aqi":10,"humidity":0.46,"pres":100585.27,"pm25":10,"precipitation":{"nearest":{"status":"ok","distance":1080.02,"intensity":0.1875},"local":{"status":"ok","intensity":0.0,"datasource":"gfs"}},"wind":{"direction":279.36,"speed":9.89}}}
{"status":"ok","lang":"zh_CN","server_time":1522077972,"tzshift":28800,"location":[51.280976,0.153486],"unit":"metric","result":{"status":"ok","temperature":10.96,"skycon":"PARTLY_CLOUDY_NIGHT","cloudrate":0.35,"aqi":10.0,"humidity":0.49,"pres":100549.92,"pm25":10.0,"precipitation":{"local":{"status":"ok","intensity":0.0,"datasource":"gfs"}},"wind":{"direction":268.56,"speed":9.87}}}
