{"status":"ok","lang":"zh_CN","server_time":1521995171,"tzshift":28800,"location":[51.380976,-0.246518],"unit":"metric","result":{"status":"ok","temperature":11.43,"skycon":"CLOUDY","cloudrate":0.82,"aqi":10,"humidity":0.57,"pres":100382.32,"pm25":10,"precipitation":{"nearest":{"status":"ok","distance":233.69,"intensity":0.1875},"local":{"status":"ok","intensity":0.0,"datasource":"gfs"}},"wind":{"direction":11.01,"speed":10.12}}}
{"status":"ok","lang":"zh_CN","server_time":1521996372,"tzshift":28800,"location":[51.380976,-0.246518],"unit":"metric","result":{"status":"ok","temperature":12.01,"skycon":"PARTLY_CLOUDY_NIGHT","cloudrate":0.74,"aqi":10.0,"humidity":0.51,"pres":100688.09,"pm25":10.0,"precipitation":{"nearest":{"status":"ok","distance":282.57,"intensity":0.1875},"local":{"status":"ok","intensity":0.0,"datasource":"gfs"}},"wind":{"direction":10.29,"speed":9.73}}}
{"status":"ok","lang":"zh_CN","server_time":1521998773,"tzshift":28800,"location":[51.380976,-0.246518],"unit":"metric","result":{"status":"ok","temperature":10.73,"skycon":"CLOUDY","cloudrate":0.85,"aqi":10.0,"humidity":0.61,"pres":100414.87,"pm25":10.0,"precipitation":{"nearest":{"status":"ok","distance":220.83,"intensity":0.1875},"local":{"status":"ok","intensity":0.0,"datasource":"gfs"}},"wind":{"direction":6.04,"speed":9.72}}}
{"status":"ok","lang":"zh_CN","server_time":1521999974,"tzshift":28800,"location":[51.380976,-0.246518],"unit":"metric","result":{"status":"ok","temperature":10.73,"skycon":"CLOUDY","cloudrate":0.85,"aqi":10.0,"humidity":0.61,"pres":100414.87,"pm25":10.0,"precipitation":{"nearest":{"status":"ok","distance":10000.0,"intensity":0.0},"local":{"status":"ok","intensity":0.0,"datasource":"gfs"}},"wind":{"direction":6.04,"speed":9.72}}}
{"status":"ok","lang":"zh_CN","server_time":1522002379,"tzshift":28800,"location":[51.380976,-0.246518],"unit":"metric","result":{"status":"ok","temperature":9.95,"skycon":"CLOUDY","cloudrate":0.88,"aqi":10.0,"humidity":0.64,"pres":100457.26,"pm25":10.0,"precipitation":{"nearest":{"status":"ok","distance":321.46,"intensity":0.1875},"local":{"status":"ok","intensity":0.0042,"datasource":"gfs"}},"wind":{"direction":0.05,"speed":8.94}}}
{"status":"ok","lang":"zh_CN","server_time":1522003567,"tzshift":28800,"location":[51.380976,-0.246518],"unit":"metric","result":{"status":"ok","temperature":10.84,"skycon":"CLOUDY","cloudrate":0.85,"aqi":10.0,"humidity":0.58,"pres":100764.79,"pm25":10.0,"precipitation":{"nearest":{"status":"ok","distance":77.78,"intensity":0.1875},"local":{"status":"ok","intensity":0.0155,"datasource":"gfs"}},"wind":{"direction":358.54,"speed":9.36}}}
{"status":"ok","lang":"zh_CN","server_time":1522005968,"tzshift":28800,"location":[51.380976,-0.246518],"unit":"metric","result":{"status":"ok","temperature":9.23,"skycon":"CLOUDY","cloudrate":0.93,"aqi":10.0,"humidity":0.67,"pres":100511.28,"pm25":10.0,"precipitation":{"nearest":{"status":"ok","distance":4.26,"intensity":0.1875},"local":{"status":"ok","intensity":0.0035,"datasource":"gfs"}},"wind":{"direction":352.5,"speed":7.68}}}
{"status":"ok","lang":"zh_CN","server_time":1522007167,"tzshift":28800,"location":[51.380976,-0.246518],"unit":"metric","result":{"status":"ok","temperature":9.23,"skycon":"CLOUDY","cloudrate":0.93,"aqi":10.0,"humidity":0.67,"pres":100511.28,"pm25":10.0,"precipitation":{"nearest":{"status":"ok","distance":250.59,"intensity":0.3125},"local":{"status":"ok","intensity":0.0035,"datasource":"gfs"}},"wind":{"direction":352.5,"speed":7.68}}}
{"status":"ok","lang":"zh_CN","server_time":1522009567,"tzshift":28800,"location":[51.380976,-0.246518],"unit":"metric","result":{"status":"ok","temperature":8.55,"skycon":"CLOUDY","cloudrate":0.97,"aqi":10.0,"humidity":0.69,"pres":100571.71,"pm25":10.0,"precipitation":{"nearest":{"status":"ok","distance":178.48,"intensity":0.1875},"local":{"status":"ok","intensity":0.0,"datasource":"gfs"}},"wind":{"direction":343.21,"speed":6.56}}}
{"status":"ok","lang":"zh_CN","server_time":1522010767,"tzshift":28800,"location":[51.380976,-0.246518],"unit":"metric","result":{"status":"ok","temperature":8.55,"skycon":"CLOUDY","cloudrate":0.97,"aqi":10.0,"humidity":0.69,"pres":100571.71,"pm25":10.0,"precipitation":{"nearest":{"status":"ok","distance":10000.0,"intensity":0.0},"local":{"status":"ok","intensity":0.0,"datasource":"gfs"}},"wind":{"direction":343.21,"speed":6.56}}}
{"status":"ok","lang":"zh_CN","server_time":1522013189,"tzshift":28800,"location":[51.380976,-0.246518],"unit":"metric","result":{"status":"ok","temperature":7.85,"skycon":"CLOUDY","cloudrate":0.96,"aqi":10.0,"humidity":0.71,"pres":100631.56,"pm25":10.0,"precipitation":{"nearest":{"status":"ok","distance":10000.0,"intensity":0.0},"local":{"status":"ok","intensity":0.0,"datasource":"gfs"}},"wind":{"direction":335.73,"speed":6.23}}}
{"status":"failed", "error":"'API quota is exhausted'"}
{"status":"ok","lang":"zh_CN","server_time":1522016769,"tzshift":28800,"location":[51.380976,-0.246518],"unit":"metric","result":{"status":"ok","temperature":7.66,"skycon":"RAIN","cloudrate":0.94,"aqi":10.0,"humidity":0.74,"pres":100696.22,"pm25":10.0,"precipitation":{"nearest":{"status":"ok","distance":117.11,"intensity":0.1875},"local":{"status":"ok","intensity":0.057,"datasource":"gfs"}},"wind":{"direction":317.54,"speed":5.74}}}
{"status":"ok","lang":"zh_CN","server_time":1522017970,"tzshift":28800,"location":[51.380976,-0.246518],"unit":"metric","result":{"status":"ok","temperature":7.66,"skycon":"RAIN","cloudrate":0.94,"aqi":10.0,"humidity":0.74,"pres":100696.22,"pm25":10.0,"precipitation":{"nearest":{"status":"ok","distance":56.36,"intensity":0.1875},"local":{"status":"ok","intensity":0.057,"datasource":"gfs"}},"wind":{"direction":317.54,"speed":5.74}}}
{"status":"failed", "error":"'API quota is exhausted'"}
{"status":"failed", "error":"'API quota is exhausted'"}
{"status":"failed", "error":"'API quota is exhausted'"}
{"status":"ok","lang":"zh_CN","server_time":1522025170,"tzshift":28800,"location":[51.380976,-0.246518],"unit":"metric","result":{"status":"ok","temperature":6.03,"skycon":"PARTLY_CLOUDY_DAY","cloudrate":0.64,"aqi":10.0,"humidity":0.75,"pres":100745.71,"pm25":10.0,"precipitation":{"nearest":{"status":"ok","distance":219.82,"intensity":0.1875},"local":{"status":"ok","intensity":0.0039,"datasource":"gfs"}},"wind":{"direction":328.06,"speed":7.95}}}
{"status":"failed", "error":"'API quota is exhausted'"}
{"status":"ok","lang":"zh_CN","server_time":1522028772,"tzshift":28800,"location":[51.380976,-0.246518],"unit":"metric","result":{"status":"ok","temperature":5.55,"skycon":"PARTLY_CLOUDY_DAY","cloudrate":0.42,"aqi":10.0,"humidity":0.74,"pres":100759.36,"pm25":10.0,"precipitation":{"nearest":{"status":"ok","distance":1175.43,"intensity":0.25},"local":{"status":"ok","intensity":0.0,"datasource":"gfs"}},"wind":{"direction":331.61,"speed":8.2}}}
{"status":"failed", "error":"'API quota is exhausted'"}
{"status":"failed", "error":"'API quota is exhausted'"}
{"status":"failed", "error":"'API quota is exhausted'"}
{"status":"failed", "error":"'API quota is exhausted'"}
{"status":"failed", "error":"'API quota is exhausted'"}
{"status":"failed", "error":"'API quota is exhausted'"}
{"status":"failed", "error":"'API quota is exhausted'"}
{"status":"failed", "error":"'API quota is exhausted'"}
{"status":"failed", "error":"'API quota is exhausted'"}
{"status":"failed", "error":"'API quota is exhausted'"}
{"status":"failed", "error":"'API quota is exhausted'"}
{"status":"failed", "error":"'API quota is exhausted'"}
{"status":"failed", "error":"'API quota is exhausted'"}
{"status":"failed", "error":"'API quota is exhausted'"}
{"status":"failed", "error":"'API quota is exhausted'"}
{"status":"failed", "error":"'API quota is exhausted'"}
{"status":"failed", "error":"'API quota is exhausted'"}
{"status":"failed", "error":"'API quota is exhausted'"}
{"status":"failed", "error":"'API quota is exhausted'"}
{"status":"failed", "error":"'API quota is exhausted'"}
{"status":"ok","lang":"zh_CN","server_time":1522067176,"tzshift":28800,"location":[51.380976,-0.246518],"unit":"metric","result":{"status":"ok","temperature":11.05,"skycon":"CLEAR_NIGHT","cloudrate":0.0,"aqi":10.0,"humidity":0.43,"pres":100990.66,"pm25":10.0,"precipitation":{"nearest":{"status":"ok","distance":59.07,"intensity":0.1875},"local":{"status":"ok","intensity":0.0,"datasource":"gfs"}},"wind":{"direction":289.09,"speed":8.0}}}
{"status":"ok","lang":"zh_CN","server_time":1522068372,"tzshift":28800,"location":[51.380976,-0.246518],"unit":"metric","result":{"status":"ok","temperature":11.05,"skycon":"CLEAR_NIGHT","cloudrate":0.0,"aqi":10.0,"humidity":0.43,"pres":100990.66,"pm25":10.0,"precipitation":{"nearest":{"status":"ok","distance":190.63,"intensity":0.3125},"local":{"status":"ok","intensity":0.0,"datasource":"gfs"}},"wind":{"direction":289.09,"speed":8.0}}}
{"status":"ok","lang":"zh_CN","server_time":1522068372,"tzshift":28800,"location":[51.380976,-0.246518],"unit":"metric","result":{"status":"ok","temperature":11.05,"skycon":"CLEAR_NIGHT","cloudrate":0.0,"aqi":10.0,"humidity":0.43,"pres":100990.66,"pm25":10.0,"precipitation":{"nearest":{"status":"ok","distance":190.63,"intensity":0.3125},"local":{"status":"ok","intensity":0.0,"datasource":"gfs"}},"wind":{"direction":289.09,"speed":8.0}}}
{"status":"ok","lang":"zh_CN","server_time":1522070779,"tzshift":28800,"location":[51.380976,-0.246518],"unit":"metric","result":{"status":"ok","temperature":11.61,"skycon":"CLEAR_NIGHT","cloudrate":0.1,"aqi":10.0,"humidity":0.41,"pres":100968.29,"pm25":10.0,"precipitation":{"nearest":{"status":"ok","distance":1049.06,"intensity":0.25},"local":{"status":"ok","intensity":0.0,"datasource":"gfs"}},"wind":{"direction":278.79,"speed":9.25}}}
{"status":"ok","lang":"zh_CN","server_time":1522074380,"tzshift":28800,"location":[51.380976,-0.246518],"unit":"metric","result":{"status":"ok","temperature":11.82,"skycon":"PARTLY_CLOUDY_NIGHT","cloudrate":0.24,"aqi":10,"humidity":0.42,"pres":100934.69,"pm25":10,"precipitation":{"nearest":{"status":"ok","distance":10000.0,"intensity":0.0},"local":{"status":"ok","intensity":0.0,"datasource":"gfs"}},"wind":{"direction":270.95,"speed":10.18}}}
{"status":"ok","lang":"zh_CN","server_time":1522077974,"tzshift":28800,"location":[51.380976,-0.246518],"unit":"metric","result":{"status":"ok","temperature":11.65,"skycon":"PARTLY_CLOUDY_NIGHT","cloudrate":0.36,"aqi":10,"humidity":0.44,"pres":100895.39,"pm25":10,"precipitation":{"local":{"status":"ok","intensity":0.0,"datasource":"gfs"}},"wind":{"direction":263.16,"speed":10.4}}}
