{"status":"ok","lang":"zh_CN","server_time":1521995174,"tzshift":28800,"location":[51.480976,-0.44652],"unit":"metric","result":{"status":"ok","temperature":11.89,"skycon":"CLOUDY","cloudrate":0.83,"aqi":10.0,"humidity":0.53,"pres":100776.29,"pm25":10.0,"precipitation":{"nearest":{"status":"ok","distance":312.36,"intensity":0.1875},"local":{"status":"ok","intensity":0.0,"datasource":"gfs"}},"wind":{"direction":2.02,"speed":9.86}}}
{"status":"ok","lang":"zh_CN","server_time":1521996375,"tzshift":28800,"location":[51.480976,-0.44652],"unit":"metric","result":{"status":"ok","temperature":11.75,"skycon":"CLOUDY","cloudrate":0.85,"aqi":10.0,"humidity":0.55,"pres":100720.26,"pm25":10.0,"precipitation":{"nearest":{"status":"ok","distance":10000.0,"intensity":0.0},"local":{"status":"ok","intensity":0.0,"datasource":"gfs"}},"wind":{"direction":2.2,"speed":9.98}}}
{"status":"ok","lang":"zh_CN","server_time":1521998776,"tzshift":28800,"location":[51.480976,-0.44652],"unit":"metric","result":{"status":"ok","temperature":11.12,"skycon":"CLOUDY","cloudrate":0.84,"aqi":10.0,"humidity":0.58,"pres":100752.71,"pm25":10.0,"precipitation":{"nearest":{"status":"ok","distance":31.65,"intensity":0.1875},"local":{"status":"ok","intensity":0.0179,"datasource":"gfs"}},"wind":{"direction":358.39,"speed":9.81}}}
{"status":"ok","lang":"zh_CN","server_time":1521999977,"tzshift":28800,"location":[51.480976,-0.44652],"unit":"metric","result":{"status":"ok","temperature":11.12,"skycon":"CLOUDY","cloudrate":0.84,"aqi":10.0,"humidity":0.58,"pres":100752.71,"pm25":10.0,"precipitation":{"nearest":{"status":"ok","distance":28.49,"intensity":0.1875},"local":{"status":"ok","intensity":0.0179,"datasource":"gfs"}},"wind":{"direction":358.39,"speed":9.81}}}
{"status":"ok","lang":"zh_CN","server_time":1522002382,"tzshift":28800,"location":[51.480976,-0.44652],"unit":"metric","result":{"status":"ok","temperature":10.36,"skycon":"CLOUDY","cloudrate":0.83,"aqi":10,"humidity":0.62,"pres":100795.37,"pm25":10,"precipitation":{"nearest":{"status":"ok","distance":10000.0,"intensity":0.0},"local":{"status":"ok","intensity":0.0245,"datasource":"gfs"}},"wind":{"direction":352.83,"speed":9.21}}}
{"status":"ok","lang":"zh_CN","server_time":1522003570,"tzshift":28800,"location":[51.480976,-0.44652],"unit":"metric","result":{"status":"ok","temperature":10.36,"skycon":"CLOUDY","cloudrate":0.83,"aqi":10.0,"humidity":0.62,"pres":100795.37,"pm25":10.0,"precipitation":{"nearest":{"status":"ok","distance":75.52,"intensity":0.1875},"local":{"status":"ok","intensity":0.0245,"datasource":"gfs"}},"wind":{"direction":352.83,"speed":9.21}}}
{"status":"ok","lang":"zh_CN","server_time":1522005971,"tzshift":28800,"location":[51.480976,-0.44652],"unit":"metric","result":{"status":"ok","temperature":9.54,"skycon":"CLOUDY","cloudrate":0.84,"aqi":10.0,"humidity":0.64,"pres":100850.45,"pm25":10.0,"precipitation":{"nearest":{"status":"ok","distance":75.12,"intensity":0.1875},"local":{"status":"ok","intensity":0.0018,"datasource":"gfs"}},"wind":{"direction":343.52,"speed":8.2}}}
{"status":"ok","lang":"zh_CN","server_time":1522007170,"tzshift":28800,"location":[51.480976,-0.44652],"unit":"metric","result":{"status":"ok","temperature":9.81,"skycon":"CLOUDY","cloudrate":0.83,"aqi":10.0,"humidity":0.62,"pres":100907.25,"pm25":10.0,"precipitation":{"nearest":{"status":"ok","distance":171.44,"intensity":0.1875},"local":{"status":"ok","intensity":0.0049,"datasource":"gfs"}},"wind":{"direction":343.39,"speed":8.31}}}
{"status":"ok","lang":"zh_CN","server_time":1522009570,"tzshift":28800,"location":[51.480976,-0.44652],"unit":"metric","result":{"status":"ok","temperature":8.99,"skycon":"CLOUDY","cloudrate":0.82,"aqi":10,"humidity":0.64,"pres":100969.53,"pm25":10,"precipitation":{"nearest":{"status":"ok","distance":10000.0,"intensity":0.0},"local":{"status":"ok","intensity":0.0,"datasource":"gfs"}},"wind":{"direction":332.0,"speed":7.48}}}
{"status":"ok","lang":"zh_CN","server_time":1522010770,"tzshift":28800,"location":[51.480976,-0.44652],"unit":"metric","result":{"status":"ok","temperature":8.71,"skycon":"CLOUDY","cloudrate":0.83,"aqi":10.0,"humidity":0.66,"pres":100912.33,"pm25":10.0,"precipitation":{"nearest":{"status":"ok","distance":10000.0,"intensity":0.0},"local":{"status":"ok","intensity":0.0,"datasource":"gfs"}},"wind":{"direction":332.37,"speed":7.41}}}
{"status":"ok","lang":"zh_CN","server_time":1522013192,"tzshift":28800,"location":[51.480976,-0.44652],"unit":"metric","result":{"status":"ok","temperature":7.89,"skycon":"PARTLY_CLOUDY_NIGHT","cloudrate":0.79,"aqi":10.0,"humidity":0.67,"pres":100973.43,"pm25":10.0,"precipitation":{"nearest":{"status":"ok","distance":10000.0,"intensity":0.0},"local":{"status":"ok","intensity":0.0,"datasource":"gfs"}},"wind":{"direction":326.23,"speed":7.16}}}
{"status":"failed", "error":"'API quota is exhausted'"}
{"status":"ok","lang":"zh_CN","server_time":1522016772,"tzshift":28800,"location":[51.480976,-0.44652],"unit":"metric","result":{"status":"ok","temperature":7.56,"skycon":"CLOUDY","cloudrate":0.92,"aqi":10.0,"humidity":0.7,"pres":101034.7,"pm25":10.0,"precipitation":{"nearest":{"status":"ok","distance":63.5,"intensity":0.1875},"local":{"status":"ok","intensity":0.0,"datasource":"gfs"}},"wind":{"direction":309.8,"speed":6.28}}}
{"status":"failed", "error":"'API quota is exhausted'"}
{"status":"failed", "error":"'API quota is exhausted'"}
{"status":"failed", "error":"'API quota is exhausted'"}
{"status":"ok","lang":"zh_CN","server_time":1522024152,"tzshift":28800,"location":[51.480976,-0.44652],"unit":"metric","result":{"status":"ok","temperature":6.32,"skycon":"PARTLY_CLOUDY_DAY","cloudrate":0.55,"aqi":10.0,"humidity":0.71,"pres":101087.24,"pm25":10.0,"precipitation":{"nearest":{"status":"ok","distance":40.19,"intensity":0.25},"local":{"status":"ok","intensity":0.0,"datasource":"gfs"}},"wind":{"direction":332.65,"speed":7.61}}}
{"status":"ok","lang":"zh_CN","server_time":1522025173,"tzshift":28800,"location":[51.480976,-0.44652],"unit":"metric","result":{"status":"ok","temperature":6.32,"skycon":"PARTLY_CLOUDY_DAY","cloudrate":0.55,"aqi":10.0,"humidity":0.71,"pres":101087.24,"pm25":10.0,"precipitation":{"nearest":{"status":"ok","distance":30.26,"intensity":0.1875},"local":{"status":"ok","intensity":0.0,"datasource":"gfs"}},"wind":{"direction":332.65,"speed":7.61}}}
{"status":"ok","lang":"zh_CN","server_time":1522027572,"tzshift":28800,"location":[51.480976,-0.44652],"unit":"metric","result":{"status":"ok","temperature":5.94,"skycon":"PARTLY_CLOUDY_DAY","cloudrate":0.35,"aqi":10.0,"humidity":0.71,"pres":101101.58,"pm25":10.0,"precipitation":{"nearest":{"status":"ok","distance":239.81,"intensity":0.1875},"local":{"status":"ok","intensity":0.0,"datasource":"gfs"}},"wind":{"direction":336.18,"speed":7.9}}}
{"status":"failed", "error":"'API quota is exhausted'"}
{"status":"failed", "error":"'API quota is exhausted'"}
{"status":"failed", "error":"'API quota is exhausted'"}
{"status":"failed", "error":"'API quota is exhausted'"}
{"status":"failed", "error":"'API quota is exhausted'"}
{"status":"failed", "error":"'API quota is exhausted'"}
{"status":"failed", "error":"'API quota is exhausted'"}
{"status":"failed", "error":"'API quota is exhausted'"}
{"status":"failed", "error":"'API quota is exhausted'"}
{"status":"failed", "error":"'API quota is exhausted'"}
{"status":"failed", "error":"'API quota is exhausted'"}
{"status":"failed", "error":"'API quota is exhausted'"}
{"status":"failed", "error":"'API quota is exhausted'"}
{"status":"failed", "error":"'API quota is exhausted'"}
{"status":"failed", "error":"'API quota is exhausted'"}
{"status":"failed", "error":"'API quota is exhausted'"}
{"status":"failed", "error":"'API quota is exhausted'"}
{"status":"failed", "error":"'API quota is exhausted'"}
{"status":"failed", "error":"'API quota is exhausted'"}
{"status":"failed", "error":"'API quota is exhausted'"}
{"status":"failed", "error":"'API quota is exhausted'"}
{"status":"failed", "error":"'API quota is exhausted'"}
{"status":"ok","lang":"zh_CN","server_time":1522068375,"tzshift":28800,"location":[51.480976,-0.44652],"unit":"metric","result":{"status":"ok","temperature":11.43,"skycon":"CLEAR_NIGHT","cloudrate":0.0,"aqi":10.0,"humidity":0.41,"pres":101319.5,"pm25":10.0,"precipitation":{"nearest":{"status":"ok","distance":1003.78,"intensity":0.1875},"local":{"status":"ok","intensity":0.0,"datasource":"gfs"}},"wind":{"direction":277.91,"speed":7.7}}}
{"status":"ok","lang":"zh_CN","server_time":1522068375,"tzshift":28800,"location":[51.480976,-0.44652],"unit":"metric","result":{"status":"ok","temperature":11.43,"skycon":"CLEAR_NIGHT","cloudrate":0.0,"aqi":10.0,"humidity":0.41,"pres":101319.5,"pm25":10.0,"precipitation":{"nearest":{"status":"ok","distance":1003.78,"intensity":0.1875},"local":{"status":"ok","intensity":0.0,"datasource":"gfs"}},"wind":{"direction":277.91,"speed":7.7}}}
{"status":"ok","lang":"zh_CN","server_time":1522070782,"tzshift":28800,"location":[51.480976,-0.44652],"unit":"metric","result":{"status":"ok","temperature":11.99,"skycon":"CLEAR_NIGHT","cloudrate":0.07,"aqi":10.0,"humidity":0.39,"pres":101294.97,"pm25":10.0,"precipitation":{"local":{"status":"ok","intensity":0.0,"datasource":"gfs"}},"wind":{"direction":270.84,"speed":9.15}}}
{"status":"ok","lang":"zh_CN","server_time":1522074383,"tzshift":28800,"location":[51.480976,-0.44652],"unit":"metric","result":{"status":"ok","temperature":12.19,"skycon":"CLEAR_NIGHT","cloudrate":0.16,"aqi":10.0,"humidity":0.4,"pres":101259.13,"pm25":10.0,"precipitation":{"nearest":{"status":"ok","distance":197.57,"intensity":0.3125},"local":{"status":"ok","intensity":0.0,"datasource":"gfs"}},"wind":{"direction":265.79,"speed":10.19}}}
{"status":"ok","lang":"zh_CN","server_time":1522077977,"tzshift":28800,"location":[51.480976,-0.44652],"unit":"metric","result":{"status":"ok","temperature":12.16,"skycon":"PARTLY_CLOUDY_NIGHT","cloudrate":0.23,"aqi":10.0,"humidity":0.41,"pres":101273.85,"pm25":10.0,"precipitation":{"nearest":{"status":"ok","distance":10000.0,"intensity":0.0},"local":{"status":"ok","intensity":0.0,"datasource":"gfs"}},"wind":{"direction":260.09,"speed":10.24}}}
