{"status":"ok","lang":"zh_CN","server_time":1521995174,"tzshift":28800,"location":[51.480976,-0.546521],"unit":"metric","result":{"status":"ok","temperature":11.54,"skycon":"CLOUDY","cloudrate":0.86,"aqi":10,"humidity":0.58,"pres":100665.46,"pm25":10,"precipitation":{"nearest":{"status":"ok","distance":10000.0,"intensity":0.0},"local":{"status":"ok","intensity":0.0024,"datasource":"gfs"}},"wind":{"direction":359.31,"speed":10.28}}}
{"status":"ok","lang":"zh_CN","server_time":1521996375,"tzshift":28800,"location":[51.480976,-0.546521],"unit":"metric","result":{"status":"ok","temperature":11.54,"skycon":"CLOUDY","cloudrate":0.86,"aqi":10.0,"humidity":0.58,"pres":100665.46,"pm25":10.0,"precipitation":{"nearest":{"status":"ok","distance":238.45,"intensity":0.1875},"local":{"status":"ok","intensity":0.0024,"datasource":"gfs"}},"wind":{"direction":359.31,"speed":10.28}}}
{"status":"ok","lang":"zh_CN","server_time":1521998776,"tzshift":28800,"location":[51.480976,-0.546521],"unit":"metric","result":{"status":"ok","temperature":10.83,"skycon":"CLOUDY","cloudrate":0.85,"aqi":10.0,"humidity":0.62,"pres":100697.49,"pm25":10.0,"precipitation":{"nearest":{"status":"ok","distance":10000.0,"intensity":0.0},"local":{"status":"ok","intensity":0.0272,"datasource":"gfs"}},"wind":{"direction":355.81,"speed":9.87}}}
{"status":"ok","lang":"zh_CN","server_time":1521999977,"tzshift":28800,"location":[51.480976,-0.546521],"unit":"metric","result":{"status":"ok","temperature":10.83,"skycon":"CLOUDY","cloudrate":0.85,"aqi":10.0,"humidity":0.62,"pres":100697.49,"pm25":10.0,"precipitation":{"nearest":{"status":"ok","distance":356.7,"intensity":0.1875},"local":{"status":"ok","intensity":0.0272,"datasource":"gfs"}},"wind":{"direction":355.81,"speed":9.87}}}
{"status":"ok","lang":"zh_CN","server_time":1522002381,"tzshift":28800,"location":[51.480976,-0.546521],"unit":"metric","result":{"status":"ok","temperature":9.98,"skycon":"CLOUDY","cloudrate":0.82,"aqi":10.0,"humidity":0.65,"pres":100740.04,"pm25":10.0,"precipitation":{"nearest":{"status":"ok","distance":102.5,"intensity":0.1875},"local":{"status":"ok","intensity":0.0308,"datasource":"gfs"}},"wind":{"direction":350.28,"speed":9.13}}}
{"status":"ok","lang":"zh_CN","server_time":1522003570,"tzshift":28800,"location":[51.480976,-0.546521],"unit":"metric","result":{"status":"ok","temperature":9.98,"skycon":"CLOUDY","cloudrate":0.82,"aqi":10.0,"humidity":0.65,"pres":100740.04,"pm25":10.0,"precipitation":{"nearest":{"status":"ok","distance":59.48,"intensity":0.1875},"local":{"status":"ok","intensity":0.0308,"datasource":"gfs"}},"wind":{"direction":350.28,"speed":9.13}}}
{"status":"ok","lang":"zh_CN","server_time":1522005971,"tzshift":28800,"location":[51.480976,-0.546521],"unit":"metric","result":{"status":"ok","temperature":9.06,"skycon":"CLOUDY","cloudrate":0.81,"aqi":10.0,"humidity":0.67,"pres":100795.6,"pm25":10.0,"precipitation":{"nearest":{"status":"ok","distance":303.33,"intensity":0.1875},"local":{"status":"ok","intensity":0.0063,"datasource":"gfs"}},"wind":{"direction":340.62,"speed":8.24}}}
{"status":"ok","lang":"zh_CN","server_time":1522007169,"tzshift":28800,"location":[51.480976,-0.546521],"unit":"metric","result":{"status":"ok","temperature":9.06,"skycon":"CLOUDY","cloudrate":0.81,"aqi":10.0,"humidity":0.67,"pres":100795.6,"pm25":10.0,"precipitation":{"nearest":{"status":"ok","distance":146.53,"intensity":0.25},"local":{"status":"ok","intensity":0.0063,"datasource":"gfs"}},"wind":{"direction":340.62,"speed":8.24}}}
{"status":"ok","lang":"zh_CN","server_time":1522009570,"tzshift":28800,"location":[51.480976,-0.546521],"unit":"metric","result":{"status":"ok","temperature":8.14,"skycon":"PARTLY_CLOUDY_NIGHT","cloudrate":0.78,"aqi":10.0,"humidity":0.69,"pres":100858.2,"pm25":10.0,"precipitation":{"nearest":{"status":"ok","distance":10000.0,"intensity":0.0},"local":{"status":"ok","intensity":0.0,"datasource":"gfs"}},"wind":{"direction":329.65,"speed":7.66}}}
{"status":"ok","lang":"zh_CN","server_time":1522010769,"tzshift":28800,"location":[51.480976,-0.546521],"unit":"metric","result":{"status":"ok","temperature":8.14,"skycon":"PARTLY_CLOUDY_NIGHT","cloudrate":0.78,"aqi":10.0,"humidity":0.69,"pres":100858.2,"pm25":10.0,"precipitation":{"nearest":{"status":"ok","distance":10000.0,"intensity":0.0},"local":{"status":"ok","intensity":0.0,"datasource":"gfs"}},"wind":{"direction":329.65,"speed":7.66}}}
{"status":"ok","lang":"zh_CN","server_time":1522013191,"tzshift":28800,"location":[51.480976,-0.546521],"unit":"metric","result":{"status":"ok","temperature":7.28,"skycon":"PARTLY_CLOUDY_NIGHT","cloudrate":0.74,"aqi":10,"humidity":0.7,"pres":100919.77,"pm25":10,"precipitation":{"nearest":{"status":"ok","distance":10000.0,"intensity":0.0},"local":{"status":"ok","intensity":0.0,"datasource":"gfs"}},"wind":{"direction":324.27,"speed":7.51}}}
{"status":"failed", "error":"'API quota is exhausted'"}
{"status":"ok","lang":"zh_CN","server_time":1522016772,"tzshift":28800,"location":[51.480976,-0.546521],"unit":"metric","result":{"status":"ok","temperature":6.95,"skycon":"CLOUDY","cloudrate":0.91,"aqi":10.0,"humidity":0.73,"pres":100979.64,"pm25":10.0,"precipitation":{"nearest":{"status":"ok","distance":10000.0,"intensity":0.0},"local":{"status":"ok","intensity":0.0,"datasource":"gfs"}},"wind":{"direction":307.94,"speed":6.57}}}
{"status":"failed", "error":"'API quota is exhausted'"}
{"status":"failed", "error":"'API quota is exhausted'"}
{"status":"failed", "error":"'API quota is exhausted'"}
{"status":"ok","lang":"zh_CN","server_time":1522024152,"tzshift":28800,"location":[51.480976,-0.546521],"unit":"metric","result":{"status":"ok","temperature":5.81,"skycon":"PARTLY_CLOUDY_DAY","cloudrate":0.53,"aqi":10.0,"humidity":0.74,"pres":101032.07,"pm25":10.0,"precipitation":{"nearest":{"status":"ok","distance":14.56,"intensity":0.1875},"local":{"status":"ok","intensity":0.0,"datasource":"gfs"}},"wind":{"direction":332.39,"speed":7.53}}}
{"status":"ok","lang":"zh_CN","server_time":1522025172,"tzshift":28800,"location":[51.480976,-0.546521],"unit":"metric","result":{"status":"ok","temperature":5.81,"skycon":"PARTLY_CLOUDY_DAY","cloudrate":0.53,"aqi":10.0,"humidity":0.74,"pres":101032.07,"pm25":10.0,"precipitation":{"nearest":{"status":"ok","distance":77.86,"intensity":0.1875},"local":{"status":"ok","intensity":0.0,"datasource":"gfs"}},"wind":{"direction":332.39,"speed":7.53}}}
{"status":"failed", "error":"'API quota is exhausted'"}
{"status":"failed", "error":"'API quota is exhausted'"}
{"status":"failed", "error":"'API quota is exhausted'"}
{"status":"failed", "error":"'API quota is exhausted'"}
{"status":"failed", "error":"'API quota is exhausted'"}
{"status":"failed", "error":"'API quota is exhausted'"}
{"status":"failed", "error":"'API quota is exhausted'"}
{"status":"failed", "error":"'API quota is exhausted'"}
{"status":"failed", "error":"'API quota is exhausted'"}
{"status":"failed", "error":"'API quota is exhausted'"}
{"status":"failed", "error":"'API quota is exhausted'"}
{"status":"failed", "error":"'API quota is exhausted'"}
{"status":"failed", "error":"'API quota is exhausted'"}
{"status":"failed", "error":"'API quota is exhausted'"}
{"status":"failed", "error":"'API quota is exhausted'"}
{"status":"failed", "error":"'API quota is exhausted'"}
{"status":"failed", "error":"'API quota is exhausted'"}
{"status":"failed", "error":"'API quota is exhausted'"}
{"status":"failed", "error":"'API quota is exhausted'"}
{"status":"failed", "error":"'API quota is exhausted'"}
{"status":"failed", "error":"'API quota is exhausted'"}
{"status":"failed", "error":"'API quota is exhausted'"}
{"status":"failed", "error":"'API quota is exhausted'"}
{"status":"ok","lang":"zh_CN","server_time":1522068375,"tzshift":28800,"location":[51.480976,-0.546521],"unit":"metric","result":{"status":"ok","temperature":11.23,"skycon":"CLEAR_NIGHT","cloudrate":0.0,"aqi":10.0,"humidity":0.44,"pres":101262.0,"pm25":10.0,"precipitation":{"nearest":{"status":"ok","distance":86.48,"intensity":0.1875},"local":{"status":"ok","intensity":0.0,"datasource":"gfs"}},"wind":{"direction":275.32,"speed":8.09}}}
{"status":"ok","lang":"zh_CN","server_time":1522068375,"tzshift":28800,"location":[51.480976,-0.546521],"unit":"metric","result":{"status":"ok","temperature":11.23,"skycon":"CLEAR_NIGHT","cloudrate":0.0,"aqi":10.0,"humidity":0.44,"pres":101262.0,"pm25":10.0,"precipitation":{"nearest":{"status":"ok","distance":86.48,"intensity":0.1875},"local":{"status":"ok","intensity":0.0,"datasource":"gfs"}},"wind":{"direction":275.32,"speed":8.09}}}
{"status":"ok","lang":"zh_CN","server_time":1522070782,"tzshift":28800,"location":[51.480976,-0.546521],"unit":"metric","result":{"status":"ok","temperature":11.77,"skycon":"CLEAR_NIGHT","cloudrate":0.08,"aqi":10.0,"humidity":0.42,"pres":101237.78,"pm25":10.0,"precipitation":{"nearest":{"status":"ok","distance":141.9,"intensity":0.1875},"local":{"status":"ok","intensity":0.0,"datasource":"gfs"}},"wind":{"direction":269.04,"speed":9.59}}}
{"status":"ok","lang":"zh_CN","server_time":1522074383,"tzshift":28800,"location":[51.480976,-0.546521],"unit":"metric","result":{"status":"ok","temperature":11.96,"skycon":"CLEAR_NIGHT","cloudrate":0.18,"aqi":10.0,"humidity":0.43,"pres":101202.27,"pm25":10.0,"precipitation":{"nearest":{"status":"ok","distance":243.07,"intensity":0.1875},"local":{"status":"ok","intensity":0.0,"datasource":"gfs"}},"wind":{"direction":264.61,"speed":10.61}}}
{"status":"ok","lang":"zh_CN","server_time":1522077977,"tzshift":28800,"location":[51.480976,-0.546521],"unit":"metric","result":{"status":"ok","temperature":11.8,"skycon":"PARTLY_CLOUDY_NIGHT","cloudrate":0.26,"aqi":10,"humidity":0.45,"pres":101160.0,"pm25":10,"precipitation":{"nearest":{"status":"ok","distance":62.34,"intensity":0.1875},"local":{"status":"ok","intensity":0.0,"datasource":"gfs"}},"wind":{"direction":259.33,"speed":10.69}}}
