{"status":"ok","lang":"zh_CN","server_time":1521995173,"tzshift":28800,"location":[51.380976,0.253487],"unit":"metric","result":{"status":"ok","temperature":10.77,"skycon":"CLOUDY","cloudrate":0.85,"aqi":10.0,"humidity":0.61,"pres":100440.5,"pm25":10.0,"precipitation":{"nearest":{"status":"ok","distance":190.57,"intensity":0.1875},"local":{"status":"ok","intensity":0.0,"datasource":"gfs"}},"wind":{"direction":20.36,"speed":9.81}}}
{"status":"ok","lang":"zh_CN","server_time":1521996374,"tzshift":28800,"location":[51.380976,0.253487],"unit":"metric","result":{"status":"ok","temperature":10.77,"skycon":"CLOUDY","cloudrate":0.85,"aqi":10.0,"humidity":0.61,"pres":100440.5,"pm25":10.0,"precipitation":{"nearest":{"status":"ok","distance":212.58,"intensity":0.1875},"local":{"status":"ok","intensity":0.0,"datasource":"gfs"}},"wind":{"direction":20.36,"speed":9.81}}}
{"status":"ok","lang":"zh_CN","server_time":1521998775,"tzshift":28800,"location":[51.380976,0.253487],"unit":"metric","result":{"status":"ok","temperature":10.13,"skycon":"CLOUDY","cloudrate":0.87,"aqi":10.0,"humidity":0.64,"pres":100467.53,"pm25":10.0,"precipitation":{"nearest":{"status":"ok","distance":10000.0,"intensity":0.0},"local":{"status":"ok","intensity":0.0,"datasource":"gfs"}},"wind":{"direction":18.95,"speed":8.45}}}
{"status":"ok","lang":"zh_CN","server_time":1521999976,"tzshift":28800,"location":[51.380976,0.253487],"unit":"metric","result":{"status":"ok","temperature":10.13,"skycon":"CLOUDY","cloudrate":0.87,"aqi":10.0,"humidity":0.64,"pres":100467.53,"pm25":10.0,"precipitation":{"nearest":{"status":"ok","distance":509.52,"intensity":0.1875},"local":{"status":"ok","intensity":0.0,"datasource":"gfs"}},"wind":{"direction":18.95,"speed":8.45}}}
{"status":"ok","lang":"zh_CN","server_time":1522002381,"tzshift":28800,"location":[51.380976,0.253487],"unit":"metric","result":{"status":"ok","temperature":9.42,"skycon":"CLOUDY","cloudrate":0.91,"aqi":10.0,"humidity":0.68,"pres":100506.36,"pm25":10.0,"precipitation":{"nearest":{"status":"ok","distance":40.97,"intensity":0.1875},"local":{"status":"ok","intensity":0.0,"datasource":"gfs"}},"wind":{"direction":19.64,"speed":6.79}}}
{"status":"ok","lang":"zh_CN","server_time":1522003570,"tzshift":28800,"location":[51.380976,0.253487],"unit":"metric","result":{"status":"ok","temperature":9.42,"skycon":"CLOUDY","cloudrate":0.91,"aqi":10.0,"humidity":0.68,"pres":100506.36,"pm25":10.0,"precipitation":{"nearest":{"status":"ok","distance":62.36,"intensity":0.1875},"local":{"status":"ok","intensity":0.0,"datasource":"gfs"}},"wind":{"direction":19.64,"speed":6.79}}}
{"status":"ok","lang":"zh_CN","server_time":1522005970,"tzshift":28800,"location":[51.380976,0.253487],"unit":"metric","result":{"status":"ok","temperature":8.83,"skycon":"CLOUDY","cloudrate":0.95,"aqi":10.0,"humidity":0.71,"pres":100560.74,"pm25":10.0,"precipitation":{"nearest":{"status":"ok","distance":69.44,"intensity":0.1875},"local":{"status":"ok","intensity":0.0,"datasource":"gfs"}},"wind":{"direction":26.95,"speed":5.01}}}
{"status":"ok","lang":"zh_CN","server_time":1522007169,"tzshift":28800,"location":[51.380976,0.253487],"unit":"metric","result":{"status":"ok","temperature":8.83,"skycon":"CLOUDY","cloudrate":0.95,"aqi":10.0,"humidity":0.71,"pres":100560.74,"pm25":10.0,"precipitation":{"nearest":{"status":"ok","distance":82.04,"intensity":0.3125},"local":{"status":"ok","intensity":0.0,"datasource":"gfs"}},"wind":{"direction":26.95,"speed":5.01}}}
{"status":"ok","lang":"zh_CN","server_time":1522009569,"tzshift":28800,"location":[51.380976,0.253487],"unit":"metric","result":{"status":"ok","temperature":8.31,"skycon":"CLOUDY","cloudrate":0.98,"aqi":10.0,"humidity":0.74,"pres":100623.1,"pm25":10.0,"precipitation":{"nearest":{"status":"ok","distance":10000.0,"intensity":0.0},"local":{"status":"ok","intensity":0.0272,"datasource":"gfs"}},"wind":{"direction":40.1,"speed":3.49}}}
{"status":"ok","lang":"zh_CN","server_time":1522010769,"tzshift":28800,"location":[51.380976,0.253487],"unit":"metric","result":{"status":"ok","temperature":8.31,"skycon":"CLOUDY","cloudrate":0.98,"aqi":10.0,"humidity":0.74,"pres":100623.1,"pm25":10.0,"precipitation":{"nearest":{"status":"ok","distance":10000.0,"intensity":0.0},"local":{"status":"ok","intensity":0.0272,"datasource":"gfs"}},"wind":{"direction":40.1,"speed":3.49}}}
{"status":"ok","lang":"zh_CN","server_time":1522013191,"tzshift":28800,"location":[51.380976,0.253487],"unit":"metric","result":{"status":"ok","temperature":7.75,"skycon":"RAIN","cloudrate":0.99,"aqi":10.0,"humidity":0.76,"pres":100683.06,"pm25":10.0,"precipitation":{"nearest":{"status":"ok","distance":183.12,"intensity":0.1875},"local":{"status":"ok","intensity":0.0476,"datasource":"gfs"}},"wind":{"direction":45.31,"speed":2.22}}}
{"status":"ok","lang":"zh_CN","server_time":1522014372,"tzshift":28800,"location":[51.380976,0.253487],"unit":"metric","result":{"status":"ok","temperature":8.31,"skycon":"RAIN","cloudrate":1.0,"aqi":10.0,"humidity":0.76,"pres":100702.33,"pm25":10.0,"precipitation":{"nearest":{"status":"ok","distance":10000.0,"intensity":0.0},"local":{"status":"ok","intensity":0.0888,"datasource":"gfs"}},"wind":{"direction":26.53,"speed":0.75}}}
{"status":"failed", "error":"'API quota is exhausted'"}
{"status":"ok","lang":"zh_CN","server_time":1522017972,"tzshift":28800,"location":[51.380976,0.253487],"unit":"metric","result":{"status":"ok","temperature":7.87,"skycon":"RAIN","cloudrate":1.0,"aqi":10.0,"humidity":0.77,"pres":100743.68,"pm25":10.0,"precipitation":{"nearest":{"status":"ok","distance":198.1,"intensity":0.1875},"local":{"status":"ok","intensity":0.0981,"datasource":"gfs"}},"wind":{"direction":295.08,"speed":1.26}}}
{"status":"failed", "error":"'API quota is exhausted'"}
{"status":"failed", "error":"'API quota is exhausted'"}
{"status":"failed", "error":"'API quota is exhausted'"}
{"status":"failed", "error":"'API quota is exhausted'"}
{"status":"failed", "error":"'API quota is exhausted'"}
{"status":"failed", "error":"'API quota is exhausted'"}
{"status":"failed", "error":"'API quota is exhausted'"}
{"status":"failed", "error":"'API quota is exhausted'"}
{"status":"failed", "error":"'API quota is exhausted'"}
{"status":"failed", "error":"'API quota is exhausted'"}
{"status":"failed", "error":"'API quota is exhausted'"}
{"status":"failed", "error":"'API quota is exhausted'"}
{"status":"failed", "error":"'API quota is exhausted'"}
{"status":"failed", "error":"'API quota is exhausted'"}
{"status":"failed", "error":"'API quota is exhausted'"}
{"status":"failed", "error":"'API quota is exhausted'"}
{"status":"failed", "error":"'API quota is exhausted'"}
{"status":"failed", "error":"'API quota is exhausted'"}
{"status":"failed", "error":"'API quota is exhausted'"}
{"status":"failed", "error":"'API quota is exhausted'"}
{"status":"failed", "error":"'API quota is exhausted'"}
{"status":"failed", "error":"'API quota is exhausted'"}
{"status":"failed", "error":"'API quota is exhausted'"}
{"status":"failed", "error":"'API quota is exhausted'"}
{"status":"ok","lang":"zh_CN","server_time":1522063571,"tzshift":28800,"location":[51.380976,0.253487],"unit":"metric","result":{"status":"ok","temperature":10.38,"skycon":"CLEAR_NIGHT","cloudrate":0.0,"aqi":10.0,"humidity":0.49,"pres":101044.32,"pm25":10.0,"precipitation":{"nearest":{"status":"ok","distance":104.12,"intensity":0.1875},"local":{"status":"ok","intensity":0.0,"datasource":"gfs"}},"wind":{"direction":311.71,"speed":8.15}}}
{"status":"failed", "error":"'API quota is exhausted'"}
{"status":"failed", "error":"'API quota is exhausted'"}
{"status":"ok","lang":"zh_CN","server_time":1522068374,"tzshift":28800,"location":[51.380976,0.253487],"unit":"metric","result":{"status":"ok","temperature":11.18,"skycon":"CLEAR_NIGHT","cloudrate":0.0,"aqi":10.0,"humidity":0.43,"pres":101039.12,"pm25":10.0,"precipitation":{"local":{"status":"ok","intensity":0.0,"datasource":"gfs"}},"wind":{"direction":301.25,"speed":8.51}}}
{"status":"ok","lang":"zh_CN","server_time":1522068374,"tzshift":28800,"location":[51.380976,0.253487],"unit":"metric","result":{"status":"ok","temperature":11.18,"skycon":"CLEAR_NIGHT","cloudrate":0.0,"aqi":10.0,"humidity":0.43,"pres":101039.12,"pm25":10.0,"precipitation":{"local":{"status":"ok","intensity":0.0,"datasource":"gfs"}},"wind":{"direction":301.25,"speed":8.51}}}
{"status":"ok","lang":"zh_CN","server_time":1522070781,"tzshift":28800,"location":[51.380976,0.253487],"unit":"metric","result":{"status":"ok","temperature":11.6,"skycon":"CLEAR_NIGHT","cloudrate":0.09,"aqi":10.0,"humidity":0.41,"pres":101018.65,"pm25":10.0,"precipitation":{"nearest":{"status":"ok","distance":192.39,"intensity":0.3125},"local":{"status":"ok","intensity":0.0,"datasource":"gfs"}},"wind":{"direction":290.91,"speed":8.83}}}
{"status":"ok","lang":"zh_CN","server_time":1522074382,"tzshift":28800,"location":[51.380976,0.253487],"unit":"metric","result":{"status":"ok","temperature":11.68,"skycon":"CLEAR_NIGHT","cloudrate":0.2,"aqi":10,"humidity":0.41,"pres":100986.96,"pm25":10,"precipitation":{"local":{"status":"ok","intensity":0.0,"datasource":"gfs"}},"wind":{"direction":281.05,"speed":9.01}}}
{"status":"ok","lang":"zh_CN","server_time":1522077976,"tzshift":28800,"location":[51.380976,0.253487],"unit":"metric","result":{"status":"ok","temperature":11.47,"skycon":"PARTLY_CLOUDY_NIGHT","cloudrate":0.32,"aqi":10.0,"humidity":0.43,"pres":100949.61,"pm25":10.0,"precipitation":{"local":{"status":"ok","intensity":0.0,"datasource":"gfs"}},"wind":{"direction":271.52,"speed":8.89}}}
