{"status":"ok","lang":"zh_CN","server_time":1521995181,"tzshift":28800,"location":[51.580976,0.153486],"unit":"metric","result":{"status":"ok","temperature":11.17,"skycon":"CLOUDY","cloudrate":0.82,"aqi":10.0,"humidity":0.58,"pres":100668.74,"pm25":10.0,"precipitation":{"nearest":{"status":"ok","distance":202.15,"intensity":0.1875},"local":{"status":"ok","intensity":0.0,"datasource":"gfs"}},"wind":{"direction":13.53,"speed":9.17}}}
{"status":"ok","lang":"zh_CN","server_time":1521996382,"tzshift":28800,"location":[51.580976,0.153486],"unit":"metric","result":{"status":"ok","temperature":11.17,"skycon":"CLOUDY","cloudrate":0.82,"aqi":10.0,"humidity":0.58,"pres":100668.74,"pm25":10.0,"precipitation":{"nearest":{"status":"ok","distance":261.31,"intensity":0.1875},"local":{"status":"ok","intensity":0.0,"datasource":"gfs"}},"wind":{"direction":13.53,"speed":9.17}}}
{"status":"ok","lang":"zh_CN","server_time":1521998783,"tzshift":28800,"location":[51.580976,0.153486],"unit":"metric","result":{"status":"ok","temperature":10.56,"skycon":"CLOUDY","cloudrate":0.84,"aqi":10.0,"humidity":0.61,"pres":100697.39,"pm25":10.0,"precipitation":{"nearest":{"status":"ok","distance":86.65,"intensity":0.3125},"local":{"status":"ok","intensity":0.0,"datasource":"gfs"}},"wind":{"direction":9.0,"speed":8.37}}}
{"status":"ok","lang":"zh_CN","server_time":1521999985,"tzshift":28800,"location":[51.580976,0.153486],"unit":"metric","result":{"status":"ok","temperature":10.56,"skycon":"CLOUDY","cloudrate":0.84,"aqi":10.0,"humidity":0.61,"pres":100697.39,"pm25":10.0,"precipitation":{"nearest":{"status":"ok","distance":350.3,"intensity":0.1875},"local":{"status":"ok","intensity":0.0,"datasource":"gfs"}},"wind":{"direction":9.0,"speed":8.37}}}
{"status":"ok","lang":"zh_CN","server_time":1522002388,"tzshift":28800,"location":[51.580976,0.153486],"unit":"metric","result":{"status":"ok","temperature":9.86,"skycon":"CLOUDY","cloudrate":0.89,"aqi":10.0,"humidity":0.64,"pres":100736.76,"pm25":10.0,"precipitation":{"nearest":{"status":"ok","distance":498.27,"intensity":0.1875},"local":{"status":"ok","intensity":0.0,"datasource":"gfs"}},"wind":{"direction":5.54,"speed":7.2}}}
{"status":"ok","lang":"zh_CN","server_time":1522003577,"tzshift":28800,"location":[51.580976,0.153486],"unit":"metric","result":{"status":"ok","temperature":9.86,"skycon":"CLOUDY","cloudrate":0.89,"aqi":10.0,"humidity":0.64,"pres":100736.76,"pm25":10.0,"precipitation":{"nearest":{"status":"ok","distance":427.61,"intensity":0.1875},"local":{"status":"ok","intensity":0.0,"datasource":"gfs"}},"wind":{"direction":5.54,"speed":7.2}}}
{"status":"ok","lang":"zh_CN","server_time":1522005978,"tzshift":28800,"location":[51.580976,0.153486],"unit":"metric","result":{"status":"ok","temperature":9.16,"skycon":"CLOUDY","cloudrate":0.94,"aqi":10.0,"humidity":0.67,"pres":100789.68,"pm25":10.0,"precipitation":{"nearest":{"status":"ok","distance":162.52,"intensity":0.1875},"local":{"status":"ok","intensity":0.0,"datasource":"gfs"}},"wind":{"direction":5.12,"speed":5.57}}}
{"status":"ok","lang":"zh_CN","server_time":1522007176,"tzshift":28800,"location":[51.580976,0.153486],"unit":"metric","result":{"status":"ok","temperature":9.16,"skycon":"CLOUDY","cloudrate":0.94,"aqi":10.0,"humidity":0.67,"pres":100789.68,"pm25":10.0,"precipitation":{"nearest":{"status":"ok","distance":10000.0,"intensity":0.0},"local":{"status":"ok","intensity":0.0,"datasource":"gfs"}},"wind":{"direction":5.12,"speed":5.57}}}
{"status":"ok","lang":"zh_CN","server_time":1522009576,"tzshift":28800,"location":[51.580976,0.153486],"unit":"metric","result":{"status":"ok","temperature":8.48,"skycon":"CLOUDY","cloudrate":0.99,"aqi":10.0,"humidity":0.7,"pres":100849.97,"pm25":10.0,"precipitation":{"nearest":{"status":"ok","distance":10000.0,"intensity":0.0},"local":{"status":"ok","intensity":0.0,"datasource":"gfs"}},"wind":{"direction":5.31,"speed":4.02}}}
{"status":"ok","lang":"zh_CN","server_time":1522010776,"tzshift":28800,"location":[51.580976,0.153486],"unit":"metric","result":{"status":"ok","temperature":8.48,"skycon":"CLOUDY","cloudrate":0.99,"aqi":10.0,"humidity":0.7,"pres":100849.97,"pm25":10.0,"precipitation":{"nearest":{"status":"ok","distance":10000.0,"intensity":0.0},"local":{"status":"ok","intensity":0.0,"datasource":"gfs"}},"wind":{"direction":5.31,"speed":4.02}}}
{"status":"failed", "error":"'API quota is exhausted'"}
{"status":"failed", "error":"'API quota is exhausted'"}
{"status":"failed", "error":"'API quota is exhausted'"}
{"status":"ok","lang":"zh_CN","server_time":1522017979,"tzshift":28800,"location":[51.580976,0.153486],"unit":"metric","result":{"status":"ok","temperature":7.71,"skycon":"RAIN","cloudrate":0.98,"aqi":10.0,"humidity":0.73,"pres":100970.14,"pm25":10.0,"precipitation":{"nearest":{"status":"ok","distance":104.89,"intensity":0.1875},"local":{"status":"ok","intensity":0.0547,"datasource":"gfs"}},"wind":{"direction":321.34,"speed":3.22}}}
{"status":"ok","lang":"zh_CN","server_time":1522020379,"tzshift":28800,"location":[51.580976,0.153486],"unit":"metric","result":{"status":"ok","temperature":7.0,"skycon":"RAIN","cloudrate":0.91,"aqi":10.0,"humidity":0.74,"pres":100998.37,"pm25":10.0,"precipitation":{"nearest":{"status":"ok","distance":67.9,"intensity":0.1875},"local":{"status":"ok","intensity":0.0499,"datasource":"gfs"}},"wind":{"direction":319.52,"speed":5.36}}}
{"status":"failed", "error":"'API quota is exhausted'"}
{"status":"failed", "error":"'API quota is exhausted'"}
{"status":"failed", "error":"'API quota is exhausted'"}
{"status":"failed", "error":"'API quota is exhausted'"}
{"status":"failed", "error":"'API quota is exhausted'"}
{"status":"failed", "error":"'API quota is exhausted'"}
{"status":"failed", "error":"'API quota is exhausted'"}
{"status":"failed", "error":"'API quota is exhausted'"}
{"status":"failed", "error":"'API quota is exhausted'"}
{"status":"failed", "error":"'API quota is exhausted'"}
{"status":"failed", "error":"'API quota is exhausted'"}
{"status":"failed", "error":"'API quota is exhausted'"}
{"status":"failed", "error":"'API quota is exhausted'"}
{"status":"failed", "error":"'API quota is exhausted'"}
{"status":"failed", "error":"'API quota is exhausted'"}
{"status":"failed", "error":"'API quota is exhausted'"}
{"status":"failed", "error":"'API quota is exhausted'"}
{"status":"failed", "error":"'API quota is exhausted'"}
{"status":"failed", "error":"'API quota is exhausted'"}
{"status":"failed", "error":"'API quota is exhausted'"}
{"status":"ok","lang":"zh_CN","server_time":1522057582,"tzshift":28800,"location":[51.580976,0.153486],"unit":"metric","result":{"status":"ok","temperature":7.81,"skycon":"CLEAR_DAY","cloudrate":0.0,"aqi":10.0,"humidity":0.62,"pres":101245.79,"pm25":10.0,"precipitation":{"nearest":{"status":"ok","distance":10000.0,"intensity":0.0},"local":{"status":"ok","intensity":0.0,"datasource":"gfs"}},"wind":{"direction":315.9,"speed":7.52}}}
{"status":"failed", "error":"'API quota is exhausted'"}
{"status":"failed", "error":"'API quota is exhausted'"}
{"status":"failed", "error":"'API quota is exhausted'"}
{"status":"failed", "error":"'API quota is exhausted'"}
{"status":"failed", "error":"'API quota is exhausted'"}
{"status":"ok","lang":"zh_CN","server_time":1522068382,"tzshift":28800,"location":[51.580976,0.153486],"unit":"metric","result":{"status":"ok","temperature":11.33,"skycon":"CLEAR_NIGHT","cloudrate":0.0,"aqi":10.0,"humidity":0.43,"pres":101259.96,"pm25":10.0,"precipitation":{"nearest":{"status":"ok","distance":178.81,"intensity":0.1875},"local":{"status":"ok","intensity":0.0,"datasource":"gfs"}},"wind":{"direction":290.18,"speed":8.49}}}
{"status":"ok","lang":"zh_CN","server_time":1522068382,"tzshift":28800,"location":[51.580976,0.153486],"unit":"metric","result":{"status":"ok","temperature":11.33,"skycon":"CLEAR_NIGHT","cloudrate":0.0,"aqi":10.0,"humidity":0.43,"pres":101259.96,"pm25":10.0,"precipitation":{"nearest":{"status":"ok","distance":178.81,"intensity":0.1875},"local":{"status":"ok","intensity":0.0,"datasource":"gfs"}},"wind":{"direction":290.18,"speed":8.49}}}
{"status":"ok","lang":"zh_CN","server_time":1522070789,"tzshift":28800,"location":[51.580976,0.153486],"unit":"metric","result":{"status":"ok","temperature":11.85,"skycon":"CLEAR_NIGHT","cloudrate":0.08,"aqi":10,"humidity":0.4,"pres":101236.93,"pm25":10,"precipitation":{"nearest":{"status":"ok","distance":285.07,"intensity":0.1875},"local":{"status":"ok","intensity":0.0,"datasource":"gfs"}},"wind":{"direction":282.36,"speed":9.2}}}
{"status":"ok","lang":"zh_CN","server_time":1522074390,"tzshift":28800,"location":[51.580976,0.153486],"unit":"metric","result":{"status":"ok","temperature":12.04,"skycon":"CLEAR_NIGHT","cloudrate":0.17,"aqi":10,"humidity":0.4,"pres":101202.43,"pm25":10,"precipitation":{"nearest":{"status":"ok","distance":109.17,"intensity":0.1875},"local":{"status":"ok","intensity":0.0,"datasource":"gfs"}},"wind":{"direction":276.23,"speed":9.69}}}
{"status":"ok","lang":"zh_CN","server_time":1522077985,"tzshift":28800,"location":[51.580976,0.153486],"unit":"metric","result":{"status":"ok","temperature":11.94,"skycon":"PARTLY_CLOUDY_NIGHT","cloudrate":0.27,"aqi":10.0,"humidity":0.41,"pres":101162.18,"pm25":10.0,"precipitation":{"nearest":{"status":"ok","distance":224.78,"intensity":0.1875},"local":{"status":"ok","intensity":0.0,"datasource":"gfs"}},"wind":{"direction":271.32,"speed":9.6}}}
