{"status":"ok","lang":"zh_CN","server_time":1521995102,"tzshift":28800,"location":[51.564009,-0.15522353],"unit":"metric","result":{"status":"ok","temperature":11.58,"skycon":"CLOUDY","cloudrate":0.84,"aqi":10.0,"humidity":0.55,"pres":100680.23,"pm25":10.0,"precipitation":{"nearest":{"status":"ok","distance":10000.0,"intensity":0.0},"local":{"status":"ok","intensity":0.0,"datasource":"gfs"}},"wind":{"direction":8.23,"speed":9.69}}}
{"status":"ok","lang":"zh_CN","server_time":1521996303,"tzshift":28800,"location":[51.564009,-0.15522353],"unit":"metric","result":{"status":"ok","temperature":11.58,"skycon":"CLOUDY","cloudrate":0.84,"aqi":10.0,"humidity":0.55,"pres":100680.23,"pm25":10.0,"precipitation":{"nearest":{"status":"ok","distance":10000.0,"intensity":0.0},"local":{"status":"ok","intensity":0.0,"datasource":"gfs"}},"wind":{"direction":8.23,"speed":9.69}}}
{"status":"ok","lang":"zh_CN","server_time":1521998702,"tzshift":28800,"location":[51.564009,-0.15522353],"unit":"metric","result":{"status":"ok","temperature":10.96,"skycon":"CLOUDY","cloudrate":0.85,"aqi":10.0,"humidity":0.58,"pres":100711.68,"pm25":10.0,"precipitation":{"nearest":{"status":"ok","distance":10000.0,"intensity":0.0},"local":{"status":"ok","intensity":0.007,"datasource":"gfs"}},"wind":{"direction":3.31,"speed":9.4}}}
{"status":"ok","lang":"zh_CN","server_time":1521999904,"tzshift":28800,"location":[51.564009,-0.15522353],"unit":"metric","result":{"status":"ok","temperature":10.96,"skycon":"CLOUDY","cloudrate":0.85,"aqi":10.0,"humidity":0.58,"pres":100711.68,"pm25":10.0,"precipitation":{"nearest":{"status":"ok","distance":0.62,"intensity":0.1875},"local":{"status":"ok","intensity":0.007,"datasource":"gfs"}},"wind":{"direction":3.31,"speed":9.4}}}
{"status":"ok","lang":"zh_CN","server_time":1522002302,"tzshift":28800,"location":[51.564009,-0.15522353],"unit":"metric","result":{"status":"ok","temperature":10.25,"skycon":"CLOUDY","cloudrate":0.87,"aqi":10.0,"humidity":0.61,"pres":100752.87,"pm25":10.0,"precipitation":{"nearest":{"status":"ok","distance":10000.0,"intensity":0.0},"local":{"status":"ok","intensity":0.0138,"datasource":"gfs"}},"wind":{"direction":357.43,"speed":8.72}}}
{"status":"ok","lang":"zh_CN","server_time":1522003502,"tzshift":28800,"location":[51.564009,-0.15522353],"unit":"metric","result":{"status":"ok","temperature":10.25,"skycon":"CLOUDY","cloudrate":0.87,"aqi":10.0,"humidity":0.61,"pres":100752.87,"pm25":10.0,"precipitation":{"nearest":{"status":"ok","distance":10000.0,"intensity":0.0},"local":{"status":"ok","intensity":0.0138,"datasource":"gfs"}},"wind":{"direction":357.43,"speed":8.72}}}
{"status":"ok","lang":"zh_CN","server_time":1522005902,"tzshift":28800,"location":[51.564009,-0.15522353],"unit":"metric","result":{"status":"ok","temperature":9.52,"skycon":"CLOUDY","cloudrate":0.92,"aqi":10.0,"humidity":0.64,"pres":100805.98,"pm25":10.0,"precipitation":{"nearest":{"status":"ok","distance":10000.0,"intensity":0.0},"local":{"status":"ok","intensity":0.0,"datasource":"gfs"}},"wind":{"direction":349.59,"speed":7.59}}}
{"status":"ok","lang":"zh_CN","server_time":1522007102,"tzshift":28800,"location":[51.564009,-0.15522353],"unit":"metric","result":{"status":"ok","temperature":9.52,"skycon":"CLOUDY","cloudrate":0.92,"aqi":10.0,"humidity":0.64,"pres":100805.98,"pm25":10.0,"precipitation":{"nearest":{"status":"ok","distance":10000.0,"intensity":0.0},"local":{"status":"ok","intensity":0.0,"datasource":"gfs"}},"wind":{"direction":349.59,"speed":7.59}}}
{"status":"ok","lang":"zh_CN","server_time":1522009501,"tzshift":28800,"location":[51.564009,-0.15522353],"unit":"metric","result":{"status":"ok","temperature":8.8,"skycon":"CLOUDY","cloudrate":0.96,"aqi":10,"humidity":0.66,"pres":100865.82,"pm25":10,"precipitation":{"nearest":{"status":"ok","distance":10000.0,"intensity":0.0},"local":{"status":"ok","intensity":0.0,"datasource":"gfs"}},"wind":{"direction":340.11,"speed":6.6}}}
{"status":"ok","lang":"zh_CN","server_time":1522010702,"tzshift":28800,"location":[51.564009,-0.15522353],"unit":"metric","result":{"status":"ok","temperature":8.8,"skycon":"CLOUDY","cloudrate":0.96,"aqi":10.0,"humidity":0.66,"pres":100865.82,"pm25":10.0,"precipitation":{"nearest":{"status":"ok","distance":161.65,"intensity":0.1875},"local":{"status":"ok","intensity":0.0,"datasource":"gfs"}},"wind":{"direction":340.11,"speed":6.6}}}
{"status":"ok","lang":"zh_CN","server_time":1522013103,"tzshift":28800,"location":[51.564009,-0.15522353],"unit":"metric","result":{"status":"ok","temperature":8.1,"skycon":"CLOUDY","cloudrate":0.95,"aqi":10.0,"humidity":0.67,"pres":100925.34,"pm25":10.0,"precipitation":{"nearest":{"status":"ok","distance":10000.0,"intensity":0.0},"local":{"status":"ok","intensity":0.0,"datasource":"gfs"}},"wind":{"direction":333.56,"speed":6.38}}}
{"status":"ok","lang":"zh_CN","server_time":1522014378,"tzshift":28800,"location":[51.580976,-0.146517],"unit":"metric","result":{"status":"ok","temperature":9.97,"skycon":"CLOUDY","cloudrate":1.0,"aqi":10.0,"humidity":0.6,"pres":101032.21,"pm25":10.0,"precipitation":{"nearest":{"status":"ok","distance":244.8,"intensity":0.1875},"local":{"status":"ok","intensity":0.0021,"datasource":"gfs"}},"wind":{"direction":310.67,"speed":6.04}}}
{"status":"ok","lang":"zh_CN","server_time":1522016703,"tzshift":28800,"location":[51.564009,-0.13522353],"unit":"metric","result":{"status":"ok","temperature":7.9,"skycon":"CLOUDY","cloudrate":0.93,"aqi":10.0,"humidity":0.69,"pres":100993.3,"pm25":10.0,"precipitation":{"nearest":{"status":"ok","distance":10000.0,"intensity":0.0},"local":{"status":"ok","intensity":0.0262,"datasource":"gfs"}},"wind":{"direction":317.12,"speed":5.72}}}
{"status":"failed", "error":"'API quota is exhausted'"}
{"status":"ok","lang":"zh_CN","server_time":1522020378,"tzshift":28800,"location":[51.580976,-0.146517],"unit":"metric","result":{"status":"ok","temperature":6.98,"skycon":"PARTLY_CLOUDY_DAY","cloudrate":0.79,"aqi":10.0,"humidity":0.71,"pres":100985.96,"pm25":10.0,"precipitation":{"nearest":{"status":"ok","distance":10000.0,"intensity":0.0},"local":{"status":"ok","intensity":0.0028,"datasource":"gfs"}},"wind":{"direction":325.99,"speed":7.17}}}
{"status":"failed", "error":"'API quota is exhausted'"}
{"status":"failed", "error":"'API quota is exhausted'"}
{"status":"failed", "error":"'API quota is exhausted'"}
{"status":"ok","lang":"zh_CN","server_time":1522027577,"tzshift":28800,"location":[51.580976,-0.146517],"unit":"metric","result":{"status":"ok","temperature":6.05,"skycon":"PARTLY_CLOUDY_DAY","cloudrate":0.51,"aqi":10.0,"humidity":0.71,"pres":101019.97,"pm25":10.0,"precipitation":{"nearest":{"status":"ok","distance":168.63,"intensity":0.1875},"local":{"status":"ok","intensity":0.0,"datasource":"gfs"}},"wind":{"direction":334.73,"speed":8.71}}}
{"status":"ok","lang":"zh_CN","server_time":1522028704,"tzshift":28800,"location":[51.564009,-0.15522353],"unit":"metric","result":{"status":"ok","temperature":6.2,"skycon":"PARTLY_CLOUDY_DAY","cloudrate":0.49,"aqi":10.0,"humidity":0.7,"pres":101052.95,"pm25":10.0,"precipitation":{"nearest":{"status":"ok","distance":125.71,"intensity":0.1875},"local":{"status":"ok","intensity":0.0,"datasource":"gfs"}},"wind":{"direction":334.72,"speed":8.6}}}
{"status":"failed", "error":"'API quota is exhausted'"}
{"status":"failed", "error":"'API quota is exhausted'"}
{"status":"ok","lang":"zh_CN","server_time":1522035064,"tzshift":28800,"location":[51.580976,-0.146517],"unit":"metric","result":{"status":"ok","temperature":5.3,"skycon":"PARTLY_CLOUDY_DAY","cloudrate":0.32,"aqi":10.0,"humidity":0.71,"pres":101051.2,"pm25":10.0,"precipitation":{"nearest":{"status":"ok","distance":0.2,"intensity":0.1875},"local":{"status":"ok","intensity":0.0,"datasource":"gfs"}},"wind":{"direction":330.66,"speed":8.02}}}
{"status":"failed", "error":"'API quota is exhausted'"}
{"status":"failed", "error":"'API quota is exhausted'"}
{"status":"failed", "error":"'API quota is exhausted'"}
{"status":"failed", "error":"'API quota is exhausted'"}
{"status":"failed", "error":"'API quota is exhausted'"}
{"status":"ok","lang":"zh_CN","server_time":1522045580,"tzshift":28800,"location":[51.580976,-0.146517],"unit":"metric","result":{"status":"ok","temperature":4.4,"skycon":"PARTLY_CLOUDY_DAY","cloudrate":0.32,"aqi":10.0,"humidity":0.74,"pres":101218.35,"pm25":10.0,"precipitation":{"nearest":{"status":"ok","distance":10000.0,"intensity":0.0},"local":{"status":"ok","intensity":0.0,"datasource":"gfs"}},"wind":{"direction":326.61,"speed":7.67}}}
{"status":"failed", "error":"'API quota is exhausted'"}
{"status":"failed", "error":"'API quota is exhausted'"}
{"status":"failed", "error":"'API quota is exhausted'"}
{"status":"failed", "error":"'API quota is exhausted'"}
{"status":"failed", "error":"'API quota is exhausted'"}
{"status":"failed", "error":"'API quota is exhausted'"}
{"status":"failed", "error":"'API quota is exhausted'"}
{"status":"failed", "error":"'API quota is exhausted'"}
{"status":"failed", "error":"'API quota is exhausted'"}
{"status":"failed", "error":"'API quota is exhausted'"}
{"status":"failed", "error":"'API quota is exhausted'"}
{"status":"ok","lang":"zh_CN","server_time":1522067103,"tzshift":28800,"location":[51.564009,-0.13522353],"unit":"metric","result":{"status":"ok","temperature":11.37,"skycon":"CLEAR_NIGHT","cloudrate":0.0,"aqi":10,"humidity":0.41,"pres":101281.05,"pm25":10,"precipitation":{"nearest":{"status":"ok","distance":10000.0,"intensity":0.0},"local":{"status":"ok","intensity":0.0,"datasource":"gfs"}},"wind":{"direction":282.41,"speed":8.18}}}
{"status":"ok","lang":"zh_CN","server_time":1522068302,"tzshift":28800,"location":[51.564009,-0.15522353],"unit":"metric","result":{"status":"ok","temperature":11.36,"skycon":"CLEAR_NIGHT","cloudrate":0.0,"aqi":10,"humidity":0.41,"pres":101275.06,"pm25":10,"precipitation":{"nearest":{"status":"ok","distance":185.9,"intensity":0.25},"local":{"status":"ok","intensity":0.0,"datasource":"gfs"}},"wind":{"direction":281.8,"speed":8.18}}}
{"status":"ok","lang":"zh_CN","server_time":1522068302,"tzshift":28800,"location":[51.564009,-0.15522353],"unit":"metric","result":{"status":"ok","temperature":11.36,"skycon":"CLEAR_NIGHT","cloudrate":0.0,"aqi":10,"humidity":0.41,"pres":101275.06,"pm25":10,"precipitation":{"nearest":{"status":"ok","distance":185.9,"intensity":0.25},"local":{"status":"ok","intensity":0.0,"datasource":"gfs"}},"wind":{"direction":281.8,"speed":8.18}}}
{"status":"ok","lang":"zh_CN","server_time":1522070703,"tzshift":28800,"location":[51.564009,-0.15522353],"unit":"metric","result":{"status":"ok","temperature":12.69,"skycon":"CLEAR_NIGHT","cloudrate":0.04,"aqi":10,"humidity":0.31,"pres":101414.27,"pm25":10,"precipitation":{"local":{"status":"ok","intensity":0.0,"datasource":"gfs"}},"wind":{"direction":273.27,"speed":8.16}}}
{"status":"ok","lang":"zh_CN","server_time":1522074303,"tzshift":28800,"location":[51.564009,-0.15522353],"unit":"metric","result":{"status":"ok","temperature":12.87,"skycon":"CLEAR_NIGHT","cloudrate":0.07,"aqi":10.0,"humidity":0.31,"pres":101377.91,"pm25":10.0,"precipitation":{"nearest":{"status":"ok","distance":106.86,"intensity":0.1875},"local":{"status":"ok","intensity":0.0,"datasource":"gfs"}},"wind":{"direction":267.8,"speed":9.46}}}
{"status":"ok","lang":"zh_CN","server_time":1522077903,"tzshift":28800,"location":[51.564009,-0.15522353],"unit":"metric","result":{"status":"ok","temperature":12.23,"skycon":"CLEAR_NIGHT","cloudrate":0.19,"aqi":10.0,"humidity":0.41,"pres":101171.21,"pm25":10.0,"precipitation":{"local":{"status":"ok","intensity":0.0,"datasource":"gfs"}},"wind":{"direction":264.34,"speed":10.47}}}
