{"status":"ok","lang":"zh_CN","server_time":1521995186,"tzshift":28800,"location":[51.680976,0.253487],"unit":"metric","result":{"status":"ok","temperature":10.53,"skycon":"CLOUDY","cloudrate":0.92,"aqi":10.0,"humidity":0.64,"pres":100453.25,"pm25":10.0,"precipitation":{"nearest":{"status":"ok","distance":51.05,"intensity":0.1875},"local":{"status":"ok","intensity":0.0,"datasource":"gfs"}},"wind":{"direction":11.41,"speed":9.23}}}
{"status":"ok","lang":"zh_CN","server_time":1521996386,"tzshift":28800,"location":[51.680976,0.253487],"unit":"metric","result":{"status":"ok","temperature":10.53,"skycon":"CLOUDY","cloudrate":0.92,"aqi":10,"humidity":0.64,"pres":100453.25,"pm25":10,"precipitation":{"nearest":{"status":"ok","distance":253.18,"intensity":0.1875},"local":{"status":"ok","intensity":0.0,"datasource":"gfs"}},"wind":{"direction":11.41,"speed":9.23}}}
{"status":"ok","lang":"zh_CN","server_time":1521998787,"tzshift":28800,"location":[51.680976,0.253487],"unit":"metric","result":{"status":"ok","temperature":9.81,"skycon":"CLOUDY","cloudrate":0.93,"aqi":10.0,"humidity":0.68,"pres":100481.39,"pm25":10.0,"precipitation":{"nearest":{"status":"ok","distance":257.1,"intensity":0.1875},"local":{"status":"ok","intensity":0.0132,"datasource":"gfs"}},"wind":{"direction":7.26,"speed":8.01}}}
{"status":"ok","lang":"zh_CN","server_time":1521999990,"tzshift":28800,"location":[51.680976,0.253487],"unit":"metric","result":{"status":"ok","temperature":9.81,"skycon":"CLOUDY","cloudrate":0.93,"aqi":10,"humidity":0.68,"pres":100481.39,"pm25":10,"precipitation":{"nearest":{"status":"ok","distance":91.23,"intensity":0.1875},"local":{"status":"ok","intensity":0.0132,"datasource":"gfs"}},"wind":{"direction":7.26,"speed":8.01}}}
{"status":"ok","lang":"zh_CN","server_time":1522002393,"tzshift":28800,"location":[51.680976,0.253487],"unit":"metric","result":{"status":"ok","temperature":8.97,"skycon":"CLOUDY","cloudrate":0.95,"aqi":10,"humidity":0.72,"pres":100520.34,"pm25":10,"precipitation":{"nearest":{"status":"ok","distance":404.16,"intensity":0.1875},"local":{"status":"ok","intensity":0.0229,"datasource":"gfs"}},"wind":{"direction":4.97,"speed":6.5}}}
{"status":"ok","lang":"zh_CN","server_time":1522003581,"tzshift":28800,"location":[51.680976,0.253487],"unit":"metric","result":{"status":"ok","temperature":8.97,"skycon":"CLOUDY","cloudrate":0.95,"aqi":10.0,"humidity":0.72,"pres":100520.34,"pm25":10.0,"precipitation":{"nearest":{"status":"ok","distance":341.7,"intensity":0.3125},"local":{"status":"ok","intensity":0.0229,"datasource":"gfs"}},"wind":{"direction":4.97,"speed":6.5}}}
{"status":"ok","lang":"zh_CN","server_time":1522005982,"tzshift":28800,"location":[51.680976,0.253487],"unit":"metric","result":{"status":"ok","temperature":8.15,"skycon":"CLOUDY","cloudrate":0.99,"aqi":10,"humidity":0.74,"pres":100572.96,"pm25":10,"precipitation":{"nearest":{"status":"ok","distance":263.62,"intensity":0.1875},"local":{"status":"ok","intensity":0.0188,"datasource":"gfs"}},"wind":{"direction":8.2,"speed":4.72}}}
{"status":"ok","lang":"zh_CN","server_time":1522007181,"tzshift":28800,"location":[51.680976,0.253487],"unit":"metric","result":{"status":"ok","temperature":8.15,"skycon":"CLOUDY","cloudrate":0.99,"aqi":10.0,"humidity":0.74,"pres":100572.96,"pm25":10.0,"precipitation":{"nearest":{"status":"ok","distance":163.89,"intensity":0.3125},"local":{"status":"ok","intensity":0.0188,"datasource":"gfs"}},"wind":{"direction":8.2,"speed":4.72}}}
{"status":"ok","lang":"zh_CN","server_time":1522009581,"tzshift":28800,"location":[51.680976,0.253487],"unit":"metric","result":{"status":"ok","temperature":7.35,"skycon":"CLOUDY","cloudrate":1.0,"aqi":10,"humidity":0.76,"pres":100632.84,"pm25":10,"precipitation":{"nearest":{"status":"ok","distance":10000.0,"intensity":0.0},"local":{"status":"ok","intensity":0.0057,"datasource":"gfs"}},"wind":{"direction":14.78,"speed":3.24}}}
{"status":"ok","lang":"zh_CN","server_time":1522010781,"tzshift":28800,"location":[51.680976,0.253487],"unit":"metric","result":{"status":"ok","temperature":7.35,"skycon":"CLOUDY","cloudrate":1.0,"aqi":10.0,"humidity":0.76,"pres":100632.84,"pm25":10.0,"precipitation":{"nearest":{"status":"ok","distance":10000.0,"intensity":0.0},"local":{"status":"ok","intensity":0.0057,"datasource":"gfs"}},"wind":{"direction":14.78,"speed":3.24}}}
{"status":"failed", "error":"'API quota is exhausted'"}
{"status":"ok","lang":"zh_CN","server_time":1522014384,"tzshift":28800,"location":[51.680976,0.253487],"unit":"metric","result":{"status":"ok","temperature":7.05,"skycon":"RAIN","cloudrate":1.0,"aqi":10.0,"humidity":0.77,"pres":100708.29,"pm25":10.0,"precipitation":{"nearest":{"status":"ok","distance":10000.0,"intensity":0.0},"local":{"status":"ok","intensity":0.0413,"datasource":"gfs"}},"wind":{"direction":14.08,"speed":1.31}}}
{"status":"failed", "error":"'API quota is exhausted'"}
{"status":"ok","lang":"zh_CN","server_time":1522017984,"tzshift":28800,"location":[51.680976,0.253487],"unit":"metric","result":{"status":"ok","temperature":6.36,"skycon":"RAIN","cloudrate":0.99,"aqi":10.0,"humidity":0.79,"pres":100751.58,"pm25":10.0,"precipitation":{"nearest":{"status":"ok","distance":127.16,"intensity":0.1875},"local":{"status":"ok","intensity":0.0381,"datasource":"gfs"}},"wind":{"direction":326.69,"speed":2.48}}}
{"status":"ok","lang":"zh_CN","server_time":1522020383,"tzshift":28800,"location":[51.680976,0.253487],"unit":"metric","result":{"status":"ok","temperature":5.67,"skycon":"CLOUDY","cloudrate":0.94,"aqi":10.0,"humidity":0.8,"pres":100779.32,"pm25":10.0,"precipitation":{"nearest":{"status":"ok","distance":66.87,"intensity":0.1875},"local":{"status":"ok","intensity":0.0286,"datasource":"gfs"}},"wind":{"direction":318.58,"speed":5.31}}}
{"status":"failed", "error":"'API quota is exhausted'"}
{"status":"failed", "error":"'API quota is exhausted'"}
{"status":"failed", "error":"'API quota is exhausted'"}
{"status":"ok","lang":"zh_CN","server_time":1522027583,"tzshift":28800,"location":[51.680976,0.253487],"unit":"metric","result":{"status":"ok","temperature":4.68,"skycon":"PARTLY_CLOUDY_DAY","cloudrate":0.61,"aqi":10.0,"humidity":0.8,"pres":100809.06,"pm25":10.0,"precipitation":{"nearest":{"status":"ok","distance":108.25,"intensity":0.1875},"local":{"status":"ok","intensity":0.0,"datasource":"gfs"}},"wind":{"direction":322.67,"speed":9.33}}}
{"status":"failed", "error":"'API quota is exhausted'"}
{"status":"failed", "error":"'API quota is exhausted'"}
{"status":"failed", "error":"'API quota is exhausted'"}
{"status":"failed", "error":"'API quota is exhausted'"}
{"status":"failed", "error":"'API quota is exhausted'"}
{"status":"failed", "error":"'API quota is exhausted'"}
{"status":"ok","lang":"zh_CN","server_time":1522039587,"tzshift":28800,"location":[51.680976,0.253487],"unit":"metric","result":{"status":"ok","temperature":4.21,"skycon":"PARTLY_CLOUDY_DAY","cloudrate":0.59,"aqi":10.0,"humidity":0.81,"pres":100894.51,"pm25":10.0,"precipitation":{"nearest":{"status":"ok","distance":344.26,"intensity":0.1875},"local":{"status":"ok","intensity":0.0,"datasource":"gfs"}},"wind":{"direction":330.76,"speed":9.7}}}
{"status":"failed", "error":"'API quota is exhausted'"}
{"status":"failed", "error":"'API quota is exhausted'"}
{"status":"failed", "error":"'API quota is exhausted'"}
{"status":"failed", "error":"'API quota is exhausted'"}
{"status":"failed", "error":"'API quota is exhausted'"}
{"status":"failed", "error":"'API quota is exhausted'"}
{"status":"failed", "error":"'API quota is exhausted'"}
{"status":"failed", "error":"'API quota is exhausted'"}
{"status":"ok","lang":"zh_CN","server_time":1522056384,"tzshift":28800,"location":[51.680976,0.253487],"unit":"metric","result":{"status":"ok","temperature":7.17,"skycon":"CLEAR_DAY","cloudrate":0.0,"aqi":10.0,"humidity":0.69,"pres":101014.96,"pm25":10.0,"precipitation":{"nearest":{"status":"ok","distance":303.84,"intensity":0.3125},"local":{"status":"ok","intensity":0.0,"datasource":"gfs"}},"wind":{"direction":313.93,"speed":9.78}}}
{"status":"failed", "error":"'API quota is exhausted'"}
{"status":"failed", "error":"'API quota is exhausted'"}
{"status":"failed", "error":"'API quota is exhausted'"}
{"status":"failed", "error":"'API quota is exhausted'"}
{"status":"failed", "error":"'API quota is exhausted'"}
{"status":"failed", "error":"'API quota is exhausted'"}
{"status":"ok","lang":"zh_CN","server_time":1522068387,"tzshift":28800,"location":[51.680976,0.253487],"unit":"metric","result":{"status":"ok","temperature":10.79,"skycon":"CLEAR_NIGHT","cloudrate":0.0,"aqi":10.0,"humidity":0.5,"pres":101035.04,"pm25":10.0,"precipitation":{"nearest":{"status":"ok","distance":10000.0,"intensity":0.0},"local":{"status":"ok","intensity":0.0,"datasource":"gfs"}},"wind":{"direction":288.77,"speed":9.79}}}
{"status":"ok","lang":"zh_CN","server_time":1522068387,"tzshift":28800,"location":[51.680976,0.253487],"unit":"metric","result":{"status":"ok","temperature":10.79,"skycon":"CLEAR_NIGHT","cloudrate":0.0,"aqi":10.0,"humidity":0.5,"pres":101035.04,"pm25":10.0,"precipitation":{"nearest":{"status":"ok","distance":10000.0,"intensity":0.0},"local":{"status":"ok","intensity":0.0,"datasource":"gfs"}},"wind":{"direction":288.77,"speed":9.79}}}
{"status":"ok","lang":"zh_CN","server_time":1522070794,"tzshift":28800,"location":[51.680976,0.253487],"unit":"metric","result":{"status":"ok","temperature":11.28,"skycon":"CLEAR_NIGHT","cloudrate":0.08,"aqi":10.0,"humidity":0.48,"pres":101013.79,"pm25":10.0,"precipitation":{"local":{"status":"ok","intensity":0.0,"datasource":"gfs"}},"wind":{"direction":282.22,"speed":10.43}}}
{"status":"ok","lang":"zh_CN","server_time":1522074395,"tzshift":28800,"location":[51.680976,0.253487],"unit":"metric","result":{"status":"ok","temperature":11.49,"skycon":"CLEAR_NIGHT","cloudrate":0.18,"aqi":10.0,"humidity":0.48,"pres":100981.33,"pm25":10.0,"precipitation":{"local":{"status":"ok","intensity":0.0,"datasource":"gfs"}},"wind":{"direction":277.43,"speed":10.77}}}
{"status":"ok","lang":"zh_CN","server_time":1522077990,"tzshift":28800,"location":[51.680976,0.253487],"unit":"metric","result":{"status":"ok","temperature":11.38,"skycon":"PARTLY_CLOUDY_NIGHT","cloudrate":0.29,"aqi":10,"humidity":0.49,"pres":100942.58,"pm25":10,"precipitation":{"local":{"status":"ok","intensity":0.0,"datasource":"gfs"}},"wind":{"direction":274.05,"speed":10.36}}}
