{"status":"ok","lang":"zh_CN","server_time":1521995184,"tzshift":28800,"location":[51.680976,-0.246518],"unit":"metric","result":{"status":"ok","temperature":10.96,"skycon":"RAIN","cloudrate":0.96,"aqi":10.0,"humidity":0.62,"pres":100386.49,"pm25":10.0,"precipitation":{"nearest":{"status":"ok","distance":164.97,"intensity":0.25},"local":{"status":"ok","intensity":0.0409,"datasource":"gfs"}},"wind":{"direction":2.63,"speed":10.39}}}
{"status":"ok","lang":"zh_CN","server_time":1521996384,"tzshift":28800,"location":[51.680976,-0.246518],"unit":"metric","result":{"status":"ok","temperature":10.96,"skycon":"RAIN","cloudrate":0.96,"aqi":10.0,"humidity":0.62,"pres":100386.49,"pm25":10.0,"precipitation":{"nearest":{"status":"ok","distance":251.21,"intensity":0.1875},"local":{"status":"ok","intensity":0.0409,"datasource":"gfs"}},"wind":{"direction":2.63,"speed":10.39}}}
{"status":"ok","lang":"zh_CN","server_time":1521998785,"tzshift":28800,"location":[51.680976,-0.246518],"unit":"metric","result":{"status":"ok","temperature":10.16,"skycon":"RAIN","cloudrate":0.94,"aqi":10,"humidity":0.65,"pres":100417.27,"pm25":10,"precipitation":{"nearest":{"status":"ok","distance":181.34,"intensity":0.1875},"local":{"status":"ok","intensity":0.0535,"datasource":"gfs"}},"wind":{"direction":358.12,"speed":9.47}}}
{"status":"ok","lang":"zh_CN","server_time":1521999987,"tzshift":28800,"location":[51.680976,-0.246518],"unit":"metric","result":{"status":"ok","temperature":10.16,"skycon":"RAIN","cloudrate":0.94,"aqi":10.0,"humidity":0.65,"pres":100417.27,"pm25":10.0,"precipitation":{"nearest":{"status":"ok","distance":437.25,"intensity":0.1875},"local":{"status":"ok","intensity":0.0535,"datasource":"gfs"}},"wind":{"direction":358.12,"speed":9.47}}}
{"status":"ok","lang":"zh_CN","server_time":1522002391,"tzshift":28800,"location":[51.680976,-0.246518],"unit":"metric","result":{"status":"ok","temperature":9.23,"skycon":"RAIN","cloudrate":0.93,"aqi":10.0,"humidity":0.69,"pres":100458.02,"pm25":10.0,"precipitation":{"nearest":{"status":"ok","distance":15.03,"intensity":0.1875},"local":{"status":"ok","intensity":0.0491,"datasource":"gfs"}},"wind":{"direction":351.44,"speed":8.58}}}
{"status":"ok","lang":"zh_CN","server_time":1522003579,"tzshift":28800,"location":[51.680976,-0.246518],"unit":"metric","result":{"status":"ok","temperature":9.23,"skycon":"RAIN","cloudrate":0.93,"aqi":10.0,"humidity":0.69,"pres":100458.02,"pm25":10.0,"precipitation":{"nearest":{"status":"ok","distance":58.47,"intensity":0.1875},"local":{"status":"ok","intensity":0.0491,"datasource":"gfs"}},"wind":{"direction":351.44,"speed":8.58}}}
{"status":"ok","lang":"zh_CN","server_time":1522005980,"tzshift":28800,"location":[51.680976,-0.246518],"unit":"metric","result":{"status":"ok","temperature":8.29,"skycon":"CLOUDY","cloudrate":0.96,"aqi":10.0,"humidity":0.71,"pres":100511.35,"pm25":10.0,"precipitation":{"nearest":{"status":"ok","distance":124.89,"intensity":0.1875},"local":{"status":"ok","intensity":0.0195,"datasource":"gfs"}},"wind":{"direction":341.7,"speed":8.03}}}
{"status":"ok","lang":"zh_CN","server_time":1522007179,"tzshift":28800,"location":[51.680976,-0.246518],"unit":"metric","result":{"status":"ok","temperature":8.29,"skycon":"CLOUDY","cloudrate":0.96,"aqi":10.0,"humidity":0.71,"pres":100511.35,"pm25":10.0,"precipitation":{"nearest":{"status":"ok","distance":10000.0,"intensity":0.0},"local":{"status":"ok","intensity":0.0195,"datasource":"gfs"}},"wind":{"direction":341.7,"speed":8.03}}}
{"status":"ok","lang":"zh_CN","server_time":1522009579,"tzshift":28800,"location":[51.680976,-0.246518],"unit":"metric","result":{"status":"ok","temperature":7.41,"skycon":"CLOUDY","cloudrate":0.99,"aqi":10.0,"humidity":0.72,"pres":100571.53,"pm25":10.0,"precipitation":{"nearest":{"status":"ok","distance":10000.0,"intensity":0.0},"local":{"status":"ok","intensity":0.0,"datasource":"gfs"}},"wind":{"direction":332.52,"speed":8.0}}}
{"status":"ok","lang":"zh_CN","server_time":1522010779,"tzshift":28800,"location":[51.680976,-0.246518],"unit":"metric","result":{"status":"ok","temperature":7.41,"skycon":"CLOUDY","cloudrate":0.99,"aqi":10,"humidity":0.72,"pres":100571.53,"pm25":10,"precipitation":{"nearest":{"status":"ok","distance":8.81,"intensity":0.1875},"local":{"status":"ok","intensity":0.0,"datasource":"gfs"}},"wind":{"direction":332.52,"speed":8.0}}}
{"status":"ok","lang":"zh_CN","server_time":1522013203,"tzshift":28800,"location":[51.680976,-0.246518],"unit":"metric","result":{"status":"ok","temperature":6.66,"skycon":"CLOUDY","cloudrate":0.97,"aqi":10.0,"humidity":0.73,"pres":100630.77,"pm25":10.0,"precipitation":{"nearest":{"status":"ok","distance":10000.0,"intensity":0.0},"local":{"status":"ok","intensity":0.0,"datasource":"gfs"}},"wind":{"direction":328.82,"speed":8.36}}}
{"status":"ok","lang":"zh_CN","server_time":1522014382,"tzshift":28800,"location":[51.680976,-0.246518],"unit":"metric","result":{"status":"ok","temperature":7.17,"skycon":"CLOUDY","cloudrate":1.0,"aqi":10.0,"humidity":0.73,"pres":100644.32,"pm25":10.0,"precipitation":{"nearest":{"status":"ok","distance":10000.0,"intensity":0.0},"local":{"status":"ok","intensity":0.0,"datasource":"gfs"}},"wind":{"direction":311.53,"speed":6.79}}}
{"status":"failed", "error":"'API quota is exhausted'"}
{"status":"failed", "error":"'API quota is exhausted'"}
{"status":"ok","lang":"zh_CN","server_time":1522020381,"tzshift":28800,"location":[51.680976,-0.246518],"unit":"metric","result":{"status":"ok","temperature":5.96,"skycon":"PARTLY_CLOUDY_DAY","cloudrate":0.75,"aqi":10.0,"humidity":0.75,"pres":100721.04,"pm25":10.0,"precipitation":{"nearest":{"status":"ok","distance":7.9,"intensity":0.1875},"local":{"status":"ok","intensity":0.0,"datasource":"gfs"}},"wind":{"direction":329.27,"speed":7.98}}}
{"status":"failed", "error":"'API quota is exhausted'"}
{"status":"failed", "error":"'API quota is exhausted'"}
{"status":"failed", "error":"'API quota is exhausted'"}
{"status":"failed", "error":"'API quota is exhausted'"}
{"status":"failed", "error":"'API quota is exhausted'"}
{"status":"failed", "error":"'API quota is exhausted'"}
{"status":"failed", "error":"'API quota is exhausted'"}
{"status":"failed", "error":"'API quota is exhausted'"}
{"status":"failed", "error":"'API quota is exhausted'"}
{"status":"failed", "error":"'API quota is exhausted'"}
{"status":"failed", "error":"'API quota is exhausted'"}
{"status":"failed", "error":"'API quota is exhausted'"}
{"status":"failed", "error":"'API quota is exhausted'"}
{"status":"failed", "error":"'API quota is exhausted'"}
{"status":"failed", "error":"'API quota is exhausted'"}
{"status":"failed", "error":"'API quota is exhausted'"}
{"status":"failed", "error":"'API quota is exhausted'"}
{"status":"failed", "error":"'API quota is exhausted'"}
{"status":"failed", "error":"'API quota is exhausted'"}
{"status":"failed", "error":"'API quota is exhausted'"}
{"status":"failed", "error":"'API quota is exhausted'"}
{"status":"failed", "error":"'API quota is exhausted'"}
{"status":"failed", "error":"'API quota is exhausted'"}
{"status":"failed", "error":"'API quota is exhausted'"}
{"status":"failed", "error":"'API quota is exhausted'"}
{"status":"failed", "error":"'API quota is exhausted'"}
{"status":"ok","lang":"zh_CN","server_time":1522068385,"tzshift":28800,"location":[51.680976,-0.246518],"unit":"metric","result":{"status":"ok","temperature":10.7,"skycon":"CLEAR_NIGHT","cloudrate":0.0,"aqi":10.0,"humidity":0.49,"pres":100967.23,"pm25":10.0,"precipitation":{"nearest":{"status":"ok","distance":986.88,"intensity":0.1875},"local":{"status":"ok","intensity":0.0,"datasource":"gfs"}},"wind":{"direction":274.33,"speed":9.72}}}
{"status":"ok","lang":"zh_CN","server_time":1522068385,"tzshift":28800,"location":[51.680976,-0.246518],"unit":"metric","result":{"status":"ok","temperature":10.7,"skycon":"CLEAR_NIGHT","cloudrate":0.0,"aqi":10.0,"humidity":0.49,"pres":100967.23,"pm25":10.0,"precipitation":{"nearest":{"status":"ok","distance":986.88,"intensity":0.1875},"local":{"status":"ok","intensity":0.0,"datasource":"gfs"}},"wind":{"direction":274.33,"speed":9.72}}}
{"status":"ok","lang":"zh_CN","server_time":1522070791,"tzshift":28800,"location":[51.680976,-0.246518],"unit":"metric","result":{"status":"ok","temperature":11.33,"skycon":"CLEAR_NIGHT","cloudrate":0.05,"aqi":10.0,"humidity":0.47,"pres":100942.0,"pm25":10.0,"precipitation":{"nearest":{"status":"ok","distance":252.31,"intensity":0.1875},"local":{"status":"ok","intensity":0.0,"datasource":"gfs"}},"wind":{"direction":268.65,"speed":11.14}}}
{"status":"ok","lang":"zh_CN","server_time":1522074393,"tzshift":28800,"location":[51.680976,-0.246518],"unit":"metric","result":{"status":"ok","temperature":11.67,"skycon":"CLEAR_NIGHT","cloudrate":0.11,"aqi":10.0,"humidity":0.47,"pres":100905.38,"pm25":10.0,"precipitation":{"local":{"status":"ok","intensity":0.0,"datasource":"gfs"}},"wind":{"direction":265.34,"speed":12.14}}}
{"status":"ok","lang":"zh_CN","server_time":1522077987,"tzshift":28800,"location":[51.680976,-0.246518],"unit":"metric","result":{"status":"ok","temperature":11.59,"skycon":"CLEAR_NIGHT","cloudrate":0.18,"aqi":10.0,"humidity":0.48,"pres":100863.27,"pm25":10.0,"precipitation":{"local":{"status":"ok","intensity":0.0,"datasource":"gfs"}},"wind":{"direction":262.8,"speed":12.19}}}
