{"status":"ok","lang":"zh_CN","server_time":1521995182,"tzshift":28800,"location":[51.680976,-0.546521],"unit":"metric","result":{"status":"ok","temperature":10.52,"skycon":"RAIN","cloudrate":0.99,"aqi":10.0,"humidity":0.66,"pres":100020.78,"pm25":10.0,"precipitation":{"nearest":{"status":"ok","distance":224.09,"intensity":0.1875},"local":{"status":"ok","intensity":0.0797,"datasource":"gfs"}},"wind":{"direction":354.13,"speed":10.83}}}
{"status":"ok","lang":"zh_CN","server_time":1521996383,"tzshift":28800,"location":[51.680976,-0.546521],"unit":"metric","result":{"status":"ok","temperature":10.52,"skycon":"RAIN","cloudrate":0.99,"aqi":10,"humidity":0.66,"pres":100020.78,"pm25":10,"precipitation":{"nearest":{"status":"ok","distance":10000.0,"intensity":0.0},"local":{"status":"ok","intensity":0.0797,"datasource":"gfs"}},"wind":{"direction":354.13,"speed":10.83}}}
{"status":"ok","lang":"zh_CN","server_time":1521998784,"tzshift":28800,"location":[51.680976,-0.546521],"unit":"metric","result":{"status":"ok","temperature":9.66,"skycon":"RAIN","cloudrate":0.98,"aqi":10.0,"humidity":0.7,"pres":100049.96,"pm25":10.0,"precipitation":{"nearest":{"status":"ok","distance":179.09,"intensity":0.1875},"local":{"status":"ok","intensity":0.0805,"datasource":"gfs"}},"wind":{"direction":350.43,"speed":9.51}}}
{"status":"ok","lang":"zh_CN","server_time":1521999986,"tzshift":28800,"location":[51.680976,-0.546521],"unit":"metric","result":{"status":"ok","temperature":9.66,"skycon":"RAIN","cloudrate":0.98,"aqi":10.0,"humidity":0.7,"pres":100049.96,"pm25":10.0,"precipitation":{"nearest":{"status":"ok","distance":357.45,"intensity":0.1875},"local":{"status":"ok","intensity":0.0805,"datasource":"gfs"}},"wind":{"direction":350.43,"speed":9.51}}}
{"status":"ok","lang":"zh_CN","server_time":1522002389,"tzshift":28800,"location":[51.680976,-0.546521],"unit":"metric","result":{"status":"ok","temperature":8.62,"skycon":"RAIN","cloudrate":0.94,"aqi":10.0,"humidity":0.73,"pres":100090.13,"pm25":10.0,"precipitation":{"nearest":{"status":"ok","distance":159.51,"intensity":0.1875},"local":{"status":"ok","intensity":0.0671,"datasource":"gfs"}},"wind":{"direction":344.64,"speed":8.43}}}
{"status":"ok","lang":"zh_CN","server_time":1522003578,"tzshift":28800,"location":[51.680976,-0.546521],"unit":"metric","result":{"status":"ok","temperature":8.62,"skycon":"RAIN","cloudrate":0.94,"aqi":10.0,"humidity":0.73,"pres":100090.13,"pm25":10.0,"precipitation":{"nearest":{"status":"ok","distance":320.38,"intensity":0.1875},"local":{"status":"ok","intensity":0.0671,"datasource":"gfs"}},"wind":{"direction":344.64,"speed":8.43}}}
{"status":"ok","lang":"zh_CN","server_time":1522005979,"tzshift":28800,"location":[51.680976,-0.546521],"unit":"metric","result":{"status":"ok","temperature":7.47,"skycon":"RAIN","cloudrate":0.89,"aqi":10,"humidity":0.75,"pres":100144.74,"pm25":10,"precipitation":{"nearest":{"status":"ok","distance":235.61,"intensity":0.1875},"local":{"status":"ok","intensity":0.0322,"datasource":"gfs"}},"wind":{"direction":335.95,"speed":8.14}}}
{"status":"ok","lang":"zh_CN","server_time":1522007177,"tzshift":28800,"location":[51.680976,-0.546521],"unit":"metric","result":{"status":"ok","temperature":7.47,"skycon":"RAIN","cloudrate":0.89,"aqi":10.0,"humidity":0.75,"pres":100144.74,"pm25":10.0,"precipitation":{"nearest":{"status":"ok","distance":194.46,"intensity":0.1875},"local":{"status":"ok","intensity":0.0322,"datasource":"gfs"}},"wind":{"direction":335.95,"speed":8.14}}}
{"status":"ok","lang":"zh_CN","server_time":1522009577,"tzshift":28800,"location":[51.680976,-0.546521],"unit":"metric","result":{"status":"ok","temperature":6.38,"skycon":"CLOUDY","cloudrate":0.82,"aqi":10.0,"humidity":0.77,"pres":100206.98,"pm25":10.0,"precipitation":{"nearest":{"status":"ok","distance":10000.0,"intensity":0.0},"local":{"status":"ok","intensity":0.0,"datasource":"gfs"}},"wind":{"direction":328.73,"speed":8.49}}}
{"status":"ok","lang":"zh_CN","server_time":1522010777,"tzshift":28800,"location":[51.680976,-0.546521],"unit":"metric","result":{"status":"ok","temperature":6.38,"skycon":"CLOUDY","cloudrate":0.82,"aqi":10.0,"humidity":0.77,"pres":100206.98,"pm25":10.0,"precipitation":{"nearest":{"status":"ok","distance":10000.0,"intensity":0.0},"local":{"status":"ok","intensity":0.0,"datasource":"gfs"}},"wind":{"direction":328.73,"speed":8.49}}}
{"status":"failed", "error":"'API quota is exhausted'"}
{"status":"ok","lang":"zh_CN","server_time":1522014380,"tzshift":28800,"location":[51.680976,-0.546521],"unit":"metric","result":{"status":"ok","temperature":5.94,"skycon":"CLOUDY","cloudrate":0.99,"aqi":10.0,"humidity":0.77,"pres":100278.38,"pm25":10.0,"precipitation":{"nearest":{"status":"ok","distance":10000.0,"intensity":0.0},"local":{"status":"ok","intensity":0.0,"datasource":"gfs"}},"wind":{"direction":306.45,"speed":7.59}}}
{"status":"ok","lang":"zh_CN","server_time":1522016780,"tzshift":28800,"location":[51.680976,-0.546521],"unit":"metric","result":{"status":"ok","temperature":5.53,"skycon":"CLOUDY","cloudrate":0.91,"aqi":10,"humidity":0.78,"pres":100323.25,"pm25":10,"precipitation":{"nearest":{"status":"ok","distance":10000.0,"intensity":0.0},"local":{"status":"ok","intensity":0.0,"datasource":"gfs"}},"wind":{"direction":313.83,"speed":7.49}}}
{"status":"ok","lang":"zh_CN","server_time":1522017980,"tzshift":28800,"location":[51.680976,-0.546521],"unit":"metric","result":{"status":"ok","temperature":5.53,"skycon":"CLOUDY","cloudrate":0.91,"aqi":10.0,"humidity":0.78,"pres":100323.25,"pm25":10.0,"precipitation":{"nearest":{"status":"ok","distance":10000.0,"intensity":0.0},"local":{"status":"ok","intensity":0.0,"datasource":"gfs"}},"wind":{"direction":313.83,"speed":7.49}}}
{"status":"failed", "error":"'API quota is exhausted'"}
{"status":"failed", "error":"'API quota is exhausted'"}
{"status":"failed", "error":"'API quota is exhausted'"}
{"status":"failed", "error":"'API quota is exhausted'"}
{"status":"failed", "error":"'API quota is exhausted'"}
{"status":"ok","lang":"zh_CN","server_time":1522028783,"tzshift":28800,"location":[51.680976,-0.546521],"unit":"metric","result":{"status":"ok","temperature":4.58,"skycon":"PARTLY_CLOUDY_DAY","cloudrate":0.6,"aqi":10.0,"humidity":0.79,"pres":100388.16,"pm25":10.0,"precipitation":{"nearest":{"status":"ok","distance":163.02,"intensity":0.1875},"local":{"status":"ok","intensity":0.0,"datasource":"gfs"}},"wind":{"direction":339.51,"speed":8.48}}}
{"status":"failed", "error":"'API quota is exhausted'"}
{"status":"failed", "error":"'API quota is exhausted'"}
{"status":"failed", "error":"'API quota is exhausted'"}
{"status":"failed", "error":"'API quota is exhausted'"}
{"status":"failed", "error":"'API quota is exhausted'"}
{"status":"failed", "error":"'API quota is exhausted'"}
{"status":"failed", "error":"'API quota is exhausted'"}
{"status":"failed", "error":"'API quota is exhausted'"}
{"status":"failed", "error":"'API quota is exhausted'"}
{"status":"failed", "error":"'API quota is exhausted'"}
{"status":"failed", "error":"'API quota is exhausted'"}
{"status":"failed", "error":"'API quota is exhausted'"}
{"status":"failed", "error":"'API quota is exhausted'"}
{"status":"failed", "error":"'API quota is exhausted'"}
{"status":"failed", "error":"'API quota is exhausted'"}
{"status":"failed", "error":"'API quota is exhausted'"}
{"status":"ok","lang":"zh_CN","server_time":1522059982,"tzshift":28800,"location":[51.680976,-0.546521],"unit":"metric","result":{"status":"ok","temperature":8.38,"skycon":"CLEAR_DAY","cloudrate":0.0,"aqi":10.0,"humidity":0.64,"pres":100599.55,"pm25":10.0,"precipitation":{"nearest":{"status":"ok","distance":178.15,"intensity":0.1875},"local":{"status":"ok","intensity":0.0,"datasource":"gfs"}},"wind":{"direction":287.3,"speed":7.55}}}
{"status":"failed", "error":"'API quota is exhausted'"}
{"status":"failed", "error":"'API quota is exhausted'"}
{"status":"failed", "error":"'API quota is exhausted'"}
{"status":"failed", "error":"'API quota is exhausted'"}
{"status":"ok","lang":"zh_CN","server_time":1522068383,"tzshift":28800,"location":[51.680976,-0.546521],"unit":"metric","result":{"status":"ok","temperature":10.36,"skycon":"CLEAR_NIGHT","cloudrate":0.01,"aqi":10.0,"humidity":0.53,"pres":100592.78,"pm25":10.0,"precipitation":{"nearest":{"status":"ok","distance":10000.0,"intensity":0.0},"local":{"status":"ok","intensity":0.0,"datasource":"gfs"}},"wind":{"direction":267.57,"speed":10.19}}}
{"status":"ok","lang":"zh_CN","server_time":1522068383,"tzshift":28800,"location":[51.680976,-0.546521],"unit":"metric","result":{"status":"ok","temperature":10.36,"skycon":"CLEAR_NIGHT","cloudrate":0.01,"aqi":10.0,"humidity":0.53,"pres":100592.78,"pm25":10.0,"precipitation":{"nearest":{"status":"ok","distance":10000.0,"intensity":0.0},"local":{"status":"ok","intensity":0.0,"datasource":"gfs"}},"wind":{"direction":267.57,"speed":10.19}}}
{"status":"ok","lang":"zh_CN","server_time":1522070790,"tzshift":28800,"location":[51.680976,-0.546521],"unit":"metric","result":{"status":"ok","temperature":10.96,"skycon":"CLEAR_NIGHT","cloudrate":0.12,"aqi":10.0,"humidity":0.51,"pres":100568.57,"pm25":10.0,"precipitation":{"local":{"status":"ok","intensity":0.0,"datasource":"gfs"}},"wind":{"direction":263.21,"speed":11.8}}}
{"status":"ok","lang":"zh_CN","server_time":1522074391,"tzshift":28800,"location":[51.680976,-0.546521],"unit":"metric","result":{"status":"ok","temperature":11.22,"skycon":"PARTLY_CLOUDY_NIGHT","cloudrate":0.25,"aqi":10.0,"humidity":0.51,"pres":100533.19,"pm25":10.0,"precipitation":{"nearest":{"status":"ok","distance":241.16,"intensity":0.25},"local":{"status":"ok","intensity":0.0,"datasource":"gfs"}},"wind":{"direction":260.59,"speed":12.86}}}
{"status":"ok","lang":"zh_CN","server_time":1522077986,"tzshift":28800,"location":[51.680976,-0.546521],"unit":"metric","result":{"status":"ok","temperature":11.04,"skycon":"PARTLY_CLOUDY_NIGHT","cloudrate":0.37,"aqi":10.0,"humidity":0.54,"pres":100491.16,"pm25":10.0,"precipitation":{"nearest":{"status":"ok","distance":10000.0,"intensity":0.0},"local":{"status":"ok","intensity":0.0,"datasource":"gfs"}},"wind":{"direction":257.98,"speed":12.77}}}
