{"status":"ok","lang":"zh_CN","server_time":1521995186,"tzshift":28800,"location":[51.680976,0.153486],"unit":"metric","result":{"status":"ok","temperature":10.62,"skycon":"CLOUDY","cloudrate":0.92,"aqi":10.0,"humidity":0.63,"pres":100480.96,"pm25":10.0,"precipitation":{"nearest":{"status":"ok","distance":10000.0,"intensity":0.0},"local":{"status":"ok","intensity":0.0,"datasource":"gfs"}},"wind":{"direction":9.98,"speed":9.47}}}
{"status":"ok","lang":"zh_CN","server_time":1521996386,"tzshift":28800,"location":[51.680976,0.153486],"unit":"metric","result":{"status":"ok","temperature":10.62,"skycon":"CLOUDY","cloudrate":0.92,"aqi":10,"humidity":0.63,"pres":100480.96,"pm25":10,"precipitation":{"nearest":{"status":"ok","distance":10000.0,"intensity":0.0},"local":{"status":"ok","intensity":0.0,"datasource":"gfs"}},"wind":{"direction":9.98,"speed":9.47}}}
{"status":"ok","lang":"zh_CN","server_time":1521998787,"tzshift":28800,"location":[51.680976,0.153486],"unit":"metric","result":{"status":"ok","temperature":9.88,"skycon":"CLOUDY","cloudrate":0.92,"aqi":10,"humidity":0.67,"pres":100509.7,"pm25":10,"precipitation":{"nearest":{"status":"ok","distance":68.72,"intensity":0.1875},"local":{"status":"ok","intensity":0.0194,"datasource":"gfs"}},"wind":{"direction":5.12,"speed":8.4}}}
{"status":"ok","lang":"zh_CN","server_time":1521999990,"tzshift":28800,"location":[51.680976,0.153486],"unit":"metric","result":{"status":"ok","temperature":9.88,"skycon":"CLOUDY","cloudrate":0.92,"aqi":10.0,"humidity":0.67,"pres":100509.7,"pm25":10.0,"precipitation":{"nearest":{"status":"ok","distance":149.54,"intensity":0.1875},"local":{"status":"ok","intensity":0.0194,"datasource":"gfs"}},"wind":{"direction":5.12,"speed":8.4}}}
{"status":"ok","lang":"zh_CN","server_time":1522002392,"tzshift":28800,"location":[51.680976,0.153486],"unit":"metric","result":{"status":"ok","temperature":9.05,"skycon":"CLOUDY","cloudrate":0.94,"aqi":10.0,"humidity":0.71,"pres":100548.94,"pm25":10.0,"precipitation":{"nearest":{"status":"ok","distance":10000.0,"intensity":0.0},"local":{"status":"ok","intensity":0.0259,"datasource":"gfs"}},"wind":{"direction":0.83,"speed":7.09}}}
{"status":"ok","lang":"zh_CN","server_time":1522003581,"tzshift":28800,"location":[51.680976,0.153486],"unit":"metric","result":{"status":"ok","temperature":9.05,"skycon":"CLOUDY","cloudrate":0.94,"aqi":10.0,"humidity":0.71,"pres":100548.94,"pm25":10.0,"precipitation":{"nearest":{"status":"ok","distance":10000.0,"intensity":0.0},"local":{"status":"ok","intensity":0.0259,"datasource":"gfs"}},"wind":{"direction":0.83,"speed":7.09}}}
{"status":"ok","lang":"zh_CN","server_time":1522005982,"tzshift":28800,"location":[51.680976,0.153486],"unit":"metric","result":{"status":"ok","temperature":8.24,"skycon":"CLOUDY","cloudrate":0.98,"aqi":10.0,"humidity":0.73,"pres":100601.43,"pm25":10.0,"precipitation":{"nearest":{"status":"ok","distance":10000.0,"intensity":0.0},"local":{"status":"ok","intensity":0.0146,"datasource":"gfs"}},"wind":{"direction":358.57,"speed":5.54}}}
{"status":"ok","lang":"zh_CN","server_time":1522007180,"tzshift":28800,"location":[51.680976,0.153486],"unit":"metric","result":{"status":"ok","temperature":8.24,"skycon":"CLOUDY","cloudrate":0.98,"aqi":10.0,"humidity":0.73,"pres":100601.43,"pm25":10.0,"precipitation":{"nearest":{"status":"ok","distance":182.77,"intensity":0.1875},"local":{"status":"ok","intensity":0.0146,"datasource":"gfs"}},"wind":{"direction":358.57,"speed":5.54}}}
{"status":"ok","lang":"zh_CN","server_time":1522009580,"tzshift":28800,"location":[51.680976,0.153486],"unit":"metric","result":{"status":"ok","temperature":7.46,"skycon":"CLOUDY","cloudrate":1.0,"aqi":10.0,"humidity":0.75,"pres":100661.1,"pm25":10.0,"precipitation":{"nearest":{"status":"ok","distance":10000.0,"intensity":0.0},"local":{"status":"ok","intensity":0.0,"datasource":"gfs"}},"wind":{"direction":356.07,"speed":4.26}}}
{"status":"ok","lang":"zh_CN","server_time":1522010780,"tzshift":28800,"location":[51.680976,0.153486],"unit":"metric","result":{"status":"ok","temperature":7.46,"skycon":"CLOUDY","cloudrate":1.0,"aqi":10,"humidity":0.75,"pres":100661.1,"pm25":10,"precipitation":{"nearest":{"status":"ok","distance":10000.0,"intensity":0.0},"local":{"status":"ok","intensity":0.0,"datasource":"gfs"}},"wind":{"direction":356.07,"speed":4.26}}}
{"status":"ok","lang":"zh_CN","server_time":1522013205,"tzshift":28800,"location":[51.680976,0.153486],"unit":"metric","result":{"status":"ok","temperature":6.69,"skycon":"CLOUDY","cloudrate":0.99,"aqi":10.0,"humidity":0.76,"pres":100719.67,"pm25":10.0,"precipitation":{"nearest":{"status":"ok","distance":10000.0,"intensity":0.0},"local":{"status":"ok","intensity":0.0,"datasource":"gfs"}},"wind":{"direction":348.28,"speed":3.95}}}
{"status":"ok","lang":"zh_CN","server_time":1522014383,"tzshift":28800,"location":[51.680976,0.153486],"unit":"metric","result":{"status":"ok","temperature":7.22,"skycon":"CLOUDY","cloudrate":1.0,"aqi":10.0,"humidity":0.76,"pres":100736.38,"pm25":10.0,"precipitation":{"nearest":{"status":"ok","distance":10000.0,"intensity":0.0},"local":{"status":"ok","intensity":0.0294,"datasource":"gfs"}},"wind":{"direction":336.53,"speed":2.43}}}
{"status":"failed", "error":"'API quota is exhausted'"}
{"status":"failed", "error":"'API quota is exhausted'"}
{"status":"failed", "error":"'API quota is exhausted'"}
{"status":"ok","lang":"zh_CN","server_time":1522021584,"tzshift":28800,"location":[51.680976,0.153486],"unit":"metric","result":{"status":"ok","temperature":5.73,"skycon":"CLOUDY","cloudrate":0.89,"aqi":10.0,"humidity":0.78,"pres":100809.4,"pm25":10.0,"precipitation":{"nearest":{"status":"ok","distance":174.03,"intensity":0.1875},"local":{"status":"ok","intensity":0.0183,"datasource":"gfs"}},"wind":{"direction":323.02,"speed":6.21}}}
{"status":"failed", "error":"'API quota is exhausted'"}
{"status":"failed", "error":"'API quota is exhausted'"}
{"status":"failed", "error":"'API quota is exhausted'"}
{"status":"failed", "error":"'API quota is exhausted'"}
{"status":"failed", "error":"'API quota is exhausted'"}
{"status":"failed", "error":"'API quota is exhausted'"}
{"status":"failed", "error":"'API quota is exhausted'"}
{"status":"failed", "error":"'API quota is exhausted'"}
{"status":"ok","lang":"zh_CN","server_time":1522038384,"tzshift":28800,"location":[51.680976,0.153486],"unit":"metric","result":{"status":"ok","temperature":4.37,"skycon":"PARTLY_CLOUDY_DAY","cloudrate":0.67,"aqi":10,"humidity":0.8,"pres":100926.17,"pm25":10,"precipitation":{"nearest":{"status":"ok","distance":10000.0,"intensity":0.0},"local":{"status":"ok","intensity":0.0,"datasource":"gfs"}},"wind":{"direction":331.0,"speed":9.43}}}
{"status":"ok","lang":"zh_CN","server_time":1522039587,"tzshift":28800,"location":[51.680976,0.153486],"unit":"metric","result":{"status":"ok","temperature":4.37,"skycon":"PARTLY_CLOUDY_DAY","cloudrate":0.67,"aqi":10.0,"humidity":0.8,"pres":100926.17,"pm25":10.0,"precipitation":{"nearest":{"status":"ok","distance":61.92,"intensity":0.1875},"local":{"status":"ok","intensity":0.0,"datasource":"gfs"}},"wind":{"direction":331.0,"speed":9.43}}}
{"status":"failed", "error":"'API quota is exhausted'"}
{"status":"failed", "error":"'API quota is exhausted'"}
{"status":"failed", "error":"'API quota is exhausted'"}
{"status":"failed", "error":"'API quota is exhausted'"}
{"status":"failed", "error":"'API quota is exhausted'"}
{"status":"failed", "error":"'API quota is exhausted'"}
{"status":"failed", "error":"'API quota is exhausted'"}
{"status":"failed", "error":"'API quota is exhausted'"}
{"status":"failed", "error":"'API quota is exhausted'"}
{"status":"failed", "error":"'API quota is exhausted'"}
{"status":"failed", "error":"'API quota is exhausted'"}
{"status":"failed", "error":"'API quota is exhausted'"}
{"status":"failed", "error":"'API quota is exhausted'"}
{"status":"failed", "error":"'API quota is exhausted'"}
{"status":"failed", "error":"'API quota is exhausted'"}
{"status":"ok","lang":"zh_CN","server_time":1522068386,"tzshift":28800,"location":[51.680976,0.153486],"unit":"metric","result":{"status":"ok","temperature":10.81,"skycon":"CLEAR_NIGHT","cloudrate":0.0,"aqi":10.0,"humidity":0.49,"pres":101063.32,"pm25":10.0,"precipitation":{"nearest":{"status":"ok","distance":10000.0,"intensity":0.0},"local":{"status":"ok","intensity":0.0,"datasource":"gfs"}},"wind":{"direction":285.91,"speed":9.72}}}
{"status":"ok","lang":"zh_CN","server_time":1522068386,"tzshift":28800,"location":[51.680976,0.153486],"unit":"metric","result":{"status":"ok","temperature":10.81,"skycon":"CLEAR_NIGHT","cloudrate":0.0,"aqi":10.0,"humidity":0.49,"pres":101063.32,"pm25":10.0,"precipitation":{"nearest":{"status":"ok","distance":10000.0,"intensity":0.0},"local":{"status":"ok","intensity":0.0,"datasource":"gfs"}},"wind":{"direction":285.91,"speed":9.72}}}
{"status":"ok","lang":"zh_CN","server_time":1522070793,"tzshift":28800,"location":[51.680976,0.153486],"unit":"metric","result":{"status":"ok","temperature":11.34,"skycon":"CLEAR_NIGHT","cloudrate":0.08,"aqi":10.0,"humidity":0.47,"pres":101040.99,"pm25":10.0,"precipitation":{"local":{"status":"ok","intensity":0.0,"datasource":"gfs"}},"wind":{"direction":279.35,"speed":10.52}}}
{"status":"ok","lang":"zh_CN","server_time":1522074395,"tzshift":28800,"location":[51.680976,0.153486],"unit":"metric","result":{"status":"ok","temperature":11.59,"skycon":"CLEAR_NIGHT","cloudrate":0.17,"aqi":10.0,"humidity":0.47,"pres":101007.44,"pm25":10.0,"precipitation":{"local":{"status":"ok","intensity":0.0,"datasource":"gfs"}},"wind":{"direction":274.78,"speed":11.0}}}
{"status":"ok","lang":"zh_CN","server_time":1522077989,"tzshift":28800,"location":[51.680976,0.153486],"unit":"metric","result":{"status":"ok","temperature":11.5,"skycon":"PARTLY_CLOUDY_NIGHT","cloudrate":0.26,"aqi":10.0,"humidity":0.48,"pres":100967.86,"pm25":10.0,"precipitation":{"nearest":{"status":"ok","distance":1007.79,"intensity":0.1875},"local":{"status":"ok","intensity":0.0,"datasource":"gfs"}},"wind":{"direction":271.57,"speed":10.72}}}
