{"status":"ok","lang":"zh_CN","server_time":1521995191,"tzshift":28800,"location":[51.330976,-0.546521],"unit":"metric","result":{"status":"ok","temperature":11.19,"skycon":"CLOUDY","cloudrate":0.81,"aqi":10.0,"humidity":0.62,"pres":100371.83,"pm25":10.0,"precipitation":{"nearest":{"status":"ok","distance":159.08,"intensity":0.1875},"local":{"status":"ok","intensity":0.0,"datasource":"gfs"}},"wind":{"direction":3.08,"speed":10.86}}}
{"status":"ok","lang":"zh_CN","server_time":1521996391,"tzshift":28800,"location":[51.330976,-0.546521],"unit":"metric","result":{"status":"ok","temperature":11.19,"skycon":"CLOUDY","cloudrate":0.81,"aqi":10.0,"humidity":0.62,"pres":100371.83,"pm25":10.0,"precipitation":{"nearest":{"status":"ok","distance":10000.0,"intensity":0.0},"local":{"status":"ok","intensity":0.0,"datasource":"gfs"}},"wind":{"direction":3.08,"speed":10.86}}}
{"status":"ok","lang":"zh_CN","server_time":1521998792,"tzshift":28800,"location":[51.330976,-0.546521],"unit":"metric","result":{"status":"ok","temperature":10.31,"skycon":"CLOUDY","cloudrate":0.83,"aqi":10.0,"humidity":0.67,"pres":100404.03,"pm25":10.0,"precipitation":{"nearest":{"status":"ok","distance":10000.0,"intensity":0.0},"local":{"status":"ok","intensity":0.0174,"datasource":"gfs"}},"wind":{"direction":358.58,"speed":10.19}}}
{"status":"ok","lang":"zh_CN","server_time":1521999996,"tzshift":28800,"location":[51.330976,-0.546521],"unit":"metric","result":{"status":"ok","temperature":10.31,"skycon":"CLOUDY","cloudrate":0.83,"aqi":10,"humidity":0.67,"pres":100404.03,"pm25":10,"precipitation":{"nearest":{"status":"ok","distance":167.71,"intensity":0.1875},"local":{"status":"ok","intensity":0.0174,"datasource":"gfs"}},"wind":{"direction":358.58,"speed":10.19}}}
{"status":"ok","lang":"zh_CN","server_time":1522002397,"tzshift":28800,"location":[51.330976,-0.546521],"unit":"metric","result":{"status":"ok","temperature":9.27,"skycon":"CLOUDY","cloudrate":0.86,"aqi":10.0,"humidity":0.72,"pres":100447.16,"pm25":10.0,"precipitation":{"nearest":{"status":"ok","distance":391.38,"intensity":0.1875},"local":{"status":"ok","intensity":0.0287,"datasource":"gfs"}},"wind":{"direction":352.53,"speed":9.31}}}
{"status":"ok","lang":"zh_CN","server_time":1522003586,"tzshift":28800,"location":[51.330976,-0.546521],"unit":"metric","result":{"status":"ok","temperature":9.27,"skycon":"CLOUDY","cloudrate":0.86,"aqi":10.0,"humidity":0.72,"pres":100447.16,"pm25":10.0,"precipitation":{"nearest":{"status":"ok","distance":10000.0,"intensity":0.0},"local":{"status":"ok","intensity":0.0287,"datasource":"gfs"}},"wind":{"direction":352.53,"speed":9.31}}}
{"status":"ok","lang":"zh_CN","server_time":1522005986,"tzshift":28800,"location":[51.330976,-0.546521],"unit":"metric","result":{"status":"ok","temperature":8.24,"skycon":"CLOUDY","cloudrate":0.89,"aqi":10.0,"humidity":0.75,"pres":100503.53,"pm25":10.0,"precipitation":{"nearest":{"status":"ok","distance":10000.0,"intensity":0.0},"local":{"status":"ok","intensity":0.0161,"datasource":"gfs"}},"wind":{"direction":344.09,"speed":8.37}}}
{"status":"ok","lang":"zh_CN","server_time":1522007185,"tzshift":28800,"location":[51.330976,-0.546521],"unit":"metric","result":{"status":"ok","temperature":8.24,"skycon":"CLOUDY","cloudrate":0.89,"aqi":10.0,"humidity":0.75,"pres":100503.53,"pm25":10.0,"precipitation":{"nearest":{"status":"ok","distance":10000.0,"intensity":0.0},"local":{"status":"ok","intensity":0.0161,"datasource":"gfs"}},"wind":{"direction":344.09,"speed":8.37}}}
{"status":"ok","lang":"zh_CN","server_time":1522009585,"tzshift":28800,"location":[51.330976,-0.546521],"unit":"metric","result":{"status":"ok","temperature":7.26,"skycon":"CLOUDY","cloudrate":0.9,"aqi":10.0,"humidity":0.76,"pres":100566.88,"pm25":10.0,"precipitation":{"nearest":{"status":"ok","distance":10000.0,"intensity":0.0},"local":{"status":"ok","intensity":0.0,"datasource":"gfs"}},"wind":{"direction":335.06,"speed":7.73}}}
{"status":"ok","lang":"zh_CN","server_time":1522010785,"tzshift":28800,"location":[51.330976,-0.546521],"unit":"metric","result":{"status":"ok","temperature":7.26,"skycon":"CLOUDY","cloudrate":0.9,"aqi":10.0,"humidity":0.76,"pres":100566.88,"pm25":10.0,"precipitation":{"nearest":{"status":"ok","distance":10000.0,"intensity":0.0},"local":{"status":"ok","intensity":0.0,"datasource":"gfs"}},"wind":{"direction":335.06,"speed":7.73}}}
{"status":"ok","lang":"zh_CN","server_time":1522013211,"tzshift":28800,"location":[51.330976,-0.546521],"unit":"metric","result":{"status":"ok","temperature":6.35,"skycon":"CLOUDY","cloudrate":0.87,"aqi":10.0,"humidity":0.77,"pres":100628.8,"pm25":10.0,"precipitation":{"nearest":{"status":"ok","distance":10000.0,"intensity":0.0},"local":{"status":"ok","intensity":0.0,"datasource":"gfs"}},"wind":{"direction":329.84,"speed":7.56}}}
{"status":"failed", "error":"'API quota is exhausted'"}
{"status":"ok","lang":"zh_CN","server_time":1522016788,"tzshift":28800,"location":[51.330976,-0.546521],"unit":"metric","result":{"status":"ok","temperature":6.22,"skycon":"RAIN","cloudrate":0.91,"aqi":10.0,"humidity":0.8,"pres":100690.02,"pm25":10.0,"precipitation":{"nearest":{"status":"ok","distance":12.54,"intensity":0.3125},"local":{"status":"ok","intensity":0.0337,"datasource":"gfs"}},"wind":{"direction":316.79,"speed":6.72}}}
{"status":"failed", "error":"'API quota is exhausted'"}
{"status":"ok","lang":"zh_CN","server_time":1522020388,"tzshift":28800,"location":[51.330976,-0.546521],"unit":"metric","result":{"status":"ok","temperature":5.35,"skycon":"PARTLY_CLOUDY_DAY","cloudrate":0.76,"aqi":10.0,"humidity":0.81,"pres":100720.5,"pm25":10.0,"precipitation":{"nearest":{"status":"ok","distance":280.37,"intensity":0.1875},"local":{"status":"ok","intensity":0.0236,"datasource":"gfs"}},"wind":{"direction":321.25,"speed":7.37}}}
{"status":"failed", "error":"'API quota is exhausted'"}
{"status":"ok","lang":"zh_CN","server_time":1522024168,"tzshift":28800,"location":[51.330976,-0.546521],"unit":"metric","result":{"status":"ok","temperature":4.65,"skycon":"PARTLY_CLOUDY_DAY","cloudrate":0.56,"aqi":10.0,"humidity":0.82,"pres":100740.32,"pm25":10.0,"precipitation":{"nearest":{"status":"ok","distance":156.28,"intensity":0.1875},"local":{"status":"ok","intensity":0.0039,"datasource":"gfs"}},"wind":{"direction":326.66,"speed":7.92}}}
{"status":"failed", "error":"'API quota is exhausted'"}
{"status":"failed", "error":"'API quota is exhausted'"}
{"status":"failed", "error":"'API quota is exhausted'"}
{"status":"failed", "error":"'API quota is exhausted'"}
{"status":"failed", "error":"'API quota is exhausted'"}
{"status":"failed", "error":"'API quota is exhausted'"}
{"status":"failed", "error":"'API quota is exhausted'"}
{"status":"failed", "error":"'API quota is exhausted'"}
{"status":"failed", "error":"'API quota is exhausted'"}
{"status":"failed", "error":"'API quota is exhausted'"}
{"status":"failed", "error":"'API quota is exhausted'"}
{"status":"failed", "error":"'API quota is exhausted'"}
{"status":"failed", "error":"'API quota is exhausted'"}
{"status":"failed", "error":"'API quota is exhausted'"}
{"status":"failed", "error":"'API quota is exhausted'"}
{"status":"failed", "error":"'API quota is exhausted'"}
{"status":"failed", "error":"'API quota is exhausted'"}
{"status":"failed", "error":"'API quota is exhausted'"}
{"status":"failed", "error":"'API quota is exhausted'"}
{"status":"failed", "error":"'API quota is exhausted'"}
{"status":"failed", "error":"'API quota is exhausted'"}
{"status":"failed", "error":"'API quota is exhausted'"}
{"status":"failed", "error":"'API quota is exhausted'"}
{"status":"failed", "error":"'API quota is exhausted'"}
{"status":"ok","lang":"zh_CN","server_time":1522068391,"tzshift":28800,"location":[51.330976,-0.546521],"unit":"metric","result":{"status":"ok","temperature":10.77,"skycon":"CLEAR_NIGHT","cloudrate":0.0,"aqi":10,"humidity":0.48,"pres":100980.46,"pm25":10,"precipitation":{"local":{"status":"ok","intensity":0.0,"datasource":"gfs"}},"wind":{"direction":283.71,"speed":8.42}}}
{"status":"ok","lang":"zh_CN","server_time":1522068391,"tzshift":28800,"location":[51.330976,-0.546521],"unit":"metric","result":{"status":"ok","temperature":10.77,"skycon":"CLEAR_NIGHT","cloudrate":0.0,"aqi":10,"humidity":0.48,"pres":100980.46,"pm25":10,"precipitation":{"local":{"status":"ok","intensity":0.0,"datasource":"gfs"}},"wind":{"direction":283.71,"speed":8.42}}}
{"status":"ok","lang":"zh_CN","server_time":1522070799,"tzshift":28800,"location":[51.330976,-0.546521],"unit":"metric","result":{"status":"ok","temperature":11.19,"skycon":"CLEAR_NIGHT","cloudrate":0.16,"aqi":10.0,"humidity":0.47,"pres":100959.52,"pm25":10.0,"precipitation":{"local":{"status":"ok","intensity":0.0,"datasource":"gfs"}},"wind":{"direction":275.01,"speed":9.8}}}
{"status":"ok","lang":"zh_CN","server_time":1522074400,"tzshift":28800,"location":[51.330976,-0.546521],"unit":"metric","result":{"status":"ok","temperature":11.26,"skycon":"PARTLY_CLOUDY_NIGHT","cloudrate":0.36,"aqi":10.0,"humidity":0.48,"pres":100927.55,"pm25":10.0,"precipitation":{"nearest":{"status":"ok","distance":10000.0,"intensity":0.0},"local":{"status":"ok","intensity":0.0,"datasource":"gfs"}},"wind":{"direction":268.64,"speed":10.56}}}
{"status":"ok","lang":"zh_CN","server_time":1522077995,"tzshift":28800,"location":[51.330976,-0.546521],"unit":"metric","result":{"status":"ok","temperature":10.96,"skycon":"PARTLY_CLOUDY_NIGHT","cloudrate":0.53,"aqi":10,"humidity":0.51,"pres":100888.48,"pm25":10,"precipitation":{"nearest":{"status":"ok","distance":37.97,"intensity":0.25},"local":{"status":"ok","intensity":0.0,"datasource":"gfs"}},"wind":{"direction":260.78,"speed":10.41}}}
