{"status":"ok","lang":"zh_CN","server_time":1521995187,"tzshift":28800,"location":[51.780976,-0.546521],"unit":"metric","result":{"status":"ok","temperature":10.11,"skycon":"RAIN","cloudrate":1.0,"aqi":10.0,"humidity":0.69,"pres":99809.82,"pm25":10.0,"precipitation":{"nearest":{"status":"ok","distance":10000.0,"intensity":0.0},"local":{"status":"ok","intensity":0.0964,"datasource":"gfs"}},"wind":{"direction":351.55,"speed":11.04}}}
{"status":"ok","lang":"zh_CN","server_time":1521996387,"tzshift":28800,"location":[51.780976,-0.546521],"unit":"metric","result":{"status":"ok","temperature":10.11,"skycon":"RAIN","cloudrate":1.0,"aqi":10.0,"humidity":0.69,"pres":99809.82,"pm25":10.0,"precipitation":{"nearest":{"status":"ok","distance":10000.0,"intensity":0.0},"local":{"status":"ok","intensity":0.0964,"datasource":"gfs"}},"wind":{"direction":351.55,"speed":11.04}}}
{"status":"ok","lang":"zh_CN","server_time":1521998788,"tzshift":28800,"location":[51.780976,-0.546521],"unit":"metric","result":{"status":"ok","temperature":9.16,"skycon":"RAIN","cloudrate":1.0,"aqi":10.0,"humidity":0.73,"pres":99837.45,"pm25":10.0,"precipitation":{"nearest":{"status":"ok","distance":178.33,"intensity":0.1875},"local":{"status":"ok","intensity":0.0924,"datasource":"gfs"}},"wind":{"direction":347.22,"speed":9.31}}}
{"status":"ok","lang":"zh_CN","server_time":1521999991,"tzshift":28800,"location":[51.780976,-0.546521],"unit":"metric","result":{"status":"ok","temperature":9.16,"skycon":"RAIN","cloudrate":1.0,"aqi":10.0,"humidity":0.73,"pres":99837.45,"pm25":10.0,"precipitation":{"nearest":{"status":"ok","distance":426.24,"intensity":0.1875},"local":{"status":"ok","intensity":0.0924,"datasource":"gfs"}},"wind":{"direction":347.22,"speed":9.31}}}
{"status":"ok","lang":"zh_CN","server_time":1522002393,"tzshift":28800,"location":[51.780976,-0.546521],"unit":"metric","result":{"status":"ok","temperature":8.01,"skycon":"RAIN","cloudrate":0.98,"aqi":10.0,"humidity":0.76,"pres":99876.53,"pm25":10.0,"precipitation":{"nearest":{"status":"ok","distance":248.53,"intensity":0.1875},"local":{"status":"ok","intensity":0.0746,"datasource":"gfs"}},"wind":{"direction":341.02,"speed":8.1}}}
{"status":"ok","lang":"zh_CN","server_time":1522003582,"tzshift":28800,"location":[51.780976,-0.546521],"unit":"metric","result":{"status":"ok","temperature":8.01,"skycon":"RAIN","cloudrate":0.98,"aqi":10.0,"humidity":0.76,"pres":99876.53,"pm25":10.0,"precipitation":{"nearest":{"status":"ok","distance":550.3,"intensity":0.25},"local":{"status":"ok","intensity":0.0746,"datasource":"gfs"}},"wind":{"direction":341.02,"speed":8.1}}}
{"status":"ok","lang":"zh_CN","server_time":1522005983,"tzshift":28800,"location":[51.780976,-0.546521],"unit":"metric","result":{"status":"ok","temperature":6.75,"skycon":"RAIN","cloudrate":0.91,"aqi":10.0,"humidity":0.79,"pres":99930.99,"pm25":10.0,"precipitation":{"nearest":{"status":"ok","distance":326.78,"intensity":0.1875},"local":{"status":"ok","intensity":0.0369,"datasource":"gfs"}},"wind":{"direction":333.31,"speed":8.12}}}
{"status":"ok","lang":"zh_CN","server_time":1522007181,"tzshift":28800,"location":[51.780976,-0.546521],"unit":"metric","result":{"status":"ok","temperature":6.75,"skycon":"RAIN","cloudrate":0.91,"aqi":10.0,"humidity":0.79,"pres":99930.99,"pm25":10.0,"precipitation":{"nearest":{"status":"ok","distance":338.72,"intensity":0.1875},"local":{"status":"ok","intensity":0.0369,"datasource":"gfs"}},"wind":{"direction":333.31,"speed":8.12}}}
{"status":"ok","lang":"zh_CN","server_time":1522009581,"tzshift":28800,"location":[51.780976,-0.546521],"unit":"metric","result":{"status":"ok","temperature":5.57,"skycon":"CLOUDY","cloudrate":0.82,"aqi":10.0,"humidity":0.8,"pres":99993.5,"pm25":10.0,"precipitation":{"nearest":{"status":"ok","distance":174.08,"intensity":0.1875},"local":{"status":"ok","intensity":0.0,"datasource":"gfs"}},"wind":{"direction":328.25,"speed":8.92}}}
{"status":"ok","lang":"zh_CN","server_time":1522010781,"tzshift":28800,"location":[51.780976,-0.546521],"unit":"metric","result":{"status":"ok","temperature":5.57,"skycon":"CLOUDY","cloudrate":0.82,"aqi":10.0,"humidity":0.8,"pres":99993.5,"pm25":10.0,"precipitation":{"nearest":{"status":"ok","distance":10000.0,"intensity":0.0},"local":{"status":"ok","intensity":0.0,"datasource":"gfs"}},"wind":{"direction":328.25,"speed":8.92}}}
{"status":"ok","lang":"zh_CN","server_time":1522013207,"tzshift":28800,"location":[51.780976,-0.546521],"unit":"metric","result":{"status":"ok","temperature":4.66,"skycon":"PARTLY_CLOUDY_NIGHT","cloudrate":0.73,"aqi":10.0,"humidity":0.81,"pres":100053.9,"pm25":10.0,"precipitation":{"nearest":{"status":"ok","distance":10000.0,"intensity":0.0},"local":{"status":"ok","intensity":0.0,"datasource":"gfs"}},"wind":{"direction":327.45,"speed":9.67}}}
{"status":"ok","lang":"zh_CN","server_time":1522014384,"tzshift":28800,"location":[51.780976,-0.546521],"unit":"metric","result":{"status":"ok","temperature":5.18,"skycon":"CLOUDY","cloudrate":0.98,"aqi":10.0,"humidity":0.8,"pres":100063.69,"pm25":10.0,"precipitation":{"nearest":{"status":"ok","distance":10000.0,"intensity":0.0},"local":{"status":"ok","intensity":0.0,"datasource":"gfs"}},"wind":{"direction":309.39,"speed":8.15}}}
{"status":"ok","lang":"zh_CN","server_time":1522016784,"tzshift":28800,"location":[51.780976,-0.546521],"unit":"metric","result":{"status":"ok","temperature":4.91,"skycon":"CLOUDY","cloudrate":0.91,"aqi":10.0,"humidity":0.8,"pres":100107.95,"pm25":10.0,"precipitation":{"nearest":{"status":"ok","distance":149.39,"intensity":0.1875},"local":{"status":"ok","intensity":0.0,"datasource":"gfs"}},"wind":{"direction":317.4,"speed":8.07}}}
{"status":"failed", "error":"'API quota is exhausted'"}
{"status":"failed", "error":"'API quota is exhausted'"}
{"status":"failed", "error":"'API quota is exhausted'"}
{"status":"failed", "error":"'API quota is exhausted'"}
{"status":"ok","lang":"zh_CN","server_time":1522025184,"tzshift":28800,"location":[51.780976,-0.546521],"unit":"metric","result":{"status":"ok","temperature":4.65,"skycon":"PARTLY_CLOUDY_DAY","cloudrate":0.75,"aqi":10.0,"humidity":0.8,"pres":100156.91,"pm25":10.0,"precipitation":{"nearest":{"status":"ok","distance":10000.0,"intensity":0.0},"local":{"status":"ok","intensity":0.0,"datasource":"gfs"}},"wind":{"direction":340.24,"speed":8.5}}}
{"status":"ok","lang":"zh_CN","server_time":1522027584,"tzshift":28800,"location":[51.780976,-0.546521],"unit":"metric","result":{"status":"ok","temperature":4.15,"skycon":"PARTLY_CLOUDY_DAY","cloudrate":0.7,"aqi":10.0,"humidity":0.81,"pres":100171.67,"pm25":10.0,"precipitation":{"nearest":{"status":"ok","distance":51.03,"intensity":0.1875},"local":{"status":"ok","intensity":0.0,"datasource":"gfs"}},"wind":{"direction":339.26,"speed":8.77}}}
{"status":"failed", "error":"'API quota is exhausted'"}
{"status":"failed", "error":"'API quota is exhausted'"}
{"status":"failed", "error":"'API quota is exhausted'"}
{"status":"failed", "error":"'API quota is exhausted'"}
{"status":"ok","lang":"zh_CN","server_time":1522035988,"tzshift":28800,"location":[51.780976,-0.546521],"unit":"metric","result":{"status":"ok","temperature":3.06,"skycon":"PARTLY_CLOUDY_DAY","cloudrate":0.78,"aqi":10.0,"humidity":0.84,"pres":100234.85,"pm25":10.0,"precipitation":{"nearest":{"status":"ok","distance":10000.0,"intensity":0.0},"local":{"status":"ok","intensity":0.0,"datasource":"gfs"}},"wind":{"direction":331.04,"speed":9.56}}}
{"status":"failed", "error":"'API quota is exhausted'"}
{"status":"failed", "error":"'API quota is exhausted'"}
{"status":"failed", "error":"'API quota is exhausted'"}
{"status":"failed", "error":"'API quota is exhausted'"}
{"status":"ok","lang":"zh_CN","server_time":1522045586,"tzshift":28800,"location":[51.780976,-0.546521],"unit":"metric","result":{"status":"ok","temperature":1.23,"skycon":"PARTLY_CLOUDY_DAY","cloudrate":0.4,"aqi":10.0,"humidity":0.9,"pres":100300.61,"pm25":10.0,"precipitation":{"nearest":{"status":"ok","distance":152.72,"intensity":0.1875},"local":{"status":"ok","intensity":0.0,"datasource":"gfs"}},"wind":{"direction":317.36,"speed":8.3}}}
{"status":"failed", "error":"'API quota is exhausted'"}
{"status":"failed", "error":"'API quota is exhausted'"}
{"status":"failed", "error":"'API quota is exhausted'"}
{"status":"failed", "error":"'API quota is exhausted'"}
{"status":"failed", "error":"'API quota is exhausted'"}
{"status":"failed", "error":"'API quota is exhausted'"}
{"status":"failed", "error":"'API quota is exhausted'"}
{"status":"failed", "error":"'API quota is exhausted'"}
{"status":"failed", "error":"'API quota is exhausted'"}
{"status":"failed", "error":"'API quota is exhausted'"}
{"status":"failed", "error":"'API quota is exhausted'"}
{"status":"failed", "error":"'API quota is exhausted'"}
{"status":"ok","lang":"zh_CN","server_time":1522068387,"tzshift":28800,"location":[51.780976,-0.546521],"unit":"metric","result":{"status":"ok","temperature":10.04,"skycon":"CLEAR_NIGHT","cloudrate":0.02,"aqi":10.0,"humidity":0.58,"pres":100370.46,"pm25":10.0,"precipitation":{"local":{"status":"ok","intensity":0.0,"datasource":"gfs"}},"wind":{"direction":265.41,"speed":11.24}}}
{"status":"ok","lang":"zh_CN","server_time":1522068387,"tzshift":28800,"location":[51.780976,-0.546521],"unit":"metric","result":{"status":"ok","temperature":10.04,"skycon":"CLEAR_NIGHT","cloudrate":0.02,"aqi":10.0,"humidity":0.58,"pres":100370.46,"pm25":10.0,"precipitation":{"local":{"status":"ok","intensity":0.0,"datasource":"gfs"}},"wind":{"direction":265.41,"speed":11.24}}}
{"status":"ok","lang":"zh_CN","server_time":1522070794,"tzshift":28800,"location":[51.780976,-0.546521],"unit":"metric","result":{"status":"ok","temperature":10.63,"skycon":"CLEAR_NIGHT","cloudrate":0.14,"aqi":10.0,"humidity":0.55,"pres":100346.14,"pm25":10.0,"precipitation":{"local":{"status":"ok","intensity":0.0,"datasource":"gfs"}},"wind":{"direction":261.7,"speed":12.83}}}
{"status":"ok","lang":"zh_CN","server_time":1522074396,"tzshift":28800,"location":[51.780976,-0.546521],"unit":"metric","result":{"status":"ok","temperature":10.91,"skycon":"PARTLY_CLOUDY_NIGHT","cloudrate":0.29,"aqi":10.0,"humidity":0.55,"pres":100310.77,"pm25":10.0,"precipitation":{"local":{"status":"ok","intensity":0.0,"datasource":"gfs"}},"wind":{"direction":259.59,"speed":13.82}}}
{"status":"ok","lang":"zh_CN","server_time":1522077991,"tzshift":28800,"location":[51.780976,-0.546521],"unit":"metric","result":{"status":"ok","temperature":10.71,"skycon":"PARTLY_CLOUDY_NIGHT","cloudrate":0.42,"aqi":10.0,"humidity":0.58,"pres":100268.89,"pm25":10.0,"precipitation":{"nearest":{"status":"ok","distance":141.9,"intensity":0.1875},"local":{"status":"ok","intensity":0.0,"datasource":"gfs"}},"wind":{"direction":257.64,"speed":13.61}}}
