{"status":"ok","lang":"zh_CN","server_time":1521995187,"tzshift":28800,"location":[51.780976,-0.346519],"unit":"metric","result":{"status":"ok","temperature":10.38,"skycon":"RAIN","cloudrate":1.0,"aqi":10.0,"humidity":0.67,"pres":100070.63,"pm25":10.0,"precipitation":{"nearest":{"status":"ok","distance":214.58,"intensity":0.25},"local":{"status":"ok","intensity":0.0771,"datasource":"gfs"}},"wind":{"direction":356.84,"speed":10.84}}}
{"status":"ok","lang":"zh_CN","server_time":1521996387,"tzshift":28800,"location":[51.780976,-0.346519],"unit":"metric","result":{"status":"ok","temperature":10.38,"skycon":"RAIN","cloudrate":1.0,"aqi":10.0,"humidity":0.67,"pres":100070.63,"pm25":10.0,"precipitation":{"nearest":{"status":"ok","distance":214.57,"intensity":0.1875},"local":{"status":"ok","intensity":0.0771,"datasource":"gfs"}},"wind":{"direction":356.84,"speed":10.84}}}
{"status":"ok","lang":"zh_CN","server_time":1521998789,"tzshift":28800,"location":[51.780976,-0.346519],"unit":"metric","result":{"status":"ok","temperature":9.45,"skycon":"RAIN","cloudrate":1.0,"aqi":10.0,"humidity":0.71,"pres":100099.48,"pm25":10.0,"precipitation":{"nearest":{"status":"ok","distance":224.61,"intensity":0.1875},"local":{"status":"ok","intensity":0.0789,"datasource":"gfs"}},"wind":{"direction":352.31,"speed":9.32}}}
{"status":"ok","lang":"zh_CN","server_time":1521999992,"tzshift":28800,"location":[51.780976,-0.346519],"unit":"metric","result":{"status":"ok","temperature":9.45,"skycon":"RAIN","cloudrate":1.0,"aqi":10.0,"humidity":0.71,"pres":100099.48,"pm25":10.0,"precipitation":{"nearest":{"status":"ok","distance":436.69,"intensity":0.1875},"local":{"status":"ok","intensity":0.0789,"datasource":"gfs"}},"wind":{"direction":352.31,"speed":9.32}}}
{"status":"ok","lang":"zh_CN","server_time":1522002394,"tzshift":28800,"location":[51.780976,-0.346519],"unit":"metric","result":{"status":"ok","temperature":8.36,"skycon":"RAIN","cloudrate":0.96,"aqi":10.0,"humidity":0.74,"pres":100139.11,"pm25":10.0,"precipitation":{"nearest":{"status":"ok","distance":10000.0,"intensity":0.0},"local":{"status":"ok","intensity":0.0662,"datasource":"gfs"}},"wind":{"direction":345.33,"speed":8.21}}}
{"status":"ok","lang":"zh_CN","server_time":1522003583,"tzshift":28800,"location":[51.780976,-0.346519],"unit":"metric","result":{"status":"ok","temperature":8.36,"skycon":"RAIN","cloudrate":0.96,"aqi":10.0,"humidity":0.74,"pres":100139.11,"pm25":10.0,"precipitation":{"nearest":{"status":"ok","distance":164.66,"intensity":0.1875},"local":{"status":"ok","intensity":0.0662,"datasource":"gfs"}},"wind":{"direction":345.33,"speed":8.21}}}
{"status":"ok","lang":"zh_CN","server_time":1522005983,"tzshift":28800,"location":[51.780976,-0.346519],"unit":"metric","result":{"status":"ok","temperature":7.21,"skycon":"RAIN","cloudrate":0.95,"aqi":10,"humidity":0.77,"pres":100192.92,"pm25":10,"precipitation":{"nearest":{"status":"ok","distance":168.76,"intensity":0.1875},"local":{"status":"ok","intensity":0.0318,"datasource":"gfs"}},"wind":{"direction":335.92,"speed":8.09}}}
{"status":"ok","lang":"zh_CN","server_time":1522007182,"tzshift":28800,"location":[51.780976,-0.346519],"unit":"metric","result":{"status":"ok","temperature":7.21,"skycon":"RAIN","cloudrate":0.95,"aqi":10.0,"humidity":0.77,"pres":100192.92,"pm25":10.0,"precipitation":{"nearest":{"status":"ok","distance":87.65,"intensity":0.1875},"local":{"status":"ok","intensity":0.0318,"datasource":"gfs"}},"wind":{"direction":335.92,"speed":8.09}}}
{"status":"ok","lang":"zh_CN","server_time":1522009582,"tzshift":28800,"location":[51.780976,-0.346519],"unit":"metric","result":{"status":"ok","temperature":6.16,"skycon":"CLOUDY","cloudrate":0.94,"aqi":10.0,"humidity":0.78,"pres":100254.21,"pm25":10.0,"precipitation":{"nearest":{"status":"ok","distance":10000.0,"intensity":0.0},"local":{"status":"ok","intensity":0.0,"datasource":"gfs"}},"wind":{"direction":328.88,"speed":8.73}}}
{"status":"ok","lang":"zh_CN","server_time":1522010782,"tzshift":28800,"location":[51.780976,-0.346519],"unit":"metric","result":{"status":"ok","temperature":6.16,"skycon":"CLOUDY","cloudrate":0.94,"aqi":10.0,"humidity":0.78,"pres":100254.21,"pm25":10.0,"precipitation":{"nearest":{"status":"ok","distance":10000.0,"intensity":0.0},"local":{"status":"ok","intensity":0.0,"datasource":"gfs"}},"wind":{"direction":328.88,"speed":8.73}}}
{"status":"ok","lang":"zh_CN","server_time":1522013208,"tzshift":28800,"location":[51.780976,-0.346519],"unit":"metric","result":{"status":"ok","temperature":5.35,"skycon":"CLOUDY","cloudrate":0.89,"aqi":10.0,"humidity":0.78,"pres":100313.8,"pm25":10.0,"precipitation":{"nearest":{"status":"ok","distance":10000.0,"intensity":0.0},"local":{"status":"ok","intensity":0.0,"datasource":"gfs"}},"wind":{"direction":327.09,"speed":9.47}}}
{"status":"ok","lang":"zh_CN","server_time":1522014385,"tzshift":28800,"location":[51.780976,-0.346519],"unit":"metric","result":{"status":"ok","temperature":5.91,"skycon":"CLOUDY","cloudrate":1.0,"aqi":10.0,"humidity":0.77,"pres":100325.29,"pm25":10.0,"precipitation":{"nearest":{"status":"ok","distance":10000.0,"intensity":0.0},"local":{"status":"ok","intensity":0.0,"datasource":"gfs"}},"wind":{"direction":310.64,"speed":7.85}}}
{"status":"failed", "error":"'API quota is exhausted'"}
{"status":"failed", "error":"'API quota is exhausted'"}
{"status":"failed", "error":"'API quota is exhausted'"}
{"status":"ok","lang":"zh_CN","server_time":1522021585,"tzshift":28800,"location":[51.780976,-0.346519],"unit":"metric","result":{"status":"ok","temperature":5.12,"skycon":"PARTLY_CLOUDY_DAY","cloudrate":0.78,"aqi":10.0,"humidity":0.78,"pres":100400.12,"pm25":10.0,"precipitation":{"nearest":{"status":"ok","distance":92.09,"intensity":0.1875},"local":{"status":"ok","intensity":0.0,"datasource":"gfs"}},"wind":{"direction":330.7,"speed":8.4}}}
{"status":"ok","lang":"zh_CN","server_time":1522024164,"tzshift":28800,"location":[51.780976,-0.346519],"unit":"metric","result":{"status":"ok","temperature":4.82,"skycon":"PARTLY_CLOUDY_DAY","cloudrate":0.71,"aqi":10.0,"humidity":0.79,"pres":100419.93,"pm25":10.0,"precipitation":{"nearest":{"status":"ok","distance":91.08,"intensity":0.25},"local":{"status":"ok","intensity":0.0,"datasource":"gfs"}},"wind":{"direction":338.98,"speed":8.98}}}
{"status":"failed", "error":"'API quota is exhausted'"}
{"status":"failed", "error":"'API quota is exhausted'"}
{"status":"failed", "error":"'API quota is exhausted'"}
{"status":"failed", "error":"'API quota is exhausted'"}
{"status":"failed", "error":"'API quota is exhausted'"}
{"status":"failed", "error":"'API quota is exhausted'"}
{"status":"failed", "error":"'API quota is exhausted'"}
{"status":"ok","lang":"zh_CN","server_time":1522038386,"tzshift":28800,"location":[51.780976,-0.346519],"unit":"metric","result":{"status":"ok","temperature":3.0,"skycon":"CLOUDY","cloudrate":0.84,"aqi":10.0,"humidity":0.84,"pres":100520.41,"pm25":10.0,"precipitation":{"nearest":{"status":"ok","distance":10000.0,"intensity":0.0},"local":{"status":"ok","intensity":0.0,"datasource":"gfs"}},"wind":{"direction":325.97,"speed":9.43}}}
{"status":"failed", "error":"'API quota is exhausted'"}
{"status":"failed", "error":"'API quota is exhausted'"}
{"status":"failed", "error":"'API quota is exhausted'"}
{"status":"ok","lang":"zh_CN","server_time":1522045587,"tzshift":28800,"location":[51.780976,-0.346519],"unit":"metric","result":{"status":"ok","temperature":1.74,"skycon":"PARTLY_CLOUDY_DAY","cloudrate":0.48,"aqi":10.0,"humidity":0.88,"pres":100564.35,"pm25":10.0,"precipitation":{"nearest":{"status":"ok","distance":10000.0,"intensity":0.0},"local":{"status":"ok","intensity":0.0,"datasource":"gfs"}},"wind":{"direction":317.79,"speed":8.71}}}
{"status":"failed", "error":"'API quota is exhausted'"}
{"status":"failed", "error":"'API quota is exhausted'"}
{"status":"failed", "error":"'API quota is exhausted'"}
{"status":"failed", "error":"'API quota is exhausted'"}
{"status":"failed", "error":"'API quota is exhausted'"}
{"status":"failed", "error":"'API quota is exhausted'"}
{"status":"failed", "error":"'API quota is exhausted'"}
{"status":"failed", "error":"'API quota is exhausted'"}
{"status":"failed", "error":"'API quota is exhausted'"}
{"status":"failed", "error":"'API quota is exhausted'"}
{"status":"failed", "error":"'API quota is exhausted'"}
{"status":"failed", "error":"'API quota is exhausted'"}
{"status":"ok","lang":"zh_CN","server_time":1522068388,"tzshift":28800,"location":[51.780976,-0.346519],"unit":"metric","result":{"status":"ok","temperature":10.22,"skycon":"CLEAR_NIGHT","cloudrate":0.01,"aqi":10.0,"humidity":0.55,"pres":100637.13,"pm25":10.0,"precipitation":{"nearest":{"status":"ok","distance":10000.0,"intensity":0.0},"local":{"status":"ok","intensity":0.0,"datasource":"gfs"}},"wind":{"direction":269.6,"speed":10.97}}}
{"status":"ok","lang":"zh_CN","server_time":1522068388,"tzshift":28800,"location":[51.780976,-0.346519],"unit":"metric","result":{"status":"ok","temperature":10.22,"skycon":"CLEAR_NIGHT","cloudrate":0.01,"aqi":10.0,"humidity":0.55,"pres":100637.13,"pm25":10.0,"precipitation":{"nearest":{"status":"ok","distance":10000.0,"intensity":0.0},"local":{"status":"ok","intensity":0.0,"datasource":"gfs"}},"wind":{"direction":269.6,"speed":10.97}}}
{"status":"ok","lang":"zh_CN","server_time":1522070795,"tzshift":28800,"location":[51.780976,-0.346519],"unit":"metric","result":{"status":"ok","temperature":10.82,"skycon":"CLEAR_NIGHT","cloudrate":0.1,"aqi":10.0,"humidity":0.53,"pres":100612.4,"pm25":10.0,"precipitation":{"local":{"status":"ok","intensity":0.0,"datasource":"gfs"}},"wind":{"direction":265.22,"speed":12.46}}}
{"status":"ok","lang":"zh_CN","server_time":1522074397,"tzshift":28800,"location":[51.780976,-0.346519],"unit":"metric","result":{"status":"ok","temperature":11.13,"skycon":"CLEAR_NIGHT","cloudrate":0.2,"aqi":10.0,"humidity":0.53,"pres":100576.65,"pm25":10.0,"precipitation":{"nearest":{"status":"ok","distance":10000.0,"intensity":0.0},"local":{"status":"ok","intensity":0.0,"datasource":"gfs"}},"wind":{"direction":262.91,"speed":13.42}}}
{"status":"ok","lang":"zh_CN","server_time":1522077992,"tzshift":28800,"location":[51.780976,-0.346519],"unit":"metric","result":{"status":"ok","temperature":10.84,"skycon":"PARTLY_CLOUDY_NIGHT","cloudrate":0.33,"aqi":10.0,"humidity":0.55,"pres":100328.41,"pm25":10.0,"precipitation":{"nearest":{"status":"ok","distance":53.55,"intensity":0.3125},"local":{"status":"ok","intensity":0.0,"datasource":"gfs"}},"wind":{"direction":260.92,"speed":13.71}}}
