{"status":"ok","lang":"zh_CN","server_time":1521995188,"tzshift":28800,"location":[51.780976,-0.246518],"unit":"metric","result":{"status":"ok","temperature":10.51,"skycon":"RAIN","cloudrate":1.0,"aqi":10.0,"humidity":0.66,"pres":100228.98,"pm25":10.0,"precipitation":{"nearest":{"status":"ok","distance":205.65,"intensity":0.1875},"local":{"status":"ok","intensity":0.063,"datasource":"gfs"}},"wind":{"direction":359.6,"speed":10.74}}}
{"status":"ok","lang":"zh_CN","server_time":1521996388,"tzshift":28800,"location":[51.780976,-0.246518],"unit":"metric","result":{"status":"ok","temperature":10.51,"skycon":"RAIN","cloudrate":1.0,"aqi":10.0,"humidity":0.66,"pres":100228.98,"pm25":10.0,"precipitation":{"nearest":{"status":"ok","distance":10000.0,"intensity":0.0},"local":{"status":"ok","intensity":0.063,"datasource":"gfs"}},"wind":{"direction":359.6,"speed":10.74}}}
{"status":"ok","lang":"zh_CN","server_time":1521998789,"tzshift":28800,"location":[51.780976,-0.246518],"unit":"metric","result":{"status":"ok","temperature":9.6,"skycon":"RAIN","cloudrate":0.98,"aqi":10.0,"humidity":0.7,"pres":100258.38,"pm25":10.0,"precipitation":{"nearest":{"status":"ok","distance":175.72,"intensity":0.1875},"local":{"status":"ok","intensity":0.0689,"datasource":"gfs"}},"wind":{"direction":354.81,"speed":9.33}}}
{"status":"ok","lang":"zh_CN","server_time":1521999992,"tzshift":28800,"location":[51.780976,-0.246518],"unit":"metric","result":{"status":"ok","temperature":9.6,"skycon":"RAIN","cloudrate":0.98,"aqi":10.0,"humidity":0.7,"pres":100258.38,"pm25":10.0,"precipitation":{"nearest":{"status":"ok","distance":362.33,"intensity":0.1875},"local":{"status":"ok","intensity":0.0689,"datasource":"gfs"}},"wind":{"direction":354.81,"speed":9.33}}}
{"status":"ok","lang":"zh_CN","server_time":1522002395,"tzshift":28800,"location":[51.780976,-0.246518],"unit":"metric","result":{"status":"ok","temperature":8.53,"skycon":"RAIN","cloudrate":0.95,"aqi":10.0,"humidity":0.73,"pres":100298.25,"pm25":10.0,"precipitation":{"nearest":{"status":"ok","distance":10000.0,"intensity":0.0},"local":{"status":"ok","intensity":0.0597,"datasource":"gfs"}},"wind":{"direction":347.4,"speed":8.25}}}
{"status":"ok","lang":"zh_CN","server_time":1522003583,"tzshift":28800,"location":[51.780976,-0.246518],"unit":"metric","result":{"status":"ok","temperature":8.53,"skycon":"RAIN","cloudrate":0.95,"aqi":10.0,"humidity":0.73,"pres":100298.25,"pm25":10.0,"precipitation":{"nearest":{"status":"ok","distance":131.3,"intensity":0.1875},"local":{"status":"ok","intensity":0.0597,"datasource":"gfs"}},"wind":{"direction":347.4,"speed":8.25}}}
{"status":"ok","lang":"zh_CN","server_time":1522005984,"tzshift":28800,"location":[51.780976,-0.246518],"unit":"metric","result":{"status":"ok","temperature":7.44,"skycon":"CLOUDY","cloudrate":0.97,"aqi":10.0,"humidity":0.76,"pres":100351.69,"pm25":10.0,"precipitation":{"nearest":{"status":"ok","distance":16.91,"intensity":0.1875},"local":{"status":"ok","intensity":0.0274,"datasource":"gfs"}},"wind":{"direction":337.35,"speed":8.04}}}
{"status":"ok","lang":"zh_CN","server_time":1522007183,"tzshift":28800,"location":[51.780976,-0.246518],"unit":"metric","result":{"status":"ok","temperature":7.44,"skycon":"CLOUDY","cloudrate":0.97,"aqi":10.0,"humidity":0.76,"pres":100351.69,"pm25":10.0,"precipitation":{"nearest":{"status":"ok","distance":10000.0,"intensity":0.0},"local":{"status":"ok","intensity":0.0274,"datasource":"gfs"}},"wind":{"direction":337.35,"speed":8.04}}}
{"status":"ok","lang":"zh_CN","server_time":1522009583,"tzshift":28800,"location":[51.780976,-0.246518],"unit":"metric","result":{"status":"ok","temperature":6.46,"skycon":"CLOUDY","cloudrate":0.99,"aqi":10.0,"humidity":0.77,"pres":100412.36,"pm25":10.0,"precipitation":{"nearest":{"status":"ok","distance":10000.0,"intensity":0.0},"local":{"status":"ok","intensity":0.0,"datasource":"gfs"}},"wind":{"direction":329.48,"speed":8.56}}}
{"status":"ok","lang":"zh_CN","server_time":1522010783,"tzshift":28800,"location":[51.780976,-0.246518],"unit":"metric","result":{"status":"ok","temperature":6.46,"skycon":"CLOUDY","cloudrate":0.99,"aqi":10.0,"humidity":0.77,"pres":100412.36,"pm25":10.0,"precipitation":{"nearest":{"status":"ok","distance":10000.0,"intensity":0.0},"local":{"status":"ok","intensity":0.0,"datasource":"gfs"}},"wind":{"direction":329.48,"speed":8.56}}}
{"status":"ok","lang":"zh_CN","server_time":1522013208,"tzshift":28800,"location":[51.780976,-0.246518],"unit":"metric","result":{"status":"ok","temperature":5.7,"skycon":"CLOUDY","cloudrate":0.97,"aqi":10.0,"humidity":0.77,"pres":100471.58,"pm25":10.0,"precipitation":{"nearest":{"status":"ok","distance":10000.0,"intensity":0.0},"local":{"status":"ok","intensity":0.0,"datasource":"gfs"}},"wind":{"direction":327.23,"speed":9.27}}}
{"status":"ok","lang":"zh_CN","server_time":1522014386,"tzshift":28800,"location":[51.780976,-0.246518],"unit":"metric","result":{"status":"ok","temperature":6.27,"skycon":"CLOUDY","cloudrate":1.0,"aqi":10.0,"humidity":0.76,"pres":100483.8,"pm25":10.0,"precipitation":{"nearest":{"status":"ok","distance":10000.0,"intensity":0.0},"local":{"status":"ok","intensity":0.0,"datasource":"gfs"}},"wind":{"direction":311.72,"speed":7.58}}}
{"status":"ok","lang":"zh_CN","server_time":1522016785,"tzshift":28800,"location":[51.780976,-0.246518],"unit":"metric","result":{"status":"ok","temperature":5.71,"skycon":"CLOUDY","cloudrate":0.89,"aqi":10.0,"humidity":0.76,"pres":100528.87,"pm25":10.0,"precipitation":{"nearest":{"status":"ok","distance":10000.0,"intensity":0.0},"local":{"status":"ok","intensity":0.0,"datasource":"gfs"}},"wind":{"direction":318.84,"speed":7.93}}}
{"status":"failed", "error":"'API quota is exhausted'"}
{"status":"ok","lang":"zh_CN","server_time":1522020385,"tzshift":28800,"location":[51.780976,-0.246518],"unit":"metric","result":{"status":"ok","temperature":5.24,"skycon":"PARTLY_CLOUDY_DAY","cloudrate":0.76,"aqi":10.0,"humidity":0.78,"pres":100559.48,"pm25":10.0,"precipitation":{"nearest":{"status":"ok","distance":210.79,"intensity":0.1875},"local":{"status":"ok","intensity":0.0,"datasource":"gfs"}},"wind":{"direction":330.63,"speed":8.54}}}
{"status":"failed", "error":"'API quota is exhausted'"}
{"status":"failed", "error":"'API quota is exhausted'"}
{"status":"failed", "error":"'API quota is exhausted'"}
{"status":"failed", "error":"'API quota is exhausted'"}
{"status":"failed", "error":"'API quota is exhausted'"}
{"status":"failed", "error":"'API quota is exhausted'"}
{"status":"failed", "error":"'API quota is exhausted'"}
{"status":"failed", "error":"'API quota is exhausted'"}
{"status":"failed", "error":"'API quota is exhausted'"}
{"status":"failed", "error":"'API quota is exhausted'"}
{"status":"failed", "error":"'API quota is exhausted'"}
{"status":"failed", "error":"'API quota is exhausted'"}
{"status":"failed", "error":"'API quota is exhausted'"}
{"status":"failed", "error":"'API quota is exhausted'"}
{"status":"failed", "error":"'API quota is exhausted'"}
{"status":"failed", "error":"'API quota is exhausted'"}
{"status":"failed", "error":"'API quota is exhausted'"}
{"status":"failed", "error":"'API quota is exhausted'"}
{"status":"failed", "error":"'API quota is exhausted'"}
{"status":"failed", "error":"'API quota is exhausted'"}
{"status":"failed", "error":"'API quota is exhausted'"}
{"status":"failed", "error":"'API quota is exhausted'"}
{"status":"failed", "error":"'API quota is exhausted'"}
{"status":"failed", "error":"'API quota is exhausted'"}
{"status":"failed", "error":"'API quota is exhausted'"}
{"status":"failed", "error":"'API quota is exhausted'"}
{"status":"ok","lang":"zh_CN","server_time":1522068389,"tzshift":28800,"location":[51.780976,-0.246518],"unit":"metric","result":{"status":"ok","temperature":10.33,"skycon":"CLEAR_NIGHT","cloudrate":0.01,"aqi":10.0,"humidity":0.54,"pres":100798.65,"pm25":10.0,"precipitation":{"local":{"status":"ok","intensity":0.0,"datasource":"gfs"}},"wind":{"direction":271.87,"speed":10.85}}}
{"status":"ok","lang":"zh_CN","server_time":1522068389,"tzshift":28800,"location":[51.780976,-0.246518],"unit":"metric","result":{"status":"ok","temperature":10.33,"skycon":"CLEAR_NIGHT","cloudrate":0.01,"aqi":10.0,"humidity":0.54,"pres":100798.65,"pm25":10.0,"precipitation":{"local":{"status":"ok","intensity":0.0,"datasource":"gfs"}},"wind":{"direction":271.87,"speed":10.85}}}
{"status":"ok","lang":"zh_CN","server_time":1522070796,"tzshift":28800,"location":[51.780976,-0.246518],"unit":"metric","result":{"status":"ok","temperature":10.93,"skycon":"CLEAR_NIGHT","cloudrate":0.08,"aqi":10.0,"humidity":0.52,"pres":100773.64,"pm25":10.0,"precipitation":{"nearest":{"status":"ok","distance":108.96,"intensity":0.1875},"local":{"status":"ok","intensity":0.0,"datasource":"gfs"}},"wind":{"direction":267.17,"speed":12.27}}}
{"status":"ok","lang":"zh_CN","server_time":1522074397,"tzshift":28800,"location":[51.780976,-0.246518],"unit":"metric","result":{"status":"ok","temperature":11.26,"skycon":"CLEAR_NIGHT","cloudrate":0.15,"aqi":10.0,"humidity":0.52,"pres":100737.55,"pm25":10.0,"precipitation":{"nearest":{"status":"ok","distance":296.9,"intensity":0.25},"local":{"status":"ok","intensity":0.0,"datasource":"gfs"}},"wind":{"direction":264.73,"speed":13.18}}}
{"status":"ok","lang":"zh_CN","server_time":1522077992,"tzshift":28800,"location":[51.780976,-0.246518],"unit":"metric","result":{"status":"ok","temperature":11.15,"skycon":"PARTLY_CLOUDY_NIGHT","cloudrate":0.23,"aqi":10.0,"humidity":0.54,"pres":100695.94,"pm25":10.0,"precipitation":{"nearest":{"status":"ok","distance":490.26,"intensity":0.1875},"local":{"status":"ok","intensity":0.0,"datasource":"gfs"}},"wind":{"direction":263.07,"speed":13.04}}}
