{"status":"ok","lang":"zh_CN","server_time":1521995190,"tzshift":28800,"location":[51.780976,0.153486],"unit":"metric","result":{"status":"ok","temperature":10.21,"skycon":"CLOUDY","cloudrate":0.99,"aqi":10.0,"humidity":0.67,"pres":100330.18,"pm25":10.0,"precipitation":{"nearest":{"status":"ok","distance":10000.0,"intensity":0.0},"local":{"status":"ok","intensity":0.026,"datasource":"gfs"}},"wind":{"direction":6.26,"speed":9.84}}}
{"status":"ok","lang":"zh_CN","server_time":1521996390,"tzshift":28800,"location":[51.780976,0.153486],"unit":"metric","result":{"status":"ok","temperature":10.21,"skycon":"CLOUDY","cloudrate":0.99,"aqi":10.0,"humidity":0.67,"pres":100330.18,"pm25":10.0,"precipitation":{"nearest":{"status":"ok","distance":10000.0,"intensity":0.0},"local":{"status":"ok","intensity":0.026,"datasource":"gfs"}},"wind":{"direction":6.26,"speed":9.84}}}
{"status":"ok","lang":"zh_CN","server_time":1521998791,"tzshift":28800,"location":[51.780976,0.153486],"unit":"metric","result":{"status":"ok","temperature":9.35,"skycon":"RAIN","cloudrate":0.97,"aqi":10.0,"humidity":0.71,"pres":100358.83,"pm25":10.0,"precipitation":{"nearest":{"status":"ok","distance":200.55,"intensity":0.1875},"local":{"status":"ok","intensity":0.0422,"datasource":"gfs"}},"wind":{"direction":1.26,"speed":8.55}}}
{"status":"ok","lang":"zh_CN","server_time":1521999995,"tzshift":28800,"location":[51.780976,0.153486],"unit":"metric","result":{"status":"ok","temperature":9.35,"skycon":"RAIN","cloudrate":0.97,"aqi":10.0,"humidity":0.71,"pres":100358.83,"pm25":10.0,"precipitation":{"nearest":{"status":"ok","distance":144.2,"intensity":0.1875},"local":{"status":"ok","intensity":0.0422,"datasource":"gfs"}},"wind":{"direction":1.26,"speed":8.55}}}
{"status":"ok","lang":"zh_CN","server_time":1522002396,"tzshift":28800,"location":[51.780976,0.153486],"unit":"metric","result":{"status":"ok","temperature":8.4,"skycon":"RAIN","cloudrate":0.98,"aqi":10.0,"humidity":0.75,"pres":100397.91,"pm25":10.0,"precipitation":{"nearest":{"status":"ok","distance":302.44,"intensity":0.1875},"local":{"status":"ok","intensity":0.0425,"datasource":"gfs"}},"wind":{"direction":356.22,"speed":7.11}}}
{"status":"ok","lang":"zh_CN","server_time":1522003585,"tzshift":28800,"location":[51.780976,0.153486],"unit":"metric","result":{"status":"ok","temperature":8.4,"skycon":"RAIN","cloudrate":0.98,"aqi":10.0,"humidity":0.75,"pres":100397.91,"pm25":10.0,"precipitation":{"nearest":{"status":"ok","distance":211.54,"intensity":0.25},"local":{"status":"ok","intensity":0.0425,"datasource":"gfs"}},"wind":{"direction":356.22,"speed":7.11}}}
{"status":"ok","lang":"zh_CN","server_time":1522005986,"tzshift":28800,"location":[51.780976,0.153486],"unit":"metric","result":{"status":"ok","temperature":7.49,"skycon":"CLOUDY","cloudrate":1.0,"aqi":10.0,"humidity":0.77,"pres":100450.22,"pm25":10.0,"precipitation":{"nearest":{"status":"ok","distance":91.8,"intensity":0.1875},"local":{"status":"ok","intensity":0.0218,"datasource":"gfs"}},"wind":{"direction":351.89,"speed":5.61}}}
{"status":"ok","lang":"zh_CN","server_time":1522007185,"tzshift":28800,"location":[51.780976,0.153486],"unit":"metric","result":{"status":"ok","temperature":7.49,"skycon":"CLOUDY","cloudrate":1.0,"aqi":10.0,"humidity":0.77,"pres":100450.22,"pm25":10.0,"precipitation":{"nearest":{"status":"ok","distance":252.56,"intensity":0.3125},"local":{"status":"ok","intensity":0.0218,"datasource":"gfs"}},"wind":{"direction":351.89,"speed":5.61}}}
{"status":"ok","lang":"zh_CN","server_time":1522009584,"tzshift":28800,"location":[51.780976,0.153486],"unit":"metric","result":{"status":"ok","temperature":6.64,"skycon":"CLOUDY","cloudrate":1.0,"aqi":10,"humidity":0.78,"pres":100509.62,"pm25":10,"precipitation":{"nearest":{"status":"ok","distance":10000.0,"intensity":0.0},"local":{"status":"ok","intensity":0.0,"datasource":"gfs"}},"wind":{"direction":346.7,"speed":4.53}}}
{"status":"ok","lang":"zh_CN","server_time":1522010784,"tzshift":28800,"location":[51.780976,0.153486],"unit":"metric","result":{"status":"ok","temperature":6.64,"skycon":"CLOUDY","cloudrate":1.0,"aqi":10,"humidity":0.78,"pres":100509.62,"pm25":10,"precipitation":{"nearest":{"status":"ok","distance":10000.0,"intensity":0.0},"local":{"status":"ok","intensity":0.0,"datasource":"gfs"}},"wind":{"direction":346.7,"speed":4.53}}}
{"status":"failed", "error":"'API quota is exhausted'"}
{"status":"ok","lang":"zh_CN","server_time":1522014387,"tzshift":28800,"location":[51.780976,0.153486],"unit":"metric","result":{"status":"ok","temperature":6.3,"skycon":"CLOUDY","cloudrate":1.0,"aqi":10.0,"humidity":0.79,"pres":100583.93,"pm25":10.0,"precipitation":{"nearest":{"status":"ok","distance":10000.0,"intensity":0.0},"local":{"status":"ok","intensity":0.0039,"datasource":"gfs"}},"wind":{"direction":330.37,"speed":2.73}}}
{"status":"failed", "error":"'API quota is exhausted'"}
{"status":"ok","lang":"zh_CN","server_time":1522017987,"tzshift":28800,"location":[51.780976,0.153486],"unit":"metric","result":{"status":"ok","temperature":5.51,"skycon":"CLOUDY","cloudrate":0.95,"aqi":10.0,"humidity":0.8,"pres":100628.19,"pm25":10.0,"precipitation":{"nearest":{"status":"ok","distance":156.08,"intensity":0.1875},"local":{"status":"ok","intensity":0.0,"datasource":"gfs"}},"wind":{"direction":323.82,"speed":4.32}}}
{"status":"failed", "error":"'API quota is exhausted'"}
{"status":"failed", "error":"'API quota is exhausted'"}
{"status":"ok","lang":"zh_CN","server_time":1522024167,"tzshift":28800,"location":[51.780976,0.153486],"unit":"metric","result":{"status":"ok","temperature":4.18,"skycon":"PARTLY_CLOUDY_DAY","cloudrate":0.77,"aqi":10.0,"humidity":0.83,"pres":100675.97,"pm25":10.0,"precipitation":{"nearest":{"status":"ok","distance":39.24,"intensity":0.25},"local":{"status":"ok","intensity":0.0,"datasource":"gfs"}},"wind":{"direction":325.8,"speed":9.15}}}
{"status":"failed", "error":"'API quota is exhausted'"}
{"status":"ok","lang":"zh_CN","server_time":1522027587,"tzshift":28800,"location":[51.780976,0.153486],"unit":"metric","result":{"status":"ok","temperature":3.9,"skycon":"PARTLY_CLOUDY_DAY","cloudrate":0.65,"aqi":10.0,"humidity":0.83,"pres":100688.34,"pm25":10.0,"precipitation":{"nearest":{"status":"ok","distance":204.8,"intensity":0.25},"local":{"status":"ok","intensity":0.0,"datasource":"gfs"}},"wind":{"direction":326.88,"speed":10.16}}}
{"status":"failed", "error":"'API quota is exhausted'"}
{"status":"failed", "error":"'API quota is exhausted'"}
{"status":"ok","lang":"zh_CN","server_time":1522032389,"tzshift":28800,"location":[51.780976,0.153486],"unit":"metric","result":{"status":"ok","temperature":3.67,"skycon":"PARTLY_CLOUDY_DAY","cloudrate":0.53,"aqi":10.0,"humidity":0.82,"pres":100700.25,"pm25":10.0,"precipitation":{"nearest":{"status":"ok","distance":114.79,"intensity":0.25},"local":{"status":"ok","intensity":0.0,"datasource":"gfs"}},"wind":{"direction":327.09,"speed":10.17}}}
{"status":"failed", "error":"'API quota is exhausted'"}
{"status":"failed", "error":"'API quota is exhausted'"}
{"status":"ok","lang":"zh_CN","server_time":1522038388,"tzshift":28800,"location":[51.780976,0.153486],"unit":"metric","result":{"status":"ok","temperature":3.59,"skycon":"CLOUDY","cloudrate":0.83,"aqi":10.0,"humidity":0.84,"pres":100772.14,"pm25":10.0,"precipitation":{"nearest":{"status":"ok","distance":10000.0,"intensity":0.0},"local":{"status":"ok","intensity":0.0,"datasource":"gfs"}},"wind":{"direction":327.5,"speed":9.92}}}
{"status":"failed", "error":"'API quota is exhausted'"}
{"status":"failed", "error":"'API quota is exhausted'"}
{"status":"failed", "error":"'API quota is exhausted'"}
{"status":"failed", "error":"'API quota is exhausted'"}
{"status":"failed", "error":"'API quota is exhausted'"}
{"status":"failed", "error":"'API quota is exhausted'"}
{"status":"failed", "error":"'API quota is exhausted'"}
{"status":"failed", "error":"'API quota is exhausted'"}
{"status":"failed", "error":"'API quota is exhausted'"}
{"status":"failed", "error":"'API quota is exhausted'"}
{"status":"failed", "error":"'API quota is exhausted'"}
{"status":"failed", "error":"'API quota is exhausted'"}
{"status":"failed", "error":"'API quota is exhausted'"}
{"status":"failed", "error":"'API quota is exhausted'"}
{"status":"failed", "error":"'API quota is exhausted'"}
{"status":"failed", "error":"'API quota is exhausted'"}
{"status":"ok","lang":"zh_CN","server_time":1522068391,"tzshift":28800,"location":[51.780976,0.153486],"unit":"metric","result":{"status":"ok","temperature":10.43,"skycon":"CLEAR_NIGHT","cloudrate":0.0,"aqi":10,"humidity":0.55,"pres":100903.76,"pm25":10,"precipitation":{"local":{"status":"ok","intensity":0.0,"datasource":"gfs"}},"wind":{"direction":283.26,"speed":10.83}}}
{"status":"ok","lang":"zh_CN","server_time":1522068391,"tzshift":28800,"location":[51.780976,0.153486],"unit":"metric","result":{"status":"ok","temperature":10.43,"skycon":"CLEAR_NIGHT","cloudrate":0.0,"aqi":10,"humidity":0.55,"pres":100903.76,"pm25":10,"precipitation":{"local":{"status":"ok","intensity":0.0,"datasource":"gfs"}},"wind":{"direction":283.26,"speed":10.83}}}
{"status":"ok","lang":"zh_CN","server_time":1522070798,"tzshift":28800,"location":[51.780976,0.153486],"unit":"metric","result":{"status":"ok","temperature":10.92,"skycon":"CLEAR_NIGHT","cloudrate":0.1,"aqi":10.0,"humidity":0.53,"pres":100882.41,"pm25":10.0,"precipitation":{"nearest":{"status":"ok","distance":62.34,"intensity":0.1875},"local":{"status":"ok","intensity":0.0,"datasource":"gfs"}},"wind":{"direction":277.74,"speed":11.64}}}
{"status":"ok","lang":"zh_CN","server_time":1522074399,"tzshift":28800,"location":[51.780976,0.153486],"unit":"metric","result":{"status":"ok","temperature":11.15,"skycon":"PARTLY_CLOUDY_NIGHT","cloudrate":0.22,"aqi":10.0,"humidity":0.53,"pres":100850.22,"pm25":10.0,"precipitation":{"local":{"status":"ok","intensity":0.0,"datasource":"gfs"}},"wind":{"direction":274.19,"speed":12.03}}}
{"status":"ok","lang":"zh_CN","server_time":1522077994,"tzshift":28800,"location":[51.780976,0.153486],"unit":"metric","result":{"status":"ok","temperature":11.05,"skycon":"PARTLY_CLOUDY_NIGHT","cloudrate":0.33,"aqi":10.0,"humidity":0.55,"pres":100811.6,"pm25":10.0,"precipitation":{"nearest":{"status":"ok","distance":211.89,"intensity":0.25},"local":{"status":"ok","intensity":0.0,"datasource":"gfs"}},"wind":{"direction":271.88,"speed":11.54}}}
