{"status":"ok","lang":"zh_CN","server_time":1521995188,"tzshift":28800,"location":[51.780976,-0.146517],"unit":"metric","result":{"status":"ok","temperature":10.43,"skycon":"RAIN","cloudrate":1.0,"aqi":10.0,"humidity":0.66,"pres":100289.08,"pm25":10.0,"precipitation":{"nearest":{"status":"ok","distance":48.5,"intensity":0.1875},"local":{"status":"ok","intensity":0.0528,"datasource":"gfs"}},"wind":{"direction":1.49,"speed":10.52}}}
{"status":"ok","lang":"zh_CN","server_time":1521996388,"tzshift":28800,"location":[51.780976,-0.146517],"unit":"metric","result":{"status":"ok","temperature":10.43,"skycon":"RAIN","cloudrate":1.0,"aqi":10.0,"humidity":0.66,"pres":100289.08,"pm25":10.0,"precipitation":{"nearest":{"status":"ok","distance":10000.0,"intensity":0.0},"local":{"status":"ok","intensity":0.0528,"datasource":"gfs"}},"wind":{"direction":1.49,"speed":10.52}}}
{"status":"ok","lang":"zh_CN","server_time":1521998790,"tzshift":28800,"location":[51.780976,-0.146517],"unit":"metric","result":{"status":"ok","temperature":9.52,"skycon":"RAIN","cloudrate":0.97,"aqi":10.0,"humidity":0.7,"pres":100318.41,"pm25":10.0,"precipitation":{"nearest":{"status":"ok","distance":10000.0,"intensity":0.0},"local":{"status":"ok","intensity":0.0612,"datasource":"gfs"}},"wind":{"direction":356.31,"speed":9.2}}}
{"status":"ok","lang":"zh_CN","server_time":1521999993,"tzshift":28800,"location":[51.780976,-0.146517],"unit":"metric","result":{"status":"ok","temperature":9.52,"skycon":"RAIN","cloudrate":0.97,"aqi":10.0,"humidity":0.7,"pres":100318.41,"pm25":10.0,"precipitation":{"nearest":{"status":"ok","distance":330.81,"intensity":0.1875},"local":{"status":"ok","intensity":0.0612,"datasource":"gfs"}},"wind":{"direction":356.31,"speed":9.2}}}
{"status":"ok","lang":"zh_CN","server_time":1522002395,"tzshift":28800,"location":[51.780976,-0.146517],"unit":"metric","result":{"status":"ok","temperature":8.5,"skycon":"RAIN","cloudrate":0.95,"aqi":10.0,"humidity":0.73,"pres":100358.06,"pm25":10.0,"precipitation":{"nearest":{"status":"ok","distance":364.91,"intensity":0.1875},"local":{"status":"ok","intensity":0.0538,"datasource":"gfs"}},"wind":{"direction":348.96,"speed":8.11}}}
{"status":"ok","lang":"zh_CN","server_time":1522003583,"tzshift":28800,"location":[51.780976,-0.146517],"unit":"metric","result":{"status":"ok","temperature":8.5,"skycon":"RAIN","cloudrate":0.95,"aqi":10.0,"humidity":0.73,"pres":100358.06,"pm25":10.0,"precipitation":{"nearest":{"status":"ok","distance":123.97,"intensity":0.1875},"local":{"status":"ok","intensity":0.0538,"datasource":"gfs"}},"wind":{"direction":348.96,"speed":8.11}}}
{"status":"ok","lang":"zh_CN","server_time":1522005984,"tzshift":28800,"location":[51.780976,-0.146517],"unit":"metric","result":{"status":"ok","temperature":7.49,"skycon":"CLOUDY","cloudrate":0.98,"aqi":10.0,"humidity":0.76,"pres":100411.02,"pm25":10.0,"precipitation":{"nearest":{"status":"ok","distance":10000.0,"intensity":0.0},"local":{"status":"ok","intensity":0.0225,"datasource":"gfs"}},"wind":{"direction":339.45,"speed":7.65}}}
{"status":"ok","lang":"zh_CN","server_time":1522007183,"tzshift":28800,"location":[51.780976,-0.146517],"unit":"metric","result":{"status":"ok","temperature":7.49,"skycon":"CLOUDY","cloudrate":0.98,"aqi":10.0,"humidity":0.76,"pres":100411.02,"pm25":10.0,"precipitation":{"nearest":{"status":"ok","distance":10000.0,"intensity":0.0},"local":{"status":"ok","intensity":0.0225,"datasource":"gfs"}},"wind":{"direction":339.45,"speed":7.65}}}
{"status":"ok","lang":"zh_CN","server_time":1522009583,"tzshift":28800,"location":[51.780976,-0.146517],"unit":"metric","result":{"status":"ok","temperature":6.57,"skycon":"CLOUDY","cloudrate":1.0,"aqi":10.0,"humidity":0.76,"pres":100471.14,"pm25":10.0,"precipitation":{"nearest":{"status":"ok","distance":10000.0,"intensity":0.0},"local":{"status":"ok","intensity":0.0,"datasource":"gfs"}},"wind":{"direction":331.55,"speed":7.84}}}
{"status":"ok","lang":"zh_CN","server_time":1522010783,"tzshift":28800,"location":[51.780976,-0.146517],"unit":"metric","result":{"status":"ok","temperature":6.57,"skycon":"CLOUDY","cloudrate":1.0,"aqi":10.0,"humidity":0.76,"pres":100471.14,"pm25":10.0,"precipitation":{"nearest":{"status":"ok","distance":10000.0,"intensity":0.0},"local":{"status":"ok","intensity":0.0,"datasource":"gfs"}},"wind":{"direction":331.55,"speed":7.84}}}
{"status":"ok","lang":"zh_CN","server_time":1522013209,"tzshift":28800,"location":[51.780976,-0.146517],"unit":"metric","result":{"status":"ok","temperature":5.82,"skycon":"CLOUDY","cloudrate":0.98,"aqi":10,"humidity":0.77,"pres":100530.03,"pm25":10,"precipitation":{"nearest":{"status":"ok","distance":115.73,"intensity":0.25},"local":{"status":"ok","intensity":0.0,"datasource":"gfs"}},"wind":{"direction":328.79,"speed":8.42}}}
{"status":"ok","lang":"zh_CN","server_time":1522014386,"tzshift":28800,"location":[51.780976,-0.146517],"unit":"metric","result":{"status":"ok","temperature":6.37,"skycon":"CLOUDY","cloudrate":1.0,"aqi":10.0,"humidity":0.76,"pres":100543.45,"pm25":10.0,"precipitation":{"nearest":{"status":"ok","distance":102.07,"intensity":0.25},"local":{"status":"ok","intensity":0.0,"datasource":"gfs"}},"wind":{"direction":314.03,"speed":6.65}}}
{"status":"failed", "error":"'API quota is exhausted'"}
{"status":"failed", "error":"'API quota is exhausted'"}
{"status":"ok","lang":"zh_CN","server_time":1522020386,"tzshift":28800,"location":[51.780976,-0.146517],"unit":"metric","result":{"status":"ok","temperature":5.09,"skycon":"PARTLY_CLOUDY_DAY","cloudrate":0.76,"aqi":10.0,"humidity":0.78,"pres":100619.23,"pm25":10.0,"precipitation":{"nearest":{"status":"ok","distance":92.19,"intensity":0.1875},"local":{"status":"ok","intensity":0.0,"datasource":"gfs"}},"wind":{"direction":329.94,"speed":8.4}}}
{"status":"failed", "error":"'API quota is exhausted'"}
{"status":"failed", "error":"'API quota is exhausted'"}
{"status":"failed", "error":"'API quota is exhausted'"}
{"status":"failed", "error":"'API quota is exhausted'"}
{"status":"failed", "error":"'API quota is exhausted'"}
{"status":"failed", "error":"'API quota is exhausted'"}
{"status":"failed", "error":"'API quota is exhausted'"}
{"status":"failed", "error":"'API quota is exhausted'"}
{"status":"failed", "error":"'API quota is exhausted'"}
{"status":"failed", "error":"'API quota is exhausted'"}
{"status":"failed", "error":"'API quota is exhausted'"}
{"status":"failed", "error":"'API quota is exhausted'"}
{"status":"failed", "error":"'API quota is exhausted'"}
{"status":"failed", "error":"'API quota is exhausted'"}
{"status":"failed", "error":"'API quota is exhausted'"}
{"status":"failed", "error":"'API quota is exhausted'"}
{"status":"failed", "error":"'API quota is exhausted'"}
{"status":"failed", "error":"'API quota is exhausted'"}
{"status":"failed", "error":"'API quota is exhausted'"}
{"status":"failed", "error":"'API quota is exhausted'"}
{"status":"failed", "error":"'API quota is exhausted'"}
{"status":"failed", "error":"'API quota is exhausted'"}
{"status":"failed", "error":"'API quota is exhausted'"}
{"status":"failed", "error":"'API quota is exhausted'"}
{"status":"failed", "error":"'API quota is exhausted'"}
{"status":"failed", "error":"'API quota is exhausted'"}
{"status":"ok","lang":"zh_CN","server_time":1522068389,"tzshift":28800,"location":[51.780976,-0.146517],"unit":"metric","result":{"status":"ok","temperature":10.38,"skycon":"CLEAR_NIGHT","cloudrate":0.01,"aqi":10.0,"humidity":0.54,"pres":100860.22,"pm25":10.0,"precipitation":{"local":{"status":"ok","intensity":0.0,"datasource":"gfs"}},"wind":{"direction":274.68,"speed":10.8}}}
{"status":"ok","lang":"zh_CN","server_time":1522068389,"tzshift":28800,"location":[51.780976,-0.146517],"unit":"metric","result":{"status":"ok","temperature":10.38,"skycon":"CLEAR_NIGHT","cloudrate":0.01,"aqi":10.0,"humidity":0.54,"pres":100860.22,"pm25":10.0,"precipitation":{"local":{"status":"ok","intensity":0.0,"datasource":"gfs"}},"wind":{"direction":274.68,"speed":10.8}}}
{"status":"ok","lang":"zh_CN","server_time":1522070796,"tzshift":28800,"location":[51.780976,-0.146517],"unit":"metric","result":{"status":"ok","temperature":10.95,"skycon":"CLEAR_NIGHT","cloudrate":0.08,"aqi":10.0,"humidity":0.52,"pres":100835.96,"pm25":10.0,"precipitation":{"local":{"status":"ok","intensity":0.0,"datasource":"gfs"}},"wind":{"direction":269.69,"speed":12.07}}}
{"status":"ok","lang":"zh_CN","server_time":1522074398,"tzshift":28800,"location":[51.780976,-0.146517],"unit":"metric","result":{"status":"ok","temperature":11.26,"skycon":"CLEAR_NIGHT","cloudrate":0.17,"aqi":10.0,"humidity":0.52,"pres":100800.71,"pm25":10.0,"precipitation":{"nearest":{"status":"ok","distance":174.07,"intensity":0.1875},"local":{"status":"ok","intensity":0.0,"datasource":"gfs"}},"wind":{"direction":266.97,"speed":12.86}}}
{"status":"ok","lang":"zh_CN","server_time":1522077992,"tzshift":28800,"location":[51.780976,-0.146517],"unit":"metric","result":{"status":"ok","temperature":10.97,"skycon":"PARTLY_CLOUDY_NIGHT","cloudrate":0.23,"aqi":10.0,"humidity":0.53,"pres":100387.94,"pm25":10.0,"precipitation":{"local":{"status":"ok","intensity":0.0,"datasource":"gfs"}},"wind":{"direction":264.13,"speed":13.85}}}
