{"status":"ok","lang":"zh_CN","server_time":1521995195,"tzshift":28800,"location":[51.430976,-0.446521],"unit":"metric","result":{"status":"ok","temperature":11.58,"skycon":"CLOUDY","cloudrate":0.83,"aqi":10.0,"humidity":0.57,"pres":100599.04,"pm25":10.0,"precipitation":{"nearest":{"status":"ok","distance":10000.0,"intensity":0.0},"local":{"status":"ok","intensity":0.0,"datasource":"gfs"}},"wind":{"direction":3.48,"speed":10.19}}}
{"status":"ok","lang":"zh_CN","server_time":1521996395,"tzshift":28800,"location":[51.430976,-0.446521],"unit":"metric","result":{"status":"ok","temperature":11.58,"skycon":"CLOUDY","cloudrate":0.83,"aqi":10.0,"humidity":0.57,"pres":100599.04,"pm25":10.0,"precipitation":{"nearest":{"status":"ok","distance":119.32,"intensity":0.1875},"local":{"status":"ok","intensity":0.0,"datasource":"gfs"}},"wind":{"direction":3.48,"speed":10.19}}}
{"status":"ok","lang":"zh_CN","server_time":1521998796,"tzshift":28800,"location":[51.430976,-0.446521],"unit":"metric","result":{"status":"ok","temperature":10.89,"skycon":"CLOUDY","cloudrate":0.84,"aqi":10.0,"humidity":0.61,"pres":100631.45,"pm25":10.0,"precipitation":{"nearest":{"status":"ok","distance":42.63,"intensity":0.1875},"local":{"status":"ok","intensity":0.0144,"datasource":"gfs"}},"wind":{"direction":359.33,"speed":9.88}}}
{"status":"ok","lang":"zh_CN","server_time":1522000048,"tzshift":28800,"location":[51.430976,-0.446521],"unit":"metric","result":{"status":"ok","temperature":10.89,"skycon":"CLOUDY","cloudrate":0.84,"aqi":10.0,"humidity":0.61,"pres":100631.45,"pm25":10.0,"precipitation":{"nearest":{"status":"ok","distance":309.27,"intensity":0.1875},"local":{"status":"ok","intensity":0.0144,"datasource":"gfs"}},"wind":{"direction":359.33,"speed":9.88}}}
{"status":"ok","lang":"zh_CN","server_time":1522002402,"tzshift":28800,"location":[51.430976,-0.446521],"unit":"metric","result":{"status":"ok","temperature":10.06,"skycon":"CLOUDY","cloudrate":0.85,"aqi":10.0,"humidity":0.64,"pres":100674.23,"pm25":10.0,"precipitation":{"nearest":{"status":"ok","distance":248.53,"intensity":0.1875},"local":{"status":"ok","intensity":0.0237,"datasource":"gfs"}},"wind":{"direction":353.58,"speed":9.19}}}
{"status":"ok","lang":"zh_CN","server_time":1522003590,"tzshift":28800,"location":[51.430976,-0.446521],"unit":"metric","result":{"status":"ok","temperature":10.06,"skycon":"CLOUDY","cloudrate":0.85,"aqi":10.0,"humidity":0.64,"pres":100674.23,"pm25":10.0,"precipitation":{"nearest":{"status":"ok","distance":787.73,"intensity":0.25},"local":{"status":"ok","intensity":0.0237,"datasource":"gfs"}},"wind":{"direction":353.58,"speed":9.19}}}
{"status":"ok","lang":"zh_CN","server_time":1522005991,"tzshift":28800,"location":[51.430976,-0.446521],"unit":"metric","result":{"status":"ok","temperature":9.2,"skycon":"CLOUDY","cloudrate":0.86,"aqi":10.0,"humidity":0.67,"pres":100729.58,"pm25":10.0,"precipitation":{"nearest":{"status":"ok","distance":10000.0,"intensity":0.0},"local":{"status":"ok","intensity":0.0067,"datasource":"gfs"}},"wind":{"direction":344.63,"speed":8.18}}}
{"status":"ok","lang":"zh_CN","server_time":1522007190,"tzshift":28800,"location":[51.430976,-0.446521],"unit":"metric","result":{"status":"ok","temperature":9.2,"skycon":"CLOUDY","cloudrate":0.86,"aqi":10.0,"humidity":0.67,"pres":100729.58,"pm25":10.0,"precipitation":{"nearest":{"status":"ok","distance":10000.0,"intensity":0.0},"local":{"status":"ok","intensity":0.0067,"datasource":"gfs"}},"wind":{"direction":344.63,"speed":8.18}}}
{"status":"ok","lang":"zh_CN","server_time":1522009590,"tzshift":28800,"location":[51.430976,-0.446521],"unit":"metric","result":{"status":"ok","temperature":8.35,"skycon":"CLOUDY","cloudrate":0.87,"aqi":10.0,"humidity":0.69,"pres":100791.72,"pm25":10.0,"precipitation":{"nearest":{"status":"ok","distance":271.59,"intensity":0.1875},"local":{"status":"ok","intensity":0.0,"datasource":"gfs"}},"wind":{"direction":334.14,"speed":7.38}}}
{"status":"ok","lang":"zh_CN","server_time":1522010790,"tzshift":28800,"location":[51.430976,-0.446521],"unit":"metric","result":{"status":"ok","temperature":8.35,"skycon":"CLOUDY","cloudrate":0.87,"aqi":10.0,"humidity":0.69,"pres":100791.72,"pm25":10.0,"precipitation":{"nearest":{"status":"ok","distance":10000.0,"intensity":0.0},"local":{"status":"ok","intensity":0.0,"datasource":"gfs"}},"wind":{"direction":334.14,"speed":7.38}}}
{"status":"ok","lang":"zh_CN","server_time":1522013217,"tzshift":28800,"location":[51.430976,-0.446521],"unit":"metric","result":{"status":"ok","temperature":7.75,"skycon":"CLOUDY","cloudrate":0.84,"aqi":10.0,"humidity":0.69,"pres":100914.67,"pm25":10.0,"precipitation":{"nearest":{"status":"ok","distance":10000.0,"intensity":0.0},"local":{"status":"ok","intensity":0.0,"datasource":"gfs"}},"wind":{"direction":327.62,"speed":7.21}}}
{"status":"ok","lang":"zh_CN","server_time":1522014393,"tzshift":28800,"location":[51.430976,-0.446521],"unit":"metric","result":{"status":"ok","temperature":8.03,"skycon":"CLOUDY","cloudrate":1.0,"aqi":10.0,"humidity":0.72,"pres":100868.37,"pm25":10.0,"precipitation":{"nearest":{"status":"ok","distance":117.49,"intensity":0.1875},"local":{"status":"ok","intensity":0.0187,"datasource":"gfs"}},"wind":{"direction":311.08,"speed":5.98}}}
{"status":"failed", "error":"'API quota is exhausted'"}
{"status":"ok","lang":"zh_CN","server_time":1522017996,"tzshift":28800,"location":[51.430976,-0.446521],"unit":"metric","result":{"status":"ok","temperature":7.26,"skycon":"CLOUDY","cloudrate":0.92,"aqi":10.0,"humidity":0.73,"pres":100914.69,"pm25":10.0,"precipitation":{"nearest":{"status":"ok","distance":114.68,"intensity":0.1875},"local":{"status":"ok","intensity":0.0136,"datasource":"gfs"}},"wind":{"direction":312.53,"speed":6.3}}}
{"status":"ok","lang":"zh_CN","server_time":1522020392,"tzshift":28800,"location":[51.430976,-0.446521],"unit":"metric","result":{"status":"ok","temperature":6.51,"skycon":"PARTLY_CLOUDY_DAY","cloudrate":0.77,"aqi":10.0,"humidity":0.74,"pres":100945.88,"pm25":10.0,"precipitation":{"nearest":{"status":"ok","distance":10000.0,"intensity":0.0},"local":{"status":"ok","intensity":0.0064,"datasource":"gfs"}},"wind":{"direction":322.16,"speed":6.97}}}
{"status":"failed", "error":"'API quota is exhausted'"}
{"status":"failed", "error":"'API quota is exhausted'"}
{"status":"failed", "error":"'API quota is exhausted'"}
{"status":"failed", "error":"'API quota is exhausted'"}
{"status":"failed", "error":"'API quota is exhausted'"}
{"status":"failed", "error":"'API quota is exhausted'"}
{"status":"failed", "error":"'API quota is exhausted'"}
{"status":"failed", "error":"'API quota is exhausted'"}
{"status":"failed", "error":"'API quota is exhausted'"}
{"status":"failed", "error":"'API quota is exhausted'"}
{"status":"failed", "error":"'API quota is exhausted'"}
{"status":"failed", "error":"'API quota is exhausted'"}
{"status":"failed", "error":"'API quota is exhausted'"}
{"status":"failed", "error":"'API quota is exhausted'"}
{"status":"failed", "error":"'API quota is exhausted'"}
{"status":"failed", "error":"'API quota is exhausted'"}
{"status":"failed", "error":"'API quota is exhausted'"}
{"status":"failed", "error":"'API quota is exhausted'"}
{"status":"failed", "error":"'API quota is exhausted'"}
{"status":"ok","lang":"zh_CN","server_time":1522056393,"tzshift":28800,"location":[51.430976,-0.446521],"unit":"metric","result":{"status":"ok","temperature":7.37,"skycon":"CLEAR_DAY","cloudrate":0.0,"aqi":10.0,"humidity":0.62,"pres":101183.45,"pm25":10.0,"precipitation":{"nearest":{"status":"ok","distance":112.36,"intensity":0.1875},"local":{"status":"ok","intensity":0.0,"datasource":"gfs"}},"wind":{"direction":326.25,"speed":6.79}}}
{"status":"failed", "error":"'API quota is exhausted'"}
{"status":"failed", "error":"'API quota is exhausted'"}
{"status":"failed", "error":"'API quota is exhausted'"}
{"status":"failed", "error":"'API quota is exhausted'"}
{"status":"failed", "error":"'API quota is exhausted'"}
{"status":"failed", "error":"'API quota is exhausted'"}
{"status":"ok","lang":"zh_CN","server_time":1522068396,"tzshift":28800,"location":[51.430976,-0.446521],"unit":"metric","result":{"status":"ok","temperature":11.23,"skycon":"CLEAR_NIGHT","cloudrate":0.0,"aqi":10.0,"humidity":0.43,"pres":101201.99,"pm25":10.0,"precipitation":{"local":{"status":"ok","intensity":0.0,"datasource":"gfs"}},"wind":{"direction":280.88,"speed":7.88}}}
{"status":"ok","lang":"zh_CN","server_time":1522068396,"tzshift":28800,"location":[51.430976,-0.446521],"unit":"metric","result":{"status":"ok","temperature":11.23,"skycon":"CLEAR_NIGHT","cloudrate":0.0,"aqi":10.0,"humidity":0.43,"pres":101201.99,"pm25":10.0,"precipitation":{"local":{"status":"ok","intensity":0.0,"datasource":"gfs"}},"wind":{"direction":280.88,"speed":7.88}}}
{"status":"ok","lang":"zh_CN","server_time":1522070803,"tzshift":28800,"location":[51.430976,-0.446521],"unit":"metric","result":{"status":"ok","temperature":11.75,"skycon":"CLEAR_NIGHT","cloudrate":0.1,"aqi":10.0,"humidity":0.41,"pres":101178.65,"pm25":10.0,"precipitation":{"local":{"status":"ok","intensity":0.0,"datasource":"gfs"}},"wind":{"direction":272.9,"speed":9.3}}}
{"status":"ok","lang":"zh_CN","server_time":1522074407,"tzshift":28800,"location":[51.430976,-0.446521],"unit":"metric","result":{"status":"ok","temperature":11.92,"skycon":"PARTLY_CLOUDY_NIGHT","cloudrate":0.22,"aqi":10,"humidity":0.42,"pres":101144.11,"pm25":10,"precipitation":{"nearest":{"status":"ok","distance":117.38,"intensity":0.25},"local":{"status":"ok","intensity":0.0,"datasource":"gfs"}},"wind":{"direction":267.12,"speed":10.28}}}
{"status":"ok","lang":"zh_CN","server_time":1522078000,"tzshift":28800,"location":[51.430976,-0.446521],"unit":"metric","result":{"status":"ok","temperature":11.83,"skycon":"PARTLY_CLOUDY_NIGHT","cloudrate":0.32,"aqi":10,"humidity":0.43,"pres":101164.65,"pm25":10,"precipitation":{"local":{"status":"ok","intensity":0.0,"datasource":"gfs"}},"wind":{"direction":260.51,"speed":10.29}}}
