{"status":"ok","lang":"zh_CN","server_time":1521995193,"tzshift":28800,"location":[51.330976,-0.146521],"unit":"metric","result":{"status":"ok","temperature":11.06,"skycon":"CLOUDY","cloudrate":0.82,"aqi":10,"humidity":0.6,"pres":100163.74,"pm25":10,"precipitation":{"nearest":{"status":"ok","distance":220.31,"intensity":0.1875},"local":{"status":"ok","intensity":0.0,"datasource":"gfs"}},"wind":{"direction":14.72,"speed":10.31}}}
{"status":"ok","lang":"zh_CN","server_time":1521996392,"tzshift":28800,"location":[51.330976,-0.146521],"unit":"metric","result":{"status":"ok","temperature":11.06,"skycon":"CLOUDY","cloudrate":0.82,"aqi":10.0,"humidity":0.6,"pres":100163.74,"pm25":10.0,"precipitation":{"nearest":{"status":"ok","distance":10000.0,"intensity":0.0},"local":{"status":"ok","intensity":0.0,"datasource":"gfs"}},"wind":{"direction":14.72,"speed":10.31}}}
{"status":"ok","lang":"zh_CN","server_time":1521998794,"tzshift":28800,"location":[51.330976,-0.146521],"unit":"metric","result":{"status":"ok","temperature":10.32,"skycon":"CLOUDY","cloudrate":0.85,"aqi":10.0,"humidity":0.63,"pres":100194.95,"pm25":10.0,"precipitation":{"nearest":{"status":"ok","distance":186.93,"intensity":0.1875},"local":{"status":"ok","intensity":0.0,"datasource":"gfs"}},"wind":{"direction":10.03,"speed":9.55}}}
{"status":"ok","lang":"zh_CN","server_time":1521999998,"tzshift":28800,"location":[51.330976,-0.146521],"unit":"metric","result":{"status":"ok","temperature":10.32,"skycon":"CLOUDY","cloudrate":0.85,"aqi":10.0,"humidity":0.63,"pres":100194.95,"pm25":10.0,"precipitation":{"nearest":{"status":"ok","distance":296.95,"intensity":0.1875},"local":{"status":"ok","intensity":0.0,"datasource":"gfs"}},"wind":{"direction":10.03,"speed":9.55}}}
{"status":"ok","lang":"zh_CN","server_time":1522002399,"tzshift":28800,"location":[51.330976,-0.146521],"unit":"metric","result":{"status":"ok","temperature":9.52,"skycon":"CLOUDY","cloudrate":0.9,"aqi":10.0,"humidity":0.67,"pres":100236.56,"pm25":10.0,"precipitation":{"nearest":{"status":"ok","distance":250.92,"intensity":0.1875},"local":{"status":"ok","intensity":0.0,"datasource":"gfs"}},"wind":{"direction":4.59,"speed":8.46}}}
{"status":"ok","lang":"zh_CN","server_time":1522003587,"tzshift":28800,"location":[51.330976,-0.146521],"unit":"metric","result":{"status":"ok","temperature":10.69,"skycon":"CLOUDY","cloudrate":0.86,"aqi":10.0,"humidity":0.6,"pres":100663.7,"pm25":10.0,"precipitation":{"nearest":{"status":"ok","distance":450.77,"intensity":0.1875},"local":{"status":"ok","intensity":0.0076,"datasource":"gfs"}},"wind":{"direction":1.31,"speed":9.16}}}
{"status":"ok","lang":"zh_CN","server_time":1522005988,"tzshift":28800,"location":[51.330976,-0.146521],"unit":"metric","result":{"status":"ok","temperature":8.81,"skycon":"CLOUDY","cloudrate":0.95,"aqi":10.0,"humidity":0.7,"pres":100290.75,"pm25":10.0,"precipitation":{"nearest":{"status":"ok","distance":71.61,"intensity":0.1875},"local":{"status":"ok","intensity":0.0101,"datasource":"gfs"}},"wind":{"direction":358.84,"speed":7.01}}}
{"status":"ok","lang":"zh_CN","server_time":1522007187,"tzshift":28800,"location":[51.330976,-0.146521],"unit":"metric","result":{"status":"ok","temperature":8.81,"skycon":"CLOUDY","cloudrate":0.95,"aqi":10.0,"humidity":0.7,"pres":100290.75,"pm25":10.0,"precipitation":{"nearest":{"status":"ok","distance":213.79,"intensity":0.1875},"local":{"status":"ok","intensity":0.0101,"datasource":"gfs"}},"wind":{"direction":358.84,"speed":7.01}}}
{"status":"ok","lang":"zh_CN","server_time":1522009587,"tzshift":28800,"location":[51.330976,-0.146521],"unit":"metric","result":{"status":"ok","temperature":9.33,"skycon":"CLOUDY","cloudrate":1.0,"aqi":10.0,"humidity":0.66,"pres":100781.57,"pm25":10.0,"precipitation":{"nearest":{"status":"ok","distance":10000.0,"intensity":0.0},"local":{"status":"ok","intensity":0.0249,"datasource":"gfs"}},"wind":{"direction":344.29,"speed":6.78}}}
{"status":"ok","lang":"zh_CN","server_time":1522010787,"tzshift":28800,"location":[51.330976,-0.146521],"unit":"metric","result":{"status":"ok","temperature":8.18,"skycon":"CLOUDY","cloudrate":0.98,"aqi":10.0,"humidity":0.73,"pres":100351.68,"pm25":10.0,"precipitation":{"nearest":{"status":"ok","distance":10000.0,"intensity":0.0},"local":{"status":"ok","intensity":0.0178,"datasource":"gfs"}},"wind":{"direction":351.46,"speed":5.72}}}
{"status":"ok","lang":"zh_CN","server_time":1522013213,"tzshift":28800,"location":[51.330976,-0.146521],"unit":"metric","result":{"status":"ok","temperature":8.57,"skycon":"CLOUDY","cloudrate":1.0,"aqi":10.0,"humidity":0.68,"pres":100842.78,"pm25":10.0,"precipitation":{"nearest":{"status":"ok","distance":10000.0,"intensity":0.0},"local":{"status":"ok","intensity":0.0118,"datasource":"gfs"}},"wind":{"direction":336.87,"speed":6.4}}}
{"status":"ok","lang":"zh_CN","server_time":1522014390,"tzshift":28800,"location":[51.330976,-0.146521],"unit":"metric","result":{"status":"ok","temperature":9.59,"skycon":"RAIN","cloudrate":1.0,"aqi":10.0,"humidity":0.69,"pres":100864.77,"pm25":10.0,"precipitation":{"nearest":{"status":"ok","distance":10000.0,"intensity":0.0},"local":{"status":"ok","intensity":0.0732,"datasource":"gfs"}},"wind":{"direction":330.14,"speed":4.89}}}
{"status":"ok","lang":"zh_CN","server_time":1522016789,"tzshift":28800,"location":[51.330976,-0.146521],"unit":"metric","result":{"status":"ok","temperature":7.45,"skycon":"RAIN","cloudrate":0.97,"aqi":10.0,"humidity":0.77,"pres":100476.32,"pm25":10.0,"precipitation":{"nearest":{"status":"ok","distance":10000.0,"intensity":0.0},"local":{"status":"ok","intensity":0.0814,"datasource":"gfs"}},"wind":{"direction":318.27,"speed":5.04}}}
{"status":"failed", "error":"'API quota is exhausted'"}
{"status":"ok","lang":"zh_CN","server_time":1522020390,"tzshift":28800,"location":[51.330976,-0.146521],"unit":"metric","result":{"status":"ok","temperature":6.58,"skycon":"RAIN","cloudrate":0.88,"aqi":10.0,"humidity":0.78,"pres":100504.65,"pm25":10.0,"precipitation":{"nearest":{"status":"ok","distance":230.54,"intensity":0.1875},"local":{"status":"ok","intensity":0.0642,"datasource":"gfs"}},"wind":{"direction":319.95,"speed":6.45}}}
{"status":"ok","lang":"zh_CN","server_time":1522021590,"tzshift":28800,"location":[51.330976,-0.146521],"unit":"metric","result":{"status":"ok","temperature":7.42,"skycon":"RAIN","cloudrate":0.83,"aqi":10,"humidity":0.72,"pres":100941.39,"pm25":10,"precipitation":{"nearest":{"status":"ok","distance":56.61,"intensity":0.1875},"local":{"status":"ok","intensity":0.0801,"datasource":"gfs"}},"wind":{"direction":326.15,"speed":6.74}}}
{"status":"failed", "error":"'API quota is exhausted'"}
{"status":"failed", "error":"'API quota is exhausted'"}
{"status":"failed", "error":"'API quota is exhausted'"}
{"status":"failed", "error":"'API quota is exhausted'"}
{"status":"failed", "error":"'API quota is exhausted'"}
{"status":"failed", "error":"'API quota is exhausted'"}
{"status":"failed", "error":"'API quota is exhausted'"}
{"status":"failed", "error":"'API quota is exhausted'"}
{"status":"failed", "error":"'API quota is exhausted'"}
{"status":"failed", "error":"'API quota is exhausted'"}
{"status":"failed", "error":"'API quota is exhausted'"}
{"status":"failed", "error":"'API quota is exhausted'"}
{"status":"failed", "error":"'API quota is exhausted'"}
{"status":"failed", "error":"'API quota is exhausted'"}
{"status":"failed", "error":"'API quota is exhausted'"}
{"status":"failed", "error":"'API quota is exhausted'"}
{"status":"failed", "error":"'API quota is exhausted'"}
{"status":"ok","lang":"zh_CN","server_time":1522054021,"tzshift":28800,"location":[51.330976,-0.146521],"unit":"metric","result":{"status":"ok","temperature":5.71,"skycon":"CLEAR_DAY","cloudrate":0.04,"aqi":10.0,"humidity":0.72,"pres":100721.39,"pm25":10.0,"precipitation":{"nearest":{"status":"ok","distance":10000.0,"intensity":0.0},"local":{"status":"ok","intensity":0.0,"datasource":"gfs"}},"wind":{"direction":335.11,"speed":7.99}}}
{"status":"failed", "error":"'API quota is exhausted'"}
{"status":"failed", "error":"'API quota is exhausted'"}
{"status":"failed", "error":"'API quota is exhausted'"}
{"status":"failed", "error":"'API quota is exhausted'"}
{"status":"failed", "error":"'API quota is exhausted'"}
{"status":"failed", "error":"'API quota is exhausted'"}
{"status":"failed", "error":"'API quota is exhausted'"}
{"status":"ok","lang":"zh_CN","server_time":1522068393,"tzshift":28800,"location":[51.330976,-0.146521],"unit":"metric","result":{"status":"ok","temperature":11.37,"skycon":"CLEAR_NIGHT","cloudrate":0.0,"aqi":10.0,"humidity":0.4,"pres":101208.97,"pm25":10.0,"precipitation":{"nearest":{"status":"ok","distance":572.49,"intensity":0.25},"local":{"status":"ok","intensity":0.0,"datasource":"gfs"}},"wind":{"direction":296.37,"speed":7.44}}}
{"status":"ok","lang":"zh_CN","server_time":1522068393,"tzshift":28800,"location":[51.330976,-0.146521],"unit":"metric","result":{"status":"ok","temperature":11.37,"skycon":"CLEAR_NIGHT","cloudrate":0.0,"aqi":10.0,"humidity":0.4,"pres":101208.97,"pm25":10.0,"precipitation":{"nearest":{"status":"ok","distance":572.49,"intensity":0.25},"local":{"status":"ok","intensity":0.0,"datasource":"gfs"}},"wind":{"direction":296.37,"speed":7.44}}}
{"status":"ok","lang":"zh_CN","server_time":1522070801,"tzshift":28800,"location":[51.330976,-0.146521],"unit":"metric","result":{"status":"ok","temperature":11.33,"skycon":"CLEAR_NIGHT","cloudrate":0.11,"aqi":10.0,"humidity":0.43,"pres":100751.84,"pm25":10.0,"precipitation":{"nearest":{"status":"ok","distance":340.23,"intensity":0.1875},"local":{"status":"ok","intensity":0.0,"datasource":"gfs"}},"wind":{"direction":282.62,"speed":9.5}}}
{"status":"ok","lang":"zh_CN","server_time":1522074402,"tzshift":28800,"location":[51.330976,-0.146521],"unit":"metric","result":{"status":"ok","temperature":11.52,"skycon":"PARTLY_CLOUDY_NIGHT","cloudrate":0.26,"aqi":10.0,"humidity":0.44,"pres":100719.68,"pm25":10.0,"precipitation":{"nearest":{"status":"ok","distance":88.81,"intensity":0.1875},"local":{"status":"ok","intensity":0.0,"datasource":"gfs"}},"wind":{"direction":273.64,"speed":10.3}}}
{"status":"ok","lang":"zh_CN","server_time":1522077997,"tzshift":28800,"location":[51.330976,-0.146521],"unit":"metric","result":{"status":"ok","temperature":11.3,"skycon":"PARTLY_CLOUDY_NIGHT","cloudrate":0.39,"aqi":10.0,"humidity":0.47,"pres":100682.1,"pm25":10.0,"precipitation":{"local":{"status":"ok","intensity":0.0,"datasource":"gfs"}},"wind":{"direction":264.84,"speed":10.47}}}
