{"status":"ok","lang":"zh_CN","server_time":1521995193,"tzshift":28800,"location":[51.330976,0.053479],"unit":"metric","result":{"status":"ok","temperature":10.79,"skycon":"CLOUDY","cloudrate":0.84,"aqi":10.0,"humidity":0.61,"pres":100138.72,"pm25":10.0,"precipitation":{"nearest":{"status":"ok","distance":10000.0,"intensity":0.0},"local":{"status":"ok","intensity":0.0,"datasource":"gfs"}},"wind":{"direction":19.1,"speed":10.28}}}
{"status":"ok","lang":"zh_CN","server_time":1521996393,"tzshift":28800,"location":[51.330976,0.053479],"unit":"metric","result":{"status":"ok","temperature":10.79,"skycon":"CLOUDY","cloudrate":0.84,"aqi":10.0,"humidity":0.61,"pres":100138.72,"pm25":10.0,"precipitation":{"nearest":{"status":"ok","distance":10000.0,"intensity":0.0},"local":{"status":"ok","intensity":0.0,"datasource":"gfs"}},"wind":{"direction":19.1,"speed":10.28}}}
{"status":"ok","lang":"zh_CN","server_time":1521998794,"tzshift":28800,"location":[51.330976,0.053479],"unit":"metric","result":{"status":"ok","temperature":10.1,"skycon":"CLOUDY","cloudrate":0.87,"aqi":10,"humidity":0.64,"pres":100167.73,"pm25":10,"precipitation":{"nearest":{"status":"ok","distance":180.83,"intensity":0.1875},"local":{"status":"ok","intensity":0.0,"datasource":"gfs"}},"wind":{"direction":15.63,"speed":9.18}}}
{"status":"ok","lang":"zh_CN","server_time":1521999999,"tzshift":28800,"location":[51.330976,0.053479],"unit":"metric","result":{"status":"ok","temperature":10.1,"skycon":"CLOUDY","cloudrate":0.87,"aqi":10.0,"humidity":0.64,"pres":100167.73,"pm25":10.0,"precipitation":{"nearest":{"status":"ok","distance":443.16,"intensity":0.1875},"local":{"status":"ok","intensity":0.0,"datasource":"gfs"}},"wind":{"direction":15.64,"speed":9.18}}}
{"status":"ok","lang":"zh_CN","server_time":1522002400,"tzshift":28800,"location":[51.330976,0.053479],"unit":"metric","result":{"status":"ok","temperature":9.35,"skycon":"CLOUDY","cloudrate":0.91,"aqi":10.0,"humidity":0.68,"pres":100207.85,"pm25":10.0,"precipitation":{"nearest":{"status":"ok","distance":403.73,"intensity":0.1875},"local":{"status":"ok","intensity":0.0,"datasource":"gfs"}},"wind":{"direction":12.33,"speed":7.75}}}
{"status":"ok","lang":"zh_CN","server_time":1522003588,"tzshift":28800,"location":[51.330976,0.053479],"unit":"metric","result":{"status":"ok","temperature":9.35,"skycon":"CLOUDY","cloudrate":0.91,"aqi":10.0,"humidity":0.68,"pres":100207.85,"pm25":10.0,"precipitation":{"nearest":{"status":"ok","distance":10000.0,"intensity":0.0},"local":{"status":"ok","intensity":0.0,"datasource":"gfs"}},"wind":{"direction":12.33,"speed":7.75}}}
{"status":"ok","lang":"zh_CN","server_time":1522005989,"tzshift":28800,"location":[51.330976,0.053479],"unit":"metric","result":{"status":"ok","temperature":8.72,"skycon":"CLOUDY","cloudrate":0.96,"aqi":10,"humidity":0.71,"pres":100262.03,"pm25":10,"precipitation":{"nearest":{"status":"ok","distance":145.62,"intensity":0.1875},"local":{"status":"ok","intensity":0.0056,"datasource":"gfs"}},"wind":{"direction":11.18,"speed":6.02}}}
{"status":"ok","lang":"zh_CN","server_time":1522007188,"tzshift":28800,"location":[51.330976,0.053479],"unit":"metric","result":{"status":"ok","temperature":8.72,"skycon":"CLOUDY","cloudrate":0.96,"aqi":10,"humidity":0.71,"pres":100262.03,"pm25":10,"precipitation":{"nearest":{"status":"ok","distance":2.61,"intensity":0.1875},"local":{"status":"ok","intensity":0.0056,"datasource":"gfs"}},"wind":{"direction":11.18,"speed":6.02}}}
{"status":"ok","lang":"zh_CN","server_time":1522009588,"tzshift":28800,"location":[51.330976,0.053479],"unit":"metric","result":{"status":"ok","temperature":8.16,"skycon":"RAIN","cloudrate":0.99,"aqi":10.0,"humidity":0.74,"pres":100323.57,"pm25":10.0,"precipitation":{"nearest":{"status":"ok","distance":10000.0,"intensity":0.0},"local":{"status":"ok","intensity":0.0317,"datasource":"gfs"}},"wind":{"direction":9.74,"speed":4.4}}}
{"status":"ok","lang":"zh_CN","server_time":1522010788,"tzshift":28800,"location":[51.330976,0.053479],"unit":"metric","result":{"status":"ok","temperature":8.16,"skycon":"RAIN","cloudrate":0.99,"aqi":10.0,"humidity":0.74,"pres":100323.57,"pm25":10.0,"precipitation":{"nearest":{"status":"ok","distance":10000.0,"intensity":0.0},"local":{"status":"ok","intensity":0.0317,"datasource":"gfs"}},"wind":{"direction":9.74,"speed":4.4}}}
{"status":"ok","lang":"zh_CN","server_time":1522013214,"tzshift":28800,"location":[51.330976,0.053479],"unit":"metric","result":{"status":"ok","temperature":7.57,"skycon":"RAIN","cloudrate":0.99,"aqi":10.0,"humidity":0.76,"pres":100383.37,"pm25":10.0,"precipitation":{"nearest":{"status":"ok","distance":10000.0,"intensity":0.0},"local":{"status":"ok","intensity":0.0461,"datasource":"gfs"}},"wind":{"direction":359.91,"speed":3.5}}}
{"status":"ok","lang":"zh_CN","server_time":1522014391,"tzshift":28800,"location":[51.330976,0.053479],"unit":"metric","result":{"status":"ok","temperature":8.2,"skycon":"RAIN","cloudrate":1.0,"aqi":10,"humidity":0.77,"pres":100404.0,"pm25":10,"precipitation":{"nearest":{"status":"ok","distance":10000.0,"intensity":0.0},"local":{"status":"ok","intensity":0.097,"datasource":"gfs"}},"wind":{"direction":332.02,"speed":2.53}}}
{"status":"ok","lang":"zh_CN","server_time":1522016790,"tzshift":28800,"location":[51.330976,0.053479],"unit":"metric","result":{"status":"ok","temperature":7.6,"skycon":"RAIN","cloudrate":1.0,"aqi":10.0,"humidity":0.78,"pres":100446.99,"pm25":10.0,"precipitation":{"nearest":{"status":"ok","distance":63.5,"intensity":0.1875},"local":{"status":"ok","intensity":0.099,"datasource":"gfs"}},"wind":{"direction":313.88,"speed":3.44}}}
{"status":"failed", "error":"'API quota is exhausted'"}
{"status":"failed", "error":"'API quota is exhausted'"}
{"status":"failed", "error":"'API quota is exhausted'"}
{"status":"ok","lang":"zh_CN","server_time":1522024170,"tzshift":28800,"location":[51.330976,0.053479],"unit":"metric","result":{"status":"ok","temperature":6.17,"skycon":"RAIN","cloudrate":0.81,"aqi":10.0,"humidity":0.78,"pres":100489.09,"pm25":10.0,"precipitation":{"nearest":{"status":"ok","distance":176.96,"intensity":0.1875},"local":{"status":"ok","intensity":0.0615,"datasource":"gfs"}},"wind":{"direction":317.65,"speed":6.65}}}
{"status":"failed", "error":"'API quota is exhausted'"}
{"status":"failed", "error":"'API quota is exhausted'"}
{"status":"failed", "error":"'API quota is exhausted'"}
{"status":"ok","lang":"zh_CN","server_time":1522031193,"tzshift":28800,"location":[51.330976,0.053479],"unit":"metric","result":{"status":"ok","temperature":5.0,"skycon":"PARTLY_CLOUDY_DAY","cloudrate":0.25,"aqi":10.0,"humidity":0.78,"pres":100514.61,"pm25":10.0,"precipitation":{"nearest":{"status":"ok","distance":10000.0,"intensity":0.0},"local":{"status":"ok","intensity":0.0,"datasource":"gfs"}},"wind":{"direction":328.21,"speed":7.95}}}
{"status":"failed", "error":"'API quota is exhausted'"}
{"status":"failed", "error":"'API quota is exhausted'"}
{"status":"ok","lang":"zh_CN","server_time":1522035995,"tzshift":28800,"location":[51.330976,0.053479],"unit":"metric","result":{"status":"ok","temperature":4.74,"skycon":"CLEAR_DAY","cloudrate":0.11,"aqi":10.0,"humidity":0.78,"pres":100562.28,"pm25":10.0,"precipitation":{"nearest":{"status":"ok","distance":10000.0,"intensity":0.0},"local":{"status":"ok","intensity":0.0,"datasource":"gfs"}},"wind":{"direction":336.02,"speed":8.06}}}
{"status":"failed", "error":"'API quota is exhausted'"}
{"status":"failed", "error":"'API quota is exhausted'"}
{"status":"failed", "error":"'API quota is exhausted'"}
{"status":"failed", "error":"'API quota is exhausted'"}
{"status":"failed", "error":"'API quota is exhausted'"}
{"status":"failed", "error":"'API quota is exhausted'"}
{"status":"failed", "error":"'API quota is exhausted'"}
{"status":"failed", "error":"'API quota is exhausted'"}
{"status":"failed", "error":"'API quota is exhausted'"}
{"status":"failed", "error":"'API quota is exhausted'"}
{"status":"failed", "error":"'API quota is exhausted'"}
{"status":"failed", "error":"'API quota is exhausted'"}
{"status":"failed", "error":"'API quota is exhausted'"}
{"status":"failed", "error":"'API quota is exhausted'"}
{"status":"failed", "error":"'API quota is exhausted'"}
{"status":"failed", "error":"'API quota is exhausted'"}
{"status":"failed", "error":"'API quota is exhausted'"}
{"status":"ok","lang":"zh_CN","server_time":1522068394,"tzshift":28800,"location":[51.330976,0.053479],"unit":"metric","result":{"status":"ok","temperature":10.84,"skycon":"CLEAR_NIGHT","cloudrate":0.0,"aqi":10.0,"humidity":0.45,"pres":100744.0,"pm25":10.0,"precipitation":{"nearest":{"status":"ok","distance":216.05,"intensity":0.25},"local":{"status":"ok","intensity":0.0,"datasource":"gfs"}},"wind":{"direction":298.32,"speed":8.67}}}
{"status":"ok","lang":"zh_CN","server_time":1522068394,"tzshift":28800,"location":[51.330976,0.053479],"unit":"metric","result":{"status":"ok","temperature":10.84,"skycon":"CLEAR_NIGHT","cloudrate":0.0,"aqi":10.0,"humidity":0.45,"pres":100744.0,"pm25":10.0,"precipitation":{"nearest":{"status":"ok","distance":216.05,"intensity":0.25},"local":{"status":"ok","intensity":0.0,"datasource":"gfs"}},"wind":{"direction":298.32,"speed":8.67}}}
{"status":"ok","lang":"zh_CN","server_time":1522070802,"tzshift":28800,"location":[51.330976,0.053479],"unit":"metric","result":{"status":"ok","temperature":11.35,"skycon":"CLEAR_NIGHT","cloudrate":0.09,"aqi":10.0,"humidity":0.43,"pres":100723.15,"pm25":10.0,"precipitation":{"nearest":{"status":"ok","distance":996.61,"intensity":0.3125},"local":{"status":"ok","intensity":0.0,"datasource":"gfs"}},"wind":{"direction":286.89,"speed":9.41}}}
{"status":"ok","lang":"zh_CN","server_time":1522074404,"tzshift":28800,"location":[51.330976,0.053479],"unit":"metric","result":{"status":"ok","temperature":11.53,"skycon":"PARTLY_CLOUDY_NIGHT","cloudrate":0.21,"aqi":10.0,"humidity":0.43,"pres":100691.29,"pm25":10.0,"precipitation":{"local":{"status":"ok","intensity":0.0,"datasource":"gfs"}},"wind":{"direction":277.02,"speed":9.96}}}
{"status":"ok","lang":"zh_CN","server_time":1522077998,"tzshift":28800,"location":[51.330976,0.053479],"unit":"metric","result":{"status":"ok","temperature":11.31,"skycon":"PARTLY_CLOUDY_NIGHT","cloudrate":0.33,"aqi":10.0,"humidity":0.46,"pres":100654.31,"pm25":10.0,"precipitation":{"nearest":{"status":"ok","distance":234.92,"intensity":0.1875},"local":{"status":"ok","intensity":0.0,"datasource":"gfs"}},"wind":{"direction":267.63,"speed":10.08}}}
