{"status":"ok","lang":"zh_CN","server_time":1521995194,"tzshift":28800,"location":[51.330976,0.253479],"unit":"metric","result":{"status":"ok","temperature":10.49,"skycon":"CLOUDY","cloudrate":0.88,"aqi":10.0,"humidity":0.64,"pres":100283.42,"pm25":10.0,"precipitation":{"nearest":{"status":"ok","distance":285.83,"intensity":0.1875},"local":{"status":"ok","intensity":0.0,"datasource":"gfs"}},"wind":{"direction":21.19,"speed":10.24}}}
{"status":"ok","lang":"zh_CN","server_time":1521996394,"tzshift":28800,"location":[51.330976,0.253479],"unit":"metric","result":{"status":"ok","temperature":10.49,"skycon":"CLOUDY","cloudrate":0.88,"aqi":10.0,"humidity":0.64,"pres":100283.42,"pm25":10.0,"precipitation":{"nearest":{"status":"ok","distance":10000.0,"intensity":0.0},"local":{"status":"ok","intensity":0.0,"datasource":"gfs"}},"wind":{"direction":21.19,"speed":10.24}}}
{"status":"ok","lang":"zh_CN","server_time":1521998795,"tzshift":28800,"location":[51.330976,0.253479],"unit":"metric","result":{"status":"ok","temperature":9.78,"skycon":"CLOUDY","cloudrate":0.9,"aqi":10.0,"humidity":0.67,"pres":100310.24,"pm25":10.0,"precipitation":{"nearest":{"status":"ok","distance":10000.0,"intensity":0.0},"local":{"status":"ok","intensity":0.0,"datasource":"gfs"}},"wind":{"direction":20.58,"speed":8.68}}}
{"status":"ok","lang":"zh_CN","server_time":1522000000,"tzshift":28800,"location":[51.330976,0.253479],"unit":"metric","result":{"status":"ok","temperature":9.78,"skycon":"CLOUDY","cloudrate":0.9,"aqi":10,"humidity":0.67,"pres":100310.24,"pm25":10,"precipitation":{"nearest":{"status":"ok","distance":323.44,"intensity":0.1875},"local":{"status":"ok","intensity":0.0,"datasource":"gfs"}},"wind":{"direction":20.58,"speed":8.68}}}
{"status":"ok","lang":"zh_CN","server_time":1522002401,"tzshift":28800,"location":[51.330976,0.253479],"unit":"metric","result":{"status":"ok","temperature":9.04,"skycon":"CLOUDY","cloudrate":0.93,"aqi":10.0,"humidity":0.71,"pres":100349.04,"pm25":10.0,"precipitation":{"nearest":{"status":"ok","distance":40.84,"intensity":0.1875},"local":{"status":"ok","intensity":0.0,"datasource":"gfs"}},"wind":{"direction":21.99,"speed":6.86}}}
{"status":"ok","lang":"zh_CN","server_time":1522003589,"tzshift":28800,"location":[51.330976,0.253479],"unit":"metric","result":{"status":"ok","temperature":9.04,"skycon":"CLOUDY","cloudrate":0.93,"aqi":10.0,"humidity":0.71,"pres":100349.04,"pm25":10.0,"precipitation":{"nearest":{"status":"ok","distance":10000.0,"intensity":0.0},"local":{"status":"ok","intensity":0.0,"datasource":"gfs"}},"wind":{"direction":21.99,"speed":6.86}}}
{"status":"ok","lang":"zh_CN","server_time":1522005990,"tzshift":28800,"location":[51.330976,0.253479],"unit":"metric","result":{"status":"ok","temperature":8.46,"skycon":"CLOUDY","cloudrate":0.96,"aqi":10.0,"humidity":0.74,"pres":100403.79,"pm25":10.0,"precipitation":{"nearest":{"status":"ok","distance":38.22,"intensity":0.1875},"local":{"status":"ok","intensity":0.0,"datasource":"gfs"}},"wind":{"direction":29.72,"speed":5.04}}}
{"status":"ok","lang":"zh_CN","server_time":1522007189,"tzshift":28800,"location":[51.330976,0.253479],"unit":"metric","result":{"status":"ok","temperature":8.46,"skycon":"CLOUDY","cloudrate":0.96,"aqi":10.0,"humidity":0.74,"pres":100403.79,"pm25":10.0,"precipitation":{"nearest":{"status":"ok","distance":133.57,"intensity":0.1875},"local":{"status":"ok","intensity":0.0,"datasource":"gfs"}},"wind":{"direction":29.72,"speed":5.04}}}
{"status":"ok","lang":"zh_CN","server_time":1522009589,"tzshift":28800,"location":[51.330976,0.253479],"unit":"metric","result":{"status":"ok","temperature":7.98,"skycon":"RAIN","cloudrate":0.99,"aqi":10.0,"humidity":0.76,"pres":100466.61,"pm25":10.0,"precipitation":{"nearest":{"status":"ok","distance":137.07,"intensity":0.1875},"local":{"status":"ok","intensity":0.0315,"datasource":"gfs"}},"wind":{"direction":42.97,"speed":3.53}}}
{"status":"ok","lang":"zh_CN","server_time":1522010789,"tzshift":28800,"location":[51.330976,0.253479],"unit":"metric","result":{"status":"ok","temperature":7.98,"skycon":"RAIN","cloudrate":0.99,"aqi":10.0,"humidity":0.76,"pres":100466.61,"pm25":10.0,"precipitation":{"nearest":{"status":"ok","distance":10000.0,"intensity":0.0},"local":{"status":"ok","intensity":0.0315,"datasource":"gfs"}},"wind":{"direction":42.97,"speed":3.53}}}
{"status":"ok","lang":"zh_CN","server_time":1522013216,"tzshift":28800,"location":[51.330976,0.253479],"unit":"metric","result":{"status":"ok","temperature":7.45,"skycon":"RAIN","cloudrate":0.99,"aqi":10.0,"humidity":0.78,"pres":100526.7,"pm25":10.0,"precipitation":{"nearest":{"status":"ok","distance":10000.0,"intensity":0.0},"local":{"status":"ok","intensity":0.0542,"datasource":"gfs"}},"wind":{"direction":49.45,"speed":2.2}}}
{"status":"ok","lang":"zh_CN","server_time":1522014392,"tzshift":28800,"location":[51.330976,0.253479],"unit":"metric","result":{"status":"ok","temperature":7.97,"skycon":"RAIN","cloudrate":1.0,"aqi":10,"humidity":0.79,"pres":100546.92,"pm25":10,"precipitation":{"nearest":{"status":"ok","distance":10000.0,"intensity":0.0},"local":{"status":"ok","intensity":0.0971,"datasource":"gfs"}},"wind":{"direction":27.46,"speed":0.58}}}
{"status":"failed", "error":"'API quota is exhausted'"}
{"status":"ok","lang":"zh_CN","server_time":1522017995,"tzshift":28800,"location":[51.330976,0.253479],"unit":"metric","result":{"status":"ok","temperature":7.56,"skycon":"RAIN","cloudrate":1.0,"aqi":10,"humidity":0.8,"pres":100587.85,"pm25":10,"precipitation":{"nearest":{"status":"ok","distance":61.55,"intensity":0.1875},"local":{"status":"ok","intensity":0.1055,"datasource":"gfs"}},"wind":{"direction":283.28,"speed":1.21}}}
{"status":"failed", "error":"'API quota is exhausted'"}
{"status":"failed", "error":"'API quota is exhausted'"}
{"status":"failed", "error":"'API quota is exhausted'"}
{"status":"failed", "error":"'API quota is exhausted'"}
{"status":"failed", "error":"'API quota is exhausted'"}
{"status":"failed", "error":"'API quota is exhausted'"}
{"status":"failed", "error":"'API quota is exhausted'"}
{"status":"failed", "error":"'API quota is exhausted'"}
{"status":"failed", "error":"'API quota is exhausted'"}
{"status":"failed", "error":"'API quota is exhausted'"}
{"status":"failed", "error":"'API quota is exhausted'"}
{"status":"failed", "error":"'API quota is exhausted'"}
{"status":"failed", "error":"'API quota is exhausted'"}
{"status":"failed", "error":"'API quota is exhausted'"}
{"status":"failed", "error":"'API quota is exhausted'"}
{"status":"failed", "error":"'API quota is exhausted'"}
{"status":"failed", "error":"'API quota is exhausted'"}
{"status":"failed", "error":"'API quota is exhausted'"}
{"status":"failed", "error":"'API quota is exhausted'"}
{"status":"failed", "error":"'API quota is exhausted'"}
{"status":"failed", "error":"'API quota is exhausted'"}
{"status":"failed", "error":"'API quota is exhausted'"}
{"status":"failed", "error":"'API quota is exhausted'"}
{"status":"failed", "error":"'API quota is exhausted'"}
{"status":"failed", "error":"'API quota is exhausted'"}
{"status":"failed", "error":"'API quota is exhausted'"}
{"status":"failed", "error":"'API quota is exhausted'"}
{"status":"ok","lang":"zh_CN","server_time":1522068395,"tzshift":28800,"location":[51.330976,0.253479],"unit":"metric","result":{"status":"ok","temperature":10.95,"skycon":"CLEAR_NIGHT","cloudrate":0.0,"aqi":10,"humidity":0.46,"pres":100883.07,"pm25":10,"precipitation":{"nearest":{"status":"ok","distance":200.38,"intensity":0.3125},"local":{"status":"ok","intensity":0.0,"datasource":"gfs"}},"wind":{"direction":302.59,"speed":8.87}}}
{"status":"ok","lang":"zh_CN","server_time":1522068395,"tzshift":28800,"location":[51.330976,0.253479],"unit":"metric","result":{"status":"ok","temperature":10.95,"skycon":"CLEAR_NIGHT","cloudrate":0.0,"aqi":10,"humidity":0.46,"pres":100883.07,"pm25":10,"precipitation":{"nearest":{"status":"ok","distance":200.38,"intensity":0.3125},"local":{"status":"ok","intensity":0.0,"datasource":"gfs"}},"wind":{"direction":302.59,"speed":8.87}}}
{"status":"ok","lang":"zh_CN","server_time":1522070803,"tzshift":28800,"location":[51.330976,0.253479],"unit":"metric","result":{"status":"ok","temperature":11.36,"skycon":"CLEAR_NIGHT","cloudrate":0.09,"aqi":10.0,"humidity":0.44,"pres":100863.52,"pm25":10.0,"precipitation":{"nearest":{"status":"ok","distance":994.61,"intensity":0.1875},"local":{"status":"ok","intensity":0.0,"datasource":"gfs"}},"wind":{"direction":291.75,"speed":9.13}}}
{"status":"ok","lang":"zh_CN","server_time":1522074405,"tzshift":28800,"location":[51.330976,0.253479],"unit":"metric","result":{"status":"ok","temperature":11.44,"skycon":"PARTLY_CLOUDY_NIGHT","cloudrate":0.21,"aqi":10,"humidity":0.44,"pres":100832.96,"pm25":10,"precipitation":{"local":{"status":"ok","intensity":0.0,"datasource":"gfs"}},"wind":{"direction":281.18,"speed":9.25}}}
{"status":"ok","lang":"zh_CN","server_time":1522077998,"tzshift":28800,"location":[51.330976,0.253479],"unit":"metric","result":{"status":"ok","temperature":11.21,"skycon":"PARTLY_CLOUDY_NIGHT","cloudrate":0.34,"aqi":10,"humidity":0.46,"pres":100796.76,"pm25":10,"precipitation":{"local":{"status":"ok","intensity":0.0,"datasource":"gfs"}},"wind":{"direction":270.65,"speed":9.12}}}
