{"status":"ok","lang":"zh_CN","server_time":1521995198,"tzshift":28800,"location":[51.430976,0.053479],"unit":"metric","result":{"status":"ok","temperature":11.38,"skycon":"PARTLY_CLOUDY_NIGHT","cloudrate":0.77,"aqi":10.0,"humidity":0.56,"pres":100547.36,"pm25":10.0,"precipitation":{"nearest":{"status":"ok","distance":321.02,"intensity":0.1875},"local":{"status":"ok","intensity":0.0,"datasource":"gfs"}},"wind":{"direction":16.87,"speed":9.59}}}
{"status":"ok","lang":"zh_CN","server_time":1521996397,"tzshift":28800,"location":[51.430976,0.053479],"unit":"metric","result":{"status":"ok","temperature":11.38,"skycon":"PARTLY_CLOUDY_NIGHT","cloudrate":0.77,"aqi":10.0,"humidity":0.56,"pres":100547.36,"pm25":10.0,"precipitation":{"nearest":{"status":"ok","distance":266.25,"intensity":0.25},"local":{"status":"ok","intensity":0.0,"datasource":"gfs"}},"wind":{"direction":16.87,"speed":9.59}}}
{"status":"ok","lang":"zh_CN","server_time":1521998798,"tzshift":28800,"location":[51.430976,0.053479],"unit":"metric","result":{"status":"ok","temperature":10.8,"skycon":"PARTLY_CLOUDY_NIGHT","cloudrate":0.8,"aqi":10,"humidity":0.59,"pres":100576.73,"pm25":10,"precipitation":{"nearest":{"status":"ok","distance":10000.0,"intensity":0.0},"local":{"status":"ok","intensity":0.0,"datasource":"gfs"}},"wind":{"direction":12.29,"speed":8.96}}}
{"status":"ok","lang":"zh_CN","server_time":1522000142,"tzshift":28800,"location":[51.430976,0.053479],"unit":"metric","result":{"status":"ok","temperature":10.8,"skycon":"PARTLY_CLOUDY_NIGHT","cloudrate":0.8,"aqi":10.0,"humidity":0.59,"pres":100576.73,"pm25":10.0,"precipitation":{"nearest":{"status":"ok","distance":142.11,"intensity":0.375},"local":{"status":"ok","intensity":0.0,"datasource":"gfs"}},"wind":{"direction":12.29,"speed":8.96}}}
{"status":"ok","lang":"zh_CN","server_time":1522002404,"tzshift":28800,"location":[51.430976,0.053479],"unit":"metric","result":{"status":"ok","temperature":10.14,"skycon":"CLOUDY","cloudrate":0.86,"aqi":10,"humidity":0.62,"pres":100616.81,"pm25":10,"precipitation":{"nearest":{"status":"ok","distance":50.07,"intensity":0.1875},"local":{"status":"ok","intensity":0.0,"datasource":"gfs"}},"wind":{"direction":8.19,"speed":7.89}}}
{"status":"ok","lang":"zh_CN","server_time":1522003592,"tzshift":28800,"location":[51.430976,0.053479],"unit":"metric","result":{"status":"ok","temperature":10.14,"skycon":"CLOUDY","cloudrate":0.86,"aqi":10.0,"humidity":0.62,"pres":100616.81,"pm25":10.0,"precipitation":{"nearest":{"status":"ok","distance":3.99,"intensity":0.1875},"local":{"status":"ok","intensity":0.0,"datasource":"gfs"}},"wind":{"direction":8.19,"speed":7.89}}}
{"status":"ok","lang":"zh_CN","server_time":1522005993,"tzshift":28800,"location":[51.430976,0.053479],"unit":"metric","result":{"status":"ok","temperature":9.53,"skycon":"CLOUDY","cloudrate":0.92,"aqi":10,"humidity":0.65,"pres":100670.32,"pm25":10,"precipitation":{"nearest":{"status":"ok","distance":10000.0,"intensity":0.0},"local":{"status":"ok","intensity":0.0,"datasource":"gfs"}},"wind":{"direction":6.02,"speed":6.24}}}
{"status":"ok","lang":"zh_CN","server_time":1522007192,"tzshift":28800,"location":[51.430976,0.053479],"unit":"metric","result":{"status":"ok","temperature":9.53,"skycon":"CLOUDY","cloudrate":0.92,"aqi":10.0,"humidity":0.65,"pres":100670.32,"pm25":10.0,"precipitation":{"nearest":{"status":"ok","distance":10000.0,"intensity":0.0},"local":{"status":"ok","intensity":0.0,"datasource":"gfs"}},"wind":{"direction":6.02,"speed":6.24}}}
{"status":"ok","lang":"zh_CN","server_time":1522009592,"tzshift":28800,"location":[51.430976,0.053479],"unit":"metric","result":{"status":"ok","temperature":8.95,"skycon":"CLOUDY","cloudrate":0.97,"aqi":10.0,"humidity":0.68,"pres":100731.14,"pm25":10.0,"precipitation":{"nearest":{"status":"ok","distance":10000.0,"intensity":0.0},"local":{"status":"ok","intensity":0.0068,"datasource":"gfs"}},"wind":{"direction":3.41,"speed":4.58}}}
{"status":"ok","lang":"zh_CN","server_time":1522010792,"tzshift":28800,"location":[51.430976,0.053479],"unit":"metric","result":{"status":"ok","temperature":8.95,"skycon":"CLOUDY","cloudrate":0.97,"aqi":10,"humidity":0.68,"pres":100731.14,"pm25":10,"precipitation":{"nearest":{"status":"ok","distance":10000.0,"intensity":0.0},"local":{"status":"ok","intensity":0.0068,"datasource":"gfs"}},"wind":{"direction":3.41,"speed":4.58}}}
{"status":"ok","lang":"zh_CN","server_time":1522013309,"tzshift":28800,"location":[51.430976,0.053479],"unit":"metric","result":{"status":"ok","temperature":8.33,"skycon":"CLOUDY","cloudrate":0.97,"aqi":10,"humidity":0.7,"pres":100790.91,"pm25":10,"precipitation":{"nearest":{"status":"ok","distance":10000.0,"intensity":0.0},"local":{"status":"ok","intensity":0.0158,"datasource":"gfs"}},"wind":{"direction":354.41,"speed":3.75}}}
{"status":"failed", "error":"'API quota is exhausted'"}
{"status":"failed", "error":"'API quota is exhausted'"}
{"status":"ok","lang":"zh_CN","server_time":1522017998,"tzshift":28800,"location":[51.430976,0.053479],"unit":"metric","result":{"status":"ok","temperature":8.32,"skycon":"RAIN","cloudrate":0.99,"aqi":10.0,"humidity":0.72,"pres":100854.1,"pm25":10.0,"precipitation":{"nearest":{"status":"ok","distance":209.01,"intensity":0.25},"local":{"status":"ok","intensity":0.082,"datasource":"gfs"}},"wind":{"direction":316.83,"speed":3.73}}}
{"status":"failed", "error":"'API quota is exhausted'"}
{"status":"ok","lang":"zh_CN","server_time":1522021595,"tzshift":28800,"location":[51.430976,0.053479],"unit":"metric","result":{"status":"ok","temperature":7.59,"skycon":"RAIN","cloudrate":0.91,"aqi":10.0,"humidity":0.72,"pres":100882.05,"pm25":10.0,"precipitation":{"nearest":{"status":"ok","distance":10000.0,"intensity":0.0},"local":{"status":"ok","intensity":0.0717,"datasource":"gfs"}},"wind":{"direction":317.74,"speed":5.45}}}
{"status":"failed", "error":"'API quota is exhausted'"}
{"status":"failed", "error":"'API quota is exhausted'"}
{"status":"failed", "error":"'API quota is exhausted'"}
{"status":"failed", "error":"'API quota is exhausted'"}
{"status":"failed", "error":"'API quota is exhausted'"}
{"status":"failed", "error":"'API quota is exhausted'"}
{"status":"failed", "error":"'API quota is exhausted'"}
{"status":"failed", "error":"'API quota is exhausted'"}
{"status":"ok","lang":"zh_CN","server_time":1522038396,"tzshift":28800,"location":[51.430976,0.053479],"unit":"metric","result":{"status":"ok","temperature":5.21,"skycon":"CLEAR_DAY","cloudrate":0.19,"aqi":10.0,"humidity":0.73,"pres":101001.96,"pm25":10.0,"precipitation":{"nearest":{"status":"ok","distance":10000.0,"intensity":0.0},"local":{"status":"ok","intensity":0.0,"datasource":"gfs"}},"wind":{"direction":337.36,"speed":7.82}}}
{"status":"failed", "error":"'API quota is exhausted'"}
{"status":"failed", "error":"'API quota is exhausted'"}
{"status":"failed", "error":"'API quota is exhausted'"}
{"status":"failed", "error":"'API quota is exhausted'"}
{"status":"failed", "error":"'API quota is exhausted'"}
{"status":"failed", "error":"'API quota is exhausted'"}
{"status":"failed", "error":"'API quota is exhausted'"}
{"status":"failed", "error":"'API quota is exhausted'"}
{"status":"failed", "error":"'API quota is exhausted'"}
{"status":"failed", "error":"'API quota is exhausted'"}
{"status":"failed", "error":"'API quota is exhausted'"}
{"status":"failed", "error":"'API quota is exhausted'"}
{"status":"failed", "error":"'API quota is exhausted'"}
{"status":"failed", "error":"'API quota is exhausted'"}
{"status":"failed", "error":"'API quota is exhausted'"}
{"status":"failed", "error":"'API quota is exhausted'"}
{"status":"ok","lang":"zh_CN","server_time":1522068398,"tzshift":28800,"location":[51.430976,0.053479],"unit":"metric","result":{"status":"ok","temperature":11.39,"skycon":"CLEAR_NIGHT","cloudrate":0.0,"aqi":10.0,"humidity":0.4,"pres":101149.9,"pm25":10.0,"precipitation":{"nearest":{"status":"ok","distance":196.82,"intensity":0.3125},"local":{"status":"ok","intensity":0.0,"datasource":"gfs"}},"wind":{"direction":294.64,"speed":7.94}}}
{"status":"ok","lang":"zh_CN","server_time":1522068398,"tzshift":28800,"location":[51.430976,0.053479],"unit":"metric","result":{"status":"ok","temperature":11.39,"skycon":"CLEAR_NIGHT","cloudrate":0.0,"aqi":10.0,"humidity":0.4,"pres":101149.9,"pm25":10.0,"precipitation":{"nearest":{"status":"ok","distance":196.82,"intensity":0.3125},"local":{"status":"ok","intensity":0.0,"datasource":"gfs"}},"wind":{"direction":294.64,"speed":7.94}}}
{"status":"ok","lang":"zh_CN","server_time":1522070806,"tzshift":28800,"location":[51.430976,0.053479],"unit":"metric","result":{"status":"ok","temperature":11.94,"skycon":"CLEAR_NIGHT","cloudrate":0.08,"aqi":10.0,"humidity":0.38,"pres":101126.88,"pm25":10.0,"precipitation":{"nearest":{"status":"ok","distance":10000.0,"intensity":0.0},"local":{"status":"ok","intensity":0.0,"datasource":"gfs"}},"wind":{"direction":284.39,"speed":8.7}}}
{"status":"ok","lang":"zh_CN","server_time":1522074409,"tzshift":28800,"location":[51.430976,0.053479],"unit":"metric","result":{"status":"ok","temperature":12.15,"skycon":"CLEAR_NIGHT","cloudrate":0.18,"aqi":10,"humidity":0.38,"pres":101092.46,"pm25":10,"precipitation":{"nearest":{"status":"ok","distance":137.57,"intensity":0.25},"local":{"status":"ok","intensity":0.0,"datasource":"gfs"}},"wind":{"direction":275.84,"speed":9.3}}}
{"status":"ok","lang":"zh_CN","server_time":1522078002,"tzshift":28800,"location":[51.430976,0.053479],"unit":"metric","result":{"status":"ok","temperature":12.01,"skycon":"PARTLY_CLOUDY_NIGHT","cloudrate":0.29,"aqi":10,"humidity":0.4,"pres":101052.8,"pm25":10,"precipitation":{"local":{"status":"ok","intensity":0.0,"datasource":"gfs"}},"wind":{"direction":268.16,"speed":9.47}}}
