{"status":"ok","lang":"zh_CN","server_time":1521995196,"tzshift":28800,"location":[51.430976,-0.246521],"unit":"metric","result":{"status":"ok","temperature":11.67,"skycon":"CLOUDY","cloudrate":0.83,"aqi":10.0,"humidity":0.55,"pres":100557.38,"pm25":10.0,"precipitation":{"nearest":{"status":"ok","distance":111.08,"intensity":0.1875},"local":{"status":"ok","intensity":0.0,"datasource":"gfs"}},"wind":{"direction":9.84,"speed":9.9}}}
{"status":"ok","lang":"zh_CN","server_time":1521996396,"tzshift":28800,"location":[51.430976,-0.246521],"unit":"metric","result":{"status":"ok","temperature":11.67,"skycon":"CLOUDY","cloudrate":0.83,"aqi":10.0,"humidity":0.55,"pres":100557.38,"pm25":10.0,"precipitation":{"nearest":{"status":"ok","distance":10000.0,"intensity":0.0},"local":{"status":"ok","intensity":0.0,"datasource":"gfs"}},"wind":{"direction":9.84,"speed":9.9}}}
{"status":"ok","lang":"zh_CN","server_time":1521998797,"tzshift":28800,"location":[51.430976,-0.246521],"unit":"metric","result":{"status":"ok","temperature":11.04,"skycon":"CLOUDY","cloudrate":0.85,"aqi":10.0,"humidity":0.58,"pres":100590.18,"pm25":10.0,"precipitation":{"nearest":{"status":"ok","distance":50.91,"intensity":0.1875},"local":{"status":"ok","intensity":0.0,"datasource":"gfs"}},"wind":{"direction":4.92,"speed":9.72}}}
{"status":"ok","lang":"zh_CN","server_time":1522000049,"tzshift":28800,"location":[51.430976,-0.246521],"unit":"metric","result":{"status":"ok","temperature":11.04,"skycon":"CLOUDY","cloudrate":0.85,"aqi":10.0,"humidity":0.58,"pres":100590.18,"pm25":10.0,"precipitation":{"nearest":{"status":"ok","distance":347.68,"intensity":0.1875},"local":{"status":"ok","intensity":0.0,"datasource":"gfs"}},"wind":{"direction":4.92,"speed":9.72}}}
{"status":"ok","lang":"zh_CN","server_time":1522002402,"tzshift":28800,"location":[51.430976,-0.246521],"unit":"metric","result":{"status":"ok","temperature":10.32,"skycon":"CLOUDY","cloudrate":0.88,"aqi":10.0,"humidity":0.61,"pres":100632.57,"pm25":10.0,"precipitation":{"nearest":{"status":"ok","distance":328.73,"intensity":0.1875},"local":{"status":"ok","intensity":0.0041,"datasource":"gfs"}},"wind":{"direction":359.0,"speed":9.08}}}
{"status":"ok","lang":"zh_CN","server_time":1522003591,"tzshift":28800,"location":[51.430976,-0.246521],"unit":"metric","result":{"status":"ok","temperature":11.34,"skycon":"CLOUDY","cloudrate":0.84,"aqi":10.0,"humidity":0.54,"pres":100920.02,"pm25":10.0,"precipitation":{"nearest":{"status":"ok","distance":375.68,"intensity":0.1875},"local":{"status":"ok","intensity":0.0175,"datasource":"gfs"}},"wind":{"direction":358.01,"speed":9.54}}}
{"status":"ok","lang":"zh_CN","server_time":1522005992,"tzshift":28800,"location":[51.430976,-0.246521],"unit":"metric","result":{"status":"ok","temperature":9.63,"skycon":"CLOUDY","cloudrate":0.92,"aqi":10.0,"humidity":0.64,"pres":100686.31,"pm25":10.0,"precipitation":{"nearest":{"status":"ok","distance":163.0,"intensity":0.1875},"local":{"status":"ok","intensity":0.0,"datasource":"gfs"}},"wind":{"direction":351.1,"speed":7.84}}}
{"status":"ok","lang":"zh_CN","server_time":1522007191,"tzshift":28800,"location":[51.430976,-0.246521],"unit":"metric","result":{"status":"ok","temperature":9.63,"skycon":"CLOUDY","cloudrate":0.92,"aqi":10.0,"humidity":0.64,"pres":100686.31,"pm25":10.0,"precipitation":{"nearest":{"status":"ok","distance":10000.0,"intensity":0.0},"local":{"status":"ok","intensity":0.0,"datasource":"gfs"}},"wind":{"direction":351.1,"speed":7.84}}}
{"status":"ok","lang":"zh_CN","server_time":1522009590,"tzshift":28800,"location":[51.430976,-0.246521],"unit":"metric","result":{"status":"ok","temperature":8.94,"skycon":"CLOUDY","cloudrate":0.96,"aqi":10.0,"humidity":0.66,"pres":100746.42,"pm25":10.0,"precipitation":{"nearest":{"status":"ok","distance":10000.0,"intensity":0.0},"local":{"status":"ok","intensity":0.0,"datasource":"gfs"}},"wind":{"direction":341.17,"speed":6.69}}}
{"status":"ok","lang":"zh_CN","server_time":1522010790,"tzshift":28800,"location":[51.430976,-0.246521],"unit":"metric","result":{"status":"ok","temperature":8.94,"skycon":"CLOUDY","cloudrate":0.96,"aqi":10.0,"humidity":0.66,"pres":100746.42,"pm25":10.0,"precipitation":{"nearest":{"status":"ok","distance":10000.0,"intensity":0.0},"local":{"status":"ok","intensity":0.0,"datasource":"gfs"}},"wind":{"direction":341.17,"speed":6.69}}}
{"status":"ok","lang":"zh_CN","server_time":1522013218,"tzshift":28800,"location":[51.430976,-0.246521],"unit":"metric","result":{"status":"ok","temperature":9.32,"skycon":"CLOUDY","cloudrate":0.95,"aqi":10.0,"humidity":0.61,"pres":101098.46,"pm25":10.0,"precipitation":{"nearest":{"status":"ok","distance":10000.0,"intensity":0.0},"local":{"status":"ok","intensity":0.0,"datasource":"gfs"}},"wind":{"direction":331.0,"speed":6.62}}}
{"status":"failed", "error":"'API quota is exhausted'"}
{"status":"ok","lang":"zh_CN","server_time":1522016793,"tzshift":28800,"location":[51.430976,-0.246521],"unit":"metric","result":{"status":"ok","temperature":7.97,"skycon":"RAIN","cloudrate":0.94,"aqi":10.0,"humidity":0.71,"pres":100870.38,"pm25":10.0,"precipitation":{"nearest":{"status":"ok","distance":111.53,"intensity":0.1875},"local":{"status":"ok","intensity":0.0435,"datasource":"gfs"}},"wind":{"direction":315.83,"speed":5.77}}}
{"status":"failed", "error":"'API quota is exhausted'"}
{"status":"failed", "error":"'API quota is exhausted'"}
{"status":"failed", "error":"'API quota is exhausted'"}
{"status":"failed", "error":"'API quota is exhausted'"}
{"status":"failed", "error":"'API quota is exhausted'"}
{"status":"failed", "error":"'API quota is exhausted'"}
{"status":"failed", "error":"'API quota is exhausted'"}
{"status":"failed", "error":"'API quota is exhausted'"}
{"status":"failed", "error":"'API quota is exhausted'"}
{"status":"failed", "error":"'API quota is exhausted'"}
{"status":"failed", "error":"'API quota is exhausted'"}
{"status":"failed", "error":"'API quota is exhausted'"}
{"status":"failed", "error":"'API quota is exhausted'"}
{"status":"failed", "error":"'API quota is exhausted'"}
{"status":"failed", "error":"'API quota is exhausted'"}
{"status":"failed", "error":"'API quota is exhausted'"}
{"status":"failed", "error":"'API quota is exhausted'"}
{"status":"failed", "error":"'API quota is exhausted'"}
{"status":"failed", "error":"'API quota is exhausted'"}
{"status":"ok","lang":"zh_CN","server_time":1522052792,"tzshift":28800,"location":[51.430976,-0.246521],"unit":"metric","result":{"status":"ok","temperature":6.07,"skycon":"CLEAR_DAY","cloudrate":0.06,"aqi":10.0,"humidity":0.67,"pres":101119.45,"pm25":10.0,"precipitation":{"nearest":{"status":"ok","distance":10000.0,"intensity":0.0},"local":{"status":"ok","intensity":0.0,"datasource":"gfs"}},"wind":{"direction":330.29,"speed":7.29}}}
{"status":"failed", "error":"'API quota is exhausted'"}
{"status":"failed", "error":"'API quota is exhausted'"}
{"status":"ok","lang":"zh_CN","server_time":1522057597,"tzshift":28800,"location":[51.430976,-0.246521],"unit":"metric","result":{"status":"ok","temperature":7.81,"skycon":"CLEAR_DAY","cloudrate":0.0,"aqi":10.0,"humidity":0.6,"pres":101149.78,"pm25":10.0,"precipitation":{"nearest":{"status":"ok","distance":111.22,"intensity":0.1875},"local":{"status":"ok","intensity":0.0,"datasource":"gfs"}},"wind":{"direction":327.53,"speed":6.28}}}
{"status":"failed", "error":"'API quota is exhausted'"}
{"status":"failed", "error":"'API quota is exhausted'"}
{"status":"failed", "error":"'API quota is exhausted'"}
{"status":"failed", "error":"'API quota is exhausted'"}
{"status":"failed", "error":"'API quota is exhausted'"}
{"status":"ok","lang":"zh_CN","server_time":1522068397,"tzshift":28800,"location":[51.430976,-0.246521],"unit":"metric","result":{"status":"ok","temperature":11.3,"skycon":"CLEAR_NIGHT","cloudrate":0.0,"aqi":10.0,"humidity":0.41,"pres":101163.11,"pm25":10.0,"precipitation":{"local":{"status":"ok","intensity":0.0,"datasource":"gfs"}},"wind":{"direction":286.42,"speed":7.73}}}
{"status":"ok","lang":"zh_CN","server_time":1522068397,"tzshift":28800,"location":[51.430976,-0.246521],"unit":"metric","result":{"status":"ok","temperature":11.3,"skycon":"CLEAR_NIGHT","cloudrate":0.0,"aqi":10.0,"humidity":0.41,"pres":101163.11,"pm25":10.0,"precipitation":{"local":{"status":"ok","intensity":0.0,"datasource":"gfs"}},"wind":{"direction":286.42,"speed":7.73}}}
{"status":"ok","lang":"zh_CN","server_time":1522070804,"tzshift":28800,"location":[51.430976,-0.246521],"unit":"metric","result":{"status":"ok","temperature":11.89,"skycon":"CLEAR_NIGHT","cloudrate":0.08,"aqi":10.0,"humidity":0.39,"pres":101139.51,"pm25":10.0,"precipitation":{"local":{"status":"ok","intensity":0.0,"datasource":"gfs"}},"wind":{"direction":276.91,"speed":8.99}}}
{"status":"ok","lang":"zh_CN","server_time":1522074408,"tzshift":28800,"location":[51.430976,-0.246521],"unit":"metric","result":{"status":"ok","temperature":12.14,"skycon":"CLEAR_NIGHT","cloudrate":0.18,"aqi":10.0,"humidity":0.39,"pres":101104.44,"pm25":10.0,"precipitation":{"local":{"status":"ok","intensity":0.0,"datasource":"gfs"}},"wind":{"direction":269.78,"speed":9.95}}}
{"status":"ok","lang":"zh_CN","server_time":1522078000,"tzshift":28800,"location":[51.430976,-0.246521],"unit":"metric","result":{"status":"ok","temperature":12.46,"skycon":"PARTLY_CLOUDY_NIGHT","cloudrate":0.27,"aqi":10.0,"humidity":0.36,"pres":101354.97,"pm25":10.0,"precipitation":{"nearest":{"status":"ok","distance":226.1,"intensity":0.25},"local":{"status":"ok","intensity":0.0,"datasource":"gfs"}},"wind":{"direction":262.05,"speed":9.68}}}
