{"status":"ok","lang":"zh_CN","server_time":1521995205,"tzshift":28800,"location":[51.630976,-0.346521],"unit":"metric","result":{"status":"ok","temperature":11.12,"skycon":"RAIN","cloudrate":0.94,"aqi":10.0,"humidity":0.6,"pres":100400.51,"pm25":10.0,"precipitation":{"nearest":{"status":"ok","distance":10000.0,"intensity":0.0},"local":{"status":"ok","intensity":0.0408,"datasource":"gfs"}},"wind":{"direction":1.04,"speed":10.3}}}
{"status":"ok","lang":"zh_CN","server_time":1521996404,"tzshift":28800,"location":[51.630976,-0.346521],"unit":"metric","result":{"status":"ok","temperature":11.12,"skycon":"RAIN","cloudrate":0.94,"aqi":10.0,"humidity":0.6,"pres":100400.51,"pm25":10.0,"precipitation":{"nearest":{"status":"ok","distance":10000.0,"intensity":0.0},"local":{"status":"ok","intensity":0.0408,"datasource":"gfs"}},"wind":{"direction":1.04,"speed":10.3}}}
{"status":"ok","lang":"zh_CN","server_time":1521998805,"tzshift":28800,"location":[51.630976,-0.346521],"unit":"metric","result":{"status":"ok","temperature":10.38,"skycon":"RAIN","cloudrate":0.93,"aqi":10.0,"humidity":0.64,"pres":100431.51,"pm25":10.0,"precipitation":{"nearest":{"status":"ok","distance":277.11,"intensity":0.1875},"local":{"status":"ok","intensity":0.0522,"datasource":"gfs"}},"wind":{"direction":357.01,"speed":9.55}}}
{"status":"ok","lang":"zh_CN","server_time":1522000150,"tzshift":28800,"location":[51.630976,-0.346521],"unit":"metric","result":{"status":"ok","temperature":10.38,"skycon":"RAIN","cloudrate":0.93,"aqi":10,"humidity":0.64,"pres":100431.51,"pm25":10,"precipitation":{"nearest":{"status":"ok","distance":10000.0,"intensity":0.0},"local":{"status":"ok","intensity":0.0522,"datasource":"gfs"}},"wind":{"direction":357.01,"speed":9.55}}}
{"status":"ok","lang":"zh_CN","server_time":1522002410,"tzshift":28800,"location":[51.630976,-0.346521],"unit":"metric","result":{"status":"ok","temperature":9.5,"skycon":"RAIN","cloudrate":0.91,"aqi":10.0,"humidity":0.67,"pres":100472.64,"pm25":10.0,"precipitation":{"nearest":{"status":"ok","distance":420.91,"intensity":0.1875},"local":{"status":"ok","intensity":0.047,"datasource":"gfs"}},"wind":{"direction":350.94,"speed":8.73}}}
{"status":"ok","lang":"zh_CN","server_time":1522003598,"tzshift":28800,"location":[51.630976,-0.346521],"unit":"metric","result":{"status":"ok","temperature":9.5,"skycon":"RAIN","cloudrate":0.91,"aqi":10.0,"humidity":0.67,"pres":100472.64,"pm25":10.0,"precipitation":{"nearest":{"status":"ok","distance":315.19,"intensity":0.1875},"local":{"status":"ok","intensity":0.047,"datasource":"gfs"}},"wind":{"direction":350.94,"speed":8.73}}}
{"status":"ok","lang":"zh_CN","server_time":1522005999,"tzshift":28800,"location":[51.630976,-0.346521],"unit":"metric","result":{"status":"ok","temperature":8.56,"skycon":"CLOUDY","cloudrate":0.92,"aqi":10.0,"humidity":0.69,"pres":100526.54,"pm25":10.0,"precipitation":{"nearest":{"status":"ok","distance":123.28,"intensity":0.1875},"local":{"status":"ok","intensity":0.0169,"datasource":"gfs"}},"wind":{"direction":341.49,"speed":8.09}}}
{"status":"ok","lang":"zh_CN","server_time":1522007198,"tzshift":28800,"location":[51.630976,-0.346521],"unit":"metric","result":{"status":"ok","temperature":8.56,"skycon":"CLOUDY","cloudrate":0.92,"aqi":10.0,"humidity":0.69,"pres":100526.54,"pm25":10.0,"precipitation":{"nearest":{"status":"ok","distance":313.25,"intensity":0.1875},"local":{"status":"ok","intensity":0.0169,"datasource":"gfs"}},"wind":{"direction":341.49,"speed":8.09}}}
{"status":"ok","lang":"zh_CN","server_time":1522009598,"tzshift":28800,"location":[51.630976,-0.346521],"unit":"metric","result":{"status":"ok","temperature":7.66,"skycon":"CLOUDY","cloudrate":0.92,"aqi":10.0,"humidity":0.71,"pres":100587.38,"pm25":10.0,"precipitation":{"nearest":{"status":"ok","distance":10000.0,"intensity":0.0},"local":{"status":"ok","intensity":0.0,"datasource":"gfs"}},"wind":{"direction":332.0,"speed":7.91}}}
{"status":"ok","lang":"zh_CN","server_time":1522010798,"tzshift":28800,"location":[51.630976,-0.346521],"unit":"metric","result":{"status":"ok","temperature":7.66,"skycon":"CLOUDY","cloudrate":0.92,"aqi":10.0,"humidity":0.71,"pres":100587.38,"pm25":10.0,"precipitation":{"nearest":{"status":"ok","distance":10000.0,"intensity":0.0},"local":{"status":"ok","intensity":0.0,"datasource":"gfs"}},"wind":{"direction":332.0,"speed":7.91}}}
{"status":"failed", "error":"'API quota is exhausted'"}
{"status":"failed", "error":"'API quota is exhausted'"}
{"status":"ok","lang":"zh_CN","server_time":1522016800,"tzshift":28800,"location":[51.630976,-0.346521],"unit":"metric","result":{"status":"ok","temperature":7.16,"skycon":"CLOUDY","cloudrate":0.94,"aqi":10.0,"humidity":0.71,"pres":100667.78,"pm25":10.0,"precipitation":{"nearest":{"status":"ok","distance":10000.0,"intensity":0.0},"local":{"status":"ok","intensity":0.0,"datasource":"gfs"}},"wind":{"direction":313.55,"speed":7.07}}}
{"status":"ok","lang":"zh_CN","server_time":1522018004,"tzshift":28800,"location":[51.630976,-0.346521],"unit":"metric","result":{"status":"ok","temperature":7.16,"skycon":"CLOUDY","cloudrate":0.94,"aqi":10,"humidity":0.71,"pres":100667.78,"pm25":10,"precipitation":{"nearest":{"status":"ok","distance":128.01,"intensity":0.25},"local":{"status":"ok","intensity":0.0,"datasource":"gfs"}},"wind":{"direction":313.55,"speed":7.07}}}
{"status":"failed", "error":"'API quota is exhausted'"}
{"status":"ok","lang":"zh_CN","server_time":1522021601,"tzshift":28800,"location":[51.630976,-0.346521],"unit":"metric","result":{"status":"ok","temperature":6.66,"skycon":"PARTLY_CLOUDY_DAY","cloudrate":0.79,"aqi":10.0,"humidity":0.71,"pres":100698.42,"pm25":10.0,"precipitation":{"nearest":{"status":"ok","distance":51.64,"intensity":0.25},"local":{"status":"ok","intensity":0.0,"datasource":"gfs"}},"wind":{"direction":327.94,"speed":7.43}}}
{"status":"failed", "error":"'API quota is exhausted'"}
{"status":"failed", "error":"'API quota is exhausted'"}
{"status":"failed", "error":"'API quota is exhausted'"}
{"status":"failed", "error":"'API quota is exhausted'"}
{"status":"ok","lang":"zh_CN","server_time":1522031203,"tzshift":28800,"location":[51.630976,-0.346521],"unit":"metric","result":{"status":"ok","temperature":5.03,"skycon":"PARTLY_CLOUDY_DAY","cloudrate":0.51,"aqi":10.0,"humidity":0.74,"pres":100785.26,"pm25":10.0,"precipitation":{"nearest":{"status":"ok","distance":10000.0,"intensity":0.0},"local":{"status":"ok","intensity":0.0,"datasource":"gfs"}},"wind":{"direction":334.18,"speed":8.52}}}
{"status":"failed", "error":"'API quota is exhausted'"}
{"status":"failed", "error":"'API quota is exhausted'"}
{"status":"failed", "error":"'API quota is exhausted'"}
{"status":"failed", "error":"'API quota is exhausted'"}
{"status":"failed", "error":"'API quota is exhausted'"}
{"status":"failed", "error":"'API quota is exhausted'"}
{"status":"failed", "error":"'API quota is exhausted'"}
{"status":"failed", "error":"'API quota is exhausted'"}
{"status":"failed", "error":"'API quota is exhausted'"}
{"status":"failed", "error":"'API quota is exhausted'"}
{"status":"failed", "error":"'API quota is exhausted'"}
{"status":"failed", "error":"'API quota is exhausted'"}
{"status":"failed", "error":"'API quota is exhausted'"}
{"status":"failed", "error":"'API quota is exhausted'"}
{"status":"failed", "error":"'API quota is exhausted'"}
{"status":"failed", "error":"'API quota is exhausted'"}
{"status":"failed", "error":"'API quota is exhausted'"}
{"status":"failed", "error":"'API quota is exhausted'"}
{"status":"failed", "error":"'API quota is exhausted'"}
{"status":"failed", "error":"'API quota is exhausted'"}
{"status":"ok","lang":"zh_CN","server_time":1522068404,"tzshift":28800,"location":[51.630976,-0.346521],"unit":"metric","result":{"status":"ok","temperature":11.03,"skycon":"CLEAR_NIGHT","cloudrate":0.01,"aqi":10.0,"humidity":0.45,"pres":100942.89,"pm25":10.0,"precipitation":{"nearest":{"status":"ok","distance":10000.0,"intensity":0.0},"local":{"status":"ok","intensity":0.0,"datasource":"gfs"}},"wind":{"direction":273.09,"speed":8.81}}}
{"status":"ok","lang":"zh_CN","server_time":1522068404,"tzshift":28800,"location":[51.630976,-0.346521],"unit":"metric","result":{"status":"ok","temperature":11.03,"skycon":"CLEAR_NIGHT","cloudrate":0.01,"aqi":10.0,"humidity":0.45,"pres":100942.89,"pm25":10.0,"precipitation":{"nearest":{"status":"ok","distance":10000.0,"intensity":0.0},"local":{"status":"ok","intensity":0.0,"datasource":"gfs"}},"wind":{"direction":273.09,"speed":8.81}}}
{"status":"ok","lang":"zh_CN","server_time":1522070812,"tzshift":28800,"location":[51.630976,-0.346521],"unit":"metric","result":{"status":"ok","temperature":11.48,"skycon":"CLEAR_NIGHT","cloudrate":0.07,"aqi":10.0,"humidity":0.45,"pres":100959.48,"pm25":10.0,"precipitation":{"nearest":{"status":"ok","distance":858.47,"intensity":0.1875},"local":{"status":"ok","intensity":0.0,"datasource":"gfs"}},"wind":{"direction":267.92,"speed":10.65}}}
{"status":"ok","lang":"zh_CN","server_time":1522074417,"tzshift":28800,"location":[51.630976,-0.346521],"unit":"metric","result":{"status":"ok","temperature":11.78,"skycon":"CLEAR_NIGHT","cloudrate":0.15,"aqi":10.0,"humidity":0.45,"pres":100923.19,"pm25":10.0,"precipitation":{"nearest":{"status":"ok","distance":10000.0,"intensity":0.0},"local":{"status":"ok","intensity":0.0,"datasource":"gfs"}},"wind":{"direction":264.34,"speed":11.69}}}
{"status":"ok","lang":"zh_CN","server_time":1522078010,"tzshift":28800,"location":[51.630976,-0.346521],"unit":"metric","result":{"status":"ok","temperature":11.67,"skycon":"PARTLY_CLOUDY_NIGHT","cloudrate":0.22,"aqi":10,"humidity":0.47,"pres":100881.01,"pm25":10,"precipitation":{"local":{"status":"ok","intensity":0.0,"datasource":"gfs"}},"wind":{"direction":261.13,"speed":11.79}}}
