{"status":"ok","lang":"zh_CN","server_time":1521995106,"tzshift":28800,"location":[51.554009,-0.23522353],"unit":"metric","result":{"status":"ok","temperature":11.68,"skycon":"CLOUDY","cloudrate":0.87,"aqi":10.0,"humidity":0.54,"pres":100679.0,"pm25":10.0,"precipitation":{"nearest":{"status":"ok","distance":10000.0,"intensity":0.0},"local":{"status":"ok","intensity":0.0,"datasource":"gfs"}},"wind":{"direction":6.67,"speed":9.8}}}
{"status":"ok","lang":"zh_CN","server_time":1521996307,"tzshift":28800,"location":[51.554009,-0.23522353],"unit":"metric","result":{"status":"ok","temperature":11.68,"skycon":"CLOUDY","cloudrate":0.87,"aqi":10,"humidity":0.54,"pres":100679.0,"pm25":10,"precipitation":{"nearest":{"status":"ok","distance":159.65,"intensity":0.1875},"local":{"status":"ok","intensity":0.0,"datasource":"gfs"}},"wind":{"direction":6.67,"speed":9.8}}}
{"status":"ok","lang":"zh_CN","server_time":1521998707,"tzshift":28800,"location":[51.554009,-0.23522353],"unit":"metric","result":{"status":"ok","temperature":11.07,"skycon":"CLOUDY","cloudrate":0.88,"aqi":10.0,"humidity":0.57,"pres":100711.34,"pm25":10.0,"precipitation":{"nearest":{"status":"ok","distance":206.0,"intensity":0.1875},"local":{"status":"ok","intensity":0.014,"datasource":"gfs"}},"wind":{"direction":2.05,"speed":9.61}}}
{"status":"ok","lang":"zh_CN","server_time":1522000145,"tzshift":28800,"location":[51.530976,-0.246521],"unit":"metric","result":{"status":"ok","temperature":11.28,"skycon":"CLOUDY","cloudrate":0.85,"aqi":10.0,"humidity":0.55,"pres":100783.06,"pm25":10.0,"precipitation":{"nearest":{"status":"ok","distance":38.93,"intensity":0.1875},"local":{"status":"ok","intensity":0.0,"datasource":"gfs"}},"wind":{"direction":3.31,"speed":9.6}}}
{"status":"ok","lang":"zh_CN","server_time":1522002306,"tzshift":28800,"location":[51.554009,-0.23522353],"unit":"metric","result":{"status":"ok","temperature":10.35,"skycon":"CLOUDY","cloudrate":0.88,"aqi":10.0,"humidity":0.61,"pres":100753.16,"pm25":10.0,"precipitation":{"nearest":{"status":"ok","distance":76.48,"intensity":0.1875},"local":{"status":"ok","intensity":0.019,"datasource":"gfs"}},"wind":{"direction":356.09,"speed":9.02}}}
{"status":"ok","lang":"zh_CN","server_time":1522003506,"tzshift":28800,"location":[51.554009,-0.23522353],"unit":"metric","result":{"status":"ok","temperature":10.35,"skycon":"CLOUDY","cloudrate":0.88,"aqi":10.0,"humidity":0.61,"pres":100753.16,"pm25":10.0,"precipitation":{"nearest":{"status":"ok","distance":10000.0,"intensity":0.0},"local":{"status":"ok","intensity":0.019,"datasource":"gfs"}},"wind":{"direction":356.09,"speed":9.02}}}
{"status":"ok","lang":"zh_CN","server_time":1522005906,"tzshift":28800,"location":[51.554009,-0.23522353],"unit":"metric","result":{"status":"ok","temperature":10.74,"skycon":"CLOUDY","cloudrate":0.89,"aqi":10.0,"humidity":0.55,"pres":100942.48,"pm25":10.0,"precipitation":{"nearest":{"status":"ok","distance":346.32,"intensity":0.1875},"local":{"status":"ok","intensity":0.0119,"datasource":"gfs"}},"wind":{"direction":346.48,"speed":8.54}}}
{"status":"ok","lang":"zh_CN","server_time":1522007105,"tzshift":28800,"location":[51.554009,-0.23522353],"unit":"metric","result":{"status":"ok","temperature":9.61,"skycon":"CLOUDY","cloudrate":0.92,"aqi":10.0,"humidity":0.63,"pres":100806.48,"pm25":10.0,"precipitation":{"nearest":{"status":"ok","distance":10000.0,"intensity":0.0},"local":{"status":"ok","intensity":0.0,"datasource":"gfs"}},"wind":{"direction":347.36,"speed":7.98}}}
{"status":"ok","lang":"zh_CN","server_time":1522009505,"tzshift":28800,"location":[51.554009,-0.23522353],"unit":"metric","result":{"status":"ok","temperature":10.05,"skycon":"CLOUDY","cloudrate":0.92,"aqi":10.0,"humidity":0.58,"pres":101003.72,"pm25":10.0,"precipitation":{"nearest":{"status":"ok","distance":10000.0,"intensity":0.0},"local":{"status":"ok","intensity":0.0,"datasource":"gfs"}},"wind":{"direction":334.51,"speed":7.58}}}
{"status":"ok","lang":"zh_CN","server_time":1522010705,"tzshift":28800,"location":[51.554009,-0.23522353],"unit":"metric","result":{"status":"ok","temperature":8.87,"skycon":"CLOUDY","cloudrate":0.96,"aqi":10.0,"humidity":0.65,"pres":100866.3,"pm25":10.0,"precipitation":{"nearest":{"status":"ok","distance":10000.0,"intensity":0.0},"local":{"status":"ok","intensity":0.0,"datasource":"gfs"}},"wind":{"direction":336.97,"speed":7.11}}}
{"status":"failed", "error":"'API quota is exhausted'"}
{"status":"failed", "error":"'API quota is exhausted'"}
{"status":"ok","lang":"zh_CN","server_time":1522016706,"tzshift":28800,"location":[51.554009,-0.23522353],"unit":"metric","result":{"status":"ok","temperature":7.86,"skycon":"CLOUDY","cloudrate":0.92,"aqi":10.0,"humidity":0.69,"pres":100988.08,"pm25":10.0,"precipitation":{"nearest":{"status":"ok","distance":10000.0,"intensity":0.0},"local":{"status":"ok","intensity":0.0084,"datasource":"gfs"}},"wind":{"direction":315.07,"speed":6.18}}}
{"status":"failed", "error":"'API quota is exhausted'"}
{"status":"ok","lang":"zh_CN","server_time":1522020397,"tzshift":28800,"location":[51.530976,-0.246521],"unit":"metric","result":{"status":"ok","temperature":8.59,"skycon":"PARTLY_CLOUDY_DAY","cloudrate":0.8,"aqi":10.0,"humidity":0.62,"pres":101259.07,"pm25":10.0,"precipitation":{"nearest":{"status":"ok","distance":14.94,"intensity":0.1875},"local":{"status":"ok","intensity":0.0137,"datasource":"gfs"}},"wind":{"direction":327.0,"speed":6.62}}}
{"status":"failed", "error":"'API quota is exhausted'"}
{"status":"failed", "error":"'API quota is exhausted'"}
{"status":"failed", "error":"'API quota is exhausted'"}
{"status":"failed", "error":"'API quota is exhausted'"}
{"status":"failed", "error":"'API quota is exhausted'"}
{"status":"failed", "error":"'API quota is exhausted'"}
{"status":"failed", "error":"'API quota is exhausted'"}
{"status":"failed", "error":"'API quota is exhausted'"}
{"status":"failed", "error":"'API quota is exhausted'"}
{"status":"failed", "error":"'API quota is exhausted'"}
{"status":"failed", "error":"'API quota is exhausted'"}
{"status":"failed", "error":"'API quota is exhausted'"}
{"status":"failed", "error":"'API quota is exhausted'"}
{"status":"failed", "error":"'API quota is exhausted'"}
{"status":"failed", "error":"'API quota is exhausted'"}
{"status":"failed", "error":"'API quota is exhausted'"}
{"status":"failed", "error":"'API quota is exhausted'"}
{"status":"failed", "error":"'API quota is exhausted'"}
{"status":"failed", "error":"'API quota is exhausted'"}
{"status":"failed", "error":"'API quota is exhausted'"}
{"status":"failed", "error":"'API quota is exhausted'"}
{"status":"failed", "error":"'API quota is exhausted'"}
{"status":"failed", "error":"'API quota is exhausted'"}
{"status":"ok","lang":"zh_CN","server_time":1522063597,"tzshift":28800,"location":[51.530976,-0.246521],"unit":"metric","result":{"status":"ok","temperature":10.53,"skycon":"CLEAR_NIGHT","cloudrate":0.0,"aqi":10.0,"humidity":0.45,"pres":101336.03,"pm25":10.0,"precipitation":{"nearest":{"status":"ok","distance":109.78,"intensity":0.1875},"local":{"status":"ok","intensity":0.0,"datasource":"gfs"}},"wind":{"direction":292.26,"speed":6.66}}}
{"status":"failed", "error":"'API quota is exhausted'"}
{"status":"failed", "error":"'API quota is exhausted'"}
{"status":"ok","lang":"zh_CN","server_time":1522068306,"tzshift":28800,"location":[51.554009,-0.23522353],"unit":"metric","result":{"status":"ok","temperature":11.37,"skycon":"CLEAR_NIGHT","cloudrate":0.0,"aqi":10.0,"humidity":0.41,"pres":101274.77,"pm25":10.0,"precipitation":{"local":{"status":"ok","intensity":0.0,"datasource":"gfs"}},"wind":{"direction":279.86,"speed":8.07}}}
{"status":"ok","lang":"zh_CN","server_time":1522068306,"tzshift":28800,"location":[51.554009,-0.23522353],"unit":"metric","result":{"status":"ok","temperature":11.37,"skycon":"CLEAR_NIGHT","cloudrate":0.0,"aqi":10.0,"humidity":0.41,"pres":101274.77,"pm25":10.0,"precipitation":{"local":{"status":"ok","intensity":0.0,"datasource":"gfs"}},"wind":{"direction":279.86,"speed":8.07}}}
{"status":"ok","lang":"zh_CN","server_time":1522070707,"tzshift":28800,"location":[51.554009,-0.23522353],"unit":"metric","result":{"status":"ok","temperature":12.01,"skycon":"CLEAR_NIGHT","cloudrate":0.05,"aqi":10.0,"humidity":0.39,"pres":101249.53,"pm25":10.0,"precipitation":{"local":{"status":"ok","intensity":0.0,"datasource":"gfs"}},"wind":{"direction":272.48,"speed":9.36}}}
{"status":"ok","lang":"zh_CN","server_time":1522074308,"tzshift":28800,"location":[51.554009,-0.23522353],"unit":"metric","result":{"status":"ok","temperature":12.31,"skycon":"CLEAR_NIGHT","cloudrate":0.11,"aqi":10.0,"humidity":0.39,"pres":101212.61,"pm25":10.0,"precipitation":{"nearest":{"status":"ok","distance":1102.18,"intensity":0.25},"local":{"status":"ok","intensity":0.0,"datasource":"gfs"}},"wind":{"direction":267.35,"speed":10.35}}}
{"status":"ok","lang":"zh_CN","server_time":1522077906,"tzshift":28800,"location":[51.554009,-0.23522353],"unit":"metric","result":{"status":"ok","temperature":12.26,"skycon":"CLEAR_NIGHT","cloudrate":0.17,"aqi":10,"humidity":0.4,"pres":101170.08,"pm25":10,"precipitation":{"local":{"status":"ok","intensity":0.0,"datasource":"gfs"}},"wind":{"direction":262.75,"speed":10.62}}}
