{"status":"ok","lang":"zh_CN","server_time":1521995110,"tzshift":28800,"location":[51.554009,-0.05522353],"unit":"metric","result":{"status":"ok","temperature":11.61,"skycon":"CLOUDY","cloudrate":0.81,"aqi":10.0,"humidity":0.54,"pres":100717.17,"pm25":10.0,"precipitation":{"nearest":{"status":"ok","distance":354.8,"intensity":0.1875},"local":{"status":"ok","intensity":0.0,"datasource":"gfs"}},"wind":{"direction":10.01,"speed":9.55}}}
{"status":"ok","lang":"zh_CN","server_time":1521996311,"tzshift":28800,"location":[51.554009,-0.05522353],"unit":"metric","result":{"status":"ok","temperature":11.61,"skycon":"CLOUDY","cloudrate":0.81,"aqi":10,"humidity":0.54,"pres":100717.17,"pm25":10,"precipitation":{"nearest":{"status":"ok","distance":10000.0,"intensity":0.0},"local":{"status":"ok","intensity":0.0,"datasource":"gfs"}},"wind":{"direction":10.01,"speed":9.55}}}
{"status":"ok","lang":"zh_CN","server_time":1521998711,"tzshift":28800,"location":[51.554009,-0.05522353],"unit":"metric","result":{"status":"ok","temperature":12.45,"skycon":"CLOUDY","cloudrate":0.81,"aqi":10.0,"humidity":0.44,"pres":100985.92,"pm25":10.0,"precipitation":{"nearest":{"status":"ok","distance":282.2,"intensity":0.1875},"local":{"status":"ok","intensity":0.0239,"datasource":"gfs"}},"wind":{"direction":5.16,"speed":9.86}}}
{"status":"ok","lang":"zh_CN","server_time":1522000146,"tzshift":28800,"location":[51.530976,-0.046521],"unit":"metric","result":{"status":"ok","temperature":11.16,"skycon":"PARTLY_CLOUDY_NIGHT","cloudrate":0.79,"aqi":10.0,"humidity":0.56,"pres":100802.4,"pm25":10.0,"precipitation":{"nearest":{"status":"ok","distance":192.93,"intensity":0.1875},"local":{"status":"ok","intensity":0.0,"datasource":"gfs"}},"wind":{"direction":6.65,"speed":9.17}}}
{"status":"ok","lang":"zh_CN","server_time":1522002311,"tzshift":28800,"location":[51.554009,-0.05522353],"unit":"metric","result":{"status":"ok","temperature":12.12,"skycon":"RAIN","cloudrate":0.86,"aqi":10.0,"humidity":0.46,"pres":101029.5,"pm25":10.0,"precipitation":{"nearest":{"status":"ok","distance":77.52,"intensity":0.1875},"local":{"status":"ok","intensity":0.034,"datasource":"gfs"}},"wind":{"direction":359.0,"speed":9.9}}}
{"status":"ok","lang":"zh_CN","server_time":1522003510,"tzshift":28800,"location":[51.554009,-0.05522353],"unit":"metric","result":{"status":"ok","temperature":10.32,"skycon":"CLOUDY","cloudrate":0.86,"aqi":10.0,"humidity":0.61,"pres":100788.96,"pm25":10.0,"precipitation":{"nearest":{"status":"ok","distance":285.46,"intensity":0.1875},"local":{"status":"ok","intensity":0.0041,"datasource":"gfs"}},"wind":{"direction":359.13,"speed":8.56}}}
{"status":"ok","lang":"zh_CN","server_time":1522005910,"tzshift":28800,"location":[51.554009,-0.05522353],"unit":"metric","result":{"status":"ok","temperature":9.63,"skycon":"CLOUDY","cloudrate":0.92,"aqi":10.0,"humidity":0.63,"pres":100841.94,"pm25":10.0,"precipitation":{"nearest":{"status":"ok","distance":375.13,"intensity":0.1875},"local":{"status":"ok","intensity":0.0,"datasource":"gfs"}},"wind":{"direction":352.27,"speed":7.31}}}
{"status":"ok","lang":"zh_CN","server_time":1522007109,"tzshift":28800,"location":[51.554009,-0.05522353],"unit":"metric","result":{"status":"ok","temperature":9.63,"skycon":"CLOUDY","cloudrate":0.92,"aqi":10.0,"humidity":0.63,"pres":100841.94,"pm25":10.0,"precipitation":{"nearest":{"status":"ok","distance":10000.0,"intensity":0.0},"local":{"status":"ok","intensity":0.0,"datasource":"gfs"}},"wind":{"direction":352.27,"speed":7.31}}}
{"status":"ok","lang":"zh_CN","server_time":1522009509,"tzshift":28800,"location":[51.554009,-0.05522353],"unit":"metric","result":{"status":"ok","temperature":8.95,"skycon":"CLOUDY","cloudrate":0.96,"aqi":10,"humidity":0.65,"pres":100901.79,"pm25":10,"precipitation":{"nearest":{"status":"ok","distance":63.52,"intensity":0.25},"local":{"status":"ok","intensity":0.0,"datasource":"gfs"}},"wind":{"direction":343.71,"speed":6.13}}}
{"status":"ok","lang":"zh_CN","server_time":1522010709,"tzshift":28800,"location":[51.554009,-0.05522353],"unit":"metric","result":{"status":"ok","temperature":8.95,"skycon":"CLOUDY","cloudrate":0.96,"aqi":10.0,"humidity":0.65,"pres":100901.79,"pm25":10.0,"precipitation":{"nearest":{"status":"ok","distance":10000.0,"intensity":0.0},"local":{"status":"ok","intensity":0.0,"datasource":"gfs"}},"wind":{"direction":343.71,"speed":6.13}}}
{"status":"ok","lang":"zh_CN","server_time":1522013313,"tzshift":28800,"location":[51.530976,-0.046521],"unit":"metric","result":{"status":"ok","temperature":8.57,"skycon":"CLOUDY","cloudrate":0.96,"aqi":10.0,"humidity":0.66,"pres":101015.45,"pm25":10.0,"precipitation":{"nearest":{"status":"ok","distance":1.06,"intensity":0.375},"local":{"status":"ok","intensity":0.0,"datasource":"gfs"}},"wind":{"direction":340.36,"speed":5.2}}}
{"status":"ok","lang":"zh_CN","server_time":1522014322,"tzshift":28800,"location":[51.534009,-0.05522353],"unit":"metric","result":{"status":"ok","temperature":9.08,"skycon":"RAIN","cloudrate":1.0,"aqi":10.0,"humidity":0.66,"pres":101025.91,"pm25":10.0,"precipitation":{"nearest":{"status":"ok","distance":10000.0,"intensity":0.0},"local":{"status":"ok","intensity":0.0502,"datasource":"gfs"}},"wind":{"direction":320.69,"speed":4.2}}}
{"status":"failed", "error":"'API quota is exhausted'"}
{"status":"ok","lang":"zh_CN","server_time":1522017911,"tzshift":28800,"location":[51.554009,-0.05522353],"unit":"metric","result":{"status":"ok","temperature":10.47,"skycon":"CLOUDY","cloudrate":1.0,"aqi":10.0,"humidity":0.55,"pres":101311.03,"pm25":10.0,"precipitation":{"nearest":{"status":"ok","distance":10000.0,"intensity":0.0},"local":{"status":"ok","intensity":0.0136,"datasource":"gfs"}},"wind":{"direction":316.84,"speed":5.67}}}
{"status":"ok","lang":"zh_CN","server_time":1522020398,"tzshift":28800,"location":[51.530976,-0.046521],"unit":"metric","result":{"status":"ok","temperature":7.65,"skycon":"RAIN","cloudrate":0.84,"aqi":10.0,"humidity":0.69,"pres":101109.22,"pm25":10.0,"precipitation":{"nearest":{"status":"ok","distance":10000.0,"intensity":0.0},"local":{"status":"ok","intensity":0.0387,"datasource":"gfs"}},"wind":{"direction":323.74,"speed":6.6}}}
{"status":"failed", "error":"'API quota is exhausted'"}
{"status":"failed", "error":"'API quota is exhausted'"}
{"status":"failed", "error":"'API quota is exhausted'"}
{"status":"failed", "error":"'API quota is exhausted'"}
{"status":"failed", "error":"'API quota is exhausted'"}
{"status":"ok","lang":"zh_CN","server_time":1522031111,"tzshift":28800,"location":[51.554009,-0.05522353],"unit":"metric","result":{"status":"ok","temperature":6.03,"skycon":"PARTLY_CLOUDY_DAY","cloudrate":0.34,"aqi":10.0,"humidity":0.69,"pres":101111.61,"pm25":10.0,"precipitation":{"nearest":{"status":"ok","distance":10000.0,"intensity":0.0},"local":{"status":"ok","intensity":0.0,"datasource":"gfs"}},"wind":{"direction":333.46,"speed":8.36}}}
{"status":"failed", "error":"'API quota is exhausted'"}
{"status":"failed", "error":"'API quota is exhausted'"}
{"status":"failed", "error":"'API quota is exhausted'"}
{"status":"failed", "error":"'API quota is exhausted'"}
{"status":"failed", "error":"'API quota is exhausted'"}
{"status":"failed", "error":"'API quota is exhausted'"}
{"status":"failed", "error":"'API quota is exhausted'"}
{"status":"failed", "error":"'API quota is exhausted'"}
{"status":"failed", "error":"'API quota is exhausted'"}
{"status":"failed", "error":"'API quota is exhausted'"}
{"status":"failed", "error":"'API quota is exhausted'"}
{"status":"ok","lang":"zh_CN","server_time":1522052797,"tzshift":28800,"location":[51.530976,-0.046521],"unit":"metric","result":{"status":"ok","temperature":6.37,"skycon":"CLEAR_DAY","cloudrate":0.08,"aqi":10.0,"humidity":0.65,"pres":101328.67,"pm25":10.0,"precipitation":{"nearest":{"status":"ok","distance":49.3,"intensity":0.1875},"local":{"status":"ok","intensity":0.0,"datasource":"gfs"}},"wind":{"direction":323.43,"speed":7.42}}}
{"status":"failed", "error":"'API quota is exhausted'"}
{"status":"failed", "error":"'API quota is exhausted'"}
{"status":"failed", "error":"'API quota is exhausted'"}
{"status":"failed", "error":"'API quota is exhausted'"}
{"status":"failed", "error":"'API quota is exhausted'"}
{"status":"failed", "error":"'API quota is exhausted'"}
{"status":"failed", "error":"'API quota is exhausted'"}
{"status":"failed", "error":"'API quota is exhausted'"}
{"status":"ok","lang":"zh_CN","server_time":1522068311,"tzshift":28800,"location":[51.554009,-0.05522353],"unit":"metric","result":{"status":"ok","temperature":11.45,"skycon":"CLEAR_NIGHT","cloudrate":0.0,"aqi":10.0,"humidity":0.4,"pres":101313.26,"pm25":10.0,"precipitation":{"nearest":{"status":"ok","distance":293.12,"intensity":0.1875},"local":{"status":"ok","intensity":0.0,"datasource":"gfs"}},"wind":{"direction":284.13,"speed":8.05}}}
{"status":"ok","lang":"zh_CN","server_time":1522068311,"tzshift":28800,"location":[51.554009,-0.05522353],"unit":"metric","result":{"status":"ok","temperature":11.45,"skycon":"CLEAR_NIGHT","cloudrate":0.0,"aqi":10.0,"humidity":0.4,"pres":101313.26,"pm25":10.0,"precipitation":{"nearest":{"status":"ok","distance":293.12,"intensity":0.1875},"local":{"status":"ok","intensity":0.0,"datasource":"gfs"}},"wind":{"direction":284.13,"speed":8.05}}}
{"status":"ok","lang":"zh_CN","server_time":1522070712,"tzshift":28800,"location":[51.554009,-0.05522353],"unit":"metric","result":{"status":"ok","temperature":12.07,"skycon":"CLEAR_NIGHT","cloudrate":0.06,"aqi":10.0,"humidity":0.38,"pres":101288.33,"pm25":10.0,"precipitation":{"local":{"status":"ok","intensity":0.0,"datasource":"gfs"}},"wind":{"direction":276.16,"speed":9.13}}}
{"status":"ok","lang":"zh_CN","server_time":1522074313,"tzshift":28800,"location":[51.554009,-0.05522353],"unit":"metric","result":{"status":"ok","temperature":12.36,"skycon":"CLEAR_NIGHT","cloudrate":0.14,"aqi":10.0,"humidity":0.38,"pres":101251.83,"pm25":10.0,"precipitation":{"nearest":{"status":"ok","distance":943.82,"intensity":0.25},"local":{"status":"ok","intensity":0.0,"datasource":"gfs"}},"wind":{"direction":270.38,"speed":9.95}}}
{"status":"ok","lang":"zh_CN","server_time":1522077911,"tzshift":28800,"location":[51.554009,-0.05522353],"unit":"metric","result":{"status":"ok","temperature":12.29,"skycon":"PARTLY_CLOUDY_NIGHT","cloudrate":0.21,"aqi":10.0,"humidity":0.39,"pres":101209.85,"pm25":10.0,"precipitation":{"nearest":{"status":"ok","distance":387.86,"intensity":0.25},"local":{"status":"ok","intensity":0.0,"datasource":"gfs"}},"wind":{"direction":265.53,"speed":10.16}}}
