{"status":"ok","lang":"zh_CN","server_time":1521995205,"tzshift":28800,"location":[51.630976,-0.246521],"unit":"metric","result":{"status":"ok","temperature":11.25,"skycon":"CLOUDY","cloudrate":0.93,"aqi":10,"humidity":0.59,"pres":100500.47,"pm25":10,"precipitation":{"nearest":{"status":"ok","distance":248.24,"intensity":0.1875},"local":{"status":"ok","intensity":0.0237,"datasource":"gfs"}},"wind":{"direction":4.07,"speed":10.16}}}
{"status":"ok","lang":"zh_CN","server_time":1521996404,"tzshift":28800,"location":[51.630976,-0.246521],"unit":"metric","result":{"status":"ok","temperature":11.25,"skycon":"CLOUDY","cloudrate":0.93,"aqi":10.0,"humidity":0.59,"pres":100500.47,"pm25":10.0,"precipitation":{"nearest":{"status":"ok","distance":158.21,"intensity":0.1875},"local":{"status":"ok","intensity":0.0237,"datasource":"gfs"}},"wind":{"direction":4.07,"speed":10.16}}}
{"status":"ok","lang":"zh_CN","server_time":1521998806,"tzshift":28800,"location":[51.630976,-0.246521],"unit":"metric","result":{"status":"ok","temperature":10.52,"skycon":"RAIN","cloudrate":0.92,"aqi":10.0,"humidity":0.62,"pres":100531.9,"pm25":10.0,"precipitation":{"nearest":{"status":"ok","distance":156.23,"intensity":0.1875},"local":{"status":"ok","intensity":0.0404,"datasource":"gfs"}},"wind":{"direction":359.6,"speed":9.53}}}
{"status":"ok","lang":"zh_CN","server_time":1522000151,"tzshift":28800,"location":[51.630976,-0.246521],"unit":"metric","result":{"status":"ok","temperature":10.52,"skycon":"RAIN","cloudrate":0.92,"aqi":10.0,"humidity":0.62,"pres":100531.9,"pm25":10.0,"precipitation":{"nearest":{"status":"ok","distance":184.25,"intensity":0.1875},"local":{"status":"ok","intensity":0.0404,"datasource":"gfs"}},"wind":{"direction":359.6,"speed":9.53}}}
{"status":"ok","lang":"zh_CN","server_time":1522002410,"tzshift":28800,"location":[51.630976,-0.246521],"unit":"metric","result":{"status":"ok","temperature":9.68,"skycon":"RAIN","cloudrate":0.91,"aqi":10.0,"humidity":0.65,"pres":100573.11,"pm25":10.0,"precipitation":{"nearest":{"status":"ok","distance":379.18,"intensity":0.1875},"local":{"status":"ok","intensity":0.0388,"datasource":"gfs"}},"wind":{"direction":353.23,"speed":8.76}}}
{"status":"ok","lang":"zh_CN","server_time":1522003599,"tzshift":28800,"location":[51.630976,-0.246521],"unit":"metric","result":{"status":"ok","temperature":9.68,"skycon":"RAIN","cloudrate":0.91,"aqi":10.0,"humidity":0.65,"pres":100573.11,"pm25":10.0,"precipitation":{"nearest":{"status":"ok","distance":358.42,"intensity":0.1875},"local":{"status":"ok","intensity":0.0388,"datasource":"gfs"}},"wind":{"direction":353.23,"speed":8.76}}}
{"status":"ok","lang":"zh_CN","server_time":1522006000,"tzshift":28800,"location":[51.630976,-0.246521],"unit":"metric","result":{"status":"ok","temperature":8.81,"skycon":"CLOUDY","cloudrate":0.94,"aqi":10.0,"humidity":0.68,"pres":100626.44,"pm25":10.0,"precipitation":{"nearest":{"status":"ok","distance":100.75,"intensity":0.1875},"local":{"status":"ok","intensity":0.0107,"datasource":"gfs"}},"wind":{"direction":343.79,"speed":8.02}}}
{"status":"ok","lang":"zh_CN","server_time":1522007199,"tzshift":28800,"location":[51.630976,-0.246521],"unit":"metric","result":{"status":"ok","temperature":8.81,"skycon":"CLOUDY","cloudrate":0.94,"aqi":10.0,"humidity":0.68,"pres":100626.44,"pm25":10.0,"precipitation":{"nearest":{"status":"ok","distance":210.39,"intensity":0.1875},"local":{"status":"ok","intensity":0.0107,"datasource":"gfs"}},"wind":{"direction":343.79,"speed":8.02}}}
{"status":"ok","lang":"zh_CN","server_time":1522009598,"tzshift":28800,"location":[51.630976,-0.246521],"unit":"metric","result":{"status":"ok","temperature":8.62,"skycon":"CLOUDY","cloudrate":0.96,"aqi":10.0,"humidity":0.66,"pres":100623.62,"pm25":10.0,"precipitation":{"nearest":{"status":"ok","distance":10000.0,"intensity":0.0},"local":{"status":"ok","intensity":0.0,"datasource":"gfs"}},"wind":{"direction":331.62,"speed":8.18}}}
{"status":"ok","lang":"zh_CN","server_time":1522010798,"tzshift":28800,"location":[51.630976,-0.246521],"unit":"metric","result":{"status":"ok","temperature":7.98,"skycon":"CLOUDY","cloudrate":0.98,"aqi":10.0,"humidity":0.69,"pres":100686.48,"pm25":10.0,"precipitation":{"nearest":{"status":"ok","distance":10000.0,"intensity":0.0},"local":{"status":"ok","intensity":0.0,"datasource":"gfs"}},"wind":{"direction":333.99,"speed":7.68}}}
{"status":"ok","lang":"zh_CN","server_time":1522013328,"tzshift":28800,"location":[51.630976,-0.246521],"unit":"metric","result":{"status":"ok","temperature":7.24,"skycon":"CLOUDY","cloudrate":0.96,"aqi":10.0,"humidity":0.7,"pres":100745.87,"pm25":10.0,"precipitation":{"nearest":{"status":"ok","distance":10000.0,"intensity":0.0},"local":{"status":"ok","intensity":0.0,"datasource":"gfs"}},"wind":{"direction":329.34,"speed":7.84}}}
{"status":"ok","lang":"zh_CN","server_time":1522014402,"tzshift":28800,"location":[51.630976,-0.246521],"unit":"metric","result":{"status":"ok","temperature":7.71,"skycon":"CLOUDY","cloudrate":1.0,"aqi":10.0,"humidity":0.71,"pres":100760.37,"pm25":10.0,"precipitation":{"nearest":{"status":"ok","distance":190.59,"intensity":0.1875},"local":{"status":"ok","intensity":0.0035,"datasource":"gfs"}},"wind":{"direction":311.58,"speed":6.38}}}
{"status":"failed", "error":"'API quota is exhausted'"}
{"status":"failed", "error":"'API quota is exhausted'"}
{"status":"failed", "error":"'API quota is exhausted'"}
{"status":"ok","lang":"zh_CN","server_time":1522021601,"tzshift":28800,"location":[51.630976,-0.246521],"unit":"metric","result":{"status":"ok","temperature":6.43,"skycon":"PARTLY_CLOUDY_DAY","cloudrate":0.76,"aqi":10.0,"humidity":0.73,"pres":100837.57,"pm25":10.0,"precipitation":{"nearest":{"status":"ok","distance":76.76,"intensity":0.1875},"local":{"status":"ok","intensity":0.0,"datasource":"gfs"}},"wind":{"direction":328.0,"speed":7.68}}}
{"status":"failed", "error":"'API quota is exhausted'"}
{"status":"failed", "error":"'API quota is exhausted'"}
{"status":"failed", "error":"'API quota is exhausted'"}
{"status":"ok","lang":"zh_CN","server_time":1522028804,"tzshift":28800,"location":[51.630976,-0.246521],"unit":"metric","result":{"status":"ok","temperature":5.63,"skycon":"PARTLY_CLOUDY_DAY","cloudrate":0.56,"aqi":10.0,"humidity":0.73,"pres":100871.98,"pm25":10.0,"precipitation":{"nearest":{"status":"ok","distance":261.89,"intensity":0.1875},"local":{"status":"ok","intensity":0.0,"datasource":"gfs"}},"wind":{"direction":337.35,"speed":8.88}}}
{"status":"failed", "error":"'API quota is exhausted'"}
{"status":"failed", "error":"'API quota is exhausted'"}
{"status":"failed", "error":"'API quota is exhausted'"}
{"status":"failed", "error":"'API quota is exhausted'"}
{"status":"failed", "error":"'API quota is exhausted'"}
{"status":"failed", "error":"'API quota is exhausted'"}
{"status":"failed", "error":"'API quota is exhausted'"}
{"status":"failed", "error":"'API quota is exhausted'"}
{"status":"failed", "error":"'API quota is exhausted'"}
{"status":"failed", "error":"'API quota is exhausted'"}
{"status":"failed", "error":"'API quota is exhausted'"}
{"status":"failed", "error":"'API quota is exhausted'"}
{"status":"failed", "error":"'API quota is exhausted'"}
{"status":"failed", "error":"'API quota is exhausted'"}
{"status":"failed", "error":"'API quota is exhausted'"}
{"status":"failed", "error":"'API quota is exhausted'"}
{"status":"failed", "error":"'API quota is exhausted'"}
{"status":"failed", "error":"'API quota is exhausted'"}
{"status":"failed", "error":"'API quota is exhausted'"}
{"status":"failed", "error":"'API quota is exhausted'"}
{"status":"failed", "error":"'API quota is exhausted'"}
{"status":"ok","lang":"zh_CN","server_time":1522068405,"tzshift":28800,"location":[51.630976,-0.246521],"unit":"metric","result":{"status":"ok","temperature":10.96,"skycon":"CLEAR_NIGHT","cloudrate":0.0,"aqi":10.0,"humidity":0.46,"pres":101087.12,"pm25":10.0,"precipitation":{"nearest":{"status":"ok","distance":10000.0,"intensity":0.0},"local":{"status":"ok","intensity":0.0,"datasource":"gfs"}},"wind":{"direction":276.15,"speed":9.06}}}
{"status":"ok","lang":"zh_CN","server_time":1522068405,"tzshift":28800,"location":[51.630976,-0.246521],"unit":"metric","result":{"status":"ok","temperature":10.96,"skycon":"CLEAR_NIGHT","cloudrate":0.0,"aqi":10.0,"humidity":0.46,"pres":101087.12,"pm25":10.0,"precipitation":{"nearest":{"status":"ok","distance":10000.0,"intensity":0.0},"local":{"status":"ok","intensity":0.0,"datasource":"gfs"}},"wind":{"direction":276.15,"speed":9.06}}}
{"status":"ok","lang":"zh_CN","server_time":1522070813,"tzshift":28800,"location":[51.630976,-0.246521],"unit":"metric","result":{"status":"ok","temperature":11.6,"skycon":"CLEAR_NIGHT","cloudrate":0.05,"aqi":10.0,"humidity":0.44,"pres":101061.87,"pm25":10.0,"precipitation":{"nearest":{"status":"ok","distance":178.51,"intensity":0.1875},"local":{"status":"ok","intensity":0.0,"datasource":"gfs"}},"wind":{"direction":269.9,"speed":10.45}}}
{"status":"ok","lang":"zh_CN","server_time":1522074417,"tzshift":28800,"location":[51.630976,-0.246521],"unit":"metric","result":{"status":"ok","temperature":12.06,"skycon":"CLEAR_NIGHT","cloudrate":0.13,"aqi":10,"humidity":0.4,"pres":100960.27,"pm25":10,"precipitation":{"local":{"status":"ok","intensity":0.0,"datasource":"gfs"}},"wind":{"direction":265.27,"speed":11.26}}}
{"status":"ok","lang":"zh_CN","server_time":1522078011,"tzshift":28800,"location":[51.630976,-0.246521],"unit":"metric","result":{"status":"ok","temperature":11.85,"skycon":"CLEAR_NIGHT","cloudrate":0.17,"aqi":10.0,"humidity":0.45,"pres":100982.82,"pm25":10.0,"precipitation":{"local":{"status":"ok","intensity":0.0,"datasource":"gfs"}},"wind":{"direction":262.71,"speed":11.59}}}
