{"status":"ok","lang":"zh_CN","server_time":1521995202,"tzshift":28800,"location":[51.530976,0.153479],"unit":"metric","result":{"status":"ok","temperature":11.44,"skycon":"PARTLY_CLOUDY_NIGHT","cloudrate":0.78,"aqi":10.0,"humidity":0.55,"pres":100762.63,"pm25":10.0,"precipitation":{"nearest":{"status":"ok","distance":196.59,"intensity":0.1875},"local":{"status":"ok","intensity":0.0,"datasource":"gfs"}},"wind":{"direction":15.39,"speed":9.03}}}
{"status":"ok","lang":"zh_CN","server_time":1521996402,"tzshift":28800,"location":[51.530976,0.153479],"unit":"metric","result":{"status":"ok","temperature":11.44,"skycon":"PARTLY_CLOUDY_NIGHT","cloudrate":0.78,"aqi":10.0,"humidity":0.55,"pres":100762.63,"pm25":10.0,"precipitation":{"nearest":{"status":"ok","distance":281.89,"intensity":0.1875},"local":{"status":"ok","intensity":0.0,"datasource":"gfs"}},"wind":{"direction":15.39,"speed":9.03}}}
{"status":"ok","lang":"zh_CN","server_time":1521998803,"tzshift":28800,"location":[51.530976,0.153479],"unit":"metric","result":{"status":"ok","temperature":10.9,"skycon":"CLOUDY","cloudrate":0.81,"aqi":10.0,"humidity":0.58,"pres":100791.23,"pm25":10.0,"precipitation":{"nearest":{"status":"ok","distance":197.62,"intensity":0.1875},"local":{"status":"ok","intensity":0.0,"datasource":"gfs"}},"wind":{"direction":10.95,"speed":8.37}}}
{"status":"ok","lang":"zh_CN","server_time":1522000147,"tzshift":28800,"location":[51.530976,0.153479],"unit":"metric","result":{"status":"ok","temperature":10.9,"skycon":"CLOUDY","cloudrate":0.81,"aqi":10.0,"humidity":0.58,"pres":100791.24,"pm25":10.0,"precipitation":{"nearest":{"status":"ok","distance":499.95,"intensity":0.25},"local":{"status":"ok","intensity":0.0,"datasource":"gfs"}},"wind":{"direction":10.95,"speed":8.37}}}
{"status":"ok","lang":"zh_CN","server_time":1522002408,"tzshift":28800,"location":[51.530976,0.153479],"unit":"metric","result":{"status":"ok","temperature":10.26,"skycon":"CLOUDY","cloudrate":0.86,"aqi":10.0,"humidity":0.61,"pres":100830.67,"pm25":10.0,"precipitation":{"nearest":{"status":"ok","distance":10000.0,"intensity":0.0},"local":{"status":"ok","intensity":0.0,"datasource":"gfs"}},"wind":{"direction":7.84,"speed":7.27}}}
{"status":"ok","lang":"zh_CN","server_time":1522003597,"tzshift":28800,"location":[51.530976,0.153479],"unit":"metric","result":{"status":"ok","temperature":10.26,"skycon":"CLOUDY","cloudrate":0.86,"aqi":10.0,"humidity":0.61,"pres":100830.67,"pm25":10.0,"precipitation":{"nearest":{"status":"ok","distance":10000.0,"intensity":0.0},"local":{"status":"ok","intensity":0.0,"datasource":"gfs"}},"wind":{"direction":7.84,"speed":7.27}}}
{"status":"ok","lang":"zh_CN","server_time":1522005997,"tzshift":28800,"location":[51.530976,0.153479],"unit":"metric","result":{"status":"ok","temperature":9.62,"skycon":"CLOUDY","cloudrate":0.92,"aqi":10.0,"humidity":0.64,"pres":100883.81,"pm25":10.0,"precipitation":{"nearest":{"status":"ok","distance":64.43,"intensity":0.1875},"local":{"status":"ok","intensity":0.0,"datasource":"gfs"}},"wind":{"direction":8.35,"speed":5.61}}}
{"status":"ok","lang":"zh_CN","server_time":1522007196,"tzshift":28800,"location":[51.530976,0.153479],"unit":"metric","result":{"status":"ok","temperature":9.62,"skycon":"CLOUDY","cloudrate":0.92,"aqi":10.0,"humidity":0.64,"pres":100883.81,"pm25":10.0,"precipitation":{"nearest":{"status":"ok","distance":10000.0,"intensity":0.0},"local":{"status":"ok","intensity":0.0,"datasource":"gfs"}},"wind":{"direction":8.35,"speed":5.61}}}
{"status":"ok","lang":"zh_CN","server_time":1522009596,"tzshift":28800,"location":[51.530976,0.153479],"unit":"metric","result":{"status":"ok","temperature":8.99,"skycon":"CLOUDY","cloudrate":0.97,"aqi":10.0,"humidity":0.67,"pres":100944.4,"pm25":10.0,"precipitation":{"nearest":{"status":"ok","distance":113.45,"intensity":0.1875},"local":{"status":"ok","intensity":0.0001,"datasource":"gfs"}},"wind":{"direction":10.27,"speed":3.95}}}
{"status":"ok","lang":"zh_CN","server_time":1522010796,"tzshift":28800,"location":[51.530976,0.153479],"unit":"metric","result":{"status":"ok","temperature":8.99,"skycon":"CLOUDY","cloudrate":0.97,"aqi":10,"humidity":0.67,"pres":100944.4,"pm25":10,"precipitation":{"nearest":{"status":"ok","distance":10000.0,"intensity":0.0},"local":{"status":"ok","intensity":0.0001,"datasource":"gfs"}},"wind":{"direction":10.27,"speed":3.95}}}
{"status":"ok","lang":"zh_CN","server_time":1522013324,"tzshift":28800,"location":[51.530976,0.153479],"unit":"metric","result":{"status":"ok","temperature":8.33,"skycon":"CLOUDY","cloudrate":0.98,"aqi":10.0,"humidity":0.69,"pres":101003.91,"pm25":10.0,"precipitation":{"nearest":{"status":"ok","distance":10000.0,"intensity":0.0},"local":{"status":"ok","intensity":0.0039,"datasource":"gfs"}},"wind":{"direction":3.11,"speed":3.05}}}
{"status":"failed", "error":"'API quota is exhausted'"}
{"status":"failed", "error":"'API quota is exhausted'"}
{"status":"failed", "error":"'API quota is exhausted'"}
{"status":"failed", "error":"'API quota is exhausted'"}
{"status":"ok","lang":"zh_CN","server_time":1522021599,"tzshift":28800,"location":[51.530976,0.153479],"unit":"metric","result":{"status":"ok","temperature":7.64,"skycon":"RAIN","cloudrate":0.92,"aqi":10.0,"humidity":0.71,"pres":101092.85,"pm25":10.0,"precipitation":{"nearest":{"status":"ok","distance":26.52,"intensity":0.1875},"local":{"status":"ok","intensity":0.0622,"datasource":"gfs"}},"wind":{"direction":317.33,"speed":4.94}}}
{"status":"failed", "error":"'API quota is exhausted'"}
{"status":"failed", "error":"'API quota is exhausted'"}
{"status":"failed", "error":"'API quota is exhausted'"}
{"status":"failed", "error":"'API quota is exhausted'"}
{"status":"failed", "error":"'API quota is exhausted'"}
{"status":"failed", "error":"'API quota is exhausted'"}
{"status":"failed", "error":"'API quota is exhausted'"}
{"status":"failed", "error":"'API quota is exhausted'"}
{"status":"failed", "error":"'API quota is exhausted'"}
{"status":"failed", "error":"'API quota is exhausted'"}
{"status":"failed", "error":"'API quota is exhausted'"}
{"status":"failed", "error":"'API quota is exhausted'"}
{"status":"failed", "error":"'API quota is exhausted'"}
{"status":"failed", "error":"'API quota is exhausted'"}
{"status":"failed", "error":"'API quota is exhausted'"}
{"status":"failed", "error":"'API quota is exhausted'"}
{"status":"failed", "error":"'API quota is exhausted'"}
{"status":"failed", "error":"'API quota is exhausted'"}
{"status":"failed", "error":"'API quota is exhausted'"}
{"status":"failed", "error":"'API quota is exhausted'"}
{"status":"failed", "error":"'API quota is exhausted'"}
{"status":"ok","lang":"zh_CN","server_time":1522061238,"tzshift":28800,"location":[51.530976,0.153479],"unit":"metric","result":{"status":"ok","temperature":9.45,"skycon":"CLEAR_DAY","cloudrate":0.0,"aqi":10.0,"humidity":0.52,"pres":101359.42,"pm25":10.0,"precipitation":{"nearest":{"status":"ok","distance":7.8,"intensity":0.1875},"local":{"status":"ok","intensity":0.0,"datasource":"gfs"}},"wind":{"direction":311.89,"speed":7.06}}}
{"status":"failed", "error":"'API quota is exhausted'"}
{"status":"failed", "error":"'API quota is exhausted'"}
{"status":"failed", "error":"'API quota is exhausted'"}
{"status":"ok","lang":"zh_CN","server_time":1522068403,"tzshift":28800,"location":[51.530976,0.153479],"unit":"metric","result":{"status":"ok","temperature":11.59,"skycon":"CLEAR_NIGHT","cloudrate":0.0,"aqi":10.0,"humidity":0.39,"pres":101358.27,"pm25":10.0,"precipitation":{"local":{"status":"ok","intensity":0.0,"datasource":"gfs"}},"wind":{"direction":292.81,"speed":7.9}}}
{"status":"ok","lang":"zh_CN","server_time":1522068403,"tzshift":28800,"location":[51.530976,0.153479],"unit":"metric","result":{"status":"ok","temperature":11.59,"skycon":"CLEAR_NIGHT","cloudrate":0.0,"aqi":10.0,"humidity":0.39,"pres":101358.27,"pm25":10.0,"precipitation":{"local":{"status":"ok","intensity":0.0,"datasource":"gfs"}},"wind":{"direction":292.81,"speed":7.9}}}
{"status":"ok","lang":"zh_CN","server_time":1522070810,"tzshift":28800,"location":[51.530976,0.153479],"unit":"metric","result":{"status":"ok","temperature":12.11,"skycon":"CLEAR_NIGHT","cloudrate":0.08,"aqi":10.0,"humidity":0.37,"pres":101334.9,"pm25":10.0,"precipitation":{"nearest":{"status":"ok","distance":672.13,"intensity":0.1875},"local":{"status":"ok","intensity":0.0,"datasource":"gfs"}},"wind":{"direction":284.21,"speed":8.55}}}
{"status":"ok","lang":"zh_CN","server_time":1522074415,"tzshift":28800,"location":[51.530976,0.153479],"unit":"metric","result":{"status":"ok","temperature":12.27,"skycon":"CLEAR_NIGHT","cloudrate":0.17,"aqi":10.0,"humidity":0.37,"pres":101299.92,"pm25":10.0,"precipitation":{"local":{"status":"ok","intensity":0.0,"datasource":"gfs"}},"wind":{"direction":277.12,"speed":9.03}}}
{"status":"ok","lang":"zh_CN","server_time":1522078007,"tzshift":28800,"location":[51.530976,0.153479],"unit":"metric","result":{"status":"ok","temperature":12.16,"skycon":"PARTLY_CLOUDY_NIGHT","cloudrate":0.27,"aqi":10,"humidity":0.38,"pres":101259.34,"pm25":10,"precipitation":{"nearest":{"status":"ok","distance":991.24,"intensity":0.1875},"local":{"status":"ok","intensity":0.0,"datasource":"gfs"}},"wind":{"direction":271.17,"speed":9.03}}}
