{"status":"ok","lang":"zh_CN","server_time":1521995204,"tzshift":28800,"location":[51.630976,-0.446521],"unit":"metric","result":{"status":"ok","temperature":10.99,"skycon":"RAIN","cloudrate":0.95,"aqi":10.0,"humidity":0.62,"pres":100298.6,"pm25":10.0,"precipitation":{"nearest":{"status":"ok","distance":205.25,"intensity":0.1875},"local":{"status":"ok","intensity":0.0552,"datasource":"gfs"}},"wind":{"direction":358.06,"speed":10.45}}}
{"status":"ok","lang":"zh_CN","server_time":1521996403,"tzshift":28800,"location":[51.630976,-0.446521],"unit":"metric","result":{"status":"ok","temperature":11.04,"skycon":"RAIN","cloudrate":0.94,"aqi":10.0,"humidity":0.61,"pres":100284.24,"pm25":10.0,"precipitation":{"nearest":{"status":"ok","distance":10000.0,"intensity":0.0},"local":{"status":"ok","intensity":0.059,"datasource":"gfs"}},"wind":{"direction":357.84,"speed":10.44}}}
{"status":"ok","lang":"zh_CN","server_time":1521998805,"tzshift":28800,"location":[51.630976,-0.446521],"unit":"metric","result":{"status":"ok","temperature":10.32,"skycon":"RAIN","cloudrate":0.93,"aqi":10,"humidity":0.64,"pres":100314.87,"pm25":10,"precipitation":{"nearest":{"status":"ok","distance":219.35,"intensity":0.1875},"local":{"status":"ok","intensity":0.0663,"datasource":"gfs"}},"wind":{"direction":354.37,"speed":9.62}}}
{"status":"ok","lang":"zh_CN","server_time":1522000150,"tzshift":28800,"location":[51.630976,-0.446521],"unit":"metric","result":{"status":"ok","temperature":10.23,"skycon":"RAIN","cloudrate":0.94,"aqi":10.0,"humidity":0.65,"pres":100329.12,"pm25":10.0,"precipitation":{"nearest":{"status":"ok","distance":473.86,"intensity":0.3125},"local":{"status":"ok","intensity":0.0626,"datasource":"gfs"}},"wind":{"direction":354.41,"speed":9.58}}}
{"status":"ok","lang":"zh_CN","server_time":1522002409,"tzshift":28800,"location":[51.630976,-0.446521],"unit":"metric","result":{"status":"ok","temperature":9.31,"skycon":"RAIN","cloudrate":0.91,"aqi":10.0,"humidity":0.68,"pres":100370.17,"pm25":10.0,"precipitation":{"nearest":{"status":"ok","distance":63.88,"intensity":0.1875},"local":{"status":"ok","intensity":0.0545,"datasource":"gfs"}},"wind":{"direction":348.61,"speed":8.7}}}
{"status":"ok","lang":"zh_CN","server_time":1522003598,"tzshift":28800,"location":[51.630976,-0.446521],"unit":"metric","result":{"status":"ok","temperature":9.42,"skycon":"RAIN","cloudrate":0.91,"aqi":10.0,"humidity":0.67,"pres":100356.07,"pm25":10.0,"precipitation":{"nearest":{"status":"ok","distance":61.58,"intensity":0.1875},"local":{"status":"ok","intensity":0.058,"datasource":"gfs"}},"wind":{"direction":348.67,"speed":8.78}}}
{"status":"ok","lang":"zh_CN","server_time":1522005999,"tzshift":28800,"location":[51.630976,-0.446521],"unit":"metric","result":{"status":"ok","temperature":8.31,"skycon":"CLOUDY","cloudrate":0.89,"aqi":10.0,"humidity":0.71,"pres":100424.63,"pm25":10.0,"precipitation":{"nearest":{"status":"ok","distance":10000.0,"intensity":0.0},"local":{"status":"ok","intensity":0.0228,"datasource":"gfs"}},"wind":{"direction":339.24,"speed":8.16}}}
{"status":"ok","lang":"zh_CN","server_time":1522007198,"tzshift":28800,"location":[51.630976,-0.446521],"unit":"metric","result":{"status":"ok","temperature":8.31,"skycon":"CLOUDY","cloudrate":0.89,"aqi":10.0,"humidity":0.71,"pres":100424.63,"pm25":10.0,"precipitation":{"nearest":{"status":"ok","distance":276.26,"intensity":0.1875},"local":{"status":"ok","intensity":0.0228,"datasource":"gfs"}},"wind":{"direction":339.24,"speed":8.16}}}
{"status":"ok","lang":"zh_CN","server_time":1522009597,"tzshift":28800,"location":[51.630976,-0.446521],"unit":"metric","result":{"status":"ok","temperature":7.34,"skycon":"CLOUDY","cloudrate":0.86,"aqi":10.0,"humidity":0.72,"pres":100486.29,"pm25":10.0,"precipitation":{"nearest":{"status":"ok","distance":10000.0,"intensity":0.0},"local":{"status":"ok","intensity":0.0,"datasource":"gfs"}},"wind":{"direction":330.17,"speed":8.13}}}
{"status":"ok","lang":"zh_CN","server_time":1522010797,"tzshift":28800,"location":[51.630976,-0.446521],"unit":"metric","result":{"status":"ok","temperature":7.47,"skycon":"CLOUDY","cloudrate":0.86,"aqi":10.0,"humidity":0.71,"pres":100472.61,"pm25":10.0,"precipitation":{"nearest":{"status":"ok","distance":10000.0,"intensity":0.0},"local":{"status":"ok","intensity":0.0,"datasource":"gfs"}},"wind":{"direction":329.73,"speed":8.23}}}
{"status":"failed", "error":"'API quota is exhausted'"}
{"status":"failed", "error":"'API quota is exhausted'"}
{"status":"ok","lang":"zh_CN","server_time":1522016800,"tzshift":28800,"location":[51.630976,-0.446521],"unit":"metric","result":{"status":"ok","temperature":6.41,"skycon":"CLOUDY","cloudrate":0.91,"aqi":10.0,"humidity":0.74,"pres":100604.73,"pm25":10.0,"precipitation":{"nearest":{"status":"ok","distance":214.11,"intensity":0.1875},"local":{"status":"ok","intensity":0.0,"datasource":"gfs"}},"wind":{"direction":313.25,"speed":7.11}}}
{"status":"failed", "error":"'API quota is exhausted'"}
{"status":"ok","lang":"zh_CN","server_time":1522020400,"tzshift":28800,"location":[51.630976,-0.446521],"unit":"metric","result":{"status":"ok","temperature":5.98,"skycon":"PARTLY_CLOUDY_DAY","cloudrate":0.77,"aqi":10.0,"humidity":0.75,"pres":100635.48,"pm25":10.0,"precipitation":{"nearest":{"status":"ok","distance":254.26,"intensity":0.1875},"local":{"status":"ok","intensity":0.0,"datasource":"gfs"}},"wind":{"direction":327.12,"speed":7.46}}}
{"status":"failed", "error":"'API quota is exhausted'"}
{"status":"failed", "error":"'API quota is exhausted'"}
{"status":"ok","lang":"zh_CN","server_time":1522025200,"tzshift":28800,"location":[51.630976,-0.446521],"unit":"metric","result":{"status":"ok","temperature":5.6,"skycon":"PARTLY_CLOUDY_DAY","cloudrate":0.64,"aqi":10.0,"humidity":0.75,"pres":100655.8,"pm25":10.0,"precipitation":{"nearest":{"status":"ok","distance":0.71,"intensity":0.3125},"local":{"status":"ok","intensity":0.0,"datasource":"gfs"}},"wind":{"direction":337.34,"speed":8.12}}}
{"status":"failed", "error":"'API quota is exhausted'"}
{"status":"ok","lang":"zh_CN","server_time":1522028804,"tzshift":28800,"location":[51.630976,-0.446521],"unit":"metric","result":{"status":"ok","temperature":5.2,"skycon":"PARTLY_CLOUDY_DAY","cloudrate":0.55,"aqi":10.0,"humidity":0.75,"pres":100670.17,"pm25":10.0,"precipitation":{"nearest":{"status":"ok","distance":10000.0,"intensity":0.0},"local":{"status":"ok","intensity":0.0,"datasource":"gfs"}},"wind":{"direction":338.64,"speed":8.44}}}
{"status":"failed", "error":"'API quota is exhausted'"}
{"status":"failed", "error":"'API quota is exhausted'"}
{"status":"failed", "error":"'API quota is exhausted'"}
{"status":"failed", "error":"'API quota is exhausted'"}
{"status":"failed", "error":"'API quota is exhausted'"}
{"status":"failed", "error":"'API quota is exhausted'"}
{"status":"failed", "error":"'API quota is exhausted'"}
{"status":"failed", "error":"'API quota is exhausted'"}
{"status":"failed", "error":"'API quota is exhausted'"}
{"status":"failed", "error":"'API quota is exhausted'"}
{"status":"failed", "error":"'API quota is exhausted'"}
{"status":"failed", "error":"'API quota is exhausted'"}
{"status":"failed", "error":"'API quota is exhausted'"}
{"status":"failed", "error":"'API quota is exhausted'"}
{"status":"failed", "error":"'API quota is exhausted'"}
{"status":"failed", "error":"'API quota is exhausted'"}
{"status":"failed", "error":"'API quota is exhausted'"}
{"status":"failed", "error":"'API quota is exhausted'"}
{"status":"failed", "error":"'API quota is exhausted'"}
{"status":"failed", "error":"'API quota is exhausted'"}
{"status":"failed", "error":"'API quota is exhausted'"}
{"status":"ok","lang":"zh_CN","server_time":1522068404,"tzshift":28800,"location":[51.630976,-0.446521],"unit":"metric","result":{"status":"ok","temperature":10.77,"skycon":"CLEAR_NIGHT","cloudrate":0.0,"aqi":10.0,"humidity":0.49,"pres":100879.68,"pm25":10.0,"precipitation":{"local":{"status":"ok","intensity":0.0,"datasource":"gfs"}},"wind":{"direction":271.24,"speed":9.32}}}
{"status":"ok","lang":"zh_CN","server_time":1522068404,"tzshift":28800,"location":[51.630976,-0.446521],"unit":"metric","result":{"status":"ok","temperature":10.77,"skycon":"CLEAR_NIGHT","cloudrate":0.0,"aqi":10.0,"humidity":0.49,"pres":100879.68,"pm25":10.0,"precipitation":{"local":{"status":"ok","intensity":0.0,"datasource":"gfs"}},"wind":{"direction":271.24,"speed":9.32}}}
{"status":"ok","lang":"zh_CN","server_time":1522070812,"tzshift":28800,"location":[51.630976,-0.446521],"unit":"metric","result":{"status":"ok","temperature":11.36,"skycon":"CLEAR_NIGHT","cloudrate":0.09,"aqi":10.0,"humidity":0.46,"pres":100855.09,"pm25":10.0,"precipitation":{"nearest":{"status":"ok","distance":991.24,"intensity":0.1875},"local":{"status":"ok","intensity":0.0,"datasource":"gfs"}},"wind":{"direction":266.03,"speed":10.87}}}
{"status":"ok","lang":"zh_CN","server_time":1522074416,"tzshift":28800,"location":[51.630976,-0.446521],"unit":"metric","result":{"status":"ok","temperature":11.63,"skycon":"CLEAR_NIGHT","cloudrate":0.19,"aqi":10.0,"humidity":0.47,"pres":100819.3,"pm25":10.0,"precipitation":{"nearest":{"status":"ok","distance":5.68,"intensity":0.25},"local":{"status":"ok","intensity":0.0,"datasource":"gfs"}},"wind":{"direction":262.79,"speed":11.94}}}
{"status":"ok","lang":"zh_CN","server_time":1522078010,"tzshift":28800,"location":[51.630976,-0.446521],"unit":"metric","result":{"status":"ok","temperature":11.48,"skycon":"PARTLY_CLOUDY_NIGHT","cloudrate":0.28,"aqi":10.0,"humidity":0.49,"pres":100777.26,"pm25":10.0,"precipitation":{"nearest":{"status":"ok","distance":10000.0,"intensity":0.0},"local":{"status":"ok","intensity":0.0,"datasource":"gfs"}},"wind":{"direction":259.62,"speed":12.0}}}
