{"status":"ok","lang":"zh_CN","server_time":1521995202,"tzshift":28800,"location":[51.530976,0.053479],"unit":"metric","result":{"status":"ok","temperature":11.61,"skycon":"PARTLY_CLOUDY_NIGHT","cloudrate":0.75,"aqi":10,"humidity":0.54,"pres":100775.19,"pm25":10,"precipitation":{"nearest":{"status":"ok","distance":168.93,"intensity":0.1875},"local":{"status":"ok","intensity":0.0,"datasource":"gfs"}},"wind":{"direction":13.97,"speed":9.22}}}
{"status":"ok","lang":"zh_CN","server_time":1521996401,"tzshift":28800,"location":[51.530976,0.053479],"unit":"metric","result":{"status":"ok","temperature":11.61,"skycon":"PARTLY_CLOUDY_NIGHT","cloudrate":0.75,"aqi":10.0,"humidity":0.54,"pres":100775.19,"pm25":10.0,"precipitation":{"nearest":{"status":"ok","distance":10000.0,"intensity":0.0},"local":{"status":"ok","intensity":0.0,"datasource":"gfs"}},"wind":{"direction":13.97,"speed":9.22}}}
{"status":"ok","lang":"zh_CN","server_time":1521998802,"tzshift":28800,"location":[51.530976,0.053479],"unit":"metric","result":{"status":"ok","temperature":11.06,"skycon":"PARTLY_CLOUDY_NIGHT","cloudrate":0.78,"aqi":10.0,"humidity":0.57,"pres":100804.75,"pm25":10.0,"precipitation":{"nearest":{"status":"ok","distance":573.63,"intensity":0.1875},"local":{"status":"ok","intensity":0.0,"datasource":"gfs"}},"wind":{"direction":8.76,"speed":8.82}}}
{"status":"ok","lang":"zh_CN","server_time":1522000147,"tzshift":28800,"location":[51.530976,0.053479],"unit":"metric","result":{"status":"ok","temperature":11.06,"skycon":"PARTLY_CLOUDY_NIGHT","cloudrate":0.78,"aqi":10.0,"humidity":0.57,"pres":100804.75,"pm25":10.0,"precipitation":{"nearest":{"status":"ok","distance":274.05,"intensity":0.1875},"local":{"status":"ok","intensity":0.0,"datasource":"gfs"}},"wind":{"direction":8.76,"speed":8.82}}}
{"status":"ok","lang":"zh_CN","server_time":1522002408,"tzshift":28800,"location":[51.530976,0.053479],"unit":"metric","result":{"status":"ok","temperature":10.42,"skycon":"CLOUDY","cloudrate":0.84,"aqi":10.0,"humidity":0.6,"pres":100844.71,"pm25":10.0,"precipitation":{"nearest":{"status":"ok","distance":403.73,"intensity":0.1875},"local":{"status":"ok","intensity":0.0,"datasource":"gfs"}},"wind":{"direction":4.1,"speed":7.95}}}
{"status":"ok","lang":"zh_CN","server_time":1522003596,"tzshift":28800,"location":[51.530976,0.053479],"unit":"metric","result":{"status":"ok","temperature":10.42,"skycon":"CLOUDY","cloudrate":0.84,"aqi":10,"humidity":0.6,"pres":100844.71,"pm25":10,"precipitation":{"nearest":{"status":"ok","distance":379.35,"intensity":0.3125},"local":{"status":"ok","intensity":0.0,"datasource":"gfs"}},"wind":{"direction":4.1,"speed":7.95}}}
{"status":"ok","lang":"zh_CN","server_time":1522005997,"tzshift":28800,"location":[51.530976,0.053479],"unit":"metric","result":{"status":"ok","temperature":9.79,"skycon":"CLOUDY","cloudrate":0.91,"aqi":10.0,"humidity":0.63,"pres":100897.66,"pm25":10.0,"precipitation":{"nearest":{"status":"ok","distance":12.55,"intensity":0.1875},"local":{"status":"ok","intensity":0.0,"datasource":"gfs"}},"wind":{"direction":0.8,"speed":6.41}}}
{"status":"ok","lang":"zh_CN","server_time":1522007196,"tzshift":28800,"location":[51.530976,0.053479],"unit":"metric","result":{"status":"ok","temperature":9.79,"skycon":"CLOUDY","cloudrate":0.91,"aqi":10.0,"humidity":0.63,"pres":100897.66,"pm25":10.0,"precipitation":{"nearest":{"status":"ok","distance":10000.0,"intensity":0.0},"local":{"status":"ok","intensity":0.0,"datasource":"gfs"}},"wind":{"direction":0.8,"speed":6.41}}}
{"status":"ok","lang":"zh_CN","server_time":1522009596,"tzshift":28800,"location":[51.530976,0.053479],"unit":"metric","result":{"status":"ok","temperature":9.16,"skycon":"CLOUDY","cloudrate":0.97,"aqi":10,"humidity":0.65,"pres":100957.83,"pm25":10,"precipitation":{"nearest":{"status":"ok","distance":218.36,"intensity":0.1875},"local":{"status":"ok","intensity":0.0,"datasource":"gfs"}},"wind":{"direction":356.62,"speed":4.85}}}
{"status":"ok","lang":"zh_CN","server_time":1522010796,"tzshift":28800,"location":[51.530976,0.053479],"unit":"metric","result":{"status":"ok","temperature":9.16,"skycon":"CLOUDY","cloudrate":0.97,"aqi":10,"humidity":0.65,"pres":100957.83,"pm25":10,"precipitation":{"nearest":{"status":"ok","distance":10000.0,"intensity":0.0},"local":{"status":"ok","intensity":0.0,"datasource":"gfs"}},"wind":{"direction":356.62,"speed":4.85}}}
{"status":"ok","lang":"zh_CN","server_time":1522013314,"tzshift":28800,"location":[51.530976,0.053479],"unit":"metric","result":{"status":"ok","temperature":8.51,"skycon":"CLOUDY","cloudrate":0.97,"aqi":10.0,"humidity":0.67,"pres":101017.4,"pm25":10.0,"precipitation":{"nearest":{"status":"ok","distance":10000.0,"intensity":0.0},"local":{"status":"ok","intensity":0.0,"datasource":"gfs"}},"wind":{"direction":348.4,"speed":4.18}}}
{"status":"failed", "error":"'API quota is exhausted'"}
{"status":"failed", "error":"'API quota is exhausted'"}
{"status":"failed", "error":"'API quota is exhausted'"}
{"status":"failed", "error":"'API quota is exhausted'"}
{"status":"failed", "error":"'API quota is exhausted'"}
{"status":"ok","lang":"zh_CN","server_time":1522024178,"tzshift":28800,"location":[51.530976,0.053479],"unit":"metric","result":{"status":"ok","temperature":7.03,"skycon":"RAIN","cloudrate":0.71,"aqi":10.0,"humidity":0.7,"pres":101128.27,"pm25":10.0,"precipitation":{"nearest":{"status":"ok","distance":20.83,"intensity":0.1875},"local":{"status":"ok","intensity":0.0322,"datasource":"gfs"}},"wind":{"direction":325.52,"speed":7.56}}}
{"status":"failed", "error":"'API quota is exhausted'"}
{"status":"ok","lang":"zh_CN","server_time":1522027598,"tzshift":28800,"location":[51.530976,0.053479],"unit":"metric","result":{"status":"ok","temperature":6.57,"skycon":"PARTLY_CLOUDY_DAY","cloudrate":0.5,"aqi":10,"humidity":0.69,"pres":101141.77,"pm25":10,"precipitation":{"nearest":{"status":"ok","distance":116.44,"intensity":0.25},"local":{"status":"ok","intensity":0.0,"datasource":"gfs"}},"wind":{"direction":329.12,"speed":8.26}}}
{"status":"ok","lang":"zh_CN","server_time":1522028802,"tzshift":28800,"location":[51.530976,0.053479],"unit":"metric","result":{"status":"ok","temperature":6.57,"skycon":"PARTLY_CLOUDY_DAY","cloudrate":0.5,"aqi":10,"humidity":0.69,"pres":101141.77,"pm25":10,"precipitation":{"nearest":{"status":"ok","distance":10000.0,"intensity":0.0},"local":{"status":"ok","intensity":0.0,"datasource":"gfs"}},"wind":{"direction":329.12,"speed":8.26}}}
{"status":"failed", "error":"'API quota is exhausted'"}
{"status":"ok","lang":"zh_CN","server_time":1522032401,"tzshift":28800,"location":[51.530976,0.053479],"unit":"metric","result":{"status":"ok","temperature":6.2,"skycon":"PARTLY_CLOUDY_DAY","cloudrate":0.28,"aqi":10.0,"humidity":0.68,"pres":101155.39,"pm25":10.0,"precipitation":{"nearest":{"status":"ok","distance":10000.0,"intensity":0.0},"local":{"status":"ok","intensity":0.0,"datasource":"gfs"}},"wind":{"direction":331.83,"speed":8.25}}}
{"status":"failed", "error":"'API quota is exhausted'"}
{"status":"failed", "error":"'API quota is exhausted'"}
{"status":"failed", "error":"'API quota is exhausted'"}
{"status":"failed", "error":"'API quota is exhausted'"}
{"status":"failed", "error":"'API quota is exhausted'"}
{"status":"failed", "error":"'API quota is exhausted'"}
{"status":"failed", "error":"'API quota is exhausted'"}
{"status":"failed", "error":"'API quota is exhausted'"}
{"status":"failed", "error":"'API quota is exhausted'"}
{"status":"failed", "error":"'API quota is exhausted'"}
{"status":"failed", "error":"'API quota is exhausted'"}
{"status":"failed", "error":"'API quota is exhausted'"}
{"status":"failed", "error":"'API quota is exhausted'"}
{"status":"failed", "error":"'API quota is exhausted'"}
{"status":"failed", "error":"'API quota is exhausted'"}
{"status":"failed", "error":"'API quota is exhausted'"}
{"status":"failed", "error":"'API quota is exhausted'"}
{"status":"failed", "error":"'API quota is exhausted'"}
{"status":"failed", "error":"'API quota is exhausted'"}
{"status":"ok","lang":"zh_CN","server_time":1522068402,"tzshift":28800,"location":[51.530976,0.053479],"unit":"metric","result":{"status":"ok","temperature":11.61,"skycon":"CLEAR_NIGHT","cloudrate":0.0,"aqi":10.0,"humidity":0.39,"pres":101372.8,"pm25":10.0,"precipitation":{"nearest":{"status":"ok","distance":188.72,"intensity":0.3125},"local":{"status":"ok","intensity":0.0,"datasource":"gfs"}},"wind":{"direction":289.86,"speed":7.82}}}
{"status":"ok","lang":"zh_CN","server_time":1522068402,"tzshift":28800,"location":[51.530976,0.053479],"unit":"metric","result":{"status":"ok","temperature":11.61,"skycon":"CLEAR_NIGHT","cloudrate":0.0,"aqi":10.0,"humidity":0.39,"pres":101372.8,"pm25":10.0,"precipitation":{"nearest":{"status":"ok","distance":188.72,"intensity":0.3125},"local":{"status":"ok","intensity":0.0,"datasource":"gfs"}},"wind":{"direction":289.86,"speed":7.82}}}
{"status":"ok","lang":"zh_CN","server_time":1522070810,"tzshift":28800,"location":[51.530976,0.053479],"unit":"metric","result":{"status":"ok","temperature":12.19,"skycon":"CLEAR_NIGHT","cloudrate":0.07,"aqi":10.0,"humidity":0.36,"pres":101348.47,"pm25":10.0,"precipitation":{"nearest":{"status":"ok","distance":225.36,"intensity":0.25},"local":{"status":"ok","intensity":0.0,"datasource":"gfs"}},"wind":{"direction":281.18,"speed":8.63}}}
{"status":"ok","lang":"zh_CN","server_time":1522074414,"tzshift":28800,"location":[51.530976,0.053479],"unit":"metric","result":{"status":"ok","temperature":12.42,"skycon":"CLEAR_NIGHT","cloudrate":0.16,"aqi":10.0,"humidity":0.36,"pres":101312.56,"pm25":10.0,"precipitation":{"nearest":{"status":"ok","distance":152.48,"intensity":0.1875},"local":{"status":"ok","intensity":0.0,"datasource":"gfs"}},"wind":{"direction":274.36,"speed":9.26}}}
{"status":"ok","lang":"zh_CN","server_time":1522078006,"tzshift":28800,"location":[51.530976,0.053479],"unit":"metric","result":{"status":"ok","temperature":12.34,"skycon":"PARTLY_CLOUDY_NIGHT","cloudrate":0.25,"aqi":10,"humidity":0.37,"pres":101271.23,"pm25":10,"precipitation":{"nearest":{"status":"ok","distance":122.71,"intensity":0.25},"local":{"status":"ok","intensity":0.0,"datasource":"gfs"}},"wind":{"direction":268.7,"speed":9.4}}}
