{"status":"ok","lang":"zh_CN","server_time":1521995208,"tzshift":28800,"location":[51.730976,-0.546521],"unit":"metric","result":{"status":"ok","temperature":10.22,"skycon":"RAIN","cloudrate":1.0,"aqi":10.0,"humidity":0.69,"pres":99832.39,"pm25":10.0,"precipitation":{"nearest":{"status":"ok","distance":10000.0,"intensity":0.0},"local":{"status":"ok","intensity":0.0926,"datasource":"gfs"}},"wind":{"direction":352.93,"speed":11.01}}}
{"status":"ok","lang":"zh_CN","server_time":1521996407,"tzshift":28800,"location":[51.730976,-0.546521],"unit":"metric","result":{"status":"ok","temperature":10.22,"skycon":"RAIN","cloudrate":1.0,"aqi":10.0,"humidity":0.69,"pres":99832.39,"pm25":10.0,"precipitation":{"nearest":{"status":"ok","distance":333.53,"intensity":0.1875},"local":{"status":"ok","intensity":0.0926,"datasource":"gfs"}},"wind":{"direction":352.93,"speed":11.01}}}
{"status":"ok","lang":"zh_CN","server_time":1521998808,"tzshift":28800,"location":[51.730976,-0.546521],"unit":"metric","result":{"status":"ok","temperature":9.32,"skycon":"RAIN","cloudrate":1.0,"aqi":10.0,"humidity":0.72,"pres":99860.77,"pm25":10.0,"precipitation":{"nearest":{"status":"ok","distance":572.75,"intensity":0.1875},"local":{"status":"ok","intensity":0.0907,"datasource":"gfs"}},"wind":{"direction":348.98,"speed":9.44}}}
{"status":"ok","lang":"zh_CN","server_time":1522000167,"tzshift":28800,"location":[51.730976,-0.546521],"unit":"metric","result":{"status":"ok","temperature":9.32,"skycon":"RAIN","cloudrate":1.0,"aqi":10.0,"humidity":0.72,"pres":99860.77,"pm25":10.0,"precipitation":{"nearest":{"status":"ok","distance":658.13,"intensity":0.25},"local":{"status":"ok","intensity":0.0907,"datasource":"gfs"}},"wind":{"direction":348.98,"speed":9.44}}}
{"status":"ok","lang":"zh_CN","server_time":1522002413,"tzshift":28800,"location":[51.730976,-0.546521],"unit":"metric","result":{"status":"ok","temperature":8.21,"skycon":"RAIN","cloudrate":0.98,"aqi":10.0,"humidity":0.75,"pres":99900.31,"pm25":10.0,"precipitation":{"nearest":{"status":"ok","distance":83.75,"intensity":0.1875},"local":{"status":"ok","intensity":0.0749,"datasource":"gfs"}},"wind":{"direction":343.02,"speed":8.26}}}
{"status":"ok","lang":"zh_CN","server_time":1522003601,"tzshift":28800,"location":[51.730976,-0.546521],"unit":"metric","result":{"status":"ok","temperature":8.21,"skycon":"RAIN","cloudrate":0.98,"aqi":10.0,"humidity":0.75,"pres":99900.31,"pm25":10.0,"precipitation":{"nearest":{"status":"ok","distance":10000.0,"intensity":0.0},"local":{"status":"ok","intensity":0.0749,"datasource":"gfs"}},"wind":{"direction":343.02,"speed":8.26}}}
{"status":"ok","lang":"zh_CN","server_time":1522006002,"tzshift":28800,"location":[51.730976,-0.546521],"unit":"metric","result":{"status":"ok","temperature":7.0,"skycon":"RAIN","cloudrate":0.92,"aqi":10.0,"humidity":0.78,"pres":99954.68,"pm25":10.0,"precipitation":{"nearest":{"status":"ok","distance":160.01,"intensity":0.1875},"local":{"status":"ok","intensity":0.0385,"datasource":"gfs"}},"wind":{"direction":334.77,"speed":8.13}}}
{"status":"ok","lang":"zh_CN","server_time":1522007201,"tzshift":28800,"location":[51.730976,-0.546521],"unit":"metric","result":{"status":"ok","temperature":7.0,"skycon":"RAIN","cloudrate":0.92,"aqi":10.0,"humidity":0.78,"pres":99954.68,"pm25":10.0,"precipitation":{"nearest":{"status":"ok","distance":119.67,"intensity":0.1875},"local":{"status":"ok","intensity":0.0385,"datasource":"gfs"}},"wind":{"direction":334.77,"speed":8.13}}}
{"status":"ok","lang":"zh_CN","server_time":1522009601,"tzshift":28800,"location":[51.730976,-0.546521],"unit":"metric","result":{"status":"ok","temperature":5.86,"skycon":"CLOUDY","cloudrate":0.84,"aqi":10,"humidity":0.79,"pres":100016.85,"pm25":10,"precipitation":{"nearest":{"status":"ok","distance":10000.0,"intensity":0.0},"local":{"status":"ok","intensity":0.0,"datasource":"gfs"}},"wind":{"direction":328.67,"speed":8.73}}}
{"status":"ok","lang":"zh_CN","server_time":1522010801,"tzshift":28800,"location":[51.730976,-0.546521],"unit":"metric","result":{"status":"ok","temperature":5.86,"skycon":"CLOUDY","cloudrate":0.84,"aqi":10.0,"humidity":0.79,"pres":100016.85,"pm25":10.0,"precipitation":{"nearest":{"status":"ok","distance":10000.0,"intensity":0.0},"local":{"status":"ok","intensity":0.0,"datasource":"gfs"}},"wind":{"direction":328.67,"speed":8.73}}}
{"status":"ok","lang":"zh_CN","server_time":1522013331,"tzshift":28800,"location":[51.730976,-0.546521],"unit":"metric","result":{"status":"ok","temperature":4.95,"skycon":"PARTLY_CLOUDY_NIGHT","cloudrate":0.75,"aqi":10.0,"humidity":0.8,"pres":100077.11,"pm25":10.0,"precipitation":{"nearest":{"status":"ok","distance":10000.0,"intensity":0.0},"local":{"status":"ok","intensity":0.0,"datasource":"gfs"}},"wind":{"direction":327.36,"speed":9.34}}}
{"status":"ok","lang":"zh_CN","server_time":1522014404,"tzshift":28800,"location":[51.730976,-0.546521],"unit":"metric","result":{"status":"ok","temperature":5.45,"skycon":"CLOUDY","cloudrate":0.98,"aqi":10.0,"humidity":0.79,"pres":100087.34,"pm25":10.0,"precipitation":{"nearest":{"status":"ok","distance":5.63,"intensity":0.1875},"local":{"status":"ok","intensity":0.0,"datasource":"gfs"}},"wind":{"direction":307.39,"speed":7.89}}}
{"status":"ok","lang":"zh_CN","server_time":1522016804,"tzshift":28800,"location":[51.730976,-0.546521],"unit":"metric","result":{"status":"ok","temperature":5.12,"skycon":"CLOUDY","cloudrate":0.91,"aqi":10.0,"humidity":0.79,"pres":100131.75,"pm25":10.0,"precipitation":{"nearest":{"status":"ok","distance":10000.0,"intensity":0.0},"local":{"status":"ok","intensity":0.0,"datasource":"gfs"}},"wind":{"direction":315.46,"speed":7.76}}}
{"status":"failed", "error":"'API quota is exhausted'"}
{"status":"failed", "error":"'API quota is exhausted'"}
{"status":"ok","lang":"zh_CN","server_time":1522021604,"tzshift":28800,"location":[51.730976,-0.546521],"unit":"metric","result":{"status":"ok","temperature":4.97,"skycon":"PARTLY_CLOUDY_DAY","cloudrate":0.8,"aqi":10.0,"humidity":0.79,"pres":100161.41,"pm25":10.0,"precipitation":{"nearest":{"status":"ok","distance":44.41,"intensity":0.1875},"local":{"status":"ok","intensity":0.0,"datasource":"gfs"}},"wind":{"direction":330.13,"speed":7.83}}}
{"status":"ok","lang":"zh_CN","server_time":1522024183,"tzshift":28800,"location":[51.730976,-0.546521],"unit":"metric","result":{"status":"ok","temperature":4.76,"skycon":"PARTLY_CLOUDY_DAY","cloudrate":0.71,"aqi":10,"humidity":0.8,"pres":100181.2,"pm25":10,"precipitation":{"nearest":{"status":"ok","distance":219.8,"intensity":0.1875},"local":{"status":"ok","intensity":0.0,"datasource":"gfs"}},"wind":{"direction":340.44,"speed":8.33}}}
{"status":"failed", "error":"'API quota is exhausted'"}
{"status":"failed", "error":"'API quota is exhausted'"}
{"status":"failed", "error":"'API quota is exhausted'"}
{"status":"ok","lang":"zh_CN","server_time":1522031206,"tzshift":28800,"location":[51.730976,-0.546521],"unit":"metric","result":{"status":"ok","temperature":3.57,"skycon":"PARTLY_CLOUDY_DAY","cloudrate":0.65,"aqi":10.0,"humidity":0.81,"pres":100210.28,"pm25":10.0,"precipitation":{"nearest":{"status":"ok","distance":5078.59,"intensity":0.0},"local":{"status":"ok","intensity":0.0,"datasource":"gfs"}},"wind":{"direction":333.39,"speed":8.8}}}
{"status":"failed", "error":"'API quota is exhausted'"}
{"status":"failed", "error":"'API quota is exhausted'"}
{"status":"ok","lang":"zh_CN","server_time":1522036009,"tzshift":28800,"location":[51.730976,-0.546521],"unit":"metric","result":{"status":"ok","temperature":3.38,"skycon":"PARTLY_CLOUDY_DAY","cloudrate":0.78,"aqi":10.0,"humidity":0.83,"pres":100258.62,"pm25":10.0,"precipitation":{"nearest":{"status":"ok","distance":263.27,"intensity":0.1875},"local":{"status":"ok","intensity":0.0,"datasource":"gfs"}},"wind":{"direction":333.13,"speed":9.47}}}
{"status":"failed", "error":"'API quota is exhausted'"}
{"status":"failed", "error":"'API quota is exhausted'"}
{"status":"failed", "error":"'API quota is exhausted'"}
{"status":"failed", "error":"'API quota is exhausted'"}
{"status":"failed", "error":"'API quota is exhausted'"}
{"status":"failed", "error":"'API quota is exhausted'"}
{"status":"failed", "error":"'API quota is exhausted'"}
{"status":"failed", "error":"'API quota is exhausted'"}
{"status":"failed", "error":"'API quota is exhausted'"}
{"status":"failed", "error":"'API quota is exhausted'"}
{"status":"failed", "error":"'API quota is exhausted'"}
{"status":"failed", "error":"'API quota is exhausted'"}
{"status":"failed", "error":"'API quota is exhausted'"}
{"status":"failed", "error":"'API quota is exhausted'"}
{"status":"failed", "error":"'API quota is exhausted'"}
{"status":"failed", "error":"'API quota is exhausted'"}
{"status":"failed", "error":"'API quota is exhausted'"}
{"status":"ok","lang":"zh_CN","server_time":1522068408,"tzshift":28800,"location":[51.730976,-0.546521],"unit":"metric","result":{"status":"ok","temperature":10.11,"skycon":"CLEAR_NIGHT","cloudrate":0.01,"aqi":10.0,"humidity":0.56,"pres":100398.02,"pm25":10.0,"precipitation":{"nearest":{"status":"ok","distance":10000.0,"intensity":0.0},"local":{"status":"ok","intensity":0.0,"datasource":"gfs"}},"wind":{"direction":266.2,"speed":10.8}}}
{"status":"ok","lang":"zh_CN","server_time":1522068408,"tzshift":28800,"location":[51.730976,-0.546521],"unit":"metric","result":{"status":"ok","temperature":10.11,"skycon":"CLEAR_NIGHT","cloudrate":0.01,"aqi":10.0,"humidity":0.56,"pres":100398.02,"pm25":10.0,"precipitation":{"nearest":{"status":"ok","distance":10000.0,"intensity":0.0},"local":{"status":"ok","intensity":0.0,"datasource":"gfs"}},"wind":{"direction":266.2,"speed":10.8}}}
{"status":"ok","lang":"zh_CN","server_time":1522070816,"tzshift":28800,"location":[51.730976,-0.546521],"unit":"metric","result":{"status":"ok","temperature":10.71,"skycon":"CLEAR_NIGHT","cloudrate":0.13,"aqi":10.0,"humidity":0.54,"pres":100373.93,"pm25":10.0,"precipitation":{"local":{"status":"ok","intensity":0.0,"datasource":"gfs"}},"wind":{"direction":262.14,"speed":12.42}}}
{"status":"ok","lang":"zh_CN","server_time":1522074420,"tzshift":28800,"location":[51.730976,-0.546521],"unit":"metric","result":{"status":"ok","temperature":10.99,"skycon":"PARTLY_CLOUDY_NIGHT","cloudrate":0.28,"aqi":10.0,"humidity":0.54,"pres":100338.71,"pm25":10.0,"precipitation":{"local":{"status":"ok","intensity":0.0,"datasource":"gfs"}},"wind":{"direction":259.82,"speed":13.48}}}
{"status":"ok","lang":"zh_CN","server_time":1522078014,"tzshift":28800,"location":[51.730976,-0.546521],"unit":"metric","result":{"status":"ok","temperature":10.8,"skycon":"PARTLY_CLOUDY_NIGHT","cloudrate":0.41,"aqi":10,"humidity":0.56,"pres":100296.87,"pm25":10,"precipitation":{"nearest":{"status":"ok","distance":998.47,"intensity":0.1875},"local":{"status":"ok","intensity":0.0,"datasource":"gfs"}},"wind":{"direction":257.72,"speed":13.34}}}
