{"status":"ok","lang":"zh_CN","server_time":1521995210,"tzshift":28800,"location":[51.730976,-0.146521],"unit":"metric","result":{"status":"ok","temperature":10.72,"skycon":"RAIN","cloudrate":1.0,"aqi":10.0,"humidity":0.63,"pres":100001.23,"pm25":10.0,"precipitation":{"nearest":{"status":"ok","distance":10000.0,"intensity":0.0},"local":{"status":"ok","intensity":0.078,"datasource":"gfs"}},"wind":{"direction":2.65,"speed":10.97}}}
{"status":"ok","lang":"zh_CN","server_time":1521996409,"tzshift":28800,"location":[51.730976,-0.146521],"unit":"metric","result":{"status":"ok","temperature":10.58,"skycon":"RAIN","cloudrate":0.98,"aqi":10.0,"humidity":0.65,"pres":100342.59,"pm25":10.0,"precipitation":{"nearest":{"status":"ok","distance":170.89,"intensity":0.1875},"local":{"status":"ok","intensity":0.0442,"datasource":"gfs"}},"wind":{"direction":3.24,"speed":10.38}}}
{"status":"ok","lang":"zh_CN","server_time":1521998810,"tzshift":28800,"location":[51.730976,-0.146521],"unit":"metric","result":{"status":"ok","temperature":9.73,"skycon":"RAIN","cloudrate":0.96,"aqi":10.0,"humidity":0.69,"pres":100372.47,"pm25":10.0,"precipitation":{"nearest":{"status":"ok","distance":161.51,"intensity":0.1875},"local":{"status":"ok","intensity":0.0563,"datasource":"gfs"}},"wind":{"direction":358.15,"speed":9.24}}}
{"status":"ok","lang":"zh_CN","server_time":1522000169,"tzshift":28800,"location":[51.730976,-0.146521],"unit":"metric","result":{"status":"ok","temperature":9.73,"skycon":"RAIN","cloudrate":0.96,"aqi":10,"humidity":0.69,"pres":100372.47,"pm25":10,"precipitation":{"nearest":{"status":"ok","distance":198.47,"intensity":0.1875},"local":{"status":"ok","intensity":0.0563,"datasource":"gfs"}},"wind":{"direction":358.15,"speed":9.24}}}
{"status":"ok","lang":"zh_CN","server_time":1522002415,"tzshift":28800,"location":[51.730976,-0.146521],"unit":"metric","result":{"status":"ok","temperature":8.76,"skycon":"RAIN","cloudrate":0.95,"aqi":10.0,"humidity":0.72,"pres":100412.45,"pm25":10.0,"precipitation":{"nearest":{"status":"ok","distance":403.73,"intensity":0.1875},"local":{"status":"ok","intensity":0.0518,"datasource":"gfs"}},"wind":{"direction":351.12,"speed":8.23}}}
{"status":"ok","lang":"zh_CN","server_time":1522003603,"tzshift":28800,"location":[51.730976,-0.146521],"unit":"metric","result":{"status":"ok","temperature":8.76,"skycon":"RAIN","cloudrate":0.95,"aqi":10.0,"humidity":0.72,"pres":100412.45,"pm25":10.0,"precipitation":{"nearest":{"status":"ok","distance":131.3,"intensity":0.1875},"local":{"status":"ok","intensity":0.0518,"datasource":"gfs"}},"wind":{"direction":351.12,"speed":8.23}}}
{"status":"ok","lang":"zh_CN","server_time":1522006004,"tzshift":28800,"location":[51.730976,-0.146521],"unit":"metric","result":{"status":"ok","temperature":7.82,"skycon":"CLOUDY","cloudrate":0.98,"aqi":10.0,"humidity":0.74,"pres":100465.3,"pm25":10.0,"precipitation":{"nearest":{"status":"ok","distance":41.26,"intensity":0.1875},"local":{"status":"ok","intensity":0.0225,"datasource":"gfs"}},"wind":{"direction":341.94,"speed":7.63}}}
{"status":"ok","lang":"zh_CN","server_time":1522007203,"tzshift":28800,"location":[51.730976,-0.146521],"unit":"metric","result":{"status":"ok","temperature":7.82,"skycon":"CLOUDY","cloudrate":0.98,"aqi":10.0,"humidity":0.74,"pres":100465.3,"pm25":10.0,"precipitation":{"nearest":{"status":"ok","distance":10000.0,"intensity":0.0},"local":{"status":"ok","intensity":0.0225,"datasource":"gfs"}},"wind":{"direction":341.94,"speed":7.63}}}
{"status":"ok","lang":"zh_CN","server_time":1522009603,"tzshift":28800,"location":[51.730976,-0.146521],"unit":"metric","result":{"status":"ok","temperature":6.94,"skycon":"CLOUDY","cloudrate":1.0,"aqi":10.0,"humidity":0.75,"pres":100525.15,"pm25":10.0,"precipitation":{"nearest":{"status":"ok","distance":172.97,"intensity":0.1875},"local":{"status":"ok","intensity":0.0,"datasource":"gfs"}},"wind":{"direction":333.75,"speed":7.6}}}
{"status":"failed", "error":"'API quota is exhausted'"}
{"status":"failed", "error":"'API quota is exhausted'"}
{"status":"ok","lang":"zh_CN","server_time":1522014406,"tzshift":28800,"location":[51.730976,-0.146521],"unit":"metric","result":{"status":"ok","temperature":7.14,"skycon":"RAIN","cloudrate":1.0,"aqi":10.0,"humidity":0.73,"pres":100260.95,"pm25":10.0,"precipitation":{"nearest":{"status":"ok","distance":10000.0,"intensity":0.0},"local":{"status":"ok","intensity":0.0419,"datasource":"gfs"}},"wind":{"direction":307.64,"speed":8.26}}}
{"status":"failed", "error":"'API quota is exhausted'"}
{"status":"ok","lang":"zh_CN","server_time":1522018010,"tzshift":28800,"location":[51.730976,-0.146521],"unit":"metric","result":{"status":"ok","temperature":6.03,"skycon":"CLOUDY","cloudrate":0.89,"aqi":10.0,"humidity":0.76,"pres":100643.15,"pm25":10.0,"precipitation":{"nearest":{"status":"ok","distance":24.39,"intensity":0.1875},"local":{"status":"ok","intensity":0.0,"datasource":"gfs"}},"wind":{"direction":320.01,"speed":7.01}}}
{"status":"failed", "error":"'API quota is exhausted'"}
{"status":"failed", "error":"'API quota is exhausted'"}
{"status":"failed", "error":"'API quota is exhausted'"}
{"status":"failed", "error":"'API quota is exhausted'"}
{"status":"failed", "error":"'API quota is exhausted'"}
{"status":"failed", "error":"'API quota is exhausted'"}
{"status":"ok","lang":"zh_CN","server_time":1522031208,"tzshift":28800,"location":[51.730976,-0.146521],"unit":"metric","result":{"status":"ok","temperature":5.02,"skycon":"CLOUDY","cloudrate":1.0,"aqi":10.0,"humidity":0.75,"pres":100377.58,"pm25":10.0,"precipitation":{"nearest":{"status":"ok","distance":10000.0,"intensity":0.0},"local":{"status":"ok","intensity":0.0,"datasource":"gfs"}},"wind":{"direction":333.31,"speed":9.16}}}
{"status":"failed", "error":"'API quota is exhausted'"}
{"status":"failed", "error":"'API quota is exhausted'"}
{"status":"ok","lang":"zh_CN","server_time":1522036010,"tzshift":28800,"location":[51.730976,-0.146521],"unit":"metric","result":{"status":"ok","temperature":5.08,"skycon":"CLOUDY","cloudrate":0.96,"aqi":10.0,"humidity":0.77,"pres":100768.29,"pm25":10.0,"precipitation":{"nearest":{"status":"ok","distance":66.33,"intensity":0.1875},"local":{"status":"ok","intensity":0.0,"datasource":"gfs"}},"wind":{"direction":333.59,"speed":9.79}}}
{"status":"failed", "error":"'API quota is exhausted'"}
{"status":"failed", "error":"'API quota is exhausted'"}
{"status":"failed", "error":"'API quota is exhausted'"}
{"status":"failed", "error":"'API quota is exhausted'"}
{"status":"failed", "error":"'API quota is exhausted'"}
{"status":"failed", "error":"'API quota is exhausted'"}
{"status":"failed", "error":"'API quota is exhausted'"}
{"status":"failed", "error":"'API quota is exhausted'"}
{"status":"failed", "error":"'API quota is exhausted'"}
{"status":"failed", "error":"'API quota is exhausted'"}
{"status":"failed", "error":"'API quota is exhausted'"}
{"status":"failed", "error":"'API quota is exhausted'"}
{"status":"failed", "error":"'API quota is exhausted'"}
{"status":"failed", "error":"'API quota is exhausted'"}
{"status":"failed", "error":"'API quota is exhausted'"}
{"status":"failed", "error":"'API quota is exhausted'"}
{"status":"failed", "error":"'API quota is exhausted'"}
{"status":"ok","lang":"zh_CN","server_time":1522068410,"tzshift":28800,"location":[51.730976,-0.146521],"unit":"metric","result":{"status":"ok","temperature":10.37,"skycon":"CLEAR_NIGHT","cloudrate":0.01,"aqi":10,"humidity":0.5,"pres":100574.59,"pm25":10,"precipitation":{"local":{"status":"ok","intensity":0.0,"datasource":"gfs"}},"wind":{"direction":273.86,"speed":10.3}}}
{"status":"ok","lang":"zh_CN","server_time":1522068410,"tzshift":28800,"location":[51.730976,-0.146521],"unit":"metric","result":{"status":"ok","temperature":10.37,"skycon":"CLEAR_NIGHT","cloudrate":0.01,"aqi":10,"humidity":0.5,"pres":100574.59,"pm25":10,"precipitation":{"local":{"status":"ok","intensity":0.0,"datasource":"gfs"}},"wind":{"direction":273.86,"speed":10.3}}}
{"status":"ok","lang":"zh_CN","server_time":1522070817,"tzshift":28800,"location":[51.730976,-0.146521],"unit":"metric","result":{"status":"ok","temperature":11.11,"skycon":"CLEAR_NIGHT","cloudrate":0.06,"aqi":10.0,"humidity":0.5,"pres":100894.17,"pm25":10.0,"precipitation":{"nearest":{"status":"ok","distance":164.3,"intensity":0.1875},"local":{"status":"ok","intensity":0.0,"datasource":"gfs"}},"wind":{"direction":270.07,"speed":11.65}}}
{"status":"ok","lang":"zh_CN","server_time":1522074422,"tzshift":28800,"location":[51.730976,-0.146521],"unit":"metric","result":{"status":"ok","temperature":11.32,"skycon":"CLEAR_NIGHT","cloudrate":0.13,"aqi":10.0,"humidity":0.48,"pres":100516.97,"pm25":10.0,"precipitation":{"local":{"status":"ok","intensity":0.0,"datasource":"gfs"}},"wind":{"direction":265.38,"speed":13.25}}}
{"status":"ok","lang":"zh_CN","server_time":1522078016,"tzshift":28800,"location":[51.730976,-0.146521],"unit":"metric","result":{"status":"ok","temperature":11.21,"skycon":"PARTLY_CLOUDY_NIGHT","cloudrate":0.21,"aqi":10,"humidity":0.5,"pres":100477.96,"pm25":10,"precipitation":{"nearest":{"status":"ok","distance":340.23,"intensity":0.1875},"local":{"status":"ok","intensity":0.0,"datasource":"gfs"}},"wind":{"direction":263.86,"speed":13.45}}}
