{"status":"ok","lang":"zh_CN","server_time":1521995207,"tzshift":28800,"location":[51.630976,0.053479],"unit":"metric","result":{"status":"ok","temperature":11.01,"skycon":"CLOUDY","cloudrate":0.86,"aqi":10.0,"humidity":0.59,"pres":100600.09,"pm25":10.0,"precipitation":{"nearest":{"status":"ok","distance":10000.0,"intensity":0.0},"local":{"status":"ok","intensity":0.0,"datasource":"gfs"}},"wind":{"direction":10.36,"speed":9.53}}}
{"status":"ok","lang":"zh_CN","server_time":1521996405,"tzshift":28800,"location":[51.630976,0.053479],"unit":"metric","result":{"status":"ok","temperature":11.01,"skycon":"CLOUDY","cloudrate":0.86,"aqi":10.0,"humidity":0.59,"pres":100600.09,"pm25":10.0,"precipitation":{"nearest":{"status":"ok","distance":10000.0,"intensity":0.0},"local":{"status":"ok","intensity":0.0,"datasource":"gfs"}},"wind":{"direction":10.36,"speed":9.53}}}
{"status":"ok","lang":"zh_CN","server_time":1521998807,"tzshift":28800,"location":[51.630976,0.053479],"unit":"metric","result":{"status":"ok","temperature":10.33,"skycon":"CLOUDY","cloudrate":0.87,"aqi":10,"humidity":0.63,"pres":100629.51,"pm25":10,"precipitation":{"nearest":{"status":"ok","distance":249.05,"intensity":0.1875},"local":{"status":"ok","intensity":0.0074,"datasource":"gfs"}},"wind":{"direction":5.08,"speed":8.79}}}
{"status":"ok","lang":"zh_CN","server_time":1522000153,"tzshift":28800,"location":[51.630976,0.053479],"unit":"metric","result":{"status":"ok","temperature":10.33,"skycon":"CLOUDY","cloudrate":0.87,"aqi":10.0,"humidity":0.63,"pres":100629.51,"pm25":10.0,"precipitation":{"nearest":{"status":"ok","distance":550.79,"intensity":0.25},"local":{"status":"ok","intensity":0.0074,"datasource":"gfs"}},"wind":{"direction":5.08,"speed":8.79}}}
{"status":"ok","lang":"zh_CN","server_time":1522002412,"tzshift":28800,"location":[51.630976,0.053479],"unit":"metric","result":{"status":"ok","temperature":9.56,"skycon":"CLOUDY","cloudrate":0.9,"aqi":10.0,"humidity":0.66,"pres":100669.18,"pm25":10.0,"precipitation":{"nearest":{"status":"ok","distance":10000.0,"intensity":0.0},"local":{"status":"ok","intensity":0.015,"datasource":"gfs"}},"wind":{"direction":359.69,"speed":7.77}}}
{"status":"ok","lang":"zh_CN","server_time":1522003600,"tzshift":28800,"location":[51.630976,0.053479],"unit":"metric","result":{"status":"ok","temperature":9.56,"skycon":"CLOUDY","cloudrate":0.9,"aqi":10.0,"humidity":0.66,"pres":100669.18,"pm25":10.0,"precipitation":{"nearest":{"status":"ok","distance":270.99,"intensity":0.1875},"local":{"status":"ok","intensity":0.015,"datasource":"gfs"}},"wind":{"direction":359.69,"speed":7.77}}}
{"status":"ok","lang":"zh_CN","server_time":1522006001,"tzshift":28800,"location":[51.630976,0.053479],"unit":"metric","result":{"status":"ok","temperature":8.82,"skycon":"CLOUDY","cloudrate":0.95,"aqi":10.0,"humidity":0.69,"pres":100721.75,"pm25":10.0,"precipitation":{"nearest":{"status":"ok","distance":31.7,"intensity":0.1875},"local":{"status":"ok","intensity":0.0025,"datasource":"gfs"}},"wind":{"direction":354.67,"speed":6.43}}}
{"status":"ok","lang":"zh_CN","server_time":1522007200,"tzshift":28800,"location":[51.630976,0.053479],"unit":"metric","result":{"status":"ok","temperature":8.82,"skycon":"CLOUDY","cloudrate":0.95,"aqi":10.0,"humidity":0.69,"pres":100721.75,"pm25":10.0,"precipitation":{"nearest":{"status":"ok","distance":10000.0,"intensity":0.0},"local":{"status":"ok","intensity":0.0025,"datasource":"gfs"}},"wind":{"direction":354.67,"speed":6.43}}}
{"status":"ok","lang":"zh_CN","server_time":1522009600,"tzshift":28800,"location":[51.630976,0.053479],"unit":"metric","result":{"status":"ok","temperature":8.11,"skycon":"CLOUDY","cloudrate":1.0,"aqi":10.0,"humidity":0.7,"pres":100781.46,"pm25":10.0,"precipitation":{"nearest":{"status":"ok","distance":10000.0,"intensity":0.0},"local":{"status":"ok","intensity":0.0,"datasource":"gfs"}},"wind":{"direction":348.69,"speed":5.28}}}
{"status":"ok","lang":"zh_CN","server_time":1522010800,"tzshift":28800,"location":[51.630976,0.053479],"unit":"metric","result":{"status":"ok","temperature":8.11,"skycon":"CLOUDY","cloudrate":1.0,"aqi":10.0,"humidity":0.7,"pres":100781.46,"pm25":10.0,"precipitation":{"nearest":{"status":"ok","distance":10000.0,"intensity":0.0},"local":{"status":"ok","intensity":0.0,"datasource":"gfs"}},"wind":{"direction":348.69,"speed":5.28}}}
{"status":"ok","lang":"zh_CN","server_time":1522013329,"tzshift":28800,"location":[51.630976,0.053479],"unit":"metric","result":{"status":"ok","temperature":7.4,"skycon":"CLOUDY","cloudrate":0.98,"aqi":10.0,"humidity":0.72,"pres":100840.45,"pm25":10.0,"precipitation":{"nearest":{"status":"ok","distance":10000.0,"intensity":0.0},"local":{"status":"ok","intensity":0.0,"datasource":"gfs"}},"wind":{"direction":341.77,"speed":5.03}}}
{"status":"failed", "error":"'API quota is exhausted'"}
{"status":"ok","lang":"zh_CN","server_time":1522016802,"tzshift":28800,"location":[51.630976,0.053479],"unit":"metric","result":{"status":"ok","temperature":7.21,"skycon":"RAIN","cloudrate":0.95,"aqi":10.0,"humidity":0.73,"pres":100902.21,"pm25":10.0,"precipitation":{"nearest":{"status":"ok","distance":10000.0,"intensity":0.0},"local":{"status":"ok","intensity":0.0315,"datasource":"gfs"}},"wind":{"direction":321.81,"speed":4.8}}}
{"status":"ok","lang":"zh_CN","server_time":1522018006,"tzshift":28800,"location":[51.630976,0.053479],"unit":"metric","result":{"status":"ok","temperature":7.21,"skycon":"RAIN","cloudrate":0.95,"aqi":10.0,"humidity":0.73,"pres":100902.21,"pm25":10.0,"precipitation":{"nearest":{"status":"ok","distance":10000.0,"intensity":0.0},"local":{"status":"ok","intensity":0.0315,"datasource":"gfs"}},"wind":{"direction":321.81,"speed":4.8}}}
{"status":"ok","lang":"zh_CN","server_time":1522020402,"tzshift":28800,"location":[51.630976,0.053479],"unit":"metric","result":{"status":"ok","temperature":6.43,"skycon":"CLOUDY","cloudrate":0.84,"aqi":10,"humidity":0.74,"pres":100932.04,"pm25":10,"precipitation":{"nearest":{"status":"ok","distance":288.69,"intensity":0.1875},"local":{"status":"ok","intensity":0.0253,"datasource":"gfs"}},"wind":{"direction":324.92,"speed":6.71}}}
{"status":"ok","lang":"zh_CN","server_time":1522021603,"tzshift":28800,"location":[51.630976,0.053479],"unit":"metric","result":{"status":"ok","temperature":6.43,"skycon":"CLOUDY","cloudrate":0.84,"aqi":10.0,"humidity":0.74,"pres":100932.04,"pm25":10.0,"precipitation":{"nearest":{"status":"ok","distance":25.87,"intensity":0.1875},"local":{"status":"ok","intensity":0.0253,"datasource":"gfs"}},"wind":{"direction":324.92,"speed":6.71}}}
{"status":"failed", "error":"'API quota is exhausted'"}
{"status":"failed", "error":"'API quota is exhausted'"}
{"status":"failed", "error":"'API quota is exhausted'"}
{"status":"failed", "error":"'API quota is exhausted'"}
{"status":"failed", "error":"'API quota is exhausted'"}
{"status":"failed", "error":"'API quota is exhausted'"}
{"status":"ok","lang":"zh_CN","server_time":1522035089,"tzshift":28800,"location":[51.630976,0.053479],"unit":"metric","result":{"status":"ok","temperature":4.84,"skycon":"PARTLY_CLOUDY_DAY","cloudrate":0.37,"aqi":10.0,"humidity":0.74,"pres":100995.71,"pm25":10.0,"precipitation":{"nearest":{"status":"ok","distance":10000.0,"intensity":0.0},"local":{"status":"ok","intensity":0.0,"datasource":"gfs"}},"wind":{"direction":329.64,"speed":8.65}}}
{"status":"failed", "error":"'API quota is exhausted'"}
{"status":"failed", "error":"'API quota is exhausted'"}
{"status":"failed", "error":"'API quota is exhausted'"}
{"status":"failed", "error":"'API quota is exhausted'"}
{"status":"failed", "error":"'API quota is exhausted'"}
{"status":"failed", "error":"'API quota is exhausted'"}
{"status":"failed", "error":"'API quota is exhausted'"}
{"status":"failed", "error":"'API quota is exhausted'"}
{"status":"failed", "error":"'API quota is exhausted'"}
{"status":"failed", "error":"'API quota is exhausted'"}
{"status":"failed", "error":"'API quota is exhausted'"}
{"status":"failed", "error":"'API quota is exhausted'"}
{"status":"failed", "error":"'API quota is exhausted'"}
{"status":"failed", "error":"'API quota is exhausted'"}
{"status":"failed", "error":"'API quota is exhausted'"}
{"status":"failed", "error":"'API quota is exhausted'"}
{"status":"failed", "error":"'API quota is exhausted'"}
{"status":"failed", "error":"'API quota is exhausted'"}
{"status":"ok","lang":"zh_CN","server_time":1522068406,"tzshift":28800,"location":[51.630976,0.053479],"unit":"metric","result":{"status":"ok","temperature":11.1,"skycon":"CLEAR_NIGHT","cloudrate":0.0,"aqi":10.0,"humidity":0.45,"pres":101187.95,"pm25":10.0,"precipitation":{"nearest":{"status":"ok","distance":24.35,"intensity":0.1875},"local":{"status":"ok","intensity":0.0,"datasource":"gfs"}},"wind":{"direction":284.99,"speed":9.05}}}
{"status":"ok","lang":"zh_CN","server_time":1522068406,"tzshift":28800,"location":[51.630976,0.053479],"unit":"metric","result":{"status":"ok","temperature":11.1,"skycon":"CLEAR_NIGHT","cloudrate":0.0,"aqi":10.0,"humidity":0.45,"pres":101187.95,"pm25":10.0,"precipitation":{"nearest":{"status":"ok","distance":24.35,"intensity":0.1875},"local":{"status":"ok","intensity":0.0,"datasource":"gfs"}},"wind":{"direction":284.99,"speed":9.05}}}
{"status":"ok","lang":"zh_CN","server_time":1522070814,"tzshift":28800,"location":[51.630976,0.053479],"unit":"metric","result":{"status":"ok","temperature":11.66,"skycon":"CLEAR_NIGHT","cloudrate":0.07,"aqi":10.0,"humidity":0.43,"pres":101164.22,"pm25":10.0,"precipitation":{"local":{"status":"ok","intensity":0.0,"datasource":"gfs"}},"wind":{"direction":277.87,"speed":9.96}}}
{"status":"ok","lang":"zh_CN","server_time":1522074418,"tzshift":28800,"location":[51.630976,0.053479],"unit":"metric","result":{"status":"ok","temperature":11.93,"skycon":"CLEAR_NIGHT","cloudrate":0.15,"aqi":10.0,"humidity":0.43,"pres":101129.16,"pm25":10.0,"precipitation":{"nearest":{"status":"ok","distance":197.57,"intensity":0.3125},"local":{"status":"ok","intensity":0.0,"datasource":"gfs"}},"wind":{"direction":272.86,"speed":10.6}}}
{"status":"ok","lang":"zh_CN","server_time":1522078012,"tzshift":28800,"location":[51.630976,0.053479],"unit":"metric","result":{"status":"ok","temperature":11.86,"skycon":"PARTLY_CLOUDY_NIGHT","cloudrate":0.24,"aqi":10.0,"humidity":0.44,"pres":101088.43,"pm25":10.0,"precipitation":{"nearest":{"status":"ok","distance":287.57,"intensity":0.1875},"local":{"status":"ok","intensity":0.0,"datasource":"gfs"}},"wind":{"direction":269.08,"speed":10.54}}}
