{"status":"ok","lang":"zh_CN","server_time":1521995208,"tzshift":28800,"location":[51.630976,0.253479],"unit":"metric","result":{"status":"ok","temperature":10.78,"skycon":"CLOUDY","cloudrate":0.88,"aqi":10.0,"humidity":0.61,"pres":100553.02,"pm25":10.0,"precipitation":{"nearest":{"status":"ok","distance":258.49,"intensity":0.1875},"local":{"status":"ok","intensity":0.0,"datasource":"gfs"}},"wind":{"direction":13.18,"speed":9.1}}}
{"status":"ok","lang":"zh_CN","server_time":1521996406,"tzshift":28800,"location":[51.630976,0.253479],"unit":"metric","result":{"status":"ok","temperature":10.78,"skycon":"CLOUDY","cloudrate":0.88,"aqi":10.0,"humidity":0.61,"pres":100553.02,"pm25":10.0,"precipitation":{"nearest":{"status":"ok","distance":248.83,"intensity":0.1875},"local":{"status":"ok","intensity":0.0,"datasource":"gfs"}},"wind":{"direction":13.18,"speed":9.1}}}
{"status":"ok","lang":"zh_CN","server_time":1521998808,"tzshift":28800,"location":[51.630976,0.253479],"unit":"metric","result":{"status":"ok","temperature":10.12,"skycon":"CLOUDY","cloudrate":0.9,"aqi":10,"humidity":0.65,"pres":100581.0,"pm25":10,"precipitation":{"nearest":{"status":"ok","distance":75.32,"intensity":0.1875},"local":{"status":"ok","intensity":0.0,"datasource":"gfs"}},"wind":{"direction":9.3,"speed":7.98}}}
{"status":"ok","lang":"zh_CN","server_time":1522000167,"tzshift":28800,"location":[51.630976,0.253479],"unit":"metric","result":{"status":"ok","temperature":10.12,"skycon":"CLOUDY","cloudrate":0.9,"aqi":10.0,"humidity":0.65,"pres":100581.0,"pm25":10.0,"precipitation":{"nearest":{"status":"ok","distance":430.11,"intensity":0.25},"local":{"status":"ok","intensity":0.0,"datasource":"gfs"}},"wind":{"direction":9.3,"speed":7.98}}}
{"status":"ok","lang":"zh_CN","server_time":1522002413,"tzshift":28800,"location":[51.630976,0.253479],"unit":"metric","result":{"status":"ok","temperature":9.35,"skycon":"CLOUDY","cloudrate":0.93,"aqi":10.0,"humidity":0.69,"pres":100619.94,"pm25":10.0,"precipitation":{"nearest":{"status":"ok","distance":235.56,"intensity":0.1875},"local":{"status":"ok","intensity":0.0065,"datasource":"gfs"}},"wind":{"direction":7.47,"speed":6.53}}}
{"status":"ok","lang":"zh_CN","server_time":1522003601,"tzshift":28800,"location":[51.630976,0.253479],"unit":"metric","result":{"status":"ok","temperature":9.35,"skycon":"CLOUDY","cloudrate":0.93,"aqi":10.0,"humidity":0.69,"pres":100619.94,"pm25":10.0,"precipitation":{"nearest":{"status":"ok","distance":10000.0,"intensity":0.0},"local":{"status":"ok","intensity":0.0065,"datasource":"gfs"}},"wind":{"direction":7.47,"speed":6.53}}}
{"status":"ok","lang":"zh_CN","server_time":1522006002,"tzshift":28800,"location":[51.630976,0.253479],"unit":"metric","result":{"status":"ok","temperature":8.58,"skycon":"CLOUDY","cloudrate":0.97,"aqi":10.0,"humidity":0.72,"pres":100672.8,"pm25":10.0,"precipitation":{"nearest":{"status":"ok","distance":10000.0,"intensity":0.0},"local":{"status":"ok","intensity":0.0109,"datasource":"gfs"}},"wind":{"direction":11.66,"speed":4.77}}}
{"status":"ok","lang":"zh_CN","server_time":1522007201,"tzshift":28800,"location":[51.630976,0.253479],"unit":"metric","result":{"status":"ok","temperature":8.58,"skycon":"CLOUDY","cloudrate":0.97,"aqi":10.0,"humidity":0.72,"pres":100672.8,"pm25":10.0,"precipitation":{"nearest":{"status":"ok","distance":10000.0,"intensity":0.0},"local":{"status":"ok","intensity":0.0109,"datasource":"gfs"}},"wind":{"direction":11.66,"speed":4.77}}}
{"status":"ok","lang":"zh_CN","server_time":1522009600,"tzshift":28800,"location":[51.630976,0.253479],"unit":"metric","result":{"status":"ok","temperature":7.83,"skycon":"CLOUDY","cloudrate":1.0,"aqi":10.0,"humidity":0.74,"pres":100733.06,"pm25":10.0,"precipitation":{"nearest":{"status":"ok","distance":10000.0,"intensity":0.0},"local":{"status":"ok","intensity":0.0088,"datasource":"gfs"}},"wind":{"direction":20.01,"speed":3.26}}}
{"status":"ok","lang":"zh_CN","server_time":1522010800,"tzshift":28800,"location":[51.630976,0.253479],"unit":"metric","result":{"status":"ok","temperature":7.83,"skycon":"CLOUDY","cloudrate":1.0,"aqi":10.0,"humidity":0.74,"pres":100733.06,"pm25":10.0,"precipitation":{"nearest":{"status":"ok","distance":10000.0,"intensity":0.0},"local":{"status":"ok","intensity":0.0088,"datasource":"gfs"}},"wind":{"direction":20.01,"speed":3.26}}}
{"status":"ok","lang":"zh_CN","server_time":1522013330,"tzshift":28800,"location":[51.630976,0.253479],"unit":"metric","result":{"status":"ok","temperature":7.07,"skycon":"CLOUDY","cloudrate":0.99,"aqi":10.0,"humidity":0.76,"pres":100791.84,"pm25":10.0,"precipitation":{"nearest":{"status":"ok","distance":10000.0,"intensity":0.0},"local":{"status":"ok","intensity":0.0036,"datasource":"gfs"}},"wind":{"direction":14.28,"speed":2.48}}}
{"status":"failed", "error":"'API quota is exhausted'"}
{"status":"failed", "error":"'API quota is exhausted'"}
{"status":"ok","lang":"zh_CN","server_time":1522018007,"tzshift":28800,"location":[51.630976,0.253479],"unit":"metric","result":{"status":"ok","temperature":6.97,"skycon":"RAIN","cloudrate":1.0,"aqi":10.0,"humidity":0.77,"pres":100851.88,"pm25":10.0,"precipitation":{"nearest":{"status":"ok","distance":123.21,"intensity":0.1875},"local":{"status":"ok","intensity":0.0508,"datasource":"gfs"}},"wind":{"direction":324.86,"speed":2.23}}}
{"status":"ok","lang":"zh_CN","server_time":1522020403,"tzshift":28800,"location":[51.630976,0.253479],"unit":"metric","result":{"status":"ok","temperature":6.3,"skycon":"RAIN","cloudrate":0.95,"aqi":10.0,"humidity":0.78,"pres":100879.17,"pm25":10.0,"precipitation":{"nearest":{"status":"ok","distance":22.54,"intensity":0.1875},"local":{"status":"ok","intensity":0.0452,"datasource":"gfs"}},"wind":{"direction":316.46,"speed":4.86}}}
{"status":"failed", "error":"'API quota is exhausted'"}
{"status":"failed", "error":"'API quota is exhausted'"}
{"status":"failed", "error":"'API quota is exhausted'"}
{"status":"failed", "error":"'API quota is exhausted'"}
{"status":"failed", "error":"'API quota is exhausted'"}
{"status":"failed", "error":"'API quota is exhausted'"}
{"status":"failed", "error":"'API quota is exhausted'"}
{"status":"failed", "error":"'API quota is exhausted'"}
{"status":"failed", "error":"'API quota is exhausted'"}
{"status":"failed", "error":"'API quota is exhausted'"}
{"status":"ok","lang":"zh_CN","server_time":1522039607,"tzshift":28800,"location":[51.630976,0.253479],"unit":"metric","result":{"status":"ok","temperature":4.63,"skycon":"PARTLY_CLOUDY_DAY","cloudrate":0.48,"aqi":10.0,"humidity":0.78,"pres":100995.9,"pm25":10.0,"precipitation":{"nearest":{"status":"ok","distance":10000.0,"intensity":0.0},"local":{"status":"ok","intensity":0.0,"datasource":"gfs"}},"wind":{"direction":331.88,"speed":9.38}}}
{"status":"ok","lang":"zh_CN","server_time":1522042005,"tzshift":28800,"location":[51.630976,0.253479],"unit":"metric","result":{"status":"ok","temperature":3.66,"skycon":"PARTLY_CLOUDY_DAY","cloudrate":0.43,"aqi":10,"humidity":0.81,"pres":101023.55,"pm25":10,"precipitation":{"nearest":{"status":"ok","distance":10000.0,"intensity":0.0},"local":{"status":"ok","intensity":0.0,"datasource":"gfs"}},"wind":{"direction":326.84,"speed":8.95}}}
{"status":"failed", "error":"'API quota is exhausted'"}
{"status":"failed", "error":"'API quota is exhausted'"}
{"status":"failed", "error":"'API quota is exhausted'"}
{"status":"failed", "error":"'API quota is exhausted'"}
{"status":"failed", "error":"'API quota is exhausted'"}
{"status":"failed", "error":"'API quota is exhausted'"}
{"status":"failed", "error":"'API quota is exhausted'"}
{"status":"failed", "error":"'API quota is exhausted'"}
{"status":"failed", "error":"'API quota is exhausted'"}
{"status":"failed", "error":"'API quota is exhausted'"}
{"status":"failed", "error":"'API quota is exhausted'"}
{"status":"failed", "error":"'API quota is exhausted'"}
{"status":"failed", "error":"'API quota is exhausted'"}
{"status":"failed", "error":"'API quota is exhausted'"}
{"status":"ok","lang":"zh_CN","server_time":1522068407,"tzshift":28800,"location":[51.630976,0.253479],"unit":"metric","result":{"status":"ok","temperature":11.05,"skycon":"CLEAR_NIGHT","cloudrate":0.0,"aqi":10.0,"humidity":0.46,"pres":101138.78,"pm25":10.0,"precipitation":{"nearest":{"status":"ok","distance":204.97,"intensity":0.3125},"local":{"status":"ok","intensity":0.0,"datasource":"gfs"}},"wind":{"direction":290.79,"speed":9.18}}}
{"status":"ok","lang":"zh_CN","server_time":1522068407,"tzshift":28800,"location":[51.630976,0.253479],"unit":"metric","result":{"status":"ok","temperature":11.05,"skycon":"CLEAR_NIGHT","cloudrate":0.0,"aqi":10.0,"humidity":0.46,"pres":101138.78,"pm25":10.0,"precipitation":{"nearest":{"status":"ok","distance":204.97,"intensity":0.3125},"local":{"status":"ok","intensity":0.0,"datasource":"gfs"}},"wind":{"direction":290.79,"speed":9.18}}}
{"status":"ok","lang":"zh_CN","server_time":1522070815,"tzshift":28800,"location":[51.630976,0.253479],"unit":"metric","result":{"status":"ok","temperature":11.53,"skycon":"CLEAR_NIGHT","cloudrate":0.08,"aqi":10,"humidity":0.44,"pres":101117.15,"pm25":10,"precipitation":{"nearest":{"status":"ok","distance":704.79,"intensity":0.3125},"local":{"status":"ok","intensity":0.0,"datasource":"gfs"}},"wind":{"direction":283.69,"speed":9.78}}}
{"status":"ok","lang":"zh_CN","server_time":1522074419,"tzshift":28800,"location":[51.630976,0.253479],"unit":"metric","result":{"status":"ok","temperature":11.7,"skycon":"CLEAR_NIGHT","cloudrate":0.18,"aqi":10.0,"humidity":0.44,"pres":101084.16,"pm25":10.0,"precipitation":{"local":{"status":"ok","intensity":0.0,"datasource":"gfs"}},"wind":{"direction":278.18,"speed":10.12}}}
{"status":"ok","lang":"zh_CN","server_time":1522078013,"tzshift":28800,"location":[51.630976,0.253479],"unit":"metric","result":{"status":"ok","temperature":11.57,"skycon":"PARTLY_CLOUDY_NIGHT","cloudrate":0.29,"aqi":10.0,"humidity":0.46,"pres":101045.04,"pm25":10.0,"precipitation":{"nearest":{"status":"ok","distance":74.67,"intensity":0.1875},"local":{"status":"ok","intensity":0.0,"datasource":"gfs"}},"wind":{"direction":273.99,"speed":9.8}}}
