{"status":"ok","lang":"zh_CN","server_time":1521995209,"tzshift":28800,"location":[51.730976,-0.346521],"unit":"metric","result":{"status":"ok","temperature":10.52,"skycon":"RAIN","cloudrate":1.0,"aqi":10.0,"humidity":0.66,"pres":100108.66,"pm25":10.0,"precipitation":{"nearest":{"status":"ok","distance":10000.0,"intensity":0.0},"local":{"status":"ok","intensity":0.071,"datasource":"gfs"}},"wind":{"direction":358.38,"speed":10.75}}}
{"status":"ok","lang":"zh_CN","server_time":1521996408,"tzshift":28800,"location":[51.730976,-0.346521],"unit":"metric","result":{"status":"ok","temperature":10.52,"skycon":"RAIN","cloudrate":1.0,"aqi":10.0,"humidity":0.66,"pres":100108.66,"pm25":10.0,"precipitation":{"nearest":{"status":"ok","distance":233.96,"intensity":0.1875},"local":{"status":"ok","intensity":0.071,"datasource":"gfs"}},"wind":{"direction":358.38,"speed":10.75}}}
{"status":"ok","lang":"zh_CN","server_time":1521998809,"tzshift":28800,"location":[51.730976,-0.346521],"unit":"metric","result":{"status":"ok","temperature":9.65,"skycon":"RAIN","cloudrate":0.99,"aqi":10.0,"humidity":0.7,"pres":100138.26,"pm25":10.0,"precipitation":{"nearest":{"status":"ok","distance":195.28,"intensity":0.1875},"local":{"status":"ok","intensity":0.0757,"datasource":"gfs"}},"wind":{"direction":354.1,"speed":9.43}}}
{"status":"ok","lang":"zh_CN","server_time":1522000168,"tzshift":28800,"location":[51.730976,-0.346521],"unit":"metric","result":{"status":"ok","temperature":9.65,"skycon":"RAIN","cloudrate":0.99,"aqi":10,"humidity":0.7,"pres":100138.26,"pm25":10,"precipitation":{"nearest":{"status":"ok","distance":62.48,"intensity":0.1875},"local":{"status":"ok","intensity":0.0757,"datasource":"gfs"}},"wind":{"direction":354.1,"speed":9.43}}}
{"status":"ok","lang":"zh_CN","server_time":1522002414,"tzshift":28800,"location":[51.730976,-0.346521],"unit":"metric","result":{"status":"ok","temperature":8.61,"skycon":"RAIN","cloudrate":0.96,"aqi":10.0,"humidity":0.73,"pres":100178.35,"pm25":10.0,"precipitation":{"nearest":{"status":"ok","distance":10000.0,"intensity":0.0},"local":{"status":"ok","intensity":0.0654,"datasource":"gfs"}},"wind":{"direction":347.45,"speed":8.37}}}
{"status":"ok","lang":"zh_CN","server_time":1522003602,"tzshift":28800,"location":[51.730976,-0.346521],"unit":"metric","result":{"status":"ok","temperature":8.61,"skycon":"RAIN","cloudrate":0.96,"aqi":10,"humidity":0.73,"pres":100178.35,"pm25":10,"precipitation":{"nearest":{"status":"ok","distance":10000.0,"intensity":0.0},"local":{"status":"ok","intensity":0.0654,"datasource":"gfs"}},"wind":{"direction":347.45,"speed":8.37}}}
{"status":"ok","lang":"zh_CN","server_time":1522006003,"tzshift":28800,"location":[51.730976,-0.346521],"unit":"metric","result":{"status":"ok","temperature":7.52,"skycon":"RAIN","cloudrate":0.95,"aqi":10.0,"humidity":0.75,"pres":100232.04,"pm25":10.0,"precipitation":{"nearest":{"status":"ok","distance":10000.0,"intensity":0.0},"local":{"status":"ok","intensity":0.0324,"datasource":"gfs"}},"wind":{"direction":337.92,"speed":8.1}}}
{"status":"ok","lang":"zh_CN","server_time":1522007202,"tzshift":28800,"location":[51.730976,-0.346521],"unit":"metric","result":{"status":"ok","temperature":7.56,"skycon":"RAIN","cloudrate":0.97,"aqi":10.0,"humidity":0.75,"pres":100040.94,"pm25":10.0,"precipitation":{"nearest":{"status":"ok","distance":330.92,"intensity":0.1875},"local":{"status":"ok","intensity":0.0422,"datasource":"gfs"}},"wind":{"direction":337.37,"speed":8.33}}}
{"status":"ok","lang":"zh_CN","server_time":1522009602,"tzshift":28800,"location":[51.730976,-0.346521],"unit":"metric","result":{"status":"ok","temperature":6.51,"skycon":"CLOUDY","cloudrate":0.95,"aqi":10.0,"humidity":0.76,"pres":100292.98,"pm25":10.0,"precipitation":{"nearest":{"status":"ok","distance":124.73,"intensity":0.1875},"local":{"status":"ok","intensity":0.0,"datasource":"gfs"}},"wind":{"direction":330.12,"speed":8.51}}}
{"status":"ok","lang":"zh_CN","server_time":1522010802,"tzshift":28800,"location":[51.730976,-0.346521],"unit":"metric","result":{"status":"ok","temperature":6.51,"skycon":"CLOUDY","cloudrate":0.95,"aqi":10,"humidity":0.76,"pres":100292.98,"pm25":10,"precipitation":{"nearest":{"status":"ok","distance":10000.0,"intensity":0.0},"local":{"status":"ok","intensity":0.0,"datasource":"gfs"}},"wind":{"direction":330.12,"speed":8.51}}}
{"status":"failed", "error":"'API quota is exhausted'"}
{"status":"ok","lang":"zh_CN","server_time":1522014405,"tzshift":28800,"location":[51.730976,-0.346521],"unit":"metric","result":{"status":"ok","temperature":6.25,"skycon":"CLOUDY","cloudrate":1.0,"aqi":10.0,"humidity":0.76,"pres":100364.34,"pm25":10.0,"precipitation":{"nearest":{"status":"ok","distance":10000.0,"intensity":0.0},"local":{"status":"ok","intensity":0.0,"datasource":"gfs"}},"wind":{"direction":309.77,"speed":7.5}}}
{"status":"failed", "error":"'API quota is exhausted'"}
{"status":"failed", "error":"'API quota is exhausted'"}
{"status":"ok","lang":"zh_CN","server_time":1522020404,"tzshift":28800,"location":[51.730976,-0.346521],"unit":"metric","result":{"status":"ok","temperature":5.51,"skycon":"PARTLY_CLOUDY_DAY","cloudrate":0.79,"aqi":10.0,"humidity":0.77,"pres":100247.74,"pm25":10.0,"precipitation":{"nearest":{"status":"ok","distance":10000.0,"intensity":0.0},"local":{"status":"ok","intensity":0.0,"datasource":"gfs"}},"wind":{"direction":330.01,"speed":8.14}}}
{"status":"failed", "error":"'API quota is exhausted'"}
{"status":"failed", "error":"'API quota is exhausted'"}
{"status":"failed", "error":"'API quota is exhausted'"}
{"status":"ok","lang":"zh_CN","server_time":1522027604,"tzshift":28800,"location":[51.730976,-0.346521],"unit":"metric","result":{"status":"ok","temperature":4.68,"skycon":"PARTLY_CLOUDY_DAY","cloudrate":0.7,"aqi":10.0,"humidity":0.78,"pres":100473.78,"pm25":10.0,"precipitation":{"nearest":{"status":"ok","distance":175.44,"intensity":0.1875},"local":{"status":"ok","intensity":0.0,"datasource":"gfs"}},"wind":{"direction":339.08,"speed":9.12}}}
{"status":"failed", "error":"'API quota is exhausted'"}
{"status":"failed", "error":"'API quota is exhausted'"}
{"status":"failed", "error":"'API quota is exhausted'"}
{"status":"failed", "error":"'API quota is exhausted'"}
{"status":"failed", "error":"'API quota is exhausted'"}
{"status":"failed", "error":"'API quota is exhausted'"}
{"status":"failed", "error":"'API quota is exhausted'"}
{"status":"failed", "error":"'API quota is exhausted'"}
{"status":"failed", "error":"'API quota is exhausted'"}
{"status":"failed", "error":"'API quota is exhausted'"}
{"status":"failed", "error":"'API quota is exhausted'"}
{"status":"failed", "error":"'API quota is exhausted'"}
{"status":"failed", "error":"'API quota is exhausted'"}
{"status":"failed", "error":"'API quota is exhausted'"}
{"status":"failed", "error":"'API quota is exhausted'"}
{"status":"failed", "error":"'API quota is exhausted'"}
{"status":"failed", "error":"'API quota is exhausted'"}
{"status":"failed", "error":"'API quota is exhausted'"}
{"status":"failed", "error":"'API quota is exhausted'"}
{"status":"failed", "error":"'API quota is exhausted'"}
{"status":"failed", "error":"'API quota is exhausted'"}
{"status":"failed", "error":"'API quota is exhausted'"}
{"status":"ok","lang":"zh_CN","server_time":1522068409,"tzshift":28800,"location":[51.730976,-0.346521],"unit":"metric","result":{"status":"ok","temperature":10.32,"skycon":"CLEAR_NIGHT","cloudrate":0.0,"aqi":10,"humidity":0.53,"pres":100680.27,"pm25":10,"precipitation":{"local":{"status":"ok","intensity":0.0,"datasource":"gfs"}},"wind":{"direction":270.44,"speed":10.51}}}
{"status":"ok","lang":"zh_CN","server_time":1522068409,"tzshift":28800,"location":[51.730976,-0.346521],"unit":"metric","result":{"status":"ok","temperature":10.32,"skycon":"CLEAR_NIGHT","cloudrate":0.0,"aqi":10,"humidity":0.53,"pres":100680.27,"pm25":10,"precipitation":{"local":{"status":"ok","intensity":0.0,"datasource":"gfs"}},"wind":{"direction":270.44,"speed":10.51}}}
{"status":"ok","lang":"zh_CN","server_time":1522070817,"tzshift":28800,"location":[51.730976,-0.346521],"unit":"metric","result":{"status":"ok","temperature":10.94,"skycon":"CLEAR_NIGHT","cloudrate":0.08,"aqi":10.0,"humidity":0.51,"pres":100655.49,"pm25":10.0,"precipitation":{"local":{"status":"ok","intensity":0.0,"datasource":"gfs"}},"wind":{"direction":265.61,"speed":12.04}}}
{"status":"ok","lang":"zh_CN","server_time":1522074421,"tzshift":28800,"location":[51.730976,-0.346521],"unit":"metric","result":{"status":"ok","temperature":11.27,"skycon":"CLEAR_NIGHT","cloudrate":0.17,"aqi":10.0,"humidity":0.51,"pres":100619.54,"pm25":10.0,"precipitation":{"nearest":{"status":"ok","distance":10000.0,"intensity":0.0},"local":{"status":"ok","intensity":0.0,"datasource":"gfs"}},"wind":{"direction":263.02,"speed":13.07}}}
{"status":"ok","lang":"zh_CN","server_time":1522078015,"tzshift":28800,"location":[51.730976,-0.346521],"unit":"metric","result":{"status":"ok","temperature":11.14,"skycon":"PARTLY_CLOUDY_NIGHT","cloudrate":0.26,"aqi":10.0,"humidity":0.53,"pres":100577.76,"pm25":10.0,"precipitation":{"nearest":{"status":"ok","distance":10000.0,"intensity":0.0},"local":{"status":"ok","intensity":0.0,"datasource":"gfs"}},"wind":{"direction":261.09,"speed":13.01}}}
