{"status":"ok","lang":"zh_CN","server_time":1521995206,"tzshift":28800,"location":[51.630976,-0.146521],"unit":"metric","result":{"status":"ok","temperature":11.18,"skycon":"CLOUDY","cloudrate":0.9,"aqi":10.0,"humidity":0.59,"pres":100546.35,"pm25":10.0,"precipitation":{"nearest":{"status":"ok","distance":148.09,"intensity":0.1875},"local":{"status":"ok","intensity":0.0103,"datasource":"gfs"}},"wind":{"direction":6.26,"speed":9.95}}}
{"status":"ok","lang":"zh_CN","server_time":1521996405,"tzshift":28800,"location":[51.630976,-0.146521],"unit":"metric","result":{"status":"ok","temperature":11.18,"skycon":"CLOUDY","cloudrate":0.9,"aqi":10.0,"humidity":0.59,"pres":100546.35,"pm25":10.0,"precipitation":{"nearest":{"status":"ok","distance":10000.0,"intensity":0.0},"local":{"status":"ok","intensity":0.0103,"datasource":"gfs"}},"wind":{"direction":6.26,"speed":9.95}}}
{"status":"ok","lang":"zh_CN","server_time":1521998806,"tzshift":28800,"location":[51.630976,-0.146521],"unit":"metric","result":{"status":"ok","temperature":11.25,"skycon":"RAIN","cloudrate":0.89,"aqi":10.0,"humidity":0.55,"pres":100542.05,"pm25":10.0,"precipitation":{"nearest":{"status":"ok","distance":170.34,"intensity":0.1875},"local":{"status":"ok","intensity":0.058,"datasource":"gfs"}},"wind":{"direction":1.78,"speed":9.83}}}
{"status":"ok","lang":"zh_CN","server_time":1522000151,"tzshift":28800,"location":[51.630976,-0.146521],"unit":"metric","result":{"status":"ok","temperature":10.46,"skycon":"CLOUDY","cloudrate":0.89,"aqi":10.0,"humidity":0.62,"pres":100577.13,"pm25":10.0,"precipitation":{"nearest":{"status":"ok","distance":429.07,"intensity":0.3125},"local":{"status":"ok","intensity":0.0297,"datasource":"gfs"}},"wind":{"direction":1.36,"speed":9.31}}}
{"status":"ok","lang":"zh_CN","server_time":1522002411,"tzshift":28800,"location":[51.630976,-0.146521],"unit":"metric","result":{"status":"ok","temperature":9.65,"skycon":"CLOUDY","cloudrate":0.9,"aqi":10.0,"humidity":0.66,"pres":100617.79,"pm25":10.0,"precipitation":{"nearest":{"status":"ok","distance":76.11,"intensity":0.1875},"local":{"status":"ok","intensity":0.0307,"datasource":"gfs"}},"wind":{"direction":355.1,"speed":8.49}}}
{"status":"ok","lang":"zh_CN","server_time":1522003599,"tzshift":28800,"location":[51.630976,-0.146521],"unit":"metric","result":{"status":"ok","temperature":9.65,"skycon":"CLOUDY","cloudrate":0.9,"aqi":10.0,"humidity":0.66,"pres":100617.79,"pm25":10.0,"precipitation":{"nearest":{"status":"ok","distance":10000.0,"intensity":0.0},"local":{"status":"ok","intensity":0.0307,"datasource":"gfs"}},"wind":{"direction":355.1,"speed":8.49}}}
{"status":"ok","lang":"zh_CN","server_time":1522006000,"tzshift":28800,"location":[51.630976,-0.146521],"unit":"metric","result":{"status":"ok","temperature":8.84,"skycon":"CLOUDY","cloudrate":0.94,"aqi":10.0,"humidity":0.68,"pres":100670.79,"pm25":10.0,"precipitation":{"nearest":{"status":"ok","distance":10000.0,"intensity":0.0},"local":{"status":"ok","intensity":0.0065,"datasource":"gfs"}},"wind":{"direction":346.68,"speed":7.56}}}
{"status":"ok","lang":"zh_CN","server_time":1522007199,"tzshift":28800,"location":[51.630976,-0.146521],"unit":"metric","result":{"status":"ok","temperature":8.84,"skycon":"CLOUDY","cloudrate":0.94,"aqi":10.0,"humidity":0.68,"pres":100670.79,"pm25":10.0,"precipitation":{"nearest":{"status":"ok","distance":10000.0,"intensity":0.0},"local":{"status":"ok","intensity":0.0065,"datasource":"gfs"}},"wind":{"direction":346.68,"speed":7.56}}}
{"status":"ok","lang":"zh_CN","server_time":1522009599,"tzshift":28800,"location":[51.630976,-0.146521],"unit":"metric","result":{"status":"ok","temperature":8.06,"skycon":"CLOUDY","cloudrate":0.98,"aqi":10.0,"humidity":0.69,"pres":100730.63,"pm25":10.0,"precipitation":{"nearest":{"status":"ok","distance":218.9,"intensity":0.1875},"local":{"status":"ok","intensity":0.0,"datasource":"gfs"}},"wind":{"direction":337.56,"speed":6.95}}}
{"status":"ok","lang":"zh_CN","server_time":1522010799,"tzshift":28800,"location":[51.630976,-0.146521],"unit":"metric","result":{"status":"ok","temperature":8.06,"skycon":"CLOUDY","cloudrate":0.98,"aqi":10.0,"humidity":0.69,"pres":100730.63,"pm25":10.0,"precipitation":{"nearest":{"status":"ok","distance":128.13,"intensity":0.1875},"local":{"status":"ok","intensity":0.0,"datasource":"gfs"}},"wind":{"direction":337.56,"speed":6.95}}}
{"status":"failed", "error":"'API quota is exhausted'"}
{"status":"failed", "error":"'API quota is exhausted'"}
{"status":"failed", "error":"'API quota is exhausted'"}
{"status":"failed", "error":"'API quota is exhausted'"}
{"status":"failed", "error":"'API quota is exhausted'"}
{"status":"failed", "error":"'API quota is exhausted'"}
{"status":"failed", "error":"'API quota is exhausted'"}
{"status":"failed", "error":"'API quota is exhausted'"}
{"status":"failed", "error":"'API quota is exhausted'"}
{"status":"failed", "error":"'API quota is exhausted'"}
{"status":"failed", "error":"'API quota is exhausted'"}
{"status":"failed", "error":"'API quota is exhausted'"}
{"status":"failed", "error":"'API quota is exhausted'"}
{"status":"ok","lang":"zh_CN","server_time":1522036006,"tzshift":28800,"location":[51.630976,-0.146521],"unit":"metric","result":{"status":"ok","temperature":5.77,"skycon":"PARTLY_CLOUDY_DAY","cloudrate":0.73,"aqi":10,"humidity":0.72,"pres":100976.46,"pm25":10,"precipitation":{"nearest":{"status":"ok","distance":10000.0,"intensity":0.0},"local":{"status":"ok","intensity":0.0,"datasource":"gfs"}},"wind":{"direction":336.35,"speed":9.08}}}
{"status":"failed", "error":"'API quota is exhausted'"}
{"status":"failed", "error":"'API quota is exhausted'"}
{"status":"failed", "error":"'API quota is exhausted'"}
{"status":"failed", "error":"'API quota is exhausted'"}
{"status":"failed", "error":"'API quota is exhausted'"}
{"status":"failed", "error":"'API quota is exhausted'"}
{"status":"failed", "error":"'API quota is exhausted'"}
{"status":"failed", "error":"'API quota is exhausted'"}
{"status":"failed", "error":"'API quota is exhausted'"}
{"status":"failed", "error":"'API quota is exhausted'"}
{"status":"failed", "error":"'API quota is exhausted'"}
{"status":"failed", "error":"'API quota is exhausted'"}
{"status":"failed", "error":"'API quota is exhausted'"}
{"status":"failed", "error":"'API quota is exhausted'"}
{"status":"failed", "error":"'API quota is exhausted'"}
{"status":"failed", "error":"'API quota is exhausted'"}
{"status":"failed", "error":"'API quota is exhausted'"}
{"status":"ok","lang":"zh_CN","server_time":1522068405,"tzshift":28800,"location":[51.630976,-0.146521],"unit":"metric","result":{"status":"ok","temperature":11.02,"skycon":"CLEAR_NIGHT","cloudrate":0.0,"aqi":10.0,"humidity":0.46,"pres":101133.73,"pm25":10.0,"precipitation":{"local":{"status":"ok","intensity":0.0,"datasource":"gfs"}},"wind":{"direction":279.09,"speed":9.03}}}
{"status":"ok","lang":"zh_CN","server_time":1522068405,"tzshift":28800,"location":[51.630976,-0.146521],"unit":"metric","result":{"status":"ok","temperature":11.02,"skycon":"CLEAR_NIGHT","cloudrate":0.0,"aqi":10.0,"humidity":0.46,"pres":101133.73,"pm25":10.0,"precipitation":{"local":{"status":"ok","intensity":0.0,"datasource":"gfs"}},"wind":{"direction":279.09,"speed":9.03}}}
{"status":"ok","lang":"zh_CN","server_time":1522070813,"tzshift":28800,"location":[51.630976,-0.146521],"unit":"metric","result":{"status":"ok","temperature":11.64,"skycon":"CLEAR_NIGHT","cloudrate":0.06,"aqi":10.0,"humidity":0.43,"pres":101108.87,"pm25":10.0,"precipitation":{"nearest":{"status":"ok","distance":354.62,"intensity":0.1875},"local":{"status":"ok","intensity":0.0,"datasource":"gfs"}},"wind":{"direction":272.46,"speed":10.26}}}
{"status":"ok","lang":"zh_CN","server_time":1522074418,"tzshift":28800,"location":[51.630976,-0.146521],"unit":"metric","result":{"status":"ok","temperature":11.95,"skycon":"CLEAR_NIGHT","cloudrate":0.12,"aqi":10.0,"humidity":0.43,"pres":101072.58,"pm25":10.0,"precipitation":{"local":{"status":"ok","intensity":0.0,"datasource":"gfs"}},"wind":{"direction":268.14,"speed":11.15}}}
{"status":"ok","lang":"zh_CN","server_time":1522078011,"tzshift":28800,"location":[51.630976,-0.146521],"unit":"metric","result":{"status":"ok","temperature":11.89,"skycon":"CLEAR_NIGHT","cloudrate":0.19,"aqi":10.0,"humidity":0.45,"pres":101030.74,"pm25":10.0,"precipitation":{"nearest":{"status":"ok","distance":197.23,"intensity":0.25},"local":{"status":"ok","intensity":0.0,"datasource":"gfs"}},"wind":{"direction":264.71,"speed":11.24}}}
