{"status":"ok","lang":"zh_CN","server_time":1521995208,"tzshift":28800,"location":[51.730976,-0.446521],"unit":"metric","result":{"status":"ok","temperature":10.36,"skycon":"RAIN","cloudrate":1.0,"aqi":10.0,"humidity":0.67,"pres":99941.45,"pm25":10.0,"precipitation":{"nearest":{"status":"ok","distance":212.4,"intensity":0.1875},"local":{"status":"ok","intensity":0.0846,"datasource":"gfs"}},"wind":{"direction":355.54,"speed":10.9}}}
{"status":"ok","lang":"zh_CN","server_time":1521996407,"tzshift":28800,"location":[51.730976,-0.446521],"unit":"metric","result":{"status":"ok","temperature":10.36,"skycon":"RAIN","cloudrate":1.0,"aqi":10,"humidity":0.67,"pres":99941.45,"pm25":10,"precipitation":{"nearest":{"status":"ok","distance":10000.0,"intensity":0.0},"local":{"status":"ok","intensity":0.0846,"datasource":"gfs"}},"wind":{"direction":355.54,"speed":10.9}}}
{"status":"ok","lang":"zh_CN","server_time":1521998809,"tzshift":28800,"location":[51.730976,-0.446521],"unit":"metric","result":{"status":"ok","temperature":9.48,"skycon":"RAIN","cloudrate":1.0,"aqi":10.0,"humidity":0.71,"pres":99970.48,"pm25":10.0,"precipitation":{"nearest":{"status":"ok","distance":366.62,"intensity":0.1875},"local":{"status":"ok","intensity":0.0854,"datasource":"gfs"}},"wind":{"direction":351.55,"speed":9.45}}}
{"status":"ok","lang":"zh_CN","server_time":1522000168,"tzshift":28800,"location":[51.730976,-0.446521],"unit":"metric","result":{"status":"ok","temperature":9.48,"skycon":"RAIN","cloudrate":1.0,"aqi":10.0,"humidity":0.71,"pres":99970.49,"pm25":10.0,"precipitation":{"nearest":{"status":"ok","distance":335.1,"intensity":0.3125},"local":{"status":"ok","intensity":0.0854,"datasource":"gfs"}},"wind":{"direction":351.55,"speed":9.45}}}
{"status":"ok","lang":"zh_CN","server_time":1522002414,"tzshift":28800,"location":[51.730976,-0.446521],"unit":"metric","result":{"status":"ok","temperature":8.42,"skycon":"RAIN","cloudrate":0.97,"aqi":10.0,"humidity":0.74,"pres":100010.33,"pm25":10.0,"precipitation":{"nearest":{"status":"ok","distance":128.2,"intensity":0.1875},"local":{"status":"ok","intensity":0.0719,"datasource":"gfs"}},"wind":{"direction":345.29,"speed":8.33}}}
{"status":"ok","lang":"zh_CN","server_time":1522003602,"tzshift":28800,"location":[51.730976,-0.446521],"unit":"metric","result":{"status":"ok","temperature":8.42,"skycon":"RAIN","cloudrate":0.97,"aqi":10.0,"humidity":0.74,"pres":100010.33,"pm25":10.0,"precipitation":{"nearest":{"status":"ok","distance":10000.0,"intensity":0.0},"local":{"status":"ok","intensity":0.0719,"datasource":"gfs"}},"wind":{"direction":345.29,"speed":8.33}}}
{"status":"ok","lang":"zh_CN","server_time":1522006002,"tzshift":28800,"location":[51.730976,-0.446521],"unit":"metric","result":{"status":"ok","temperature":7.27,"skycon":"RAIN","cloudrate":0.94,"aqi":10.0,"humidity":0.76,"pres":100064.4,"pm25":10.0,"precipitation":{"nearest":{"status":"ok","distance":10000.0,"intensity":0.0},"local":{"status":"ok","intensity":0.037,"datasource":"gfs"}},"wind":{"direction":336.26,"speed":8.14}}}
{"status":"ok","lang":"zh_CN","server_time":1522007202,"tzshift":28800,"location":[51.730976,-0.446521],"unit":"metric","result":{"status":"ok","temperature":7.27,"skycon":"RAIN","cloudrate":0.94,"aqi":10.0,"humidity":0.76,"pres":100064.4,"pm25":10.0,"precipitation":{"nearest":{"status":"ok","distance":216.9,"intensity":0.1875},"local":{"status":"ok","intensity":0.037,"datasource":"gfs"}},"wind":{"direction":336.26,"speed":8.14}}}
{"status":"ok","lang":"zh_CN","server_time":1522009601,"tzshift":28800,"location":[51.730976,-0.446521],"unit":"metric","result":{"status":"ok","temperature":6.19,"skycon":"CLOUDY","cloudrate":0.9,"aqi":10,"humidity":0.78,"pres":100125.97,"pm25":10,"precipitation":{"nearest":{"status":"ok","distance":137.0,"intensity":0.1875},"local":{"status":"ok","intensity":0.0,"datasource":"gfs"}},"wind":{"direction":329.17,"speed":8.67}}}
{"status":"ok","lang":"zh_CN","server_time":1522010801,"tzshift":28800,"location":[51.730976,-0.446521],"unit":"metric","result":{"status":"ok","temperature":6.19,"skycon":"CLOUDY","cloudrate":0.9,"aqi":10.0,"humidity":0.78,"pres":100059.43,"pm25":10.0,"precipitation":{"nearest":{"status":"ok","distance":10000.0,"intensity":0.0},"local":{"status":"ok","intensity":0.0,"datasource":"gfs"}},"wind":{"direction":328.67,"speed":8.8}}}
{"status":"ok","lang":"zh_CN","server_time":1522013331,"tzshift":28800,"location":[51.730976,-0.446521],"unit":"metric","result":{"status":"ok","temperature":5.34,"skycon":"CLOUDY","cloudrate":0.83,"aqi":10.0,"humidity":0.78,"pres":100185.82,"pm25":10.0,"precipitation":{"nearest":{"status":"ok","distance":10000.0,"intensity":0.0},"local":{"status":"ok","intensity":0.0,"datasource":"gfs"}},"wind":{"direction":327.29,"speed":9.28}}}
{"status":"ok","lang":"zh_CN","server_time":1522014405,"tzshift":28800,"location":[51.730976,-0.446521],"unit":"metric","result":{"status":"ok","temperature":5.85,"skycon":"CLOUDY","cloudrate":1.0,"aqi":10.0,"humidity":0.77,"pres":100197.01,"pm25":10.0,"precipitation":{"nearest":{"status":"ok","distance":10000.0,"intensity":0.0},"local":{"status":"ok","intensity":0.0,"datasource":"gfs"}},"wind":{"direction":308.21,"speed":7.78}}}
{"status":"failed", "error":"'API quota is exhausted'"}
{"status":"ok","lang":"zh_CN","server_time":1522018008,"tzshift":28800,"location":[51.730976,-0.446521],"unit":"metric","result":{"status":"ok","temperature":5.44,"skycon":"CLOUDY","cloudrate":0.91,"aqi":10.0,"humidity":0.78,"pres":100241.58,"pm25":10.0,"precipitation":{"nearest":{"status":"ok","distance":126.62,"intensity":0.1875},"local":{"status":"ok","intensity":0.0,"datasource":"gfs"}},"wind":{"direction":316.01,"speed":7.77}}}
{"status":"failed", "error":"'API quota is exhausted'"}
{"status":"ok","lang":"zh_CN","server_time":1522021604,"tzshift":28800,"location":[51.730976,-0.446521],"unit":"metric","result":{"status":"ok","temperature":5.18,"skycon":"PARTLY_CLOUDY_DAY","cloudrate":0.79,"aqi":10.0,"humidity":0.78,"pres":100271.46,"pm25":10.0,"precipitation":{"nearest":{"status":"ok","distance":7.16,"intensity":0.1875},"local":{"status":"ok","intensity":0.0,"datasource":"gfs"}},"wind":{"direction":330.18,"speed":7.99}}}
{"status":"failed", "error":"'API quota is exhausted'"}
{"status":"failed", "error":"'API quota is exhausted'"}
{"status":"failed", "error":"'API quota is exhausted'"}
{"status":"failed", "error":"'API quota is exhausted'"}
{"status":"ok","lang":"zh_CN","server_time":1522031207,"tzshift":28800,"location":[51.730976,-0.446521],"unit":"metric","result":{"status":"ok","temperature":3.92,"skycon":"PARTLY_CLOUDY_DAY","cloudrate":0.73,"aqi":10.0,"humidity":0.8,"pres":100319.37,"pm25":10.0,"precipitation":{"nearest":{"status":"ok","distance":10000.0,"intensity":0.0},"local":{"status":"ok","intensity":0.0,"datasource":"gfs"}},"wind":{"direction":333.34,"speed":8.92}}}
{"status":"failed", "error":"'API quota is exhausted'"}
{"status":"failed", "error":"'API quota is exhausted'"}
{"status":"failed", "error":"'API quota is exhausted'"}
{"status":"failed", "error":"'API quota is exhausted'"}
{"status":"failed", "error":"'API quota is exhausted'"}
{"status":"failed", "error":"'API quota is exhausted'"}
{"status":"failed", "error":"'API quota is exhausted'"}
{"status":"failed", "error":"'API quota is exhausted'"}
{"status":"ok","lang":"zh_CN","server_time":1522046809,"tzshift":28800,"location":[51.730976,-0.446521],"unit":"metric","result":{"status":"ok","temperature":1.77,"skycon":"PARTLY_CLOUDY_DAY","cloudrate":0.44,"aqi":10.0,"humidity":0.87,"pres":100436.24,"pm25":10.0,"precipitation":{"nearest":{"status":"ok","distance":10000.0,"intensity":0.0},"local":{"status":"ok","intensity":0.0,"datasource":"gfs"}},"wind":{"direction":320.36,"speed":8.47}}}
{"status":"failed", "error":"'API quota is exhausted'"}
{"status":"ok","lang":"zh_CN","server_time":1522050406,"tzshift":28800,"location":[51.730976,-0.446521],"unit":"metric","result":{"status":"ok","temperature":2.77,"skycon":"PARTLY_CLOUDY_DAY","cloudrate":0.27,"aqi":10.0,"humidity":0.84,"pres":100456.4,"pm25":10.0,"precipitation":{"nearest":{"status":"ok","distance":10000.0,"intensity":0.0},"local":{"status":"ok","intensity":0.0,"datasource":"gfs"}},"wind":{"direction":317.13,"speed":8.33}}}
{"status":"failed", "error":"'API quota is exhausted'"}
{"status":"failed", "error":"'API quota is exhausted'"}
{"status":"failed", "error":"'API quota is exhausted'"}
{"status":"failed", "error":"'API quota is exhausted'"}
{"status":"failed", "error":"'API quota is exhausted'"}
{"status":"failed", "error":"'API quota is exhausted'"}
{"status":"failed", "error":"'API quota is exhausted'"}
{"status":"failed", "error":"'API quota is exhausted'"}
{"status":"failed", "error":"'API quota is exhausted'"}
{"status":"ok","lang":"zh_CN","server_time":1522068408,"tzshift":28800,"location":[51.730976,-0.446521],"unit":"metric","result":{"status":"ok","temperature":10.17,"skycon":"CLEAR_NIGHT","cloudrate":0.01,"aqi":10.0,"humidity":0.55,"pres":100442.16,"pm25":10.0,"precipitation":{"nearest":{"status":"ok","distance":10000.0,"intensity":0.0},"local":{"status":"ok","intensity":0.0,"datasource":"gfs"}},"wind":{"direction":268.05,"speed":10.66}}}
{"status":"ok","lang":"zh_CN","server_time":1522068408,"tzshift":28800,"location":[51.730976,-0.446521],"unit":"metric","result":{"status":"ok","temperature":10.17,"skycon":"CLEAR_NIGHT","cloudrate":0.01,"aqi":10.0,"humidity":0.55,"pres":100442.16,"pm25":10.0,"precipitation":{"nearest":{"status":"ok","distance":10000.0,"intensity":0.0},"local":{"status":"ok","intensity":0.0,"datasource":"gfs"}},"wind":{"direction":268.05,"speed":10.66}}}
{"status":"ok","lang":"zh_CN","server_time":1522070816,"tzshift":28800,"location":[51.730976,-0.446521],"unit":"metric","result":{"status":"ok","temperature":10.81,"skycon":"CLEAR_NIGHT","cloudrate":0.11,"aqi":10.0,"humidity":0.52,"pres":100485.44,"pm25":10.0,"precipitation":{"nearest":{"status":"ok","distance":181.33,"intensity":0.1875},"local":{"status":"ok","intensity":0.0,"datasource":"gfs"}},"wind":{"direction":263.77,"speed":12.25}}}
{"status":"ok","lang":"zh_CN","server_time":1522074420,"tzshift":28800,"location":[51.730976,-0.446521],"unit":"metric","result":{"status":"ok","temperature":11.11,"skycon":"PARTLY_CLOUDY_NIGHT","cloudrate":0.23,"aqi":10.0,"humidity":0.52,"pres":100450.07,"pm25":10.0,"precipitation":{"nearest":{"status":"ok","distance":10000.0,"intensity":0.0},"local":{"status":"ok","intensity":0.0,"datasource":"gfs"}},"wind":{"direction":261.33,"speed":13.31}}}
{"status":"ok","lang":"zh_CN","server_time":1522078014,"tzshift":28800,"location":[51.730976,-0.446521],"unit":"metric","result":{"status":"ok","temperature":10.95,"skycon":"PARTLY_CLOUDY_NIGHT","cloudrate":0.34,"aqi":10.0,"humidity":0.55,"pres":100408.46,"pm25":10.0,"precipitation":{"local":{"status":"ok","intensity":0.0,"datasource":"gfs"}},"wind":{"direction":259.34,"speed":13.23}}}
