{"status":"ok","lang":"zh_CN","server_time":1521995211,"tzshift":28800,"location":[51.730976,0.053479],"unit":"metric","result":{"status":"ok","temperature":10.42,"skycon":"CLOUDY","cloudrate":0.97,"aqi":10.0,"humidity":0.65,"pres":100424.99,"pm25":10.0,"precipitation":{"nearest":{"status":"ok","distance":148.09,"intensity":0.1875},"local":{"status":"ok","intensity":0.0216,"datasource":"gfs"}},"wind":{"direction":6.99,"speed":9.89}}}
{"status":"ok","lang":"zh_CN","server_time":1521996409,"tzshift":28800,"location":[51.730976,0.053479],"unit":"metric","result":{"status":"ok","temperature":10.42,"skycon":"CLOUDY","cloudrate":0.97,"aqi":10.0,"humidity":0.65,"pres":100424.99,"pm25":10.0,"precipitation":{"nearest":{"status":"ok","distance":216.76,"intensity":0.25},"local":{"status":"ok","intensity":0.0216,"datasource":"gfs"}},"wind":{"direction":6.99,"speed":9.89}}}
{"status":"ok","lang":"zh_CN","server_time":1521998811,"tzshift":28800,"location":[51.730976,0.053479],"unit":"metric","result":{"status":"ok","temperature":9.6,"skycon":"RAIN","cloudrate":0.96,"aqi":10.0,"humidity":0.69,"pres":100454.27,"pm25":10.0,"precipitation":{"nearest":{"status":"ok","distance":596.55,"intensity":0.1875},"local":{"status":"ok","intensity":0.0399,"datasource":"gfs"}},"wind":{"direction":1.39,"speed":8.79}}}
{"status":"ok","lang":"zh_CN","server_time":1522000170,"tzshift":28800,"location":[51.730976,0.053479],"unit":"metric","result":{"status":"ok","temperature":9.6,"skycon":"RAIN","cloudrate":0.96,"aqi":10.0,"humidity":0.69,"pres":100454.27,"pm25":10.0,"precipitation":{"nearest":{"status":"ok","distance":36.11,"intensity":0.1875},"local":{"status":"ok","intensity":0.0399,"datasource":"gfs"}},"wind":{"direction":1.39,"speed":8.79}}}
{"status":"ok","lang":"zh_CN","server_time":1522002416,"tzshift":28800,"location":[51.730976,0.053479],"unit":"metric","result":{"status":"ok","temperature":8.7,"skycon":"RAIN","cloudrate":0.96,"aqi":10.0,"humidity":0.73,"pres":100493.65,"pm25":10.0,"precipitation":{"nearest":{"status":"ok","distance":250.92,"intensity":0.1875},"local":{"status":"ok","intensity":0.0405,"datasource":"gfs"}},"wind":{"direction":355.11,"speed":7.64}}}
{"status":"ok","lang":"zh_CN","server_time":1522003604,"tzshift":28800,"location":[51.730976,0.053479],"unit":"metric","result":{"status":"ok","temperature":8.7,"skycon":"RAIN","cloudrate":0.96,"aqi":10.0,"humidity":0.73,"pres":100493.65,"pm25":10.0,"precipitation":{"nearest":{"status":"ok","distance":526.18,"intensity":0.3125},"local":{"status":"ok","intensity":0.0405,"datasource":"gfs"}},"wind":{"direction":355.11,"speed":7.64}}}
{"status":"ok","lang":"zh_CN","server_time":1522006005,"tzshift":28800,"location":[51.730976,0.053479],"unit":"metric","result":{"status":"ok","temperature":7.85,"skycon":"CLOUDY","cloudrate":0.99,"aqi":10.0,"humidity":0.75,"pres":100545.85,"pm25":10.0,"precipitation":{"nearest":{"status":"ok","distance":10000.0,"intensity":0.0},"local":{"status":"ok","intensity":0.0171,"datasource":"gfs"}},"wind":{"direction":348.63,"speed":6.51}}}
{"status":"ok","lang":"zh_CN","server_time":1522007204,"tzshift":28800,"location":[51.730976,0.053479],"unit":"metric","result":{"status":"ok","temperature":7.85,"skycon":"CLOUDY","cloudrate":0.99,"aqi":10.0,"humidity":0.75,"pres":100545.85,"pm25":10.0,"precipitation":{"nearest":{"status":"ok","distance":10000.0,"intensity":0.0},"local":{"status":"ok","intensity":0.0171,"datasource":"gfs"}},"wind":{"direction":348.63,"speed":6.51}}}
{"status":"ok","lang":"zh_CN","server_time":1522009603,"tzshift":28800,"location":[51.730976,0.053479],"unit":"metric","result":{"status":"ok","temperature":7.05,"skycon":"CLOUDY","cloudrate":1.0,"aqi":10.0,"humidity":0.76,"pres":100605.1,"pm25":10.0,"precipitation":{"nearest":{"status":"ok","distance":10000.0,"intensity":0.0},"local":{"status":"ok","intensity":0.0,"datasource":"gfs"}},"wind":{"direction":342.06,"speed":5.79}}}
{"status":"ok","lang":"zh_CN","server_time":1522010803,"tzshift":28800,"location":[51.730976,0.053479],"unit":"metric","result":{"status":"ok","temperature":7.05,"skycon":"CLOUDY","cloudrate":1.0,"aqi":10.0,"humidity":0.76,"pres":100605.1,"pm25":10.0,"precipitation":{"nearest":{"status":"ok","distance":125.53,"intensity":0.1875},"local":{"status":"ok","intensity":0.0,"datasource":"gfs"}},"wind":{"direction":342.06,"speed":5.79}}}
{"status":"ok","lang":"zh_CN","server_time":1522013334,"tzshift":28800,"location":[51.730976,0.053479],"unit":"metric","result":{"status":"ok","temperature":6.28,"skycon":"CLOUDY","cloudrate":1.0,"aqi":10,"humidity":0.77,"pres":100663.51,"pm25":10,"precipitation":{"nearest":{"status":"ok","distance":10000.0,"intensity":0.0},"local":{"status":"ok","intensity":0.0,"datasource":"gfs"}},"wind":{"direction":337.1,"speed":5.92}}}
{"status":"ok","lang":"zh_CN","server_time":1522014407,"tzshift":28800,"location":[51.730976,0.053479],"unit":"metric","result":{"status":"ok","temperature":6.8,"skycon":"CLOUDY","cloudrate":1.0,"aqi":10.0,"humidity":0.76,"pres":100679.42,"pm25":10.0,"precipitation":{"nearest":{"status":"ok","distance":10000.0,"intensity":0.0},"local":{"status":"ok","intensity":0.0,"datasource":"gfs"}},"wind":{"direction":323.68,"speed":4.15}}}
{"status":"failed", "error":"'API quota is exhausted'"}
{"status":"failed", "error":"'API quota is exhausted'"}
{"status":"failed", "error":"'API quota is exhausted'"}
{"status":"ok","lang":"zh_CN","server_time":1522021607,"tzshift":28800,"location":[51.730976,0.053479],"unit":"metric","result":{"status":"ok","temperature":5.17,"skycon":"CLOUDY","cloudrate":0.81,"aqi":10,"humidity":0.79,"pres":100754.72,"pm25":10,"precipitation":{"nearest":{"status":"ok","distance":254.54,"intensity":0.1875},"local":{"status":"ok","intensity":0.0,"datasource":"gfs"}},"wind":{"direction":327.52,"speed":7.5}}}
{"status":"failed", "error":"'API quota is exhausted'"}
{"status":"failed", "error":"'API quota is exhausted'"}
{"status":"failed", "error":"'API quota is exhausted'"}
{"status":"failed", "error":"'API quota is exhausted'"}
{"status":"failed", "error":"'API quota is exhausted'"}
{"status":"failed", "error":"'API quota is exhausted'"}
{"status":"failed", "error":"'API quota is exhausted'"}
{"status":"failed", "error":"'API quota is exhausted'"}
{"status":"failed", "error":"'API quota is exhausted'"}
{"status":"ok","lang":"zh_CN","server_time":1522039610,"tzshift":28800,"location":[51.730976,0.053479],"unit":"metric","result":{"status":"ok","temperature":4.11,"skycon":"CLOUDY","cloudrate":0.87,"aqi":10.0,"humidity":0.81,"pres":100871.99,"pm25":10.0,"precipitation":{"nearest":{"status":"ok","distance":13.59,"intensity":0.1875},"local":{"status":"ok","intensity":0.0,"datasource":"gfs"}},"wind":{"direction":329.76,"speed":9.55}}}
{"status":"failed", "error":"'API quota is exhausted'"}
{"status":"failed", "error":"'API quota is exhausted'"}
{"status":"failed", "error":"'API quota is exhausted'"}
{"status":"failed", "error":"'API quota is exhausted'"}
{"status":"failed", "error":"'API quota is exhausted'"}
{"status":"failed", "error":"'API quota is exhausted'"}
{"status":"failed", "error":"'API quota is exhausted'"}
{"status":"failed", "error":"'API quota is exhausted'"}
{"status":"ok","lang":"zh_CN","server_time":1522056407,"tzshift":28800,"location":[51.730976,0.053479],"unit":"metric","result":{"status":"ok","temperature":7.07,"skycon":"CLEAR_DAY","cloudrate":0.0,"aqi":10.0,"humidity":0.7,"pres":100986.14,"pm25":10.0,"precipitation":{"nearest":{"status":"ok","distance":10000.0,"intensity":0.0},"local":{"status":"ok","intensity":0.0,"datasource":"gfs"}},"wind":{"direction":312.15,"speed":9.64}}}
{"status":"failed", "error":"'API quota is exhausted'"}
{"status":"failed", "error":"'API quota is exhausted'"}
{"status":"ok","lang":"zh_CN","server_time":1522061245,"tzshift":28800,"location":[51.730976,0.053479],"unit":"metric","result":{"status":"ok","temperature":8.81,"skycon":"CLEAR_DAY","cloudrate":0.0,"aqi":10.0,"humidity":0.63,"pres":101006.82,"pm25":10.0,"precipitation":{"nearest":{"status":"ok","distance":10000.0,"intensity":0.0},"local":{"status":"ok","intensity":0.0,"datasource":"gfs"}},"wind":{"direction":300.36,"speed":8.9}}}
{"status":"failed", "error":"'API quota is exhausted'"}
{"status":"failed", "error":"'API quota is exhausted'"}
{"status":"failed", "error":"'API quota is exhausted'"}
{"status":"ok","lang":"zh_CN","server_time":1522068411,"tzshift":28800,"location":[51.730976,0.053479],"unit":"metric","result":{"status":"ok","temperature":10.58,"skycon":"CLEAR_NIGHT","cloudrate":0.0,"aqi":10.0,"humidity":0.52,"pres":101003.09,"pm25":10.0,"precipitation":{"nearest":{"status":"ok","distance":10000.0,"intensity":0.0},"local":{"status":"ok","intensity":0.0,"datasource":"gfs"}},"wind":{"direction":281.3,"speed":10.32}}}
{"status":"ok","lang":"zh_CN","server_time":1522068411,"tzshift":28800,"location":[51.730976,0.053479],"unit":"metric","result":{"status":"ok","temperature":10.58,"skycon":"CLEAR_NIGHT","cloudrate":0.0,"aqi":10.0,"humidity":0.52,"pres":101003.09,"pm25":10.0,"precipitation":{"nearest":{"status":"ok","distance":10000.0,"intensity":0.0},"local":{"status":"ok","intensity":0.0,"datasource":"gfs"}},"wind":{"direction":281.3,"speed":10.32}}}
{"status":"ok","lang":"zh_CN","server_time":1522070818,"tzshift":28800,"location":[51.730976,0.053479],"unit":"metric","result":{"status":"ok","temperature":11.13,"skycon":"CLEAR_NIGHT","cloudrate":0.06,"aqi":10.0,"humidity":0.5,"pres":100979.96,"pm25":10.0,"precipitation":{"nearest":{"status":"ok","distance":185.99,"intensity":0.1875},"local":{"status":"ok","intensity":0.0,"datasource":"gfs"}},"wind":{"direction":275.35,"speed":11.32}}}
{"status":"ok","lang":"zh_CN","server_time":1522074423,"tzshift":28800,"location":[51.730976,0.053479],"unit":"metric","result":{"status":"ok","temperature":11.44,"skycon":"CLEAR_NIGHT","cloudrate":0.14,"aqi":10.0,"humidity":0.5,"pres":100945.75,"pm25":10.0,"precipitation":{"nearest":{"status":"ok","distance":998.15,"intensity":0.1875},"local":{"status":"ok","intensity":0.0,"datasource":"gfs"}},"wind":{"direction":271.7,"speed":11.94}}}
{"status":"ok","lang":"zh_CN","server_time":1522078017,"tzshift":28800,"location":[51.730976,0.053479],"unit":"metric","result":{"status":"ok","temperature":11.38,"skycon":"PARTLY_CLOUDY_NIGHT","cloudrate":0.22,"aqi":10.0,"humidity":0.51,"pres":100905.63,"pm25":10.0,"precipitation":{"nearest":{"status":"ok","distance":275.99,"intensity":0.1875},"local":{"status":"ok","intensity":0.0,"datasource":"gfs"}},"wind":{"direction":269.39,"speed":11.68}}}
