{"status":"ok","lang":"zh_CN","server_time":1521995100,"tzshift":28800,"location":[51.564009,-0.21522353],"unit":"metric","result":{"status":"ok","temperature":11.61,"skycon":"CLOUDY","cloudrate":0.87,"aqi":10.0,"humidity":0.55,"pres":100662.42,"pm25":10.0,"precipitation":{"nearest":{"status":"ok","distance":202.6,"intensity":0.1875},"local":{"status":"ok","intensity":0.0,"datasource":"gfs"}},"wind":{"direction":6.82,"speed":9.81}}}
{"status":"ok","lang":"zh_CN","server_time":1521996302,"tzshift":28800,"location":[51.564009,-0.21522353],"unit":"metric","result":{"status":"ok","temperature":11.61,"skycon":"CLOUDY","cloudrate":0.87,"aqi":10,"humidity":0.55,"pres":100662.42,"pm25":10,"precipitation":{"nearest":{"status":"ok","distance":222.28,"intensity":0.1875},"local":{"status":"ok","intensity":0.0,"datasource":"gfs"}},"wind":{"direction":6.82,"speed":9.81}}}
{"status":"ok","lang":"zh_CN","server_time":1521998701,"tzshift":28800,"location":[51.564009,-0.21522353],"unit":"metric","result":{"status":"ok","temperature":10.99,"skycon":"CLOUDY","cloudrate":0.87,"aqi":10.0,"humidity":0.58,"pres":100694.43,"pm25":10.0,"precipitation":{"nearest":{"status":"ok","distance":10000.0,"intensity":0.0},"local":{"status":"ok","intensity":0.0152,"datasource":"gfs"}},"wind":{"direction":2.14,"speed":9.55}}}
{"status":"ok","lang":"zh_CN","server_time":1521999903,"tzshift":28800,"location":[51.564009,-0.21522353],"unit":"metric","result":{"status":"ok","temperature":10.99,"skycon":"CLOUDY","cloudrate":0.87,"aqi":10,"humidity":0.58,"pres":100694.44,"pm25":10,"precipitation":{"nearest":{"status":"ok","distance":179.93,"intensity":0.1875},"local":{"status":"ok","intensity":0.0152,"datasource":"gfs"}},"wind":{"direction":2.14,"speed":9.55}}}
{"status":"ok","lang":"zh_CN","server_time":1522002301,"tzshift":28800,"location":[51.564009,-0.21522353],"unit":"metric","result":{"status":"ok","temperature":10.26,"skycon":"CLOUDY","cloudrate":0.88,"aqi":10.0,"humidity":0.61,"pres":100736.03,"pm25":10.0,"precipitation":{"nearest":{"status":"ok","distance":11.64,"intensity":0.1875},"local":{"status":"ok","intensity":0.0198,"datasource":"gfs"}},"wind":{"direction":356.16,"speed":8.92}}}
{"status":"ok","lang":"zh_CN","server_time":1522003501,"tzshift":28800,"location":[51.564009,-0.21522353],"unit":"metric","result":{"status":"ok","temperature":10.26,"skycon":"CLOUDY","cloudrate":0.88,"aqi":10,"humidity":0.61,"pres":100736.03,"pm25":10,"precipitation":{"nearest":{"status":"ok","distance":232.28,"intensity":0.25},"local":{"status":"ok","intensity":0.0198,"datasource":"gfs"}},"wind":{"direction":356.16,"speed":8.92}}}
{"status":"ok","lang":"zh_CN","server_time":1522005901,"tzshift":28800,"location":[51.564009,-0.21522353],"unit":"metric","result":{"status":"ok","temperature":9.51,"skycon":"CLOUDY","cloudrate":0.92,"aqi":10.0,"humidity":0.64,"pres":100789.3,"pm25":10.0,"precipitation":{"nearest":{"status":"ok","distance":10000.0,"intensity":0.0},"local":{"status":"ok","intensity":0.0,"datasource":"gfs"}},"wind":{"direction":347.58,"speed":7.88}}}
{"status":"ok","lang":"zh_CN","server_time":1522007100,"tzshift":28800,"location":[51.564009,-0.21522353],"unit":"metric","result":{"status":"ok","temperature":9.51,"skycon":"CLOUDY","cloudrate":0.92,"aqi":10.0,"humidity":0.64,"pres":100789.3,"pm25":10.0,"precipitation":{"nearest":{"status":"ok","distance":0.37,"intensity":0.1875},"local":{"status":"ok","intensity":0.0,"datasource":"gfs"}},"wind":{"direction":347.58,"speed":7.88}}}
{"status":"ok","lang":"zh_CN","server_time":1522009500,"tzshift":28800,"location":[51.564009,-0.21522353],"unit":"metric","result":{"status":"ok","temperature":8.77,"skycon":"CLOUDY","cloudrate":0.96,"aqi":10,"humidity":0.66,"pres":100849.14,"pm25":10,"precipitation":{"nearest":{"status":"ok","distance":10000.0,"intensity":0.0},"local":{"status":"ok","intensity":0.0,"datasource":"gfs"}},"wind":{"direction":337.43,"speed":7.03}}}
{"status":"ok","lang":"zh_CN","server_time":1522010700,"tzshift":28800,"location":[51.564009,-0.21522353],"unit":"metric","result":{"status":"ok","temperature":8.77,"skycon":"CLOUDY","cloudrate":0.96,"aqi":10,"humidity":0.66,"pres":100849.14,"pm25":10,"precipitation":{"nearest":{"status":"ok","distance":191.85,"intensity":0.1875},"local":{"status":"ok","intensity":0.0,"datasource":"gfs"}},"wind":{"direction":337.43,"speed":7.03}}}
{"status":"ok","lang":"zh_CN","server_time":1522013101,"tzshift":28800,"location":[51.564009,-0.21522353],"unit":"metric","result":{"status":"ok","temperature":8.05,"skycon":"CLOUDY","cloudrate":0.94,"aqi":10.0,"humidity":0.67,"pres":100908.7,"pm25":10.0,"precipitation":{"nearest":{"status":"ok","distance":10000.0,"intensity":0.0},"local":{"status":"ok","intensity":0.0,"datasource":"gfs"}},"wind":{"direction":331.25,"speed":6.88}}}
{"status":"failed", "error":"'API quota is exhausted'"}
{"status":"failed", "error":"'API quota is exhausted'"}
{"status":"ok","lang":"zh_CN","server_time":1522017902,"tzshift":28800,"location":[51.564009,-0.19522353],"unit":"metric","result":{"status":"ok","temperature":7.82,"skycon":"CLOUDY","cloudrate":0.92,"aqi":10.0,"humidity":0.69,"pres":100976.38,"pm25":10.0,"precipitation":{"nearest":{"status":"ok","distance":10000.0,"intensity":0.0},"local":{"status":"ok","intensity":0.0143,"datasource":"gfs"}},"wind":{"direction":315.99,"speed":6.04}}}
{"status":"failed", "error":"'API quota is exhausted'"}
{"status":"ok","lang":"zh_CN","server_time":1522021503,"tzshift":28800,"location":[51.564009,-0.19522353],"unit":"metric","result":{"status":"ok","temperature":8.48,"skycon":"PARTLY_CLOUDY_DAY","cloudrate":0.8,"aqi":10.0,"humidity":0.62,"pres":101149.91,"pm25":10.0,"precipitation":{"nearest":{"status":"ok","distance":219.74,"intensity":0.1875},"local":{"status":"ok","intensity":0.012,"datasource":"gfs"}},"wind":{"direction":328.24,"speed":6.86}}}
{"status":"ok","lang":"zh_CN","server_time":1522023958,"tzshift":28800,"location":[51.564009,-0.19522353],"unit":"metric","result":{"status":"ok","temperature":6.55,"skycon":"PARTLY_CLOUDY_DAY","cloudrate":0.63,"aqi":10,"humidity":0.7,"pres":101028.36,"pm25":10,"precipitation":{"nearest":{"status":"ok","distance":103.46,"intensity":0.25},"local":{"status":"ok","intensity":0.0,"datasource":"gfs"}},"wind":{"direction":333.16,"speed":8.26}}}
{"status":"ok","lang":"zh_CN","server_time":1522025103,"tzshift":28800,"location":[51.564009,-0.19522353],"unit":"metric","result":{"status":"ok","temperature":6.55,"skycon":"PARTLY_CLOUDY_DAY","cloudrate":0.63,"aqi":10.0,"humidity":0.7,"pres":101028.36,"pm25":10.0,"precipitation":{"nearest":{"status":"ok","distance":154.9,"intensity":0.1875},"local":{"status":"ok","intensity":0.0,"datasource":"gfs"}},"wind":{"direction":333.16,"speed":8.26}}}
{"status":"failed", "error":"'API quota is exhausted'"}
{"status":"failed", "error":"'API quota is exhausted'"}
{"status":"ok","lang":"zh_CN","server_time":1522031102,"tzshift":28800,"location":[51.564009,-0.19522353],"unit":"metric","result":{"status":"ok","temperature":5.87,"skycon":"PARTLY_CLOUDY_DAY","cloudrate":0.36,"aqi":10.0,"humidity":0.69,"pres":101055.06,"pm25":10.0,"precipitation":{"nearest":{"status":"ok","distance":185.17,"intensity":0.1875},"local":{"status":"ok","intensity":0.0,"datasource":"gfs"}},"wind":{"direction":334.47,"speed":8.28}}}
{"status":"ok","lang":"zh_CN","server_time":1522032302,"tzshift":28800,"location":[51.564009,-0.19522353],"unit":"metric","result":{"status":"ok","temperature":5.87,"skycon":"PARTLY_CLOUDY_DAY","cloudrate":0.36,"aqi":10,"humidity":0.69,"pres":101055.06,"pm25":10,"precipitation":{"nearest":{"status":"ok","distance":10000.0,"intensity":0.0},"local":{"status":"ok","intensity":0.0,"datasource":"gfs"}},"wind":{"direction":334.47,"speed":8.28}}}
{"status":"ok","lang":"zh_CN","server_time":1522034704,"tzshift":28800,"location":[51.564009,-0.19522353],"unit":"metric","result":{"status":"ok","temperature":5.41,"skycon":"PARTLY_CLOUDY_DAY","cloudrate":0.28,"aqi":10.0,"humidity":0.7,"pres":101073.34,"pm25":10.0,"precipitation":{"nearest":{"status":"ok","distance":10000.0,"intensity":0.0},"local":{"status":"ok","intensity":0.0,"datasource":"gfs"}},"wind":{"direction":330.92,"speed":7.86}}}
{"status":"failed", "error":"'API quota is exhausted'"}
{"status":"failed", "error":"'API quota is exhausted'"}
{"status":"failed", "error":"'API quota is exhausted'"}
{"status":"failed", "error":"'API quota is exhausted'"}
{"status":"failed", "error":"'API quota is exhausted'"}
{"status":"failed", "error":"'API quota is exhausted'"}
{"status":"failed", "error":"'API quota is exhausted'"}
{"status":"failed", "error":"'API quota is exhausted'"}
{"status":"failed", "error":"'API quota is exhausted'"}
{"status":"failed", "error":"'API quota is exhausted'"}
{"status":"failed", "error":"'API quota is exhausted'"}
{"status":"failed", "error":"'API quota is exhausted'"}
{"status":"failed", "error":"'API quota is exhausted'"}
{"status":"failed", "error":"'API quota is exhausted'"}
{"status":"failed", "error":"'API quota is exhausted'"}
{"status":"failed", "error":"'API quota is exhausted'"}
{"status":"failed", "error":"'API quota is exhausted'"}
{"status":"failed", "error":"'API quota is exhausted'"}
{"status":"ok","lang":"zh_CN","server_time":1522068301,"tzshift":28800,"location":[51.564009,-0.21522353],"unit":"metric","result":{"status":"ok","temperature":11.33,"skycon":"CLEAR_NIGHT","cloudrate":0.0,"aqi":10.0,"humidity":0.42,"pres":101257.07,"pm25":10.0,"precipitation":{"nearest":{"status":"ok","distance":10000.0,"intensity":0.0},"local":{"status":"ok","intensity":0.0,"datasource":"gfs"}},"wind":{"direction":279.98,"speed":8.19}}}
{"status":"ok","lang":"zh_CN","server_time":1522068301,"tzshift":28800,"location":[51.564009,-0.21522353],"unit":"metric","result":{"status":"ok","temperature":11.33,"skycon":"CLEAR_NIGHT","cloudrate":0.0,"aqi":10.0,"humidity":0.42,"pres":101257.07,"pm25":10.0,"precipitation":{"nearest":{"status":"ok","distance":10000.0,"intensity":0.0},"local":{"status":"ok","intensity":0.0,"datasource":"gfs"}},"wind":{"direction":279.98,"speed":8.19}}}
{"status":"ok","lang":"zh_CN","server_time":1522070702,"tzshift":28800,"location":[51.564009,-0.21522353],"unit":"metric","result":{"status":"ok","temperature":11.96,"skycon":"CLEAR_NIGHT","cloudrate":0.05,"aqi":10.0,"humidity":0.39,"pres":101231.88,"pm25":10.0,"precipitation":{"nearest":{"status":"ok","distance":99.8,"intensity":0.1875},"local":{"status":"ok","intensity":0.0,"datasource":"gfs"}},"wind":{"direction":272.66,"speed":9.46}}}
{"status":"ok","lang":"zh_CN","server_time":1522074301,"tzshift":28800,"location":[51.564009,-0.21522353],"unit":"metric","result":{"status":"ok","temperature":12.27,"skycon":"CLEAR_NIGHT","cloudrate":0.11,"aqi":10,"humidity":0.39,"pres":101195.05,"pm25":10,"precipitation":{"nearest":{"status":"ok","distance":181.33,"intensity":0.1875},"local":{"status":"ok","intensity":0.0,"datasource":"gfs"}},"wind":{"direction":267.61,"speed":10.43}}}
{"status":"ok","lang":"zh_CN","server_time":1522077900,"tzshift":28800,"location":[51.564009,-0.21522353],"unit":"metric","result":{"status":"ok","temperature":12.62,"skycon":"CLEAR_NIGHT","cloudrate":0.14,"aqi":10.0,"humidity":0.35,"pres":101276.94,"pm25":10.0,"precipitation":{"nearest":{"status":"ok","distance":644.24,"intensity":0.4375},"local":{"status":"ok","intensity":0.0,"datasource":"gfs"}},"wind":{"direction":262.34,"speed":10.29}}}
