{"status":"ok","lang":"zh_CN","server_time":1521995101,"tzshift":28800,"location":[51.564009,-0.17522353],"unit":"metric","result":{"status":"ok","temperature":11.59,"skycon":"CLOUDY","cloudrate":0.85,"aqi":10.0,"humidity":0.55,"pres":100674.29,"pm25":10.0,"precipitation":{"nearest":{"status":"ok","distance":202.81,"intensity":0.1875},"local":{"status":"ok","intensity":0.0,"datasource":"gfs"}},"wind":{"direction":7.75,"speed":9.73}}}
{"status":"ok","lang":"zh_CN","server_time":1521996303,"tzshift":28800,"location":[51.564009,-0.17522353],"unit":"metric","result":{"status":"ok","temperature":11.59,"skycon":"CLOUDY","cloudrate":0.85,"aqi":10.0,"humidity":0.55,"pres":100674.29,"pm25":10.0,"precipitation":{"nearest":{"status":"ok","distance":10000.0,"intensity":0.0},"local":{"status":"ok","intensity":0.0,"datasource":"gfs"}},"wind":{"direction":7.75,"speed":9.73}}}
{"status":"ok","lang":"zh_CN","server_time":1521998702,"tzshift":28800,"location":[51.564009,-0.17522353],"unit":"metric","result":{"status":"ok","temperature":10.97,"skycon":"CLOUDY","cloudrate":0.86,"aqi":10.0,"humidity":0.58,"pres":100705.93,"pm25":10.0,"precipitation":{"nearest":{"status":"ok","distance":389.07,"intensity":0.1875},"local":{"status":"ok","intensity":0.0098,"datasource":"gfs"}},"wind":{"direction":2.91,"speed":9.45}}}
{"status":"ok","lang":"zh_CN","server_time":1521999904,"tzshift":28800,"location":[51.564009,-0.17522353],"unit":"metric","result":{"status":"ok","temperature":10.97,"skycon":"CLOUDY","cloudrate":0.86,"aqi":10,"humidity":0.58,"pres":100705.93,"pm25":10,"precipitation":{"nearest":{"status":"ok","distance":65.55,"intensity":0.1875},"local":{"status":"ok","intensity":0.0098,"datasource":"gfs"}},"wind":{"direction":2.91,"speed":9.45}}}
{"status":"ok","lang":"zh_CN","server_time":1522002302,"tzshift":28800,"location":[51.564009,-0.17522353],"unit":"metric","result":{"status":"ok","temperature":10.25,"skycon":"CLOUDY","cloudrate":0.88,"aqi":10.0,"humidity":0.61,"pres":100747.26,"pm25":10.0,"precipitation":{"nearest":{"status":"ok","distance":10000.0,"intensity":0.0},"local":{"status":"ok","intensity":0.0158,"datasource":"gfs"}},"wind":{"direction":357.0,"speed":8.79}}}
{"status":"ok","lang":"zh_CN","server_time":1522003502,"tzshift":28800,"location":[51.564009,-0.17522353],"unit":"metric","result":{"status":"ok","temperature":10.25,"skycon":"CLOUDY","cloudrate":0.88,"aqi":10.0,"humidity":0.61,"pres":100747.26,"pm25":10.0,"precipitation":{"nearest":{"status":"ok","distance":10000.0,"intensity":0.0},"local":{"status":"ok","intensity":0.0158,"datasource":"gfs"}},"wind":{"direction":357.0,"speed":8.79}}}
{"status":"ok","lang":"zh_CN","server_time":1522005902,"tzshift":28800,"location":[51.564009,-0.17522353],"unit":"metric","result":{"status":"ok","temperature":9.52,"skycon":"CLOUDY","cloudrate":0.92,"aqi":10.0,"humidity":0.64,"pres":100800.42,"pm25":10.0,"precipitation":{"nearest":{"status":"ok","distance":199.78,"intensity":0.3125},"local":{"status":"ok","intensity":0.0,"datasource":"gfs"}},"wind":{"direction":348.9,"speed":7.68}}}
{"status":"ok","lang":"zh_CN","server_time":1522007101,"tzshift":28800,"location":[51.564009,-0.17522353],"unit":"metric","result":{"status":"ok","temperature":9.52,"skycon":"CLOUDY","cloudrate":0.92,"aqi":10,"humidity":0.64,"pres":100800.42,"pm25":10,"precipitation":{"nearest":{"status":"ok","distance":298.35,"intensity":0.1875},"local":{"status":"ok","intensity":0.0,"datasource":"gfs"}},"wind":{"direction":348.9,"speed":7.68}}}
{"status":"ok","lang":"zh_CN","server_time":1522009501,"tzshift":28800,"location":[51.564009,-0.17522353],"unit":"metric","result":{"status":"ok","temperature":8.79,"skycon":"CLOUDY","cloudrate":0.96,"aqi":10.0,"humidity":0.66,"pres":100860.26,"pm25":10.0,"precipitation":{"nearest":{"status":"ok","distance":51.6,"intensity":0.1875},"local":{"status":"ok","intensity":0.0,"datasource":"gfs"}},"wind":{"direction":339.18,"speed":6.74}}}
{"status":"ok","lang":"zh_CN","server_time":1522010701,"tzshift":28800,"location":[51.564009,-0.17522353],"unit":"metric","result":{"status":"ok","temperature":8.79,"skycon":"CLOUDY","cloudrate":0.96,"aqi":10.0,"humidity":0.66,"pres":100860.26,"pm25":10.0,"precipitation":{"nearest":{"status":"ok","distance":33.21,"intensity":0.1875},"local":{"status":"ok","intensity":0.0,"datasource":"gfs"}},"wind":{"direction":339.18,"speed":6.74}}}
{"status":"failed", "error":"'API quota is exhausted'"}
{"status":"ok","lang":"zh_CN","server_time":1522014304,"tzshift":28800,"location":[51.564009,-0.17522353],"unit":"metric","result":{"status":"ok","temperature":8.55,"skycon":"CLOUDY","cloudrate":1.0,"aqi":10,"humidity":0.68,"pres":100936.14,"pm25":10,"precipitation":{"nearest":{"status":"ok","distance":10000.0,"intensity":0.0},"local":{"status":"ok","intensity":0.028,"datasource":"gfs"}},"wind":{"direction":314.29,"speed":5.27}}}
{"status":"ok","lang":"zh_CN","server_time":1522016702,"tzshift":28800,"location":[51.564009,-0.17522353],"unit":"metric","result":{"status":"ok","temperature":7.84,"skycon":"CLOUDY","cloudrate":0.92,"aqi":10,"humidity":0.69,"pres":100982.02,"pm25":10,"precipitation":{"nearest":{"status":"ok","distance":10000.0,"intensity":0.0},"local":{"status":"ok","intensity":0.0185,"datasource":"gfs"}},"wind":{"direction":316.36,"speed":5.94}}}
{"status":"ok","lang":"zh_CN","server_time":1522017903,"tzshift":28800,"location":[51.564009,-0.17522353],"unit":"metric","result":{"status":"ok","temperature":7.84,"skycon":"CLOUDY","cloudrate":0.92,"aqi":10.0,"humidity":0.69,"pres":100982.02,"pm25":10.0,"precipitation":{"nearest":{"status":"ok","distance":10000.0,"intensity":0.0},"local":{"status":"ok","intensity":0.0185,"datasource":"gfs"}},"wind":{"direction":316.36,"speed":5.94}}}
{"status":"ok","lang":"zh_CN","server_time":1522020303,"tzshift":28800,"location":[51.564009,-0.17522353],"unit":"metric","result":{"status":"ok","temperature":7.13,"skycon":"PARTLY_CLOUDY_DAY","cloudrate":0.79,"aqi":10.0,"humidity":0.7,"pres":101013.32,"pm25":10.0,"precipitation":{"nearest":{"status":"ok","distance":10000.0,"intensity":0.0},"local":{"status":"ok","intensity":0.0009,"datasource":"gfs"}},"wind":{"direction":325.68,"speed":7.12}}}
{"status":"failed", "error":"'API quota is exhausted'"}
{"status":"failed", "error":"'API quota is exhausted'"}
{"status":"ok","lang":"zh_CN","server_time":1522025103,"tzshift":28800,"location":[51.564009,-0.17522353],"unit":"metric","result":{"status":"ok","temperature":6.56,"skycon":"PARTLY_CLOUDY_DAY","cloudrate":0.63,"aqi":10.0,"humidity":0.7,"pres":101033.78,"pm25":10.0,"precipitation":{"nearest":{"status":"ok","distance":18.96,"intensity":0.25},"local":{"status":"ok","intensity":0.0,"datasource":"gfs"}},"wind":{"direction":332.71,"speed":8.25}}}
{"status":"failed", "error":"'API quota is exhausted'"}
{"status":"failed", "error":"'API quota is exhausted'"}
{"status":"failed", "error":"'API quota is exhausted'"}
{"status":"ok","lang":"zh_CN","server_time":1522032303,"tzshift":28800,"location":[51.564009,-0.17522353],"unit":"metric","result":{"status":"ok","temperature":5.88,"skycon":"PARTLY_CLOUDY_DAY","cloudrate":0.36,"aqi":10.0,"humidity":0.69,"pres":101060.49,"pm25":10.0,"precipitation":{"nearest":{"status":"ok","distance":10000.0,"intensity":0.0},"local":{"status":"ok","intensity":0.0,"datasource":"gfs"}},"wind":{"direction":334.31,"speed":8.3}}}
{"status":"failed", "error":"'API quota is exhausted'"}
{"status":"ok","lang":"zh_CN","server_time":1522035903,"tzshift":28800,"location":[51.564009,-0.17522353],"unit":"metric","result":{"status":"ok","temperature":6.22,"skycon":"PARTLY_CLOUDY_DAY","cloudrate":0.58,"aqi":10,"humidity":0.69,"pres":101108.04,"pm25":10,"precipitation":{"nearest":{"status":"ok","distance":10000.0,"intensity":0.0},"local":{"status":"ok","intensity":0.0,"datasource":"gfs"}},"wind":{"direction":338.49,"speed":8.63}}}
{"status":"ok","lang":"zh_CN","server_time":1522038303,"tzshift":28800,"location":[51.564009,-0.17522353],"unit":"metric","result":{"status":"ok","temperature":5.45,"skycon":"PARTLY_CLOUDY_DAY","cloudrate":0.53,"aqi":10.0,"humidity":0.71,"pres":101134.76,"pm25":10.0,"precipitation":{"nearest":{"status":"ok","distance":10000.0,"intensity":0.0},"local":{"status":"ok","intensity":0.0,"datasource":"gfs"}},"wind":{"direction":335.28,"speed":8.25}}}
{"status":"failed", "error":"'API quota is exhausted'"}
{"status":"ok","lang":"zh_CN","server_time":1522041902,"tzshift":28800,"location":[51.564009,-0.17522353],"unit":"metric","result":{"status":"ok","temperature":4.61,"skycon":"PARTLY_CLOUDY_DAY","cloudrate":0.45,"aqi":10.0,"humidity":0.74,"pres":101161.27,"pm25":10.0,"precipitation":{"nearest":{"status":"ok","distance":10000.0,"intensity":0.0},"local":{"status":"ok","intensity":0.0,"datasource":"gfs"}},"wind":{"direction":330.61,"speed":7.94}}}
{"status":"failed", "error":"'API quota is exhausted'"}
{"status":"failed", "error":"'API quota is exhausted'"}
{"status":"failed", "error":"'API quota is exhausted'"}
{"status":"ok","lang":"zh_CN","server_time":1522049103,"tzshift":28800,"location":[51.564009,-0.17522353],"unit":"metric","result":{"status":"ok","temperature":4.81,"skycon":"PARTLY_CLOUDY_DAY","cloudrate":0.21,"aqi":10,"humidity":0.72,"pres":101208.69,"pm25":10,"precipitation":{"nearest":{"status":"ok","distance":13.24,"intensity":0.1875},"local":{"status":"ok","intensity":0.0,"datasource":"gfs"}},"wind":{"direction":324.07,"speed":7.65}}}
{"status":"ok","lang":"zh_CN","server_time":1522050302,"tzshift":28800,"location":[51.564009,-0.17522353],"unit":"metric","result":{"status":"ok","temperature":4.81,"skycon":"PARTLY_CLOUDY_DAY","cloudrate":0.21,"aqi":10.0,"humidity":0.72,"pres":101208.69,"pm25":10.0,"precipitation":{"nearest":{"status":"ok","distance":125.33,"intensity":0.1875},"local":{"status":"ok","intensity":0.0,"datasource":"gfs"}},"wind":{"direction":324.07,"speed":7.65}}}
{"status":"ok","lang":"zh_CN","server_time":1522052702,"tzshift":28800,"location":[51.564009,-0.17522353],"unit":"metric","result":{"status":"ok","temperature":6.6,"skycon":"CLEAR_DAY","cloudrate":0.09,"aqi":10.0,"humidity":0.6,"pres":101387.52,"pm25":10.0,"precipitation":{"nearest":{"status":"ok","distance":198.55,"intensity":0.1875},"local":{"status":"ok","intensity":0.0,"datasource":"gfs"}},"wind":{"direction":325.52,"speed":6.85}}}
{"status":"failed", "error":"'API quota is exhausted'"}
{"status":"failed", "error":"'API quota is exhausted'"}
{"status":"ok","lang":"zh_CN","server_time":1522057502,"tzshift":28800,"location":[51.564009,-0.17522353],"unit":"metric","result":{"status":"ok","temperature":7.81,"skycon":"CLEAR_DAY","cloudrate":0.0,"aqi":10.0,"humidity":0.6,"pres":101258.75,"pm25":10.0,"precipitation":{"nearest":{"status":"ok","distance":10000.0,"intensity":0.0},"local":{"status":"ok","intensity":0.0,"datasource":"gfs"}},"wind":{"direction":316.26,"speed":6.56}}}
{"status":"failed", "error":"'API quota is exhausted'"}
{"status":"failed", "error":"'API quota is exhausted'"}
{"status":"failed", "error":"'API quota is exhausted'"}
{"status":"failed", "error":"'API quota is exhausted'"}
{"status":"failed", "error":"'API quota is exhausted'"}
{"status":"ok","lang":"zh_CN","server_time":1522068302,"tzshift":28800,"location":[51.564009,-0.17522353],"unit":"metric","result":{"status":"ok","temperature":11.35,"skycon":"CLEAR_NIGHT","cloudrate":0.0,"aqi":10.0,"humidity":0.41,"pres":101269.06,"pm25":10.0,"precipitation":{"nearest":{"status":"ok","distance":196.82,"intensity":0.3125},"local":{"status":"ok","intensity":0.0,"datasource":"gfs"}},"wind":{"direction":281.19,"speed":8.18}}}
{"status":"ok","lang":"zh_CN","server_time":1522068302,"tzshift":28800,"location":[51.564009,-0.17522353],"unit":"metric","result":{"status":"ok","temperature":11.35,"skycon":"CLEAR_NIGHT","cloudrate":0.0,"aqi":10.0,"humidity":0.41,"pres":101269.06,"pm25":10.0,"precipitation":{"nearest":{"status":"ok","distance":196.82,"intensity":0.3125},"local":{"status":"ok","intensity":0.0,"datasource":"gfs"}},"wind":{"direction":281.19,"speed":8.18}}}
{"status":"ok","lang":"zh_CN","server_time":1522070703,"tzshift":28800,"location":[51.564009,-0.17522353],"unit":"metric","result":{"status":"ok","temperature":11.98,"skycon":"CLEAR_NIGHT","cloudrate":0.06,"aqi":10.0,"humidity":0.39,"pres":101243.97,"pm25":10.0,"precipitation":{"nearest":{"status":"ok","distance":981.04,"intensity":0.25},"local":{"status":"ok","intensity":0.0,"datasource":"gfs"}},"wind":{"direction":273.7,"speed":9.39}}}
{"status":"ok","lang":"zh_CN","server_time":1522074303,"tzshift":28800,"location":[51.564009,-0.17522353],"unit":"metric","result":{"status":"ok","temperature":12.28,"skycon":"CLEAR_NIGHT","cloudrate":0.12,"aqi":10,"humidity":0.39,"pres":101207.27,"pm25":10,"precipitation":{"nearest":{"status":"ok","distance":566.18,"intensity":0.1875},"local":{"status":"ok","intensity":0.0,"datasource":"gfs"}},"wind":{"direction":268.47,"speed":10.31}}}
{"status":"ok","lang":"zh_CN","server_time":1522077902,"tzshift":28800,"location":[51.564009,-0.17522353],"unit":"metric","result":{"status":"ok","temperature":12.22,"skycon":"CLEAR_NIGHT","cloudrate":0.19,"aqi":10.0,"humidity":0.41,"pres":101165.02,"pm25":10.0,"precipitation":{"nearest":{"status":"ok","distance":11.94,"intensity":0.25},"local":{"status":"ok","intensity":0.0,"datasource":"gfs"}},"wind":{"direction":263.94,"speed":10.54}}}
