{"status":"ok","lang":"zh_CN","server_time":1521995104,"tzshift":28800,"location":[51.564009,-0.09522353],"unit":"metric","result":{"status":"ok","temperature":12.57,"skycon":"PARTLY_CLOUDY_NIGHT","cloudrate":0.79,"aqi":10.0,"humidity":0.43,"pres":100899.49,"pm25":10.0,"precipitation":{"nearest":{"status":"ok","distance":48.5,"intensity":0.1875},"local":{"status":"ok","intensity":0.0,"datasource":"gfs"}},"wind":{"direction":10.02,"speed":9.14}}}
{"status":"ok","lang":"zh_CN","server_time":1521996305,"tzshift":28800,"location":[51.564009,-0.09522353],"unit":"metric","result":{"status":"ok","temperature":11.55,"skycon":"CLOUDY","cloudrate":0.82,"aqi":10.0,"humidity":0.55,"pres":100698.04,"pm25":10.0,"precipitation":{"nearest":{"status":"ok","distance":10000.0,"intensity":0.0},"local":{"status":"ok","intensity":0.0,"datasource":"gfs"}},"wind":{"direction":9.67,"speed":9.58}}}
{"status":"ok","lang":"zh_CN","server_time":1521998703,"tzshift":28800,"location":[51.564009,-0.09522353],"unit":"metric","result":{"status":"ok","temperature":10.93,"skycon":"CLOUDY","cloudrate":0.83,"aqi":10.0,"humidity":0.58,"pres":100728.92,"pm25":10.0,"precipitation":{"nearest":{"status":"ok","distance":10000.0,"intensity":0.0},"local":{"status":"ok","intensity":0.0,"datasource":"gfs"}},"wind":{"direction":4.51,"speed":9.26}}}
{"status":"ok","lang":"zh_CN","server_time":1521999906,"tzshift":28800,"location":[51.564009,-0.09522353],"unit":"metric","result":{"status":"ok","temperature":12.31,"skycon":"CLOUDY","cloudrate":0.82,"aqi":10.0,"humidity":0.45,"pres":100933.3,"pm25":10.0,"precipitation":{"nearest":{"status":"ok","distance":218.15,"intensity":0.1875},"local":{"status":"ok","intensity":0.0289,"datasource":"gfs"}},"wind":{"direction":4.88,"speed":9.87}}}
{"status":"ok","lang":"zh_CN","server_time":1522002304,"tzshift":28800,"location":[51.564009,-0.09522353],"unit":"metric","result":{"status":"ok","temperature":10.23,"skycon":"CLOUDY","cloudrate":0.86,"aqi":10.0,"humidity":0.61,"pres":100769.7,"pm25":10.0,"precipitation":{"nearest":{"status":"ok","distance":128.2,"intensity":0.1875},"local":{"status":"ok","intensity":0.0073,"datasource":"gfs"}},"wind":{"direction":358.74,"speed":8.54}}}
{"status":"ok","lang":"zh_CN","server_time":1522003504,"tzshift":28800,"location":[51.564009,-0.09522353],"unit":"metric","result":{"status":"ok","temperature":10.23,"skycon":"CLOUDY","cloudrate":0.86,"aqi":10,"humidity":0.61,"pres":100769.7,"pm25":10,"precipitation":{"nearest":{"status":"ok","distance":121.62,"intensity":0.1875},"local":{"status":"ok","intensity":0.0073,"datasource":"gfs"}},"wind":{"direction":358.74,"speed":8.54}}}
{"status":"ok","lang":"zh_CN","server_time":1522005904,"tzshift":28800,"location":[51.564009,-0.09522353],"unit":"metric","result":{"status":"ok","temperature":9.53,"skycon":"CLOUDY","cloudrate":0.92,"aqi":10,"humidity":0.64,"pres":100822.66,"pm25":10,"precipitation":{"nearest":{"status":"ok","distance":201.52,"intensity":0.1875},"local":{"status":"ok","intensity":0.0,"datasource":"gfs"}},"wind":{"direction":351.76,"speed":7.31}}}
{"status":"ok","lang":"zh_CN","server_time":1522007103,"tzshift":28800,"location":[51.564009,-0.09522353],"unit":"metric","result":{"status":"ok","temperature":9.53,"skycon":"CLOUDY","cloudrate":0.92,"aqi":10.0,"humidity":0.64,"pres":100822.66,"pm25":10.0,"precipitation":{"nearest":{"status":"ok","distance":50.75,"intensity":0.1875},"local":{"status":"ok","intensity":0.0,"datasource":"gfs"}},"wind":{"direction":351.76,"speed":7.31}}}
{"status":"ok","lang":"zh_CN","server_time":1522009503,"tzshift":28800,"location":[51.564009,-0.09522353],"unit":"metric","result":{"status":"ok","temperature":8.84,"skycon":"CLOUDY","cloudrate":0.97,"aqi":10.0,"humidity":0.66,"pres":100882.49,"pm25":10.0,"precipitation":{"nearest":{"status":"ok","distance":10000.0,"intensity":0.0},"local":{"status":"ok","intensity":0.0,"datasource":"gfs"}},"wind":{"direction":343.16,"speed":6.19}}}
{"status":"ok","lang":"zh_CN","server_time":1522010703,"tzshift":28800,"location":[51.564009,-0.09522353],"unit":"metric","result":{"status":"ok","temperature":8.84,"skycon":"CLOUDY","cloudrate":0.97,"aqi":10.0,"humidity":0.66,"pres":100882.49,"pm25":10.0,"precipitation":{"nearest":{"status":"ok","distance":10000.0,"intensity":0.0},"local":{"status":"ok","intensity":0.0,"datasource":"gfs"}},"wind":{"direction":343.16,"speed":6.19}}}
{"status":"ok","lang":"zh_CN","server_time":1522013104,"tzshift":28800,"location":[51.564009,-0.09522353],"unit":"metric","result":{"status":"ok","temperature":8.15,"skycon":"CLOUDY","cloudrate":0.96,"aqi":10,"humidity":0.67,"pres":100941.97,"pm25":10,"precipitation":{"nearest":{"status":"ok","distance":10000.0,"intensity":0.0},"local":{"status":"ok","intensity":0.0,"datasource":"gfs"}},"wind":{"direction":336.26,"speed":5.9}}}
{"status":"failed", "error":"'API quota is exhausted'"}
{"status":"ok","lang":"zh_CN","server_time":1522016704,"tzshift":28800,"location":[51.564009,-0.09522353],"unit":"metric","result":{"status":"ok","temperature":7.96,"skycon":"RAIN","cloudrate":0.94,"aqi":10.0,"humidity":0.69,"pres":101004.57,"pm25":10.0,"precipitation":{"nearest":{"status":"ok","distance":10000.0,"intensity":0.0},"local":{"status":"ok","intensity":0.0333,"datasource":"gfs"}},"wind":{"direction":317.95,"speed":5.51}}}
{"status":"failed", "error":"'API quota is exhausted'"}
{"status":"failed", "error":"'API quota is exhausted'"}
{"status":"ok","lang":"zh_CN","server_time":1522021505,"tzshift":28800,"location":[51.564009,-0.09522353],"unit":"metric","result":{"status":"ok","temperature":9.18,"skycon":"CLOUDY","cloudrate":0.82,"aqi":10,"humidity":0.58,"pres":101248.85,"pm25":10,"precipitation":{"nearest":{"status":"ok","distance":104.12,"intensity":0.1875},"local":{"status":"ok","intensity":0.0255,"datasource":"gfs"}},"wind":{"direction":329.53,"speed":6.8}}}
{"status":"ok","lang":"zh_CN","server_time":1522024081,"tzshift":28800,"location":[51.564009,-0.09522353],"unit":"metric","result":{"status":"ok","temperature":6.59,"skycon":"PARTLY_CLOUDY_DAY","cloudrate":0.66,"aqi":10.0,"humidity":0.7,"pres":101055.46,"pm25":10.0,"precipitation":{"nearest":{"status":"ok","distance":10000.0,"intensity":0.0},"local":{"status":"ok","intensity":0.0,"datasource":"gfs"}},"wind":{"direction":330.91,"speed":8.23}}}
{"status":"failed", "error":"'API quota is exhausted'"}
{"status":"failed", "error":"'API quota is exhausted'"}
{"status":"ok","lang":"zh_CN","server_time":1522028705,"tzshift":28800,"location":[51.564009,-0.09522353],"unit":"metric","result":{"status":"ok","temperature":6.22,"skycon":"PARTLY_CLOUDY_DAY","cloudrate":0.5,"aqi":10.0,"humidity":0.7,"pres":101069.13,"pm25":10.0,"precipitation":{"nearest":{"status":"ok","distance":132.07,"intensity":0.1875},"local":{"status":"ok","intensity":0.0,"datasource":"gfs"}},"wind":{"direction":333.5,"speed":8.65}}}
{"status":"failed", "error":"'API quota is exhausted'"}
{"status":"failed", "error":"'API quota is exhausted'"}
{"status":"failed", "error":"'API quota is exhausted'"}
{"status":"failed", "error":"'API quota is exhausted'"}
{"status":"failed", "error":"'API quota is exhausted'"}
{"status":"failed", "error":"'API quota is exhausted'"}
{"status":"failed", "error":"'API quota is exhausted'"}
{"status":"failed", "error":"'API quota is exhausted'"}
{"status":"failed", "error":"'API quota is exhausted'"}
{"status":"failed", "error":"'API quota is exhausted'"}
{"status":"failed", "error":"'API quota is exhausted'"}
{"status":"failed", "error":"'API quota is exhausted'"}
{"status":"failed", "error":"'API quota is exhausted'"}
{"status":"failed", "error":"'API quota is exhausted'"}
{"status":"failed", "error":"'API quota is exhausted'"}
{"status":"failed", "error":"'API quota is exhausted'"}
{"status":"failed", "error":"'API quota is exhausted'"}
{"status":"failed", "error":"'API quota is exhausted'"}
{"status":"failed", "error":"'API quota is exhausted'"}
{"status":"failed", "error":"'API quota is exhausted'"}
{"status":"failed", "error":"'API quota is exhausted'"}
{"status":"ok","lang":"zh_CN","server_time":1522068304,"tzshift":28800,"location":[51.564009,-0.09522353],"unit":"metric","result":{"status":"ok","temperature":11.4,"skycon":"CLEAR_NIGHT","cloudrate":0.0,"aqi":10,"humidity":0.41,"pres":101293.04,"pm25":10,"precipitation":{"local":{"status":"ok","intensity":0.0,"datasource":"gfs"}},"wind":{"direction":283.62,"speed":8.18}}}
{"status":"ok","lang":"zh_CN","server_time":1522068304,"tzshift":28800,"location":[51.564009,-0.09522353],"unit":"metric","result":{"status":"ok","temperature":11.4,"skycon":"CLEAR_NIGHT","cloudrate":0.0,"aqi":10,"humidity":0.41,"pres":101293.04,"pm25":10,"precipitation":{"local":{"status":"ok","intensity":0.0,"datasource":"gfs"}},"wind":{"direction":283.62,"speed":8.18}}}
{"status":"ok","lang":"zh_CN","server_time":1522070705,"tzshift":28800,"location":[51.564009,-0.09522353],"unit":"metric","result":{"status":"ok","temperature":12.01,"skycon":"CLEAR_NIGHT","cloudrate":0.06,"aqi":10.0,"humidity":0.39,"pres":101268.15,"pm25":10.0,"precipitation":{"local":{"status":"ok","intensity":0.0,"datasource":"gfs"}},"wind":{"direction":275.82,"speed":9.26}}}
{"status":"ok","lang":"zh_CN","server_time":1522074305,"tzshift":28800,"location":[51.564009,-0.09522353],"unit":"metric","result":{"status":"ok","temperature":13.04,"skycon":"CLEAR_NIGHT","cloudrate":0.06,"aqi":10.0,"humidity":0.29,"pres":101437.68,"pm25":10.0,"precipitation":{"local":{"status":"ok","intensity":0.0,"datasource":"gfs"}},"wind":{"direction":268.77,"speed":9.18}}}
{"status":"ok","lang":"zh_CN","server_time":1522077904,"tzshift":28800,"location":[51.564009,-0.09522353],"unit":"metric","result":{"status":"ok","temperature":12.24,"skycon":"PARTLY_CLOUDY_NIGHT","cloudrate":0.21,"aqi":10.0,"humidity":0.4,"pres":101189.77,"pm25":10.0,"precipitation":{"nearest":{"status":"ok","distance":115.52,"intensity":0.25},"local":{"status":"ok","intensity":0.0,"datasource":"gfs"}},"wind":{"direction":265.57,"speed":10.28}}}
