{"status":"ok","lang":"zh_CN","server_time":1521995104,"tzshift":28800,"location":[51.564009,-0.09522353],"unit":"metric","result":{"status":"ok","temperature":12.57,"skycon":"PARTLY_CLOUDY_NIGHT","cloudrate":0.79,"aqi":10.0,"humidity":0.43,"pres":100899.49,"pm25":10.0,"precipitation":{"nearest":{"status":"ok","distance":48.5,"intensity":0.1875},"local":{"status":"ok","intensity":0.0,"datasource":"gfs"}},"wind":{"direction":10.02,"speed":9.14}}}
{"status":"ok","lang":"zh_CN","server_time":1521996305,"tzshift":28800,"location":[51.564009,-0.09522353],"unit":"metric","result":{"status":"ok","temperature":11.55,"skycon":"CLOUDY","cloudrate":0.82,"aqi":10.0,"humidity":0.55,"pres":100698.04,"pm25":10.0,"precipitation":{"nearest":{"status":"ok","distance":10000.0,"intensity":0.0},"local":{"status":"ok","intensity":0.0,"datasource":"gfs"}},"wind":{"direction":9.67,"speed":9.58}}}
{"status":"ok","lang":"zh_CN","server_time":1521998703,"tzshift":28800,"location":[51.564009,-0.09522353],"unit":"metric","result":{"status":"ok","temperature":10.93,"skycon":"CLOUDY","cloudrate":0.83,"aqi":10.0,"humidity":0.58,"pres":100728.92,"pm25":10.0,"precipitation":{"nearest":{"status":"ok","distance":10000.0,"intensity":0.0},"local":{"status":"ok","intensity":0.0,"datasource":"gfs"}},"wind":{"direction":4.51,"speed":9.26}}}
{"status":"ok","lang":"zh_CN","server_time":1521999906,"tzshift":28800,"location":[51.564009,-0.09522353],"unit":"metric","result":{"status":"ok","temperature":12.31,"skycon":"CLOUDY","cloudrate":0.82,"aqi":10.0,"humidity":0.45,"pres":100933.3,"pm25":10.0,"precipitation":{"nearest":{"status":"ok","distance":218.15,"intensity":0.1875},"local":{"status":"ok","intensity":0.0289,"datasource":"gfs"}},"wind":{"direction":4.88,"speed":9.87}}}
{"status":"ok","lang":"zh_CN","server_time":1522002304,"tzshift":28800,"location":[51.564009,-0.09522353],"unit":"metric","result":{"status":"ok","temperature":10.23,"skycon":"CLOUDY","cloudrate":0.86,"aqi":10.0,"humidity":0.61,"pres":100769.7,"pm25":10.0,"precipitation":{"nearest":{"status":"ok","distance":128.2,"intensity":0.1875},"local":{"status":"ok","intensity":0.0073,"datasource":"gfs"}},"wind":{"direction":358.74,"speed":8.54}}}
{"status":"ok","lang":"zh_CN","server_time":1522003504,"tzshift":28800,"location":[51.564009,-0.09522353],"unit":"metric","result":{"status":"ok","temperature":10.23,"skycon":"CLOUDY","cloudrate":0.86,"aqi":10,"humidity":0.61,"pres":100769.7,"pm25":10,"precipitation":{"nearest":{"status":"ok","distance":121.62,"intensity":0.1875},"local":{"status":"ok","intensity":0.0073,"datasource":"gfs"}},"wind":{"direction":358.74,"speed":8.54}}}
{"status":"ok","lang":"zh_CN","server_time":1522005904,"tzshift":28800,"location":[51.564009,-0.09522353],"unit":"metric","result":{"status":"ok","temperature":9.53,"skycon":"CLOUDY","cloudrate":0.92,"aqi":10,"humidity":0.64,"pres":100822.66,"pm25":10,"precipitation":{"nearest":{"status":"ok","distance":201.52,"intensity":0.1875},"local":{"status":"ok","intensity":0.0,"datasource":"gfs"}},"wind":{"direction":351.76,"speed":7.31}}}
{"status":"ok","lang":"zh_CN","server_time":1522007103,"tzshift":28800,"location":[51.564009,-0.09522353],"unit":"metric","result":{"status":"ok","temperature":9.53,"skycon":"CLOUDY","cloudrate":0.92,"aqi":10.0,"humidity":0.64,"pres":100822.66,"pm25":10.0,"precipitation":{"nearest":{"status":"ok","distance":50.75,"intensity":0.1875},"local":{"status":"ok","intensity":0.0,"datasource":"gfs"}},"wind":{"direction":351.76,"speed":7.31}}}
{"status":"ok","lang":"zh_CN","server_time":1522009503,"tzshift":28800,"location":[51.564009,-0.09522353],"unit":"metric","result":{"status":"ok","temperature":8.84,"skycon":"CLOUDY","cloudrate":0.97,"aqi":10.0,"humidity":0.66,"pres":100882.49,"pm25":10.0,"precipitation":{"nearest":{"status":"ok","distance":10000.0,"intensity":0.0},"local":{"status":"ok","intensity":0.0,"datasource":"gfs"}},"wind":{"direction":343.16,"speed":6.19}}}
{"status":"ok","lang":"zh_CN","server_time":1522010703,"tzshift":28800,"location":[51.564009,-0.09522353],"unit":"metric","result":{"status":"ok","temperature":8.84,"skycon":"CLOUDY","cloudrate":0.97,"aqi":10.0,"humidity":0.66,"pres":100882.49,"pm25":10.0,"precipitation":{"nearest":{"status":"ok","distance":10000.0,"intensity":0.0},"local":{"status":"ok","intensity":0.0,"datasource":"gfs"}},"wind":{"direction":343.16,"speed":6.19}}}
{"status":"failed", "error":"'API quota is exhausted'"}
{"status":"ok","lang":"zh_CN","server_time":1522014306,"tzshift":28800,"location":[51.564009,-0.07522353],"unit":"metric","result":{"status":"ok","temperature":8.7,"skycon":"RAIN","cloudrate":1.0,"aqi":10,"humidity":0.68,"pres":100964.67,"pm25":10,"precipitation":{"nearest":{"status":"ok","distance":10000.0,"intensity":0.0},"local":{"status":"ok","intensity":0.0403,"datasource":"gfs"}},"wind":{"direction":319.02,"speed":4.54}}}
{"status":"failed", "error":"'API quota is exhausted'"}
{"status":"failed", "error":"'API quota is exhausted'"}
{"status":"ok","lang":"zh_CN","server_time":1522020305,"tzshift":28800,"location":[51.564009,-0.07522353],"unit":"metric","result":{"status":"ok","temperature":7.23,"skycon":"CLOUDY","cloudrate":0.82,"aqi":10.0,"humidity":0.7,"pres":101040.92,"pm25":10.0,"precipitation":{"nearest":{"status":"ok","distance":10000.0,"intensity":0.0},"local":{"status":"ok","intensity":0.0244,"datasource":"gfs"}},"wind":{"direction":325.0,"speed":6.9}}}
{"status":"failed", "error":"'API quota is exhausted'"}
{"status":"failed", "error":"'API quota is exhausted'"}
{"status":"failed", "error":"'API quota is exhausted'"}
{"status":"failed", "error":"'API quota is exhausted'"}
{"status":"failed", "error":"'API quota is exhausted'"}
{"status":"failed", "error":"'API quota is exhausted'"}
{"status":"ok","lang":"zh_CN","server_time":1522032305,"tzshift":28800,"location":[51.564009,-0.07522353],"unit":"metric","result":{"status":"ok","temperature":5.93,"skycon":"PARTLY_CLOUDY_DAY","cloudrate":0.36,"aqi":10.0,"humidity":0.69,"pres":101087.62,"pm25":10.0,"precipitation":{"nearest":{"status":"ok","distance":10000.0,"intensity":0.0},"local":{"status":"ok","intensity":0.0,"datasource":"gfs"}},"wind":{"direction":333.51,"speed":8.41}}}
{"status":"failed", "error":"'API quota is exhausted'"}
{"status":"failed", "error":"'API quota is exhausted'"}
{"status":"failed", "error":"'API quota is exhausted'"}
{"status":"ok","lang":"zh_CN","server_time":1522039505,"tzshift":28800,"location":[51.564009,-0.07522353],"unit":"metric","result":{"status":"ok","temperature":7.8,"skycon":"PARTLY_CLOUDY_DAY","cloudrate":0.68,"aqi":10.0,"humidity":0.59,"pres":101385.96,"pm25":10.0,"precipitation":{"nearest":{"status":"ok","distance":10000.0,"intensity":0.0},"local":{"status":"ok","intensity":0.0,"datasource":"gfs"}},"wind":{"direction":334.07,"speed":7.65}}}
{"status":"failed", "error":"'API quota is exhausted'"}
{"status":"failed", "error":"'API quota is exhausted'"}
{"status":"failed", "error":"'API quota is exhausted'"}
{"status":"failed", "error":"'API quota is exhausted'"}
{"status":"failed", "error":"'API quota is exhausted'"}
{"status":"ok","lang":"zh_CN","server_time":1522050305,"tzshift":28800,"location":[51.564009,-0.07522353],"unit":"metric","result":{"status":"ok","temperature":4.9,"skycon":"PARTLY_CLOUDY_DAY","cloudrate":0.21,"aqi":10.0,"humidity":0.72,"pres":101237.07,"pm25":10.0,"precipitation":{"nearest":{"status":"ok","distance":228.87,"intensity":0.1875},"local":{"status":"ok","intensity":0.0,"datasource":"gfs"}},"wind":{"direction":323.51,"speed":7.71}}}
{"status":"failed", "error":"'API quota is exhausted'"}
{"status":"failed", "error":"'API quota is exhausted'"}
{"status":"failed", "error":"'API quota is exhausted'"}
{"status":"failed", "error":"'API quota is exhausted'"}
{"status":"failed", "error":"'API quota is exhausted'"}
{"status":"failed", "error":"'API quota is exhausted'"}
{"status":"failed", "error":"'API quota is exhausted'"}
{"status":"failed", "error":"'API quota is exhausted'"}
{"status":"failed", "error":"'API quota is exhausted'"}
{"status":"ok","lang":"zh_CN","server_time":1522068304,"tzshift":28800,"location":[51.564009,-0.09522353],"unit":"metric","result":{"status":"ok","temperature":11.4,"skycon":"CLEAR_NIGHT","cloudrate":0.0,"aqi":10,"humidity":0.41,"pres":101293.04,"pm25":10,"precipitation":{"local":{"status":"ok","intensity":0.0,"datasource":"gfs"}},"wind":{"direction":283.62,"speed":8.18}}}
{"status":"ok","lang":"zh_CN","server_time":1522068304,"tzshift":28800,"location":[51.564009,-0.09522353],"unit":"metric","result":{"status":"ok","temperature":11.4,"skycon":"CLEAR_NIGHT","cloudrate":0.0,"aqi":10,"humidity":0.41,"pres":101293.04,"pm25":10,"precipitation":{"local":{"status":"ok","intensity":0.0,"datasource":"gfs"}},"wind":{"direction":283.62,"speed":8.18}}}
{"status":"ok","lang":"zh_CN","server_time":1522070705,"tzshift":28800,"location":[51.564009,-0.09522353],"unit":"metric","result":{"status":"ok","temperature":12.01,"skycon":"CLEAR_NIGHT","cloudrate":0.06,"aqi":10.0,"humidity":0.39,"pres":101268.15,"pm25":10.0,"precipitation":{"local":{"status":"ok","intensity":0.0,"datasource":"gfs"}},"wind":{"direction":275.82,"speed":9.26}}}
{"status":"ok","lang":"zh_CN","server_time":1522074305,"tzshift":28800,"location":[51.564009,-0.09522353],"unit":"metric","result":{"status":"ok","temperature":13.04,"skycon":"CLEAR_NIGHT","cloudrate":0.06,"aqi":10.0,"humidity":0.29,"pres":101437.68,"pm25":10.0,"precipitation":{"local":{"status":"ok","intensity":0.0,"datasource":"gfs"}},"wind":{"direction":268.77,"speed":9.18}}}
{"status":"ok","lang":"zh_CN","server_time":1522077904,"tzshift":28800,"location":[51.564009,-0.09522353],"unit":"metric","result":{"status":"ok","temperature":12.24,"skycon":"PARTLY_CLOUDY_NIGHT","cloudrate":0.21,"aqi":10.0,"humidity":0.4,"pres":101189.77,"pm25":10.0,"precipitation":{"nearest":{"status":"ok","distance":115.52,"intensity":0.25},"local":{"status":"ok","intensity":0.0,"datasource":"gfs"}},"wind":{"direction":265.57,"speed":10.28}}}
