{"status":"ok","lang":"zh_CN","server_time":1521995104,"tzshift":28800,"location":[51.564009,-0.05522353],"unit":"metric","result":{"status":"ok","temperature":11.52,"skycon":"PARTLY_CLOUDY_NIGHT","cloudrate":0.8,"aqi":10.0,"humidity":0.55,"pres":100709.91,"pm25":10.0,"precipitation":{"nearest":{"status":"ok","distance":108.17,"intensity":0.25},"local":{"status":"ok","intensity":0.0,"datasource":"gfs"}},"wind":{"direction":10.65,"speed":9.51}}}
{"status":"ok","lang":"zh_CN","server_time":1521996306,"tzshift":28800,"location":[51.564009,-0.05522353],"unit":"metric","result":{"status":"ok","temperature":11.52,"skycon":"PARTLY_CLOUDY_NIGHT","cloudrate":0.8,"aqi":10.0,"humidity":0.55,"pres":100709.91,"pm25":10.0,"precipitation":{"nearest":{"status":"ok","distance":169.03,"intensity":0.1875},"local":{"status":"ok","intensity":0.0,"datasource":"gfs"}},"wind":{"direction":10.65,"speed":9.51}}}
{"status":"ok","lang":"zh_CN","server_time":1521998706,"tzshift":28800,"location":[51.564009,-0.05522353],"unit":"metric","result":{"status":"ok","temperature":10.91,"skycon":"CLOUDY","cloudrate":0.82,"aqi":10.0,"humidity":0.58,"pres":100740.42,"pm25":10.0,"precipitation":{"nearest":{"status":"ok","distance":10000.0,"intensity":0.0},"local":{"status":"ok","intensity":0.0,"datasource":"gfs"}},"wind":{"direction":5.34,"speed":9.16}}}
{"status":"ok","lang":"zh_CN","server_time":1521999907,"tzshift":28800,"location":[51.564009,-0.05522353],"unit":"metric","result":{"status":"ok","temperature":10.91,"skycon":"CLOUDY","cloudrate":0.82,"aqi":10,"humidity":0.58,"pres":100740.42,"pm25":10,"precipitation":{"nearest":{"status":"ok","distance":10000.0,"intensity":0.0},"local":{"status":"ok","intensity":0.0,"datasource":"gfs"}},"wind":{"direction":5.34,"speed":9.16}}}
{"status":"ok","lang":"zh_CN","server_time":1522002305,"tzshift":28800,"location":[51.564009,-0.05522353],"unit":"metric","result":{"status":"ok","temperature":12.17,"skycon":"RAIN","cloudrate":0.86,"aqi":10.0,"humidity":0.46,"pres":101015.98,"pm25":10.0,"precipitation":{"nearest":{"status":"ok","distance":15.07,"intensity":0.1875},"local":{"status":"ok","intensity":0.0364,"datasource":"gfs"}},"wind":{"direction":359.52,"speed":9.94}}}
{"status":"ok","lang":"zh_CN","server_time":1522003505,"tzshift":28800,"location":[51.564009,-0.05522353],"unit":"metric","result":{"status":"ok","temperature":12.17,"skycon":"RAIN","cloudrate":0.86,"aqi":10,"humidity":0.46,"pres":101015.98,"pm25":10,"precipitation":{"nearest":{"status":"ok","distance":81.37,"intensity":0.25},"local":{"status":"ok","intensity":0.0364,"datasource":"gfs"}},"wind":{"direction":359.52,"speed":9.94}}}
{"status":"ok","lang":"zh_CN","server_time":1522005905,"tzshift":28800,"location":[51.564009,-0.05522353],"unit":"metric","result":{"status":"ok","temperature":9.54,"skycon":"CLOUDY","cloudrate":0.92,"aqi":10.0,"humidity":0.64,"pres":100833.78,"pm25":10.0,"precipitation":{"nearest":{"status":"ok","distance":477.64,"intensity":0.1875},"local":{"status":"ok","intensity":0.0,"datasource":"gfs"}},"wind":{"direction":353.3,"speed":7.13}}}
{"status":"ok","lang":"zh_CN","server_time":1522007104,"tzshift":28800,"location":[51.564009,-0.05522353],"unit":"metric","result":{"status":"ok","temperature":9.54,"skycon":"CLOUDY","cloudrate":0.92,"aqi":10.0,"humidity":0.64,"pres":100833.78,"pm25":10.0,"precipitation":{"nearest":{"status":"ok","distance":10000.0,"intensity":0.0},"local":{"status":"ok","intensity":0.0,"datasource":"gfs"}},"wind":{"direction":353.3,"speed":7.13}}}
{"status":"ok","lang":"zh_CN","server_time":1522009503,"tzshift":28800,"location":[51.564009,-0.05522353],"unit":"metric","result":{"status":"ok","temperature":8.87,"skycon":"CLOUDY","cloudrate":0.97,"aqi":10,"humidity":0.66,"pres":100893.61,"pm25":10,"precipitation":{"nearest":{"status":"ok","distance":10000.0,"intensity":0.0},"local":{"status":"ok","intensity":0.0,"datasource":"gfs"}},"wind":{"direction":345.41,"speed":5.93}}}
{"status":"ok","lang":"zh_CN","server_time":1522010704,"tzshift":28800,"location":[51.564009,-0.05522353],"unit":"metric","result":{"status":"ok","temperature":11.2,"skycon":"CLOUDY","cloudrate":1.0,"aqi":10,"humidity":0.52,"pres":101131.05,"pm25":10,"precipitation":{"nearest":{"status":"ok","distance":10000.0,"intensity":0.0},"local":{"status":"ok","intensity":0.0,"datasource":"gfs"}},"wind":{"direction":337.34,"speed":7.51}}}
{"status":"ok","lang":"zh_CN","server_time":1522013105,"tzshift":28800,"location":[51.564009,-0.05522353],"unit":"metric","result":{"status":"ok","temperature":10.59,"skycon":"CLOUDY","cloudrate":0.99,"aqi":10.0,"humidity":0.53,"pres":101190.76,"pm25":10.0,"precipitation":{"nearest":{"status":"ok","distance":10000.0,"intensity":0.0},"local":{"status":"ok","intensity":0.0,"datasource":"gfs"}},"wind":{"direction":328.96,"speed":7.07}}}
{"status":"failed", "error":"'API quota is exhausted'"}
{"status":"ok","lang":"zh_CN","server_time":1522016705,"tzshift":28800,"location":[51.564009,-0.05522353],"unit":"metric","result":{"status":"ok","temperature":8.02,"skycon":"RAIN","cloudrate":0.94,"aqi":10.0,"humidity":0.69,"pres":101015.85,"pm25":10.0,"precipitation":{"nearest":{"status":"ok","distance":10000.0,"intensity":0.0},"local":{"status":"ok","intensity":0.0399,"datasource":"gfs"}},"wind":{"direction":318.84,"speed":5.3}}}
{"status":"ok","lang":"zh_CN","server_time":1522017906,"tzshift":28800,"location":[51.564009,-0.05522353],"unit":"metric","result":{"status":"ok","temperature":8.02,"skycon":"RAIN","cloudrate":0.94,"aqi":10.0,"humidity":0.69,"pres":101015.85,"pm25":10.0,"precipitation":{"nearest":{"status":"ok","distance":86.35,"intensity":0.1875},"local":{"status":"ok","intensity":0.0399,"datasource":"gfs"}},"wind":{"direction":318.84,"speed":5.3}}}
{"status":"ok","lang":"zh_CN","server_time":1522020306,"tzshift":28800,"location":[51.564009,-0.05522353],"unit":"metric","result":{"status":"ok","temperature":9.45,"skycon":"CLOUDY","cloudrate":0.82,"aqi":10.0,"humidity":0.57,"pres":101288.42,"pm25":10.0,"precipitation":{"nearest":{"status":"ok","distance":55.21,"intensity":0.1875},"local":{"status":"ok","intensity":0.0304,"datasource":"gfs"}},"wind":{"direction":330.06,"speed":6.78}}}
{"status":"failed", "error":"'API quota is exhausted'"}
{"status":"ok","lang":"zh_CN","server_time":1522024082,"tzshift":28800,"location":[51.564009,-0.05522353],"unit":"metric","result":{"status":"ok","temperature":6.61,"skycon":"PARTLY_CLOUDY_DAY","cloudrate":0.67,"aqi":10.0,"humidity":0.7,"pres":101066.3,"pm25":10.0,"precipitation":{"nearest":{"status":"ok","distance":70.24,"intensity":0.1875},"local":{"status":"ok","intensity":0.0058,"datasource":"gfs"}},"wind":{"direction":330.01,"speed":8.22}}}
{"status":"failed", "error":"'API quota is exhausted'"}
{"status":"failed", "error":"'API quota is exhausted'"}
{"status":"failed", "error":"'API quota is exhausted'"}
{"status":"failed", "error":"'API quota is exhausted'"}
{"status":"failed", "error":"'API quota is exhausted'"}
{"status":"failed", "error":"'API quota is exhausted'"}
{"status":"ok","lang":"zh_CN","server_time":1522035906,"tzshift":28800,"location":[51.564009,-0.05522353],"unit":"metric","result":{"status":"ok","temperature":6.28,"skycon":"PARTLY_CLOUDY_DAY","cloudrate":0.55,"aqi":10.0,"humidity":0.69,"pres":101140.74,"pm25":10.0,"precipitation":{"nearest":{"status":"ok","distance":10000.0,"intensity":0.0},"local":{"status":"ok","intensity":0.0,"datasource":"gfs"}},"wind":{"direction":338.31,"speed":8.57}}}
{"status":"ok","lang":"zh_CN","server_time":1522038306,"tzshift":28800,"location":[51.564009,-0.05522353],"unit":"metric","result":{"status":"ok","temperature":7.97,"skycon":"PARTLY_CLOUDY_DAY","cloudrate":0.69,"aqi":10,"humidity":0.58,"pres":101405.51,"pm25":10,"precipitation":{"nearest":{"status":"ok","distance":10000.0,"intensity":0.0},"local":{"status":"ok","intensity":0.0,"datasource":"gfs"}},"wind":{"direction":334.1,"speed":7.62}}}
{"status":"failed", "error":"'API quota is exhausted'"}
{"status":"failed", "error":"'API quota is exhausted'"}
{"status":"failed", "error":"'API quota is exhausted'"}
{"status":"failed", "error":"'API quota is exhausted'"}
{"status":"failed", "error":"'API quota is exhausted'"}
{"status":"failed", "error":"'API quota is exhausted'"}
{"status":"failed", "error":"'API quota is exhausted'"}
{"status":"failed", "error":"'API quota is exhausted'"}
{"status":"failed", "error":"'API quota is exhausted'"}
{"status":"failed", "error":"'API quota is exhausted'"}
{"status":"failed", "error":"'API quota is exhausted'"}
{"status":"failed", "error":"'API quota is exhausted'"}
{"status":"failed", "error":"'API quota is exhausted'"}
{"status":"failed", "error":"'API quota is exhausted'"}
{"status":"failed", "error":"'API quota is exhausted'"}
{"status":"failed", "error":"'API quota is exhausted'"}
{"status":"ok","lang":"zh_CN","server_time":1522068305,"tzshift":28800,"location":[51.564009,-0.05522353],"unit":"metric","result":{"status":"ok","temperature":12.42,"skycon":"CLEAR_NIGHT","cloudrate":0.0,"aqi":10,"humidity":0.29,"pres":101540.34,"pm25":10,"precipitation":{"nearest":{"status":"ok","distance":354.62,"intensity":0.1875},"local":{"status":"ok","intensity":0.0,"datasource":"gfs"}},"wind":{"direction":285.28,"speed":6.19}}}
{"status":"ok","lang":"zh_CN","server_time":1522068305,"tzshift":28800,"location":[51.564009,-0.05522353],"unit":"metric","result":{"status":"ok","temperature":12.42,"skycon":"CLEAR_NIGHT","cloudrate":0.0,"aqi":10,"humidity":0.29,"pres":101540.34,"pm25":10,"precipitation":{"nearest":{"status":"ok","distance":354.62,"intensity":0.1875},"local":{"status":"ok","intensity":0.0,"datasource":"gfs"}},"wind":{"direction":285.28,"speed":6.19}}}
{"status":"ok","lang":"zh_CN","server_time":1522070706,"tzshift":28800,"location":[51.564009,-0.05522353],"unit":"metric","result":{"status":"ok","temperature":12.03,"skycon":"CLEAR_NIGHT","cloudrate":0.06,"aqi":10.0,"humidity":0.39,"pres":101280.24,"pm25":10.0,"precipitation":{"nearest":{"status":"ok","distance":58.16,"intensity":0.1875},"local":{"status":"ok","intensity":0.0,"datasource":"gfs"}},"wind":{"direction":276.9,"speed":9.2}}}
{"status":"ok","lang":"zh_CN","server_time":1522074307,"tzshift":28800,"location":[51.564009,-0.05522353],"unit":"metric","result":{"status":"ok","temperature":12.32,"skycon":"CLEAR_NIGHT","cloudrate":0.14,"aqi":10.0,"humidity":0.39,"pres":101243.92,"pm25":10.0,"precipitation":{"nearest":{"status":"ok","distance":184.93,"intensity":0.1875},"local":{"status":"ok","intensity":0.0,"datasource":"gfs"}},"wind":{"direction":271.14,"speed":9.98}}}
{"status":"ok","lang":"zh_CN","server_time":1522077905,"tzshift":28800,"location":[51.564009,-0.05522353],"unit":"metric","result":{"status":"ok","temperature":12.26,"skycon":"PARTLY_CLOUDY_NIGHT","cloudrate":0.22,"aqi":10.0,"humidity":0.4,"pres":101202.15,"pm25":10.0,"precipitation":{"nearest":{"status":"ok","distance":56.12,"intensity":0.1875},"local":{"status":"ok","intensity":0.0,"datasource":"gfs"}},"wind":{"direction":266.41,"speed":10.15}}}
