{"status":"ok","lang":"zh_CN","server_time":1521995109,"tzshift":28800,"location":[51.554009,-0.09522353],"unit":"metric","result":{"status":"ok","temperature":11.61,"skycon":"CLOUDY","cloudrate":0.81,"aqi":10.0,"humidity":0.54,"pres":100717.17,"pm25":10.0,"precipitation":{"nearest":{"status":"ok","distance":10000.0,"intensity":0.0},"local":{"status":"ok","intensity":0.0,"datasource":"gfs"}},"wind":{"direction":10.01,"speed":9.55}}}
{"status":"ok","lang":"zh_CN","server_time":1521996310,"tzshift":28800,"location":[51.554009,-0.09522353],"unit":"metric","result":{"status":"ok","temperature":11.61,"skycon":"CLOUDY","cloudrate":0.81,"aqi":10.0,"humidity":0.54,"pres":100717.17,"pm25":10.0,"precipitation":{"nearest":{"status":"ok","distance":10000.0,"intensity":0.0},"local":{"status":"ok","intensity":0.0,"datasource":"gfs"}},"wind":{"direction":10.01,"speed":9.55}}}
{"status":"ok","lang":"zh_CN","server_time":1521998710,"tzshift":28800,"location":[51.554009,-0.09522353],"unit":"metric","result":{"status":"ok","temperature":12.45,"skycon":"CLOUDY","cloudrate":0.81,"aqi":10,"humidity":0.44,"pres":100985.92,"pm25":10,"precipitation":{"nearest":{"status":"ok","distance":10000.0,"intensity":0.0},"local":{"status":"ok","intensity":0.0239,"datasource":"gfs"}},"wind":{"direction":5.16,"speed":9.86}}}
{"status":"ok","lang":"zh_CN","server_time":1521999912,"tzshift":28800,"location":[51.554009,-0.09522353],"unit":"metric","result":{"status":"ok","temperature":11.01,"skycon":"CLOUDY","cloudrate":0.83,"aqi":10.0,"humidity":0.57,"pres":100748.13,"pm25":10.0,"precipitation":{"nearest":{"status":"ok","distance":10000.0,"intensity":0.0},"local":{"status":"ok","intensity":0.0,"datasource":"gfs"}},"wind":{"direction":4.84,"speed":9.26}}}
{"status":"ok","lang":"zh_CN","server_time":1522002310,"tzshift":28800,"location":[51.554009,-0.09522353],"unit":"metric","result":{"status":"ok","temperature":12.12,"skycon":"RAIN","cloudrate":0.86,"aqi":10,"humidity":0.46,"pres":101029.5,"pm25":10,"precipitation":{"nearest":{"status":"ok","distance":787.56,"intensity":0.25},"local":{"status":"ok","intensity":0.034,"datasource":"gfs"}},"wind":{"direction":359.0,"speed":9.9}}}
{"status":"ok","lang":"zh_CN","server_time":1522003509,"tzshift":28800,"location":[51.554009,-0.09522353],"unit":"metric","result":{"status":"ok","temperature":10.32,"skycon":"CLOUDY","cloudrate":0.86,"aqi":10.0,"humidity":0.61,"pres":100788.96,"pm25":10.0,"precipitation":{"nearest":{"status":"ok","distance":365.18,"intensity":0.1875},"local":{"status":"ok","intensity":0.0041,"datasource":"gfs"}},"wind":{"direction":359.13,"speed":8.56}}}
{"status":"ok","lang":"zh_CN","server_time":1522005909,"tzshift":28800,"location":[51.554009,-0.09522353],"unit":"metric","result":{"status":"ok","temperature":9.63,"skycon":"CLOUDY","cloudrate":0.92,"aqi":10.0,"humidity":0.63,"pres":100841.94,"pm25":10.0,"precipitation":{"nearest":{"status":"ok","distance":229.15,"intensity":0.1875},"local":{"status":"ok","intensity":0.0,"datasource":"gfs"}},"wind":{"direction":352.27,"speed":7.31}}}
{"status":"ok","lang":"zh_CN","server_time":1522007108,"tzshift":28800,"location":[51.554009,-0.09522353],"unit":"metric","result":{"status":"ok","temperature":9.63,"skycon":"CLOUDY","cloudrate":0.92,"aqi":10.0,"humidity":0.63,"pres":100841.94,"pm25":10.0,"precipitation":{"nearest":{"status":"ok","distance":82.97,"intensity":0.1875},"local":{"status":"ok","intensity":0.0,"datasource":"gfs"}},"wind":{"direction":352.27,"speed":7.31}}}
{"status":"ok","lang":"zh_CN","server_time":1522009508,"tzshift":28800,"location":[51.554009,-0.09522353],"unit":"metric","result":{"status":"ok","temperature":8.95,"skycon":"CLOUDY","cloudrate":0.96,"aqi":10.0,"humidity":0.65,"pres":100901.79,"pm25":10.0,"precipitation":{"nearest":{"status":"ok","distance":10000.0,"intensity":0.0},"local":{"status":"ok","intensity":0.0,"datasource":"gfs"}},"wind":{"direction":343.71,"speed":6.13}}}
{"status":"ok","lang":"zh_CN","server_time":1522010708,"tzshift":28800,"location":[51.554009,-0.09522353],"unit":"metric","result":{"status":"ok","temperature":8.95,"skycon":"CLOUDY","cloudrate":0.96,"aqi":10.0,"humidity":0.65,"pres":100901.79,"pm25":10.0,"precipitation":{"nearest":{"status":"ok","distance":10000.0,"intensity":0.0},"local":{"status":"ok","intensity":0.0,"datasource":"gfs"}},"wind":{"direction":343.71,"speed":6.13}}}
{"status":"ok","lang":"zh_CN","server_time":1522013110,"tzshift":28800,"location":[51.554009,-0.07522353],"unit":"metric","result":{"status":"ok","temperature":8.28,"skycon":"CLOUDY","cloudrate":0.96,"aqi":10.0,"humidity":0.67,"pres":100966.37,"pm25":10.0,"precipitation":{"nearest":{"status":"ok","distance":10000.0,"intensity":0.0},"local":{"status":"ok","intensity":0.0,"datasource":"gfs"}},"wind":{"direction":337.66,"speed":5.64}}}
{"status":"failed", "error":"'API quota is exhausted'"}
{"status":"ok","lang":"zh_CN","server_time":1522016710,"tzshift":28800,"location":[51.554009,-0.07522353],"unit":"metric","result":{"status":"ok","temperature":8.1,"skycon":"RAIN","cloudrate":0.94,"aqi":10.0,"humidity":0.69,"pres":101029.23,"pm25":10.0,"precipitation":{"nearest":{"status":"ok","distance":27.38,"intensity":0.1875},"local":{"status":"ok","intensity":0.0396,"datasource":"gfs"}},"wind":{"direction":318.16,"speed":5.34}}}
{"status":"failed", "error":"'API quota is exhausted'"}
{"status":"failed", "error":"'API quota is exhausted'"}
{"status":"failed", "error":"'API quota is exhausted'"}
{"status":"ok","lang":"zh_CN","server_time":1522024087,"tzshift":28800,"location":[51.554009,-0.07522353],"unit":"metric","result":{"status":"ok","temperature":6.71,"skycon":"PARTLY_CLOUDY_DAY","cloudrate":0.66,"aqi":10.0,"humidity":0.7,"pres":101079.87,"pm25":10.0,"precipitation":{"nearest":{"status":"ok","distance":88.12,"intensity":0.1875},"local":{"status":"ok","intensity":0.0035,"datasource":"gfs"}},"wind":{"direction":330.2,"speed":8.16}}}
{"status":"ok","lang":"zh_CN","server_time":1522025110,"tzshift":28800,"location":[51.554009,-0.09522353],"unit":"metric","result":{"status":"ok","temperature":6.7,"skycon":"PARTLY_CLOUDY_DAY","cloudrate":0.66,"aqi":10,"humidity":0.7,"pres":101074.96,"pm25":10,"precipitation":{"nearest":{"status":"ok","distance":22.48,"intensity":0.1875},"local":{"status":"ok","intensity":0.0,"datasource":"gfs"}},"wind":{"direction":330.65,"speed":8.16}}}
{"status":"failed", "error":"'API quota is exhausted'"}
{"status":"ok","lang":"zh_CN","server_time":1522028711,"tzshift":28800,"location":[51.554009,-0.07522353],"unit":"metric","result":{"status":"ok","temperature":6.32,"skycon":"PARTLY_CLOUDY_DAY","cloudrate":0.49,"aqi":10.0,"humidity":0.69,"pres":101093.54,"pm25":10.0,"precipitation":{"nearest":{"status":"ok","distance":10000.0,"intensity":0.0},"local":{"status":"ok","intensity":0.0,"datasource":"gfs"}},"wind":{"direction":332.98,"speed":8.59}}}
{"status":"failed", "error":"'API quota is exhausted'"}
{"status":"failed", "error":"'API quota is exhausted'"}
{"status":"failed", "error":"'API quota is exhausted'"}
{"status":"failed", "error":"'API quota is exhausted'"}
{"status":"failed", "error":"'API quota is exhausted'"}
{"status":"failed", "error":"'API quota is exhausted'"}
{"status":"failed", "error":"'API quota is exhausted'"}
{"status":"failed", "error":"'API quota is exhausted'"}
{"status":"ok","lang":"zh_CN","server_time":1522045512,"tzshift":28800,"location":[51.554009,-0.07522353],"unit":"metric","result":{"status":"ok","temperature":4.46,"skycon":"PARTLY_CLOUDY_DAY","cloudrate":0.32,"aqi":10.0,"humidity":0.74,"pres":101233.77,"pm25":10.0,"precipitation":{"nearest":{"status":"ok","distance":119.47,"intensity":0.1875},"local":{"status":"ok","intensity":0.0,"datasource":"gfs"}},"wind":{"direction":326.32,"speed":7.65}}}
{"status":"failed", "error":"'API quota is exhausted'"}
{"status":"failed", "error":"'API quota is exhausted'"}
{"status":"ok","lang":"zh_CN","server_time":1522050311,"tzshift":28800,"location":[51.554009,-0.07522353],"unit":"metric","result":{"status":"ok","temperature":5.0,"skycon":"CLEAR_DAY","cloudrate":0.2,"aqi":10.0,"humidity":0.72,"pres":101256.51,"pm25":10.0,"precipitation":{"nearest":{"status":"ok","distance":137.41,"intensity":0.1875},"local":{"status":"ok","intensity":0.0,"datasource":"gfs"}},"wind":{"direction":323.93,"speed":7.63}}}
{"status":"failed", "error":"'API quota is exhausted'"}
{"status":"failed", "error":"'API quota is exhausted'"}
{"status":"failed", "error":"'API quota is exhausted'"}
{"status":"failed", "error":"'API quota is exhausted'"}
{"status":"failed", "error":"'API quota is exhausted'"}
{"status":"failed", "error":"'API quota is exhausted'"}
{"status":"failed", "error":"'API quota is exhausted'"}
{"status":"failed", "error":"'API quota is exhausted'"}
{"status":"failed", "error":"'API quota is exhausted'"}
{"status":"ok","lang":"zh_CN","server_time":1522068310,"tzshift":28800,"location":[51.554009,-0.09522353],"unit":"metric","result":{"status":"ok","temperature":11.45,"skycon":"CLEAR_NIGHT","cloudrate":0.0,"aqi":10.0,"humidity":0.4,"pres":101313.26,"pm25":10.0,"precipitation":{"nearest":{"status":"ok","distance":285.92,"intensity":0.1875},"local":{"status":"ok","intensity":0.0,"datasource":"gfs"}},"wind":{"direction":284.13,"speed":8.05}}}
{"status":"ok","lang":"zh_CN","server_time":1522068310,"tzshift":28800,"location":[51.554009,-0.09522353],"unit":"metric","result":{"status":"ok","temperature":11.45,"skycon":"CLEAR_NIGHT","cloudrate":0.0,"aqi":10.0,"humidity":0.4,"pres":101313.26,"pm25":10.0,"precipitation":{"nearest":{"status":"ok","distance":285.92,"intensity":0.1875},"local":{"status":"ok","intensity":0.0,"datasource":"gfs"}},"wind":{"direction":284.13,"speed":8.05}}}
{"status":"ok","lang":"zh_CN","server_time":1522070711,"tzshift":28800,"location":[51.554009,-0.09522353],"unit":"metric","result":{"status":"ok","temperature":12.07,"skycon":"CLEAR_NIGHT","cloudrate":0.06,"aqi":10.0,"humidity":0.38,"pres":101288.33,"pm25":10.0,"precipitation":{"local":{"status":"ok","intensity":0.0,"datasource":"gfs"}},"wind":{"direction":276.16,"speed":9.13}}}
{"status":"ok","lang":"zh_CN","server_time":1522074312,"tzshift":28800,"location":[51.554009,-0.09522353],"unit":"metric","result":{"status":"ok","temperature":12.36,"skycon":"CLEAR_NIGHT","cloudrate":0.14,"aqi":10.0,"humidity":0.38,"pres":101251.83,"pm25":10.0,"precipitation":{"nearest":{"status":"ok","distance":348.74,"intensity":0.25},"local":{"status":"ok","intensity":0.0,"datasource":"gfs"}},"wind":{"direction":270.38,"speed":9.95}}}
{"status":"ok","lang":"zh_CN","server_time":1522077910,"tzshift":28800,"location":[51.554009,-0.09522353],"unit":"metric","result":{"status":"ok","temperature":12.29,"skycon":"PARTLY_CLOUDY_NIGHT","cloudrate":0.21,"aqi":10.0,"humidity":0.39,"pres":101209.85,"pm25":10.0,"precipitation":{"local":{"status":"ok","intensity":0.0,"datasource":"gfs"}},"wind":{"direction":265.53,"speed":10.16}}}
