{"status":"ok","lang":"zh_CN","server_time":1521995106,"tzshift":28800,"location":[51.554009,-0.23522353],"unit":"metric","result":{"status":"ok","temperature":11.68,"skycon":"CLOUDY","cloudrate":0.87,"aqi":10.0,"humidity":0.54,"pres":100679.0,"pm25":10.0,"precipitation":{"nearest":{"status":"ok","distance":10000.0,"intensity":0.0},"local":{"status":"ok","intensity":0.0,"datasource":"gfs"}},"wind":{"direction":6.67,"speed":9.8}}}
{"status":"ok","lang":"zh_CN","server_time":1521996307,"tzshift":28800,"location":[51.554009,-0.23522353],"unit":"metric","result":{"status":"ok","temperature":11.68,"skycon":"CLOUDY","cloudrate":0.87,"aqi":10,"humidity":0.54,"pres":100679.0,"pm25":10,"precipitation":{"nearest":{"status":"ok","distance":159.65,"intensity":0.1875},"local":{"status":"ok","intensity":0.0,"datasource":"gfs"}},"wind":{"direction":6.67,"speed":9.8}}}
{"status":"ok","lang":"zh_CN","server_time":1521998707,"tzshift":28800,"location":[51.554009,-0.23522353],"unit":"metric","result":{"status":"ok","temperature":11.07,"skycon":"CLOUDY","cloudrate":0.88,"aqi":10.0,"humidity":0.57,"pres":100711.34,"pm25":10.0,"precipitation":{"nearest":{"status":"ok","distance":206.0,"intensity":0.1875},"local":{"status":"ok","intensity":0.014,"datasource":"gfs"}},"wind":{"direction":2.05,"speed":9.61}}}
{"status":"ok","lang":"zh_CN","server_time":1521999908,"tzshift":28800,"location":[51.554009,-0.23522353],"unit":"metric","result":{"status":"ok","temperature":11.07,"skycon":"CLOUDY","cloudrate":0.88,"aqi":10.0,"humidity":0.57,"pres":100711.34,"pm25":10.0,"precipitation":{"nearest":{"status":"ok","distance":10000.0,"intensity":0.0},"local":{"status":"ok","intensity":0.014,"datasource":"gfs"}},"wind":{"direction":2.05,"speed":9.61}}}
{"status":"ok","lang":"zh_CN","server_time":1522002306,"tzshift":28800,"location":[51.554009,-0.23522353],"unit":"metric","result":{"status":"ok","temperature":10.35,"skycon":"CLOUDY","cloudrate":0.88,"aqi":10.0,"humidity":0.61,"pres":100753.16,"pm25":10.0,"precipitation":{"nearest":{"status":"ok","distance":76.48,"intensity":0.1875},"local":{"status":"ok","intensity":0.019,"datasource":"gfs"}},"wind":{"direction":356.09,"speed":9.02}}}
{"status":"ok","lang":"zh_CN","server_time":1522003506,"tzshift":28800,"location":[51.554009,-0.23522353],"unit":"metric","result":{"status":"ok","temperature":10.35,"skycon":"CLOUDY","cloudrate":0.88,"aqi":10.0,"humidity":0.61,"pres":100753.16,"pm25":10.0,"precipitation":{"nearest":{"status":"ok","distance":10000.0,"intensity":0.0},"local":{"status":"ok","intensity":0.019,"datasource":"gfs"}},"wind":{"direction":356.09,"speed":9.02}}}
{"status":"ok","lang":"zh_CN","server_time":1522005906,"tzshift":28800,"location":[51.554009,-0.23522353],"unit":"metric","result":{"status":"ok","temperature":10.74,"skycon":"CLOUDY","cloudrate":0.89,"aqi":10.0,"humidity":0.55,"pres":100942.48,"pm25":10.0,"precipitation":{"nearest":{"status":"ok","distance":346.32,"intensity":0.1875},"local":{"status":"ok","intensity":0.0119,"datasource":"gfs"}},"wind":{"direction":346.48,"speed":8.54}}}
{"status":"ok","lang":"zh_CN","server_time":1522007105,"tzshift":28800,"location":[51.554009,-0.23522353],"unit":"metric","result":{"status":"ok","temperature":9.61,"skycon":"CLOUDY","cloudrate":0.92,"aqi":10.0,"humidity":0.63,"pres":100806.48,"pm25":10.0,"precipitation":{"nearest":{"status":"ok","distance":10000.0,"intensity":0.0},"local":{"status":"ok","intensity":0.0,"datasource":"gfs"}},"wind":{"direction":347.36,"speed":7.98}}}
{"status":"ok","lang":"zh_CN","server_time":1522009505,"tzshift":28800,"location":[51.554009,-0.23522353],"unit":"metric","result":{"status":"ok","temperature":10.05,"skycon":"CLOUDY","cloudrate":0.92,"aqi":10.0,"humidity":0.58,"pres":101003.72,"pm25":10.0,"precipitation":{"nearest":{"status":"ok","distance":10000.0,"intensity":0.0},"local":{"status":"ok","intensity":0.0,"datasource":"gfs"}},"wind":{"direction":334.51,"speed":7.58}}}
{"status":"ok","lang":"zh_CN","server_time":1522010705,"tzshift":28800,"location":[51.554009,-0.23522353],"unit":"metric","result":{"status":"ok","temperature":8.87,"skycon":"CLOUDY","cloudrate":0.96,"aqi":10.0,"humidity":0.65,"pres":100866.3,"pm25":10.0,"precipitation":{"nearest":{"status":"ok","distance":10000.0,"intensity":0.0},"local":{"status":"ok","intensity":0.0,"datasource":"gfs"}},"wind":{"direction":336.97,"speed":7.11}}}
{"status":"failed", "error":"'API quota is exhausted'"}
{"status":"ok","lang":"zh_CN","server_time":1522014308,"tzshift":28800,"location":[51.554009,-0.23522353],"unit":"metric","result":{"status":"ok","temperature":8.56,"skycon":"CLOUDY","cloudrate":1.0,"aqi":10.0,"humidity":0.67,"pres":100941.96,"pm25":10.0,"precipitation":{"nearest":{"status":"ok","distance":10000.0,"intensity":0.0},"local":{"status":"ok","intensity":0.0218,"datasource":"gfs"}},"wind":{"direction":312.05,"speed":5.65}}}
{"status":"ok","lang":"zh_CN","server_time":1522016706,"tzshift":28800,"location":[51.554009,-0.23522353],"unit":"metric","result":{"status":"ok","temperature":7.86,"skycon":"CLOUDY","cloudrate":0.92,"aqi":10.0,"humidity":0.69,"pres":100988.08,"pm25":10.0,"precipitation":{"nearest":{"status":"ok","distance":10000.0,"intensity":0.0},"local":{"status":"ok","intensity":0.0084,"datasource":"gfs"}},"wind":{"direction":315.07,"speed":6.18}}}
{"status":"ok","lang":"zh_CN","server_time":1522017907,"tzshift":28800,"location":[51.554009,-0.23522353],"unit":"metric","result":{"status":"ok","temperature":7.86,"skycon":"CLOUDY","cloudrate":0.92,"aqi":10.0,"humidity":0.69,"pres":100988.08,"pm25":10.0,"precipitation":{"nearest":{"status":"ok","distance":10000.0,"intensity":0.0},"local":{"status":"ok","intensity":0.0084,"datasource":"gfs"}},"wind":{"direction":315.07,"speed":6.18}}}
{"status":"failed", "error":"'API quota is exhausted'"}
{"status":"ok","lang":"zh_CN","server_time":1522021513,"tzshift":28800,"location":[51.544009,-0.23522353],"unit":"metric","result":{"status":"ok","temperature":7.27,"skycon":"PARTLY_CLOUDY_DAY","cloudrate":0.78,"aqi":10,"humidity":0.69,"pres":101042.8,"pm25":10,"precipitation":{"nearest":{"status":"ok","distance":0.6,"intensity":0.1875},"local":{"status":"ok","intensity":0.0,"datasource":"gfs"}},"wind":{"direction":325.47,"speed":7.14}}}
{"status":"failed", "error":"'API quota is exhausted'"}
{"status":"failed", "error":"'API quota is exhausted'"}
{"status":"failed", "error":"'API quota is exhausted'"}
{"status":"failed", "error":"'API quota is exhausted'"}
{"status":"failed", "error":"'API quota is exhausted'"}
{"status":"failed", "error":"'API quota is exhausted'"}
{"status":"failed", "error":"'API quota is exhausted'"}
{"status":"failed", "error":"'API quota is exhausted'"}
{"status":"failed", "error":"'API quota is exhausted'"}
{"status":"failed", "error":"'API quota is exhausted'"}
{"status":"failed", "error":"'API quota is exhausted'"}
{"status":"failed", "error":"'API quota is exhausted'"}
{"status":"failed", "error":"'API quota is exhausted'"}
{"status":"failed", "error":"'API quota is exhausted'"}
{"status":"failed", "error":"'API quota is exhausted'"}
{"status":"ok","lang":"zh_CN","server_time":1522050313,"tzshift":28800,"location":[51.544009,-0.23522353],"unit":"metric","result":{"status":"ok","temperature":4.94,"skycon":"CLEAR_DAY","cloudrate":0.19,"aqi":10.0,"humidity":0.71,"pres":101238.58,"pm25":10.0,"precipitation":{"nearest":{"status":"ok","distance":403.72,"intensity":0.1875},"local":{"status":"ok","intensity":0.0,"datasource":"gfs"}},"wind":{"direction":325.31,"speed":7.48}}}
{"status":"failed", "error":"'API quota is exhausted'"}
{"status":"failed", "error":"'API quota is exhausted'"}
{"status":"ok","lang":"zh_CN","server_time":1522056311,"tzshift":28800,"location":[51.544009,-0.23522353],"unit":"metric","result":{"status":"ok","temperature":7.56,"skycon":"CLEAR_DAY","cloudrate":0.0,"aqi":10.0,"humidity":0.6,"pres":101281.34,"pm25":10.0,"precipitation":{"nearest":{"status":"ok","distance":10000.0,"intensity":0.0},"local":{"status":"ok","intensity":0.0,"datasource":"gfs"}},"wind":{"direction":319.27,"speed":7.0}}}
{"status":"failed", "error":"'API quota is exhausted'"}
{"status":"failed", "error":"'API quota is exhausted'"}
{"status":"failed", "error":"'API quota is exhausted'"}
{"status":"failed", "error":"'API quota is exhausted'"}
{"status":"failed", "error":"'API quota is exhausted'"}
{"status":"failed", "error":"'API quota is exhausted'"}
{"status":"ok","lang":"zh_CN","server_time":1522068306,"tzshift":28800,"location":[51.554009,-0.23522353],"unit":"metric","result":{"status":"ok","temperature":11.37,"skycon":"CLEAR_NIGHT","cloudrate":0.0,"aqi":10.0,"humidity":0.41,"pres":101274.77,"pm25":10.0,"precipitation":{"local":{"status":"ok","intensity":0.0,"datasource":"gfs"}},"wind":{"direction":279.86,"speed":8.07}}}
{"status":"ok","lang":"zh_CN","server_time":1522068306,"tzshift":28800,"location":[51.554009,-0.23522353],"unit":"metric","result":{"status":"ok","temperature":11.37,"skycon":"CLEAR_NIGHT","cloudrate":0.0,"aqi":10.0,"humidity":0.41,"pres":101274.77,"pm25":10.0,"precipitation":{"local":{"status":"ok","intensity":0.0,"datasource":"gfs"}},"wind":{"direction":279.86,"speed":8.07}}}
{"status":"ok","lang":"zh_CN","server_time":1522070707,"tzshift":28800,"location":[51.554009,-0.23522353],"unit":"metric","result":{"status":"ok","temperature":12.01,"skycon":"CLEAR_NIGHT","cloudrate":0.05,"aqi":10.0,"humidity":0.39,"pres":101249.53,"pm25":10.0,"precipitation":{"local":{"status":"ok","intensity":0.0,"datasource":"gfs"}},"wind":{"direction":272.48,"speed":9.36}}}
{"status":"ok","lang":"zh_CN","server_time":1522074308,"tzshift":28800,"location":[51.554009,-0.23522353],"unit":"metric","result":{"status":"ok","temperature":12.31,"skycon":"CLEAR_NIGHT","cloudrate":0.11,"aqi":10.0,"humidity":0.39,"pres":101212.61,"pm25":10.0,"precipitation":{"nearest":{"status":"ok","distance":1102.18,"intensity":0.25},"local":{"status":"ok","intensity":0.0,"datasource":"gfs"}},"wind":{"direction":267.35,"speed":10.35}}}
{"status":"ok","lang":"zh_CN","server_time":1522077906,"tzshift":28800,"location":[51.554009,-0.23522353],"unit":"metric","result":{"status":"ok","temperature":12.26,"skycon":"CLEAR_NIGHT","cloudrate":0.17,"aqi":10,"humidity":0.4,"pres":101170.08,"pm25":10,"precipitation":{"local":{"status":"ok","intensity":0.0,"datasource":"gfs"}},"wind":{"direction":262.75,"speed":10.62}}}
