{"status":"ok","lang":"zh_CN","server_time":1521995123,"tzshift":28800,"location":[51.524009,-0.23522353],"unit":"metric","result":{"status":"ok","temperature":11.86,"skycon":"CLOUDY","cloudrate":0.85,"aqi":10.0,"humidity":0.53,"pres":100746.57,"pm25":10.0,"precipitation":{"nearest":{"status":"ok","distance":10000.0,"intensity":0.0},"local":{"status":"ok","intensity":0.0,"datasource":"gfs"}},"wind":{"direction":7.63,"speed":9.68}}}
{"status":"ok","lang":"zh_CN","server_time":1521996324,"tzshift":28800,"location":[51.524009,-0.23522353],"unit":"metric","result":{"status":"ok","temperature":11.86,"skycon":"CLOUDY","cloudrate":0.85,"aqi":10.0,"humidity":0.53,"pres":100746.57,"pm25":10.0,"precipitation":{"nearest":{"status":"ok","distance":141.75,"intensity":0.1875},"local":{"status":"ok","intensity":0.0,"datasource":"gfs"}},"wind":{"direction":7.63,"speed":9.68}}}
{"status":"ok","lang":"zh_CN","server_time":1521998725,"tzshift":28800,"location":[51.524009,-0.23522353],"unit":"metric","result":{"status":"ok","temperature":11.29,"skycon":"CLOUDY","cloudrate":0.86,"aqi":10.0,"humidity":0.56,"pres":100779.28,"pm25":10.0,"precipitation":{"nearest":{"status":"ok","distance":132.36,"intensity":0.1875},"local":{"status":"ok","intensity":0.0018,"datasource":"gfs"}},"wind":{"direction":2.91,"speed":9.65}}}
{"status":"ok","lang":"zh_CN","server_time":1521999925,"tzshift":28800,"location":[51.524009,-0.23522353],"unit":"metric","result":{"status":"ok","temperature":11.29,"skycon":"CLOUDY","cloudrate":0.86,"aqi":10.0,"humidity":0.56,"pres":100779.28,"pm25":10.0,"precipitation":{"nearest":{"status":"ok","distance":10000.0,"intensity":0.0},"local":{"status":"ok","intensity":0.0018,"datasource":"gfs"}},"wind":{"direction":2.91,"speed":9.65}}}
{"status":"ok","lang":"zh_CN","server_time":1522002326,"tzshift":28800,"location":[51.524009,-0.23522353],"unit":"metric","result":{"status":"ok","temperature":10.62,"skycon":"CLOUDY","cloudrate":0.87,"aqi":10.0,"humidity":0.59,"pres":100821.37,"pm25":10.0,"precipitation":{"nearest":{"status":"ok","distance":384.78,"intensity":0.1875},"local":{"status":"ok","intensity":0.0104,"datasource":"gfs"}},"wind":{"direction":357.08,"speed":9.14}}}
{"status":"ok","lang":"zh_CN","server_time":1522003521,"tzshift":28800,"location":[51.524009,-0.23522353],"unit":"metric","result":{"status":"ok","temperature":10.62,"skycon":"CLOUDY","cloudrate":0.87,"aqi":10.0,"humidity":0.59,"pres":100821.37,"pm25":10.0,"precipitation":{"nearest":{"status":"ok","distance":10000.0,"intensity":0.0},"local":{"status":"ok","intensity":0.0104,"datasource":"gfs"}},"wind":{"direction":357.08,"speed":9.14}}}
{"status":"ok","lang":"zh_CN","server_time":1522005922,"tzshift":28800,"location":[51.524009,-0.23522353],"unit":"metric","result":{"status":"ok","temperature":9.92,"skycon":"CLOUDY","cloudrate":0.91,"aqi":10,"humidity":0.61,"pres":100874.7,"pm25":10,"precipitation":{"nearest":{"status":"ok","distance":510.5,"intensity":0.1875},"local":{"status":"ok","intensity":0.0,"datasource":"gfs"}},"wind":{"direction":348.63,"speed":7.99}}}
{"status":"ok","lang":"zh_CN","server_time":1522007121,"tzshift":28800,"location":[51.524009,-0.23522353],"unit":"metric","result":{"status":"ok","temperature":9.92,"skycon":"CLOUDY","cloudrate":0.91,"aqi":10.0,"humidity":0.61,"pres":100874.7,"pm25":10.0,"precipitation":{"nearest":{"status":"ok","distance":36.22,"intensity":0.1875},"local":{"status":"ok","intensity":0.0,"datasource":"gfs"}},"wind":{"direction":348.63,"speed":7.99}}}
{"status":"ok","lang":"zh_CN","server_time":1522009521,"tzshift":28800,"location":[51.524009,-0.23522353],"unit":"metric","result":{"status":"ok","temperature":9.21,"skycon":"CLOUDY","cloudrate":0.95,"aqi":10.0,"humidity":0.63,"pres":100934.44,"pm25":10.0,"precipitation":{"nearest":{"status":"ok","distance":145.42,"intensity":0.1875},"local":{"status":"ok","intensity":0.0,"datasource":"gfs"}},"wind":{"direction":338.08,"speed":6.93}}}
{"status":"ok","lang":"zh_CN","server_time":1522010721,"tzshift":28800,"location":[51.524009,-0.23522353],"unit":"metric","result":{"status":"ok","temperature":9.21,"skycon":"CLOUDY","cloudrate":0.95,"aqi":10.0,"humidity":0.63,"pres":100934.44,"pm25":10.0,"precipitation":{"nearest":{"status":"ok","distance":10000.0,"intensity":0.0},"local":{"status":"ok","intensity":0.0,"datasource":"gfs"}},"wind":{"direction":338.08,"speed":6.93}}}
{"status":"failed", "error":"'API quota is exhausted'"}
{"status":"ok","lang":"zh_CN","server_time":1522014324,"tzshift":28800,"location":[51.524009,-0.23522353],"unit":"metric","result":{"status":"ok","temperature":10.26,"skycon":"CLOUDY","cloudrate":1.0,"aqi":10.0,"humidity":0.59,"pres":101225.99,"pm25":10.0,"precipitation":{"nearest":{"status":"ok","distance":152.18,"intensity":0.1875},"local":{"status":"ok","intensity":0.0,"datasource":"gfs"}},"wind":{"direction":309.96,"speed":5.51}}}
{"status":"ok","lang":"zh_CN","server_time":1522016723,"tzshift":28800,"location":[51.524009,-0.23522353],"unit":"metric","result":{"status":"ok","temperature":8.17,"skycon":"CLOUDY","cloudrate":0.92,"aqi":10.0,"humidity":0.68,"pres":101057.02,"pm25":10.0,"precipitation":{"nearest":{"status":"ok","distance":10000.0,"intensity":0.0},"local":{"status":"ok","intensity":0.0169,"datasource":"gfs"}},"wind":{"direction":314.33,"speed":5.96}}}
{"status":"failed", "error":"'API quota is exhausted'"}
{"status":"ok","lang":"zh_CN","server_time":1522020323,"tzshift":28800,"location":[51.524009,-0.23522353],"unit":"metric","result":{"status":"ok","temperature":7.46,"skycon":"PARTLY_CLOUDY_DAY","cloudrate":0.78,"aqi":10.0,"humidity":0.68,"pres":101088.84,"pm25":10.0,"precipitation":{"nearest":{"status":"ok","distance":17.9,"intensity":0.1875},"local":{"status":"ok","intensity":0.0,"datasource":"gfs"}},"wind":{"direction":324.85,"speed":7.03}}}
{"status":"failed", "error":"'API quota is exhausted'"}
{"status":"failed", "error":"'API quota is exhausted'"}
{"status":"failed", "error":"'API quota is exhausted'"}
{"status":"failed", "error":"'API quota is exhausted'"}
{"status":"failed", "error":"'API quota is exhausted'"}
{"status":"failed", "error":"'API quota is exhausted'"}
{"status":"ok","lang":"zh_CN","server_time":1522032324,"tzshift":28800,"location":[51.524009,-0.23522353],"unit":"metric","result":{"status":"ok","temperature":6.02,"skycon":"PARTLY_CLOUDY_DAY","cloudrate":0.31,"aqi":10.0,"humidity":0.68,"pres":101094.79,"pm25":10.0,"precipitation":{"nearest":{"status":"ok","distance":10000.0,"intensity":0.0},"local":{"status":"ok","intensity":0.0,"datasource":"gfs"}},"wind":{"direction":334.87,"speed":8.14}}}
{"status":"failed", "error":"'API quota is exhausted'"}
{"status":"ok","lang":"zh_CN","server_time":1522035925,"tzshift":28800,"location":[51.524009,-0.23522353],"unit":"metric","result":{"status":"ok","temperature":7.67,"skycon":"PARTLY_CLOUDY_DAY","cloudrate":0.54,"aqi":10,"humidity":0.6,"pres":101398.38,"pm25":10,"precipitation":{"nearest":{"status":"ok","distance":242.89,"intensity":0.1875},"local":{"status":"ok","intensity":0.0,"datasource":"gfs"}},"wind":{"direction":339.71,"speed":7.65}}}
{"status":"failed", "error":"'API quota is exhausted'"}
{"status":"failed", "error":"'API quota is exhausted'"}
{"status":"failed", "error":"'API quota is exhausted'"}
{"status":"failed", "error":"'API quota is exhausted'"}
{"status":"failed", "error":"'API quota is exhausted'"}
{"status":"failed", "error":"'API quota is exhausted'"}
{"status":"failed", "error":"'API quota is exhausted'"}
{"status":"failed", "error":"'API quota is exhausted'"}
{"status":"failed", "error":"'API quota is exhausted'"}
{"status":"failed", "error":"'API quota is exhausted'"}
{"status":"failed", "error":"'API quota is exhausted'"}
{"status":"failed", "error":"'API quota is exhausted'"}
{"status":"failed", "error":"'API quota is exhausted'"}
{"status":"failed", "error":"'API quota is exhausted'"}
{"status":"failed", "error":"'API quota is exhausted'"}
{"status":"failed", "error":"'API quota is exhausted'"}
{"status":"failed", "error":"'API quota is exhausted'"}
{"status":"ok","lang":"zh_CN","server_time":1522068323,"tzshift":28800,"location":[51.524009,-0.23522353],"unit":"metric","result":{"status":"ok","temperature":11.52,"skycon":"CLEAR_NIGHT","cloudrate":0.0,"aqi":10.0,"humidity":0.39,"pres":101345.87,"pm25":10.0,"precipitation":{"nearest":{"status":"ok","distance":296.9,"intensity":0.25},"local":{"status":"ok","intensity":0.0,"datasource":"gfs"}},"wind":{"direction":281.42,"speed":7.69}}}
{"status":"ok","lang":"zh_CN","server_time":1522068323,"tzshift":28800,"location":[51.524009,-0.23522353],"unit":"metric","result":{"status":"ok","temperature":11.52,"skycon":"CLEAR_NIGHT","cloudrate":0.0,"aqi":10.0,"humidity":0.39,"pres":101345.87,"pm25":10.0,"precipitation":{"nearest":{"status":"ok","distance":296.9,"intensity":0.25},"local":{"status":"ok","intensity":0.0,"datasource":"gfs"}},"wind":{"direction":281.42,"speed":7.69}}}
{"status":"ok","lang":"zh_CN","server_time":1522070725,"tzshift":28800,"location":[51.524009,-0.23522353],"unit":"metric","result":{"status":"ok","temperature":12.16,"skycon":"CLEAR_NIGHT","cloudrate":0.05,"aqi":10,"humidity":0.37,"pres":101320.6,"pm25":10,"precipitation":{"nearest":{"status":"ok","distance":989.34,"intensity":0.25},"local":{"status":"ok","intensity":0.0,"datasource":"gfs"}},"wind":{"direction":273.52,"speed":8.95}}}
{"status":"ok","lang":"zh_CN","server_time":1522074327,"tzshift":28800,"location":[51.524009,-0.23522353],"unit":"metric","result":{"status":"ok","temperature":12.46,"skycon":"CLEAR_NIGHT","cloudrate":0.11,"aqi":10.0,"humidity":0.37,"pres":101283.6,"pm25":10.0,"precipitation":{"local":{"status":"ok","intensity":0.0,"datasource":"gfs"}},"wind":{"direction":267.87,"speed":9.94}}}
{"status":"ok","lang":"zh_CN","server_time":1522077925,"tzshift":28800,"location":[51.524009,-0.23522353],"unit":"metric","result":{"status":"ok","temperature":12.9,"skycon":"CLEAR_NIGHT","cloudrate":0.13,"aqi":10.0,"humidity":0.32,"pres":101453.19,"pm25":10.0,"precipitation":{"local":{"status":"ok","intensity":0.0,"datasource":"gfs"}},"wind":{"direction":261.95,"speed":9.63}}}
