{"status":"ok","lang":"zh_CN","server_time":1521995107,"tzshift":28800,"location":[51.554009,-0.17522353],"unit":"metric","result":{"status":"ok","temperature":11.59,"skycon":"CLOUDY","cloudrate":0.85,"aqi":10,"humidity":0.55,"pres":100674.29,"pm25":10,"precipitation":{"nearest":{"status":"ok","distance":10000.0,"intensity":0.0},"local":{"status":"ok","intensity":0.0,"datasource":"gfs"}},"wind":{"direction":7.75,"speed":9.73}}}
{"status":"ok","lang":"zh_CN","server_time":1521996309,"tzshift":28800,"location":[51.554009,-0.17522353],"unit":"metric","result":{"status":"ok","temperature":11.59,"skycon":"CLOUDY","cloudrate":0.85,"aqi":10.0,"humidity":0.55,"pres":100674.29,"pm25":10.0,"precipitation":{"nearest":{"status":"ok","distance":10000.0,"intensity":0.0},"local":{"status":"ok","intensity":0.0,"datasource":"gfs"}},"wind":{"direction":7.75,"speed":9.73}}}
{"status":"ok","lang":"zh_CN","server_time":1521998708,"tzshift":28800,"location":[51.554009,-0.17522353],"unit":"metric","result":{"status":"ok","temperature":10.97,"skycon":"CLOUDY","cloudrate":0.86,"aqi":10,"humidity":0.58,"pres":100705.93,"pm25":10,"precipitation":{"nearest":{"status":"ok","distance":25.07,"intensity":0.25},"local":{"status":"ok","intensity":0.0098,"datasource":"gfs"}},"wind":{"direction":2.91,"speed":9.45}}}
{"status":"ok","lang":"zh_CN","server_time":1521999909,"tzshift":28800,"location":[51.554009,-0.17522353],"unit":"metric","result":{"status":"ok","temperature":10.97,"skycon":"CLOUDY","cloudrate":0.86,"aqi":10.0,"humidity":0.58,"pres":100705.93,"pm25":10.0,"precipitation":{"nearest":{"status":"ok","distance":108.12,"intensity":0.1875},"local":{"status":"ok","intensity":0.0098,"datasource":"gfs"}},"wind":{"direction":2.91,"speed":9.45}}}
{"status":"ok","lang":"zh_CN","server_time":1522002308,"tzshift":28800,"location":[51.554009,-0.17522353],"unit":"metric","result":{"status":"ok","temperature":10.25,"skycon":"CLOUDY","cloudrate":0.88,"aqi":10.0,"humidity":0.61,"pres":100747.26,"pm25":10.0,"precipitation":{"nearest":{"status":"ok","distance":148.24,"intensity":0.1875},"local":{"status":"ok","intensity":0.0158,"datasource":"gfs"}},"wind":{"direction":357.0,"speed":8.79}}}
{"status":"ok","lang":"zh_CN","server_time":1522003507,"tzshift":28800,"location":[51.554009,-0.17522353],"unit":"metric","result":{"status":"ok","temperature":10.25,"skycon":"CLOUDY","cloudrate":0.88,"aqi":10.0,"humidity":0.61,"pres":100747.26,"pm25":10.0,"precipitation":{"nearest":{"status":"ok","distance":10000.0,"intensity":0.0},"local":{"status":"ok","intensity":0.0158,"datasource":"gfs"}},"wind":{"direction":357.0,"speed":8.79}}}
{"status":"ok","lang":"zh_CN","server_time":1522005907,"tzshift":28800,"location":[51.554009,-0.17522353],"unit":"metric","result":{"status":"ok","temperature":9.52,"skycon":"CLOUDY","cloudrate":0.92,"aqi":10.0,"humidity":0.64,"pres":100800.42,"pm25":10.0,"precipitation":{"nearest":{"status":"ok","distance":190.18,"intensity":0.1875},"local":{"status":"ok","intensity":0.0,"datasource":"gfs"}},"wind":{"direction":348.9,"speed":7.68}}}
{"status":"ok","lang":"zh_CN","server_time":1522007106,"tzshift":28800,"location":[51.554009,-0.17522353],"unit":"metric","result":{"status":"ok","temperature":9.52,"skycon":"CLOUDY","cloudrate":0.92,"aqi":10.0,"humidity":0.64,"pres":100800.42,"pm25":10.0,"precipitation":{"nearest":{"status":"ok","distance":100.58,"intensity":0.25},"local":{"status":"ok","intensity":0.0,"datasource":"gfs"}},"wind":{"direction":348.9,"speed":7.68}}}
{"status":"ok","lang":"zh_CN","server_time":1522009506,"tzshift":28800,"location":[51.554009,-0.17522353],"unit":"metric","result":{"status":"ok","temperature":8.79,"skycon":"CLOUDY","cloudrate":0.96,"aqi":10.0,"humidity":0.66,"pres":100860.26,"pm25":10.0,"precipitation":{"nearest":{"status":"ok","distance":10000.0,"intensity":0.0},"local":{"status":"ok","intensity":0.0,"datasource":"gfs"}},"wind":{"direction":339.18,"speed":6.74}}}
{"status":"ok","lang":"zh_CN","server_time":1522010707,"tzshift":28800,"location":[51.554009,-0.17522353],"unit":"metric","result":{"status":"ok","temperature":8.79,"skycon":"CLOUDY","cloudrate":0.96,"aqi":10,"humidity":0.66,"pres":100860.26,"pm25":10,"precipitation":{"nearest":{"status":"ok","distance":175.25,"intensity":0.1875},"local":{"status":"ok","intensity":0.0,"datasource":"gfs"}},"wind":{"direction":339.18,"speed":6.74}}}
{"status":"ok","lang":"zh_CN","server_time":1522013108,"tzshift":28800,"location":[51.554009,-0.17522353],"unit":"metric","result":{"status":"ok","temperature":8.2,"skycon":"CLOUDY","cloudrate":0.95,"aqi":10.0,"humidity":0.67,"pres":100941.08,"pm25":10.0,"precipitation":{"nearest":{"status":"ok","distance":10000.0,"intensity":0.0},"local":{"status":"ok","intensity":0.0,"datasource":"gfs"}},"wind":{"direction":332.98,"speed":6.44}}}
{"status":"ok","lang":"zh_CN","server_time":1522014309,"tzshift":28800,"location":[51.554009,-0.17522353],"unit":"metric","result":{"status":"ok","temperature":8.55,"skycon":"CLOUDY","cloudrate":1.0,"aqi":10,"humidity":0.68,"pres":100936.14,"pm25":10,"precipitation":{"nearest":{"status":"ok","distance":10000.0,"intensity":0.0},"local":{"status":"ok","intensity":0.028,"datasource":"gfs"}},"wind":{"direction":314.29,"speed":5.27}}}
{"status":"ok","lang":"zh_CN","server_time":1522016713,"tzshift":28800,"location":[51.544009,-0.17522353],"unit":"metric","result":{"status":"ok","temperature":8.06,"skycon":"CLOUDY","cloudrate":0.93,"aqi":10.0,"humidity":0.68,"pres":101025.0,"pm25":10.0,"precipitation":{"nearest":{"status":"ok","distance":10000.0,"intensity":0.0},"local":{"status":"ok","intensity":0.0244,"datasource":"gfs"}},"wind":{"direction":315.89,"speed":5.79}}}
{"status":"ok","lang":"zh_CN","server_time":1522017908,"tzshift":28800,"location":[51.554009,-0.17522353],"unit":"metric","result":{"status":"ok","temperature":7.84,"skycon":"CLOUDY","cloudrate":0.92,"aqi":10,"humidity":0.69,"pres":100982.02,"pm25":10,"precipitation":{"nearest":{"status":"ok","distance":10000.0,"intensity":0.0},"local":{"status":"ok","intensity":0.0185,"datasource":"gfs"}},"wind":{"direction":316.36,"speed":5.94}}}
{"status":"failed", "error":"'API quota is exhausted'"}
{"status":"ok","lang":"zh_CN","server_time":1522021520,"tzshift":28800,"location":[51.534009,-0.17522353],"unit":"metric","result":{"status":"ok","temperature":7.44,"skycon":"PARTLY_CLOUDY_DAY","cloudrate":0.8,"aqi":10.0,"humidity":0.69,"pres":101077.86,"pm25":10.0,"precipitation":{"nearest":{"status":"ok","distance":10000.0,"intensity":0.0},"local":{"status":"ok","intensity":0.0103,"datasource":"gfs"}},"wind":{"direction":324.76,"speed":6.94}}}
{"status":"failed", "error":"'API quota is exhausted'"}
{"status":"failed", "error":"'API quota is exhausted'"}
{"status":"ok","lang":"zh_CN","server_time":1522027518,"tzshift":28800,"location":[51.534009,-0.17522353],"unit":"metric","result":{"status":"ok","temperature":6.45,"skycon":"PARTLY_CLOUDY_DAY","cloudrate":0.45,"aqi":10.0,"humidity":0.68,"pres":101112.19,"pm25":10.0,"precipitation":{"nearest":{"status":"ok","distance":123.89,"intensity":0.1875},"local":{"status":"ok","intensity":0.0,"datasource":"gfs"}},"wind":{"direction":334.8,"speed":8.42}}}
{"status":"failed", "error":"'API quota is exhausted'"}
{"status":"ok","lang":"zh_CN","server_time":1522031118,"tzshift":28800,"location":[51.534009,-0.17522353],"unit":"metric","result":{"status":"ok","temperature":6.12,"skycon":"PARTLY_CLOUDY_DAY","cloudrate":0.29,"aqi":10.0,"humidity":0.68,"pres":101125.21,"pm25":10.0,"precipitation":{"nearest":{"status":"ok","distance":56.74,"intensity":0.1875},"local":{"status":"ok","intensity":0.0,"datasource":"gfs"}},"wind":{"direction":334.65,"speed":8.11}}}
{"status":"failed", "error":"'API quota is exhausted'"}
{"status":"failed", "error":"'API quota is exhausted'"}
{"status":"ok","lang":"zh_CN","server_time":1522035915,"tzshift":28800,"location":[51.544009,-0.17522353],"unit":"metric","result":{"status":"ok","temperature":6.36,"skycon":"PARTLY_CLOUDY_DAY","cloudrate":0.53,"aqi":10,"humidity":0.68,"pres":101151.09,"pm25":10,"precipitation":{"nearest":{"status":"ok","distance":10000.0,"intensity":0.0},"local":{"status":"ok","intensity":0.0,"datasource":"gfs"}},"wind":{"direction":339.17,"speed":8.5}}}
{"status":"failed", "error":"'API quota is exhausted'"}
{"status":"failed", "error":"'API quota is exhausted'"}
{"status":"failed", "error":"'API quota is exhausted'"}
{"status":"failed", "error":"'API quota is exhausted'"}
{"status":"failed", "error":"'API quota is exhausted'"}
{"status":"failed", "error":"'API quota is exhausted'"}
{"status":"failed", "error":"'API quota is exhausted'"}
{"status":"failed", "error":"'API quota is exhausted'"}
{"status":"failed", "error":"'API quota is exhausted'"}
{"status":"failed", "error":"'API quota is exhausted'"}
{"status":"failed", "error":"'API quota is exhausted'"}
{"status":"ok","lang":"zh_CN","server_time":1522057519,"tzshift":28800,"location":[51.534009,-0.17522353],"unit":"metric","result":{"status":"ok","temperature":7.93,"skycon":"CLEAR_DAY","cloudrate":0.0,"aqi":10.0,"humidity":0.59,"pres":101324.99,"pm25":10.0,"precipitation":{"nearest":{"status":"ok","distance":175.19,"intensity":0.1875},"local":{"status":"ok","intensity":0.0,"datasource":"gfs"}},"wind":{"direction":318.53,"speed":6.29}}}
{"status":"failed", "error":"'API quota is exhausted'"}
{"status":"failed", "error":"'API quota is exhausted'"}
{"status":"failed", "error":"'API quota is exhausted'"}
{"status":"failed", "error":"'API quota is exhausted'"}
{"status":"ok","lang":"zh_CN","server_time":1522067118,"tzshift":28800,"location":[51.534009,-0.17522353],"unit":"metric","result":{"status":"ok","temperature":11.51,"skycon":"CLEAR_NIGHT","cloudrate":0.0,"aqi":10.0,"humidity":0.4,"pres":101335.68,"pm25":10.0,"precipitation":{"nearest":{"status":"ok","distance":10000.0,"intensity":0.0},"local":{"status":"ok","intensity":0.0,"datasource":"gfs"}},"wind":{"direction":282.72,"speed":7.8}}}
{"status":"ok","lang":"zh_CN","server_time":1522068308,"tzshift":28800,"location":[51.554009,-0.17522353],"unit":"metric","result":{"status":"ok","temperature":11.35,"skycon":"CLEAR_NIGHT","cloudrate":0.0,"aqi":10.0,"humidity":0.41,"pres":101269.06,"pm25":10.0,"precipitation":{"local":{"status":"ok","intensity":0.0,"datasource":"gfs"}},"wind":{"direction":281.19,"speed":8.18}}}
{"status":"ok","lang":"zh_CN","server_time":1522068308,"tzshift":28800,"location":[51.554009,-0.17522353],"unit":"metric","result":{"status":"ok","temperature":11.35,"skycon":"CLEAR_NIGHT","cloudrate":0.0,"aqi":10.0,"humidity":0.41,"pres":101269.06,"pm25":10.0,"precipitation":{"local":{"status":"ok","intensity":0.0,"datasource":"gfs"}},"wind":{"direction":281.19,"speed":8.18}}}
{"status":"ok","lang":"zh_CN","server_time":1522070709,"tzshift":28800,"location":[51.554009,-0.17522353],"unit":"metric","result":{"status":"ok","temperature":11.98,"skycon":"CLEAR_NIGHT","cloudrate":0.06,"aqi":10,"humidity":0.39,"pres":101243.97,"pm25":10,"precipitation":{"nearest":{"status":"ok","distance":877.63,"intensity":0.25},"local":{"status":"ok","intensity":0.0,"datasource":"gfs"}},"wind":{"direction":273.7,"speed":9.39}}}
{"status":"ok","lang":"zh_CN","server_time":1522074310,"tzshift":28800,"location":[51.554009,-0.17522353],"unit":"metric","result":{"status":"ok","temperature":12.28,"skycon":"CLEAR_NIGHT","cloudrate":0.12,"aqi":10,"humidity":0.39,"pres":101207.27,"pm25":10,"precipitation":{"nearest":{"status":"ok","distance":10000.0,"intensity":0.0},"local":{"status":"ok","intensity":0.0,"datasource":"gfs"}},"wind":{"direction":268.47,"speed":10.31}}}
{"status":"ok","lang":"zh_CN","server_time":1522077908,"tzshift":28800,"location":[51.554009,-0.17522353],"unit":"metric","result":{"status":"ok","temperature":12.22,"skycon":"CLEAR_NIGHT","cloudrate":0.19,"aqi":10,"humidity":0.41,"pres":101165.02,"pm25":10,"precipitation":{"local":{"status":"ok","intensity":0.0,"datasource":"gfs"}},"wind":{"direction":263.94,"speed":10.54}}}
