{"status":"ok","lang":"zh_CN","server_time":1521995127,"tzshift":28800,"location":[51.524009,-0.09522353],"unit":"metric","result":{"status":"ok","temperature":11.79,"skycon":"PARTLY_CLOUDY_NIGHT","cloudrate":0.78,"aqi":10,"humidity":0.53,"pres":100774.58,"pm25":10,"precipitation":{"nearest":{"status":"ok","distance":1.79,"intensity":0.3125},"local":{"status":"ok","intensity":0.0,"datasource":"gfs"}},"wind":{"direction":11.06,"speed":9.44}}}
{"status":"ok","lang":"zh_CN","server_time":1521996327,"tzshift":28800,"location":[51.524009,-0.09522353],"unit":"metric","result":{"status":"ok","temperature":11.79,"skycon":"PARTLY_CLOUDY_NIGHT","cloudrate":0.78,"aqi":10,"humidity":0.53,"pres":100774.58,"pm25":10,"precipitation":{"nearest":{"status":"ok","distance":10000.0,"intensity":0.0},"local":{"status":"ok","intensity":0.0,"datasource":"gfs"}},"wind":{"direction":11.06,"speed":9.44}}}
{"status":"ok","lang":"zh_CN","server_time":1521998728,"tzshift":28800,"location":[51.524009,-0.09522353],"unit":"metric","result":{"status":"ok","temperature":11.23,"skycon":"PARTLY_CLOUDY_NIGHT","cloudrate":0.8,"aqi":10.0,"humidity":0.55,"pres":100805.74,"pm25":10.0,"precipitation":{"nearest":{"status":"ok","distance":72.66,"intensity":0.25},"local":{"status":"ok","intensity":0.0,"datasource":"gfs"}},"wind":{"direction":5.82,"speed":9.29}}}
{"status":"ok","lang":"zh_CN","server_time":1521999928,"tzshift":28800,"location":[51.524009,-0.09522353],"unit":"metric","result":{"status":"ok","temperature":12.85,"skycon":"PARTLY_CLOUDY_NIGHT","cloudrate":0.78,"aqi":10.0,"humidity":0.4,"pres":101143.8,"pm25":10.0,"precipitation":{"nearest":{"status":"ok","distance":185.33,"intensity":0.1875},"local":{"status":"ok","intensity":0.007,"datasource":"gfs"}},"wind":{"direction":6.0,"speed":9.86}}}
{"status":"ok","lang":"zh_CN","server_time":1522002329,"tzshift":28800,"location":[51.524009,-0.09522353],"unit":"metric","result":{"status":"ok","temperature":10.59,"skycon":"CLOUDY","cloudrate":0.84,"aqi":10.0,"humidity":0.59,"pres":100846.74,"pm25":10.0,"precipitation":{"nearest":{"status":"ok","distance":297.67,"intensity":0.1875},"local":{"status":"ok","intensity":0.0,"datasource":"gfs"}},"wind":{"direction":0.27,"speed":8.65}}}
{"status":"ok","lang":"zh_CN","server_time":1522003524,"tzshift":28800,"location":[51.524009,-0.09522353],"unit":"metric","result":{"status":"ok","temperature":10.59,"skycon":"CLOUDY","cloudrate":0.84,"aqi":10.0,"humidity":0.59,"pres":100846.74,"pm25":10.0,"precipitation":{"nearest":{"status":"ok","distance":208.83,"intensity":0.25},"local":{"status":"ok","intensity":0.0,"datasource":"gfs"}},"wind":{"direction":0.27,"speed":8.65}}}
{"status":"ok","lang":"zh_CN","server_time":1522005925,"tzshift":28800,"location":[51.524009,-0.09522353],"unit":"metric","result":{"status":"ok","temperature":9.94,"skycon":"CLOUDY","cloudrate":0.91,"aqi":10,"humidity":0.61,"pres":100899.79,"pm25":10,"precipitation":{"nearest":{"status":"ok","distance":430.92,"intensity":0.1875},"local":{"status":"ok","intensity":0.0,"datasource":"gfs"}},"wind":{"direction":353.83,"speed":7.31}}}
{"status":"ok","lang":"zh_CN","server_time":1522007124,"tzshift":28800,"location":[51.524009,-0.09522353],"unit":"metric","result":{"status":"ok","temperature":9.94,"skycon":"CLOUDY","cloudrate":0.91,"aqi":10.0,"humidity":0.61,"pres":100899.79,"pm25":10.0,"precipitation":{"nearest":{"status":"ok","distance":171.42,"intensity":0.3125},"local":{"status":"ok","intensity":0.0,"datasource":"gfs"}},"wind":{"direction":353.83,"speed":7.31}}}
{"status":"ok","lang":"zh_CN","server_time":1522009524,"tzshift":28800,"location":[51.524009,-0.09522353],"unit":"metric","result":{"status":"ok","temperature":9.28,"skycon":"CLOUDY","cloudrate":0.96,"aqi":10.0,"humidity":0.64,"pres":100959.67,"pm25":10.0,"precipitation":{"nearest":{"status":"ok","distance":235.56,"intensity":0.1875},"local":{"status":"ok","intensity":0.0,"datasource":"gfs"}},"wind":{"direction":345.44,"speed":5.96}}}
{"status":"ok","lang":"zh_CN","server_time":1522010724,"tzshift":28800,"location":[51.524009,-0.09522353],"unit":"metric","result":{"status":"ok","temperature":9.28,"skycon":"CLOUDY","cloudrate":0.96,"aqi":10,"humidity":0.64,"pres":100959.67,"pm25":10,"precipitation":{"nearest":{"status":"ok","distance":10000.0,"intensity":0.0},"local":{"status":"ok","intensity":0.0,"datasource":"gfs"}},"wind":{"direction":345.44,"speed":5.96}}}
{"status":"ok","lang":"zh_CN","server_time":1522013125,"tzshift":28800,"location":[51.524009,-0.09522353],"unit":"metric","result":{"status":"ok","temperature":8.41,"skycon":"CLOUDY","cloudrate":0.96,"aqi":10.0,"humidity":0.66,"pres":100989.8,"pm25":10.0,"precipitation":{"nearest":{"status":"ok","distance":10000.0,"intensity":0.0},"local":{"status":"ok","intensity":0.0,"datasource":"gfs"}},"wind":{"direction":339.2,"speed":5.39}}}
{"status":"ok","lang":"zh_CN","server_time":1522014327,"tzshift":28800,"location":[51.524009,-0.07522353],"unit":"metric","result":{"status":"ok","temperature":9.16,"skycon":"RAIN","cloudrate":1.0,"aqi":10.0,"humidity":0.66,"pres":101040.67,"pm25":10.0,"precipitation":{"nearest":{"status":"ok","distance":10000.0,"intensity":0.0},"local":{"status":"ok","intensity":0.0501,"datasource":"gfs"}},"wind":{"direction":319.65,"speed":4.27}}}
{"status":"ok","lang":"zh_CN","server_time":1522016726,"tzshift":28800,"location":[51.524009,-0.07522353],"unit":"metric","result":{"status":"ok","temperature":8.45,"skycon":"RAIN","cloudrate":0.95,"aqi":10.0,"humidity":0.67,"pres":101086.26,"pm25":10.0,"precipitation":{"nearest":{"status":"ok","distance":10000.0,"intensity":0.0},"local":{"status":"ok","intensity":0.0479,"datasource":"gfs"}},"wind":{"direction":317.46,"speed":5.13}}}
{"status":"ok","lang":"zh_CN","server_time":1522017927,"tzshift":28800,"location":[51.524009,-0.09522353],"unit":"metric","result":{"status":"ok","temperature":10.54,"skycon":"CLOUDY","cloudrate":1.0,"aqi":10.0,"humidity":0.55,"pres":101376.78,"pm25":10.0,"precipitation":{"nearest":{"status":"ok","distance":10000.0,"intensity":0.0},"local":{"status":"ok","intensity":0.009,"datasource":"gfs"}},"wind":{"direction":316.29,"speed":5.48}}}
{"status":"failed", "error":"'API quota is exhausted'"}
{"status":"ok","lang":"zh_CN","server_time":1522021527,"tzshift":28800,"location":[51.524009,-0.09522353],"unit":"metric","result":{"status":"ok","temperature":7.66,"skycon":"RAIN","cloudrate":0.82,"aqi":10.0,"humidity":0.68,"pres":101113.41,"pm25":10.0,"precipitation":{"nearest":{"status":"ok","distance":137.12,"intensity":0.25},"local":{"status":"ok","intensity":0.0311,"datasource":"gfs"}},"wind":{"direction":323.87,"speed":6.67}}}
{"status":"failed", "error":"'API quota is exhausted'"}
{"status":"ok","lang":"zh_CN","server_time":1522025127,"tzshift":28800,"location":[51.524009,-0.07522353],"unit":"metric","result":{"status":"ok","temperature":7.04,"skycon":"PARTLY_CLOUDY_DAY","cloudrate":0.66,"aqi":10.0,"humidity":0.68,"pres":101136.85,"pm25":10.0,"precipitation":{"nearest":{"status":"ok","distance":107.3,"intensity":0.1875},"local":{"status":"ok","intensity":0.0103,"datasource":"gfs"}},"wind":{"direction":329.38,"speed":7.96}}}
{"status":"ok","lang":"zh_CN","server_time":1522027526,"tzshift":28800,"location":[51.524009,-0.07522353],"unit":"metric","result":{"status":"ok","temperature":8.91,"skycon":"PARTLY_CLOUDY_DAY","cloudrate":0.47,"aqi":10.0,"humidity":0.53,"pres":101518.55,"pm25":10.0,"precipitation":{"nearest":{"status":"ok","distance":99.96,"intensity":0.1875},"local":{"status":"ok","intensity":0.0233,"datasource":"gfs"}},"wind":{"direction":340.7,"speed":7.7}}}
{"status":"failed", "error":"'API quota is exhausted'"}
{"status":"ok","lang":"zh_CN","server_time":1522031126,"tzshift":28800,"location":[51.524009,-0.09522353],"unit":"metric","result":{"status":"ok","temperature":6.26,"skycon":"PARTLY_CLOUDY_DAY","cloudrate":0.27,"aqi":10.0,"humidity":0.67,"pres":101160.48,"pm25":10.0,"precipitation":{"nearest":{"status":"ok","distance":10000.0,"intensity":0.0},"local":{"status":"ok","intensity":0.0,"datasource":"gfs"}},"wind":{"direction":334.11,"speed":8.11}}}
{"status":"failed", "error":"'API quota is exhausted'"}
{"status":"failed", "error":"'API quota is exhausted'"}
{"status":"failed", "error":"'API quota is exhausted'"}
{"status":"failed", "error":"'API quota is exhausted'"}
{"status":"failed", "error":"'API quota is exhausted'"}
{"status":"failed", "error":"'API quota is exhausted'"}
{"status":"failed", "error":"'API quota is exhausted'"}
{"status":"failed", "error":"'API quota is exhausted'"}
{"status":"failed", "error":"'API quota is exhausted'"}
{"status":"failed", "error":"'API quota is exhausted'"}
{"status":"failed", "error":"'API quota is exhausted'"}
{"status":"failed", "error":"'API quota is exhausted'"}
{"status":"failed", "error":"'API quota is exhausted'"}
{"status":"ok","lang":"zh_CN","server_time":1522056326,"tzshift":28800,"location":[51.524009,-0.07522353],"unit":"metric","result":{"status":"ok","temperature":7.77,"skycon":"CLEAR_DAY","cloudrate":0.0,"aqi":10.0,"humidity":0.58,"pres":101358.59,"pm25":10.0,"precipitation":{"nearest":{"status":"ok","distance":117.13,"intensity":0.1875},"local":{"status":"ok","intensity":0.0,"datasource":"gfs"}},"wind":{"direction":321.05,"speed":7.16}}}
{"status":"failed", "error":"'API quota is exhausted'"}
{"status":"failed", "error":"'API quota is exhausted'"}
{"status":"failed", "error":"'API quota is exhausted'"}
{"status":"failed", "error":"'API quota is exhausted'"}
{"status":"failed", "error":"'API quota is exhausted'"}
{"status":"ok","lang":"zh_CN","server_time":1522067127,"tzshift":28800,"location":[51.524009,-0.09522353],"unit":"metric","result":{"status":"ok","temperature":11.6,"skycon":"CLEAR_NIGHT","cloudrate":0.0,"aqi":10.0,"humidity":0.39,"pres":101373.93,"pm25":10.0,"precipitation":{"nearest":{"status":"ok","distance":1.07,"intensity":0.375},"local":{"status":"ok","intensity":0.0,"datasource":"gfs"}},"wind":{"direction":285.73,"speed":7.68}}}
{"status":"ok","lang":"zh_CN","server_time":1522068327,"tzshift":28800,"location":[51.524009,-0.09522353],"unit":"metric","result":{"status":"ok","temperature":11.6,"skycon":"CLEAR_NIGHT","cloudrate":0.0,"aqi":10.0,"humidity":0.39,"pres":101373.93,"pm25":10.0,"precipitation":{"nearest":{"status":"ok","distance":217.26,"intensity":0.25},"local":{"status":"ok","intensity":0.0,"datasource":"gfs"}},"wind":{"direction":285.73,"speed":7.68}}}
{"status":"ok","lang":"zh_CN","server_time":1522068327,"tzshift":28800,"location":[51.524009,-0.09522353],"unit":"metric","result":{"status":"ok","temperature":11.6,"skycon":"CLEAR_NIGHT","cloudrate":0.0,"aqi":10.0,"humidity":0.39,"pres":101373.93,"pm25":10.0,"precipitation":{"nearest":{"status":"ok","distance":217.26,"intensity":0.25},"local":{"status":"ok","intensity":0.0,"datasource":"gfs"}},"wind":{"direction":285.73,"speed":7.68}}}
{"status":"ok","lang":"zh_CN","server_time":1522070729,"tzshift":28800,"location":[51.524009,-0.09522353],"unit":"metric","result":{"status":"ok","temperature":12.23,"skycon":"CLEAR_NIGHT","cloudrate":0.06,"aqi":10.0,"humidity":0.36,"pres":101348.89,"pm25":10.0,"precipitation":{"local":{"status":"ok","intensity":0.0,"datasource":"gfs"}},"wind":{"direction":277.23,"speed":8.72}}}
{"status":"ok","lang":"zh_CN","server_time":1522074330,"tzshift":28800,"location":[51.524009,-0.09522353],"unit":"metric","result":{"status":"ok","temperature":12.51,"skycon":"CLEAR_NIGHT","cloudrate":0.14,"aqi":10.0,"humidity":0.36,"pres":101312.21,"pm25":10.0,"precipitation":{"nearest":{"status":"ok","distance":10000.0,"intensity":0.0},"local":{"status":"ok","intensity":0.0,"datasource":"gfs"}},"wind":{"direction":270.87,"speed":9.54}}}
{"status":"ok","lang":"zh_CN","server_time":1522077928,"tzshift":28800,"location":[51.524009,-0.09522353],"unit":"metric","result":{"status":"ok","temperature":12.45,"skycon":"PARTLY_CLOUDY_NIGHT","cloudrate":0.21,"aqi":10.0,"humidity":0.37,"pres":101270.08,"pm25":10.0,"precipitation":{"local":{"status":"ok","intensity":0.0,"datasource":"gfs"}},"wind":{"direction":265.42,"speed":9.81}}}
