{"status":"ok","lang":"zh_CN","server_time":1521995124,"tzshift":28800,"location":[51.524009,-0.21522353],"unit":"metric","result":{"status":"ok","temperature":12.59,"skycon":"PARTLY_CLOUDY_NIGHT","cloudrate":0.78,"aqi":10.0,"humidity":0.43,"pres":100977.28,"pm25":10.0,"precipitation":{"nearest":{"status":"ok","distance":10000.0,"intensity":0.0},"local":{"status":"ok","intensity":0.0,"datasource":"gfs"}},"wind":{"direction":7.77,"speed":9.08}}}
{"status":"ok","lang":"zh_CN","server_time":1521996324,"tzshift":28800,"location":[51.524009,-0.21522353],"unit":"metric","result":{"status":"ok","temperature":11.85,"skycon":"CLOUDY","cloudrate":0.84,"aqi":10.0,"humidity":0.53,"pres":100750.57,"pm25":10.0,"precipitation":{"nearest":{"status":"ok","distance":256.78,"intensity":0.1875},"local":{"status":"ok","intensity":0.0,"datasource":"gfs"}},"wind":{"direction":8.11,"speed":9.64}}}
{"status":"ok","lang":"zh_CN","server_time":1521998726,"tzshift":28800,"location":[51.524009,-0.21522353],"unit":"metric","result":{"status":"ok","temperature":11.28,"skycon":"CLOUDY","cloudrate":0.85,"aqi":10.0,"humidity":0.55,"pres":100783.06,"pm25":10.0,"precipitation":{"nearest":{"status":"ok","distance":10000.0,"intensity":0.0},"local":{"status":"ok","intensity":0.0,"datasource":"gfs"}},"wind":{"direction":3.31,"speed":9.6}}}
{"status":"ok","lang":"zh_CN","server_time":1521999926,"tzshift":28800,"location":[51.524009,-0.21522353],"unit":"metric","result":{"status":"ok","temperature":11.28,"skycon":"CLOUDY","cloudrate":0.85,"aqi":10.0,"humidity":0.55,"pres":100783.06,"pm25":10.0,"precipitation":{"nearest":{"status":"ok","distance":146.05,"intensity":0.1875},"local":{"status":"ok","intensity":0.0,"datasource":"gfs"}},"wind":{"direction":3.31,"speed":9.6}}}
{"status":"ok","lang":"zh_CN","server_time":1522002326,"tzshift":28800,"location":[51.524009,-0.21522353],"unit":"metric","result":{"status":"ok","temperature":10.61,"skycon":"CLOUDY","cloudrate":0.87,"aqi":10.0,"humidity":0.59,"pres":100825.0,"pm25":10.0,"precipitation":{"nearest":{"status":"ok","distance":10000.0,"intensity":0.0},"local":{"status":"ok","intensity":0.0082,"datasource":"gfs"}},"wind":{"direction":357.51,"speed":9.06}}}
{"status":"ok","lang":"zh_CN","server_time":1522003522,"tzshift":28800,"location":[51.524009,-0.21522353],"unit":"metric","result":{"status":"ok","temperature":10.61,"skycon":"CLOUDY","cloudrate":0.87,"aqi":10.0,"humidity":0.59,"pres":100825.0,"pm25":10.0,"precipitation":{"nearest":{"status":"ok","distance":412.32,"intensity":0.3125},"local":{"status":"ok","intensity":0.0082,"datasource":"gfs"}},"wind":{"direction":357.51,"speed":9.06}}}
{"status":"ok","lang":"zh_CN","server_time":1522005923,"tzshift":28800,"location":[51.524009,-0.21522353],"unit":"metric","result":{"status":"ok","temperature":9.92,"skycon":"CLOUDY","cloudrate":0.91,"aqi":10.0,"humidity":0.61,"pres":100878.28,"pm25":10.0,"precipitation":{"nearest":{"status":"ok","distance":380.66,"intensity":0.1875},"local":{"status":"ok","intensity":0.0,"datasource":"gfs"}},"wind":{"direction":349.32,"speed":7.89}}}
{"status":"ok","lang":"zh_CN","server_time":1522007121,"tzshift":28800,"location":[51.524009,-0.21522353],"unit":"metric","result":{"status":"ok","temperature":11.37,"skycon":"CLOUDY","cloudrate":0.88,"aqi":10.0,"humidity":0.51,"pres":101109.4,"pm25":10.0,"precipitation":{"nearest":{"status":"ok","distance":9.49,"intensity":0.3125},"local":{"status":"ok","intensity":0.0047,"datasource":"gfs"}},"wind":{"direction":348.27,"speed":8.6}}}
{"status":"ok","lang":"zh_CN","server_time":1522009521,"tzshift":28800,"location":[51.524009,-0.21522353],"unit":"metric","result":{"status":"ok","temperature":9.22,"skycon":"CLOUDY","cloudrate":0.95,"aqi":10.0,"humidity":0.63,"pres":100938.05,"pm25":10.0,"precipitation":{"nearest":{"status":"ok","distance":10000.0,"intensity":0.0},"local":{"status":"ok","intensity":0.0,"datasource":"gfs"}},"wind":{"direction":339.0,"speed":6.79}}}
{"status":"ok","lang":"zh_CN","server_time":1522010721,"tzshift":28800,"location":[51.524009,-0.21522353],"unit":"metric","result":{"status":"ok","temperature":10.75,"skycon":"CLOUDY","cloudrate":0.9,"aqi":10.0,"humidity":0.54,"pres":101170.7,"pm25":10.0,"precipitation":{"nearest":{"status":"ok","distance":10000.0,"intensity":0.0},"local":{"status":"ok","intensity":0.0,"datasource":"gfs"}},"wind":{"direction":336.18,"speed":7.33}}}
{"status":"ok","lang":"zh_CN","server_time":1522013123,"tzshift":28800,"location":[51.524009,-0.21522353],"unit":"metric","result":{"status":"ok","temperature":8.51,"skycon":"CLOUDY","cloudrate":0.93,"aqi":10.0,"humidity":0.65,"pres":100997.73,"pm25":10.0,"precipitation":{"nearest":{"status":"ok","distance":10000.0,"intensity":0.0},"local":{"status":"ok","intensity":0.0,"datasource":"gfs"}},"wind":{"direction":331.97,"speed":6.46}}}
{"status":"ok","lang":"zh_CN","server_time":1522014324,"tzshift":28800,"location":[51.524009,-0.21522353],"unit":"metric","result":{"status":"ok","temperature":8.92,"skycon":"CLOUDY","cloudrate":1.0,"aqi":10.0,"humidity":0.66,"pres":101014.49,"pm25":10.0,"precipitation":{"nearest":{"status":"ok","distance":10000.0,"intensity":0.0},"local":{"status":"ok","intensity":0.0308,"datasource":"gfs"}},"wind":{"direction":312.88,"speed":5.25}}}
{"status":"ok","lang":"zh_CN","server_time":1522016723,"tzshift":28800,"location":[51.524009,-0.21522353],"unit":"metric","result":{"status":"ok","temperature":8.21,"skycon":"CLOUDY","cloudrate":0.93,"aqi":10,"humidity":0.68,"pres":101060.68,"pm25":10,"precipitation":{"nearest":{"status":"ok","distance":244.99,"intensity":0.1875},"local":{"status":"ok","intensity":0.0215,"datasource":"gfs"}},"wind":{"direction":314.67,"speed":5.85}}}
{"status":"failed", "error":"'API quota is exhausted'"}
{"status":"failed", "error":"'API quota is exhausted'"}
{"status":"failed", "error":"'API quota is exhausted'"}
{"status":"ok","lang":"zh_CN","server_time":1522024102,"tzshift":28800,"location":[51.524009,-0.21522353],"unit":"metric","result":{"status":"ok","temperature":6.9,"skycon":"PARTLY_CLOUDY_DAY","cloudrate":0.61,"aqi":10,"humidity":0.68,"pres":101113.11,"pm25":10,"precipitation":{"nearest":{"status":"ok","distance":93.95,"intensity":0.1875},"local":{"status":"ok","intensity":0.0,"datasource":"gfs"}},"wind":{"direction":332.52,"speed":8.06}}}
{"status":"ok","lang":"zh_CN","server_time":1522025123,"tzshift":28800,"location":[51.524009,-0.21522353],"unit":"metric","result":{"status":"ok","temperature":6.9,"skycon":"PARTLY_CLOUDY_DAY","cloudrate":0.61,"aqi":10.0,"humidity":0.68,"pres":101113.11,"pm25":10.0,"precipitation":{"nearest":{"status":"ok","distance":45.59,"intensity":0.1875},"local":{"status":"ok","intensity":0.0,"datasource":"gfs"}},"wind":{"direction":332.52,"speed":8.06}}}
{"status":"failed", "error":"'API quota is exhausted'"}
{"status":"failed", "error":"'API quota is exhausted'"}
{"status":"failed", "error":"'API quota is exhausted'"}
{"status":"failed", "error":"'API quota is exhausted'"}
{"status":"failed", "error":"'API quota is exhausted'"}
{"status":"failed", "error":"'API quota is exhausted'"}
{"status":"failed", "error":"'API quota is exhausted'"}
{"status":"failed", "error":"'API quota is exhausted'"}
{"status":"failed", "error":"'API quota is exhausted'"}
{"status":"failed", "error":"'API quota is exhausted'"}
{"status":"failed", "error":"'API quota is exhausted'"}
{"status":"failed", "error":"'API quota is exhausted'"}
{"status":"failed", "error":"'API quota is exhausted'"}
{"status":"failed", "error":"'API quota is exhausted'"}
{"status":"failed", "error":"'API quota is exhausted'"}
{"status":"failed", "error":"'API quota is exhausted'"}
{"status":"failed", "error":"'API quota is exhausted'"}
{"status":"failed", "error":"'API quota is exhausted'"}
{"status":"failed", "error":"'API quota is exhausted'"}
{"status":"failed", "error":"'API quota is exhausted'"}
{"status":"failed", "error":"'API quota is exhausted'"}
{"status":"failed", "error":"'API quota is exhausted'"}
{"status":"failed", "error":"'API quota is exhausted'"}
{"status":"ok","lang":"zh_CN","server_time":1522068324,"tzshift":28800,"location":[51.524009,-0.21522353],"unit":"metric","result":{"status":"ok","temperature":12.33,"skycon":"CLEAR_NIGHT","cloudrate":0.0,"aqi":10.0,"humidity":0.31,"pres":101580.38,"pm25":10.0,"precipitation":{"local":{"status":"ok","intensity":0.0,"datasource":"gfs"}},"wind":{"direction":282.54,"speed":6.2}}}
{"status":"ok","lang":"zh_CN","server_time":1522068324,"tzshift":28800,"location":[51.524009,-0.21522353],"unit":"metric","result":{"status":"ok","temperature":12.33,"skycon":"CLEAR_NIGHT","cloudrate":0.0,"aqi":10.0,"humidity":0.31,"pres":101580.38,"pm25":10.0,"precipitation":{"local":{"status":"ok","intensity":0.0,"datasource":"gfs"}},"wind":{"direction":282.54,"speed":6.2}}}
{"status":"ok","lang":"zh_CN","server_time":1522070726,"tzshift":28800,"location":[51.524009,-0.21522353],"unit":"metric","result":{"status":"ok","temperature":12.17,"skycon":"CLEAR_NIGHT","cloudrate":0.05,"aqi":10.0,"humidity":0.37,"pres":101324.64,"pm25":10.0,"precipitation":{"nearest":{"status":"ok","distance":10000.0,"intensity":0.0},"local":{"status":"ok","intensity":0.0,"datasource":"gfs"}},"wind":{"direction":274.04,"speed":8.92}}}
{"status":"ok","lang":"zh_CN","server_time":1522074327,"tzshift":28800,"location":[51.524009,-0.21522353],"unit":"metric","result":{"status":"ok","temperature":12.47,"skycon":"CLEAR_NIGHT","cloudrate":0.11,"aqi":10.0,"humidity":0.37,"pres":101287.68,"pm25":10.0,"precipitation":{"local":{"status":"ok","intensity":0.0,"datasource":"gfs"}},"wind":{"direction":268.28,"speed":9.88}}}
{"status":"ok","lang":"zh_CN","server_time":1522077925,"tzshift":28800,"location":[51.524009,-0.21522353],"unit":"metric","result":{"status":"ok","temperature":12.42,"skycon":"CLEAR_NIGHT","cloudrate":0.17,"aqi":10,"humidity":0.38,"pres":101245.11,"pm25":10,"precipitation":{"local":{"status":"ok","intensity":0.0,"datasource":"gfs"}},"wind":{"direction":263.05,"speed":10.19}}}
