{"status":"ok","lang":"zh_CN","server_time":1521995128,"tzshift":28800,"location":[51.524009,-0.05522353],"unit":"metric","result":{"status":"ok","temperature":11.77,"skycon":"PARTLY_CLOUDY_NIGHT","cloudrate":0.76,"aqi":10.0,"humidity":0.53,"pres":100782.58,"pm25":10.0,"precipitation":{"nearest":{"status":"ok","distance":223.44,"intensity":0.25},"local":{"status":"ok","intensity":0.0,"datasource":"gfs"}},"wind":{"direction":12.07,"speed":9.37}}}
{"status":"ok","lang":"zh_CN","server_time":1521996328,"tzshift":28800,"location":[51.524009,-0.05522353],"unit":"metric","result":{"status":"ok","temperature":11.77,"skycon":"PARTLY_CLOUDY_NIGHT","cloudrate":0.76,"aqi":10.0,"humidity":0.53,"pres":100782.58,"pm25":10.0,"precipitation":{"nearest":{"status":"ok","distance":10000.0,"intensity":0.0},"local":{"status":"ok","intensity":0.0,"datasource":"gfs"}},"wind":{"direction":12.07,"speed":9.37}}}
{"status":"ok","lang":"zh_CN","server_time":1521998729,"tzshift":28800,"location":[51.524009,-0.05522353],"unit":"metric","result":{"status":"ok","temperature":11.21,"skycon":"PARTLY_CLOUDY_NIGHT","cloudrate":0.79,"aqi":10.0,"humidity":0.55,"pres":100813.29,"pm25":10.0,"precipitation":{"nearest":{"status":"ok","distance":10000.0,"intensity":0.0},"local":{"status":"ok","intensity":0.0,"datasource":"gfs"}},"wind":{"direction":6.7,"speed":9.19}}}
{"status":"ok","lang":"zh_CN","server_time":1521999929,"tzshift":28800,"location":[51.524009,-0.05522353],"unit":"metric","result":{"status":"ok","temperature":11.21,"skycon":"PARTLY_CLOUDY_NIGHT","cloudrate":0.79,"aqi":10,"humidity":0.55,"pres":100813.29,"pm25":10,"precipitation":{"nearest":{"status":"ok","distance":10000.0,"intensity":0.0},"local":{"status":"ok","intensity":0.0,"datasource":"gfs"}},"wind":{"direction":6.7,"speed":9.19}}}
{"status":"ok","lang":"zh_CN","server_time":1522002330,"tzshift":28800,"location":[51.524009,-0.05522353],"unit":"metric","result":{"status":"ok","temperature":12.86,"skycon":"CLOUDY","cloudrate":0.84,"aqi":10.0,"humidity":0.4,"pres":101232.23,"pm25":10.0,"precipitation":{"nearest":{"status":"ok","distance":10000.0,"intensity":0.0},"local":{"status":"ok","intensity":0.0222,"datasource":"gfs"}},"wind":{"direction":0.72,"speed":10.18}}}
{"status":"ok","lang":"zh_CN","server_time":1522003525,"tzshift":28800,"location":[51.524009,-0.05522353],"unit":"metric","result":{"status":"ok","temperature":10.58,"skycon":"CLOUDY","cloudrate":0.84,"aqi":10.0,"humidity":0.59,"pres":100853.99,"pm25":10.0,"precipitation":{"nearest":{"status":"ok","distance":10000.0,"intensity":0.0},"local":{"status":"ok","intensity":0.0,"datasource":"gfs"}},"wind":{"direction":1.25,"speed":8.52}}}
{"status":"ok","lang":"zh_CN","server_time":1522005926,"tzshift":28800,"location":[51.524009,-0.05522353],"unit":"metric","result":{"status":"ok","temperature":9.94,"skycon":"CLOUDY","cloudrate":0.9,"aqi":10,"humidity":0.61,"pres":100906.96,"pm25":10,"precipitation":{"nearest":{"status":"ok","distance":171.29,"intensity":0.1875},"local":{"status":"ok","intensity":0.0,"datasource":"gfs"}},"wind":{"direction":355.49,"speed":7.12}}}
{"status":"ok","lang":"zh_CN","server_time":1522007125,"tzshift":28800,"location":[51.524009,-0.05522353],"unit":"metric","result":{"status":"ok","temperature":9.94,"skycon":"CLOUDY","cloudrate":0.9,"aqi":10.0,"humidity":0.61,"pres":100906.96,"pm25":10.0,"precipitation":{"nearest":{"status":"ok","distance":10000.0,"intensity":0.0},"local":{"status":"ok","intensity":0.0,"datasource":"gfs"}},"wind":{"direction":355.49,"speed":7.12}}}
{"status":"ok","lang":"zh_CN","server_time":1522009525,"tzshift":28800,"location":[51.524009,-0.05522353],"unit":"metric","result":{"status":"ok","temperature":9.3,"skycon":"CLOUDY","cloudrate":0.96,"aqi":10.0,"humidity":0.64,"pres":100966.88,"pm25":10.0,"precipitation":{"nearest":{"status":"ok","distance":10000.0,"intensity":0.0},"local":{"status":"ok","intensity":0.0,"datasource":"gfs"}},"wind":{"direction":347.98,"speed":5.71}}}
{"status":"ok","lang":"zh_CN","server_time":1522010725,"tzshift":28800,"location":[51.524009,-0.05522353],"unit":"metric","result":{"status":"ok","temperature":9.3,"skycon":"CLOUDY","cloudrate":0.96,"aqi":10.0,"humidity":0.64,"pres":100966.88,"pm25":10.0,"precipitation":{"nearest":{"status":"ok","distance":10000.0,"intensity":0.0},"local":{"status":"ok","intensity":0.0,"datasource":"gfs"}},"wind":{"direction":347.98,"speed":5.71}}}
{"status":"failed", "error":"'API quota is exhausted'"}
{"status":"ok","lang":"zh_CN","server_time":1522014328,"tzshift":28800,"location":[51.524009,-0.05522353],"unit":"metric","result":{"status":"ok","temperature":9.16,"skycon":"RAIN","cloudrate":1.0,"aqi":10.0,"humidity":0.66,"pres":101040.67,"pm25":10.0,"precipitation":{"nearest":{"status":"ok","distance":10000.0,"intensity":0.0},"local":{"status":"ok","intensity":0.0501,"datasource":"gfs"}},"wind":{"direction":319.65,"speed":4.27}}}
{"status":"ok","lang":"zh_CN","server_time":1522016732,"tzshift":28800,"location":[51.514009,-0.05522353],"unit":"metric","result":{"status":"ok","temperature":8.45,"skycon":"RAIN","cloudrate":0.95,"aqi":10.0,"humidity":0.67,"pres":101086.26,"pm25":10.0,"precipitation":{"nearest":{"status":"ok","distance":10000.0,"intensity":0.0},"local":{"status":"ok","intensity":0.0479,"datasource":"gfs"}},"wind":{"direction":317.46,"speed":5.13}}}
{"status":"ok","lang":"zh_CN","server_time":1522017927,"tzshift":28800,"location":[51.524009,-0.05522353],"unit":"metric","result":{"status":"ok","temperature":8.49,"skycon":"RAIN","cloudrate":0.95,"aqi":10.0,"humidity":0.67,"pres":101089.92,"pm25":10.0,"precipitation":{"nearest":{"status":"ok","distance":10000.0,"intensity":0.0},"local":{"status":"ok","intensity":0.0511,"datasource":"gfs"}},"wind":{"direction":317.92,"speed":5.02}}}
{"status":"ok","lang":"zh_CN","server_time":1522020327,"tzshift":28800,"location":[51.524009,-0.05522353],"unit":"metric","result":{"status":"ok","temperature":10.21,"skycon":"RAIN","cloudrate":0.83,"aqi":10.0,"humidity":0.53,"pres":101507.61,"pm25":10.0,"precipitation":{"nearest":{"status":"ok","distance":10000.0,"intensity":0.0},"local":{"status":"ok","intensity":0.0411,"datasource":"gfs"}},"wind":{"direction":330.12,"speed":6.35}}}
{"status":"failed", "error":"'API quota is exhausted'"}
{"status":"failed", "error":"'API quota is exhausted'"}
{"status":"failed", "error":"'API quota is exhausted'"}
{"status":"failed", "error":"'API quota is exhausted'"}
{"status":"failed", "error":"'API quota is exhausted'"}
{"status":"failed", "error":"'API quota is exhausted'"}
{"status":"failed", "error":"'API quota is exhausted'"}
{"status":"failed", "error":"'API quota is exhausted'"}
{"status":"failed", "error":"'API quota is exhausted'"}
{"status":"failed", "error":"'API quota is exhausted'"}
{"status":"failed", "error":"'API quota is exhausted'"}
{"status":"failed", "error":"'API quota is exhausted'"}
{"status":"ok","lang":"zh_CN","server_time":1522043136,"tzshift":28800,"location":[51.514009,-0.05522353],"unit":"metric","result":{"status":"ok","temperature":5.24,"skycon":"PARTLY_CLOUDY_DAY","cloudrate":0.34,"aqi":10.0,"humidity":0.71,"pres":101288.61,"pm25":10.0,"precipitation":{"nearest":{"status":"ok","distance":3.63,"intensity":0.1875},"local":{"status":"ok","intensity":0.0,"datasource":"gfs"}},"wind":{"direction":332.73,"speed":7.5}}}
{"status":"failed", "error":"'API quota is exhausted'"}
{"status":"failed", "error":"'API quota is exhausted'"}
{"status":"failed", "error":"'API quota is exhausted'"}
{"status":"failed", "error":"'API quota is exhausted'"}
{"status":"failed", "error":"'API quota is exhausted'"}
{"status":"failed", "error":"'API quota is exhausted'"}
{"status":"failed", "error":"'API quota is exhausted'"}
{"status":"failed", "error":"'API quota is exhausted'"}
{"status":"failed", "error":"'API quota is exhausted'"}
{"status":"failed", "error":"'API quota is exhausted'"}
{"status":"failed", "error":"'API quota is exhausted'"}
{"status":"failed", "error":"'API quota is exhausted'"}
{"status":"ok","lang":"zh_CN","server_time":1522067133,"tzshift":28800,"location":[51.514009,-0.05522353],"unit":"metric","result":{"status":"ok","temperature":11.68,"skycon":"CLEAR_NIGHT","cloudrate":0.0,"aqi":10.0,"humidity":0.38,"pres":101401.17,"pm25":10.0,"precipitation":{"nearest":{"status":"ok","distance":10000.0,"intensity":0.0},"local":{"status":"ok","intensity":0.0,"datasource":"gfs"}},"wind":{"direction":287.54,"speed":7.57}}}
{"status":"ok","lang":"zh_CN","server_time":1522068328,"tzshift":28800,"location":[51.524009,-0.05522353],"unit":"metric","result":{"status":"ok","temperature":11.63,"skycon":"CLEAR_NIGHT","cloudrate":0.0,"aqi":10.0,"humidity":0.38,"pres":101381.94,"pm25":10.0,"precipitation":{"local":{"status":"ok","intensity":0.0,"datasource":"gfs"}},"wind":{"direction":286.96,"speed":7.69}}}
{"status":"ok","lang":"zh_CN","server_time":1522068328,"tzshift":28800,"location":[51.524009,-0.05522353],"unit":"metric","result":{"status":"ok","temperature":11.63,"skycon":"CLEAR_NIGHT","cloudrate":0.0,"aqi":10.0,"humidity":0.38,"pres":101381.94,"pm25":10.0,"precipitation":{"local":{"status":"ok","intensity":0.0,"datasource":"gfs"}},"wind":{"direction":286.96,"speed":7.69}}}
{"status":"ok","lang":"zh_CN","server_time":1522070730,"tzshift":28800,"location":[51.524009,-0.05522353],"unit":"metric","result":{"status":"ok","temperature":12.24,"skycon":"CLEAR_NIGHT","cloudrate":0.07,"aqi":10.0,"humidity":0.36,"pres":101356.97,"pm25":10.0,"precipitation":{"local":{"status":"ok","intensity":0.0,"datasource":"gfs"}},"wind":{"direction":278.32,"speed":8.66}}}
{"status":"ok","lang":"zh_CN","server_time":1522074331,"tzshift":28800,"location":[51.524009,-0.05522353],"unit":"metric","result":{"status":"ok","temperature":12.52,"skycon":"CLEAR_NIGHT","cloudrate":0.15,"aqi":10.0,"humidity":0.36,"pres":101320.38,"pm25":10.0,"precipitation":{"nearest":{"status":"ok","distance":1005.28,"intensity":0.1875},"local":{"status":"ok","intensity":0.0,"datasource":"gfs"}},"wind":{"direction":271.78,"speed":9.44}}}
{"status":"ok","lang":"zh_CN","server_time":1522077929,"tzshift":28800,"location":[51.524009,-0.05522353],"unit":"metric","result":{"status":"ok","temperature":12.46,"skycon":"PARTLY_CLOUDY_NIGHT","cloudrate":0.23,"aqi":10,"humidity":0.37,"pres":101278.4,"pm25":10,"precipitation":{"local":{"status":"ok","intensity":0.0,"datasource":"gfs"}},"wind":{"direction":266.24,"speed":9.69}}}
