{"status":"ok","lang":"zh_CN","server_time":1521995125,"tzshift":28800,"location":[51.524009,-0.17522353],"unit":"metric","result":{"status":"ok","temperature":11.83,"skycon":"CLOUDY","cloudrate":0.82,"aqi":10.0,"humidity":0.53,"pres":100758.58,"pm25":10.0,"precipitation":{"nearest":{"status":"ok","distance":196.59,"intensity":0.1875},"local":{"status":"ok","intensity":0.0,"datasource":"gfs"}},"wind":{"direction":9.08,"speed":9.57}}}
{"status":"ok","lang":"zh_CN","server_time":1521996325,"tzshift":28800,"location":[51.524009,-0.17522353],"unit":"metric","result":{"status":"ok","temperature":11.83,"skycon":"CLOUDY","cloudrate":0.82,"aqi":10.0,"humidity":0.53,"pres":100758.58,"pm25":10.0,"precipitation":{"nearest":{"status":"ok","distance":144.76,"intensity":0.1875},"local":{"status":"ok","intensity":0.0,"datasource":"gfs"}},"wind":{"direction":9.08,"speed":9.57}}}
{"status":"ok","lang":"zh_CN","server_time":1521998727,"tzshift":28800,"location":[51.524009,-0.17522353],"unit":"metric","result":{"status":"ok","temperature":11.26,"skycon":"CLOUDY","cloudrate":0.84,"aqi":10.0,"humidity":0.55,"pres":100790.62,"pm25":10.0,"precipitation":{"nearest":{"status":"ok","distance":10000.0,"intensity":0.0},"local":{"status":"ok","intensity":0.0,"datasource":"gfs"}},"wind":{"direction":4.13,"speed":9.5}}}
{"status":"ok","lang":"zh_CN","server_time":1521999927,"tzshift":28800,"location":[51.524009,-0.17522353],"unit":"metric","result":{"status":"ok","temperature":12.47,"skycon":"PARTLY_CLOUDY_NIGHT","cloudrate":0.8,"aqi":10.0,"humidity":0.44,"pres":101055.17,"pm25":10.0,"precipitation":{"nearest":{"status":"ok","distance":110.44,"intensity":0.1875},"local":{"status":"ok","intensity":0.0132,"datasource":"gfs"}},"wind":{"direction":4.04,"speed":9.82}}}
{"status":"ok","lang":"zh_CN","server_time":1522002327,"tzshift":28800,"location":[51.524009,-0.17522353],"unit":"metric","result":{"status":"ok","temperature":10.6,"skycon":"CLOUDY","cloudrate":0.86,"aqi":10.0,"humidity":0.59,"pres":100832.24,"pm25":10.0,"precipitation":{"nearest":{"status":"ok","distance":265.7,"intensity":0.25},"local":{"status":"ok","intensity":0.0036,"datasource":"gfs"}},"wind":{"direction":358.4,"speed":8.92}}}
{"status":"ok","lang":"zh_CN","server_time":1522003523,"tzshift":28800,"location":[51.524009,-0.17522353],"unit":"metric","result":{"status":"ok","temperature":10.6,"skycon":"CLOUDY","cloudrate":0.86,"aqi":10,"humidity":0.59,"pres":100832.24,"pm25":10,"precipitation":{"nearest":{"status":"ok","distance":10000.0,"intensity":0.0},"local":{"status":"ok","intensity":0.0036,"datasource":"gfs"}},"wind":{"direction":358.4,"speed":8.92}}}
{"status":"ok","lang":"zh_CN","server_time":1522005924,"tzshift":28800,"location":[51.524009,-0.17522353],"unit":"metric","result":{"status":"ok","temperature":9.93,"skycon":"CLOUDY","cloudrate":0.91,"aqi":10.0,"humidity":0.61,"pres":100885.45,"pm25":10.0,"precipitation":{"nearest":{"status":"ok","distance":10000.0,"intensity":0.0},"local":{"status":"ok","intensity":0.0,"datasource":"gfs"}},"wind":{"direction":350.75,"speed":7.69}}}
{"status":"ok","lang":"zh_CN","server_time":1522007122,"tzshift":28800,"location":[51.524009,-0.17522353],"unit":"metric","result":{"status":"ok","temperature":9.93,"skycon":"CLOUDY","cloudrate":0.91,"aqi":10.0,"humidity":0.61,"pres":100885.45,"pm25":10.0,"precipitation":{"nearest":{"status":"ok","distance":22.4,"intensity":0.1875},"local":{"status":"ok","intensity":0.0,"datasource":"gfs"}},"wind":{"direction":350.75,"speed":7.69}}}
{"status":"ok","lang":"zh_CN","server_time":1522009522,"tzshift":28800,"location":[51.524009,-0.17522353],"unit":"metric","result":{"status":"ok","temperature":9.24,"skycon":"CLOUDY","cloudrate":0.95,"aqi":10.0,"humidity":0.63,"pres":100945.25,"pm25":10.0,"precipitation":{"nearest":{"status":"ok","distance":183.3,"intensity":0.1875},"local":{"status":"ok","intensity":0.0,"datasource":"gfs"}},"wind":{"direction":340.97,"speed":6.5}}}
{"status":"ok","lang":"zh_CN","server_time":1522010722,"tzshift":28800,"location":[51.524009,-0.17522353],"unit":"metric","result":{"status":"ok","temperature":11.09,"skycon":"CLOUDY","cloudrate":0.92,"aqi":10.0,"humidity":0.52,"pres":101214.99,"pm25":10.0,"precipitation":{"nearest":{"status":"ok","distance":120.82,"intensity":0.1875},"local":{"status":"ok","intensity":0.0,"datasource":"gfs"}},"wind":{"direction":337.11,"speed":7.29}}}
{"status":"ok","lang":"zh_CN","server_time":1522013129,"tzshift":28800,"location":[51.514009,-0.17522353],"unit":"metric","result":{"status":"ok","temperature":8.66,"skycon":"CLOUDY","cloudrate":0.94,"aqi":10.0,"humidity":0.65,"pres":101026.22,"pm25":10.0,"precipitation":{"nearest":{"status":"ok","distance":184.25,"intensity":0.1875},"local":{"status":"ok","intensity":0.0,"datasource":"gfs"}},"wind":{"direction":333.96,"speed":6.03}}}
{"status":"failed", "error":"'API quota is exhausted'"}
{"status":"failed", "error":"'API quota is exhausted'"}
{"status":"failed", "error":"'API quota is exhausted'"}
{"status":"failed", "error":"'API quota is exhausted'"}
{"status":"failed", "error":"'API quota is exhausted'"}
{"status":"ok","lang":"zh_CN","server_time":1522024108,"tzshift":28800,"location":[51.514009,-0.17522353],"unit":"metric","result":{"status":"ok","temperature":7.03,"skycon":"PARTLY_CLOUDY_DAY","cloudrate":0.62,"aqi":10.0,"humidity":0.68,"pres":101141.42,"pm25":10.0,"precipitation":{"nearest":{"status":"ok","distance":10000.0,"intensity":0.0},"local":{"status":"ok","intensity":0.0,"datasource":"gfs"}},"wind":{"direction":331.36,"speed":7.98}}}
{"status":"ok","lang":"zh_CN","server_time":1522025135,"tzshift":28800,"location":[51.504009,-0.17522353],"unit":"metric","result":{"status":"ok","temperature":7.13,"skycon":"PARTLY_CLOUDY_DAY","cloudrate":0.62,"aqi":10.0,"humidity":0.67,"pres":101162.95,"pm25":10.0,"precipitation":{"nearest":{"status":"ok","distance":128.81,"intensity":0.1875},"local":{"status":"ok","intensity":0.0,"datasource":"gfs"}},"wind":{"direction":331.07,"speed":7.92}}}
{"status":"failed", "error":"'API quota is exhausted'"}
{"status":"ok","lang":"zh_CN","server_time":1522028731,"tzshift":28800,"location":[51.514009,-0.17522353],"unit":"metric","result":{"status":"ok","temperature":6.62,"skycon":"PARTLY_CLOUDY_DAY","cloudrate":0.42,"aqi":10.0,"humidity":0.67,"pres":101155.28,"pm25":10.0,"precipitation":{"nearest":{"status":"ok","distance":169.4,"intensity":0.1875},"local":{"status":"ok","intensity":0.0,"datasource":"gfs"}},"wind":{"direction":334.56,"speed":8.3}}}
{"status":"failed", "error":"'API quota is exhausted'"}
{"status":"failed", "error":"'API quota is exhausted'"}
{"status":"failed", "error":"'API quota is exhausted'"}
{"status":"failed", "error":"'API quota is exhausted'"}
{"status":"failed", "error":"'API quota is exhausted'"}
{"status":"failed", "error":"'API quota is exhausted'"}
{"status":"failed", "error":"'API quota is exhausted'"}
{"status":"failed", "error":"'API quota is exhausted'"}
{"status":"failed", "error":"'API quota is exhausted'"}
{"status":"failed", "error":"'API quota is exhausted'"}
{"status":"failed", "error":"'API quota is exhausted'"}
{"status":"failed", "error":"'API quota is exhausted'"}
{"status":"ok","lang":"zh_CN","server_time":1522052734,"tzshift":28800,"location":[51.504009,-0.17522353],"unit":"metric","result":{"status":"ok","temperature":7.21,"skycon":"CLEAR_DAY","cloudrate":0.07,"aqi":10.0,"humidity":0.55,"pres":101696.22,"pm25":10.0,"precipitation":{"nearest":{"status":"ok","distance":258.07,"intensity":0.25},"local":{"status":"ok","intensity":0.0,"datasource":"gfs"}},"wind":{"direction":329.62,"speed":6.04}}}
{"status":"failed", "error":"'API quota is exhausted'"}
{"status":"failed", "error":"'API quota is exhausted'"}
{"status":"failed", "error":"'API quota is exhausted'"}
{"status":"failed", "error":"'API quota is exhausted'"}
{"status":"failed", "error":"'API quota is exhausted'"}
{"status":"ok","lang":"zh_CN","server_time":1522063523,"tzshift":28800,"location":[51.524009,-0.17522353],"unit":"metric","result":{"status":"ok","temperature":10.6,"skycon":"CLEAR_NIGHT","cloudrate":0.0,"aqi":10.0,"humidity":0.44,"pres":101366.89,"pm25":10.0,"precipitation":{"nearest":{"status":"ok","distance":270.86,"intensity":0.1875},"local":{"status":"ok","intensity":0.0,"datasource":"gfs"}},"wind":{"direction":294.84,"speed":6.68}}}
{"status":"failed", "error":"'API quota is exhausted'"}
{"status":"failed", "error":"'API quota is exhausted'"}
{"status":"ok","lang":"zh_CN","server_time":1522068325,"tzshift":28800,"location":[51.524009,-0.17522353],"unit":"metric","result":{"status":"ok","temperature":11.56,"skycon":"CLEAR_NIGHT","cloudrate":0.0,"aqi":10.0,"humidity":0.39,"pres":101357.89,"pm25":10.0,"precipitation":{"nearest":{"status":"ok","distance":190.39,"intensity":0.25},"local":{"status":"ok","intensity":0.0,"datasource":"gfs"}},"wind":{"direction":283.27,"speed":7.68}}}
{"status":"ok","lang":"zh_CN","server_time":1522068325,"tzshift":28800,"location":[51.524009,-0.17522353],"unit":"metric","result":{"status":"ok","temperature":11.56,"skycon":"CLEAR_NIGHT","cloudrate":0.0,"aqi":10.0,"humidity":0.39,"pres":101357.89,"pm25":10.0,"precipitation":{"nearest":{"status":"ok","distance":190.39,"intensity":0.25},"local":{"status":"ok","intensity":0.0,"datasource":"gfs"}},"wind":{"direction":283.27,"speed":7.68}}}
{"status":"ok","lang":"zh_CN","server_time":1522070727,"tzshift":28800,"location":[51.524009,-0.17522353],"unit":"metric","result":{"status":"ok","temperature":12.19,"skycon":"CLEAR_NIGHT","cloudrate":0.05,"aqi":10.0,"humidity":0.37,"pres":101332.72,"pm25":10.0,"precipitation":{"local":{"status":"ok","intensity":0.0,"datasource":"gfs"}},"wind":{"direction":275.08,"speed":8.85}}}
{"status":"ok","lang":"zh_CN","server_time":1522074328,"tzshift":28800,"location":[51.524009,-0.17522353],"unit":"metric","result":{"status":"ok","temperature":12.48,"skycon":"CLEAR_NIGHT","cloudrate":0.12,"aqi":10,"humidity":0.37,"pres":101295.86,"pm25":10,"precipitation":{"nearest":{"status":"ok","distance":137.57,"intensity":0.25},"local":{"status":"ok","intensity":0.0,"datasource":"gfs"}},"wind":{"direction":269.12,"speed":9.76}}}
{"status":"ok","lang":"zh_CN","server_time":1522077926,"tzshift":28800,"location":[51.524009,-0.17522353],"unit":"metric","result":{"status":"ok","temperature":12.43,"skycon":"CLEAR_NIGHT","cloudrate":0.19,"aqi":10.0,"humidity":0.38,"pres":101253.44,"pm25":10.0,"precipitation":{"local":{"status":"ok","intensity":0.0,"datasource":"gfs"}},"wind":{"direction":263.82,"speed":10.06}}}
