{"status":"ok","lang":"zh_CN","server_time":1521995125,"tzshift":28800,"location":[51.524009,-0.15522353],"unit":"metric","result":{"status":"ok","temperature":11.83,"skycon":"CLOUDY","cloudrate":0.82,"aqi":10,"humidity":0.53,"pres":100758.58,"pm25":10,"precipitation":{"nearest":{"status":"ok","distance":10000.0,"intensity":0.0},"local":{"status":"ok","intensity":0.0,"datasource":"gfs"}},"wind":{"direction":9.08,"speed":9.57}}}
{"status":"ok","lang":"zh_CN","server_time":1521996326,"tzshift":28800,"location":[51.524009,-0.15522353],"unit":"metric","result":{"status":"ok","temperature":11.83,"skycon":"CLOUDY","cloudrate":0.82,"aqi":10.0,"humidity":0.53,"pres":100758.58,"pm25":10.0,"precipitation":{"nearest":{"status":"ok","distance":10000.0,"intensity":0.0},"local":{"status":"ok","intensity":0.0,"datasource":"gfs"}},"wind":{"direction":9.08,"speed":9.57}}}
{"status":"ok","lang":"zh_CN","server_time":1521998727,"tzshift":28800,"location":[51.524009,-0.15522353],"unit":"metric","result":{"status":"ok","temperature":11.26,"skycon":"CLOUDY","cloudrate":0.84,"aqi":10.0,"humidity":0.55,"pres":100790.62,"pm25":10.0,"precipitation":{"nearest":{"status":"ok","distance":76.04,"intensity":0.1875},"local":{"status":"ok","intensity":0.0,"datasource":"gfs"}},"wind":{"direction":4.13,"speed":9.5}}}
{"status":"ok","lang":"zh_CN","server_time":1521999927,"tzshift":28800,"location":[51.524009,-0.15522353],"unit":"metric","result":{"status":"ok","temperature":12.47,"skycon":"PARTLY_CLOUDY_NIGHT","cloudrate":0.8,"aqi":10.0,"humidity":0.44,"pres":101055.17,"pm25":10.0,"precipitation":{"nearest":{"status":"ok","distance":193.03,"intensity":0.1875},"local":{"status":"ok","intensity":0.0132,"datasource":"gfs"}},"wind":{"direction":4.04,"speed":9.82}}}
{"status":"ok","lang":"zh_CN","server_time":1522002328,"tzshift":28800,"location":[51.524009,-0.15522353],"unit":"metric","result":{"status":"ok","temperature":10.6,"skycon":"CLOUDY","cloudrate":0.86,"aqi":10.0,"humidity":0.59,"pres":100832.24,"pm25":10.0,"precipitation":{"nearest":{"status":"ok","distance":456.74,"intensity":0.1875},"local":{"status":"ok","intensity":0.0036,"datasource":"gfs"}},"wind":{"direction":358.4,"speed":8.92}}}
{"status":"ok","lang":"zh_CN","server_time":1522003523,"tzshift":28800,"location":[51.524009,-0.15522353],"unit":"metric","result":{"status":"ok","temperature":10.6,"skycon":"CLOUDY","cloudrate":0.86,"aqi":10.0,"humidity":0.59,"pres":100832.24,"pm25":10.0,"precipitation":{"nearest":{"status":"ok","distance":45.39,"intensity":0.1875},"local":{"status":"ok","intensity":0.0036,"datasource":"gfs"}},"wind":{"direction":358.4,"speed":8.92}}}
{"status":"ok","lang":"zh_CN","server_time":1522005924,"tzshift":28800,"location":[51.524009,-0.15522353],"unit":"metric","result":{"status":"ok","temperature":9.93,"skycon":"CLOUDY","cloudrate":0.91,"aqi":10,"humidity":0.61,"pres":100885.45,"pm25":10,"precipitation":{"nearest":{"status":"ok","distance":165.89,"intensity":0.1875},"local":{"status":"ok","intensity":0.0,"datasource":"gfs"}},"wind":{"direction":350.75,"speed":7.69}}}
{"status":"ok","lang":"zh_CN","server_time":1522007123,"tzshift":28800,"location":[51.524009,-0.15522353],"unit":"metric","result":{"status":"ok","temperature":9.93,"skycon":"CLOUDY","cloudrate":0.91,"aqi":10.0,"humidity":0.61,"pres":100885.45,"pm25":10.0,"precipitation":{"nearest":{"status":"ok","distance":0.92,"intensity":0.375},"local":{"status":"ok","intensity":0.0,"datasource":"gfs"}},"wind":{"direction":350.75,"speed":7.69}}}
{"status":"ok","lang":"zh_CN","server_time":1522009523,"tzshift":28800,"location":[51.524009,-0.15522353],"unit":"metric","result":{"status":"ok","temperature":9.24,"skycon":"CLOUDY","cloudrate":0.95,"aqi":10.0,"humidity":0.63,"pres":100945.25,"pm25":10.0,"precipitation":{"nearest":{"status":"ok","distance":10000.0,"intensity":0.0},"local":{"status":"ok","intensity":0.0,"datasource":"gfs"}},"wind":{"direction":340.97,"speed":6.5}}}
{"status":"ok","lang":"zh_CN","server_time":1522010723,"tzshift":28800,"location":[51.524009,-0.15522353],"unit":"metric","result":{"status":"ok","temperature":11.09,"skycon":"CLOUDY","cloudrate":0.92,"aqi":10.0,"humidity":0.52,"pres":101214.99,"pm25":10.0,"precipitation":{"nearest":{"status":"ok","distance":187.68,"intensity":0.1875},"local":{"status":"ok","intensity":0.0,"datasource":"gfs"}},"wind":{"direction":337.11,"speed":7.29}}}
{"status":"ok","lang":"zh_CN","server_time":1522013124,"tzshift":28800,"location":[51.524009,-0.13522353],"unit":"metric","result":{"status":"ok","temperature":8.58,"skycon":"CLOUDY","cloudrate":0.94,"aqi":10,"humidity":0.65,"pres":101012.13,"pm25":10,"precipitation":{"nearest":{"status":"ok","distance":122.02,"intensity":0.1875},"local":{"status":"ok","intensity":0.0,"datasource":"gfs"}},"wind":{"direction":335.62,"speed":5.81}}}
{"status":"ok","lang":"zh_CN","server_time":1522014325,"tzshift":28800,"location":[51.524009,-0.15522353],"unit":"metric","result":{"status":"ok","temperature":8.99,"skycon":"RAIN","cloudrate":1.0,"aqi":10.0,"humidity":0.66,"pres":101021.97,"pm25":10.0,"precipitation":{"nearest":{"status":"ok","distance":10000.0,"intensity":0.0},"local":{"status":"ok","intensity":0.0368,"datasource":"gfs"}},"wind":{"direction":314.54,"speed":4.97}}}
{"status":"ok","lang":"zh_CN","server_time":1522016725,"tzshift":28800,"location":[51.524009,-0.13522353],"unit":"metric","result":{"status":"ok","temperature":8.35,"skycon":"RAIN","cloudrate":0.94,"aqi":10.0,"humidity":0.67,"pres":101075.3,"pm25":10.0,"precipitation":{"nearest":{"status":"ok","distance":10000.0,"intensity":0.0},"local":{"status":"ok","intensity":0.0375,"datasource":"gfs"}},"wind":{"direction":316.17,"speed":5.43}}}
{"status":"ok","lang":"zh_CN","server_time":1522017926,"tzshift":28800,"location":[51.524009,-0.13522353],"unit":"metric","result":{"status":"ok","temperature":10.37,"skycon":"CLOUDY","cloudrate":0.99,"aqi":10.0,"humidity":0.56,"pres":101355.03,"pm25":10.0,"precipitation":{"nearest":{"status":"ok","distance":267.97,"intensity":0.25},"local":{"status":"ok","intensity":0.007,"datasource":"gfs"}},"wind":{"direction":315.86,"speed":5.53}}}
{"status":"failed", "error":"'API quota is exhausted'"}
{"status":"failed", "error":"'API quota is exhausted'"}
{"status":"failed", "error":"'API quota is exhausted'"}
{"status":"ok","lang":"zh_CN","server_time":1522025125,"tzshift":28800,"location":[51.524009,-0.13522353],"unit":"metric","result":{"status":"ok","temperature":6.98,"skycon":"PARTLY_CLOUDY_DAY","cloudrate":0.64,"aqi":10.0,"humidity":0.68,"pres":101126.68,"pm25":10.0,"precipitation":{"nearest":{"status":"ok","distance":404.13,"intensity":0.1875},"local":{"status":"ok","intensity":0.0,"datasource":"gfs"}},"wind":{"direction":330.74,"speed":8.0}}}
{"status":"failed", "error":"'API quota is exhausted'"}
{"status":"failed", "error":"'API quota is exhausted'"}
{"status":"failed", "error":"'API quota is exhausted'"}
{"status":"failed", "error":"'API quota is exhausted'"}
{"status":"failed", "error":"'API quota is exhausted'"}
{"status":"ok","lang":"zh_CN","server_time":1522035932,"tzshift":28800,"location":[51.514009,-0.15522353],"unit":"metric","result":{"status":"ok","temperature":6.57,"skycon":"PARTLY_CLOUDY_DAY","cloudrate":0.46,"aqi":10.0,"humidity":0.67,"pres":101218.65,"pm25":10.0,"precipitation":{"nearest":{"status":"ok","distance":10000.0,"intensity":0.0},"local":{"status":"ok","intensity":0.0,"datasource":"gfs"}},"wind":{"direction":340.18,"speed":8.29}}}
{"status":"failed", "error":"'API quota is exhausted'"}
{"status":"failed", "error":"'API quota is exhausted'"}
{"status":"failed", "error":"'API quota is exhausted'"}
{"status":"failed", "error":"'API quota is exhausted'"}
{"status":"failed", "error":"'API quota is exhausted'"}
{"status":"failed", "error":"'API quota is exhausted'"}
{"status":"failed", "error":"'API quota is exhausted'"}
{"status":"failed", "error":"'API quota is exhausted'"}
{"status":"failed", "error":"'API quota is exhausted'"}
{"status":"failed", "error":"'API quota is exhausted'"}
{"status":"failed", "error":"'API quota is exhausted'"}
{"status":"failed", "error":"'API quota is exhausted'"}
{"status":"failed", "error":"'API quota is exhausted'"}
{"status":"failed", "error":"'API quota is exhausted'"}
{"status":"failed", "error":"'API quota is exhausted'"}
{"status":"ok","lang":"zh_CN","server_time":1522064752,"tzshift":28800,"location":[51.504009,-0.15522353],"unit":"metric","result":{"status":"ok","temperature":10.7,"skycon":"CLEAR_NIGHT","cloudrate":0.0,"aqi":10,"humidity":0.43,"pres":101414.25,"pm25":10,"precipitation":{"nearest":{"status":"ok","distance":290.06,"intensity":0.25},"local":{"status":"ok","intensity":0.0,"datasource":"gfs"}},"wind":{"direction":296.9,"speed":6.49}}}
{"status":"failed", "error":"'API quota is exhausted'"}
{"status":"ok","lang":"zh_CN","server_time":1522068325,"tzshift":28800,"location":[51.524009,-0.15522353],"unit":"metric","result":{"status":"ok","temperature":11.56,"skycon":"CLEAR_NIGHT","cloudrate":0.0,"aqi":10.0,"humidity":0.39,"pres":101357.89,"pm25":10.0,"precipitation":{"nearest":{"status":"ok","distance":243.07,"intensity":0.1875},"local":{"status":"ok","intensity":0.0,"datasource":"gfs"}},"wind":{"direction":283.27,"speed":7.68}}}
{"status":"ok","lang":"zh_CN","server_time":1522068325,"tzshift":28800,"location":[51.524009,-0.15522353],"unit":"metric","result":{"status":"ok","temperature":11.56,"skycon":"CLEAR_NIGHT","cloudrate":0.0,"aqi":10.0,"humidity":0.39,"pres":101357.89,"pm25":10.0,"precipitation":{"nearest":{"status":"ok","distance":243.07,"intensity":0.1875},"local":{"status":"ok","intensity":0.0,"datasource":"gfs"}},"wind":{"direction":283.27,"speed":7.68}}}
{"status":"ok","lang":"zh_CN","server_time":1522070727,"tzshift":28800,"location":[51.524009,-0.15522353],"unit":"metric","result":{"status":"ok","temperature":12.19,"skycon":"CLEAR_NIGHT","cloudrate":0.05,"aqi":10.0,"humidity":0.37,"pres":101332.72,"pm25":10.0,"precipitation":{"nearest":{"status":"ok","distance":947.91,"intensity":0.1875},"local":{"status":"ok","intensity":0.0,"datasource":"gfs"}},"wind":{"direction":275.08,"speed":8.85}}}
{"status":"ok","lang":"zh_CN","server_time":1522074329,"tzshift":28800,"location":[51.524009,-0.15522353],"unit":"metric","result":{"status":"ok","temperature":12.48,"skycon":"CLEAR_NIGHT","cloudrate":0.12,"aqi":10.0,"humidity":0.37,"pres":101295.86,"pm25":10.0,"precipitation":{"local":{"status":"ok","intensity":0.0,"datasource":"gfs"}},"wind":{"direction":269.12,"speed":9.76}}}
{"status":"ok","lang":"zh_CN","server_time":1522077927,"tzshift":28800,"location":[51.524009,-0.15522353],"unit":"metric","result":{"status":"ok","temperature":12.43,"skycon":"CLEAR_NIGHT","cloudrate":0.19,"aqi":10.0,"humidity":0.38,"pres":101253.44,"pm25":10.0,"precipitation":{"nearest":{"status":"ok","distance":55.49,"intensity":0.25},"local":{"status":"ok","intensity":0.0,"datasource":"gfs"}},"wind":{"direction":263.82,"speed":10.06}}}
