{"status":"ok","lang":"zh_CN","server_time":1521995128,"tzshift":28800,"location":[51.524009,-0.03522353],"unit":"metric","result":{"status":"ok","temperature":11.76,"skycon":"PARTLY_CLOUDY_NIGHT","cloudrate":0.74,"aqi":10.0,"humidity":0.53,"pres":100786.58,"pm25":10.0,"precipitation":{"nearest":{"status":"ok","distance":41.69,"intensity":0.1875},"local":{"status":"ok","intensity":0.0,"datasource":"gfs"}},"wind":{"direction":12.58,"speed":9.34}}}
{"status":"ok","lang":"zh_CN","server_time":1521996328,"tzshift":28800,"location":[51.524009,-0.03522353],"unit":"metric","result":{"status":"ok","temperature":11.76,"skycon":"PARTLY_CLOUDY_NIGHT","cloudrate":0.74,"aqi":10.0,"humidity":0.53,"pres":100786.58,"pm25":10.0,"precipitation":{"nearest":{"status":"ok","distance":10000.0,"intensity":0.0},"local":{"status":"ok","intensity":0.0,"datasource":"gfs"}},"wind":{"direction":12.58,"speed":9.34}}}
{"status":"ok","lang":"zh_CN","server_time":1521998730,"tzshift":28800,"location":[51.524009,-0.03522353],"unit":"metric","result":{"status":"ok","temperature":11.21,"skycon":"PARTLY_CLOUDY_NIGHT","cloudrate":0.78,"aqi":10.0,"humidity":0.55,"pres":100817.07,"pm25":10.0,"precipitation":{"nearest":{"status":"ok","distance":126.69,"intensity":0.1875},"local":{"status":"ok","intensity":0.0,"datasource":"gfs"}},"wind":{"direction":7.14,"speed":9.15}}}
{"status":"ok","lang":"zh_CN","server_time":1521999930,"tzshift":28800,"location":[51.524009,-0.03522353],"unit":"metric","result":{"status":"ok","temperature":11.21,"skycon":"PARTLY_CLOUDY_NIGHT","cloudrate":0.78,"aqi":10.0,"humidity":0.55,"pres":100817.07,"pm25":10.0,"precipitation":{"nearest":{"status":"ok","distance":162.87,"intensity":0.1875},"local":{"status":"ok","intensity":0.0,"datasource":"gfs"}},"wind":{"direction":7.14,"speed":9.15}}}
{"status":"ok","lang":"zh_CN","server_time":1522002331,"tzshift":28800,"location":[51.524009,-0.03522353],"unit":"metric","result":{"status":"ok","temperature":10.57,"skycon":"CLOUDY","cloudrate":0.83,"aqi":10.0,"humidity":0.59,"pres":100857.61,"pm25":10.0,"precipitation":{"nearest":{"status":"ok","distance":557.12,"intensity":0.1875},"local":{"status":"ok","intensity":0.0,"datasource":"gfs"}},"wind":{"direction":1.75,"speed":8.45}}}
{"status":"ok","lang":"zh_CN","server_time":1522003526,"tzshift":28800,"location":[51.524009,-0.03522353],"unit":"metric","result":{"status":"ok","temperature":10.57,"skycon":"CLOUDY","cloudrate":0.83,"aqi":10.0,"humidity":0.59,"pres":100857.61,"pm25":10.0,"precipitation":{"nearest":{"status":"ok","distance":10000.0,"intensity":0.0},"local":{"status":"ok","intensity":0.0,"datasource":"gfs"}},"wind":{"direction":1.75,"speed":8.45}}}
{"status":"ok","lang":"zh_CN","server_time":1522005927,"tzshift":28800,"location":[51.524009,-0.03522353],"unit":"metric","result":{"status":"ok","temperature":9.94,"skycon":"CLOUDY","cloudrate":0.9,"aqi":10.0,"humidity":0.61,"pres":100910.54,"pm25":10.0,"precipitation":{"nearest":{"status":"ok","distance":197.95,"intensity":0.25},"local":{"status":"ok","intensity":0.0,"datasource":"gfs"}},"wind":{"direction":356.35,"speed":7.03}}}
{"status":"ok","lang":"zh_CN","server_time":1522007125,"tzshift":28800,"location":[51.524009,-0.03522353],"unit":"metric","result":{"status":"ok","temperature":9.94,"skycon":"CLOUDY","cloudrate":0.9,"aqi":10.0,"humidity":0.61,"pres":100910.54,"pm25":10.0,"precipitation":{"nearest":{"status":"ok","distance":10000.0,"intensity":0.0},"local":{"status":"ok","intensity":0.0,"datasource":"gfs"}},"wind":{"direction":356.35,"speed":7.03}}}
{"status":"ok","lang":"zh_CN","server_time":1522009525,"tzshift":28800,"location":[51.524009,-0.03522353],"unit":"metric","result":{"status":"ok","temperature":9.31,"skycon":"CLOUDY","cloudrate":0.96,"aqi":10.0,"humidity":0.64,"pres":100970.48,"pm25":10.0,"precipitation":{"nearest":{"status":"ok","distance":132.29,"intensity":0.1875},"local":{"status":"ok","intensity":0.0,"datasource":"gfs"}},"wind":{"direction":349.34,"speed":5.59}}}
{"status":"ok","lang":"zh_CN","server_time":1522010725,"tzshift":28800,"location":[51.524009,-0.03522353],"unit":"metric","result":{"status":"ok","temperature":9.31,"skycon":"CLOUDY","cloudrate":0.96,"aqi":10.0,"humidity":0.64,"pres":100970.48,"pm25":10.0,"precipitation":{"nearest":{"status":"ok","distance":206.74,"intensity":0.1875},"local":{"status":"ok","intensity":0.0,"datasource":"gfs"}},"wind":{"direction":349.34,"speed":5.59}}}
{"status":"ok","lang":"zh_CN","server_time":1522013127,"tzshift":28800,"location":[51.524009,-0.03522353],"unit":"metric","result":{"status":"ok","temperature":11.66,"skycon":"CLOUDY","cloudrate":0.97,"aqi":10,"humidity":0.48,"pres":101430.08,"pm25":10,"precipitation":{"nearest":{"status":"ok","distance":10000.0,"intensity":0.0},"local":{"status":"ok","intensity":0.0,"datasource":"gfs"}},"wind":{"direction":331.09,"speed":6.37}}}
{"status":"ok","lang":"zh_CN","server_time":1522014328,"tzshift":28800,"location":[51.524009,-0.03522353],"unit":"metric","result":{"status":"ok","temperature":12.04,"skycon":"CLOUDY","cloudrate":1.0,"aqi":10.0,"humidity":0.5,"pres":101449.49,"pm25":10.0,"precipitation":{"nearest":{"status":"ok","distance":10000.0,"intensity":0.0},"local":{"status":"ok","intensity":0.0,"datasource":"gfs"}},"wind":{"direction":316.17,"speed":4.82}}}
{"status":"failed", "error":"'API quota is exhausted'"}
{"status":"failed", "error":"'API quota is exhausted'"}
{"status":"ok","lang":"zh_CN","server_time":1522020328,"tzshift":28800,"location":[51.524009,-0.01522353],"unit":"metric","result":{"status":"ok","temperature":7.78,"skycon":"RAIN","cloudrate":0.85,"aqi":10.0,"humidity":0.68,"pres":101127.44,"pm25":10.0,"precipitation":{"nearest":{"status":"ok","distance":191.33,"intensity":0.1875},"local":{"status":"ok","intensity":0.0458,"datasource":"gfs"}},"wind":{"direction":323.26,"speed":6.47}}}
{"status":"failed", "error":"'API quota is exhausted'"}
{"status":"ok","lang":"zh_CN","server_time":1522024106,"tzshift":28800,"location":[51.524009,-0.03522353],"unit":"metric","result":{"status":"ok","temperature":7.08,"skycon":"PARTLY_CLOUDY_DAY","cloudrate":0.68,"aqi":10,"humidity":0.68,"pres":101143.64,"pm25":10,"precipitation":{"nearest":{"status":"ok","distance":168.14,"intensity":0.1875},"local":{"status":"ok","intensity":0.0186,"datasource":"gfs"}},"wind":{"direction":328.47,"speed":7.93}}}
{"status":"failed", "error":"'API quota is exhausted'"}
{"status":"ok","lang":"zh_CN","server_time":1522027537,"tzshift":28800,"location":[51.504009,-0.03522353],"unit":"metric","result":{"status":"ok","temperature":6.84,"skycon":"PARTLY_CLOUDY_DAY","cloudrate":0.45,"aqi":10.0,"humidity":0.67,"pres":101193.36,"pm25":10.0,"precipitation":{"nearest":{"status":"ok","distance":103.89,"intensity":0.1875},"local":{"status":"ok","intensity":0.0,"datasource":"gfs"}},"wind":{"direction":331.59,"speed":8.26}}}
{"status":"failed", "error":"'API quota is exhausted'"}
{"status":"failed", "error":"'API quota is exhausted'"}
{"status":"failed", "error":"'API quota is exhausted'"}
{"status":"failed", "error":"'API quota is exhausted'"}
{"status":"ok","lang":"zh_CN","server_time":1522035930,"tzshift":28800,"location":[51.524009,-0.01522353],"unit":"metric","result":{"status":"ok","temperature":6.56,"skycon":"PARTLY_CLOUDY_DAY","cloudrate":0.44,"aqi":10.0,"humidity":0.67,"pres":101222.01,"pm25":10.0,"precipitation":{"nearest":{"status":"ok","distance":10000.0,"intensity":0.0},"local":{"status":"ok","intensity":0.0,"datasource":"gfs"}},"wind":{"direction":339.53,"speed":8.24}}}
{"status":"failed", "error":"'API quota is exhausted'"}
{"status":"failed", "error":"'API quota is exhausted'"}
{"status":"failed", "error":"'API quota is exhausted'"}
{"status":"failed", "error":"'API quota is exhausted'"}
{"status":"failed", "error":"'API quota is exhausted'"}
{"status":"ok","lang":"zh_CN","server_time":1522046741,"tzshift":28800,"location":[51.504009,-0.01522353],"unit":"metric","result":{"status":"ok","temperature":4.61,"skycon":"PARTLY_CLOUDY_DAY","cloudrate":0.31,"aqi":10.0,"humidity":0.73,"pres":101262.41,"pm25":10.0,"precipitation":{"nearest":{"status":"ok","distance":10000.0,"intensity":0.0},"local":{"status":"ok","intensity":0.0,"datasource":"gfs"}},"wind":{"direction":326.54,"speed":7.56}}}
{"status":"failed", "error":"'API quota is exhausted'"}
{"status":"failed", "error":"'API quota is exhausted'"}
{"status":"failed", "error":"'API quota is exhausted'"}
{"status":"failed", "error":"'API quota is exhausted'"}
{"status":"failed", "error":"'API quota is exhausted'"}
{"status":"failed", "error":"'API quota is exhausted'"}
{"status":"failed", "error":"'API quota is exhausted'"}
{"status":"failed", "error":"'API quota is exhausted'"}
{"status":"failed", "error":"'API quota is exhausted'"}
{"status":"failed", "error":"'API quota is exhausted'"}
{"status":"failed", "error":"'API quota is exhausted'"}
{"status":"ok","lang":"zh_CN","server_time":1522068328,"tzshift":28800,"location":[51.524009,-0.03522353],"unit":"metric","result":{"status":"ok","temperature":11.64,"skycon":"CLEAR_NIGHT","cloudrate":0.0,"aqi":10.0,"humidity":0.38,"pres":101385.95,"pm25":10.0,"precipitation":{"nearest":{"status":"ok","distance":138.77,"intensity":0.25},"local":{"status":"ok","intensity":0.0,"datasource":"gfs"}},"wind":{"direction":287.58,"speed":7.7}}}
{"status":"ok","lang":"zh_CN","server_time":1522068328,"tzshift":28800,"location":[51.524009,-0.03522353],"unit":"metric","result":{"status":"ok","temperature":11.64,"skycon":"CLEAR_NIGHT","cloudrate":0.0,"aqi":10.0,"humidity":0.38,"pres":101385.95,"pm25":10.0,"precipitation":{"nearest":{"status":"ok","distance":138.77,"intensity":0.25},"local":{"status":"ok","intensity":0.0,"datasource":"gfs"}},"wind":{"direction":287.58,"speed":7.7}}}
{"status":"ok","lang":"zh_CN","server_time":1522070731,"tzshift":28800,"location":[51.524009,-0.03522353],"unit":"metric","result":{"status":"ok","temperature":12.25,"skycon":"CLEAR_NIGHT","cloudrate":0.07,"aqi":10.0,"humidity":0.36,"pres":101361.01,"pm25":10.0,"precipitation":{"nearest":{"status":"ok","distance":198.84,"intensity":0.1875},"local":{"status":"ok","intensity":0.0,"datasource":"gfs"}},"wind":{"direction":278.87,"speed":8.64}}}
{"status":"ok","lang":"zh_CN","server_time":1522074332,"tzshift":28800,"location":[51.524009,-0.03522353],"unit":"metric","result":{"status":"ok","temperature":12.53,"skycon":"CLEAR_NIGHT","cloudrate":0.15,"aqi":10.0,"humidity":0.36,"pres":101324.47,"pm25":10.0,"precipitation":{"local":{"status":"ok","intensity":0.0,"datasource":"gfs"}},"wind":{"direction":272.24,"speed":9.38}}}
{"status":"ok","lang":"zh_CN","server_time":1522077930,"tzshift":28800,"location":[51.524009,-0.03522353],"unit":"metric","result":{"status":"ok","temperature":12.46,"skycon":"PARTLY_CLOUDY_NIGHT","cloudrate":0.23,"aqi":10.0,"humidity":0.37,"pres":101282.57,"pm25":10.0,"precipitation":{"nearest":{"status":"ok","distance":247.53,"intensity":0.25},"local":{"status":"ok","intensity":0.0,"datasource":"gfs"}},"wind":{"direction":266.67,"speed":9.63}}}
