{"status":"ok","lang":"zh_CN","server_time":1521995141,"tzshift":28800,"location":[51.494009,-0.17522353],"unit":"metric","result":{"status":"ok","temperature":11.94,"skycon":"PARTLY_CLOUDY_NIGHT","cloudrate":0.8,"aqi":10,"humidity":0.52,"pres":100786.73,"pm25":10,"precipitation":{"nearest":{"status":"ok","distance":253.16,"intensity":0.1875},"local":{"status":"ok","intensity":0.0,"datasource":"gfs"}},"wind":{"direction":10.06,"speed":9.5}}}
{"status":"ok","lang":"zh_CN","server_time":1521996341,"tzshift":28800,"location":[51.494009,-0.17522353],"unit":"metric","result":{"status":"ok","temperature":11.94,"skycon":"PARTLY_CLOUDY_NIGHT","cloudrate":0.8,"aqi":10,"humidity":0.52,"pres":100786.73,"pm25":10,"precipitation":{"nearest":{"status":"ok","distance":235.78,"intensity":0.1875},"local":{"status":"ok","intensity":0.0,"datasource":"gfs"}},"wind":{"direction":10.06,"speed":9.5}}}
{"status":"ok","lang":"zh_CN","server_time":1521998743,"tzshift":28800,"location":[51.494009,-0.17522353],"unit":"metric","result":{"status":"ok","temperature":11.4,"skycon":"CLOUDY","cloudrate":0.82,"aqi":10.0,"humidity":0.54,"pres":100818.99,"pm25":10.0,"precipitation":{"nearest":{"status":"ok","distance":10.25,"intensity":0.1875},"local":{"status":"ok","intensity":0.0,"datasource":"gfs"}},"wind":{"direction":5.01,"speed":9.53}}}
{"status":"ok","lang":"zh_CN","server_time":1521999944,"tzshift":28800,"location":[51.494009,-0.17522353],"unit":"metric","result":{"status":"ok","temperature":11.4,"skycon":"CLOUDY","cloudrate":0.82,"aqi":10,"humidity":0.54,"pres":100818.99,"pm25":10,"precipitation":{"nearest":{"status":"ok","distance":494.87,"intensity":0.1875},"local":{"status":"ok","intensity":0.0,"datasource":"gfs"}},"wind":{"direction":5.01,"speed":9.53}}}
{"status":"ok","lang":"zh_CN","server_time":1522002347,"tzshift":28800,"location":[51.494009,-0.17522353],"unit":"metric","result":{"status":"ok","temperature":10.77,"skycon":"CLOUDY","cloudrate":0.85,"aqi":10.0,"humidity":0.57,"pres":100860.8,"pm25":10.0,"precipitation":{"nearest":{"status":"ok","distance":327.93,"intensity":0.1875},"local":{"status":"ok","intensity":0.0,"datasource":"gfs"}},"wind":{"direction":359.37,"speed":8.99}}}
{"status":"ok","lang":"zh_CN","server_time":1522003538,"tzshift":28800,"location":[51.494009,-0.17522353],"unit":"metric","result":{"status":"ok","temperature":10.77,"skycon":"CLOUDY","cloudrate":0.85,"aqi":10.0,"humidity":0.57,"pres":100860.8,"pm25":10.0,"precipitation":{"nearest":{"status":"ok","distance":10000.0,"intensity":0.0},"local":{"status":"ok","intensity":0.0,"datasource":"gfs"}},"wind":{"direction":359.37,"speed":8.99}}}
{"status":"ok","lang":"zh_CN","server_time":1522005939,"tzshift":28800,"location":[51.494009,-0.17522353],"unit":"metric","result":{"status":"ok","temperature":10.13,"skycon":"CLOUDY","cloudrate":0.91,"aqi":10.0,"humidity":0.6,"pres":100914.06,"pm25":10.0,"precipitation":{"nearest":{"status":"ok","distance":414.63,"intensity":0.1875},"local":{"status":"ok","intensity":0.0,"datasource":"gfs"}},"wind":{"direction":352.03,"speed":7.67}}}
{"status":"ok","lang":"zh_CN","server_time":1522007138,"tzshift":28800,"location":[51.494009,-0.17522353],"unit":"metric","result":{"status":"ok","temperature":10.13,"skycon":"CLOUDY","cloudrate":0.91,"aqi":10.0,"humidity":0.6,"pres":100914.06,"pm25":10.0,"precipitation":{"nearest":{"status":"ok","distance":190.08,"intensity":0.1875},"local":{"status":"ok","intensity":0.0,"datasource":"gfs"}},"wind":{"direction":352.03,"speed":7.67}}}
{"status":"ok","lang":"zh_CN","server_time":1522009538,"tzshift":28800,"location":[51.494009,-0.17522353],"unit":"metric","result":{"status":"ok","temperature":9.47,"skycon":"CLOUDY","cloudrate":0.95,"aqi":10.0,"humidity":0.62,"pres":100973.89,"pm25":10.0,"precipitation":{"nearest":{"status":"ok","distance":192.03,"intensity":0.1875},"local":{"status":"ok","intensity":0.0,"datasource":"gfs"}},"wind":{"direction":342.35,"speed":6.35}}}
{"status":"ok","lang":"zh_CN","server_time":1522010738,"tzshift":28800,"location":[51.494009,-0.17522353],"unit":"metric","result":{"status":"ok","temperature":9.47,"skycon":"CLOUDY","cloudrate":0.95,"aqi":10.0,"humidity":0.62,"pres":100973.89,"pm25":10.0,"precipitation":{"nearest":{"status":"ok","distance":10000.0,"intensity":0.0},"local":{"status":"ok","intensity":0.0,"datasource":"gfs"}},"wind":{"direction":342.35,"speed":6.35}}}
{"status":"ok","lang":"zh_CN","server_time":1522013139,"tzshift":28800,"location":[51.494009,-0.17522353],"unit":"metric","result":{"status":"ok","temperature":10.61,"skycon":"CLOUDY","cloudrate":0.88,"aqi":10.0,"humidity":0.53,"pres":101352.9,"pm25":10.0,"precipitation":{"nearest":{"status":"ok","distance":58.31,"intensity":0.1875},"local":{"status":"ok","intensity":0.0,"datasource":"gfs"}},"wind":{"direction":329.46,"speed":6.44}}}
{"status":"ok","lang":"zh_CN","server_time":1522014341,"tzshift":28800,"location":[51.494009,-0.17522353],"unit":"metric","result":{"status":"ok","temperature":9.21,"skycon":"RAIN","cloudrate":1.0,"aqi":10.0,"humidity":0.65,"pres":101051.21,"pm25":10.0,"precipitation":{"nearest":{"status":"ok","distance":10000.0,"intensity":0.0},"local":{"status":"ok","intensity":0.0434,"datasource":"gfs"}},"wind":{"direction":315.05,"speed":4.77}}}
{"status":"ok","lang":"zh_CN","server_time":1522016740,"tzshift":28800,"location":[51.494009,-0.17522353],"unit":"metric","result":{"status":"ok","temperature":8.5,"skycon":"RAIN","cloudrate":0.94,"aqi":10.0,"humidity":0.67,"pres":101097.25,"pm25":10.0,"precipitation":{"nearest":{"status":"ok","distance":10000.0,"intensity":0.0},"local":{"status":"ok","intensity":0.0379,"datasource":"gfs"}},"wind":{"direction":314.9,"speed":5.46}}}
{"status":"ok","lang":"zh_CN","server_time":1522017940,"tzshift":28800,"location":[51.494009,-0.17522353],"unit":"metric","result":{"status":"ok","temperature":8.5,"skycon":"RAIN","cloudrate":0.94,"aqi":10.0,"humidity":0.67,"pres":101097.25,"pm25":10.0,"precipitation":{"nearest":{"status":"ok","distance":10000.0,"intensity":0.0},"local":{"status":"ok","intensity":0.0379,"datasource":"gfs"}},"wind":{"direction":314.9,"speed":5.46}}}
{"status":"ok","lang":"zh_CN","server_time":1522020340,"tzshift":28800,"location":[51.494009,-0.17522353],"unit":"metric","result":{"status":"ok","temperature":7.75,"skycon":"CLOUDY","cloudrate":0.81,"aqi":10.0,"humidity":0.68,"pres":101128.59,"pm25":10.0,"precipitation":{"nearest":{"status":"ok","distance":47.38,"intensity":0.25},"local":{"status":"ok","intensity":0.0217,"datasource":"gfs"}},"wind":{"direction":323.55,"speed":6.72}}}
{"status":"failed", "error":"'API quota is exhausted'"}
{"status":"ok","lang":"zh_CN","server_time":1522024119,"tzshift":28800,"location":[51.494009,-0.17522353],"unit":"metric","result":{"status":"ok","temperature":7.12,"skycon":"PARTLY_CLOUDY_DAY","cloudrate":0.62,"aqi":10.0,"humidity":0.68,"pres":101149.06,"pm25":10.0,"precipitation":{"nearest":{"status":"ok","distance":10000.0,"intensity":0.0},"local":{"status":"ok","intensity":0.0,"datasource":"gfs"}},"wind":{"direction":330.74,"speed":7.89}}}
{"status":"failed", "error":"'API quota is exhausted'"}
{"status":"failed", "error":"'API quota is exhausted'"}
{"status":"failed", "error":"'API quota is exhausted'"}
{"status":"failed", "error":"'API quota is exhausted'"}
{"status":"failed", "error":"'API quota is exhausted'"}
{"status":"ok","lang":"zh_CN","server_time":1522035025,"tzshift":28800,"location":[51.494009,-0.17522353],"unit":"metric","result":{"status":"ok","temperature":7.76,"skycon":"CLEAR_DAY","cloudrate":0.09,"aqi":10.0,"humidity":0.56,"pres":101538.28,"pm25":10.0,"precipitation":{"nearest":{"status":"ok","distance":410.48,"intensity":0.1875},"local":{"status":"ok","intensity":0.0,"datasource":"gfs"}},"wind":{"direction":333.24,"speed":6.69}}}
{"status":"failed", "error":"'API quota is exhausted'"}
{"status":"ok","lang":"zh_CN","server_time":1522038341,"tzshift":28800,"location":[51.494009,-0.17522353],"unit":"metric","result":{"status":"ok","temperature":5.94,"skycon":"PARTLY_CLOUDY_DAY","cloudrate":0.38,"aqi":10.0,"humidity":0.68,"pres":101250.53,"pm25":10.0,"precipitation":{"nearest":{"status":"ok","distance":145.55,"intensity":0.1875},"local":{"status":"ok","intensity":0.0,"datasource":"gfs"}},"wind":{"direction":338.17,"speed":7.84}}}
{"status":"ok","lang":"zh_CN","server_time":1522039542,"tzshift":28800,"location":[51.494009,-0.17522353],"unit":"metric","result":{"status":"ok","temperature":5.94,"skycon":"PARTLY_CLOUDY_DAY","cloudrate":0.38,"aqi":10.0,"humidity":0.68,"pres":101250.53,"pm25":10.0,"precipitation":{"nearest":{"status":"ok","distance":10000.0,"intensity":0.0},"local":{"status":"ok","intensity":0.0,"datasource":"gfs"}},"wind":{"direction":338.17,"speed":7.84}}}
{"status":"failed", "error":"'API quota is exhausted'"}
{"status":"failed", "error":"'API quota is exhausted'"}
{"status":"failed", "error":"'API quota is exhausted'"}
{"status":"ok","lang":"zh_CN","server_time":1522046743,"tzshift":28800,"location":[51.494009,-0.17522353],"unit":"metric","result":{"status":"ok","temperature":4.93,"skycon":"PARTLY_CLOUDY_DAY","cloudrate":0.25,"aqi":10.0,"humidity":0.71,"pres":101303.55,"pm25":10.0,"precipitation":{"nearest":{"status":"ok","distance":10000.0,"intensity":0.0},"local":{"status":"ok","intensity":0.0,"datasource":"gfs"}},"wind":{"direction":329.37,"speed":7.35}}}
{"status":"failed", "error":"'API quota is exhausted'"}
{"status":"failed", "error":"'API quota is exhausted'"}
{"status":"failed", "error":"'API quota is exhausted'"}
{"status":"failed", "error":"'API quota is exhausted'"}
{"status":"failed", "error":"'API quota is exhausted'"}
{"status":"failed", "error":"'API quota is exhausted'"}
{"status":"failed", "error":"'API quota is exhausted'"}
{"status":"failed", "error":"'API quota is exhausted'"}
{"status":"failed", "error":"'API quota is exhausted'"}
{"status":"failed", "error":"'API quota is exhausted'"}
{"status":"failed", "error":"'API quota is exhausted'"}
{"status":"ok","lang":"zh_CN","server_time":1522068342,"tzshift":28800,"location":[51.494009,-0.17522353],"unit":"metric","result":{"status":"ok","temperature":11.65,"skycon":"CLEAR_NIGHT","cloudrate":0.0,"aqi":10.0,"humidity":0.38,"pres":101389.05,"pm25":10.0,"precipitation":{"nearest":{"status":"ok","distance":243.07,"intensity":0.1875},"local":{"status":"ok","intensity":0.0,"datasource":"gfs"}},"wind":{"direction":284.99,"speed":7.42}}}
{"status":"ok","lang":"zh_CN","server_time":1522068342,"tzshift":28800,"location":[51.494009,-0.17522353],"unit":"metric","result":{"status":"ok","temperature":11.65,"skycon":"CLEAR_NIGHT","cloudrate":0.0,"aqi":10.0,"humidity":0.38,"pres":101389.05,"pm25":10.0,"precipitation":{"nearest":{"status":"ok","distance":243.07,"intensity":0.1875},"local":{"status":"ok","intensity":0.0,"datasource":"gfs"}},"wind":{"direction":284.99,"speed":7.42}}}
{"status":"ok","lang":"zh_CN","server_time":1522070747,"tzshift":28800,"location":[51.494009,-0.17522353],"unit":"metric","result":{"status":"ok","temperature":13.22,"skycon":"CLEAR_NIGHT","cloudrate":0.03,"aqi":10,"humidity":0.25,"pres":101703.03,"pm25":10,"precipitation":{"nearest":{"status":"ok","distance":10000.0,"intensity":0.0},"local":{"status":"ok","intensity":0.0,"datasource":"gfs"}},"wind":{"direction":276.56,"speed":6.94}}}
{"status":"ok","lang":"zh_CN","server_time":1522074346,"tzshift":28800,"location":[51.494009,-0.17522353],"unit":"metric","result":{"status":"ok","temperature":12.56,"skycon":"CLEAR_NIGHT","cloudrate":0.13,"aqi":10.0,"humidity":0.36,"pres":101327.18,"pm25":10.0,"precipitation":{"nearest":{"status":"ok","distance":10000.0,"intensity":0.0},"local":{"status":"ok","intensity":0.0,"datasource":"gfs"}},"wind":{"direction":269.7,"speed":9.47}}}
{"status":"ok","lang":"zh_CN","server_time":1522077943,"tzshift":28800,"location":[51.494009,-0.17522353],"unit":"metric","result":{"status":"ok","temperature":13.28,"skycon":"CLEAR_NIGHT","cloudrate":0.11,"aqi":10.0,"humidity":0.27,"pres":101624.39,"pm25":10.0,"precipitation":{"nearest":{"status":"ok","distance":13.02,"intensity":0.25},"local":{"status":"ok","intensity":0.0,"datasource":"gfs"}},"wind":{"direction":262.5,"speed":8.95}}}
