{"status":"ok","lang":"zh_CN","server_time":1521995143,"tzshift":28800,"location":[51.494009,-0.09522353],"unit":"metric","result":{"status":"ok","temperature":11.9,"skycon":"PARTLY_CLOUDY_NIGHT","cloudrate":0.76,"aqi":10.0,"humidity":0.52,"pres":100796.45,"pm25":10.0,"precipitation":{"nearest":{"status":"ok","distance":133.82,"intensity":0.1875},"local":{"status":"ok","intensity":0.0,"datasource":"gfs"}},"wind":{"direction":12.08,"speed":9.38}}}
{"status":"ok","lang":"zh_CN","server_time":1521996343,"tzshift":28800,"location":[51.494009,-0.09522353],"unit":"metric","result":{"status":"ok","temperature":11.9,"skycon":"PARTLY_CLOUDY_NIGHT","cloudrate":0.76,"aqi":10,"humidity":0.52,"pres":100796.45,"pm25":10,"precipitation":{"nearest":{"status":"ok","distance":267.59,"intensity":0.1875},"local":{"status":"ok","intensity":0.0,"datasource":"gfs"}},"wind":{"direction":12.08,"speed":9.38}}}
{"status":"ok","lang":"zh_CN","server_time":1521998745,"tzshift":28800,"location":[51.494009,-0.09522353],"unit":"metric","result":{"status":"ok","temperature":11.37,"skycon":"PARTLY_CLOUDY_NIGHT","cloudrate":0.79,"aqi":10.0,"humidity":0.54,"pres":100827.75,"pm25":10.0,"precipitation":{"nearest":{"status":"ok","distance":109.56,"intensity":0.1875},"local":{"status":"ok","intensity":0.0,"datasource":"gfs"}},"wind":{"direction":6.78,"speed":9.32}}}
{"status":"ok","lang":"zh_CN","server_time":1521999946,"tzshift":28800,"location":[51.494009,-0.09522353],"unit":"metric","result":{"status":"ok","temperature":11.37,"skycon":"PARTLY_CLOUDY_NIGHT","cloudrate":0.79,"aqi":10.0,"humidity":0.54,"pres":100827.75,"pm25":10.0,"precipitation":{"nearest":{"status":"ok","distance":10000.0,"intensity":0.0},"local":{"status":"ok","intensity":0.0,"datasource":"gfs"}},"wind":{"direction":6.78,"speed":9.32}}}
{"status":"ok","lang":"zh_CN","server_time":1522002349,"tzshift":28800,"location":[51.494009,-0.09522353],"unit":"metric","result":{"status":"ok","temperature":10.75,"skycon":"CLOUDY","cloudrate":0.84,"aqi":10.0,"humidity":0.57,"pres":100868.89,"pm25":10.0,"precipitation":{"nearest":{"status":"ok","distance":40.4,"intensity":0.1875},"local":{"status":"ok","intensity":0.0,"datasource":"gfs"}},"wind":{"direction":1.35,"speed":8.71}}}
{"status":"ok","lang":"zh_CN","server_time":1522003540,"tzshift":28800,"location":[51.494009,-0.09522353],"unit":"metric","result":{"status":"ok","temperature":10.75,"skycon":"CLOUDY","cloudrate":0.84,"aqi":10.0,"humidity":0.57,"pres":100868.89,"pm25":10.0,"precipitation":{"nearest":{"status":"ok","distance":128.14,"intensity":0.1875},"local":{"status":"ok","intensity":0.0,"datasource":"gfs"}},"wind":{"direction":1.35,"speed":8.71}}}
{"status":"ok","lang":"zh_CN","server_time":1522005941,"tzshift":28800,"location":[51.494009,-0.09522353],"unit":"metric","result":{"status":"ok","temperature":10.13,"skycon":"CLOUDY","cloudrate":0.9,"aqi":10.0,"humidity":0.6,"pres":100922.03,"pm25":10.0,"precipitation":{"nearest":{"status":"ok","distance":227.9,"intensity":0.25},"local":{"status":"ok","intensity":0.0,"datasource":"gfs"}},"wind":{"direction":355.28,"speed":7.29}}}
{"status":"ok","lang":"zh_CN","server_time":1522007139,"tzshift":28800,"location":[51.494009,-0.09522353],"unit":"metric","result":{"status":"ok","temperature":10.13,"skycon":"CLOUDY","cloudrate":0.9,"aqi":10,"humidity":0.6,"pres":100922.03,"pm25":10,"precipitation":{"nearest":{"status":"ok","distance":10000.0,"intensity":0.0},"local":{"status":"ok","intensity":0.0,"datasource":"gfs"}},"wind":{"direction":355.28,"speed":7.29}}}
{"status":"ok","lang":"zh_CN","server_time":1522009540,"tzshift":28800,"location":[51.494009,-0.09522353],"unit":"metric","result":{"status":"ok","temperature":9.5,"skycon":"CLOUDY","cloudrate":0.95,"aqi":10.0,"humidity":0.63,"pres":100981.98,"pm25":10.0,"precipitation":{"nearest":{"status":"ok","distance":163.0,"intensity":0.1875},"local":{"status":"ok","intensity":0.0,"datasource":"gfs"}},"wind":{"direction":347.17,"speed":5.81}}}
{"status":"ok","lang":"zh_CN","server_time":1522010739,"tzshift":28800,"location":[51.494009,-0.09522353],"unit":"metric","result":{"status":"ok","temperature":9.5,"skycon":"CLOUDY","cloudrate":0.95,"aqi":10.0,"humidity":0.63,"pres":100981.98,"pm25":10.0,"precipitation":{"nearest":{"status":"ok","distance":10000.0,"intensity":0.0},"local":{"status":"ok","intensity":0.0,"datasource":"gfs"}},"wind":{"direction":347.17,"speed":5.81}}}
{"status":"failed", "error":"'API quota is exhausted'"}
{"status":"ok","lang":"zh_CN","server_time":1522014342,"tzshift":28800,"location":[51.494009,-0.09522353],"unit":"metric","result":{"status":"ok","temperature":9.35,"skycon":"RAIN","cloudrate":1.0,"aqi":10.0,"humidity":0.65,"pres":101059.81,"pm25":10.0,"precipitation":{"nearest":{"status":"ok","distance":10000.0,"intensity":0.0},"local":{"status":"ok","intensity":0.0545,"datasource":"gfs"}},"wind":{"direction":319.11,"speed":4.22}}}
{"status":"ok","lang":"zh_CN","server_time":1522016742,"tzshift":28800,"location":[51.494009,-0.07522353],"unit":"metric","result":{"status":"ok","temperature":8.69,"skycon":"RAIN","cloudrate":0.96,"aqi":10.0,"humidity":0.67,"pres":101107.52,"pm25":10.0,"precipitation":{"nearest":{"status":"ok","distance":223.7,"intensity":0.1875},"local":{"status":"ok","intensity":0.0555,"datasource":"gfs"}},"wind":{"direction":316.87,"speed":4.94}}}
{"status":"ok","lang":"zh_CN","server_time":1522017943,"tzshift":28800,"location":[51.494009,-0.07522353],"unit":"metric","result":{"status":"ok","temperature":8.69,"skycon":"RAIN","cloudrate":0.96,"aqi":10.0,"humidity":0.67,"pres":101107.52,"pm25":10.0,"precipitation":{"nearest":{"status":"ok","distance":10000.0,"intensity":0.0},"local":{"status":"ok","intensity":0.0555,"datasource":"gfs"}},"wind":{"direction":316.87,"speed":4.94}}}
{"status":"failed", "error":"'API quota is exhausted'"}
{"status":"failed", "error":"'API quota is exhausted'"}
{"status":"failed", "error":"'API quota is exhausted'"}
{"status":"ok","lang":"zh_CN","server_time":1522025142,"tzshift":28800,"location":[51.494009,-0.07522353],"unit":"metric","result":{"status":"ok","temperature":7.21,"skycon":"PARTLY_CLOUDY_DAY","cloudrate":0.65,"aqi":10.0,"humidity":0.68,"pres":101151.4,"pm25":10.0,"precipitation":{"nearest":{"status":"ok","distance":10000.0,"intensity":0.0},"local":{"status":"ok","intensity":0.0119,"datasource":"gfs"}},"wind":{"direction":328.98,"speed":7.8}}}
{"status":"failed", "error":"'API quota is exhausted'"}
{"status":"failed", "error":"'API quota is exhausted'"}
{"status":"failed", "error":"'API quota is exhausted'"}
{"status":"failed", "error":"'API quota is exhausted'"}
{"status":"ok","lang":"zh_CN","server_time":1522035027,"tzshift":28800,"location":[51.494009,-0.07522353],"unit":"metric","result":{"status":"ok","temperature":5.97,"skycon":"CLEAR_DAY","cloudrate":0.06,"aqi":10.0,"humidity":0.67,"pres":101204.17,"pm25":10.0,"precipitation":{"nearest":{"status":"ok","distance":137.62,"intensity":0.25},"local":{"status":"ok","intensity":0.0,"datasource":"gfs"}},"wind":{"direction":333.51,"speed":7.51}}}
{"status":"failed", "error":"'API quota is exhausted'"}
{"status":"failed", "error":"'API quota is exhausted'"}
{"status":"failed", "error":"'API quota is exhausted'"}
{"status":"failed", "error":"'API quota is exhausted'"}
{"status":"ok","lang":"zh_CN","server_time":1522043147,"tzshift":28800,"location":[51.494009,-0.07522353],"unit":"metric","result":{"status":"ok","temperature":5.31,"skycon":"PARTLY_CLOUDY_DAY","cloudrate":0.3,"aqi":10.0,"humidity":0.7,"pres":101287.77,"pm25":10.0,"precipitation":{"nearest":{"status":"ok","distance":10000.0,"intensity":0.0},"local":{"status":"ok","intensity":0.0,"datasource":"gfs"}},"wind":{"direction":333.51,"speed":7.43}}}
{"status":"failed", "error":"'API quota is exhausted'"}
{"status":"failed", "error":"'API quota is exhausted'"}
{"status":"ok","lang":"zh_CN","server_time":1522049145,"tzshift":28800,"location":[51.494009,-0.07522353],"unit":"metric","result":{"status":"ok","temperature":5.48,"skycon":"CLEAR_DAY","cloudrate":0.16,"aqi":10.0,"humidity":0.68,"pres":101336.78,"pm25":10.0,"precipitation":{"nearest":{"status":"ok","distance":10000.0,"intensity":0.0},"local":{"status":"ok","intensity":0.0,"datasource":"gfs"}},"wind":{"direction":326.67,"speed":7.21}}}
{"status":"failed", "error":"'API quota is exhausted'"}
{"status":"failed", "error":"'API quota is exhausted'"}
{"status":"failed", "error":"'API quota is exhausted'"}
{"status":"ok","lang":"zh_CN","server_time":1522056342,"tzshift":28800,"location":[51.494009,-0.07522353],"unit":"metric","result":{"status":"ok","temperature":8.55,"skycon":"CLEAR_DAY","cloudrate":0.0,"aqi":10.0,"humidity":0.45,"pres":101839.41,"pm25":10.0,"precipitation":{"nearest":{"status":"ok","distance":10000.0,"intensity":0.0},"local":{"status":"ok","intensity":0.0,"datasource":"gfs"}},"wind":{"direction":332.13,"speed":5.09}}}
{"status":"failed", "error":"'API quota is exhausted'"}
{"status":"failed", "error":"'API quota is exhausted'"}
{"status":"failed", "error":"'API quota is exhausted'"}
{"status":"failed", "error":"'API quota is exhausted'"}
{"status":"failed", "error":"'API quota is exhausted'"}
{"status":"failed", "error":"'API quota is exhausted'"}
{"status":"ok","lang":"zh_CN","server_time":1522068343,"tzshift":28800,"location":[51.494009,-0.09522353],"unit":"metric","result":{"status":"ok","temperature":12.97,"skycon":"CLEAR_NIGHT","cloudrate":0.0,"aqi":10.0,"humidity":0.23,"pres":101824.93,"pm25":10.0,"precipitation":{"nearest":{"status":"ok","distance":190.63,"intensity":0.3125},"local":{"status":"ok","intensity":0.0,"datasource":"gfs"}},"wind":{"direction":291.1,"speed":5.06}}}
{"status":"ok","lang":"zh_CN","server_time":1522068343,"tzshift":28800,"location":[51.494009,-0.09522353],"unit":"metric","result":{"status":"ok","temperature":12.97,"skycon":"CLEAR_NIGHT","cloudrate":0.0,"aqi":10.0,"humidity":0.23,"pres":101824.93,"pm25":10.0,"precipitation":{"nearest":{"status":"ok","distance":190.63,"intensity":0.3125},"local":{"status":"ok","intensity":0.0,"datasource":"gfs"}},"wind":{"direction":291.1,"speed":5.06}}}
{"status":"ok","lang":"zh_CN","server_time":1522070749,"tzshift":28800,"location":[51.494009,-0.09522353],"unit":"metric","result":{"status":"ok","temperature":12.32,"skycon":"CLEAR_NIGHT","cloudrate":0.06,"aqi":10.0,"humidity":0.35,"pres":101373.65,"pm25":10.0,"precipitation":{"nearest":{"status":"ok","distance":109.37,"intensity":0.1875},"local":{"status":"ok","intensity":0.0,"datasource":"gfs"}},"wind":{"direction":278.38,"speed":8.44}}}
{"status":"ok","lang":"zh_CN","server_time":1522074348,"tzshift":28800,"location":[51.494009,-0.09522353],"unit":"metric","result":{"status":"ok","temperature":12.59,"skycon":"CLEAR_NIGHT","cloudrate":0.14,"aqi":10.0,"humidity":0.35,"pres":101336.99,"pm25":10.0,"precipitation":{"nearest":{"status":"ok","distance":184.93,"intensity":0.1875},"local":{"status":"ok","intensity":0.0,"datasource":"gfs"}},"wind":{"direction":271.42,"speed":9.25}}}
{"status":"ok","lang":"zh_CN","server_time":1522077944,"tzshift":28800,"location":[51.494009,-0.09522353],"unit":"metric","result":{"status":"ok","temperature":12.52,"skycon":"PARTLY_CLOUDY_NIGHT","cloudrate":0.22,"aqi":10.0,"humidity":0.36,"pres":101294.92,"pm25":10.0,"precipitation":{"nearest":{"status":"ok","distance":13.02,"intensity":0.25},"local":{"status":"ok","intensity":0.0,"datasource":"gfs"}},"wind":{"direction":265.33,"speed":9.56}}}
