{"status":"ok","lang":"zh_CN","server_time":1521995157,"tzshift":28800,"location":[51.464009,-0.15522353],"unit":"metric","result":{"status":"ok","temperature":11.77,"skycon":"PARTLY_CLOUDY_NIGHT","cloudrate":0.8,"aqi":10.0,"humidity":0.53,"pres":100674.77,"pm25":10.0,"precipitation":{"nearest":{"status":"ok","distance":10000.0,"intensity":0.0},"local":{"status":"ok","intensity":0.0,"datasource":"gfs"}},"wind":{"direction":11.33,"speed":9.62}}}
{"status":"ok","lang":"zh_CN","server_time":1521996357,"tzshift":28800,"location":[51.464009,-0.15522353],"unit":"metric","result":{"status":"ok","temperature":12.79,"skycon":"PARTLY_CLOUDY_NIGHT","cloudrate":0.72,"aqi":10.0,"humidity":0.41,"pres":101040.68,"pm25":10.0,"precipitation":{"nearest":{"status":"ok","distance":267.97,"intensity":0.1875},"local":{"status":"ok","intensity":0.0,"datasource":"gfs"}},"wind":{"direction":11.6,"speed":8.91}}}
{"status":"ok","lang":"zh_CN","server_time":1521998759,"tzshift":28800,"location":[51.464009,-0.15522353],"unit":"metric","result":{"status":"ok","temperature":11.2,"skycon":"CLOUDY","cloudrate":0.82,"aqi":10.0,"humidity":0.56,"pres":100706.66,"pm25":10.0,"precipitation":{"nearest":{"status":"ok","distance":60.91,"intensity":0.1875},"local":{"status":"ok","intensity":0.0,"datasource":"gfs"}},"wind":{"direction":6.25,"speed":9.49}}}
{"status":"ok","lang":"zh_CN","server_time":1521999959,"tzshift":28800,"location":[51.464009,-0.15522353],"unit":"metric","result":{"status":"ok","temperature":11.2,"skycon":"CLOUDY","cloudrate":0.82,"aqi":10.0,"humidity":0.56,"pres":100706.66,"pm25":10.0,"precipitation":{"nearest":{"status":"ok","distance":104.0,"intensity":0.1875},"local":{"status":"ok","intensity":0.0,"datasource":"gfs"}},"wind":{"direction":6.25,"speed":9.49}}}
{"status":"ok","lang":"zh_CN","server_time":1522002365,"tzshift":28800,"location":[51.464009,-0.15522353],"unit":"metric","result":{"status":"ok","temperature":10.54,"skycon":"CLOUDY","cloudrate":0.86,"aqi":10.0,"humidity":0.59,"pres":100748.31,"pm25":10.0,"precipitation":{"nearest":{"status":"ok","distance":103.87,"intensity":0.1875},"local":{"status":"ok","intensity":0.0,"datasource":"gfs"}},"wind":{"direction":0.63,"speed":8.84}}}
{"status":"ok","lang":"zh_CN","server_time":1522003554,"tzshift":28800,"location":[51.464009,-0.15522353],"unit":"metric","result":{"status":"ok","temperature":10.54,"skycon":"CLOUDY","cloudrate":0.86,"aqi":10.0,"humidity":0.59,"pres":100748.31,"pm25":10.0,"precipitation":{"nearest":{"status":"ok","distance":10000.0,"intensity":0.0},"local":{"status":"ok","intensity":0.0,"datasource":"gfs"}},"wind":{"direction":0.63,"speed":8.84}}}
{"status":"ok","lang":"zh_CN","server_time":1522005954,"tzshift":28800,"location":[51.464009,-0.15522353],"unit":"metric","result":{"status":"ok","temperature":9.89,"skycon":"CLOUDY","cloudrate":0.91,"aqi":10.0,"humidity":0.62,"pres":100801.72,"pm25":10.0,"precipitation":{"nearest":{"status":"ok","distance":22.64,"intensity":0.1875},"local":{"status":"ok","intensity":0.0,"datasource":"gfs"}},"wind":{"direction":353.78,"speed":7.47}}}
{"status":"ok","lang":"zh_CN","server_time":1522007153,"tzshift":28800,"location":[51.464009,-0.15522353],"unit":"metric","result":{"status":"ok","temperature":11.76,"skycon":"CLOUDY","cloudrate":0.9,"aqi":10.0,"humidity":0.49,"pres":101173.92,"pm25":10.0,"precipitation":{"nearest":{"status":"ok","distance":176.71,"intensity":0.25},"local":{"status":"ok","intensity":0.0037,"datasource":"gfs"}},"wind":{"direction":351.35,"speed":8.56}}}
{"status":"ok","lang":"zh_CN","server_time":1522009553,"tzshift":28800,"location":[51.464009,-0.15522353],"unit":"metric","result":{"status":"ok","temperature":11.21,"skycon":"CLOUDY","cloudrate":0.96,"aqi":10.0,"humidity":0.52,"pres":101235.34,"pm25":10.0,"precipitation":{"nearest":{"status":"ok","distance":10000.0,"intensity":0.0},"local":{"status":"ok","intensity":0.0,"datasource":"gfs"}},"wind":{"direction":339.96,"speed":7.01}}}
{"status":"ok","lang":"zh_CN","server_time":1522010753,"tzshift":28800,"location":[51.464009,-0.15522353],"unit":"metric","result":{"status":"ok","temperature":9.24,"skycon":"CLOUDY","cloudrate":0.95,"aqi":10.0,"humidity":0.64,"pres":100861.77,"pm25":10.0,"precipitation":{"nearest":{"status":"ok","distance":10000.0,"intensity":0.0},"local":{"status":"ok","intensity":0.0,"datasource":"gfs"}},"wind":{"direction":344.76,"speed":6.12}}}
{"status":"ok","lang":"zh_CN","server_time":1522013173,"tzshift":28800,"location":[51.464009,-0.15522353],"unit":"metric","result":{"status":"ok","temperature":8.55,"skycon":"CLOUDY","cloudrate":0.94,"aqi":10.0,"humidity":0.66,"pres":100921.55,"pm25":10.0,"precipitation":{"nearest":{"status":"ok","distance":10000.0,"intensity":0.0},"local":{"status":"ok","intensity":0.0,"datasource":"gfs"}},"wind":{"direction":336.73,"speed":5.64}}}
{"status":"ok","lang":"zh_CN","server_time":1522014356,"tzshift":28800,"location":[51.464009,-0.15522353],"unit":"metric","result":{"status":"ok","temperature":11.02,"skycon":"CLOUDY","cloudrate":1.0,"aqi":10.0,"humidity":0.57,"pres":101315.03,"pm25":10.0,"precipitation":{"nearest":{"status":"ok","distance":10000.0,"intensity":0.0},"local":{"status":"ok","intensity":0.0037,"datasource":"gfs"}},"wind":{"direction":316.7,"speed":4.86}}}
{"status":"failed", "error":"'API quota is exhausted'"}
{"status":"failed", "error":"'API quota is exhausted'"}
{"status":"ok","lang":"zh_CN","server_time":1522020355,"tzshift":28800,"location":[51.464009,-0.15522353],"unit":"metric","result":{"status":"ok","temperature":7.56,"skycon":"RAIN","cloudrate":0.83,"aqi":10,"humidity":0.69,"pres":101016.06,"pm25":10,"precipitation":{"nearest":{"status":"ok","distance":10000.0,"intensity":0.0},"local":{"status":"ok","intensity":0.0342,"datasource":"gfs"}},"wind":{"direction":322.81,"speed":6.63}}}
{"status":"ok","lang":"zh_CN","server_time":1522021556,"tzshift":28800,"location":[51.464009,-0.15522353],"unit":"metric","result":{"status":"ok","temperature":7.49,"skycon":"CLOUDY","cloudrate":0.81,"aqi":10.0,"humidity":0.7,"pres":101016.41,"pm25":10.0,"precipitation":{"nearest":{"status":"ok","distance":161.5,"intensity":0.1875},"local":{"status":"ok","intensity":0.0258,"datasource":"gfs"}},"wind":{"direction":323.21,"speed":6.76}}}
{"status":"failed", "error":"'API quota is exhausted'"}
{"status":"failed", "error":"'API quota is exhausted'"}
{"status":"failed", "error":"'API quota is exhausted'"}
{"status":"failed", "error":"'API quota is exhausted'"}
{"status":"failed", "error":"'API quota is exhausted'"}
{"status":"failed", "error":"'API quota is exhausted'"}
{"status":"failed", "error":"'API quota is exhausted'"}
{"status":"failed", "error":"'API quota is exhausted'"}
{"status":"failed", "error":"'API quota is exhausted'"}
{"status":"failed", "error":"'API quota is exhausted'"}
{"status":"failed", "error":"'API quota is exhausted'"}
{"status":"failed", "error":"'API quota is exhausted'"}
{"status":"failed", "error":"'API quota is exhausted'"}
{"status":"failed", "error":"'API quota is exhausted'"}
{"status":"failed", "error":"'API quota is exhausted'"}
{"status":"failed", "error":"'API quota is exhausted'"}
{"status":"failed", "error":"'API quota is exhausted'"}
{"status":"failed", "error":"'API quota is exhausted'"}
{"status":"failed", "error":"'API quota is exhausted'"}
{"status":"failed", "error":"'API quota is exhausted'"}
{"status":"failed", "error":"'API quota is exhausted'"}
{"status":"failed", "error":"'API quota is exhausted'"}
{"status":"failed", "error":"'API quota is exhausted'"}
{"status":"failed", "error":"'API quota is exhausted'"}
{"status":"failed", "error":"'API quota is exhausted'"}
{"status":"ok","lang":"zh_CN","server_time":1522068357,"tzshift":28800,"location":[51.464009,-0.15522353],"unit":"metric","result":{"status":"ok","temperature":11.5,"skycon":"CLEAR_NIGHT","cloudrate":0.0,"aqi":10,"humidity":0.39,"pres":101278.37,"pm25":10,"precipitation":{"local":{"status":"ok","intensity":0.0,"datasource":"gfs"}},"wind":{"direction":287.25,"speed":7.59}}}
{"status":"ok","lang":"zh_CN","server_time":1522068357,"tzshift":28800,"location":[51.464009,-0.15522353],"unit":"metric","result":{"status":"ok","temperature":11.5,"skycon":"CLEAR_NIGHT","cloudrate":0.0,"aqi":10,"humidity":0.39,"pres":101278.37,"pm25":10,"precipitation":{"local":{"status":"ok","intensity":0.0,"datasource":"gfs"}},"wind":{"direction":287.25,"speed":7.59}}}
{"status":"ok","lang":"zh_CN","server_time":1522070763,"tzshift":28800,"location":[51.464009,-0.15522353],"unit":"metric","result":{"status":"ok","temperature":12.11,"skycon":"CLEAR_NIGHT","cloudrate":0.07,"aqi":10.0,"humidity":0.37,"pres":101254.04,"pm25":10.0,"precipitation":{"local":{"status":"ok","intensity":0.0,"datasource":"gfs"}},"wind":{"direction":277.9,"speed":8.7}}}
{"status":"ok","lang":"zh_CN","server_time":1522074365,"tzshift":28800,"location":[51.464009,-0.15522353],"unit":"metric","result":{"status":"ok","temperature":12.38,"skycon":"CLEAR_NIGHT","cloudrate":0.15,"aqi":10.0,"humidity":0.37,"pres":101218.12,"pm25":10.0,"precipitation":{"nearest":{"status":"ok","distance":6.15,"intensity":0.1875},"local":{"status":"ok","intensity":0.0,"datasource":"gfs"}},"wind":{"direction":270.79,"speed":9.58}}}
{"status":"ok","lang":"zh_CN","server_time":1522077959,"tzshift":28800,"location":[51.464009,-0.15522353],"unit":"metric","result":{"status":"ok","temperature":12.29,"skycon":"PARTLY_CLOUDY_NIGHT","cloudrate":0.24,"aqi":10.0,"humidity":0.39,"pres":101176.7,"pm25":10.0,"precipitation":{"local":{"status":"ok","intensity":0.0,"datasource":"gfs"}},"wind":{"direction":264.26,"speed":9.88}}}
