{"status":"ok","lang":"zh_CN","server_time":1521995144,"tzshift":28800,"location":[51.494009,-0.03522353],"unit":"metric","result":{"status":"ok","temperature":11.87,"skycon":"PARTLY_CLOUDY_NIGHT","cloudrate":0.72,"aqi":10.0,"humidity":0.52,"pres":100803.74,"pm25":10.0,"precipitation":{"nearest":{"status":"ok","distance":10000.0,"intensity":0.0},"local":{"status":"ok","intensity":0.0,"datasource":"gfs"}},"wind":{"direction":13.63,"speed":9.3}}}
{"status":"ok","lang":"zh_CN","server_time":1521996344,"tzshift":28800,"location":[51.494009,-0.03522353],"unit":"metric","result":{"status":"ok","temperature":11.87,"skycon":"PARTLY_CLOUDY_NIGHT","cloudrate":0.72,"aqi":10.0,"humidity":0.52,"pres":100803.74,"pm25":10.0,"precipitation":{"nearest":{"status":"ok","distance":10000.0,"intensity":0.0},"local":{"status":"ok","intensity":0.0,"datasource":"gfs"}},"wind":{"direction":13.63,"speed":9.3}}}
{"status":"ok","lang":"zh_CN","server_time":1521998746,"tzshift":28800,"location":[51.494009,-0.03522353],"unit":"metric","result":{"status":"ok","temperature":11.35,"skycon":"PARTLY_CLOUDY_NIGHT","cloudrate":0.76,"aqi":10.0,"humidity":0.54,"pres":100834.31,"pm25":10.0,"precipitation":{"nearest":{"status":"ok","distance":109.56,"intensity":0.1875},"local":{"status":"ok","intensity":0.0,"datasource":"gfs"}},"wind":{"direction":8.16,"speed":9.17}}}
{"status":"ok","lang":"zh_CN","server_time":1521999947,"tzshift":28800,"location":[51.494009,-0.03522353],"unit":"metric","result":{"status":"ok","temperature":11.35,"skycon":"PARTLY_CLOUDY_NIGHT","cloudrate":0.76,"aqi":10.0,"humidity":0.54,"pres":100834.31,"pm25":10.0,"precipitation":{"nearest":{"status":"ok","distance":376.23,"intensity":0.1875},"local":{"status":"ok","intensity":0.0,"datasource":"gfs"}},"wind":{"direction":8.16,"speed":9.17}}}
{"status":"ok","lang":"zh_CN","server_time":1522002351,"tzshift":28800,"location":[51.494009,-0.03522353],"unit":"metric","result":{"status":"ok","temperature":10.74,"skycon":"CLOUDY","cloudrate":0.82,"aqi":10.0,"humidity":0.57,"pres":100874.96,"pm25":10.0,"precipitation":{"nearest":{"status":"ok","distance":220.69,"intensity":0.1875},"local":{"status":"ok","intensity":0.0,"datasource":"gfs"}},"wind":{"direction":2.91,"speed":8.5}}}
{"status":"ok","lang":"zh_CN","server_time":1522003541,"tzshift":28800,"location":[51.494009,-0.03522353],"unit":"metric","result":{"status":"ok","temperature":10.74,"skycon":"CLOUDY","cloudrate":0.82,"aqi":10.0,"humidity":0.57,"pres":100874.96,"pm25":10.0,"precipitation":{"nearest":{"status":"ok","distance":10000.0,"intensity":0.0},"local":{"status":"ok","intensity":0.0,"datasource":"gfs"}},"wind":{"direction":2.91,"speed":8.5}}}
{"status":"ok","lang":"zh_CN","server_time":1522005942,"tzshift":28800,"location":[51.494009,-0.03522353],"unit":"metric","result":{"status":"ok","temperature":10.13,"skycon":"CLOUDY","cloudrate":0.9,"aqi":10.0,"humidity":0.6,"pres":100928.0,"pm25":10.0,"precipitation":{"nearest":{"status":"ok","distance":126.28,"intensity":0.1875},"local":{"status":"ok","intensity":0.0,"datasource":"gfs"}},"wind":{"direction":357.95,"speed":7.01}}}
{"status":"ok","lang":"zh_CN","server_time":1522007141,"tzshift":28800,"location":[51.494009,-0.03522353],"unit":"metric","result":{"status":"ok","temperature":10.13,"skycon":"CLOUDY","cloudrate":0.9,"aqi":10.0,"humidity":0.6,"pres":100928.0,"pm25":10.0,"precipitation":{"nearest":{"status":"ok","distance":192.43,"intensity":0.1875},"local":{"status":"ok","intensity":0.0,"datasource":"gfs"}},"wind":{"direction":357.95,"speed":7.01}}}
{"status":"ok","lang":"zh_CN","server_time":1522009541,"tzshift":28800,"location":[51.494009,-0.03522353],"unit":"metric","result":{"status":"ok","temperature":9.53,"skycon":"CLOUDY","cloudrate":0.95,"aqi":10.0,"humidity":0.63,"pres":100988.05,"pm25":10.0,"precipitation":{"nearest":{"status":"ok","distance":187.4,"intensity":0.1875},"local":{"status":"ok","intensity":0.0,"datasource":"gfs"}},"wind":{"direction":351.37,"speed":5.45}}}
{"status":"ok","lang":"zh_CN","server_time":1522010741,"tzshift":28800,"location":[51.494009,-0.03522353],"unit":"metric","result":{"status":"ok","temperature":9.53,"skycon":"CLOUDY","cloudrate":0.95,"aqi":10,"humidity":0.63,"pres":100988.05,"pm25":10,"precipitation":{"nearest":{"status":"ok","distance":100.1,"intensity":0.1875},"local":{"status":"ok","intensity":0.0,"datasource":"gfs"}},"wind":{"direction":351.37,"speed":5.45}}}
{"status":"ok","lang":"zh_CN","server_time":1522013142,"tzshift":28800,"location":[51.494009,-0.03522353],"unit":"metric","result":{"status":"ok","temperature":8.88,"skycon":"CLOUDY","cloudrate":0.96,"aqi":10,"humidity":0.65,"pres":101047.82,"pm25":10,"precipitation":{"nearest":{"status":"ok","distance":10000.0,"intensity":0.0},"local":{"status":"ok","intensity":0.0,"datasource":"gfs"}},"wind":{"direction":343.08,"speed":4.8}}}
{"status":"ok","lang":"zh_CN","server_time":1522014344,"tzshift":28800,"location":[51.494009,-0.03522353],"unit":"metric","result":{"status":"ok","temperature":9.46,"skycon":"RAIN","cloudrate":1.0,"aqi":10.0,"humidity":0.65,"pres":101066.26,"pm25":10.0,"precipitation":{"nearest":{"status":"ok","distance":10000.0,"intensity":0.0},"local":{"status":"ok","intensity":0.062,"datasource":"gfs"}},"wind":{"direction":322.91,"speed":3.83}}}
{"status":"ok","lang":"zh_CN","server_time":1522016743,"tzshift":28800,"location":[51.494009,-0.01522353],"unit":"metric","result":{"status":"ok","temperature":8.81,"skycon":"RAIN","cloudrate":0.97,"aqi":10.0,"humidity":0.67,"pres":101113.67,"pm25":10.0,"precipitation":{"nearest":{"status":"ok","distance":47.7,"intensity":0.1875},"local":{"status":"ok","intensity":0.0646,"datasource":"gfs"}},"wind":{"direction":318.26,"speed":4.64}}}
{"status":"ok","lang":"zh_CN","server_time":1522017943,"tzshift":28800,"location":[51.494009,-0.03522353],"unit":"metric","result":{"status":"ok","temperature":8.77,"skycon":"RAIN","cloudrate":0.96,"aqi":10.0,"humidity":0.67,"pres":101111.62,"pm25":10.0,"precipitation":{"nearest":{"status":"ok","distance":122.22,"intensity":0.1875},"local":{"status":"ok","intensity":0.0617,"datasource":"gfs"}},"wind":{"direction":317.78,"speed":4.74}}}
{"status":"failed", "error":"'API quota is exhausted'"}
{"status":"failed", "error":"'API quota is exhausted'"}
{"status":"failed", "error":"'API quota is exhausted'"}
{"status":"ok","lang":"zh_CN","server_time":1522025143,"tzshift":28800,"location":[51.494009,-0.03522353],"unit":"metric","result":{"status":"ok","temperature":7.31,"skycon":"PARTLY_CLOUDY_DAY","cloudrate":0.68,"aqi":10.0,"humidity":0.68,"pres":101161.39,"pm25":10.0,"precipitation":{"nearest":{"status":"ok","distance":9.18,"intensity":0.1875},"local":{"status":"ok","intensity":0.0243,"datasource":"gfs"}},"wind":{"direction":327.56,"speed":7.74}}}
{"status":"failed", "error":"'API quota is exhausted'"}
{"status":"failed", "error":"'API quota is exhausted'"}
{"status":"failed", "error":"'API quota is exhausted'"}
{"status":"ok","lang":"zh_CN","server_time":1522032355,"tzshift":28800,"location":[51.474009,-0.01522353],"unit":"metric","result":{"status":"ok","temperature":6.28,"skycon":"PARTLY_CLOUDY_DAY","cloudrate":0.23,"aqi":10.0,"humidity":0.68,"pres":101104.01,"pm25":10.0,"precipitation":{"nearest":{"status":"ok","distance":10000.0,"intensity":0.0},"local":{"status":"ok","intensity":0.0,"datasource":"gfs"}},"wind":{"direction":333.18,"speed":8.01}}}
{"status":"failed", "error":"'API quota is exhausted'"}
{"status":"failed", "error":"'API quota is exhausted'"}
{"status":"ok","lang":"zh_CN","server_time":1522038354,"tzshift":28800,"location":[51.474009,-0.01522353],"unit":"metric","result":{"status":"ok","temperature":5.78,"skycon":"PARTLY_CLOUDY_DAY","cloudrate":0.29,"aqi":10,"humidity":0.7,"pres":101179.53,"pm25":10,"precipitation":{"nearest":{"status":"ok","distance":240.24,"intensity":0.1875},"local":{"status":"ok","intensity":0.0,"datasource":"gfs"}},"wind":{"direction":338.35,"speed":7.66}}}
{"status":"failed", "error":"'API quota is exhausted'"}
{"status":"failed", "error":"'API quota is exhausted'"}
{"status":"failed", "error":"'API quota is exhausted'"}
{"status":"failed", "error":"'API quota is exhausted'"}
{"status":"failed", "error":"'API quota is exhausted'"}
{"status":"failed", "error":"'API quota is exhausted'"}
{"status":"failed", "error":"'API quota is exhausted'"}
{"status":"failed", "error":"'API quota is exhausted'"}
{"status":"failed", "error":"'API quota is exhausted'"}
{"status":"failed", "error":"'API quota is exhausted'"}
{"status":"failed", "error":"'API quota is exhausted'"}
{"status":"failed", "error":"'API quota is exhausted'"}
{"status":"failed", "error":"'API quota is exhausted'"}
{"status":"failed", "error":"'API quota is exhausted'"}
{"status":"failed", "error":"'API quota is exhausted'"}
{"status":"failed", "error":"'API quota is exhausted'"}
{"status":"ok","lang":"zh_CN","server_time":1522068345,"tzshift":28800,"location":[51.494009,-0.03522353],"unit":"metric","result":{"status":"ok","temperature":11.73,"skycon":"CLEAR_NIGHT","cloudrate":0.0,"aqi":10.0,"humidity":0.37,"pres":101405.82,"pm25":10.0,"precipitation":{"nearest":{"status":"ok","distance":153.11,"intensity":0.1875},"local":{"status":"ok","intensity":0.0,"datasource":"gfs"}},"wind":{"direction":289.3,"speed":7.45}}}
{"status":"ok","lang":"zh_CN","server_time":1522068345,"tzshift":28800,"location":[51.494009,-0.03522353],"unit":"metric","result":{"status":"ok","temperature":11.73,"skycon":"CLEAR_NIGHT","cloudrate":0.0,"aqi":10.0,"humidity":0.37,"pres":101405.82,"pm25":10.0,"precipitation":{"nearest":{"status":"ok","distance":153.11,"intensity":0.1875},"local":{"status":"ok","intensity":0.0,"datasource":"gfs"}},"wind":{"direction":289.3,"speed":7.45}}}
{"status":"ok","lang":"zh_CN","server_time":1522070750,"tzshift":28800,"location":[51.494009,-0.03522353],"unit":"metric","result":{"status":"ok","temperature":12.35,"skycon":"CLEAR_NIGHT","cloudrate":0.07,"aqi":10.0,"humidity":0.35,"pres":101380.9,"pm25":10.0,"precipitation":{"nearest":{"status":"ok","distance":11.48,"intensity":0.1875},"local":{"status":"ok","intensity":0.0,"datasource":"gfs"}},"wind":{"direction":280.02,"speed":8.36}}}
{"status":"ok","lang":"zh_CN","server_time":1522074350,"tzshift":28800,"location":[51.494009,-0.03522353],"unit":"metric","result":{"status":"ok","temperature":13.85,"skycon":"CLEAR_NIGHT","cloudrate":0.03,"aqi":10.0,"humidity":0.2,"pres":101831.85,"pm25":10.0,"precipitation":{"local":{"status":"ok","intensity":0.0,"datasource":"gfs"}},"wind":{"direction":271.89,"speed":7.34}}}
{"status":"ok","lang":"zh_CN","server_time":1522077946,"tzshift":28800,"location":[51.494009,-0.03522353],"unit":"metric","result":{"status":"ok","temperature":12.54,"skycon":"PARTLY_CLOUDY_NIGHT","cloudrate":0.24,"aqi":10.0,"humidity":0.36,"pres":101302.48,"pm25":10.0,"precipitation":{"nearest":{"status":"ok","distance":153.65,"intensity":0.1875},"local":{"status":"ok","intensity":0.0,"datasource":"gfs"}},"wind":{"direction":266.55,"speed":9.39}}}
