{"status":"ok","lang":"zh_CN","server_time":1521995159,"tzshift":28800,"location":[51.464009,-0.05522353],"unit":"metric","result":{"status":"ok","temperature":11.71,"skycon":"PARTLY_CLOUDY_NIGHT","cloudrate":0.75,"aqi":10,"humidity":0.53,"pres":100676.68,"pm25":10,"precipitation":{"nearest":{"status":"ok","distance":167.75,"intensity":0.1875},"local":{"status":"ok","intensity":0.0,"datasource":"gfs"}},"wind":{"direction":13.91,"speed":9.5}}}
{"status":"ok","lang":"zh_CN","server_time":1521996360,"tzshift":28800,"location":[51.464009,-0.05522353],"unit":"metric","result":{"status":"ok","temperature":11.71,"skycon":"PARTLY_CLOUDY_NIGHT","cloudrate":0.75,"aqi":10,"humidity":0.53,"pres":100676.68,"pm25":10,"precipitation":{"nearest":{"status":"ok","distance":252.31,"intensity":0.25},"local":{"status":"ok","intensity":0.0,"datasource":"gfs"}},"wind":{"direction":13.91,"speed":9.5}}}
{"status":"ok","lang":"zh_CN","server_time":1521998761,"tzshift":28800,"location":[51.464009,-0.05522353],"unit":"metric","result":{"status":"ok","temperature":11.15,"skycon":"PARTLY_CLOUDY_NIGHT","cloudrate":0.79,"aqi":10.0,"humidity":0.56,"pres":100707.38,"pm25":10.0,"precipitation":{"nearest":{"status":"ok","distance":4.61,"intensity":0.1875},"local":{"status":"ok","intensity":0.0,"datasource":"gfs"}},"wind":{"direction":8.64,"speed":9.25}}}
{"status":"ok","lang":"zh_CN","server_time":1521999962,"tzshift":28800,"location":[51.464009,-0.05522353],"unit":"metric","result":{"status":"ok","temperature":11.15,"skycon":"PARTLY_CLOUDY_NIGHT","cloudrate":0.79,"aqi":10.0,"humidity":0.56,"pres":100707.38,"pm25":10.0,"precipitation":{"nearest":{"status":"ok","distance":122.45,"intensity":0.1875},"local":{"status":"ok","intensity":0.0,"datasource":"gfs"}},"wind":{"direction":8.64,"speed":9.25}}}
{"status":"ok","lang":"zh_CN","server_time":1522002367,"tzshift":28800,"location":[51.464009,-0.05522353],"unit":"metric","result":{"status":"ok","temperature":10.51,"skycon":"CLOUDY","cloudrate":0.84,"aqi":10.0,"humidity":0.59,"pres":100748.21,"pm25":10.0,"precipitation":{"nearest":{"status":"ok","distance":373.46,"intensity":0.1875},"local":{"status":"ok","intensity":0.0,"datasource":"gfs"}},"wind":{"direction":3.37,"speed":8.49}}}
{"status":"ok","lang":"zh_CN","server_time":1522003556,"tzshift":28800,"location":[51.464009,-0.05522353],"unit":"metric","result":{"status":"ok","temperature":12.79,"skycon":"CLOUDY","cloudrate":0.83,"aqi":10.0,"humidity":0.41,"pres":101223.85,"pm25":10.0,"precipitation":{"nearest":{"status":"ok","distance":211.54,"intensity":0.25},"local":{"status":"ok","intensity":0.0104,"datasource":"gfs"}},"wind":{"direction":1.79,"speed":10.07}}}
{"status":"ok","lang":"zh_CN","server_time":1522005956,"tzshift":28800,"location":[51.464009,-0.05522353],"unit":"metric","result":{"status":"ok","temperature":9.89,"skycon":"CLOUDY","cloudrate":0.91,"aqi":10.0,"humidity":0.62,"pres":100801.47,"pm25":10.0,"precipitation":{"nearest":{"status":"ok","distance":50.64,"intensity":0.1875},"local":{"status":"ok","intensity":0.0,"datasource":"gfs"}},"wind":{"direction":358.23,"speed":7.0}}}
{"status":"ok","lang":"zh_CN","server_time":1522007155,"tzshift":28800,"location":[51.464009,-0.05522353],"unit":"metric","result":{"status":"ok","temperature":9.89,"skycon":"CLOUDY","cloudrate":0.91,"aqi":10.0,"humidity":0.62,"pres":100801.47,"pm25":10.0,"precipitation":{"nearest":{"status":"ok","distance":10000.0,"intensity":0.0},"local":{"status":"ok","intensity":0.0,"datasource":"gfs"}},"wind":{"direction":358.23,"speed":7.0}}}
{"status":"ok","lang":"zh_CN","server_time":1522009555,"tzshift":28800,"location":[51.464009,-0.05522353],"unit":"metric","result":{"status":"ok","temperature":12.02,"skycon":"CLOUDY","cloudrate":1.0,"aqi":10.0,"humidity":0.48,"pres":101340.14,"pm25":10.0,"precipitation":{"nearest":{"status":"ok","distance":10000.0,"intensity":0.0},"local":{"status":"ok","intensity":0.0,"datasource":"gfs"}},"wind":{"direction":342.7,"speed":6.88}}}
{"status":"ok","lang":"zh_CN","server_time":1522010755,"tzshift":28800,"location":[51.464009,-0.05522353],"unit":"metric","result":{"status":"ok","temperature":9.27,"skycon":"CLOUDY","cloudrate":0.96,"aqi":10.0,"humidity":0.65,"pres":100861.68,"pm25":10.0,"precipitation":{"nearest":{"status":"ok","distance":10000.0,"intensity":0.0},"local":{"status":"ok","intensity":0.0,"datasource":"gfs"}},"wind":{"direction":351.39,"speed":5.48}}}
{"status":"ok","lang":"zh_CN","server_time":1522013176,"tzshift":28800,"location":[51.464009,-0.05522353],"unit":"metric","result":{"status":"ok","temperature":8.62,"skycon":"CLOUDY","cloudrate":0.96,"aqi":10.0,"humidity":0.66,"pres":100921.45,"pm25":10.0,"precipitation":{"nearest":{"status":"ok","distance":10000.0,"intensity":0.0},"local":{"status":"ok","intensity":0.0,"datasource":"gfs"}},"wind":{"direction":342.86,"speed":4.86}}}
{"status":"ok","lang":"zh_CN","server_time":1522014358,"tzshift":28800,"location":[51.464009,-0.05522353],"unit":"metric","result":{"status":"ok","temperature":9.21,"skycon":"RAIN","cloudrate":1.0,"aqi":10.0,"humidity":0.67,"pres":100940.19,"pm25":10.0,"precipitation":{"nearest":{"status":"ok","distance":126.66,"intensity":0.3125},"local":{"status":"ok","intensity":0.0666,"datasource":"gfs"}},"wind":{"direction":322.63,"speed":3.87}}}
{"status":"ok","lang":"zh_CN","server_time":1522016758,"tzshift":28800,"location":[51.464009,-0.05522353],"unit":"metric","result":{"status":"ok","temperature":8.69,"skycon":"RAIN","cloudrate":0.96,"aqi":10.0,"humidity":0.67,"pres":101107.52,"pm25":10.0,"precipitation":{"nearest":{"status":"ok","distance":117.11,"intensity":0.1875},"local":{"status":"ok","intensity":0.0555,"datasource":"gfs"}},"wind":{"direction":316.87,"speed":4.94}}}
{"status":"ok","lang":"zh_CN","server_time":1522017958,"tzshift":28800,"location":[51.464009,-0.05522353],"unit":"metric","result":{"status":"ok","temperature":8.69,"skycon":"RAIN","cloudrate":0.96,"aqi":10.0,"humidity":0.67,"pres":101107.52,"pm25":10.0,"precipitation":{"nearest":{"status":"ok","distance":134.18,"intensity":0.1875},"local":{"status":"ok","intensity":0.0555,"datasource":"gfs"}},"wind":{"direction":316.87,"speed":4.94}}}
{"status":"failed", "error":"'API quota is exhausted'"}
{"status":"failed", "error":"'API quota is exhausted'"}
{"status":"failed", "error":"'API quota is exhausted'"}
{"status":"failed", "error":"'API quota is exhausted'"}
{"status":"failed", "error":"'API quota is exhausted'"}
{"status":"failed", "error":"'API quota is exhausted'"}
{"status":"failed", "error":"'API quota is exhausted'"}
{"status":"failed", "error":"'API quota is exhausted'"}
{"status":"failed", "error":"'API quota is exhausted'"}
{"status":"failed", "error":"'API quota is exhausted'"}
{"status":"failed", "error":"'API quota is exhausted'"}
{"status":"failed", "error":"'API quota is exhausted'"}
{"status":"failed", "error":"'API quota is exhausted'"}
{"status":"failed", "error":"'API quota is exhausted'"}
{"status":"failed", "error":"'API quota is exhausted'"}
{"status":"failed", "error":"'API quota is exhausted'"}
{"status":"failed", "error":"'API quota is exhausted'"}
{"status":"failed", "error":"'API quota is exhausted'"}
{"status":"failed", "error":"'API quota is exhausted'"}
{"status":"failed", "error":"'API quota is exhausted'"}
{"status":"failed", "error":"'API quota is exhausted'"}
{"status":"failed", "error":"'API quota is exhausted'"}
{"status":"failed", "error":"'API quota is exhausted'"}
{"status":"failed", "error":"'API quota is exhausted'"}
{"status":"failed", "error":"'API quota is exhausted'"}
{"status":"failed", "error":"'API quota is exhausted'"}
{"status":"failed", "error":"'API quota is exhausted'"}
{"status":"ok","lang":"zh_CN","server_time":1522068360,"tzshift":28800,"location":[51.464009,-0.05522353],"unit":"metric","result":{"status":"ok","temperature":12.82,"skycon":"CLEAR_NIGHT","cloudrate":0.0,"aqi":10.0,"humidity":0.25,"pres":101760.13,"pm25":10.0,"precipitation":{"local":{"status":"ok","intensity":0.0,"datasource":"gfs"}},"wind":{"direction":295.08,"speed":5.27}}}
{"status":"ok","lang":"zh_CN","server_time":1522068360,"tzshift":28800,"location":[51.464009,-0.05522353],"unit":"metric","result":{"status":"ok","temperature":12.82,"skycon":"CLEAR_NIGHT","cloudrate":0.0,"aqi":10.0,"humidity":0.25,"pres":101760.13,"pm25":10.0,"precipitation":{"local":{"status":"ok","intensity":0.0,"datasource":"gfs"}},"wind":{"direction":295.08,"speed":5.27}}}
{"status":"ok","lang":"zh_CN","server_time":1522070766,"tzshift":28800,"location":[51.464009,-0.05522353],"unit":"metric","result":{"status":"ok","temperature":12.15,"skycon":"CLEAR_NIGHT","cloudrate":0.07,"aqi":10.0,"humidity":0.36,"pres":101255.58,"pm25":10.0,"precipitation":{"nearest":{"status":"ok","distance":99.8,"intensity":0.1875},"local":{"status":"ok","intensity":0.0,"datasource":"gfs"}},"wind":{"direction":280.49,"speed":8.58}}}
{"status":"ok","lang":"zh_CN","server_time":1522074367,"tzshift":28800,"location":[51.464009,-0.05522353],"unit":"metric","result":{"status":"ok","temperature":12.41,"skycon":"CLEAR_NIGHT","cloudrate":0.17,"aqi":10.0,"humidity":0.36,"pres":101219.8,"pm25":10.0,"precipitation":{"nearest":{"status":"ok","distance":154.38,"intensity":0.1875},"local":{"status":"ok","intensity":0.0,"datasource":"gfs"}},"wind":{"direction":272.87,"speed":9.34}}}
{"status":"ok","lang":"zh_CN","server_time":1522077961,"tzshift":28800,"location":[51.464009,-0.05522353],"unit":"metric","result":{"status":"ok","temperature":12.31,"skycon":"PARTLY_CLOUDY_NIGHT","cloudrate":0.26,"aqi":10,"humidity":0.38,"pres":101178.71,"pm25":10,"precipitation":{"local":{"status":"ok","intensity":0.0,"datasource":"gfs"}},"wind":{"direction":266.14,"speed":9.62}}}
