{"status":"ok","lang":"zh_CN","server_time":1521995157,"tzshift":28800,"location":[51.464009,-0.11522353],"unit":"metric","result":{"status":"ok","temperature":12.92,"skycon":"PARTLY_CLOUDY_NIGHT","cloudrate":0.71,"aqi":10.0,"humidity":0.39,"pres":101082.44,"pm25":10.0,"precipitation":{"nearest":{"status":"ok","distance":159.08,"intensity":0.1875},"local":{"status":"ok","intensity":0.0,"datasource":"gfs"}},"wind":{"direction":13.01,"speed":8.79}}}
{"status":"ok","lang":"zh_CN","server_time":1521996358,"tzshift":28800,"location":[51.464009,-0.11522353],"unit":"metric","result":{"status":"ok","temperature":12.92,"skycon":"PARTLY_CLOUDY_NIGHT","cloudrate":0.71,"aqi":10.0,"humidity":0.39,"pres":101082.44,"pm25":10.0,"precipitation":{"nearest":{"status":"ok","distance":10000.0,"intensity":0.0},"local":{"status":"ok","intensity":0.0,"datasource":"gfs"}},"wind":{"direction":13.01,"speed":8.79}}}
{"status":"ok","lang":"zh_CN","server_time":1521998760,"tzshift":28800,"location":[51.464009,-0.11522353],"unit":"metric","result":{"status":"ok","temperature":11.18,"skycon":"CLOUDY","cloudrate":0.81,"aqi":10,"humidity":0.56,"pres":100706.95,"pm25":10,"precipitation":{"nearest":{"status":"ok","distance":10000.0,"intensity":0.0},"local":{"status":"ok","intensity":0.0,"datasource":"gfs"}},"wind":{"direction":7.19,"speed":9.39}}}
{"status":"ok","lang":"zh_CN","server_time":1521999960,"tzshift":28800,"location":[51.464009,-0.11522353],"unit":"metric","result":{"status":"ok","temperature":11.18,"skycon":"CLOUDY","cloudrate":0.81,"aqi":10.0,"humidity":0.56,"pres":100706.95,"pm25":10.0,"precipitation":{"nearest":{"status":"ok","distance":243.18,"intensity":0.1875},"local":{"status":"ok","intensity":0.0,"datasource":"gfs"}},"wind":{"direction":7.19,"speed":9.39}}}
{"status":"ok","lang":"zh_CN","server_time":1522002366,"tzshift":28800,"location":[51.464009,-0.11522353],"unit":"metric","result":{"status":"ok","temperature":10.53,"skycon":"CLOUDY","cloudrate":0.85,"aqi":10.0,"humidity":0.59,"pres":100748.27,"pm25":10.0,"precipitation":{"nearest":{"status":"ok","distance":248.53,"intensity":0.1875},"local":{"status":"ok","intensity":0.0,"datasource":"gfs"}},"wind":{"direction":1.7,"speed":8.69}}}
{"status":"ok","lang":"zh_CN","server_time":1522003554,"tzshift":28800,"location":[51.464009,-0.11522353],"unit":"metric","result":{"status":"ok","temperature":10.53,"skycon":"CLOUDY","cloudrate":0.85,"aqi":10.0,"humidity":0.59,"pres":100748.27,"pm25":10.0,"precipitation":{"nearest":{"status":"ok","distance":118.88,"intensity":0.1875},"local":{"status":"ok","intensity":0.0,"datasource":"gfs"}},"wind":{"direction":1.7,"speed":8.69}}}
{"status":"ok","lang":"zh_CN","server_time":1522005955,"tzshift":28800,"location":[51.464009,-0.11522353],"unit":"metric","result":{"status":"ok","temperature":9.89,"skycon":"CLOUDY","cloudrate":0.91,"aqi":10.0,"humidity":0.62,"pres":100801.62,"pm25":10.0,"precipitation":{"nearest":{"status":"ok","distance":15.1,"intensity":0.1875},"local":{"status":"ok","intensity":0.0,"datasource":"gfs"}},"wind":{"direction":355.49,"speed":7.28}}}
{"status":"ok","lang":"zh_CN","server_time":1522007154,"tzshift":28800,"location":[51.464009,-0.11522353],"unit":"metric","result":{"status":"ok","temperature":9.89,"skycon":"CLOUDY","cloudrate":0.91,"aqi":10.0,"humidity":0.62,"pres":100801.62,"pm25":10.0,"precipitation":{"nearest":{"status":"ok","distance":106.33,"intensity":0.1875},"local":{"status":"ok","intensity":0.0,"datasource":"gfs"}},"wind":{"direction":355.49,"speed":7.28}}}
{"status":"ok","lang":"zh_CN","server_time":1522009554,"tzshift":28800,"location":[51.464009,-0.11522353],"unit":"metric","result":{"status":"ok","temperature":9.25,"skycon":"CLOUDY","cloudrate":0.96,"aqi":10.0,"humidity":0.64,"pres":100861.73,"pm25":10.0,"precipitation":{"nearest":{"status":"ok","distance":177.5,"intensity":0.1875},"local":{"status":"ok","intensity":0.0,"datasource":"gfs"}},"wind":{"direction":347.23,"speed":5.85}}}
{"status":"ok","lang":"zh_CN","server_time":1522010753,"tzshift":28800,"location":[51.464009,-0.11522353],"unit":"metric","result":{"status":"ok","temperature":9.25,"skycon":"CLOUDY","cloudrate":0.96,"aqi":10.0,"humidity":0.64,"pres":100861.73,"pm25":10.0,"precipitation":{"nearest":{"status":"ok","distance":10000.0,"intensity":0.0},"local":{"status":"ok","intensity":0.0,"datasource":"gfs"}},"wind":{"direction":347.23,"speed":5.85}}}
{"status":"failed", "error":"'API quota is exhausted'"}
{"status":"ok","lang":"zh_CN","server_time":1522014357,"tzshift":28800,"location":[51.464009,-0.11522353],"unit":"metric","result":{"status":"ok","temperature":9.12,"skycon":"RAIN","cloudrate":1.0,"aqi":10.0,"humidity":0.67,"pres":100939.92,"pm25":10.0,"precipitation":{"nearest":{"status":"ok","distance":10000.0,"intensity":0.0},"local":{"status":"ok","intensity":0.0596,"datasource":"gfs"}},"wind":{"direction":319.44,"speed":4.28}}}
{"status":"failed", "error":"'API quota is exhausted'"}
{"status":"ok","lang":"zh_CN","server_time":1522017957,"tzshift":28800,"location":[51.464009,-0.11522353],"unit":"metric","result":{"status":"ok","temperature":8.41,"skycon":"RAIN","cloudrate":0.95,"aqi":10.0,"humidity":0.69,"pres":100985.38,"pm25":10.0,"precipitation":{"nearest":{"status":"ok","distance":190.3,"intensity":0.1875},"local":{"status":"ok","intensity":0.0568,"datasource":"gfs"}},"wind":{"direction":316.36,"speed":5.09}}}
{"status":"failed", "error":"'API quota is exhausted'"}
{"status":"failed", "error":"'API quota is exhausted'"}
{"status":"failed", "error":"'API quota is exhausted'"}
{"status":"failed", "error":"'API quota is exhausted'"}
{"status":"failed", "error":"'API quota is exhausted'"}
{"status":"ok","lang":"zh_CN","server_time":1522028764,"tzshift":28800,"location":[51.454009,-0.11522353],"unit":"metric","result":{"status":"ok","temperature":6.39,"skycon":"PARTLY_CLOUDY_DAY","cloudrate":0.44,"aqi":10.0,"humidity":0.7,"pres":101009.25,"pm25":10.0,"precipitation":{"nearest":{"status":"ok","distance":186.37,"intensity":0.1875},"local":{"status":"ok","intensity":0.0,"datasource":"gfs"}},"wind":{"direction":331.64,"speed":8.17}}}
{"status":"failed", "error":"'API quota is exhausted'"}
{"status":"failed", "error":"'API quota is exhausted'"}
{"status":"failed", "error":"'API quota is exhausted'"}
{"status":"failed", "error":"'API quota is exhausted'"}
{"status":"ok","lang":"zh_CN","server_time":1522038362,"tzshift":28800,"location":[51.454009,-0.11522353],"unit":"metric","result":{"status":"ok","temperature":5.5,"skycon":"PARTLY_CLOUDY_DAY","cloudrate":0.29,"aqi":10.0,"humidity":0.71,"pres":101097.17,"pm25":10.0,"precipitation":{"nearest":{"status":"ok","distance":69.34,"intensity":0.1875},"local":{"status":"ok","intensity":0.0,"datasource":"gfs"}},"wind":{"direction":338.34,"speed":7.74}}}
{"status":"failed", "error":"'API quota is exhausted'"}
{"status":"failed", "error":"'API quota is exhausted'"}
{"status":"failed", "error":"'API quota is exhausted'"}
{"status":"failed", "error":"'API quota is exhausted'"}
{"status":"failed", "error":"'API quota is exhausted'"}
{"status":"failed", "error":"'API quota is exhausted'"}
{"status":"failed", "error":"'API quota is exhausted'"}
{"status":"failed", "error":"'API quota is exhausted'"}
{"status":"failed", "error":"'API quota is exhausted'"}
{"status":"failed", "error":"'API quota is exhausted'"}
{"status":"failed", "error":"'API quota is exhausted'"}
{"status":"failed", "error":"'API quota is exhausted'"}
{"status":"failed", "error":"'API quota is exhausted'"}
{"status":"failed", "error":"'API quota is exhausted'"}
{"status":"failed", "error":"'API quota is exhausted'"}
{"status":"failed", "error":"'API quota is exhausted'"}
{"status":"ok","lang":"zh_CN","server_time":1522068358,"tzshift":28800,"location":[51.464009,-0.11522353],"unit":"metric","result":{"status":"ok","temperature":11.52,"skycon":"CLEAR_NIGHT","cloudrate":0.0,"aqi":10.0,"humidity":0.39,"pres":101278.95,"pm25":10.0,"precipitation":{"nearest":{"status":"ok","distance":10000.0,"intensity":0.0},"local":{"status":"ok","intensity":0.0,"datasource":"gfs"}},"wind":{"direction":288.42,"speed":7.6}}}
{"status":"ok","lang":"zh_CN","server_time":1522068358,"tzshift":28800,"location":[51.464009,-0.11522353],"unit":"metric","result":{"status":"ok","temperature":11.52,"skycon":"CLEAR_NIGHT","cloudrate":0.0,"aqi":10.0,"humidity":0.39,"pres":101278.95,"pm25":10.0,"precipitation":{"nearest":{"status":"ok","distance":10000.0,"intensity":0.0},"local":{"status":"ok","intensity":0.0,"datasource":"gfs"}},"wind":{"direction":288.42,"speed":7.6}}}
{"status":"ok","lang":"zh_CN","server_time":1522070764,"tzshift":28800,"location":[51.464009,-0.11522353],"unit":"metric","result":{"status":"ok","temperature":12.13,"skycon":"CLEAR_NIGHT","cloudrate":0.07,"aqi":10,"humidity":0.37,"pres":101254.65,"pm25":10,"precipitation":{"nearest":{"status":"ok","distance":10000.0,"intensity":0.0},"local":{"status":"ok","intensity":0.0,"datasource":"gfs"}},"wind":{"direction":278.93,"speed":8.65}}}
{"status":"ok","lang":"zh_CN","server_time":1522074365,"tzshift":28800,"location":[51.464009,-0.11522353],"unit":"metric","result":{"status":"ok","temperature":12.39,"skycon":"CLEAR_NIGHT","cloudrate":0.16,"aqi":10.0,"humidity":0.37,"pres":101218.79,"pm25":10.0,"precipitation":{"nearest":{"status":"ok","distance":1082.6,"intensity":0.1875},"local":{"status":"ok","intensity":0.0,"datasource":"gfs"}},"wind":{"direction":271.61,"speed":9.48}}}
{"status":"ok","lang":"zh_CN","server_time":1522077960,"tzshift":28800,"location":[51.464009,-0.11522353],"unit":"metric","result":{"status":"ok","temperature":12.3,"skycon":"PARTLY_CLOUDY_NIGHT","cloudrate":0.24,"aqi":10.0,"humidity":0.38,"pres":101177.51,"pm25":10.0,"precipitation":{"local":{"status":"ok","intensity":0.0,"datasource":"gfs"}},"wind":{"direction":265.0,"speed":9.77}}}
