{"status":"ok","lang":"zh_CN","server_time":1521995155,"tzshift":28800,"location":[51.464009,-0.23522353],"unit":"metric","result":{"status":"ok","temperature":11.97,"skycon":"CLOUDY","cloudrate":0.84,"aqi":10.0,"humidity":0.52,"pres":100779.44,"pm25":10.0,"precipitation":{"nearest":{"status":"ok","distance":265.73,"intensity":0.1875},"local":{"status":"ok","intensity":0.0,"datasource":"gfs"}},"wind":{"direction":8.57,"speed":9.6}}}
{"status":"ok","lang":"zh_CN","server_time":1521996355,"tzshift":28800,"location":[51.464009,-0.23522353],"unit":"metric","result":{"status":"ok","temperature":12.7,"skycon":"PARTLY_CLOUDY_NIGHT","cloudrate":0.76,"aqi":10,"humidity":0.42,"pres":101051.43,"pm25":10,"precipitation":{"nearest":{"status":"ok","distance":10000.0,"intensity":0.0},"local":{"status":"ok","intensity":0.0,"datasource":"gfs"}},"wind":{"direction":8.2,"speed":8.98}}}
{"status":"ok","lang":"zh_CN","server_time":1521998757,"tzshift":28800,"location":[51.464009,-0.23522353],"unit":"metric","result":{"status":"ok","temperature":11.43,"skycon":"CLOUDY","cloudrate":0.85,"aqi":10.0,"humidity":0.54,"pres":100812.42,"pm25":10.0,"precipitation":{"nearest":{"status":"ok","distance":233.48,"intensity":0.25},"local":{"status":"ok","intensity":0.0,"datasource":"gfs"}},"wind":{"direction":3.74,"speed":9.69}}}
{"status":"ok","lang":"zh_CN","server_time":1521999957,"tzshift":28800,"location":[51.464009,-0.23522353],"unit":"metric","result":{"status":"ok","temperature":12.42,"skycon":"PARTLY_CLOUDY_NIGHT","cloudrate":0.79,"aqi":10.0,"humidity":0.45,"pres":101085.19,"pm25":10.0,"precipitation":{"nearest":{"status":"ok","distance":139.6,"intensity":0.25},"local":{"status":"ok","intensity":0.0035,"datasource":"gfs"}},"wind":{"direction":3.3,"speed":9.81}}}
{"status":"ok","lang":"zh_CN","server_time":1522002363,"tzshift":28800,"location":[51.464009,-0.23522353],"unit":"metric","result":{"status":"ok","temperature":10.79,"skycon":"CLOUDY","cloudrate":0.87,"aqi":10.0,"humidity":0.57,"pres":100854.72,"pm25":10.0,"precipitation":{"nearest":{"status":"ok","distance":787.56,"intensity":0.25},"local":{"status":"ok","intensity":0.0028,"datasource":"gfs"}},"wind":{"direction":357.97,"speed":9.21}}}
{"status":"ok","lang":"zh_CN","server_time":1522003552,"tzshift":28800,"location":[51.464009,-0.23522353],"unit":"metric","result":{"status":"ok","temperature":10.79,"skycon":"CLOUDY","cloudrate":0.87,"aqi":10.0,"humidity":0.57,"pres":100854.72,"pm25":10.0,"precipitation":{"nearest":{"status":"ok","distance":281.45,"intensity":0.1875},"local":{"status":"ok","intensity":0.0028,"datasource":"gfs"}},"wind":{"direction":357.97,"speed":9.21}}}
{"status":"ok","lang":"zh_CN","server_time":1522005952,"tzshift":28800,"location":[51.464009,-0.23522353],"unit":"metric","result":{"status":"ok","temperature":10.12,"skycon":"CLOUDY","cloudrate":0.91,"aqi":10.0,"humidity":0.6,"pres":100908.09,"pm25":10.0,"precipitation":{"nearest":{"status":"ok","distance":51.35,"intensity":0.1875},"local":{"status":"ok","intensity":0.0,"datasource":"gfs"}},"wind":{"direction":349.81,"speed":7.98}}}
{"status":"ok","lang":"zh_CN","server_time":1522007151,"tzshift":28800,"location":[51.464009,-0.23522353],"unit":"metric","result":{"status":"ok","temperature":10.12,"skycon":"CLOUDY","cloudrate":0.91,"aqi":10,"humidity":0.6,"pres":100908.09,"pm25":10,"precipitation":{"nearest":{"status":"ok","distance":132.83,"intensity":0.1875},"local":{"status":"ok","intensity":0.0,"datasource":"gfs"}},"wind":{"direction":349.81,"speed":7.98}}}
{"status":"ok","lang":"zh_CN","server_time":1522009551,"tzshift":28800,"location":[51.464009,-0.23522353],"unit":"metric","result":{"status":"ok","temperature":9.44,"skycon":"CLOUDY","cloudrate":0.94,"aqi":10,"humidity":0.62,"pres":100967.82,"pm25":10,"precipitation":{"nearest":{"status":"ok","distance":10000.0,"intensity":0.0},"local":{"status":"ok","intensity":0.0,"datasource":"gfs"}},"wind":{"direction":339.25,"speed":6.77}}}
{"status":"ok","lang":"zh_CN","server_time":1522010751,"tzshift":28800,"location":[51.464009,-0.23522353],"unit":"metric","result":{"status":"ok","temperature":9.44,"skycon":"CLOUDY","cloudrate":0.94,"aqi":10.0,"humidity":0.62,"pres":100967.82,"pm25":10.0,"precipitation":{"nearest":{"status":"ok","distance":10000.0,"intensity":0.0},"local":{"status":"ok","intensity":0.0,"datasource":"gfs"}},"wind":{"direction":339.25,"speed":6.77}}}
{"status":"ok","lang":"zh_CN","server_time":1522013170,"tzshift":28800,"location":[51.464009,-0.23522353],"unit":"metric","result":{"status":"ok","temperature":10.24,"skycon":"CLOUDY","cloudrate":0.87,"aqi":10.0,"humidity":0.55,"pres":101306.46,"pm25":10.0,"precipitation":{"nearest":{"status":"ok","distance":10000.0,"intensity":0.0},"local":{"status":"ok","intensity":0.0,"datasource":"gfs"}},"wind":{"direction":328.72,"speed":6.56}}}
{"status":"ok","lang":"zh_CN","server_time":1522014359,"tzshift":28800,"location":[51.454009,-0.23522353],"unit":"metric","result":{"status":"ok","temperature":8.96,"skycon":"RAIN","cloudrate":1.0,"aqi":10.0,"humidity":0.67,"pres":100939.47,"pm25":10.0,"precipitation":{"nearest":{"status":"ok","distance":84.08,"intensity":0.25},"local":{"status":"ok","intensity":0.0463,"datasource":"gfs"}},"wind":{"direction":315.31,"speed":4.97}}}
{"status":"ok","lang":"zh_CN","server_time":1522016759,"tzshift":28800,"location":[51.454009,-0.23522353],"unit":"metric","result":{"status":"ok","temperature":8.13,"skycon":"RAIN","cloudrate":0.94,"aqi":10.0,"humidity":0.69,"pres":100950.21,"pm25":10.0,"precipitation":{"nearest":{"status":"ok","distance":10000.0,"intensity":0.0},"local":{"status":"ok","intensity":0.0387,"datasource":"gfs"}},"wind":{"direction":315.16,"speed":5.73}}}
{"status":"failed", "error":"'API quota is exhausted'"}
{"status":"failed", "error":"'API quota is exhausted'"}
{"status":"failed", "error":"'API quota is exhausted'"}
{"status":"failed", "error":"'API quota is exhausted'"}
{"status":"failed", "error":"'API quota is exhausted'"}
{"status":"failed", "error":"'API quota is exhausted'"}
{"status":"failed", "error":"'API quota is exhausted'"}
{"status":"failed", "error":"'API quota is exhausted'"}
{"status":"failed", "error":"'API quota is exhausted'"}
{"status":"ok","lang":"zh_CN","server_time":1522035045,"tzshift":28800,"location":[51.454009,-0.23522353],"unit":"metric","result":{"status":"ok","temperature":5.45,"skycon":"CLEAR_DAY","cloudrate":0.06,"aqi":10.0,"humidity":0.7,"pres":101047.26,"pm25":10.0,"precipitation":{"nearest":{"status":"ok","distance":113.12,"intensity":0.25},"local":{"status":"ok","intensity":0.0,"datasource":"gfs"}},"wind":{"direction":332.95,"speed":7.41}}}
{"status":"failed", "error":"'API quota is exhausted'"}
{"status":"failed", "error":"'API quota is exhausted'"}
{"status":"failed", "error":"'API quota is exhausted'"}
{"status":"failed", "error":"'API quota is exhausted'"}
{"status":"failed", "error":"'API quota is exhausted'"}
{"status":"failed", "error":"'API quota is exhausted'"}
{"status":"failed", "error":"'API quota is exhausted'"}
{"status":"failed", "error":"'API quota is exhausted'"}
{"status":"failed", "error":"'API quota is exhausted'"}
{"status":"failed", "error":"'API quota is exhausted'"}
{"status":"ok","lang":"zh_CN","server_time":1522053978,"tzshift":28800,"location":[51.454009,-0.23522353],"unit":"metric","result":{"status":"ok","temperature":6.73,"skycon":"CLEAR_DAY","cloudrate":0.06,"aqi":10.0,"humidity":0.6,"pres":101498.59,"pm25":10.0,"precipitation":{"nearest":{"status":"ok","distance":393.2,"intensity":0.1875},"local":{"status":"ok","intensity":0.0,"datasource":"gfs"}},"wind":{"direction":331.73,"speed":6.5}}}
{"status":"failed", "error":"'API quota is exhausted'"}
{"status":"failed", "error":"'API quota is exhausted'"}
{"status":"failed", "error":"'API quota is exhausted'"}
{"status":"failed", "error":"'API quota is exhausted'"}
{"status":"failed", "error":"'API quota is exhausted'"}
{"status":"failed", "error":"'API quota is exhausted'"}
{"status":"ok","lang":"zh_CN","server_time":1522067163,"tzshift":28800,"location":[51.454009,-0.23522353],"unit":"metric","result":{"status":"ok","temperature":11.48,"skycon":"CLEAR_NIGHT","cloudrate":0.0,"aqi":10.0,"humidity":0.39,"pres":101277.49,"pm25":10.0,"precipitation":{"nearest":{"status":"ok","distance":98.06,"intensity":0.1875},"local":{"status":"ok","intensity":0.0,"datasource":"gfs"}},"wind":{"direction":285.48,"speed":7.57}}}
{"status":"ok","lang":"zh_CN","server_time":1522068356,"tzshift":28800,"location":[51.464009,-0.23522353],"unit":"metric","result":{"status":"ok","temperature":11.62,"skycon":"CLEAR_NIGHT","cloudrate":0.0,"aqi":10.0,"humidity":0.38,"pres":101381.86,"pm25":10.0,"precipitation":{"local":{"status":"ok","intensity":0.0,"datasource":"gfs"}},"wind":{"direction":283.13,"speed":7.42}}}
{"status":"ok","lang":"zh_CN","server_time":1522068356,"tzshift":28800,"location":[51.464009,-0.23522353],"unit":"metric","result":{"status":"ok","temperature":11.62,"skycon":"CLEAR_NIGHT","cloudrate":0.0,"aqi":10.0,"humidity":0.38,"pres":101381.86,"pm25":10.0,"precipitation":{"local":{"status":"ok","intensity":0.0,"datasource":"gfs"}},"wind":{"direction":283.13,"speed":7.42}}}
{"status":"ok","lang":"zh_CN","server_time":1522070761,"tzshift":28800,"location":[51.464009,-0.23522353],"unit":"metric","result":{"status":"ok","temperature":12.26,"skycon":"CLEAR_NIGHT","cloudrate":0.05,"aqi":10.0,"humidity":0.36,"pres":101356.73,"pm25":10.0,"precipitation":{"local":{"status":"ok","intensity":0.0,"datasource":"gfs"}},"wind":{"direction":274.67,"speed":8.65}}}
{"status":"ok","lang":"zh_CN","server_time":1522074362,"tzshift":28800,"location":[51.464009,-0.23522353],"unit":"metric","result":{"status":"ok","temperature":12.55,"skycon":"CLEAR_NIGHT","cloudrate":0.11,"aqi":10.0,"humidity":0.36,"pres":101319.83,"pm25":10.0,"precipitation":{"nearest":{"status":"ok","distance":10000.0,"intensity":0.0},"local":{"status":"ok","intensity":0.0,"datasource":"gfs"}},"wind":{"direction":268.46,"speed":9.63}}}
{"status":"ok","lang":"zh_CN","server_time":1522077957,"tzshift":28800,"location":[51.464009,-0.23522353],"unit":"metric","result":{"status":"ok","temperature":12.49,"skycon":"CLEAR_NIGHT","cloudrate":0.17,"aqi":10.0,"humidity":0.37,"pres":101277.27,"pm25":10.0,"precipitation":{"local":{"status":"ok","intensity":0.0,"datasource":"gfs"}},"wind":{"direction":262.65,"speed":9.98}}}
