{"status":"ok","lang":"zh_CN","server_time":1521995166,"tzshift":28800,"location":[51.280976,-0.546521],"unit":"metric","result":{"status":"ok","temperature":11.08,"skycon":"PARTLY_CLOUDY_NIGHT","cloudrate":0.79,"aqi":10.0,"humidity":0.64,"pres":100273.96,"pm25":10.0,"precipitation":{"nearest":{"status":"ok","distance":96.99,"intensity":0.1875},"local":{"status":"ok","intensity":0.0,"datasource":"gfs"}},"wind":{"direction":4.24,"speed":11.06}}}
{"status":"ok","lang":"zh_CN","server_time":1521996366,"tzshift":28800,"location":[51.280976,-0.546521],"unit":"metric","result":{"status":"ok","temperature":11.08,"skycon":"PARTLY_CLOUDY_NIGHT","cloudrate":0.79,"aqi":10.0,"humidity":0.64,"pres":100273.96,"pm25":10.0,"precipitation":{"nearest":{"status":"ok","distance":10000.0,"intensity":0.0},"local":{"status":"ok","intensity":0.0,"datasource":"gfs"}},"wind":{"direction":4.24,"speed":11.06}}}
{"status":"ok","lang":"zh_CN","server_time":1521998768,"tzshift":28800,"location":[51.280976,-0.546521],"unit":"metric","result":{"status":"ok","temperature":10.13,"skycon":"CLOUDY","cloudrate":0.82,"aqi":10.0,"humidity":0.69,"pres":100306.21,"pm25":10.0,"precipitation":{"nearest":{"status":"ok","distance":193.72,"intensity":0.1875},"local":{"status":"ok","intensity":0.0139,"datasource":"gfs"}},"wind":{"direction":359.46,"speed":10.3}}}
{"status":"ok","lang":"zh_CN","server_time":1521999968,"tzshift":28800,"location":[51.280976,-0.546521],"unit":"metric","result":{"status":"ok","temperature":10.13,"skycon":"CLOUDY","cloudrate":0.82,"aqi":10.0,"humidity":0.69,"pres":100306.21,"pm25":10.0,"precipitation":{"nearest":{"status":"ok","distance":16.53,"intensity":0.1875},"local":{"status":"ok","intensity":0.0139,"datasource":"gfs"}},"wind":{"direction":359.46,"speed":10.3}}}
{"status":"ok","lang":"zh_CN","server_time":1522002374,"tzshift":28800,"location":[51.280976,-0.546521],"unit":"metric","result":{"status":"ok","temperature":9.03,"skycon":"CLOUDY","cloudrate":0.87,"aqi":10.0,"humidity":0.74,"pres":100349.53,"pm25":10.0,"precipitation":{"nearest":{"status":"ok","distance":10000.0,"intensity":0.0},"local":{"status":"ok","intensity":0.028,"datasource":"gfs"}},"wind":{"direction":353.26,"speed":9.37}}}
{"status":"ok","lang":"zh_CN","server_time":1522003562,"tzshift":28800,"location":[51.280976,-0.546521],"unit":"metric","result":{"status":"ok","temperature":9.03,"skycon":"CLOUDY","cloudrate":0.87,"aqi":10.0,"humidity":0.74,"pres":100349.53,"pm25":10.0,"precipitation":{"nearest":{"status":"ok","distance":278.34,"intensity":0.25},"local":{"status":"ok","intensity":0.028,"datasource":"gfs"}},"wind":{"direction":353.26,"speed":9.37}}}
{"status":"ok","lang":"zh_CN","server_time":1522005963,"tzshift":28800,"location":[51.280976,-0.546521],"unit":"metric","result":{"status":"ok","temperature":7.97,"skycon":"CLOUDY","cloudrate":0.92,"aqi":10.0,"humidity":0.77,"pres":100406.17,"pm25":10.0,"precipitation":{"nearest":{"status":"ok","distance":10.78,"intensity":0.1875},"local":{"status":"ok","intensity":0.0191,"datasource":"gfs"}},"wind":{"direction":345.22,"speed":8.42}}}
{"status":"ok","lang":"zh_CN","server_time":1522007162,"tzshift":28800,"location":[51.280976,-0.546521],"unit":"metric","result":{"status":"ok","temperature":7.97,"skycon":"CLOUDY","cloudrate":0.92,"aqi":10.0,"humidity":0.77,"pres":100406.17,"pm25":10.0,"precipitation":{"nearest":{"status":"ok","distance":226.18,"intensity":0.1875},"local":{"status":"ok","intensity":0.0191,"datasource":"gfs"}},"wind":{"direction":345.22,"speed":8.42}}}
{"status":"ok","lang":"zh_CN","server_time":1522009562,"tzshift":28800,"location":[51.280976,-0.546521],"unit":"metric","result":{"status":"ok","temperature":6.97,"skycon":"CLOUDY","cloudrate":0.94,"aqi":10.0,"humidity":0.79,"pres":100469.77,"pm25":10.0,"precipitation":{"nearest":{"status":"ok","distance":218.9,"intensity":0.1875},"local":{"status":"ok","intensity":0.0,"datasource":"gfs"}},"wind":{"direction":336.83,"speed":7.77}}}
{"status":"ok","lang":"zh_CN","server_time":1522010761,"tzshift":28800,"location":[51.280976,-0.546521],"unit":"metric","result":{"status":"ok","temperature":6.97,"skycon":"CLOUDY","cloudrate":0.94,"aqi":10.0,"humidity":0.79,"pres":100469.77,"pm25":10.0,"precipitation":{"nearest":{"status":"ok","distance":10000.0,"intensity":0.0},"local":{"status":"ok","intensity":0.0,"datasource":"gfs"}},"wind":{"direction":336.83,"speed":7.77}}}
{"status":"ok","lang":"zh_CN","server_time":1522013183,"tzshift":28800,"location":[51.280976,-0.546521],"unit":"metric","result":{"status":"ok","temperature":6.04,"skycon":"CLOUDY","cloudrate":0.91,"aqi":10.0,"humidity":0.8,"pres":100531.81,"pm25":10.0,"precipitation":{"nearest":{"status":"ok","distance":10000.0,"intensity":0.0},"local":{"status":"ok","intensity":0.0,"datasource":"gfs"}},"wind":{"direction":331.67,"speed":7.59}}}
{"status":"ok","lang":"zh_CN","server_time":1522014364,"tzshift":28800,"location":[51.280976,-0.546521],"unit":"metric","result":{"status":"ok","temperature":6.89,"skycon":"RAIN","cloudrate":1.0,"aqi":10.0,"humidity":0.81,"pres":100547.54,"pm25":10.0,"precipitation":{"nearest":{"status":"ok","distance":10000.0,"intensity":0.0},"local":{"status":"ok","intensity":0.0519,"datasource":"gfs"}},"wind":{"direction":323.31,"speed":6.41}}}
{"status":"ok","lang":"zh_CN","server_time":1522016764,"tzshift":28800,"location":[51.280976,-0.546521],"unit":"metric","result":{"status":"ok","temperature":5.97,"skycon":"RAIN","cloudrate":0.92,"aqi":10.0,"humidity":0.83,"pres":100593.48,"pm25":10.0,"precipitation":{"nearest":{"status":"ok","distance":10000.0,"intensity":0.0},"local":{"status":"ok","intensity":0.0476,"datasource":"gfs"}},"wind":{"direction":319.63,"speed":6.81}}}
{"status":"failed", "error":"'API quota is exhausted'"}
{"status":"failed", "error":"'API quota is exhausted'"}
{"status":"failed", "error":"'API quota is exhausted'"}
{"status":"ok","lang":"zh_CN","server_time":1522024144,"tzshift":28800,"location":[51.280976,-0.546521],"unit":"metric","result":{"status":"ok","temperature":4.27,"skycon":"PARTLY_CLOUDY_DAY","cloudrate":0.57,"aqi":10,"humidity":0.85,"pres":100643.07,"pm25":10,"precipitation":{"nearest":{"status":"ok","distance":274.01,"intensity":0.1875},"local":{"status":"ok","intensity":0.0149,"datasource":"gfs"}},"wind":{"direction":324.88,"speed":8.07}}}
{"status":"failed", "error":"'API quota is exhausted'"}
{"status":"failed", "error":"'API quota is exhausted'"}
{"status":"failed", "error":"'API quota is exhausted'"}
{"status":"ok","lang":"zh_CN","server_time":1522031165,"tzshift":28800,"location":[51.280976,-0.546521],"unit":"metric","result":{"status":"ok","temperature":3.52,"skycon":"CLEAR_DAY","cloudrate":0.15,"aqi":10.0,"humidity":0.84,"pres":100671.06,"pm25":10.0,"precipitation":{"nearest":{"status":"ok","distance":194.53,"intensity":0.1875},"local":{"status":"ok","intensity":0.0,"datasource":"gfs"}},"wind":{"direction":331.77,"speed":7.86}}}
{"status":"failed", "error":"'API quota is exhausted'"}
{"status":"failed", "error":"'API quota is exhausted'"}
{"status":"failed", "error":"'API quota is exhausted'"}
{"status":"failed", "error":"'API quota is exhausted'"}
{"status":"failed", "error":"'API quota is exhausted'"}
{"status":"failed", "error":"'API quota is exhausted'"}
{"status":"failed", "error":"'API quota is exhausted'"}
{"status":"failed", "error":"'API quota is exhausted'"}
{"status":"failed", "error":"'API quota is exhausted'"}
{"status":"failed", "error":"'API quota is exhausted'"}
{"status":"failed", "error":"'API quota is exhausted'"}
{"status":"failed", "error":"'API quota is exhausted'"}
{"status":"failed", "error":"'API quota is exhausted'"}
{"status":"failed", "error":"'API quota is exhausted'"}
{"status":"failed", "error":"'API quota is exhausted'"}
{"status":"failed", "error":"'API quota is exhausted'"}
{"status":"failed", "error":"'API quota is exhausted'"}
{"status":"failed", "error":"'API quota is exhausted'"}
{"status":"failed", "error":"'API quota is exhausted'"}
{"status":"failed", "error":"'API quota is exhausted'"}
{"status":"ok","lang":"zh_CN","server_time":1522068367,"tzshift":28800,"location":[51.280976,-0.546521],"unit":"metric","result":{"status":"ok","temperature":10.62,"skycon":"CLEAR_NIGHT","cloudrate":0.0,"aqi":10.0,"humidity":0.49,"pres":100886.61,"pm25":10.0,"precipitation":{"local":{"status":"ok","intensity":0.0,"datasource":"gfs"}},"wind":{"direction":286.34,"speed":8.57}}}
{"status":"ok","lang":"zh_CN","server_time":1522068367,"tzshift":28800,"location":[51.280976,-0.546521],"unit":"metric","result":{"status":"ok","temperature":10.62,"skycon":"CLEAR_NIGHT","cloudrate":0.0,"aqi":10.0,"humidity":0.49,"pres":100886.61,"pm25":10.0,"precipitation":{"local":{"status":"ok","intensity":0.0,"datasource":"gfs"}},"wind":{"direction":286.34,"speed":8.57}}}
{"status":"ok","lang":"zh_CN","server_time":1522070773,"tzshift":28800,"location":[51.280976,-0.546521],"unit":"metric","result":{"status":"ok","temperature":10.99,"skycon":"CLEAR_NIGHT","cloudrate":0.19,"aqi":10.0,"humidity":0.48,"pres":100866.76,"pm25":10.0,"precipitation":{"local":{"status":"ok","intensity":0.0,"datasource":"gfs"}},"wind":{"direction":276.94,"speed":9.89}}}
{"status":"ok","lang":"zh_CN","server_time":1522074374,"tzshift":28800,"location":[51.280976,-0.546521],"unit":"metric","result":{"status":"ok","temperature":11.03,"skycon":"PARTLY_CLOUDY_NIGHT","cloudrate":0.42,"aqi":10.0,"humidity":0.5,"pres":100835.98,"pm25":10.0,"precipitation":{"nearest":{"status":"ok","distance":10000.0,"intensity":0.0},"local":{"status":"ok","intensity":0.0,"datasource":"gfs"}},"wind":{"direction":269.98,"speed":10.55}}}
{"status":"ok","lang":"zh_CN","server_time":1522077968,"tzshift":28800,"location":[51.280976,-0.546521],"unit":"metric","result":{"status":"ok","temperature":10.68,"skycon":"PARTLY_CLOUDY_NIGHT","cloudrate":0.62,"aqi":10.0,"humidity":0.53,"pres":100797.97,"pm25":10.0,"precipitation":{"nearest":{"status":"ok","distance":199.01,"intensity":0.25},"local":{"status":"ok","intensity":0.0,"datasource":"gfs"}},"wind":{"direction":261.28,"speed":10.32}}}
