{"status":"ok","lang":"zh_CN","server_time":1521995172,"tzshift":28800,"location":[51.380976,-0.146517],"unit":"metric","result":{"status":"ok","temperature":11.33,"skycon":"CLOUDY","cloudrate":0.81,"aqi":10.0,"humidity":0.57,"pres":100355.87,"pm25":10.0,"precipitation":{"nearest":{"status":"ok","distance":271.15,"intensity":0.1875},"local":{"status":"ok","intensity":0.0,"datasource":"gfs"}},"wind":{"direction":13.58,"speed":10.04}}}
{"status":"ok","lang":"zh_CN","server_time":1521996372,"tzshift":28800,"location":[51.380976,-0.146517],"unit":"metric","result":{"status":"ok","temperature":11.33,"skycon":"CLOUDY","cloudrate":0.81,"aqi":10,"humidity":0.57,"pres":100355.87,"pm25":10,"precipitation":{"nearest":{"status":"ok","distance":142.83,"intensity":0.1875},"local":{"status":"ok","intensity":0.0,"datasource":"gfs"}},"wind":{"direction":13.58,"speed":10.04}}}
{"status":"ok","lang":"zh_CN","server_time":1521998774,"tzshift":28800,"location":[51.380976,-0.146517],"unit":"metric","result":{"status":"ok","temperature":10.65,"skycon":"CLOUDY","cloudrate":0.84,"aqi":10.0,"humidity":0.61,"pres":100387.3,"pm25":10.0,"precipitation":{"nearest":{"status":"ok","distance":10000.0,"intensity":0.0},"local":{"status":"ok","intensity":0.0,"datasource":"gfs"}},"wind":{"direction":8.69,"speed":9.51}}}
{"status":"ok","lang":"zh_CN","server_time":1521999974,"tzshift":28800,"location":[51.380976,-0.146517],"unit":"metric","result":{"status":"ok","temperature":10.65,"skycon":"CLOUDY","cloudrate":0.84,"aqi":10.0,"humidity":0.61,"pres":100387.3,"pm25":10.0,"precipitation":{"nearest":{"status":"ok","distance":435.84,"intensity":0.1875},"local":{"status":"ok","intensity":0.0,"datasource":"gfs"}},"wind":{"direction":8.69,"speed":9.51}}}
{"status":"ok","lang":"zh_CN","server_time":1522002379,"tzshift":28800,"location":[51.380976,-0.146517],"unit":"metric","result":{"status":"ok","temperature":11.28,"skycon":"CLOUDY","cloudrate":0.85,"aqi":10,"humidity":0.54,"pres":100838.13,"pm25":10,"precipitation":{"nearest":{"status":"ok","distance":248.64,"intensity":0.1875},"local":{"status":"ok","intensity":0.0102,"datasource":"gfs"}},"wind":{"direction":0.74,"speed":9.42}}}
{"status":"ok","lang":"zh_CN","server_time":1522003568,"tzshift":28800,"location":[51.380976,-0.146517],"unit":"metric","result":{"status":"ok","temperature":11.28,"skycon":"CLOUDY","cloudrate":0.85,"aqi":10.0,"humidity":0.54,"pres":100838.13,"pm25":10.0,"precipitation":{"nearest":{"status":"ok","distance":131.3,"intensity":0.1875},"local":{"status":"ok","intensity":0.0102,"datasource":"gfs"}},"wind":{"direction":0.74,"speed":9.42}}}
{"status":"ok","lang":"zh_CN","server_time":1522005969,"tzshift":28800,"location":[51.380976,-0.146517],"unit":"metric","result":{"status":"ok","temperature":9.22,"skycon":"CLOUDY","cloudrate":0.93,"aqi":10,"humidity":0.67,"pres":100482.79,"pm25":10,"precipitation":{"nearest":{"status":"ok","distance":1.32,"intensity":0.1875},"local":{"status":"ok","intensity":0.0022,"datasource":"gfs"}},"wind":{"direction":357.01,"speed":7.17}}}
{"status":"ok","lang":"zh_CN","server_time":1522007167,"tzshift":28800,"location":[51.380976,-0.146517],"unit":"metric","result":{"status":"ok","temperature":10.7,"skycon":"CLOUDY","cloudrate":0.97,"aqi":10.0,"humidity":0.58,"pres":100893.68,"pm25":10.0,"precipitation":{"nearest":{"status":"ok","distance":343.77,"intensity":0.1875},"local":{"status":"ok","intensity":0.0165,"datasource":"gfs"}},"wind":{"direction":352.75,"speed":8.19}}}
{"status":"ok","lang":"zh_CN","server_time":1522009567,"tzshift":28800,"location":[51.380976,-0.146517],"unit":"metric","result":{"status":"ok","temperature":8.58,"skycon":"CLOUDY","cloudrate":0.97,"aqi":10.0,"humidity":0.69,"pres":100543.39,"pm25":10.0,"precipitation":{"nearest":{"status":"ok","distance":234.24,"intensity":0.1875},"local":{"status":"ok","intensity":0.0017,"datasource":"gfs"}},"wind":{"direction":349.05,"speed":5.84}}}
{"status":"ok","lang":"zh_CN","server_time":1522010767,"tzshift":28800,"location":[51.380976,-0.146517],"unit":"metric","result":{"status":"ok","temperature":8.58,"skycon":"CLOUDY","cloudrate":0.97,"aqi":10.0,"humidity":0.69,"pres":100543.39,"pm25":10.0,"precipitation":{"nearest":{"status":"ok","distance":10000.0,"intensity":0.0},"local":{"status":"ok","intensity":0.0017,"datasource":"gfs"}},"wind":{"direction":349.05,"speed":5.84}}}
{"status":"failed", "error":"'API quota is exhausted'"}
{"status":"failed", "error":"'API quota is exhausted'"}
{"status":"failed", "error":"'API quota is exhausted'"}
{"status":"failed", "error":"'API quota is exhausted'"}
{"status":"ok","lang":"zh_CN","server_time":1522020370,"tzshift":28800,"location":[51.380976,-0.146517],"unit":"metric","result":{"status":"ok","temperature":6.95,"skycon":"RAIN","cloudrate":0.86,"aqi":10.0,"humidity":0.75,"pres":100696.83,"pm25":10.0,"precipitation":{"nearest":{"status":"ok","distance":11.97,"intensity":0.1875},"local":{"status":"ok","intensity":0.0546,"datasource":"gfs"}},"wind":{"direction":321.01,"speed":6.5}}}
{"status":"failed", "error":"'API quota is exhausted'"}
{"status":"failed", "error":"'API quota is exhausted'"}
{"status":"failed", "error":"'API quota is exhausted'"}
{"status":"failed", "error":"'API quota is exhausted'"}
{"status":"ok","lang":"zh_CN","server_time":1522028772,"tzshift":28800,"location":[51.380976,-0.146517],"unit":"metric","result":{"status":"ok","temperature":5.69,"skycon":"PARTLY_CLOUDY_DAY","cloudrate":0.46,"aqi":10.0,"humidity":0.74,"pres":100728.72,"pm25":10.0,"precipitation":{"nearest":{"status":"ok","distance":247.74,"intensity":0.1875},"local":{"status":"ok","intensity":0.0,"datasource":"gfs"}},"wind":{"direction":329.76,"speed":8.12}}}
{"status":"ok","lang":"zh_CN","server_time":1522031172,"tzshift":28800,"location":[51.380976,-0.146517],"unit":"metric","result":{"status":"ok","temperature":5.28,"skycon":"PARTLY_CLOUDY_DAY","cloudrate":0.21,"aqi":10.0,"humidity":0.74,"pres":100742.1,"pm25":10.0,"precipitation":{"nearest":{"status":"ok","distance":10000.0,"intensity":0.0},"local":{"status":"ok","intensity":0.0,"datasource":"gfs"}},"wind":{"direction":332.5,"speed":7.95}}}
{"status":"failed", "error":"'API quota is exhausted'"}
{"status":"failed", "error":"'API quota is exhausted'"}
{"status":"failed", "error":"'API quota is exhausted'"}
{"status":"failed", "error":"'API quota is exhausted'"}
{"status":"failed", "error":"'API quota is exhausted'"}
{"status":"failed", "error":"'API quota is exhausted'"}
{"status":"failed", "error":"'API quota is exhausted'"}
{"status":"failed", "error":"'API quota is exhausted'"}
{"status":"failed", "error":"'API quota is exhausted'"}
{"status":"failed", "error":"'API quota is exhausted'"}
{"status":"failed", "error":"'API quota is exhausted'"}
{"status":"failed", "error":"'API quota is exhausted'"}
{"status":"ok","lang":"zh_CN","server_time":1522053993,"tzshift":28800,"location":[51.380976,-0.146517],"unit":"metric","result":{"status":"ok","temperature":6.57,"skycon":"CLEAR_DAY","cloudrate":0.05,"aqi":10.0,"humidity":0.63,"pres":101336.05,"pm25":10.0,"precipitation":{"nearest":{"status":"ok","distance":326.54,"intensity":0.25},"local":{"status":"ok","intensity":0.0,"datasource":"gfs"}},"wind":{"direction":336.21,"speed":7.06}}}
{"status":"failed", "error":"'API quota is exhausted'"}
{"status":"failed", "error":"'API quota is exhausted'"}
{"status":"failed", "error":"'API quota is exhausted'"}
{"status":"failed", "error":"'API quota is exhausted'"}
{"status":"failed", "error":"'API quota is exhausted'"}
{"status":"failed", "error":"'API quota is exhausted'"}
{"status":"failed", "error":"'API quota is exhausted'"}
{"status":"ok","lang":"zh_CN","server_time":1522068373,"tzshift":28800,"location":[51.380976,-0.146517],"unit":"metric","result":{"status":"ok","temperature":11.07,"skycon":"CLEAR_NIGHT","cloudrate":0.0,"aqi":10.0,"humidity":0.43,"pres":100962.99,"pm25":10.0,"precipitation":{"nearest":{"status":"ok","distance":6.24,"intensity":0.1875},"local":{"status":"ok","intensity":0.0,"datasource":"gfs"}},"wind":{"direction":291.65,"speed":8.09}}}
{"status":"ok","lang":"zh_CN","server_time":1522068373,"tzshift":28800,"location":[51.380976,-0.146517],"unit":"metric","result":{"status":"ok","temperature":11.07,"skycon":"CLEAR_NIGHT","cloudrate":0.0,"aqi":10.0,"humidity":0.43,"pres":100962.99,"pm25":10.0,"precipitation":{"nearest":{"status":"ok","distance":6.24,"intensity":0.1875},"local":{"status":"ok","intensity":0.0,"datasource":"gfs"}},"wind":{"direction":291.65,"speed":8.09}}}
{"status":"ok","lang":"zh_CN","server_time":1522070779,"tzshift":28800,"location":[51.380976,-0.146517],"unit":"metric","result":{"status":"ok","temperature":12.32,"skycon":"CLEAR_NIGHT","cloudrate":0.11,"aqi":10.0,"humidity":0.34,"pres":101356.57,"pm25":10.0,"precipitation":{"local":{"status":"ok","intensity":0.0,"datasource":"gfs"}},"wind":{"direction":281.41,"speed":8.17}}}
{"status":"ok","lang":"zh_CN","server_time":1522074381,"tzshift":28800,"location":[51.380976,-0.146517],"unit":"metric","result":{"status":"ok","temperature":11.85,"skycon":"PARTLY_CLOUDY_NIGHT","cloudrate":0.22,"aqi":10,"humidity":0.41,"pres":100907.07,"pm25":10,"precipitation":{"nearest":{"status":"ok","distance":242.27,"intensity":0.1875},"local":{"status":"ok","intensity":0.0,"datasource":"gfs"}},"wind":{"direction":272.68,"speed":10.02}}}
{"status":"ok","lang":"zh_CN","server_time":1522077974,"tzshift":28800,"location":[51.380976,-0.146517],"unit":"metric","result":{"status":"ok","temperature":11.67,"skycon":"PARTLY_CLOUDY_NIGHT","cloudrate":0.34,"aqi":10.0,"humidity":0.44,"pres":100868.06,"pm25":10.0,"precipitation":{"local":{"status":"ok","intensity":0.0,"datasource":"gfs"}},"wind":{"direction":264.69,"speed":10.24}}}
