{"status":"ok","lang":"zh_CN","server_time":1521995170,"tzshift":28800,"location":[51.380976,-0.44652],"unit":"metric","result":{"status":"ok","temperature":11.42,"skycon":"CLOUDY","cloudrate":0.81,"aqi":10.0,"humidity":0.59,"pres":100477.83,"pm25":10.0,"precipitation":{"nearest":{"status":"ok","distance":10000.0,"intensity":0.0},"local":{"status":"ok","intensity":0.0,"datasource":"gfs"}},"wind":{"direction":4.7,"speed":10.4}}}
{"status":"ok","lang":"zh_CN","server_time":1521996371,"tzshift":28800,"location":[51.380976,-0.44652],"unit":"metric","result":{"status":"ok","temperature":11.42,"skycon":"CLOUDY","cloudrate":0.81,"aqi":10.0,"humidity":0.59,"pres":100477.83,"pm25":10.0,"precipitation":{"nearest":{"status":"ok","distance":156.95,"intensity":0.25},"local":{"status":"ok","intensity":0.0,"datasource":"gfs"}},"wind":{"direction":4.7,"speed":10.4}}}
{"status":"ok","lang":"zh_CN","server_time":1521998772,"tzshift":28800,"location":[51.380976,-0.44652],"unit":"metric","result":{"status":"ok","temperature":10.66,"skycon":"CLOUDY","cloudrate":0.83,"aqi":10.0,"humidity":0.63,"pres":100510.19,"pm25":10.0,"precipitation":{"nearest":{"status":"ok","distance":171.28,"intensity":0.1875},"local":{"status":"ok","intensity":0.0108,"datasource":"gfs"}},"wind":{"direction":0.27,"speed":9.95}}}
{"status":"ok","lang":"zh_CN","server_time":1521999973,"tzshift":28800,"location":[51.380976,-0.44652],"unit":"metric","result":{"status":"ok","temperature":10.66,"skycon":"CLOUDY","cloudrate":0.83,"aqi":10.0,"humidity":0.63,"pres":100510.19,"pm25":10.0,"precipitation":{"nearest":{"status":"ok","distance":448.74,"intensity":0.1875},"local":{"status":"ok","intensity":0.0108,"datasource":"gfs"}},"wind":{"direction":0.27,"speed":9.95}}}
{"status":"ok","lang":"zh_CN","server_time":1522002378,"tzshift":28800,"location":[51.380976,-0.44652],"unit":"metric","result":{"status":"ok","temperature":9.76,"skycon":"CLOUDY","cloudrate":0.86,"aqi":10.0,"humidity":0.67,"pres":100553.09,"pm25":10.0,"precipitation":{"nearest":{"status":"ok","distance":10000.0,"intensity":0.0},"local":{"status":"ok","intensity":0.023,"datasource":"gfs"}},"wind":{"direction":354.32,"speed":9.18}}}
{"status":"ok","lang":"zh_CN","server_time":1522003567,"tzshift":28800,"location":[51.380976,-0.44652],"unit":"metric","result":{"status":"ok","temperature":9.76,"skycon":"CLOUDY","cloudrate":0.86,"aqi":10.0,"humidity":0.67,"pres":100553.09,"pm25":10.0,"precipitation":{"nearest":{"status":"ok","distance":10000.0,"intensity":0.0},"local":{"status":"ok","intensity":0.023,"datasource":"gfs"}},"wind":{"direction":354.32,"speed":9.18}}}
{"status":"ok","lang":"zh_CN","server_time":1522005967,"tzshift":28800,"location":[51.380976,-0.44652],"unit":"metric","result":{"status":"ok","temperature":8.87,"skycon":"CLOUDY","cloudrate":0.89,"aqi":10,"humidity":0.7,"pres":100608.7,"pm25":10,"precipitation":{"nearest":{"status":"ok","distance":10000.0,"intensity":0.0},"local":{"status":"ok","intensity":0.0113,"datasource":"gfs"}},"wind":{"direction":345.74,"speed":8.15}}}
{"status":"ok","lang":"zh_CN","server_time":1522007166,"tzshift":28800,"location":[51.380976,-0.44652],"unit":"metric","result":{"status":"ok","temperature":8.87,"skycon":"CLOUDY","cloudrate":0.89,"aqi":10,"humidity":0.7,"pres":100608.7,"pm25":10,"precipitation":{"nearest":{"status":"ok","distance":321.69,"intensity":0.1875},"local":{"status":"ok","intensity":0.0113,"datasource":"gfs"}},"wind":{"direction":345.74,"speed":8.15}}}
{"status":"ok","lang":"zh_CN","server_time":1522009566,"tzshift":28800,"location":[51.380976,-0.44652],"unit":"metric","result":{"status":"ok","temperature":8.0,"skycon":"CLOUDY","cloudrate":0.9,"aqi":10.0,"humidity":0.72,"pres":100671.11,"pm25":10.0,"precipitation":{"nearest":{"status":"ok","distance":10000.0,"intensity":0.0},"local":{"status":"ok","intensity":0.0,"datasource":"gfs"}},"wind":{"direction":335.93,"speed":7.36}}}
{"status":"ok","lang":"zh_CN","server_time":1522010766,"tzshift":28800,"location":[51.380976,-0.44652],"unit":"metric","result":{"status":"ok","temperature":8.0,"skycon":"CLOUDY","cloudrate":0.9,"aqi":10.0,"humidity":0.72,"pres":100671.11,"pm25":10.0,"precipitation":{"nearest":{"status":"ok","distance":10000.0,"intensity":0.0},"local":{"status":"ok","intensity":0.0,"datasource":"gfs"}},"wind":{"direction":335.93,"speed":7.36}}}
{"status":"ok","lang":"zh_CN","server_time":1522013188,"tzshift":28800,"location":[51.380976,-0.44652],"unit":"metric","result":{"status":"ok","temperature":7.16,"skycon":"CLOUDY","cloudrate":0.88,"aqi":10.0,"humidity":0.73,"pres":100732.43,"pm25":10.0,"precipitation":{"nearest":{"status":"ok","distance":86.95,"intensity":0.1875},"local":{"status":"ok","intensity":0.0,"datasource":"gfs"}},"wind":{"direction":329.97,"speed":7.14}}}
{"status":"ok","lang":"zh_CN","server_time":1522014369,"tzshift":28800,"location":[51.380976,-0.44652],"unit":"metric","result":{"status":"ok","temperature":7.78,"skycon":"RAIN","cloudrate":1.0,"aqi":10.0,"humidity":0.75,"pres":100748.58,"pm25":10.0,"precipitation":{"nearest":{"status":"ok","distance":10000.0,"intensity":0.0},"local":{"status":"ok","intensity":0.0364,"datasource":"gfs"}},"wind":{"direction":315.7,"speed":5.93}}}
{"status":"failed", "error":"'API quota is exhausted'"}
{"status":"failed", "error":"'API quota is exhausted'"}
{"status":"failed", "error":"'API quota is exhausted'"}
{"status":"failed", "error":"'API quota is exhausted'"}
{"status":"failed", "error":"'API quota is exhausted'"}
{"status":"failed", "error":"'API quota is exhausted'"}
{"status":"failed", "error":"'API quota is exhausted'"}
{"status":"failed", "error":"'API quota is exhausted'"}
{"status":"failed", "error":"'API quota is exhausted'"}
{"status":"failed", "error":"'API quota is exhausted'"}
{"status":"failed", "error":"'API quota is exhausted'"}
{"status":"failed", "error":"'API quota is exhausted'"}
{"status":"failed", "error":"'API quota is exhausted'"}
{"status":"failed", "error":"'API quota is exhausted'"}
{"status":"failed", "error":"'API quota is exhausted'"}
{"status":"failed", "error":"'API quota is exhausted'"}
{"status":"failed", "error":"'API quota is exhausted'"}
{"status":"failed", "error":"'API quota is exhausted'"}
{"status":"failed", "error":"'API quota is exhausted'"}
{"status":"ok","lang":"zh_CN","server_time":1522050370,"tzshift":28800,"location":[51.380976,-0.44652],"unit":"metric","result":{"status":"ok","temperature":4.22,"skycon":"CLEAR_DAY","cloudrate":0.08,"aqi":10.0,"humidity":0.75,"pres":101086.23,"pm25":10.0,"precipitation":{"nearest":{"status":"ok","distance":10000.0,"intensity":0.0},"local":{"status":"ok","intensity":0.0,"datasource":"gfs"}},"wind":{"direction":333.31,"speed":7.47}}}
{"status":"failed", "error":"'API quota is exhausted'"}
{"status":"failed", "error":"'API quota is exhausted'"}
{"status":"failed", "error":"'API quota is exhausted'"}
{"status":"failed", "error":"'API quota is exhausted'"}
{"status":"failed", "error":"'API quota is exhausted'"}
{"status":"failed", "error":"'API quota is exhausted'"}
{"status":"failed", "error":"'API quota is exhausted'"}
{"status":"failed", "error":"'API quota is exhausted'"}
{"status":"failed", "error":"'API quota is exhausted'"}
{"status":"ok","lang":"zh_CN","server_time":1522068371,"tzshift":28800,"location":[51.380976,-0.44652],"unit":"metric","result":{"status":"ok","temperature":11.03,"skycon":"CLEAR_NIGHT","cloudrate":0.0,"aqi":10,"humidity":0.45,"pres":101084.49,"pm25":10,"precipitation":{"local":{"status":"ok","intensity":0.0,"datasource":"gfs"}},"wind":{"direction":283.71,"speed":8.07}}}
{"status":"ok","lang":"zh_CN","server_time":1522068371,"tzshift":28800,"location":[51.380976,-0.44652],"unit":"metric","result":{"status":"ok","temperature":11.03,"skycon":"CLEAR_NIGHT","cloudrate":0.0,"aqi":10,"humidity":0.45,"pres":101084.49,"pm25":10,"precipitation":{"local":{"status":"ok","intensity":0.0,"datasource":"gfs"}},"wind":{"direction":283.71,"speed":8.07}}}
{"status":"ok","lang":"zh_CN","server_time":1522070778,"tzshift":28800,"location":[51.380976,-0.44652],"unit":"metric","result":{"status":"ok","temperature":11.52,"skycon":"CLEAR_NIGHT","cloudrate":0.12,"aqi":10.0,"humidity":0.43,"pres":101062.33,"pm25":10.0,"precipitation":{"nearest":{"status":"ok","distance":10000.0,"intensity":0.0},"local":{"status":"ok","intensity":0.0,"datasource":"gfs"}},"wind":{"direction":274.89,"speed":9.46}}}
{"status":"ok","lang":"zh_CN","server_time":1522074379,"tzshift":28800,"location":[51.380976,-0.44652],"unit":"metric","result":{"status":"ok","temperature":11.73,"skycon":"PARTLY_CLOUDY_NIGHT","cloudrate":0.29,"aqi":10.0,"humidity":0.43,"pres":101095.21,"pm25":10.0,"precipitation":{"nearest":{"status":"ok","distance":192.36,"intensity":0.1875},"local":{"status":"ok","intensity":0.0,"datasource":"gfs"}},"wind":{"direction":268.33,"speed":10.26}}}
{"status":"ok","lang":"zh_CN","server_time":1522077973,"tzshift":28800,"location":[51.380976,-0.44652],"unit":"metric","result":{"status":"ok","temperature":11.42,"skycon":"PARTLY_CLOUDY_NIGHT","cloudrate":0.41,"aqi":10,"humidity":0.47,"pres":100989.27,"pm25":10,"precipitation":{"nearest":{"status":"ok","distance":200.76,"intensity":0.1875},"local":{"status":"ok","intensity":0.0,"datasource":"gfs"}},"wind":{"direction":261.12,"speed":10.42}}}
