{"status":"ok","lang":"zh_CN","server_time":1521995168,"tzshift":28800,"location":[51.280976,-0.046516],"unit":"metric","result":{"status":"ok","temperature":11.69,"skycon":"PARTLY_CLOUDY_NIGHT","cloudrate":0.66,"aqi":10.0,"humidity":0.55,"pres":100447.72,"pm25":10.0,"precipitation":{"nearest":{"status":"ok","distance":10000.0,"intensity":0.0},"local":{"status":"ok","intensity":0.0,"datasource":"gfs"}},"wind":{"direction":18.01,"speed":10.03}}}
{"status":"ok","lang":"zh_CN","server_time":1521996368,"tzshift":28800,"location":[51.280976,-0.046516],"unit":"metric","result":{"status":"ok","temperature":11.69,"skycon":"PARTLY_CLOUDY_NIGHT","cloudrate":0.66,"aqi":10.0,"humidity":0.55,"pres":100447.72,"pm25":10.0,"precipitation":{"nearest":{"status":"ok","distance":10000.0,"intensity":0.0},"local":{"status":"ok","intensity":0.0,"datasource":"gfs"}},"wind":{"direction":18.01,"speed":10.03}}}
{"status":"ok","lang":"zh_CN","server_time":1521998770,"tzshift":28800,"location":[51.280976,-0.046516],"unit":"metric","result":{"status":"ok","temperature":9.89,"skycon":"CLOUDY","cloudrate":0.88,"aqi":10.0,"humidity":0.67,"pres":99940.94,"pm25":10.0,"precipitation":{"nearest":{"status":"ok","distance":277.11,"intensity":0.1875},"local":{"status":"ok","intensity":0.0,"datasource":"gfs"}},"wind":{"direction":14.51,"speed":9.46}}}
{"status":"ok","lang":"zh_CN","server_time":1521999970,"tzshift":28800,"location":[51.280976,-0.046516],"unit":"metric","result":{"status":"ok","temperature":9.89,"skycon":"CLOUDY","cloudrate":0.88,"aqi":10.0,"humidity":0.67,"pres":99940.94,"pm25":10.0,"precipitation":{"nearest":{"status":"ok","distance":159.93,"intensity":0.1875},"local":{"status":"ok","intensity":0.0,"datasource":"gfs"}},"wind":{"direction":14.51,"speed":9.46}}}
{"status":"ok","lang":"zh_CN","server_time":1522002376,"tzshift":28800,"location":[51.280976,-0.046516],"unit":"metric","result":{"status":"ok","temperature":9.06,"skycon":"CLOUDY","cloudrate":0.93,"aqi":10.0,"humidity":0.71,"pres":99981.81,"pm25":10.0,"precipitation":{"nearest":{"status":"ok","distance":332.56,"intensity":0.1875},"local":{"status":"ok","intensity":0.0,"datasource":"gfs"}},"wind":{"direction":10.16,"speed":8.05}}}
{"status":"ok","lang":"zh_CN","server_time":1522003564,"tzshift":28800,"location":[51.280976,-0.046516],"unit":"metric","result":{"status":"ok","temperature":9.06,"skycon":"CLOUDY","cloudrate":0.93,"aqi":10.0,"humidity":0.71,"pres":99981.81,"pm25":10.0,"precipitation":{"nearest":{"status":"ok","distance":199.97,"intensity":0.1875},"local":{"status":"ok","intensity":0.0,"datasource":"gfs"}},"wind":{"direction":10.16,"speed":8.05}}}
{"status":"ok","lang":"zh_CN","server_time":1522005965,"tzshift":28800,"location":[51.280976,-0.046516],"unit":"metric","result":{"status":"ok","temperature":8.38,"skycon":"CLOUDY","cloudrate":0.97,"aqi":10.0,"humidity":0.74,"pres":100036.2,"pm25":10.0,"precipitation":{"nearest":{"status":"ok","distance":0.68,"intensity":0.25},"local":{"status":"ok","intensity":0.0166,"datasource":"gfs"}},"wind":{"direction":6.8,"speed":6.42}}}
{"status":"ok","lang":"zh_CN","server_time":1522007164,"tzshift":28800,"location":[51.280976,-0.046516],"unit":"metric","result":{"status":"ok","temperature":8.38,"skycon":"CLOUDY","cloudrate":0.97,"aqi":10.0,"humidity":0.74,"pres":100036.2,"pm25":10.0,"precipitation":{"nearest":{"status":"ok","distance":199.21,"intensity":0.3125},"local":{"status":"ok","intensity":0.0166,"datasource":"gfs"}},"wind":{"direction":6.8,"speed":6.42}}}
{"status":"ok","lang":"zh_CN","server_time":1522009564,"tzshift":28800,"location":[51.280976,-0.046516],"unit":"metric","result":{"status":"ok","temperature":7.79,"skycon":"RAIN","cloudrate":1.0,"aqi":10.0,"humidity":0.76,"pres":100097.65,"pm25":10.0,"precipitation":{"nearest":{"status":"ok","distance":124.73,"intensity":0.1875},"local":{"status":"ok","intensity":0.0397,"datasource":"gfs"}},"wind":{"direction":2.22,"speed":4.97}}}
{"status":"ok","lang":"zh_CN","server_time":1522010764,"tzshift":28800,"location":[51.280976,-0.046516],"unit":"metric","result":{"status":"ok","temperature":7.79,"skycon":"RAIN","cloudrate":1.0,"aqi":10.0,"humidity":0.76,"pres":100097.65,"pm25":10.0,"precipitation":{"nearest":{"status":"ok","distance":10000.0,"intensity":0.0},"local":{"status":"ok","intensity":0.0397,"datasource":"gfs"}},"wind":{"direction":2.22,"speed":4.97}}}
{"status":"ok","lang":"zh_CN","server_time":1522013185,"tzshift":28800,"location":[51.280976,-0.046516],"unit":"metric","result":{"status":"ok","temperature":7.17,"skycon":"RAIN","cloudrate":0.99,"aqi":10.0,"humidity":0.78,"pres":100157.39,"pm25":10.0,"precipitation":{"nearest":{"status":"ok","distance":10000.0,"intensity":0.0},"local":{"status":"ok","intensity":0.0512,"datasource":"gfs"}},"wind":{"direction":352.02,"speed":4.32}}}
{"status":"ok","lang":"zh_CN","server_time":1522014367,"tzshift":28800,"location":[51.280976,-0.046516],"unit":"metric","result":{"status":"ok","temperature":9.56,"skycon":"RAIN","cloudrate":1.0,"aqi":10.0,"humidity":0.73,"pres":100728.21,"pm25":10.0,"precipitation":{"nearest":{"status":"ok","distance":10000.0,"intensity":0.0},"local":{"status":"ok","intensity":0.0968,"datasource":"gfs"}},"wind":{"direction":338.83,"speed":4.67}}}
{"status":"failed", "error":"'API quota is exhausted'"}
{"status":"ok","lang":"zh_CN","server_time":1522017967,"tzshift":28800,"location":[51.280976,-0.046516],"unit":"metric","result":{"status":"ok","temperature":7.2,"skycon":"RAIN","cloudrate":1.0,"aqi":10.0,"humidity":0.8,"pres":100222.06,"pm25":10.0,"precipitation":{"nearest":{"status":"ok","distance":10000.0,"intensity":0.0},"local":{"status":"ok","intensity":0.1004,"datasource":"gfs"}},"wind":{"direction":316.76,"speed":4.26}}}
{"status":"failed", "error":"'API quota is exhausted'"}
{"status":"ok","lang":"zh_CN","server_time":1522021567,"tzshift":28800,"location":[51.280976,-0.046516],"unit":"metric","result":{"status":"ok","temperature":6.38,"skycon":"RAIN","cloudrate":0.95,"aqi":10.0,"humidity":0.81,"pres":100248.59,"pm25":10.0,"precipitation":{"nearest":{"status":"ok","distance":216.92,"intensity":0.1875},"local":{"status":"ok","intensity":0.0848,"datasource":"gfs"}},"wind":{"direction":315.94,"speed":5.85}}}
{"status":"ok","lang":"zh_CN","server_time":1522024146,"tzshift":28800,"location":[51.280976,-0.046516],"unit":"metric","result":{"status":"ok","temperature":5.59,"skycon":"RAIN","cloudrate":0.8,"aqi":10.0,"humidity":0.81,"pres":100264.8,"pm25":10.0,"precipitation":{"nearest":{"status":"ok","distance":198.07,"intensity":0.1875},"local":{"status":"ok","intensity":0.0553,"datasource":"gfs"}},"wind":{"direction":319.47,"speed":7.24}}}
{"status":"ok","lang":"zh_CN","server_time":1522025166,"tzshift":28800,"location":[51.280976,-0.046516],"unit":"metric","result":{"status":"ok","temperature":5.59,"skycon":"RAIN","cloudrate":0.8,"aqi":10.0,"humidity":0.81,"pres":100264.8,"pm25":10.0,"precipitation":{"nearest":{"status":"ok","distance":9.63,"intensity":0.1875},"local":{"status":"ok","intensity":0.0553,"datasource":"gfs"}},"wind":{"direction":319.47,"speed":7.24}}}
{"status":"ok","lang":"zh_CN","server_time":1522027566,"tzshift":28800,"location":[51.280976,-0.046516],"unit":"metric","result":{"status":"ok","temperature":5.29,"skycon":"RAIN","cloudrate":0.43,"aqi":10.0,"humidity":0.76,"pres":100833.75,"pm25":10.0,"precipitation":{"nearest":{"status":"ok","distance":256.45,"intensity":0.1875},"local":{"status":"ok","intensity":0.046,"datasource":"gfs"}},"wind":{"direction":328.68,"speed":7.86}}}
{"status":"failed", "error":"'API quota is exhausted'"}
{"status":"failed", "error":"'API quota is exhausted'"}
{"status":"ok","lang":"zh_CN","server_time":1522032368,"tzshift":28800,"location":[51.280976,-0.046516],"unit":"metric","result":{"status":"ok","temperature":4.44,"skycon":"PARTLY_CLOUDY_DAY","cloudrate":0.23,"aqi":10.0,"humidity":0.81,"pres":100290.12,"pm25":10.0,"precipitation":{"nearest":{"status":"ok","distance":159.44,"intensity":0.1875},"local":{"status":"ok","intensity":0.0,"datasource":"gfs"}},"wind":{"direction":329.51,"speed":8.05}}}
{"status":"failed", "error":"'API quota is exhausted'"}
{"status":"failed", "error":"'API quota is exhausted'"}
{"status":"failed", "error":"'API quota is exhausted'"}
{"status":"ok","lang":"zh_CN","server_time":1522039569,"tzshift":28800,"location":[51.280976,-0.046516],"unit":"metric","result":{"status":"ok","temperature":3.47,"skycon":"CLEAR_DAY","cloudrate":0.0,"aqi":10.0,"humidity":0.82,"pres":100364.02,"pm25":10.0,"precipitation":{"nearest":{"status":"ok","distance":10000.0,"intensity":0.0},"local":{"status":"ok","intensity":0.0,"datasource":"gfs"}},"wind":{"direction":338.42,"speed":7.62}}}
{"status":"failed", "error":"'API quota is exhausted'"}
{"status":"failed", "error":"'API quota is exhausted'"}
{"status":"ok","lang":"zh_CN","server_time":1522045568,"tzshift":28800,"location":[51.280976,-0.046516],"unit":"metric","result":{"status":"ok","temperature":2.99,"skycon":"CLEAR_DAY","cloudrate":0.03,"aqi":10.0,"humidity":0.82,"pres":100415.95,"pm25":10.0,"precipitation":{"nearest":{"status":"ok","distance":0.55,"intensity":0.1875},"local":{"status":"ok","intensity":0.0,"datasource":"gfs"}},"wind":{"direction":335.45,"speed":7.37}}}
{"status":"failed", "error":"'API quota is exhausted'"}
{"status":"failed", "error":"'API quota is exhausted'"}
{"status":"failed", "error":"'API quota is exhausted'"}
{"status":"failed", "error":"'API quota is exhausted'"}
{"status":"failed", "error":"'API quota is exhausted'"}
{"status":"failed", "error":"'API quota is exhausted'"}
{"status":"failed", "error":"'API quota is exhausted'"}
{"status":"failed", "error":"'API quota is exhausted'"}
{"status":"failed", "error":"'API quota is exhausted'"}
{"status":"failed", "error":"'API quota is exhausted'"}
{"status":"failed", "error":"'API quota is exhausted'"}
{"status":"failed", "error":"'API quota is exhausted'"}
{"status":"ok","lang":"zh_CN","server_time":1522068369,"tzshift":28800,"location":[51.280976,-0.046516],"unit":"metric","result":{"status":"ok","temperature":10.52,"skycon":"CLEAR_NIGHT","cloudrate":0.0,"aqi":10.0,"humidity":0.47,"pres":100520.28,"pm25":10.0,"precipitation":{"local":{"status":"ok","intensity":0.0,"datasource":"gfs"}},"wind":{"direction":297.97,"speed":8.92}}}
{"status":"ok","lang":"zh_CN","server_time":1522068369,"tzshift":28800,"location":[51.280976,-0.046516],"unit":"metric","result":{"status":"ok","temperature":10.52,"skycon":"CLEAR_NIGHT","cloudrate":0.0,"aqi":10.0,"humidity":0.47,"pres":100520.28,"pm25":10.0,"precipitation":{"local":{"status":"ok","intensity":0.0,"datasource":"gfs"}},"wind":{"direction":297.97,"speed":8.92}}}
{"status":"ok","lang":"zh_CN","server_time":1522070775,"tzshift":28800,"location":[51.280976,-0.046516],"unit":"metric","result":{"status":"ok","temperature":11.03,"skycon":"CLEAR_NIGHT","cloudrate":0.1,"aqi":10.0,"humidity":0.45,"pres":100500.23,"pm25":10.0,"precipitation":{"local":{"status":"ok","intensity":0.0,"datasource":"gfs"}},"wind":{"direction":285.98,"speed":9.84}}}
{"status":"ok","lang":"zh_CN","server_time":1522074377,"tzshift":28800,"location":[51.280976,-0.046516],"unit":"metric","result":{"status":"ok","temperature":11.22,"skycon":"PARTLY_CLOUDY_NIGHT","cloudrate":0.24,"aqi":10.0,"humidity":0.46,"pres":100469.39,"pm25":10.0,"precipitation":{"local":{"status":"ok","intensity":0.0,"datasource":"gfs"}},"wind":{"direction":275.97,"speed":10.54}}}
{"status":"ok","lang":"zh_CN","server_time":1522077970,"tzshift":28800,"location":[51.280976,-0.046516],"unit":"metric","result":{"status":"ok","temperature":10.96,"skycon":"PARTLY_CLOUDY_NIGHT","cloudrate":0.38,"aqi":10,"humidity":0.49,"pres":100433.49,"pm25":10,"precipitation":{"nearest":{"status":"ok","distance":1102.18,"intensity":0.25},"local":{"status":"ok","intensity":0.0,"datasource":"gfs"}},"wind":{"direction":266.23,"speed":10.68}}}
