{"status":"ok","lang":"zh_CN","server_time":1521995172,"tzshift":28800,"location":[51.380976,-0.046516],"unit":"metric","result":{"status":"ok","temperature":11.22,"skycon":"PARTLY_CLOUDY_NIGHT","cloudrate":0.8,"aqi":10.0,"humidity":0.58,"pres":100329.42,"pm25":10.0,"precipitation":{"nearest":{"status":"ok","distance":10000.0,"intensity":0.0},"local":{"status":"ok","intensity":0.0,"datasource":"gfs"}},"wind":{"direction":16.18,"speed":9.99}}}
{"status":"ok","lang":"zh_CN","server_time":1521996373,"tzshift":28800,"location":[51.380976,-0.046516],"unit":"metric","result":{"status":"ok","temperature":11.22,"skycon":"PARTLY_CLOUDY_NIGHT","cloudrate":0.8,"aqi":10.0,"humidity":0.58,"pres":100329.42,"pm25":10.0,"precipitation":{"nearest":{"status":"ok","distance":185.8,"intensity":0.1875},"local":{"status":"ok","intensity":0.0,"datasource":"gfs"}},"wind":{"direction":16.18,"speed":9.99}}}
{"status":"ok","lang":"zh_CN","server_time":1521998774,"tzshift":28800,"location":[51.380976,-0.046516],"unit":"metric","result":{"status":"ok","temperature":10.57,"skycon":"CLOUDY","cloudrate":0.83,"aqi":10,"humidity":0.61,"pres":100359.72,"pm25":10,"precipitation":{"nearest":{"status":"ok","distance":173.03,"intensity":0.1875},"local":{"status":"ok","intensity":0.0,"datasource":"gfs"}},"wind":{"direction":11.45,"speed":9.32}}}
{"status":"ok","lang":"zh_CN","server_time":1521999975,"tzshift":28800,"location":[51.380976,-0.046516],"unit":"metric","result":{"status":"ok","temperature":10.57,"skycon":"CLOUDY","cloudrate":0.83,"aqi":10.0,"humidity":0.61,"pres":100359.72,"pm25":10.0,"precipitation":{"nearest":{"status":"ok","distance":145.12,"intensity":0.1875},"local":{"status":"ok","intensity":0.0,"datasource":"gfs"}},"wind":{"direction":11.45,"speed":9.32}}}
{"status":"ok","lang":"zh_CN","server_time":1522002380,"tzshift":28800,"location":[51.380976,-0.046516],"unit":"metric","result":{"status":"ok","temperature":9.85,"skycon":"CLOUDY","cloudrate":0.88,"aqi":10.0,"humidity":0.64,"pres":100400.53,"pm25":10.0,"precipitation":{"nearest":{"status":"ok","distance":10000.0,"intensity":0.0},"local":{"status":"ok","intensity":0.0,"datasource":"gfs"}},"wind":{"direction":6.51,"speed":8.26}}}
{"status":"ok","lang":"zh_CN","server_time":1522003568,"tzshift":28800,"location":[51.380976,-0.046516],"unit":"metric","result":{"status":"ok","temperature":9.85,"skycon":"CLOUDY","cloudrate":0.88,"aqi":10.0,"humidity":0.64,"pres":100400.53,"pm25":10.0,"precipitation":{"nearest":{"status":"ok","distance":61.42,"intensity":0.1875},"local":{"status":"ok","intensity":0.0,"datasource":"gfs"}},"wind":{"direction":6.51,"speed":8.26}}}
{"status":"ok","lang":"zh_CN","server_time":1522005969,"tzshift":28800,"location":[51.380976,-0.046516],"unit":"metric","result":{"status":"ok","temperature":9.2,"skycon":"CLOUDY","cloudrate":0.94,"aqi":10.0,"humidity":0.67,"pres":100454.29,"pm25":10.0,"precipitation":{"nearest":{"status":"ok","distance":779.79,"intensity":0.1875},"local":{"status":"ok","intensity":0.0009,"datasource":"gfs"}},"wind":{"direction":2.18,"speed":6.7}}}
{"status":"ok","lang":"zh_CN","server_time":1522007168,"tzshift":28800,"location":[51.380976,-0.046516],"unit":"metric","result":{"status":"ok","temperature":11.25,"skycon":"CLOUDY","cloudrate":0.99,"aqi":10.0,"humidity":0.54,"pres":100966.87,"pm25":10.0,"precipitation":{"nearest":{"status":"ok","distance":223.11,"intensity":0.3125},"local":{"status":"ok","intensity":0.0174,"datasource":"gfs"}},"wind":{"direction":355.23,"speed":8.19}}}
{"status":"ok","lang":"zh_CN","server_time":1522009568,"tzshift":28800,"location":[51.380976,-0.046516],"unit":"metric","result":{"status":"ok","temperature":8.6,"skycon":"CLOUDY","cloudrate":0.98,"aqi":10.0,"humidity":0.7,"pres":100515.07,"pm25":10.0,"precipitation":{"nearest":{"status":"ok","distance":241.07,"intensity":0.1875},"local":{"status":"ok","intensity":0.0131,"datasource":"gfs"}},"wind":{"direction":356.44,"speed":5.2}}}
{"status":"ok","lang":"zh_CN","server_time":1522010767,"tzshift":28800,"location":[51.380976,-0.046516],"unit":"metric","result":{"status":"ok","temperature":8.6,"skycon":"CLOUDY","cloudrate":0.98,"aqi":10.0,"humidity":0.7,"pres":100515.07,"pm25":10.0,"precipitation":{"nearest":{"status":"ok","distance":10000.0,"intensity":0.0},"local":{"status":"ok","intensity":0.0131,"datasource":"gfs"}},"wind":{"direction":356.44,"speed":5.2}}}
{"status":"failed", "error":"'API quota is exhausted'"}
{"status":"failed", "error":"'API quota is exhausted'"}
{"status":"ok","lang":"zh_CN","server_time":1522016770,"tzshift":28800,"location":[51.380976,-0.046516],"unit":"metric","result":{"status":"ok","temperature":9.92,"skycon":"RAIN","cloudrate":0.98,"aqi":10.0,"humidity":0.63,"pres":101158.8,"pm25":10.0,"precipitation":{"nearest":{"status":"ok","distance":10000.0,"intensity":0.0},"local":{"status":"ok","intensity":0.0727,"datasource":"gfs"}},"wind":{"direction":324.65,"speed":5.09}}}
{"status":"ok","lang":"zh_CN","server_time":1522017971,"tzshift":28800,"location":[51.380976,-0.046516],"unit":"metric","result":{"status":"ok","temperature":7.93,"skycon":"RAIN","cloudrate":0.98,"aqi":10.0,"humidity":0.74,"pres":100639.08,"pm25":10.0,"precipitation":{"nearest":{"status":"ok","distance":288.16,"intensity":0.3125},"local":{"status":"ok","intensity":0.0837,"datasource":"gfs"}},"wind":{"direction":317.13,"speed":4.51}}}
{"status":"failed", "error":"'API quota is exhausted'"}
{"status":"failed", "error":"'API quota is exhausted'"}
{"status":"ok","lang":"zh_CN","server_time":1522024150,"tzshift":28800,"location":[51.380976,-0.046516],"unit":"metric","result":{"status":"ok","temperature":6.39,"skycon":"RAIN","cloudrate":0.74,"aqi":10.0,"humidity":0.75,"pres":100685.2,"pm25":10.0,"precipitation":{"nearest":{"status":"ok","distance":55.88,"intensity":0.1875},"local":{"status":"ok","intensity":0.0413,"datasource":"gfs"}},"wind":{"direction":323.53,"speed":7.46}}}
{"status":"failed", "error":"'API quota is exhausted'"}
{"status":"failed", "error":"'API quota is exhausted'"}
{"status":"failed", "error":"'API quota is exhausted'"}
{"status":"failed", "error":"'API quota is exhausted'"}
{"status":"ok","lang":"zh_CN","server_time":1522032372,"tzshift":28800,"location":[51.380976,-0.046516],"unit":"metric","result":{"status":"ok","temperature":5.38,"skycon":"PARTLY_CLOUDY_DAY","cloudrate":0.23,"aqi":10.0,"humidity":0.74,"pres":100711.43,"pm25":10.0,"precipitation":{"nearest":{"status":"ok","distance":10000.0,"intensity":0.0},"local":{"status":"ok","intensity":0.0,"datasource":"gfs"}},"wind":{"direction":331.54,"speed":8.01}}}
{"status":"failed", "error":"'API quota is exhausted'"}
{"status":"failed", "error":"'API quota is exhausted'"}
{"status":"failed", "error":"'API quota is exhausted'"}
{"status":"failed", "error":"'API quota is exhausted'"}
{"status":"failed", "error":"'API quota is exhausted'"}
{"status":"failed", "error":"'API quota is exhausted'"}
{"status":"failed", "error":"'API quota is exhausted'"}
{"status":"failed", "error":"'API quota is exhausted'"}
{"status":"failed", "error":"'API quota is exhausted'"}
{"status":"failed", "error":"'API quota is exhausted'"}
{"status":"failed", "error":"'API quota is exhausted'"}
{"status":"failed", "error":"'API quota is exhausted'"}
{"status":"failed", "error":"'API quota is exhausted'"}
{"status":"failed", "error":"'API quota is exhausted'"}
{"status":"failed", "error":"'API quota is exhausted'"}
{"status":"failed", "error":"'API quota is exhausted'"}
{"status":"failed", "error":"'API quota is exhausted'"}
{"status":"failed", "error":"'API quota is exhausted'"}
{"status":"failed", "error":"'API quota is exhausted'"}
{"status":"ok","lang":"zh_CN","server_time":1522068373,"tzshift":28800,"location":[51.380976,-0.046516],"unit":"metric","result":{"status":"ok","temperature":11.09,"skycon":"CLEAR_NIGHT","cloudrate":0.0,"aqi":10.0,"humidity":0.43,"pres":100935.33,"pm25":10.0,"precipitation":{"nearest":{"status":"ok","distance":10000.0,"intensity":0.0},"local":{"status":"ok","intensity":0.0,"datasource":"gfs"}},"wind":{"direction":294.14,"speed":8.2}}}
{"status":"ok","lang":"zh_CN","server_time":1522068373,"tzshift":28800,"location":[51.380976,-0.046516],"unit":"metric","result":{"status":"ok","temperature":11.09,"skycon":"CLEAR_NIGHT","cloudrate":0.0,"aqi":10.0,"humidity":0.43,"pres":100935.33,"pm25":10.0,"precipitation":{"nearest":{"status":"ok","distance":10000.0,"intensity":0.0},"local":{"status":"ok","intensity":0.0,"datasource":"gfs"}},"wind":{"direction":294.14,"speed":8.2}}}
{"status":"ok","lang":"zh_CN","server_time":1522070780,"tzshift":28800,"location":[51.380976,-0.046516],"unit":"metric","result":{"status":"ok","temperature":11.65,"skycon":"CLEAR_NIGHT","cloudrate":0.09,"aqi":10.0,"humidity":0.4,"pres":100912.99,"pm25":10.0,"precipitation":{"nearest":{"status":"ok","distance":202.42,"intensity":0.3125},"local":{"status":"ok","intensity":0.0,"datasource":"gfs"}},"wind":{"direction":283.28,"speed":9.14}}}
{"status":"ok","lang":"zh_CN","server_time":1522074381,"tzshift":28800,"location":[51.380976,-0.046516],"unit":"metric","result":{"status":"ok","temperature":12.7,"skycon":"PARTLY_CLOUDY_NIGHT","cloudrate":0.23,"aqi":10.0,"humidity":0.32,"pres":101399.53,"pm25":10.0,"precipitation":{"local":{"status":"ok","intensity":0.0,"datasource":"gfs"}},"wind":{"direction":273.15,"speed":9.08}}}
{"status":"ok","lang":"zh_CN","server_time":1522077975,"tzshift":28800,"location":[51.380976,-0.046516],"unit":"metric","result":{"status":"ok","temperature":11.7,"skycon":"PARTLY_CLOUDY_NIGHT","cloudrate":0.31,"aqi":10.0,"humidity":0.43,"pres":100840.73,"pm25":10.0,"precipitation":{"local":{"status":"ok","intensity":0.0,"datasource":"gfs"}},"wind":{"direction":266.27,"speed":10.09}}}
