{"status":"ok","lang":"zh_CN","server_time":1521995170,"tzshift":28800,"location":[51.380976,-0.546521],"unit":"metric","result":{"status":"ok","temperature":11.31,"skycon":"CLOUDY","cloudrate":0.83,"aqi":10,"humidity":0.61,"pres":100469.71,"pm25":10,"precipitation":{"nearest":{"status":"ok","distance":10000.0,"intensity":0.0},"local":{"status":"ok","intensity":0.0,"datasource":"gfs"}},"wind":{"direction":1.87,"speed":10.66}}}
{"status":"ok","lang":"zh_CN","server_time":1521996370,"tzshift":28800,"location":[51.380976,-0.546521],"unit":"metric","result":{"status":"ok","temperature":11.31,"skycon":"CLOUDY","cloudrate":0.83,"aqi":10.0,"humidity":0.61,"pres":100469.71,"pm25":10.0,"precipitation":{"nearest":{"status":"ok","distance":10000.0,"intensity":0.0},"local":{"status":"ok","intensity":0.0,"datasource":"gfs"}},"wind":{"direction":1.87,"speed":10.66}}}
{"status":"ok","lang":"zh_CN","server_time":1521998772,"tzshift":28800,"location":[51.380976,-0.546521],"unit":"metric","result":{"status":"ok","temperature":10.48,"skycon":"CLOUDY","cloudrate":0.84,"aqi":10,"humidity":0.65,"pres":100501.85,"pm25":10,"precipitation":{"nearest":{"status":"ok","distance":155.1,"intensity":0.1875},"local":{"status":"ok","intensity":0.0208,"datasource":"gfs"}},"wind":{"direction":357.68,"speed":10.08}}}
{"status":"ok","lang":"zh_CN","server_time":1521999972,"tzshift":28800,"location":[51.380976,-0.546521],"unit":"metric","result":{"status":"ok","temperature":10.48,"skycon":"CLOUDY","cloudrate":0.84,"aqi":10,"humidity":0.65,"pres":100501.85,"pm25":10,"precipitation":{"nearest":{"status":"ok","distance":376.67,"intensity":0.1875},"local":{"status":"ok","intensity":0.0208,"datasource":"gfs"}},"wind":{"direction":357.68,"speed":10.08}}}
{"status":"ok","lang":"zh_CN","server_time":1522002378,"tzshift":28800,"location":[51.380976,-0.546521],"unit":"metric","result":{"status":"ok","temperature":9.51,"skycon":"CLOUDY","cloudrate":0.85,"aqi":10.0,"humidity":0.7,"pres":100544.78,"pm25":10.0,"precipitation":{"nearest":{"status":"ok","distance":128.2,"intensity":0.1875},"local":{"status":"ok","intensity":0.0294,"datasource":"gfs"}},"wind":{"direction":351.79,"speed":9.25}}}
{"status":"ok","lang":"zh_CN","server_time":1522003566,"tzshift":28800,"location":[51.380976,-0.546521],"unit":"metric","result":{"status":"ok","temperature":9.51,"skycon":"CLOUDY","cloudrate":0.85,"aqi":10.0,"humidity":0.7,"pres":100544.78,"pm25":10.0,"precipitation":{"nearest":{"status":"ok","distance":10000.0,"intensity":0.0},"local":{"status":"ok","intensity":0.0294,"datasource":"gfs"}},"wind":{"direction":351.79,"speed":9.25}}}
{"status":"ok","lang":"zh_CN","server_time":1522005967,"tzshift":28800,"location":[51.380976,-0.546521],"unit":"metric","result":{"status":"ok","temperature":8.51,"skycon":"CLOUDY","cloudrate":0.86,"aqi":10.0,"humidity":0.72,"pres":100600.89,"pm25":10.0,"precipitation":{"nearest":{"status":"ok","distance":46.25,"intensity":0.1875},"local":{"status":"ok","intensity":0.0129,"datasource":"gfs"}},"wind":{"direction":342.95,"speed":8.32}}}
{"status":"ok","lang":"zh_CN","server_time":1522007165,"tzshift":28800,"location":[51.380976,-0.546521],"unit":"metric","result":{"status":"ok","temperature":8.51,"skycon":"CLOUDY","cloudrate":0.86,"aqi":10.0,"humidity":0.72,"pres":100600.89,"pm25":10.0,"precipitation":{"nearest":{"status":"ok","distance":156.59,"intensity":0.25},"local":{"status":"ok","intensity":0.0129,"datasource":"gfs"}},"wind":{"direction":342.95,"speed":8.32}}}
{"status":"ok","lang":"zh_CN","server_time":1522009566,"tzshift":28800,"location":[51.380976,-0.546521],"unit":"metric","result":{"status":"ok","temperature":7.56,"skycon":"CLOUDY","cloudrate":0.86,"aqi":10,"humidity":0.74,"pres":100663.99,"pm25":10,"precipitation":{"nearest":{"status":"ok","distance":147.92,"intensity":0.1875},"local":{"status":"ok","intensity":0.0,"datasource":"gfs"}},"wind":{"direction":333.27,"speed":7.7}}}
{"status":"ok","lang":"zh_CN","server_time":1522010765,"tzshift":28800,"location":[51.380976,-0.546521],"unit":"metric","result":{"status":"ok","temperature":7.56,"skycon":"CLOUDY","cloudrate":0.86,"aqi":10.0,"humidity":0.74,"pres":100663.99,"pm25":10.0,"precipitation":{"nearest":{"status":"ok","distance":10000.0,"intensity":0.0},"local":{"status":"ok","intensity":0.0,"datasource":"gfs"}},"wind":{"direction":333.27,"speed":7.7}}}
{"status":"failed", "error":"'API quota is exhausted'"}
{"status":"failed", "error":"'API quota is exhausted'"}
{"status":"ok","lang":"zh_CN","server_time":1522016768,"tzshift":28800,"location":[51.380976,-0.546521],"unit":"metric","result":{"status":"ok","temperature":6.46,"skycon":"CLOUDY","cloudrate":0.91,"aqi":10,"humidity":0.78,"pres":100786.56,"pm25":10,"precipitation":{"nearest":{"status":"ok","distance":10000.0,"intensity":0.0},"local":{"status":"ok","intensity":0.0171,"datasource":"gfs"}},"wind":{"direction":313.89,"speed":6.65}}}
{"status":"failed", "error":"'API quota is exhausted'"}
{"status":"ok","lang":"zh_CN","server_time":1522020368,"tzshift":28800,"location":[51.380976,-0.546521],"unit":"metric","result":{"status":"ok","temperature":5.67,"skycon":"PARTLY_CLOUDY_DAY","cloudrate":0.75,"aqi":10.0,"humidity":0.79,"pres":100817.4,"pm25":10.0,"precipitation":{"nearest":{"status":"ok","distance":10000.0,"intensity":0.0},"local":{"status":"ok","intensity":0.0086,"datasource":"gfs"}},"wind":{"direction":321.22,"speed":7.21}}}
{"status":"failed", "error":"'API quota is exhausted'"}
{"status":"ok","lang":"zh_CN","server_time":1522024148,"tzshift":28800,"location":[51.380976,-0.546521],"unit":"metric","result":{"status":"ok","temperature":5.04,"skycon":"PARTLY_CLOUDY_DAY","cloudrate":0.55,"aqi":10.0,"humidity":0.79,"pres":100837.57,"pm25":10.0,"precipitation":{"nearest":{"status":"ok","distance":203.01,"intensity":0.1875},"local":{"status":"ok","intensity":0.0,"datasource":"gfs"}},"wind":{"direction":328.51,"speed":7.78}}}
{"status":"failed", "error":"'API quota is exhausted'"}
{"status":"ok","lang":"zh_CN","server_time":1522027568,"tzshift":28800,"location":[51.380976,-0.546521],"unit":"metric","result":{"status":"ok","temperature":4.64,"skycon":"PARTLY_CLOUDY_DAY","cloudrate":0.34,"aqi":10.0,"humidity":0.79,"pres":100851.93,"pm25":10.0,"precipitation":{"nearest":{"status":"ok","distance":51.03,"intensity":0.1875},"local":{"status":"ok","intensity":0.0,"datasource":"gfs"}},"wind":{"direction":332.31,"speed":7.96}}}
{"status":"ok","lang":"zh_CN","server_time":1522028771,"tzshift":28800,"location":[51.380976,-0.546521],"unit":"metric","result":{"status":"ok","temperature":4.64,"skycon":"PARTLY_CLOUDY_DAY","cloudrate":0.34,"aqi":10.0,"humidity":0.79,"pres":100851.93,"pm25":10.0,"precipitation":{"nearest":{"status":"ok","distance":225.87,"intensity":0.1875},"local":{"status":"ok","intensity":0.0,"datasource":"gfs"}},"wind":{"direction":332.31,"speed":7.96}}}
{"status":"failed", "error":"'API quota is exhausted'"}
{"status":"failed", "error":"'API quota is exhausted'"}
{"status":"failed", "error":"'API quota is exhausted'"}
{"status":"failed", "error":"'API quota is exhausted'"}
{"status":"failed", "error":"'API quota is exhausted'"}
{"status":"failed", "error":"'API quota is exhausted'"}
{"status":"failed", "error":"'API quota is exhausted'"}
{"status":"failed", "error":"'API quota is exhausted'"}
{"status":"failed", "error":"'API quota is exhausted'"}
{"status":"failed", "error":"'API quota is exhausted'"}
{"status":"failed", "error":"'API quota is exhausted'"}
{"status":"failed", "error":"'API quota is exhausted'"}
{"status":"failed", "error":"'API quota is exhausted'"}
{"status":"failed", "error":"'API quota is exhausted'"}
{"status":"failed", "error":"'API quota is exhausted'"}
{"status":"failed", "error":"'API quota is exhausted'"}
{"status":"failed", "error":"'API quota is exhausted'"}
{"status":"failed", "error":"'API quota is exhausted'"}
{"status":"failed", "error":"'API quota is exhausted'"}
{"status":"failed", "error":"'API quota is exhausted'"}
{"status":"failed", "error":"'API quota is exhausted'"}
{"status":"ok","lang":"zh_CN","server_time":1522068371,"tzshift":28800,"location":[51.380976,-0.546521],"unit":"metric","result":{"status":"ok","temperature":10.93,"skycon":"CLEAR_NIGHT","cloudrate":0.0,"aqi":10.0,"humidity":0.47,"pres":101074.31,"pm25":10.0,"precipitation":{"local":{"status":"ok","intensity":0.0,"datasource":"gfs"}},"wind":{"direction":280.99,"speed":8.29}}}
{"status":"ok","lang":"zh_CN","server_time":1522068371,"tzshift":28800,"location":[51.380976,-0.546521],"unit":"metric","result":{"status":"ok","temperature":10.93,"skycon":"CLEAR_NIGHT","cloudrate":0.0,"aqi":10.0,"humidity":0.47,"pres":101074.31,"pm25":10.0,"precipitation":{"local":{"status":"ok","intensity":0.0,"datasource":"gfs"}},"wind":{"direction":280.99,"speed":8.29}}}
{"status":"ok","lang":"zh_CN","server_time":1522070777,"tzshift":28800,"location":[51.380976,-0.546521],"unit":"metric","result":{"status":"ok","temperature":11.38,"skycon":"CLEAR_NIGHT","cloudrate":0.13,"aqi":10.0,"humidity":0.45,"pres":101052.27,"pm25":10.0,"precipitation":{"local":{"status":"ok","intensity":0.0,"datasource":"gfs"}},"wind":{"direction":273.05,"speed":9.72}}}
{"status":"ok","lang":"zh_CN","server_time":1522074379,"tzshift":28800,"location":[51.380976,-0.546521],"unit":"metric","result":{"status":"ok","temperature":11.49,"skycon":"PARTLY_CLOUDY_NIGHT","cloudrate":0.3,"aqi":10.0,"humidity":0.46,"pres":101019.13,"pm25":10.0,"precipitation":{"local":{"status":"ok","intensity":0.0,"datasource":"gfs"}},"wind":{"direction":267.29,"speed":10.57}}}
{"status":"ok","lang":"zh_CN","server_time":1522077972,"tzshift":28800,"location":[51.380976,-0.546521],"unit":"metric","result":{"status":"ok","temperature":11.24,"skycon":"PARTLY_CLOUDY_NIGHT","cloudrate":0.44,"aqi":10.0,"humidity":0.49,"pres":100978.98,"pm25":10.0,"precipitation":{"nearest":{"status":"ok","distance":60.0,"intensity":0.25},"local":{"status":"ok","intensity":0.0,"datasource":"gfs"}},"wind":{"direction":260.29,"speed":10.5}}}
