{"status":"ok","lang":"zh_CN","server_time":1521995177,"tzshift":28800,"location":[51.480976,0.053485],"unit":"metric","result":{"status":"ok","temperature":11.68,"skycon":"PARTLY_CLOUDY_NIGHT","cloudrate":0.73,"aqi":10.0,"humidity":0.53,"pres":100751.68,"pm25":10.0,"precipitation":{"nearest":{"status":"ok","distance":222.37,"intensity":0.1875},"local":{"status":"ok","intensity":0.0,"datasource":"gfs"}},"wind":{"direction":15.63,"speed":9.25}}}
{"status":"ok","lang":"zh_CN","server_time":1521996377,"tzshift":28800,"location":[51.480976,0.053485],"unit":"metric","result":{"status":"ok","temperature":11.68,"skycon":"PARTLY_CLOUDY_NIGHT","cloudrate":0.73,"aqi":10.0,"humidity":0.53,"pres":100751.68,"pm25":10.0,"precipitation":{"nearest":{"status":"ok","distance":10000.0,"intensity":0.0},"local":{"status":"ok","intensity":0.0,"datasource":"gfs"}},"wind":{"direction":15.63,"speed":9.25}}}
{"status":"ok","lang":"zh_CN","server_time":1521998779,"tzshift":28800,"location":[51.480976,0.053485],"unit":"metric","result":{"status":"ok","temperature":11.15,"skycon":"PARTLY_CLOUDY_NIGHT","cloudrate":0.77,"aqi":10.0,"humidity":0.56,"pres":100781.23,"pm25":10.0,"precipitation":{"nearest":{"status":"ok","distance":285.48,"intensity":0.1875},"local":{"status":"ok","intensity":0.0,"datasource":"gfs"}},"wind":{"direction":10.56,"speed":8.87}}}
{"status":"ok","lang":"zh_CN","server_time":1521999980,"tzshift":28800,"location":[51.480976,0.053485],"unit":"metric","result":{"status":"ok","temperature":11.15,"skycon":"PARTLY_CLOUDY_NIGHT","cloudrate":0.77,"aqi":10.0,"humidity":0.56,"pres":100781.23,"pm25":10.0,"precipitation":{"nearest":{"status":"ok","distance":435.47,"intensity":0.1875},"local":{"status":"ok","intensity":0.0,"datasource":"gfs"}},"wind":{"direction":10.56,"speed":8.87}}}
{"status":"ok","lang":"zh_CN","server_time":1522002384,"tzshift":28800,"location":[51.480976,0.053485],"unit":"metric","result":{"status":"ok","temperature":10.53,"skycon":"CLOUDY","cloudrate":0.83,"aqi":10.0,"humidity":0.59,"pres":100821.29,"pm25":10.0,"precipitation":{"nearest":{"status":"ok","distance":159.51,"intensity":0.1875},"local":{"status":"ok","intensity":0.0,"datasource":"gfs"}},"wind":{"direction":6.18,"speed":7.98}}}
{"status":"ok","lang":"zh_CN","server_time":1522003573,"tzshift":28800,"location":[51.480976,0.053485],"unit":"metric","result":{"status":"ok","temperature":10.53,"skycon":"CLOUDY","cloudrate":0.83,"aqi":10.0,"humidity":0.59,"pres":100821.29,"pm25":10.0,"precipitation":{"nearest":{"status":"ok","distance":157.44,"intensity":0.1875},"local":{"status":"ok","intensity":0.0,"datasource":"gfs"}},"wind":{"direction":6.18,"speed":7.98}}}
{"status":"ok","lang":"zh_CN","server_time":1522005973,"tzshift":28800,"location":[51.480976,0.053485],"unit":"metric","result":{"status":"ok","temperature":9.93,"skycon":"CLOUDY","cloudrate":0.91,"aqi":10,"humidity":0.62,"pres":100874.47,"pm25":10,"precipitation":{"nearest":{"status":"ok","distance":10000.0,"intensity":0.0},"local":{"status":"ok","intensity":0.0,"datasource":"gfs"}},"wind":{"direction":3.59,"speed":6.37}}}
{"status":"ok","lang":"zh_CN","server_time":1522007172,"tzshift":28800,"location":[51.480976,0.053485],"unit":"metric","result":{"status":"ok","temperature":9.93,"skycon":"CLOUDY","cloudrate":0.91,"aqi":10.0,"humidity":0.62,"pres":100874.47,"pm25":10.0,"precipitation":{"nearest":{"status":"ok","distance":95.64,"intensity":0.1875},"local":{"status":"ok","intensity":0.0,"datasource":"gfs"}},"wind":{"direction":3.59,"speed":6.37}}}
{"status":"ok","lang":"zh_CN","server_time":1522009572,"tzshift":28800,"location":[51.480976,0.053485],"unit":"metric","result":{"status":"ok","temperature":9.34,"skycon":"CLOUDY","cloudrate":0.96,"aqi":10.0,"humidity":0.65,"pres":100934.92,"pm25":10.0,"precipitation":{"nearest":{"status":"ok","distance":10000.0,"intensity":0.0},"local":{"status":"ok","intensity":0.0,"datasource":"gfs"}},"wind":{"direction":0.44,"speed":4.69}}}
{"status":"ok","lang":"zh_CN","server_time":1522010772,"tzshift":28800,"location":[51.480976,0.053485],"unit":"metric","result":{"status":"ok","temperature":9.34,"skycon":"CLOUDY","cloudrate":0.96,"aqi":10,"humidity":0.65,"pres":100934.92,"pm25":10,"precipitation":{"nearest":{"status":"ok","distance":10000.0,"intensity":0.0},"local":{"status":"ok","intensity":0.0,"datasource":"gfs"}},"wind":{"direction":0.44,"speed":4.69}}}
{"status":"ok","lang":"zh_CN","server_time":1522013194,"tzshift":28800,"location":[51.480976,0.053485],"unit":"metric","result":{"status":"ok","temperature":8.71,"skycon":"CLOUDY","cloudrate":0.97,"aqi":10.0,"humidity":0.67,"pres":100994.68,"pm25":10.0,"precipitation":{"nearest":{"status":"ok","distance":10000.0,"intensity":0.0},"local":{"status":"ok","intensity":0.0,"datasource":"gfs"}},"wind":{"direction":351.92,"speed":3.88}}}
{"status":"ok","lang":"zh_CN","server_time":1522014375,"tzshift":28800,"location":[51.480976,0.053485],"unit":"metric","result":{"status":"ok","temperature":9.33,"skycon":"RAIN","cloudrate":1.0,"aqi":10.0,"humidity":0.67,"pres":101013.19,"pm25":10.0,"precipitation":{"nearest":{"status":"ok","distance":10000.0,"intensity":0.0},"local":{"status":"ok","intensity":0.069,"datasource":"gfs"}},"wind":{"direction":329.69,"speed":2.94}}}
{"status":"failed", "error":"'API quota is exhausted'"}
{"status":"ok","lang":"zh_CN","server_time":1522017975,"tzshift":28800,"location":[51.480976,0.053485],"unit":"metric","result":{"status":"ok","temperature":8.68,"skycon":"RAIN","cloudrate":0.98,"aqi":10.0,"humidity":0.68,"pres":101057.65,"pm25":10.0,"precipitation":{"nearest":{"status":"ok","distance":10000.0,"intensity":0.0},"local":{"status":"ok","intensity":0.072,"datasource":"gfs"}},"wind":{"direction":318.14,"speed":3.88}}}
{"status":"failed", "error":"'API quota is exhausted'"}
{"status":"failed", "error":"'API quota is exhausted'"}
{"status":"ok","lang":"zh_CN","server_time":1522024154,"tzshift":28800,"location":[51.480976,0.053485],"unit":"metric","result":{"status":"ok","temperature":7.26,"skycon":"RAIN","cloudrate":0.73,"aqi":10.0,"humidity":0.69,"pres":101105.0,"pm25":10.0,"precipitation":{"nearest":{"status":"ok","distance":10000.0,"intensity":0.0},"local":{"status":"ok","intensity":0.0413,"datasource":"gfs"}},"wind":{"direction":323.86,"speed":7.22}}}
{"status":"failed", "error":"'API quota is exhausted'"}
{"status":"failed", "error":"'API quota is exhausted'"}
{"status":"failed", "error":"'API quota is exhausted'"}
{"status":"ok","lang":"zh_CN","server_time":1522031176,"tzshift":28800,"location":[51.480976,0.053485],"unit":"metric","result":{"status":"ok","temperature":6.32,"skycon":"PARTLY_CLOUDY_DAY","cloudrate":0.23,"aqi":10.0,"humidity":0.68,"pres":101132.24,"pm25":10.0,"precipitation":{"nearest":{"status":"ok","distance":10000.0,"intensity":0.0},"local":{"status":"ok","intensity":0.0,"datasource":"gfs"}},"wind":{"direction":331.68,"speed":8.0}}}
{"status":"failed", "error":"'API quota is exhausted'"}
{"status":"failed", "error":"'API quota is exhausted'"}
{"status":"failed", "error":"'API quota is exhausted'"}
{"status":"failed", "error":"'API quota is exhausted'"}
{"status":"failed", "error":"'API quota is exhausted'"}
{"status":"failed", "error":"'API quota is exhausted'"}
{"status":"failed", "error":"'API quota is exhausted'"}
{"status":"failed", "error":"'API quota is exhausted'"}
{"status":"failed", "error":"'API quota is exhausted'"}
{"status":"failed", "error":"'API quota is exhausted'"}
{"status":"failed", "error":"'API quota is exhausted'"}
{"status":"failed", "error":"'API quota is exhausted'"}
{"status":"failed", "error":"'API quota is exhausted'"}
{"status":"failed", "error":"'API quota is exhausted'"}
{"status":"failed", "error":"'API quota is exhausted'"}
{"status":"failed", "error":"'API quota is exhausted'"}
{"status":"failed", "error":"'API quota is exhausted'"}
{"status":"failed", "error":"'API quota is exhausted'"}
{"status":"failed", "error":"'API quota is exhausted'"}
{"status":"failed", "error":"'API quota is exhausted'"}
{"status":"ok","lang":"zh_CN","server_time":1522068378,"tzshift":28800,"location":[51.480976,0.053485],"unit":"metric","result":{"status":"ok","temperature":11.66,"skycon":"CLEAR_NIGHT","cloudrate":0.0,"aqi":10.0,"humidity":0.38,"pres":101352.85,"pm25":10.0,"precipitation":{"local":{"status":"ok","intensity":0.0,"datasource":"gfs"}},"wind":{"direction":292.54,"speed":7.59}}}
{"status":"ok","lang":"zh_CN","server_time":1522068378,"tzshift":28800,"location":[51.480976,0.053485],"unit":"metric","result":{"status":"ok","temperature":11.66,"skycon":"CLEAR_NIGHT","cloudrate":0.0,"aqi":10.0,"humidity":0.38,"pres":101352.85,"pm25":10.0,"precipitation":{"local":{"status":"ok","intensity":0.0,"datasource":"gfs"}},"wind":{"direction":292.54,"speed":7.59}}}
{"status":"ok","lang":"zh_CN","server_time":1522070784,"tzshift":28800,"location":[51.480976,0.053485],"unit":"metric","result":{"status":"ok","temperature":12.24,"skycon":"CLEAR_NIGHT","cloudrate":0.08,"aqi":10.0,"humidity":0.35,"pres":101328.74,"pm25":10.0,"precipitation":{"nearest":{"status":"ok","distance":176.21,"intensity":0.1875},"local":{"status":"ok","intensity":0.0,"datasource":"gfs"}},"wind":{"direction":282.99,"speed":8.35}}}
{"status":"ok","lang":"zh_CN","server_time":1522074386,"tzshift":28800,"location":[51.480976,0.053485],"unit":"metric","result":{"status":"ok","temperature":12.46,"skycon":"CLEAR_NIGHT","cloudrate":0.17,"aqi":10.0,"humidity":0.35,"pres":101293.05,"pm25":10.0,"precipitation":{"nearest":{"status":"ok","distance":55.86,"intensity":0.1875},"local":{"status":"ok","intensity":0.0,"datasource":"gfs"}},"wind":{"direction":275.18,"speed":8.97}}}
{"status":"ok","lang":"zh_CN","server_time":1522077979,"tzshift":28800,"location":[51.480976,0.053485],"unit":"metric","result":{"status":"ok","temperature":12.36,"skycon":"PARTLY_CLOUDY_NIGHT","cloudrate":0.27,"aqi":10,"humidity":0.37,"pres":101252.05,"pm25":10,"precipitation":{"local":{"status":"ok","intensity":0.0,"datasource":"gfs"}},"wind":{"direction":268.45,"speed":9.16}}}
