{"status":"ok","lang":"zh_CN","server_time":1521995175,"tzshift":28800,"location":[51.480976,-0.346519],"unit":"metric","result":{"status":"ok","temperature":11.83,"skycon":"CLOUDY","cloudrate":0.84,"aqi":10.0,"humidity":0.54,"pres":100726.32,"pm25":10.0,"precipitation":{"nearest":{"status":"ok","distance":10000.0,"intensity":0.0},"local":{"status":"ok","intensity":0.0,"datasource":"gfs"}},"wind":{"direction":5.38,"speed":9.81}}}
{"status":"ok","lang":"zh_CN","server_time":1521996375,"tzshift":28800,"location":[51.480976,-0.346519],"unit":"metric","result":{"status":"ok","temperature":11.83,"skycon":"CLOUDY","cloudrate":0.84,"aqi":10.0,"humidity":0.54,"pres":100726.32,"pm25":10.0,"precipitation":{"nearest":{"status":"ok","distance":10000.0,"intensity":0.0},"local":{"status":"ok","intensity":0.0,"datasource":"gfs"}},"wind":{"direction":5.38,"speed":9.81}}}
{"status":"ok","lang":"zh_CN","server_time":1521998777,"tzshift":28800,"location":[51.480976,-0.346519],"unit":"metric","result":{"status":"ok","temperature":11.24,"skycon":"CLOUDY","cloudrate":0.85,"aqi":10,"humidity":0.57,"pres":100759.1,"pm25":10,"precipitation":{"nearest":{"status":"ok","distance":10000.0,"intensity":0.0},"local":{"status":"ok","intensity":0.0055,"datasource":"gfs"}},"wind":{"direction":1.09,"speed":9.76}}}
{"status":"ok","lang":"zh_CN","server_time":1521999978,"tzshift":28800,"location":[51.480976,-0.346519],"unit":"metric","result":{"status":"ok","temperature":11.24,"skycon":"CLOUDY","cloudrate":0.85,"aqi":10.0,"humidity":0.57,"pres":100759.1,"pm25":10.0,"precipitation":{"nearest":{"status":"ok","distance":57.37,"intensity":0.1875},"local":{"status":"ok","intensity":0.0055,"datasource":"gfs"}},"wind":{"direction":1.09,"speed":9.76}}}
{"status":"ok","lang":"zh_CN","server_time":1522002382,"tzshift":28800,"location":[51.480976,-0.346519],"unit":"metric","result":{"status":"ok","temperature":11.22,"skycon":"CLOUDY","cloudrate":0.82,"aqi":10.0,"humidity":0.54,"pres":100963.51,"pm25":10.0,"precipitation":{"nearest":{"status":"ok","distance":430.56,"intensity":0.1875},"local":{"status":"ok","intensity":0.0234,"datasource":"gfs"}},"wind":{"direction":355.19,"speed":9.51}}}
{"status":"ok","lang":"zh_CN","server_time":1522003571,"tzshift":28800,"location":[51.480976,-0.346519],"unit":"metric","result":{"status":"ok","temperature":10.53,"skycon":"CLOUDY","cloudrate":0.85,"aqi":10,"humidity":0.6,"pres":100801.64,"pm25":10,"precipitation":{"nearest":{"status":"ok","distance":338.47,"intensity":0.25},"local":{"status":"ok","intensity":0.0149,"datasource":"gfs"}},"wind":{"direction":355.41,"speed":9.21}}}
{"status":"ok","lang":"zh_CN","server_time":1522005972,"tzshift":28800,"location":[51.480976,-0.346519],"unit":"metric","result":{"status":"ok","temperature":9.78,"skycon":"CLOUDY","cloudrate":0.88,"aqi":10.0,"humidity":0.63,"pres":100855.9,"pm25":10.0,"precipitation":{"nearest":{"status":"ok","distance":1.99,"intensity":0.1875},"local":{"status":"ok","intensity":0.0,"datasource":"gfs"}},"wind":{"direction":346.59,"speed":8.1}}}
{"status":"ok","lang":"zh_CN","server_time":1522007170,"tzshift":28800,"location":[51.480976,-0.346519],"unit":"metric","result":{"status":"ok","temperature":9.78,"skycon":"CLOUDY","cloudrate":0.88,"aqi":10.0,"humidity":0.63,"pres":100855.9,"pm25":10.0,"precipitation":{"nearest":{"status":"ok","distance":10000.0,"intensity":0.0},"local":{"status":"ok","intensity":0.0,"datasource":"gfs"}},"wind":{"direction":346.59,"speed":8.1}}}
{"status":"ok","lang":"zh_CN","server_time":1522009570,"tzshift":28800,"location":[51.480976,-0.346519],"unit":"metric","result":{"status":"ok","temperature":9.02,"skycon":"CLOUDY","cloudrate":0.89,"aqi":10.0,"humidity":0.64,"pres":100916.71,"pm25":10.0,"precipitation":{"nearest":{"status":"ok","distance":10000.0,"intensity":0.0},"local":{"status":"ok","intensity":0.0,"datasource":"gfs"}},"wind":{"direction":335.63,"speed":7.11}}}
{"status":"ok","lang":"zh_CN","server_time":1522010770,"tzshift":28800,"location":[51.480976,-0.346519],"unit":"metric","result":{"status":"ok","temperature":9.02,"skycon":"CLOUDY","cloudrate":0.89,"aqi":10.0,"humidity":0.64,"pres":100916.71,"pm25":10.0,"precipitation":{"nearest":{"status":"ok","distance":10000.0,"intensity":0.0},"local":{"status":"ok","intensity":0.0,"datasource":"gfs"}},"wind":{"direction":335.63,"speed":7.11}}}
{"status":"ok","lang":"zh_CN","server_time":1522013192,"tzshift":28800,"location":[51.480976,-0.346519],"unit":"metric","result":{"status":"ok","temperature":9.07,"skycon":"CLOUDY","cloudrate":0.83,"aqi":10.0,"humidity":0.61,"pres":101141.96,"pm25":10.0,"precipitation":{"nearest":{"status":"ok","distance":10000.0,"intensity":0.0},"local":{"status":"ok","intensity":0.0,"datasource":"gfs"}},"wind":{"direction":327.3,"speed":6.9}}}
{"status":"ok","lang":"zh_CN","server_time":1522014373,"tzshift":28800,"location":[51.480976,-0.346519],"unit":"metric","result":{"status":"ok","temperature":8.65,"skycon":"CLOUDY","cloudrate":1.0,"aqi":10.0,"humidity":0.68,"pres":100993.19,"pm25":10.0,"precipitation":{"nearest":{"status":"ok","distance":10000.0,"intensity":0.0},"local":{"status":"ok","intensity":0.0187,"datasource":"gfs"}},"wind":{"direction":309.57,"speed":5.65}}}
{"status":"ok","lang":"zh_CN","server_time":1522016773,"tzshift":28800,"location":[51.480976,-0.346519],"unit":"metric","result":{"status":"ok","temperature":8.72,"skycon":"CLOUDY","cloudrate":0.95,"aqi":10.0,"humidity":0.65,"pres":101205.11,"pm25":10.0,"precipitation":{"nearest":{"status":"ok","distance":10000.0,"intensity":0.0},"local":{"status":"ok","intensity":0.0,"datasource":"gfs"}},"wind":{"direction":311.66,"speed":5.86}}}
{"status":"ok","lang":"zh_CN","server_time":1522017973,"tzshift":28800,"location":[51.480976,-0.346519],"unit":"metric","result":{"status":"ok","temperature":7.92,"skycon":"CLOUDY","cloudrate":0.92,"aqi":10.0,"humidity":0.69,"pres":101039.61,"pm25":10.0,"precipitation":{"nearest":{"status":"ok","distance":91.24,"intensity":0.1875},"local":{"status":"ok","intensity":0.0106,"datasource":"gfs"}},"wind":{"direction":311.91,"speed":6.05}}}
{"status":"ok","lang":"zh_CN","server_time":1522020373,"tzshift":28800,"location":[51.480976,-0.346519],"unit":"metric","result":{"status":"ok","temperature":7.21,"skycon":"PARTLY_CLOUDY_DAY","cloudrate":0.77,"aqi":10.0,"humidity":0.7,"pres":101071.32,"pm25":10.0,"precipitation":{"nearest":{"status":"ok","distance":10000.0,"intensity":0.0},"local":{"status":"ok","intensity":0.0,"datasource":"gfs"}},"wind":{"direction":323.16,"speed":6.89}}}
{"status":"ok","lang":"zh_CN","server_time":1522021574,"tzshift":28800,"location":[51.480976,-0.346519],"unit":"metric","result":{"status":"ok","temperature":7.21,"skycon":"PARTLY_CLOUDY_DAY","cloudrate":0.77,"aqi":10.0,"humidity":0.7,"pres":101071.32,"pm25":10.0,"precipitation":{"nearest":{"status":"ok","distance":272.34,"intensity":0.1875},"local":{"status":"ok","intensity":0.0,"datasource":"gfs"}},"wind":{"direction":323.16,"speed":6.89}}}
{"status":"failed", "error":"'API quota is exhausted'"}
{"status":"failed", "error":"'API quota is exhausted'"}
{"status":"ok","lang":"zh_CN","server_time":1522027573,"tzshift":28800,"location":[51.480976,-0.346519],"unit":"metric","result":{"status":"ok","temperature":6.22,"skycon":"PARTLY_CLOUDY_DAY","cloudrate":0.37,"aqi":10.0,"humidity":0.69,"pres":101106.24,"pm25":10.0,"precipitation":{"nearest":{"status":"ok","distance":51.03,"intensity":0.1875},"local":{"status":"ok","intensity":0.0,"datasource":"gfs"}},"wind":{"direction":335.7,"speed":8.06}}}
{"status":"failed", "error":"'API quota is exhausted'"}
{"status":"failed", "error":"'API quota is exhausted'"}
{"status":"failed", "error":"'API quota is exhausted'"}
{"status":"failed", "error":"'API quota is exhausted'"}
{"status":"failed", "error":"'API quota is exhausted'"}
{"status":"failed", "error":"'API quota is exhausted'"}
{"status":"failed", "error":"'API quota is exhausted'"}
{"status":"failed", "error":"'API quota is exhausted'"}
{"status":"failed", "error":"'API quota is exhausted'"}
{"status":"failed", "error":"'API quota is exhausted'"}
{"status":"failed", "error":"'API quota is exhausted'"}
{"status":"failed", "error":"'API quota is exhausted'"}
{"status":"failed", "error":"'API quota is exhausted'"}
{"status":"failed", "error":"'API quota is exhausted'"}
{"status":"failed", "error":"'API quota is exhausted'"}
{"status":"failed", "error":"'API quota is exhausted'"}
{"status":"failed", "error":"'API quota is exhausted'"}
{"status":"failed", "error":"'API quota is exhausted'"}
{"status":"failed", "error":"'API quota is exhausted'"}
{"status":"failed", "error":"'API quota is exhausted'"}
{"status":"failed", "error":"'API quota is exhausted'"}
{"status":"failed", "error":"'API quota is exhausted'"}
{"status":"ok","lang":"zh_CN","server_time":1522068376,"tzshift":28800,"location":[51.480976,-0.346519],"unit":"metric","result":{"status":"ok","temperature":11.49,"skycon":"CLEAR_NIGHT","cloudrate":0.0,"aqi":10.0,"humidity":0.4,"pres":101327.54,"pm25":10.0,"precipitation":{"local":{"status":"ok","intensity":0.0,"datasource":"gfs"}},"wind":{"direction":280.69,"speed":7.58}}}
{"status":"ok","lang":"zh_CN","server_time":1522068376,"tzshift":28800,"location":[51.480976,-0.346519],"unit":"metric","result":{"status":"ok","temperature":11.49,"skycon":"CLEAR_NIGHT","cloudrate":0.0,"aqi":10.0,"humidity":0.4,"pres":101327.54,"pm25":10.0,"precipitation":{"local":{"status":"ok","intensity":0.0,"datasource":"gfs"}},"wind":{"direction":280.69,"speed":7.58}}}
{"status":"ok","lang":"zh_CN","server_time":1522070782,"tzshift":28800,"location":[51.480976,-0.346519],"unit":"metric","result":{"status":"ok","temperature":12.08,"skycon":"CLEAR_NIGHT","cloudrate":0.06,"aqi":10.0,"humidity":0.38,"pres":101302.86,"pm25":10.0,"precipitation":{"nearest":{"status":"ok","distance":211.89,"intensity":0.25},"local":{"status":"ok","intensity":0.0,"datasource":"gfs"}},"wind":{"direction":272.82,"speed":8.94}}}
{"status":"ok","lang":"zh_CN","server_time":1522074384,"tzshift":28800,"location":[51.480976,-0.346519],"unit":"metric","result":{"status":"ok","temperature":12.33,"skycon":"CLEAR_NIGHT","cloudrate":0.14,"aqi":10.0,"humidity":0.38,"pres":101266.66,"pm25":10.0,"precipitation":{"local":{"status":"ok","intensity":0.0,"datasource":"gfs"}},"wind":{"direction":267.13,"speed":9.96}}}
{"status":"ok","lang":"zh_CN","server_time":1522077977,"tzshift":28800,"location":[51.480976,-0.346519],"unit":"metric","result":{"status":"ok","temperature":12.23,"skycon":"PARTLY_CLOUDY_NIGHT","cloudrate":0.21,"aqi":10,"humidity":0.4,"pres":101224.47,"pm25":10,"precipitation":{"local":{"status":"ok","intensity":0.0,"datasource":"gfs"}},"wind":{"direction":261.36,"speed":10.23}}}
