{"status":"ok","lang":"zh_CN","server_time":1521995172,"tzshift":28800,"location":[51.380976,0.053485],"unit":"metric","result":{"status":"ok","temperature":11.09,"skycon":"PARTLY_CLOUDY_NIGHT","cloudrate":0.8,"aqi":10.0,"humidity":0.58,"pres":100343.04,"pm25":10.0,"precipitation":{"nearest":{"status":"ok","distance":10000.0,"intensity":0.0},"local":{"status":"ok","intensity":0.0,"datasource":"gfs"}},"wind":{"direction":18.02,"speed":9.93}}}
{"status":"ok","lang":"zh_CN","server_time":1521996373,"tzshift":28800,"location":[51.380976,0.053485],"unit":"metric","result":{"status":"ok","temperature":11.09,"skycon":"PARTLY_CLOUDY_NIGHT","cloudrate":0.8,"aqi":10,"humidity":0.58,"pres":100343.04,"pm25":10,"precipitation":{"nearest":{"status":"ok","distance":10000.0,"intensity":0.0},"local":{"status":"ok","intensity":0.0,"datasource":"gfs"}},"wind":{"direction":18.02,"speed":9.93}}}
{"status":"ok","lang":"zh_CN","server_time":1521998775,"tzshift":28800,"location":[51.380976,0.053485],"unit":"metric","result":{"status":"ok","temperature":10.45,"skycon":"CLOUDY","cloudrate":0.83,"aqi":10.0,"humidity":0.62,"pres":100372.23,"pm25":10.0,"precipitation":{"nearest":{"status":"ok","distance":35.74,"intensity":0.1875},"local":{"status":"ok","intensity":0.0,"datasource":"gfs"}},"wind":{"direction":13.98,"speed":9.07}}}
{"status":"ok","lang":"zh_CN","server_time":1521999975,"tzshift":28800,"location":[51.380976,0.053485],"unit":"metric","result":{"status":"ok","temperature":10.45,"skycon":"CLOUDY","cloudrate":0.83,"aqi":10.0,"humidity":0.62,"pres":100372.23,"pm25":10.0,"precipitation":{"nearest":{"status":"ok","distance":182.9,"intensity":0.1875},"local":{"status":"ok","intensity":0.0,"datasource":"gfs"}},"wind":{"direction":13.98,"speed":9.07}}}
{"status":"ok","lang":"zh_CN","server_time":1522002380,"tzshift":28800,"location":[51.380976,0.053485],"unit":"metric","result":{"status":"ok","temperature":9.74,"skycon":"CLOUDY","cloudrate":0.88,"aqi":10.0,"humidity":0.65,"pres":100412.33,"pm25":10.0,"precipitation":{"nearest":{"status":"ok","distance":10000.0,"intensity":0.0},"local":{"status":"ok","intensity":0.0,"datasource":"gfs"}},"wind":{"direction":10.24,"speed":7.81}}}
{"status":"ok","lang":"zh_CN","server_time":1522003569,"tzshift":28800,"location":[51.380976,0.053485],"unit":"metric","result":{"status":"ok","temperature":9.74,"skycon":"CLOUDY","cloudrate":0.88,"aqi":10.0,"humidity":0.65,"pres":100412.33,"pm25":10.0,"precipitation":{"nearest":{"status":"ok","distance":448.25,"intensity":0.1875},"local":{"status":"ok","intensity":0.0,"datasource":"gfs"}},"wind":{"direction":10.24,"speed":7.81}}}
{"status":"ok","lang":"zh_CN","server_time":1522005970,"tzshift":28800,"location":[51.380976,0.053485],"unit":"metric","result":{"status":"ok","temperature":9.12,"skycon":"CLOUDY","cloudrate":0.94,"aqi":10.0,"humidity":0.68,"pres":100466.18,"pm25":10.0,"precipitation":{"nearest":{"status":"ok","distance":99.92,"intensity":0.25},"local":{"status":"ok","intensity":0.0,"datasource":"gfs"}},"wind":{"direction":8.55,"speed":6.12}}}
{"status":"ok","lang":"zh_CN","server_time":1522007168,"tzshift":28800,"location":[51.380976,0.053485],"unit":"metric","result":{"status":"ok","temperature":9.12,"skycon":"CLOUDY","cloudrate":0.94,"aqi":10.0,"humidity":0.68,"pres":100466.18,"pm25":10.0,"precipitation":{"nearest":{"status":"ok","distance":241.52,"intensity":0.3125},"local":{"status":"ok","intensity":0.0,"datasource":"gfs"}},"wind":{"direction":8.55,"speed":6.12}}}
{"status":"ok","lang":"zh_CN","server_time":1522009568,"tzshift":28800,"location":[51.380976,0.053485],"unit":"metric","result":{"status":"ok","temperature":8.55,"skycon":"CLOUDY","cloudrate":0.98,"aqi":10.0,"humidity":0.71,"pres":100527.36,"pm25":10.0,"precipitation":{"nearest":{"status":"ok","distance":152.72,"intensity":0.1875},"local":{"status":"ok","intensity":0.0201,"datasource":"gfs"}},"wind":{"direction":6.51,"speed":4.49}}}
{"status":"ok","lang":"zh_CN","server_time":1522010768,"tzshift":28800,"location":[51.380976,0.053485],"unit":"metric","result":{"status":"ok","temperature":8.55,"skycon":"CLOUDY","cloudrate":0.98,"aqi":10.0,"humidity":0.71,"pres":100527.36,"pm25":10.0,"precipitation":{"nearest":{"status":"ok","distance":10000.0,"intensity":0.0},"local":{"status":"ok","intensity":0.0201,"datasource":"gfs"}},"wind":{"direction":6.51,"speed":4.49}}}
{"status":"failed", "error":"'API quota is exhausted'"}
{"status":"ok","lang":"zh_CN","server_time":1522014371,"tzshift":28800,"location":[51.380976,0.053485],"unit":"metric","result":{"status":"ok","temperature":8.58,"skycon":"RAIN","cloudrate":1.0,"aqi":10.0,"humidity":0.73,"pres":100607.06,"pm25":10.0,"precipitation":{"nearest":{"status":"ok","distance":10000.0,"intensity":0.0},"local":{"status":"ok","intensity":0.0887,"datasource":"gfs"}},"wind":{"direction":331.16,"speed":2.66}}}
{"status":"ok","lang":"zh_CN","server_time":1522016771,"tzshift":28800,"location":[51.380976,0.053485],"unit":"metric","result":{"status":"ok","temperature":7.96,"skycon":"RAIN","cloudrate":1.0,"aqi":10.0,"humidity":0.75,"pres":100650.55,"pm25":10.0,"precipitation":{"nearest":{"status":"ok","distance":10000.0,"intensity":0.0},"local":{"status":"ok","intensity":0.0909,"datasource":"gfs"}},"wind":{"direction":315.42,"speed":3.58}}}
{"status":"ok","lang":"zh_CN","server_time":1522017971,"tzshift":28800,"location":[51.380976,0.053485],"unit":"metric","result":{"status":"ok","temperature":7.96,"skycon":"RAIN","cloudrate":1.0,"aqi":10.0,"humidity":0.75,"pres":100650.55,"pm25":10.0,"precipitation":{"nearest":{"status":"ok","distance":145.27,"intensity":0.1875},"local":{"status":"ok","intensity":0.0909,"datasource":"gfs"}},"wind":{"direction":315.42,"speed":3.58}}}
{"status":"failed", "error":"'API quota is exhausted'"}
{"status":"ok","lang":"zh_CN","server_time":1522021571,"tzshift":28800,"location":[51.380976,0.053485],"unit":"metric","result":{"status":"ok","temperature":7.23,"skycon":"RAIN","cloudrate":0.94,"aqi":10,"humidity":0.75,"pres":100677.6,"pm25":10,"precipitation":{"nearest":{"status":"ok","distance":159.06,"intensity":0.1875},"local":{"status":"ok","intensity":0.0796,"datasource":"gfs"}},"wind":{"direction":315.63,"speed":5.27}}}
{"status":"failed", "error":"'API quota is exhausted'"}
{"status":"failed", "error":"'API quota is exhausted'"}
{"status":"failed", "error":"'API quota is exhausted'"}
{"status":"failed", "error":"'API quota is exhausted'"}
{"status":"failed", "error":"'API quota is exhausted'"}
{"status":"failed", "error":"'API quota is exhausted'"}
{"status":"failed", "error":"'API quota is exhausted'"}
{"status":"failed", "error":"'API quota is exhausted'"}
{"status":"failed", "error":"'API quota is exhausted'"}
{"status":"failed", "error":"'API quota is exhausted'"}
{"status":"failed", "error":"'API quota is exhausted'"}
{"status":"failed", "error":"'API quota is exhausted'"}
{"status":"failed", "error":"'API quota is exhausted'"}
{"status":"failed", "error":"'API quota is exhausted'"}
{"status":"failed", "error":"'API quota is exhausted'"}
{"status":"failed", "error":"'API quota is exhausted'"}
{"status":"failed", "error":"'API quota is exhausted'"}
{"status":"failed", "error":"'API quota is exhausted'"}
{"status":"failed", "error":"'API quota is exhausted'"}
{"status":"failed", "error":"'API quota is exhausted'"}
{"status":"failed", "error":"'API quota is exhausted'"}
{"status":"failed", "error":"'API quota is exhausted'"}
{"status":"failed", "error":"'API quota is exhausted'"}
{"status":"failed", "error":"'API quota is exhausted'"}
{"status":"failed", "error":"'API quota is exhausted'"}
{"status":"ok","lang":"zh_CN","server_time":1522068374,"tzshift":28800,"location":[51.380976,0.053485],"unit":"metric","result":{"status":"ok","temperature":11.11,"skycon":"CLEAR_NIGHT","cloudrate":0.0,"aqi":10.0,"humidity":0.43,"pres":100946.95,"pm25":10.0,"precipitation":{"nearest":{"status":"ok","distance":117.38,"intensity":0.25},"local":{"status":"ok","intensity":0.0,"datasource":"gfs"}},"wind":{"direction":296.56,"speed":8.3}}}
{"status":"ok","lang":"zh_CN","server_time":1522068374,"tzshift":28800,"location":[51.380976,0.053485],"unit":"metric","result":{"status":"ok","temperature":11.11,"skycon":"CLEAR_NIGHT","cloudrate":0.0,"aqi":10.0,"humidity":0.43,"pres":100946.95,"pm25":10.0,"precipitation":{"nearest":{"status":"ok","distance":117.38,"intensity":0.25},"local":{"status":"ok","intensity":0.0,"datasource":"gfs"}},"wind":{"direction":296.56,"speed":8.3}}}
{"status":"ok","lang":"zh_CN","server_time":1522070780,"tzshift":28800,"location":[51.380976,0.053485],"unit":"metric","result":{"status":"ok","temperature":11.65,"skycon":"CLEAR_NIGHT","cloudrate":0.08,"aqi":10,"humidity":0.4,"pres":100925.01,"pm25":10,"precipitation":{"nearest":{"status":"ok","distance":10000.0,"intensity":0.0},"local":{"status":"ok","intensity":0.0,"datasource":"gfs"}},"wind":{"direction":285.69,"speed":9.05}}}
{"status":"ok","lang":"zh_CN","server_time":1522074381,"tzshift":28800,"location":[51.380976,0.053485],"unit":"metric","result":{"status":"ok","temperature":11.84,"skycon":"CLEAR_NIGHT","cloudrate":0.19,"aqi":10.0,"humidity":0.41,"pres":100891.88,"pm25":10.0,"precipitation":{"nearest":{"status":"ok","distance":10000.0,"intensity":0.0},"local":{"status":"ok","intensity":0.0,"datasource":"gfs"}},"wind":{"direction":276.45,"speed":9.63}}}
{"status":"ok","lang":"zh_CN","server_time":1522077975,"tzshift":28800,"location":[51.380976,0.053485],"unit":"metric","result":{"status":"ok","temperature":11.66,"skycon":"PARTLY_CLOUDY_NIGHT","cloudrate":0.31,"aqi":10.0,"humidity":0.43,"pres":100853.56,"pm25":10.0,"precipitation":{"nearest":{"status":"ok","distance":10000.0,"intensity":0.0},"local":{"status":"ok","intensity":0.0,"datasource":"gfs"}},"wind":{"direction":267.89,"speed":9.78}}}
