{"status":"ok","lang":"zh_CN","server_time":1521995100,"tzshift":28800,"location":[51.564009,-0.23522353],"unit":"metric","result":{"status":"ok","temperature":11.63,"skycon":"CLOUDY","cloudrate":0.88,"aqi":10.0,"humidity":0.55,"pres":100656.48,"pm25":10.0,"precipitation":{"nearest":{"status":"ok","distance":198.63,"intensity":0.1875},"local":{"status":"ok","intensity":0.0,"datasource":"gfs"}},"wind":{"direction":6.35,"speed":9.85}}}
{"status":"ok","lang":"zh_CN","server_time":1521996301,"tzshift":28800,"location":[51.564009,-0.23522353],"unit":"metric","result":{"status":"ok","temperature":11.63,"skycon":"CLOUDY","cloudrate":0.88,"aqi":10.0,"humidity":0.55,"pres":100656.48,"pm25":10.0,"precipitation":{"nearest":{"status":"ok","distance":10000.0,"intensity":0.0},"local":{"status":"ok","intensity":0.0,"datasource":"gfs"}},"wind":{"direction":6.35,"speed":9.85}}}
{"status":"ok","lang":"zh_CN","server_time":1521998700,"tzshift":28800,"location":[51.564009,-0.23522353],"unit":"metric","result":{"status":"ok","temperature":11.0,"skycon":"CLOUDY","cloudrate":0.88,"aqi":10.0,"humidity":0.58,"pres":100688.69,"pm25":10.0,"precipitation":{"nearest":{"status":"ok","distance":232.75,"intensity":0.1875},"local":{"status":"ok","intensity":0.0177,"datasource":"gfs"}},"wind":{"direction":1.76,"speed":9.6}}}
{"status":"ok","lang":"zh_CN","server_time":1521999902,"tzshift":28800,"location":[51.564009,-0.23522353],"unit":"metric","result":{"status":"ok","temperature":11.0,"skycon":"CLOUDY","cloudrate":0.88,"aqi":10.0,"humidity":0.58,"pres":100688.69,"pm25":10.0,"precipitation":{"nearest":{"status":"ok","distance":168.82,"intensity":0.1875},"local":{"status":"ok","intensity":0.0177,"datasource":"gfs"}},"wind":{"direction":1.76,"speed":9.6}}}
{"status":"ok","lang":"zh_CN","server_time":1522002300,"tzshift":28800,"location":[51.564009,-0.23522353],"unit":"metric","result":{"status":"ok","temperature":10.27,"skycon":"CLOUDY","cloudrate":0.89,"aqi":10.0,"humidity":0.61,"pres":100730.42,"pm25":10.0,"precipitation":{"nearest":{"status":"ok","distance":332.56,"intensity":0.1875},"local":{"status":"ok","intensity":0.0217,"datasource":"gfs"}},"wind":{"direction":355.75,"speed":8.98}}}
{"status":"ok","lang":"zh_CN","server_time":1522003501,"tzshift":28800,"location":[51.564009,-0.23522353],"unit":"metric","result":{"status":"ok","temperature":10.27,"skycon":"CLOUDY","cloudrate":0.89,"aqi":10.0,"humidity":0.61,"pres":100730.42,"pm25":10.0,"precipitation":{"nearest":{"status":"ok","distance":10000.0,"intensity":0.0},"local":{"status":"ok","intensity":0.0217,"datasource":"gfs"}},"wind":{"direction":355.75,"speed":8.98}}}
{"status":"ok","lang":"zh_CN","server_time":1522005901,"tzshift":28800,"location":[51.564009,-0.23522353],"unit":"metric","result":{"status":"ok","temperature":9.51,"skycon":"CLOUDY","cloudrate":0.93,"aqi":10.0,"humidity":0.64,"pres":100783.74,"pm25":10.0,"precipitation":{"nearest":{"status":"ok","distance":114.02,"intensity":0.1875},"local":{"status":"ok","intensity":0.0,"datasource":"gfs"}},"wind":{"direction":346.94,"speed":7.97}}}
{"status":"ok","lang":"zh_CN","server_time":1522007100,"tzshift":28800,"location":[51.564009,-0.23522353],"unit":"metric","result":{"status":"ok","temperature":9.51,"skycon":"CLOUDY","cloudrate":0.93,"aqi":10.0,"humidity":0.64,"pres":100783.74,"pm25":10.0,"precipitation":{"nearest":{"status":"ok","distance":2.06,"intensity":0.1875},"local":{"status":"ok","intensity":0.0,"datasource":"gfs"}},"wind":{"direction":346.94,"speed":7.97}}}
{"status":"ok","lang":"zh_CN","server_time":1522009500,"tzshift":28800,"location":[51.564009,-0.23522353],"unit":"metric","result":{"status":"ok","temperature":8.75,"skycon":"CLOUDY","cloudrate":0.96,"aqi":10.0,"humidity":0.66,"pres":100843.58,"pm25":10.0,"precipitation":{"nearest":{"status":"ok","distance":10000.0,"intensity":0.0},"local":{"status":"ok","intensity":0.0,"datasource":"gfs"}},"wind":{"direction":336.61,"speed":7.18}}}
{"status":"ok","lang":"zh_CN","server_time":1522010700,"tzshift":28800,"location":[51.564009,-0.23522353],"unit":"metric","result":{"status":"ok","temperature":8.75,"skycon":"CLOUDY","cloudrate":0.96,"aqi":10.0,"humidity":0.66,"pres":100843.58,"pm25":10.0,"precipitation":{"nearest":{"status":"ok","distance":116.75,"intensity":0.1875},"local":{"status":"ok","intensity":0.0,"datasource":"gfs"}},"wind":{"direction":336.61,"speed":7.18}}}
{"status":"failed", "error":"'API quota is exhausted'"}
{"status":"ok","lang":"zh_CN","server_time":1522014302,"tzshift":28800,"location":[51.564009,-0.23522353],"unit":"metric","result":{"status":"ok","temperature":8.45,"skycon":"CLOUDY","cloudrate":1.0,"aqi":10.0,"humidity":0.68,"pres":100919.02,"pm25":10.0,"precipitation":{"nearest":{"status":"ok","distance":10000.0,"intensity":0.0},"local":{"status":"ok","intensity":0.0198,"datasource":"gfs"}},"wind":{"direction":312.03,"speed":5.73}}}
{"status":"failed", "error":"'API quota is exhausted'"}
{"status":"failed", "error":"'API quota is exhausted'"}
{"status":"failed", "error":"'API quota is exhausted'"}
{"status":"failed", "error":"'API quota is exhausted'"}
{"status":"failed", "error":"'API quota is exhausted'"}
{"status":"failed", "error":"'API quota is exhausted'"}
{"status":"failed", "error":"'API quota is exhausted'"}
{"status":"failed", "error":"'API quota is exhausted'"}
{"status":"failed", "error":"'API quota is exhausted'"}
{"status":"failed", "error":"'API quota is exhausted'"}
{"status":"failed", "error":"'API quota is exhausted'"}
{"status":"failed", "error":"'API quota is exhausted'"}
{"status":"failed", "error":"'API quota is exhausted'"}
{"status":"failed", "error":"'API quota is exhausted'"}
{"status":"failed", "error":"'API quota is exhausted'"}
{"status":"failed", "error":"'API quota is exhausted'"}
{"status":"failed", "error":"'API quota is exhausted'"}
{"status":"failed", "error":"'API quota is exhausted'"}
{"status":"failed", "error":"'API quota is exhausted'"}
{"status":"failed", "error":"'API quota is exhausted'"}
{"status":"failed", "error":"'API quota is exhausted'"}
{"status":"failed", "error":"'API quota is exhausted'"}
{"status":"failed", "error":"'API quota is exhausted'"}
{"status":"failed", "error":"'API quota is exhausted'"}
{"status":"failed", "error":"'API quota is exhausted'"}
{"status":"ok","lang":"zh_CN","server_time":1522061215,"tzshift":28800,"location":[51.580976,-0.246518],"unit":"metric","result":{"status":"ok","temperature":9.23,"skycon":"CLEAR_DAY","cloudrate":0.0,"aqi":10.0,"humidity":0.53,"pres":101279.3,"pm25":10.0,"precipitation":{"nearest":{"status":"ok","distance":10000.0,"intensity":0.0},"local":{"status":"ok","intensity":0.0,"datasource":"gfs"}},"wind":{"direction":304.82,"speed":6.34}}}
{"status":"failed", "error":"'API quota is exhausted'"}
{"status":"failed", "error":"'API quota is exhausted'"}
{"status":"failed", "error":"'API quota is exhausted'"}
{"status":"ok","lang":"zh_CN","server_time":1522068300,"tzshift":28800,"location":[51.564009,-0.23522353],"unit":"metric","result":{"status":"ok","temperature":11.32,"skycon":"CLEAR_NIGHT","cloudrate":0.0,"aqi":10.0,"humidity":0.42,"pres":101251.08,"pm25":10.0,"precipitation":{"local":{"status":"ok","intensity":0.0,"datasource":"gfs"}},"wind":{"direction":279.38,"speed":8.19}}}
{"status":"ok","lang":"zh_CN","server_time":1522068300,"tzshift":28800,"location":[51.564009,-0.23522353],"unit":"metric","result":{"status":"ok","temperature":11.32,"skycon":"CLEAR_NIGHT","cloudrate":0.0,"aqi":10.0,"humidity":0.42,"pres":101251.08,"pm25":10.0,"precipitation":{"local":{"status":"ok","intensity":0.0,"datasource":"gfs"}},"wind":{"direction":279.38,"speed":8.19}}}
{"status":"ok","lang":"zh_CN","server_time":1522070701,"tzshift":28800,"location":[51.564009,-0.23522353],"unit":"metric","result":{"status":"ok","temperature":11.95,"skycon":"CLEAR_NIGHT","cloudrate":0.05,"aqi":10.0,"humidity":0.4,"pres":101225.84,"pm25":10.0,"precipitation":{"local":{"status":"ok","intensity":0.0,"datasource":"gfs"}},"wind":{"direction":272.15,"speed":9.5}}}
{"status":"ok","lang":"zh_CN","server_time":1522074301,"tzshift":28800,"location":[51.564009,-0.23522353],"unit":"metric","result":{"status":"ok","temperature":12.26,"skycon":"CLEAR_NIGHT","cloudrate":0.11,"aqi":10.0,"humidity":0.4,"pres":101188.95,"pm25":10.0,"precipitation":{"nearest":{"status":"ok","distance":198.23,"intensity":0.25},"local":{"status":"ok","intensity":0.0,"datasource":"gfs"}},"wind":{"direction":267.19,"speed":10.49}}}
{"status":"ok","lang":"zh_CN","server_time":1522077900,"tzshift":28800,"location":[51.564009,-0.23522353],"unit":"metric","result":{"status":"ok","temperature":12.2,"skycon":"CLEAR_NIGHT","cloudrate":0.17,"aqi":10.0,"humidity":0.41,"pres":101146.45,"pm25":10.0,"precipitation":{"local":{"status":"ok","intensity":0.0,"datasource":"gfs"}},"wind":{"direction":262.78,"speed":10.74}}}
