{"status":"ok","lang":"zh_CN","server_time":1521995178,"tzshift":28800,"location":[51.580976,-0.44652],"unit":"metric","result":{"status":"ok","temperature":11.39,"skycon":"RAIN","cloudrate":0.9,"aqi":10.0,"humidity":0.58,"pres":100489.06,"pm25":10.0,"precipitation":{"nearest":{"status":"ok","distance":205.65,"intensity":0.1875},"local":{"status":"ok","intensity":0.0387,"datasource":"gfs"}},"wind":{"direction":359.19,"speed":10.18}}}
{"status":"ok","lang":"zh_CN","server_time":1521996379,"tzshift":28800,"location":[51.580976,-0.44652],"unit":"metric","result":{"status":"ok","temperature":11.3,"skycon":"RAIN","cloudrate":0.91,"aqi":10.0,"humidity":0.59,"pres":100477.17,"pm25":10.0,"precipitation":{"nearest":{"status":"ok","distance":10000.0,"intensity":0.0},"local":{"status":"ok","intensity":0.0357,"datasource":"gfs"}},"wind":{"direction":359.4,"speed":10.24}}}
{"status":"ok","lang":"zh_CN","server_time":1521998780,"tzshift":28800,"location":[51.580976,-0.44652],"unit":"metric","result":{"status":"ok","temperature":10.6,"skycon":"RAIN","cloudrate":0.9,"aqi":10.0,"humidity":0.62,"pres":100508.44,"pm25":10.0,"precipitation":{"nearest":{"status":"ok","distance":78.36,"intensity":0.1875},"local":{"status":"ok","intensity":0.0485,"datasource":"gfs"}},"wind":{"direction":355.81,"speed":9.65}}}
{"status":"ok","lang":"zh_CN","server_time":1521999982,"tzshift":28800,"location":[51.580976,-0.44652],"unit":"metric","result":{"status":"ok","temperature":10.6,"skycon":"RAIN","cloudrate":0.9,"aqi":10.0,"humidity":0.62,"pres":100508.44,"pm25":10.0,"precipitation":{"nearest":{"status":"ok","distance":144.2,"intensity":0.1875},"local":{"status":"ok","intensity":0.0485,"datasource":"gfs"}},"wind":{"direction":355.81,"speed":9.65}}}
{"status":"ok","lang":"zh_CN","server_time":1522002386,"tzshift":28800,"location":[51.580976,-0.44652],"unit":"metric","result":{"status":"ok","temperature":9.75,"skycon":"RAIN","cloudrate":0.88,"aqi":10.0,"humidity":0.65,"pres":100550.08,"pm25":10.0,"precipitation":{"nearest":{"status":"ok","distance":320.91,"intensity":0.1875},"local":{"status":"ok","intensity":0.0443,"datasource":"gfs"}},"wind":{"direction":350.17,"speed":8.89}}}
{"status":"ok","lang":"zh_CN","server_time":1522003574,"tzshift":28800,"location":[51.580976,-0.44652],"unit":"metric","result":{"status":"ok","temperature":9.92,"skycon":"RAIN","cloudrate":0.88,"aqi":10.0,"humidity":0.64,"pres":100562.28,"pm25":10.0,"precipitation":{"nearest":{"status":"ok","distance":10000.0,"intensity":0.0},"local":{"status":"ok","intensity":0.0476,"datasource":"gfs"}},"wind":{"direction":350.2,"speed":8.98}}}
{"status":"ok","lang":"zh_CN","server_time":1522005975,"tzshift":28800,"location":[51.580976,-0.44652],"unit":"metric","result":{"status":"ok","temperature":8.83,"skycon":"CLOUDY","cloudrate":0.87,"aqi":10.0,"humidity":0.68,"pres":100604.75,"pm25":10.0,"precipitation":{"nearest":{"status":"ok","distance":135.2,"intensity":0.1875},"local":{"status":"ok","intensity":0.0147,"datasource":"gfs"}},"wind":{"direction":340.72,"speed":8.18}}}
{"status":"ok","lang":"zh_CN","server_time":1522007174,"tzshift":28800,"location":[51.580976,-0.44652],"unit":"metric","result":{"status":"ok","temperature":8.83,"skycon":"CLOUDY","cloudrate":0.87,"aqi":10.0,"humidity":0.68,"pres":100604.75,"pm25":10.0,"precipitation":{"nearest":{"status":"ok","distance":326.02,"intensity":0.1875},"local":{"status":"ok","intensity":0.0147,"datasource":"gfs"}},"wind":{"direction":340.72,"speed":8.18}}}
{"status":"ok","lang":"zh_CN","server_time":1522009574,"tzshift":28800,"location":[51.580976,-0.44652],"unit":"metric","result":{"status":"ok","temperature":7.91,"skycon":"CLOUDY","cloudrate":0.85,"aqi":10.0,"humidity":0.69,"pres":100666.45,"pm25":10.0,"precipitation":{"nearest":{"status":"ok","distance":10000.0,"intensity":0.0},"local":{"status":"ok","intensity":0.0,"datasource":"gfs"}},"wind":{"direction":330.72,"speed":7.86}}}
{"status":"ok","lang":"zh_CN","server_time":1522010774,"tzshift":28800,"location":[51.580976,-0.44652],"unit":"metric","result":{"status":"ok","temperature":7.91,"skycon":"CLOUDY","cloudrate":0.85,"aqi":10.0,"humidity":0.69,"pres":100666.45,"pm25":10.0,"precipitation":{"nearest":{"status":"ok","distance":10000.0,"intensity":0.0},"local":{"status":"ok","intensity":0.0,"datasource":"gfs"}},"wind":{"direction":330.72,"speed":7.86}}}
{"status":"ok","lang":"zh_CN","server_time":1522013197,"tzshift":28800,"location":[51.580976,-0.44652],"unit":"metric","result":{"status":"ok","temperature":7.09,"skycon":"PARTLY_CLOUDY_NIGHT","cloudrate":0.8,"aqi":10.0,"humidity":0.7,"pres":100727.09,"pm25":10.0,"precipitation":{"nearest":{"status":"ok","distance":10000.0,"intensity":0.0},"local":{"status":"ok","intensity":0.0,"datasource":"gfs"}},"wind":{"direction":326.25,"speed":7.91}}}
{"status":"failed", "error":"'API quota is exhausted'"}
{"status":"ok","lang":"zh_CN","server_time":1522016776,"tzshift":28800,"location":[51.580976,-0.44652],"unit":"metric","result":{"status":"ok","temperature":6.89,"skycon":"CLOUDY","cloudrate":0.91,"aqi":10.0,"humidity":0.72,"pres":100786.3,"pm25":10.0,"precipitation":{"nearest":{"status":"ok","distance":10000.0,"intensity":0.0},"local":{"status":"ok","intensity":0.0,"datasource":"gfs"}},"wind":{"direction":311.66,"speed":6.79}}}
{"status":"failed", "error":"'API quota is exhausted'"}
{"status":"failed", "error":"'API quota is exhausted'"}
{"status":"failed", "error":"'API quota is exhausted'"}
{"status":"failed", "error":"'API quota is exhausted'"}
{"status":"failed", "error":"'API quota is exhausted'"}
{"status":"failed", "error":"'API quota is exhausted'"}
{"status":"ok","lang":"zh_CN","server_time":1522028779,"tzshift":28800,"location":[51.580976,-0.44652],"unit":"metric","result":{"status":"ok","temperature":5.74,"skycon":"PARTLY_CLOUDY_DAY","cloudrate":0.48,"aqi":10.0,"humidity":0.72,"pres":100865.24,"pm25":10.0,"precipitation":{"nearest":{"status":"ok","distance":169.4,"intensity":0.1875},"local":{"status":"ok","intensity":0.0,"datasource":"gfs"}},"wind":{"direction":338.63,"speed":8.12}}}
{"status":"failed", "error":"'API quota is exhausted'"}
{"status":"failed", "error":"'API quota is exhausted'"}
{"status":"failed", "error":"'API quota is exhausted'"}
{"status":"failed", "error":"'API quota is exhausted'"}
{"status":"failed", "error":"'API quota is exhausted'"}
{"status":"failed", "error":"'API quota is exhausted'"}
{"status":"failed", "error":"'API quota is exhausted'"}
{"status":"failed", "error":"'API quota is exhausted'"}
{"status":"failed", "error":"'API quota is exhausted'"}
{"status":"failed", "error":"'API quota is exhausted'"}
{"status":"failed", "error":"'API quota is exhausted'"}
{"status":"failed", "error":"'API quota is exhausted'"}
{"status":"failed", "error":"'API quota is exhausted'"}
{"status":"failed", "error":"'API quota is exhausted'"}
{"status":"failed", "error":"'API quota is exhausted'"}
{"status":"failed", "error":"'API quota is exhausted'"}
{"status":"failed", "error":"'API quota is exhausted'"}
{"status":"failed", "error":"'API quota is exhausted'"}
{"status":"failed", "error":"'API quota is exhausted'"}
{"status":"failed", "error":"'API quota is exhausted'"}
{"status":"failed", "error":"'API quota is exhausted'"}
{"status":"ok","lang":"zh_CN","server_time":1522068380,"tzshift":28800,"location":[51.580976,-0.44652],"unit":"metric","result":{"status":"ok","temperature":11.05,"skycon":"CLEAR_NIGHT","cloudrate":0.0,"aqi":10.0,"humidity":0.45,"pres":101064.65,"pm25":10.0,"precipitation":{"nearest":{"status":"ok","distance":182.1,"intensity":0.25},"local":{"status":"ok","intensity":0.0,"datasource":"gfs"}},"wind":{"direction":273.09,"speed":8.67}}}
{"status":"ok","lang":"zh_CN","server_time":1522068380,"tzshift":28800,"location":[51.580976,-0.44652],"unit":"metric","result":{"status":"ok","temperature":11.05,"skycon":"CLEAR_NIGHT","cloudrate":0.0,"aqi":10.0,"humidity":0.45,"pres":101064.65,"pm25":10.0,"precipitation":{"nearest":{"status":"ok","distance":182.1,"intensity":0.25},"local":{"status":"ok","intensity":0.0,"datasource":"gfs"}},"wind":{"direction":273.09,"speed":8.67}}}
{"status":"ok","lang":"zh_CN","server_time":1522070786,"tzshift":28800,"location":[51.580976,-0.44652],"unit":"metric","result":{"status":"ok","temperature":11.72,"skycon":"CLEAR_NIGHT","cloudrate":0.08,"aqi":10.0,"humidity":0.42,"pres":101051.97,"pm25":10.0,"precipitation":{"nearest":{"status":"ok","distance":106.75,"intensity":0.1875},"local":{"status":"ok","intensity":0.0,"datasource":"gfs"}},"wind":{"direction":267.21,"speed":10.03}}}
{"status":"ok","lang":"zh_CN","server_time":1522074388,"tzshift":28800,"location":[51.580976,-0.44652],"unit":"metric","result":{"status":"ok","temperature":11.88,"skycon":"CLEAR_NIGHT","cloudrate":0.17,"aqi":10.0,"humidity":0.44,"pres":101003.91,"pm25":10.0,"precipitation":{"local":{"status":"ok","intensity":0.0,"datasource":"gfs"}},"wind":{"direction":263.65,"speed":11.26}}}
{"status":"ok","lang":"zh_CN","server_time":1522077982,"tzshift":28800,"location":[51.580976,-0.44652],"unit":"metric","result":{"status":"ok","temperature":11.75,"skycon":"PARTLY_CLOUDY_NIGHT","cloudrate":0.25,"aqi":10.0,"humidity":0.46,"pres":100961.65,"pm25":10.0,"precipitation":{"nearest":{"status":"ok","distance":10000.0,"intensity":0.0},"local":{"status":"ok","intensity":0.0,"datasource":"gfs"}},"wind":{"direction":259.78,"speed":11.38}}}
