{"status":"ok","lang":"zh_CN","server_time":1521995178,"tzshift":28800,"location":[51.580976,-0.546521],"unit":"metric","result":{"status":"ok","temperature":11.11,"skycon":"RAIN","cloudrate":0.92,"aqi":10,"humidity":0.61,"pres":100397.58,"pm25":10,"precipitation":{"nearest":{"status":"ok","distance":158.45,"intensity":0.1875},"local":{"status":"ok","intensity":0.0462,"datasource":"gfs"}},"wind":{"direction":356.64,"speed":10.47}}}
{"status":"ok","lang":"zh_CN","server_time":1521996379,"tzshift":28800,"location":[51.580976,-0.546521],"unit":"metric","result":{"status":"ok","temperature":11.11,"skycon":"RAIN","cloudrate":0.92,"aqi":10.0,"humidity":0.61,"pres":100397.58,"pm25":10.0,"precipitation":{"nearest":{"status":"ok","distance":293.27,"intensity":0.1875},"local":{"status":"ok","intensity":0.0462,"datasource":"gfs"}},"wind":{"direction":356.64,"speed":10.47}}}
{"status":"ok","lang":"zh_CN","server_time":1521998780,"tzshift":28800,"location":[51.580976,-0.546521],"unit":"metric","result":{"status":"ok","temperature":10.35,"skycon":"RAIN","cloudrate":0.91,"aqi":10,"humidity":0.65,"pres":100428.32,"pm25":10,"precipitation":{"nearest":{"status":"ok","distance":216.84,"intensity":0.1875},"local":{"status":"ok","intensity":0.0556,"datasource":"gfs"}},"wind":{"direction":353.24,"speed":9.68}}}
{"status":"ok","lang":"zh_CN","server_time":1521999981,"tzshift":28800,"location":[51.580976,-0.546521],"unit":"metric","result":{"status":"ok","temperature":10.35,"skycon":"RAIN","cloudrate":0.91,"aqi":10.0,"humidity":0.65,"pres":100428.32,"pm25":10.0,"precipitation":{"nearest":{"status":"ok","distance":434.7,"intensity":0.1875},"local":{"status":"ok","intensity":0.0556,"datasource":"gfs"}},"wind":{"direction":353.24,"speed":9.68}}}
{"status":"ok","lang":"zh_CN","server_time":1522002385,"tzshift":28800,"location":[51.580976,-0.546521],"unit":"metric","result":{"status":"ok","temperature":9.42,"skycon":"RAIN","cloudrate":0.88,"aqi":10.0,"humidity":0.68,"pres":100469.77,"pm25":10.0,"precipitation":{"nearest":{"status":"ok","distance":10000.0,"intensity":0.0},"local":{"status":"ok","intensity":0.0491,"datasource":"gfs"}},"wind":{"direction":347.7,"speed":8.8}}}
{"status":"ok","lang":"zh_CN","server_time":1522003574,"tzshift":28800,"location":[51.580976,-0.546521],"unit":"metric","result":{"status":"ok","temperature":9.42,"skycon":"RAIN","cloudrate":0.88,"aqi":10.0,"humidity":0.68,"pres":100469.77,"pm25":10.0,"precipitation":{"nearest":{"status":"ok","distance":179.69,"intensity":0.25},"local":{"status":"ok","intensity":0.0491,"datasource":"gfs"}},"wind":{"direction":347.7,"speed":8.8}}}
{"status":"ok","lang":"zh_CN","server_time":1522005975,"tzshift":28800,"location":[51.580976,-0.546521],"unit":"metric","result":{"status":"ok","temperature":8.41,"skycon":"CLOUDY","cloudrate":0.84,"aqi":10,"humidity":0.7,"pres":100524.85,"pm25":10,"precipitation":{"nearest":{"status":"ok","distance":0.67,"intensity":0.1875},"local":{"status":"ok","intensity":0.0182,"datasource":"gfs"}},"wind":{"direction":338.29,"speed":8.18}}}
{"status":"ok","lang":"zh_CN","server_time":1522007173,"tzshift":28800,"location":[51.580976,-0.546521],"unit":"metric","result":{"status":"ok","temperature":8.41,"skycon":"CLOUDY","cloudrate":0.84,"aqi":10.0,"humidity":0.7,"pres":100524.85,"pm25":10.0,"precipitation":{"nearest":{"status":"ok","distance":126.41,"intensity":0.1875},"local":{"status":"ok","intensity":0.0182,"datasource":"gfs"}},"wind":{"direction":338.29,"speed":8.18}}}
{"status":"ok","lang":"zh_CN","server_time":1522009573,"tzshift":28800,"location":[51.580976,-0.546521],"unit":"metric","result":{"status":"ok","temperature":7.41,"skycon":"PARTLY_CLOUDY_NIGHT","cloudrate":0.79,"aqi":10.0,"humidity":0.72,"pres":100587.23,"pm25":10.0,"precipitation":{"nearest":{"status":"ok","distance":249.86,"intensity":0.1875},"local":{"status":"ok","intensity":0.0,"datasource":"gfs"}},"wind":{"direction":328.85,"speed":8.03}}}
{"status":"ok","lang":"zh_CN","server_time":1522010773,"tzshift":28800,"location":[51.580976,-0.546521],"unit":"metric","result":{"status":"ok","temperature":7.41,"skycon":"PARTLY_CLOUDY_NIGHT","cloudrate":0.79,"aqi":10.0,"humidity":0.72,"pres":100587.23,"pm25":10.0,"precipitation":{"nearest":{"status":"ok","distance":223.55,"intensity":0.1875},"local":{"status":"ok","intensity":0.0,"datasource":"gfs"}},"wind":{"direction":328.85,"speed":8.03}}}
{"status":"ok","lang":"zh_CN","server_time":1522013196,"tzshift":28800,"location":[51.580976,-0.546521],"unit":"metric","result":{"status":"ok","temperature":6.54,"skycon":"PARTLY_CLOUDY_NIGHT","cloudrate":0.73,"aqi":10.0,"humidity":0.73,"pres":100648.31,"pm25":10.0,"precipitation":{"nearest":{"status":"ok","distance":10000.0,"intensity":0.0},"local":{"status":"ok","intensity":0.0,"datasource":"gfs"}},"wind":{"direction":325.08,"speed":8.14}}}
{"status":"ok","lang":"zh_CN","server_time":1522014376,"tzshift":28800,"location":[51.580976,-0.546521],"unit":"metric","result":{"status":"ok","temperature":6.93,"skycon":"CLOUDY","cloudrate":0.99,"aqi":10.0,"humidity":0.74,"pres":100660.46,"pm25":10.0,"precipitation":{"nearest":{"status":"ok","distance":10000.0,"intensity":0.0},"local":{"status":"ok","intensity":0.0,"datasource":"gfs"}},"wind":{"direction":304.35,"speed":7.01}}}
{"status":"failed", "error":"'API quota is exhausted'"}
{"status":"failed", "error":"'API quota is exhausted'"}
{"status":"failed", "error":"'API quota is exhausted'"}
{"status":"failed", "error":"'API quota is exhausted'"}
{"status":"ok","lang":"zh_CN","server_time":1522024156,"tzshift":28800,"location":[51.580976,-0.546521],"unit":"metric","result":{"status":"ok","temperature":5.54,"skycon":"PARTLY_CLOUDY_DAY","cloudrate":0.59,"aqi":10.0,"humidity":0.76,"pres":100757.8,"pm25":10.0,"precipitation":{"nearest":{"status":"ok","distance":23.7,"intensity":0.1875},"local":{"status":"ok","intensity":0.0,"datasource":"gfs"}},"wind":{"direction":335.89,"speed":7.77}}}
{"status":"failed", "error":"'API quota is exhausted'"}
{"status":"failed", "error":"'API quota is exhausted'"}
{"status":"failed", "error":"'API quota is exhausted'"}
{"status":"failed", "error":"'API quota is exhausted'"}
{"status":"failed", "error":"'API quota is exhausted'"}
{"status":"failed", "error":"'API quota is exhausted'"}
{"status":"ok","lang":"zh_CN","server_time":1522035980,"tzshift":28800,"location":[51.580976,-0.546521],"unit":"metric","result":{"status":"ok","temperature":4.58,"skycon":"PARTLY_CLOUDY_DAY","cloudrate":0.48,"aqi":10.0,"humidity":0.76,"pres":100834.26,"pm25":10.0,"precipitation":{"nearest":{"status":"ok","distance":99.48,"intensity":0.375},"local":{"status":"ok","intensity":0.0,"datasource":"gfs"}},"wind":{"direction":336.82,"speed":8.64}}}
{"status":"failed", "error":"'API quota is exhausted'"}
{"status":"failed", "error":"'API quota is exhausted'"}
{"status":"failed", "error":"'API quota is exhausted'"}
{"status":"failed", "error":"'API quota is exhausted'"}
{"status":"failed", "error":"'API quota is exhausted'"}
{"status":"failed", "error":"'API quota is exhausted'"}
{"status":"failed", "error":"'API quota is exhausted'"}
{"status":"failed", "error":"'API quota is exhausted'"}
{"status":"failed", "error":"'API quota is exhausted'"}
{"status":"failed", "error":"'API quota is exhausted'"}
{"status":"failed", "error":"'API quota is exhausted'"}
{"status":"failed", "error":"'API quota is exhausted'"}
{"status":"failed", "error":"'API quota is exhausted'"}
{"status":"failed", "error":"'API quota is exhausted'"}
{"status":"failed", "error":"'API quota is exhausted'"}
{"status":"failed", "error":"'API quota is exhausted'"}
{"status":"failed", "error":"'API quota is exhausted'"}
{"status":"ok","lang":"zh_CN","server_time":1522068379,"tzshift":28800,"location":[51.580976,-0.546521],"unit":"metric","result":{"status":"ok","temperature":10.88,"skycon":"CLEAR_NIGHT","cloudrate":0.0,"aqi":10.0,"humidity":0.48,"pres":100982.3,"pm25":10.0,"precipitation":{"nearest":{"status":"ok","distance":10000.0,"intensity":0.0},"local":{"status":"ok","intensity":0.0,"datasource":"gfs"}},"wind":{"direction":270.85,"speed":9.0}}}
{"status":"ok","lang":"zh_CN","server_time":1522068379,"tzshift":28800,"location":[51.580976,-0.546521],"unit":"metric","result":{"status":"ok","temperature":10.88,"skycon":"CLEAR_NIGHT","cloudrate":0.0,"aqi":10.0,"humidity":0.48,"pres":100982.3,"pm25":10.0,"precipitation":{"nearest":{"status":"ok","distance":10000.0,"intensity":0.0},"local":{"status":"ok","intensity":0.0,"datasource":"gfs"}},"wind":{"direction":270.85,"speed":9.0}}}
{"status":"ok","lang":"zh_CN","server_time":1522070786,"tzshift":28800,"location":[51.580976,-0.546521],"unit":"metric","result":{"status":"ok","temperature":11.45,"skycon":"CLEAR_NIGHT","cloudrate":0.09,"aqi":10.0,"humidity":0.46,"pres":100957.85,"pm25":10.0,"precipitation":{"local":{"status":"ok","intensity":0.0,"datasource":"gfs"}},"wind":{"direction":265.74,"speed":10.56}}}
{"status":"ok","lang":"zh_CN","server_time":1522074387,"tzshift":28800,"location":[51.580976,-0.546521],"unit":"metric","result":{"status":"ok","temperature":11.68,"skycon":"CLEAR_NIGHT","cloudrate":0.2,"aqi":10.0,"humidity":0.46,"pres":100922.15,"pm25":10.0,"precipitation":{"nearest":{"status":"ok","distance":183.75,"intensity":0.1875},"local":{"status":"ok","intensity":0.0,"datasource":"gfs"}},"wind":{"direction":262.36,"speed":11.61}}}
{"status":"ok","lang":"zh_CN","server_time":1522077981,"tzshift":28800,"location":[51.580976,-0.546521],"unit":"metric","result":{"status":"ok","temperature":11.51,"skycon":"PARTLY_CLOUDY_NIGHT","cloudrate":0.29,"aqi":10,"humidity":0.48,"pres":100879.76,"pm25":10,"precipitation":{"nearest":{"status":"ok","distance":10000.0,"intensity":0.0},"local":{"status":"ok","intensity":0.0,"datasource":"gfs"}},"wind":{"direction":258.57,"speed":11.64}}}
