{"status":"ok","lang":"zh_CN","server_time":1521995179,"tzshift":28800,"location":[51.580976,-0.346519],"unit":"metric","result":{"status":"ok","temperature":11.42,"skycon":"CLOUDY","cloudrate":0.9,"aqi":10.0,"humidity":0.57,"pres":100546.43,"pm25":10.0,"precipitation":{"nearest":{"status":"ok","distance":207.09,"intensity":0.1875},"local":{"status":"ok","intensity":0.0205,"datasource":"gfs"}},"wind":{"direction":2.46,"speed":10.08}}}
{"status":"ok","lang":"zh_CN","server_time":1521996379,"tzshift":28800,"location":[51.580976,-0.346519],"unit":"metric","result":{"status":"ok","temperature":11.42,"skycon":"CLOUDY","cloudrate":0.9,"aqi":10.0,"humidity":0.57,"pres":100546.43,"pm25":10.0,"precipitation":{"nearest":{"status":"ok","distance":10000.0,"intensity":0.0},"local":{"status":"ok","intensity":0.0205,"datasource":"gfs"}},"wind":{"direction":2.46,"speed":10.08}}}
{"status":"ok","lang":"zh_CN","server_time":1521998781,"tzshift":28800,"location":[51.580976,-0.346519],"unit":"metric","result":{"status":"ok","temperature":10.75,"skycon":"RAIN","cloudrate":0.9,"aqi":10.0,"humidity":0.61,"pres":100578.13,"pm25":10.0,"precipitation":{"nearest":{"status":"ok","distance":164.49,"intensity":0.1875},"local":{"status":"ok","intensity":0.0375,"datasource":"gfs"}},"wind":{"direction":358.44,"speed":9.62}}}
{"status":"ok","lang":"zh_CN","server_time":1521999983,"tzshift":28800,"location":[51.580976,-0.346519],"unit":"metric","result":{"status":"ok","temperature":10.75,"skycon":"RAIN","cloudrate":0.9,"aqi":10,"humidity":0.61,"pres":100578.13,"pm25":10,"precipitation":{"nearest":{"status":"ok","distance":303.66,"intensity":0.1875},"local":{"status":"ok","intensity":0.0375,"datasource":"gfs"}},"wind":{"direction":358.44,"speed":9.62}}}
{"status":"ok","lang":"zh_CN","server_time":1522002386,"tzshift":28800,"location":[51.580976,-0.346519],"unit":"metric","result":{"status":"ok","temperature":9.94,"skycon":"RAIN","cloudrate":0.89,"aqi":10.0,"humidity":0.64,"pres":100619.79,"pm25":10.0,"precipitation":{"nearest":{"status":"ok","distance":58.62,"intensity":0.1875},"local":{"status":"ok","intensity":0.0362,"datasource":"gfs"}},"wind":{"direction":352.58,"speed":8.92}}}
{"status":"ok","lang":"zh_CN","server_time":1522003575,"tzshift":28800,"location":[51.580976,-0.346519],"unit":"metric","result":{"status":"ok","temperature":9.94,"skycon":"RAIN","cloudrate":0.89,"aqi":10.0,"humidity":0.64,"pres":100619.79,"pm25":10.0,"precipitation":{"nearest":{"status":"ok","distance":10000.0,"intensity":0.0},"local":{"status":"ok","intensity":0.0362,"datasource":"gfs"}},"wind":{"direction":352.58,"speed":8.92}}}
{"status":"ok","lang":"zh_CN","server_time":1522005976,"tzshift":28800,"location":[51.580976,-0.346519],"unit":"metric","result":{"status":"ok","temperature":9.08,"skycon":"CLOUDY","cloudrate":0.9,"aqi":10.0,"humidity":0.66,"pres":100673.79,"pm25":10.0,"precipitation":{"nearest":{"status":"ok","distance":316.46,"intensity":0.1875},"local":{"status":"ok","intensity":0.008,"datasource":"gfs"}},"wind":{"direction":343.27,"speed":8.1}}}
{"status":"ok","lang":"zh_CN","server_time":1522007174,"tzshift":28800,"location":[51.580976,-0.346519],"unit":"metric","result":{"status":"ok","temperature":9.08,"skycon":"CLOUDY","cloudrate":0.9,"aqi":10.0,"humidity":0.66,"pres":100673.79,"pm25":10.0,"precipitation":{"nearest":{"status":"ok","distance":304.88,"intensity":0.1875},"local":{"status":"ok","intensity":0.008,"datasource":"gfs"}},"wind":{"direction":343.27,"speed":8.1}}}
{"status":"ok","lang":"zh_CN","server_time":1522009574,"tzshift":28800,"location":[51.580976,-0.346519],"unit":"metric","result":{"status":"ok","temperature":8.24,"skycon":"CLOUDY","cloudrate":0.91,"aqi":10.0,"humidity":0.68,"pres":100734.57,"pm25":10.0,"precipitation":{"nearest":{"status":"ok","distance":132.29,"intensity":0.1875},"local":{"status":"ok","intensity":0.0,"datasource":"gfs"}},"wind":{"direction":333.06,"speed":7.61}}}
{"status":"ok","lang":"zh_CN","server_time":1522010774,"tzshift":28800,"location":[51.580976,-0.346519],"unit":"metric","result":{"status":"ok","temperature":8.24,"skycon":"CLOUDY","cloudrate":0.91,"aqi":10.0,"humidity":0.68,"pres":100734.57,"pm25":10.0,"precipitation":{"nearest":{"status":"ok","distance":10000.0,"intensity":0.0},"local":{"status":"ok","intensity":0.0,"datasource":"gfs"}},"wind":{"direction":333.06,"speed":7.61}}}
{"status":"ok","lang":"zh_CN","server_time":1522013197,"tzshift":28800,"location":[51.580976,-0.346519],"unit":"metric","result":{"status":"ok","temperature":7.46,"skycon":"CLOUDY","cloudrate":0.87,"aqi":10.0,"humidity":0.69,"pres":100794.65,"pm25":10.0,"precipitation":{"nearest":{"status":"ok","distance":10000.0,"intensity":0.0},"local":{"status":"ok","intensity":0.0,"datasource":"gfs"}},"wind":{"direction":328.01,"speed":7.62}}}
{"status":"failed", "error":"'API quota is exhausted'"}
{"status":"ok","lang":"zh_CN","server_time":1522016777,"tzshift":28800,"location":[51.580976,-0.346519],"unit":"metric","result":{"status":"ok","temperature":7.23,"skycon":"CLOUDY","cloudrate":0.91,"aqi":10.0,"humidity":0.71,"pres":100855.01,"pm25":10.0,"precipitation":{"nearest":{"status":"ok","distance":10000.0,"intensity":0.0},"local":{"status":"ok","intensity":0.0,"datasource":"gfs"}},"wind":{"direction":313.54,"speed":6.62}}}
{"status":"failed", "error":"'API quota is exhausted'"}
{"status":"failed", "error":"'API quota is exhausted'"}
{"status":"failed", "error":"'API quota is exhausted'"}
{"status":"ok","lang":"zh_CN","server_time":1522024157,"tzshift":28800,"location":[51.580976,-0.346519],"unit":"metric","result":{"status":"ok","temperature":6.16,"skycon":"PARTLY_CLOUDY_DAY","cloudrate":0.61,"aqi":10.0,"humidity":0.72,"pres":100907.12,"pm25":10.0,"precipitation":{"nearest":{"status":"ok","distance":83.95,"intensity":0.1875},"local":{"status":"ok","intensity":0.0,"datasource":"gfs"}},"wind":{"direction":335.35,"speed":8.14}}}
{"status":"ok","lang":"zh_CN","server_time":1522025177,"tzshift":28800,"location":[51.580976,-0.346519],"unit":"metric","result":{"status":"ok","temperature":6.74,"skycon":"PARTLY_CLOUDY_DAY","cloudrate":0.62,"aqi":10.0,"humidity":0.69,"pres":100944.13,"pm25":10.0,"precipitation":{"nearest":{"status":"ok","distance":87.32,"intensity":0.1875},"local":{"status":"ok","intensity":0.0,"datasource":"gfs"}},"wind":{"direction":337.33,"speed":7.85}}}
{"status":"ok","lang":"zh_CN","server_time":1522027576,"tzshift":28800,"location":[51.580976,-0.346519],"unit":"metric","result":{"status":"ok","temperature":5.79,"skycon":"PARTLY_CLOUDY_DAY","cloudrate":0.48,"aqi":10.0,"humidity":0.72,"pres":100921.24,"pm25":10.0,"precipitation":{"nearest":{"status":"ok","distance":10000.0,"intensity":0.0},"local":{"status":"ok","intensity":0.0,"datasource":"gfs"}},"wind":{"direction":337.42,"speed":8.43}}}
{"status":"failed", "error":"'API quota is exhausted'"}
{"status":"failed", "error":"'API quota is exhausted'"}
{"status":"failed", "error":"'API quota is exhausted'"}
{"status":"failed", "error":"'API quota is exhausted'"}
{"status":"failed", "error":"'API quota is exhausted'"}
{"status":"failed", "error":"'API quota is exhausted'"}
{"status":"failed", "error":"'API quota is exhausted'"}
{"status":"failed", "error":"'API quota is exhausted'"}
{"status":"failed", "error":"'API quota is exhausted'"}
{"status":"failed", "error":"'API quota is exhausted'"}
{"status":"failed", "error":"'API quota is exhausted'"}
{"status":"ok","lang":"zh_CN","server_time":1522049182,"tzshift":28800,"location":[51.580976,-0.346519],"unit":"metric","result":{"status":"ok","temperature":4.34,"skycon":"CLEAR_DAY","cloudrate":0.19,"aqi":10.0,"humidity":0.75,"pres":101079.33,"pm25":10.0,"precipitation":{"nearest":{"status":"ok","distance":10000.0,"intensity":0.0},"local":{"status":"ok","intensity":0.0,"datasource":"gfs"}},"wind":{"direction":323.58,"speed":7.63}}}
{"status":"failed", "error":"'API quota is exhausted'"}
{"status":"failed", "error":"'API quota is exhausted'"}
{"status":"ok","lang":"zh_CN","server_time":1522054004,"tzshift":28800,"location":[51.580976,-0.346519],"unit":"metric","result":{"status":"ok","temperature":5.68,"skycon":"CLEAR_DAY","cloudrate":0.08,"aqi":10,"humidity":0.69,"pres":101100.01,"pm25":10,"precipitation":{"nearest":{"status":"ok","distance":10000.0,"intensity":0.0},"local":{"status":"ok","intensity":0.0,"datasource":"gfs"}},"wind":{"direction":321.0,"speed":7.41}}}
{"status":"failed", "error":"'API quota is exhausted'"}
{"status":"failed", "error":"'API quota is exhausted'"}
{"status":"failed", "error":"'API quota is exhausted'"}
{"status":"failed", "error":"'API quota is exhausted'"}
{"status":"failed", "error":"'API quota is exhausted'"}
{"status":"failed", "error":"'API quota is exhausted'"}
{"status":"failed", "error":"'API quota is exhausted'"}
{"status":"ok","lang":"zh_CN","server_time":1522068380,"tzshift":28800,"location":[51.580976,-0.346519],"unit":"metric","result":{"status":"ok","temperature":11.14,"skycon":"CLEAR_NIGHT","cloudrate":0.0,"aqi":10.0,"humidity":0.44,"pres":101136.48,"pm25":10.0,"precipitation":{"nearest":{"status":"ok","distance":161.26,"intensity":0.3125},"local":{"status":"ok","intensity":0.0,"datasource":"gfs"}},"wind":{"direction":275.62,"speed":8.53}}}
{"status":"ok","lang":"zh_CN","server_time":1522068380,"tzshift":28800,"location":[51.580976,-0.346519],"unit":"metric","result":{"status":"ok","temperature":11.14,"skycon":"CLEAR_NIGHT","cloudrate":0.0,"aqi":10.0,"humidity":0.44,"pres":101136.48,"pm25":10.0,"precipitation":{"nearest":{"status":"ok","distance":161.26,"intensity":0.3125},"local":{"status":"ok","intensity":0.0,"datasource":"gfs"}},"wind":{"direction":275.62,"speed":8.53}}}
{"status":"ok","lang":"zh_CN","server_time":1522070787,"tzshift":28800,"location":[51.580976,-0.346519],"unit":"metric","result":{"status":"ok","temperature":12.0,"skycon":"CLEAR_NIGHT","cloudrate":0.07,"aqi":10.0,"humidity":0.39,"pres":101146.09,"pm25":10.0,"precipitation":{"local":{"status":"ok","intensity":0.0,"datasource":"gfs"}},"wind":{"direction":268.84,"speed":9.51}}}
{"status":"ok","lang":"zh_CN","server_time":1522074388,"tzshift":28800,"location":[51.580976,-0.346519],"unit":"metric","result":{"status":"ok","temperature":12.03,"skycon":"CLEAR_NIGHT","cloudrate":0.14,"aqi":10.0,"humidity":0.42,"pres":101075.02,"pm25":10.0,"precipitation":{"nearest":{"status":"ok","distance":243.07,"intensity":0.1875},"local":{"status":"ok","intensity":0.0,"datasource":"gfs"}},"wind":{"direction":265.13,"speed":11.01}}}
{"status":"ok","lang":"zh_CN","server_time":1522077982,"tzshift":28800,"location":[51.580976,-0.346519],"unit":"metric","result":{"status":"ok","temperature":11.93,"skycon":"PARTLY_CLOUDY_NIGHT","cloudrate":0.21,"aqi":10.0,"humidity":0.44,"pres":101032.64,"pm25":10.0,"precipitation":{"local":{"status":"ok","intensity":0.0,"datasource":"gfs"}},"wind":{"direction":261.16,"speed":11.18}}}
