{"status":"ok","lang":"zh_CN","server_time":1521995181,"tzshift":28800,"location":[51.580976,0.053485],"unit":"metric","result":{"status":"ok","temperature":11.31,"skycon":"PARTLY_CLOUDY_NIGHT","cloudrate":0.8,"aqi":10.0,"humidity":0.57,"pres":100687.64,"pm25":10.0,"precipitation":{"nearest":{"status":"ok","distance":10000.0,"intensity":0.0},"local":{"status":"ok","intensity":0.0,"datasource":"gfs"}},"wind":{"direction":12.13,"speed":9.37}}}
{"status":"ok","lang":"zh_CN","server_time":1521996381,"tzshift":28800,"location":[51.580976,0.053485],"unit":"metric","result":{"status":"ok","temperature":11.31,"skycon":"PARTLY_CLOUDY_NIGHT","cloudrate":0.8,"aqi":10.0,"humidity":0.57,"pres":100687.64,"pm25":10.0,"precipitation":{"nearest":{"status":"ok","distance":204.74,"intensity":0.1875},"local":{"status":"ok","intensity":0.0,"datasource":"gfs"}},"wind":{"direction":12.13,"speed":9.37}}}
{"status":"ok","lang":"zh_CN","server_time":1521998783,"tzshift":28800,"location":[51.580976,0.053485],"unit":"metric","result":{"status":"ok","temperature":10.69,"skycon":"CLOUDY","cloudrate":0.83,"aqi":10.0,"humidity":0.6,"pres":100717.13,"pm25":10.0,"precipitation":{"nearest":{"status":"ok","distance":10000.0,"intensity":0.0},"local":{"status":"ok","intensity":0.0,"datasource":"gfs"}},"wind":{"direction":6.93,"speed":8.8}}}
{"status":"ok","lang":"zh_CN","server_time":1521999984,"tzshift":28800,"location":[51.580976,0.053485],"unit":"metric","result":{"status":"ok","temperature":10.69,"skycon":"CLOUDY","cloudrate":0.83,"aqi":10.0,"humidity":0.6,"pres":100717.13,"pm25":10.0,"precipitation":{"nearest":{"status":"ok","distance":257.41,"intensity":0.1875},"local":{"status":"ok","intensity":0.0,"datasource":"gfs"}},"wind":{"direction":6.93,"speed":8.8}}}
{"status":"ok","lang":"zh_CN","server_time":1522002388,"tzshift":28800,"location":[51.580976,0.053485],"unit":"metric","result":{"status":"ok","temperature":9.99,"skycon":"CLOUDY","cloudrate":0.87,"aqi":10.0,"humidity":0.63,"pres":100756.95,"pm25":10.0,"precipitation":{"nearest":{"status":"ok","distance":384.78,"intensity":0.1875},"local":{"status":"ok","intensity":0.0,"datasource":"gfs"}},"wind":{"direction":1.92,"speed":7.85}}}
{"status":"ok","lang":"zh_CN","server_time":1522003577,"tzshift":28800,"location":[51.580976,0.053485],"unit":"metric","result":{"status":"ok","temperature":9.99,"skycon":"CLOUDY","cloudrate":0.87,"aqi":10.0,"humidity":0.63,"pres":100756.95,"pm25":10.0,"precipitation":{"nearest":{"status":"ok","distance":200.7,"intensity":0.1875},"local":{"status":"ok","intensity":0.0,"datasource":"gfs"}},"wind":{"direction":1.92,"speed":7.85}}}
{"status":"ok","lang":"zh_CN","server_time":1522005977,"tzshift":28800,"location":[51.580976,0.053485],"unit":"metric","result":{"status":"ok","temperature":9.3,"skycon":"CLOUDY","cloudrate":0.93,"aqi":10.0,"humidity":0.66,"pres":100809.7,"pm25":10.0,"precipitation":{"nearest":{"status":"ok","distance":10000.0,"intensity":0.0},"local":{"status":"ok","intensity":0.0,"datasource":"gfs"}},"wind":{"direction":357.73,"speed":6.41}}}
{"status":"ok","lang":"zh_CN","server_time":1522007176,"tzshift":28800,"location":[51.580976,0.053485],"unit":"metric","result":{"status":"ok","temperature":9.3,"skycon":"CLOUDY","cloudrate":0.93,"aqi":10.0,"humidity":0.66,"pres":100809.7,"pm25":10.0,"precipitation":{"nearest":{"status":"ok","distance":168.12,"intensity":0.1875},"local":{"status":"ok","intensity":0.0,"datasource":"gfs"}},"wind":{"direction":357.73,"speed":6.41}}}
{"status":"ok","lang":"zh_CN","server_time":1522009576,"tzshift":28800,"location":[51.580976,0.053485],"unit":"metric","result":{"status":"ok","temperature":8.63,"skycon":"CLOUDY","cloudrate":0.98,"aqi":10.0,"humidity":0.68,"pres":100869.64,"pm25":10.0,"precipitation":{"nearest":{"status":"ok","distance":118.84,"intensity":0.1875},"local":{"status":"ok","intensity":0.0,"datasource":"gfs"}},"wind":{"direction":352.49,"speed":5.05}}}
{"status":"ok","lang":"zh_CN","server_time":1522010776,"tzshift":28800,"location":[51.580976,0.053485],"unit":"metric","result":{"status":"ok","temperature":8.63,"skycon":"CLOUDY","cloudrate":0.98,"aqi":10,"humidity":0.68,"pres":100869.64,"pm25":10,"precipitation":{"nearest":{"status":"ok","distance":10000.0,"intensity":0.0},"local":{"status":"ok","intensity":0.0,"datasource":"gfs"}},"wind":{"direction":352.49,"speed":5.05}}}
{"status":"ok","lang":"zh_CN","server_time":1522013199,"tzshift":28800,"location":[51.580976,0.053485],"unit":"metric","result":{"status":"ok","temperature":7.95,"skycon":"CLOUDY","cloudrate":0.98,"aqi":10.0,"humidity":0.69,"pres":100928.92,"pm25":10.0,"precipitation":{"nearest":{"status":"ok","distance":10000.0,"intensity":0.0},"local":{"status":"ok","intensity":0.0,"datasource":"gfs"}},"wind":{"direction":344.78,"speed":4.6}}}
{"status":"failed", "error":"'API quota is exhausted'"}
{"status":"ok","lang":"zh_CN","server_time":1522016779,"tzshift":28800,"location":[51.580976,0.053485],"unit":"metric","result":{"status":"ok","temperature":7.82,"skycon":"RAIN","cloudrate":0.96,"aqi":10.0,"humidity":0.71,"pres":100991.11,"pm25":10.0,"precipitation":{"nearest":{"status":"ok","distance":10000.0,"intensity":0.0},"local":{"status":"ok","intensity":0.0473,"datasource":"gfs"}},"wind":{"direction":320.73,"speed":4.47}}}
{"status":"failed", "error":"'API quota is exhausted'"}
{"status":"failed", "error":"'API quota is exhausted'"}
{"status":"ok","lang":"zh_CN","server_time":1522021579,"tzshift":28800,"location":[51.580976,0.053485],"unit":"metric","result":{"status":"ok","temperature":7.06,"skycon":"RAIN","cloudrate":0.86,"aqi":10.0,"humidity":0.72,"pres":101020.7,"pm25":10.0,"precipitation":{"nearest":{"status":"ok","distance":56.59,"intensity":0.1875},"local":{"status":"ok","intensity":0.04,"datasource":"gfs"}},"wind":{"direction":323.37,"speed":6.32}}}
{"status":"ok","lang":"zh_CN","server_time":1522024158,"tzshift":28800,"location":[51.580976,0.053485],"unit":"metric","result":{"status":"ok","temperature":6.42,"skycon":"PARTLY_CLOUDY_DAY","cloudrate":0.71,"aqi":10.0,"humidity":0.72,"pres":101039.75,"pm25":10.0,"precipitation":{"nearest":{"status":"ok","distance":218.02,"intensity":0.1875},"local":{"status":"ok","intensity":0.0214,"datasource":"gfs"}},"wind":{"direction":326.9,"speed":7.98}}}
{"status":"failed", "error":"'API quota is exhausted'"}
{"status":"failed", "error":"'API quota is exhausted'"}
{"status":"failed", "error":"'API quota is exhausted'"}
{"status":"failed", "error":"'API quota is exhausted'"}
{"status":"failed", "error":"'API quota is exhausted'"}
{"status":"failed", "error":"'API quota is exhausted'"}
{"status":"ok","lang":"zh_CN","server_time":1522035982,"tzshift":28800,"location":[51.580976,0.053485],"unit":"metric","result":{"status":"ok","temperature":6.13,"skycon":"PARTLY_CLOUDY_DAY","cloudrate":0.54,"aqi":10.0,"humidity":0.71,"pres":101113.84,"pm25":10.0,"precipitation":{"nearest":{"status":"ok","distance":297.08,"intensity":0.1875},"local":{"status":"ok","intensity":0.0,"datasource":"gfs"}},"wind":{"direction":336.91,"speed":8.81}}}
{"status":"failed", "error":"'API quota is exhausted'"}
{"status":"failed", "error":"'API quota is exhausted'"}
{"status":"failed", "error":"'API quota is exhausted'"}
{"status":"failed", "error":"'API quota is exhausted'"}
{"status":"failed", "error":"'API quota is exhausted'"}
{"status":"failed", "error":"'API quota is exhausted'"}
{"status":"failed", "error":"'API quota is exhausted'"}
{"status":"failed", "error":"'API quota is exhausted'"}
{"status":"failed", "error":"'API quota is exhausted'"}
{"status":"failed", "error":"'API quota is exhausted'"}
{"status":"failed", "error":"'API quota is exhausted'"}
{"status":"ok","lang":"zh_CN","server_time":1522057582,"tzshift":28800,"location":[51.580976,0.053485],"unit":"metric","result":{"status":"ok","temperature":7.85,"skycon":"CLEAR_DAY","cloudrate":0.0,"aqi":10.0,"humidity":0.61,"pres":101268.13,"pm25":10.0,"precipitation":{"nearest":{"status":"ok","distance":10000.0,"intensity":0.0},"local":{"status":"ok","intensity":0.0,"datasource":"gfs"}},"wind":{"direction":316.24,"speed":7.24}}}
{"status":"failed", "error":"'API quota is exhausted'"}
{"status":"failed", "error":"'API quota is exhausted'"}
{"status":"failed", "error":"'API quota is exhausted'"}
{"status":"failed", "error":"'API quota is exhausted'"}
{"status":"failed", "error":"'API quota is exhausted'"}
{"status":"ok","lang":"zh_CN","server_time":1522068382,"tzshift":28800,"location":[51.580976,0.053485],"unit":"metric","result":{"status":"ok","temperature":11.35,"skycon":"CLEAR_NIGHT","cloudrate":0.0,"aqi":10.0,"humidity":0.42,"pres":101280.37,"pm25":10.0,"precipitation":{"nearest":{"status":"ok","distance":174.43,"intensity":0.1875},"local":{"status":"ok","intensity":0.0,"datasource":"gfs"}},"wind":{"direction":287.25,"speed":8.43}}}
{"status":"ok","lang":"zh_CN","server_time":1522068382,"tzshift":28800,"location":[51.580976,0.053485],"unit":"metric","result":{"status":"ok","temperature":11.35,"skycon":"CLEAR_NIGHT","cloudrate":0.0,"aqi":10.0,"humidity":0.42,"pres":101280.37,"pm25":10.0,"precipitation":{"nearest":{"status":"ok","distance":174.43,"intensity":0.1875},"local":{"status":"ok","intensity":0.0,"datasource":"gfs"}},"wind":{"direction":287.25,"speed":8.43}}}
{"status":"ok","lang":"zh_CN","server_time":1522070788,"tzshift":28800,"location":[51.580976,0.053485],"unit":"metric","result":{"status":"ok","temperature":11.93,"skycon":"CLEAR_NIGHT","cloudrate":0.07,"aqi":10,"humidity":0.4,"pres":101256.34,"pm25":10,"precipitation":{"local":{"status":"ok","intensity":0.0,"datasource":"gfs"}},"wind":{"direction":279.41,"speed":9.29}}}
{"status":"ok","lang":"zh_CN","server_time":1522074390,"tzshift":28800,"location":[51.580976,0.053485],"unit":"metric","result":{"status":"ok","temperature":12.18,"skycon":"CLEAR_NIGHT","cloudrate":0.16,"aqi":10.0,"humidity":0.4,"pres":101220.86,"pm25":10.0,"precipitation":{"nearest":{"status":"ok","distance":176.59,"intensity":0.1875},"local":{"status":"ok","intensity":0.0,"datasource":"gfs"}},"wind":{"direction":273.56,"speed":9.93}}}
{"status":"ok","lang":"zh_CN","server_time":1522077984,"tzshift":28800,"location":[51.580976,0.053485],"unit":"metric","result":{"status":"ok","temperature":12.1,"skycon":"PARTLY_CLOUDY_NIGHT","cloudrate":0.25,"aqi":10.0,"humidity":0.41,"pres":101179.83,"pm25":10.0,"precipitation":{"nearest":{"status":"ok","distance":56.55,"intensity":0.3125},"local":{"status":"ok","intensity":0.0,"datasource":"gfs"}},"wind":{"direction":268.9,"speed":9.97}}}
