{"status":"ok","lang":"zh_CN","server_time":1521995185,"tzshift":28800,"location":[51.680976,0.053485],"unit":"metric","result":{"status":"ok","temperature":10.71,"skycon":"CLOUDY","cloudrate":0.91,"aqi":10.0,"humidity":0.62,"pres":100512.54,"pm25":10.0,"precipitation":{"nearest":{"status":"ok","distance":184.8,"intensity":0.1875},"local":{"status":"ok","intensity":0.0041,"datasource":"gfs"}},"wind":{"direction":8.64,"speed":9.71}}}
{"status":"ok","lang":"zh_CN","server_time":1521996385,"tzshift":28800,"location":[51.680976,0.053485],"unit":"metric","result":{"status":"ok","temperature":10.71,"skycon":"CLOUDY","cloudrate":0.91,"aqi":10.0,"humidity":0.62,"pres":100512.54,"pm25":10.0,"precipitation":{"nearest":{"status":"ok","distance":266.25,"intensity":0.25},"local":{"status":"ok","intensity":0.0041,"datasource":"gfs"}},"wind":{"direction":8.64,"speed":9.71}}}
{"status":"ok","lang":"zh_CN","server_time":1521998786,"tzshift":28800,"location":[51.680976,0.053485],"unit":"metric","result":{"status":"ok","temperature":9.96,"skycon":"CLOUDY","cloudrate":0.91,"aqi":10.0,"humidity":0.66,"pres":100541.89,"pm25":10.0,"precipitation":{"nearest":{"status":"ok","distance":10000.0,"intensity":0.0},"local":{"status":"ok","intensity":0.0251,"datasource":"gfs"}},"wind":{"direction":3.24,"speed":8.78}}}
{"status":"ok","lang":"zh_CN","server_time":1521999989,"tzshift":28800,"location":[51.680976,0.053485],"unit":"metric","result":{"status":"ok","temperature":9.96,"skycon":"CLOUDY","cloudrate":0.91,"aqi":10.0,"humidity":0.66,"pres":100541.89,"pm25":10.0,"precipitation":{"nearest":{"status":"ok","distance":388.02,"intensity":0.1875},"local":{"status":"ok","intensity":0.0251,"datasource":"gfs"}},"wind":{"direction":3.24,"speed":8.78}}}
{"status":"ok","lang":"zh_CN","server_time":1522002392,"tzshift":28800,"location":[51.680976,0.053485],"unit":"metric","result":{"status":"ok","temperature":9.13,"skycon":"CLOUDY","cloudrate":0.93,"aqi":10.0,"humidity":0.69,"pres":100581.42,"pm25":10.0,"precipitation":{"nearest":{"status":"ok","distance":10000.0,"intensity":0.0},"local":{"status":"ok","intensity":0.0286,"datasource":"gfs"}},"wind":{"direction":357.42,"speed":7.7}}}
{"status":"ok","lang":"zh_CN","server_time":1522003580,"tzshift":28800,"location":[51.680976,0.053485],"unit":"metric","result":{"status":"ok","temperature":9.13,"skycon":"CLOUDY","cloudrate":0.93,"aqi":10.0,"humidity":0.69,"pres":100581.42,"pm25":10.0,"precipitation":{"nearest":{"status":"ok","distance":123.97,"intensity":0.1875},"local":{"status":"ok","intensity":0.0286,"datasource":"gfs"}},"wind":{"direction":357.42,"speed":7.7}}}
{"status":"ok","lang":"zh_CN","server_time":1522005981,"tzshift":28800,"location":[51.680976,0.053485],"unit":"metric","result":{"status":"ok","temperature":8.33,"skycon":"CLOUDY","cloudrate":0.97,"aqi":10,"humidity":0.72,"pres":100633.8,"pm25":10,"precipitation":{"nearest":{"status":"ok","distance":61.36,"intensity":0.1875},"local":{"status":"ok","intensity":0.0101,"datasource":"gfs"}},"wind":{"direction":351.63,"speed":6.46}}}
{"status":"ok","lang":"zh_CN","server_time":1522007180,"tzshift":28800,"location":[51.680976,0.053485],"unit":"metric","result":{"status":"ok","temperature":8.33,"skycon":"CLOUDY","cloudrate":0.97,"aqi":10.0,"humidity":0.72,"pres":100633.8,"pm25":10.0,"precipitation":{"nearest":{"status":"ok","distance":172.2,"intensity":0.1875},"local":{"status":"ok","intensity":0.0101,"datasource":"gfs"}},"wind":{"direction":351.63,"speed":6.46}}}
{"status":"ok","lang":"zh_CN","server_time":1522009580,"tzshift":28800,"location":[51.680976,0.053485],"unit":"metric","result":{"status":"ok","temperature":7.58,"skycon":"CLOUDY","cloudrate":1.0,"aqi":10.0,"humidity":0.73,"pres":100693.28,"pm25":10.0,"precipitation":{"nearest":{"status":"ok","distance":10000.0,"intensity":0.0},"local":{"status":"ok","intensity":0.0,"datasource":"gfs"}},"wind":{"direction":345.22,"speed":5.53}}}
{"status":"ok","lang":"zh_CN","server_time":1522010780,"tzshift":28800,"location":[51.680976,0.053485],"unit":"metric","result":{"status":"ok","temperature":7.58,"skycon":"CLOUDY","cloudrate":1.0,"aqi":10.0,"humidity":0.73,"pres":100693.28,"pm25":10.0,"precipitation":{"nearest":{"status":"ok","distance":10000.0,"intensity":0.0},"local":{"status":"ok","intensity":0.0,"datasource":"gfs"}},"wind":{"direction":345.22,"speed":5.53}}}
{"status":"ok","lang":"zh_CN","server_time":1522013204,"tzshift":28800,"location":[51.680976,0.053485],"unit":"metric","result":{"status":"ok","temperature":6.84,"skycon":"CLOUDY","cloudrate":0.99,"aqi":10.0,"humidity":0.74,"pres":100751.98,"pm25":10.0,"precipitation":{"nearest":{"status":"ok","distance":10000.0,"intensity":0.0},"local":{"status":"ok","intensity":0.0,"datasource":"gfs"}},"wind":{"direction":339.24,"speed":5.47}}}
{"status":"ok","lang":"zh_CN","server_time":1522014383,"tzshift":28800,"location":[51.680976,0.053485],"unit":"metric","result":{"status":"ok","temperature":7.38,"skycon":"CLOUDY","cloudrate":1.0,"aqi":10,"humidity":0.74,"pres":100768.39,"pm25":10,"precipitation":{"nearest":{"status":"ok","distance":10000.0,"intensity":0.0},"local":{"status":"ok","intensity":0.0158,"datasource":"gfs"}},"wind":{"direction":324.63,"speed":3.9}}}
{"status":"failed", "error":"'API quota is exhausted'"}
{"status":"failed", "error":"'API quota is exhausted'"}
{"status":"ok","lang":"zh_CN","server_time":1522020383,"tzshift":28800,"location":[51.680976,0.053485],"unit":"metric","result":{"status":"ok","temperature":5.8,"skycon":"CLOUDY","cloudrate":0.83,"aqi":10.0,"humidity":0.77,"pres":100843.38,"pm25":10.0,"precipitation":{"nearest":{"status":"ok","distance":0.54,"intensity":0.25},"local":{"status":"ok","intensity":0.0078,"datasource":"gfs"}},"wind":{"direction":326.29,"speed":7.11}}}
{"status":"failed", "error":"'API quota is exhausted'"}
{"status":"failed", "error":"'API quota is exhausted'"}
{"status":"failed", "error":"'API quota is exhausted'"}
{"status":"failed", "error":"'API quota is exhausted'"}
{"status":"ok","lang":"zh_CN","server_time":1522028786,"tzshift":28800,"location":[51.680976,0.053485],"unit":"metric","result":{"status":"ok","temperature":4.96,"skycon":"PARTLY_CLOUDY_DAY","cloudrate":0.62,"aqi":10,"humidity":0.77,"pres":100875.73,"pm25":10,"precipitation":{"nearest":{"status":"ok","distance":221.72,"intensity":0.1875},"local":{"status":"ok","intensity":0.0,"datasource":"gfs"}},"wind":{"direction":330.69,"speed":9.54}}}
{"status":"failed", "error":"'API quota is exhausted'"}
{"status":"failed", "error":"'API quota is exhausted'"}
{"status":"failed", "error":"'API quota is exhausted'"}
{"status":"failed", "error":"'API quota is exhausted'"}
{"status":"failed", "error":"'API quota is exhausted'"}
{"status":"failed", "error":"'API quota is exhausted'"}
{"status":"failed", "error":"'API quota is exhausted'"}
{"status":"failed", "error":"'API quota is exhausted'"}
{"status":"failed", "error":"'API quota is exhausted'"}
{"status":"failed", "error":"'API quota is exhausted'"}
{"status":"failed", "error":"'API quota is exhausted'"}
{"status":"failed", "error":"'API quota is exhausted'"}
{"status":"ok","lang":"zh_CN","server_time":1522052782,"tzshift":28800,"location":[51.680976,0.053485],"unit":"metric","result":{"status":"ok","temperature":5.42,"skycon":"CLEAR_DAY","cloudrate":0.13,"aqi":10.0,"humidity":0.74,"pres":101056.06,"pm25":10.0,"precipitation":{"nearest":{"status":"ok","distance":206.05,"intensity":0.1875},"local":{"status":"ok","intensity":0.0,"datasource":"gfs"}},"wind":{"direction":316.84,"speed":9.09}}}
{"status":"failed", "error":"'API quota is exhausted'"}
{"status":"failed", "error":"'API quota is exhausted'"}
{"status":"failed", "error":"'API quota is exhausted'"}
{"status":"failed", "error":"'API quota is exhausted'"}
{"status":"failed", "error":"'API quota is exhausted'"}
{"status":"failed", "error":"'API quota is exhausted'"}
{"status":"failed", "error":"'API quota is exhausted'"}
{"status":"failed", "error":"'API quota is exhausted'"}
{"status":"ok","lang":"zh_CN","server_time":1522068386,"tzshift":28800,"location":[51.680976,0.053485],"unit":"metric","result":{"status":"ok","temperature":10.84,"skycon":"CLEAR_NIGHT","cloudrate":0.0,"aqi":10.0,"humidity":0.49,"pres":101095.51,"pm25":10.0,"precipitation":{"local":{"status":"ok","intensity":0.0,"datasource":"gfs"}},"wind":{"direction":283.03,"speed":9.68}}}
{"status":"ok","lang":"zh_CN","server_time":1522068386,"tzshift":28800,"location":[51.680976,0.053485],"unit":"metric","result":{"status":"ok","temperature":10.84,"skycon":"CLEAR_NIGHT","cloudrate":0.0,"aqi":10.0,"humidity":0.49,"pres":101095.51,"pm25":10.0,"precipitation":{"local":{"status":"ok","intensity":0.0,"datasource":"gfs"}},"wind":{"direction":283.03,"speed":9.68}}}
{"status":"ok","lang":"zh_CN","server_time":1522070793,"tzshift":28800,"location":[51.680976,0.053485],"unit":"metric","result":{"status":"ok","temperature":11.4,"skycon":"CLEAR_NIGHT","cloudrate":0.07,"aqi":10.0,"humidity":0.47,"pres":101072.09,"pm25":10.0,"precipitation":{"local":{"status":"ok","intensity":0.0,"datasource":"gfs"}},"wind":{"direction":276.53,"speed":10.64}}}
{"status":"ok","lang":"zh_CN","server_time":1522074394,"tzshift":28800,"location":[51.680976,0.053485],"unit":"metric","result":{"status":"ok","temperature":11.69,"skycon":"CLEAR_NIGHT","cloudrate":0.15,"aqi":10.0,"humidity":0.46,"pres":101037.45,"pm25":10.0,"precipitation":{"nearest":{"status":"ok","distance":534.93,"intensity":0.1875},"local":{"status":"ok","intensity":0.0,"datasource":"gfs"}},"wind":{"direction":272.25,"speed":11.27}}}
{"status":"ok","lang":"zh_CN","server_time":1522077989,"tzshift":28800,"location":[51.680976,0.053485],"unit":"metric","result":{"status":"ok","temperature":11.62,"skycon":"PARTLY_CLOUDY_NIGHT","cloudrate":0.23,"aqi":10.0,"humidity":0.48,"pres":100997.03,"pm25":10.0,"precipitation":{"nearest":{"status":"ok","distance":10000.0,"intensity":0.0},"local":{"status":"ok","intensity":0.0,"datasource":"gfs"}},"wind":{"direction":269.24,"speed":11.11}}}
