{"status":"ok","lang":"zh_CN","server_time":1521995183,"tzshift":28800,"location":[51.680976,-0.346519],"unit":"metric","result":{"status":"ok","temperature":10.82,"skycon":"RAIN","cloudrate":0.97,"aqi":10.0,"humidity":0.63,"pres":100254.59,"pm25":10.0,"precipitation":{"nearest":{"status":"ok","distance":190.57,"intensity":0.1875},"local":{"status":"ok","intensity":0.0572,"datasource":"gfs"}},"wind":{"direction":359.68,"speed":10.52}}}
{"status":"ok","lang":"zh_CN","server_time":1521996384,"tzshift":28800,"location":[51.680976,-0.346519],"unit":"metric","result":{"status":"ok","temperature":10.82,"skycon":"RAIN","cloudrate":0.97,"aqi":10.0,"humidity":0.63,"pres":100254.59,"pm25":10.0,"precipitation":{"nearest":{"status":"ok","distance":269.79,"intensity":0.25},"local":{"status":"ok","intensity":0.0572,"datasource":"gfs"}},"wind":{"direction":359.68,"speed":10.52}}}
{"status":"ok","lang":"zh_CN","server_time":1521998785,"tzshift":28800,"location":[51.680976,-0.346519],"unit":"metric","result":{"status":"ok","temperature":10.01,"skycon":"RAIN","cloudrate":0.96,"aqi":10.0,"humidity":0.67,"pres":100284.89,"pm25":10.0,"precipitation":{"nearest":{"status":"ok","distance":10000.0,"intensity":0.0},"local":{"status":"ok","intensity":0.0647,"datasource":"gfs"}},"wind":{"direction":355.57,"speed":9.49}}}
{"status":"ok","lang":"zh_CN","server_time":1521999987,"tzshift":28800,"location":[51.680976,-0.346519],"unit":"metric","result":{"status":"ok","temperature":10.01,"skycon":"RAIN","cloudrate":0.96,"aqi":10,"humidity":0.67,"pres":100284.89,"pm25":10,"precipitation":{"nearest":{"status":"ok","distance":260.15,"intensity":0.1875},"local":{"status":"ok","intensity":0.0647,"datasource":"gfs"}},"wind":{"direction":355.57,"speed":9.49}}}
{"status":"ok","lang":"zh_CN","server_time":1522002390,"tzshift":28800,"location":[51.680976,-0.346519],"unit":"metric","result":{"status":"ok","temperature":9.24,"skycon":"RAIN","cloudrate":0.94,"aqi":10,"humidity":0.69,"pres":100209.61,"pm25":10,"precipitation":{"nearest":{"status":"ok","distance":50.07,"intensity":0.1875},"local":{"status":"ok","intensity":0.0675,"datasource":"gfs"}},"wind":{"direction":349.4,"speed":8.74}}}
{"status":"ok","lang":"zh_CN","server_time":1522003579,"tzshift":28800,"location":[51.680976,-0.346519],"unit":"metric","result":{"status":"ok","temperature":9.05,"skycon":"RAIN","cloudrate":0.93,"aqi":10.0,"humidity":0.7,"pres":100325.5,"pm25":10.0,"precipitation":{"nearest":{"status":"ok","distance":30.99,"intensity":0.1875},"local":{"status":"ok","intensity":0.0567,"datasource":"gfs"}},"wind":{"direction":349.23,"speed":8.55}}}
{"status":"ok","lang":"zh_CN","server_time":1522005980,"tzshift":28800,"location":[51.680976,-0.346519],"unit":"metric","result":{"status":"ok","temperature":8.04,"skycon":"CLOUDY","cloudrate":0.94,"aqi":10.0,"humidity":0.72,"pres":100379.29,"pm25":10.0,"precipitation":{"nearest":{"status":"ok","distance":55.63,"intensity":0.25},"local":{"status":"ok","intensity":0.025,"datasource":"gfs"}},"wind":{"direction":339.7,"speed":8.09}}}
{"status":"ok","lang":"zh_CN","server_time":1522007178,"tzshift":28800,"location":[51.680976,-0.346519],"unit":"metric","result":{"status":"ok","temperature":8.04,"skycon":"CLOUDY","cloudrate":0.94,"aqi":10.0,"humidity":0.72,"pres":100379.29,"pm25":10.0,"precipitation":{"nearest":{"status":"ok","distance":157.3,"intensity":0.1875},"local":{"status":"ok","intensity":0.025,"datasource":"gfs"}},"wind":{"direction":339.7,"speed":8.09}}}
{"status":"ok","lang":"zh_CN","server_time":1522009578,"tzshift":28800,"location":[51.680976,-0.346519],"unit":"metric","result":{"status":"ok","temperature":7.09,"skycon":"CLOUDY","cloudrate":0.94,"aqi":10.0,"humidity":0.74,"pres":100440.18,"pm25":10.0,"precipitation":{"nearest":{"status":"ok","distance":104.16,"intensity":0.1875},"local":{"status":"ok","intensity":0.0,"datasource":"gfs"}},"wind":{"direction":331.03,"speed":8.21}}}
{"status":"ok","lang":"zh_CN","server_time":1522010778,"tzshift":28800,"location":[51.680976,-0.346519],"unit":"metric","result":{"status":"ok","temperature":7.09,"skycon":"CLOUDY","cloudrate":0.94,"aqi":10.0,"humidity":0.74,"pres":100440.18,"pm25":10.0,"precipitation":{"nearest":{"status":"ok","distance":10000.0,"intensity":0.0},"local":{"status":"ok","intensity":0.0,"datasource":"gfs"}},"wind":{"direction":331.03,"speed":8.21}}}
{"status":"ok","lang":"zh_CN","server_time":1522013202,"tzshift":28800,"location":[51.680976,-0.346519],"unit":"metric","result":{"status":"ok","temperature":6.29,"skycon":"CLOUDY","cloudrate":0.9,"aqi":10,"humidity":0.74,"pres":100499.86,"pm25":10,"precipitation":{"nearest":{"status":"ok","distance":10000.0,"intensity":0.0},"local":{"status":"ok","intensity":0.0,"datasource":"gfs"}},"wind":{"direction":327.85,"speed":8.6}}}
{"status":"ok","lang":"zh_CN","server_time":1522014381,"tzshift":28800,"location":[51.680976,-0.346519],"unit":"metric","result":{"status":"ok","temperature":6.79,"skycon":"CLOUDY","cloudrate":1.0,"aqi":10,"humidity":0.74,"pres":100512.57,"pm25":10,"precipitation":{"nearest":{"status":"ok","distance":10000.0,"intensity":0.0},"local":{"status":"ok","intensity":0.0,"datasource":"gfs"}},"wind":{"direction":309.48,"speed":7.11}}}
{"status":"ok","lang":"zh_CN","server_time":1522016781,"tzshift":28800,"location":[51.680976,-0.346519],"unit":"metric","result":{"status":"ok","temperature":6.23,"skycon":"CLOUDY","cloudrate":0.9,"aqi":10,"humidity":0.75,"pres":100557.85,"pm25":10,"precipitation":{"nearest":{"status":"ok","distance":10000.0,"intensity":0.0},"local":{"status":"ok","intensity":0.0,"datasource":"gfs"}},"wind":{"direction":316.07,"speed":7.33}}}
{"status":"failed", "error":"'API quota is exhausted'"}
{"status":"ok","lang":"zh_CN","server_time":1522020381,"tzshift":28800,"location":[51.680976,-0.346519],"unit":"metric","result":{"status":"ok","temperature":6.08,"skycon":"PARTLY_CLOUDY_DAY","cloudrate":0.79,"aqi":10,"humidity":0.74,"pres":100473.08,"pm25":10,"precipitation":{"nearest":{"status":"ok","distance":37.91,"intensity":0.1875},"local":{"status":"ok","intensity":0.0,"datasource":"gfs"}},"wind":{"direction":329.02,"speed":7.78}}}
{"status":"failed", "error":"'API quota is exhausted'"}
{"status":"ok","lang":"zh_CN","server_time":1522024160,"tzshift":28800,"location":[51.680976,-0.346519],"unit":"metric","result":{"status":"ok","temperature":5.39,"skycon":"PARTLY_CLOUDY_DAY","cloudrate":0.65,"aqi":10.0,"humidity":0.76,"pres":100608.88,"pm25":10.0,"precipitation":{"nearest":{"status":"ok","distance":308.43,"intensity":0.1875},"local":{"status":"ok","intensity":0.0,"datasource":"gfs"}},"wind":{"direction":337.97,"speed":8.59}}}
{"status":"failed", "error":"'API quota is exhausted'"}
{"status":"failed", "error":"'API quota is exhausted'"}
{"status":"failed", "error":"'API quota is exhausted'"}
{"status":"ok","lang":"zh_CN","server_time":1522031183,"tzshift":28800,"location":[51.680976,-0.346519],"unit":"metric","result":{"status":"ok","temperature":4.63,"skycon":"PARTLY_CLOUDY_DAY","cloudrate":0.64,"aqi":10.0,"humidity":0.76,"pres":100636.11,"pm25":10.0,"precipitation":{"nearest":{"status":"ok","distance":36.61,"intensity":0.1875},"local":{"status":"ok","intensity":0.0,"datasource":"gfs"}},"wind":{"direction":333.71,"speed":8.8}}}
{"status":"failed", "error":"'API quota is exhausted'"}
{"status":"failed", "error":"'API quota is exhausted'"}
{"status":"failed", "error":"'API quota is exhausted'"}
{"status":"failed", "error":"'API quota is exhausted'"}
{"status":"failed", "error":"'API quota is exhausted'"}
{"status":"failed", "error":"'API quota is exhausted'"}
{"status":"failed", "error":"'API quota is exhausted'"}
{"status":"failed", "error":"'API quota is exhausted'"}
{"status":"failed", "error":"'API quota is exhausted'"}
{"status":"failed", "error":"'API quota is exhausted'"}
{"status":"failed", "error":"'API quota is exhausted'"}
{"status":"failed", "error":"'API quota is exhausted'"}
{"status":"failed", "error":"'API quota is exhausted'"}
{"status":"ok","lang":"zh_CN","server_time":1522056381,"tzshift":28800,"location":[51.680976,-0.346519],"unit":"metric","result":{"status":"ok","temperature":6.86,"skycon":"CLEAR_DAY","cloudrate":0.0,"aqi":10.0,"humidity":0.68,"pres":100817.93,"pm25":10.0,"precipitation":{"nearest":{"status":"ok","distance":10000.0,"intensity":0.0},"local":{"status":"ok","intensity":0.0,"datasource":"gfs"}},"wind":{"direction":310.25,"speed":8.01}}}
{"status":"failed", "error":"'API quota is exhausted'"}
{"status":"failed", "error":"'API quota is exhausted'"}
{"status":"failed", "error":"'API quota is exhausted'"}
{"status":"failed", "error":"'API quota is exhausted'"}
{"status":"failed", "error":"'API quota is exhausted'"}
{"status":"failed", "error":"'API quota is exhausted'"}
{"status":"ok","lang":"zh_CN","server_time":1522068384,"tzshift":28800,"location":[51.680976,-0.346519],"unit":"metric","result":{"status":"ok","temperature":10.59,"skycon":"CLEAR_NIGHT","cloudrate":0.0,"aqi":10.0,"humidity":0.5,"pres":100832.34,"pm25":10.0,"precipitation":{"nearest":{"status":"ok","distance":243.07,"intensity":0.1875},"local":{"status":"ok","intensity":0.0,"datasource":"gfs"}},"wind":{"direction":271.94,"speed":9.84}}}
{"status":"ok","lang":"zh_CN","server_time":1522068384,"tzshift":28800,"location":[51.680976,-0.346519],"unit":"metric","result":{"status":"ok","temperature":10.59,"skycon":"CLEAR_NIGHT","cloudrate":0.0,"aqi":10.0,"humidity":0.5,"pres":100832.34,"pm25":10.0,"precipitation":{"nearest":{"status":"ok","distance":243.07,"intensity":0.1875},"local":{"status":"ok","intensity":0.0,"datasource":"gfs"}},"wind":{"direction":271.94,"speed":9.84}}}
{"status":"ok","lang":"zh_CN","server_time":1522070791,"tzshift":28800,"location":[51.680976,-0.346519],"unit":"metric","result":{"status":"ok","temperature":11.24,"skycon":"CLEAR_NIGHT","cloudrate":0.09,"aqi":10.0,"humidity":0.47,"pres":100690.27,"pm25":10.0,"precipitation":{"nearest":{"status":"ok","distance":197.6,"intensity":0.1875},"local":{"status":"ok","intensity":0.0,"datasource":"gfs"}},"wind":{"direction":266.11,"speed":11.28}}}
{"status":"ok","lang":"zh_CN","server_time":1522074392,"tzshift":28800,"location":[51.680976,-0.346519],"unit":"metric","result":{"status":"ok","temperature":11.52,"skycon":"CLEAR_NIGHT","cloudrate":0.16,"aqi":10.0,"humidity":0.48,"pres":100771.37,"pm25":10.0,"precipitation":{"local":{"status":"ok","intensity":0.0,"datasource":"gfs"}},"wind":{"direction":263.64,"speed":12.38}}}
{"status":"ok","lang":"zh_CN","server_time":1522077987,"tzshift":28800,"location":[51.680976,-0.346519],"unit":"metric","result":{"status":"ok","temperature":11.41,"skycon":"PARTLY_CLOUDY_NIGHT","cloudrate":0.24,"aqi":10.0,"humidity":0.5,"pres":100729.39,"pm25":10.0,"precipitation":{"local":{"status":"ok","intensity":0.0,"datasource":"gfs"}},"wind":{"direction":261.11,"speed":12.4}}}
