{"status":"ok","lang":"zh_CN","server_time":1521995182,"tzshift":28800,"location":[51.680976,-0.44652],"unit":"metric","result":{"status":"ok","temperature":10.68,"skycon":"RAIN","cloudrate":0.98,"aqi":10.0,"humidity":0.64,"pres":100120.02,"pm25":10.0,"precipitation":{"nearest":{"status":"ok","distance":10000.0,"intensity":0.0},"local":{"status":"ok","intensity":0.0711,"datasource":"gfs"}},"wind":{"direction":356.77,"speed":10.67}}}
{"status":"ok","lang":"zh_CN","server_time":1521996383,"tzshift":28800,"location":[51.680976,-0.44652],"unit":"metric","result":{"status":"ok","temperature":10.68,"skycon":"RAIN","cloudrate":0.98,"aqi":10.0,"humidity":0.64,"pres":100120.02,"pm25":10.0,"precipitation":{"nearest":{"status":"ok","distance":10000.0,"intensity":0.0},"local":{"status":"ok","intensity":0.0711,"datasource":"gfs"}},"wind":{"direction":356.77,"speed":10.67}}}
{"status":"ok","lang":"zh_CN","server_time":1521998784,"tzshift":28800,"location":[51.680976,-0.44652],"unit":"metric","result":{"status":"ok","temperature":9.9,"skycon":"RAIN","cloudrate":0.97,"aqi":10.0,"humidity":0.67,"pres":100109.3,"pm25":10.0,"precipitation":{"nearest":{"status":"ok","distance":244.65,"intensity":0.1875},"local":{"status":"ok","intensity":0.0788,"datasource":"gfs"}},"wind":{"direction":352.98,"speed":9.56}}}
{"status":"ok","lang":"zh_CN","server_time":1521999986,"tzshift":28800,"location":[51.680976,-0.44652],"unit":"metric","result":{"status":"ok","temperature":9.86,"skycon":"RAIN","cloudrate":0.97,"aqi":10.0,"humidity":0.68,"pres":100149.81,"pm25":10.0,"precipitation":{"nearest":{"status":"ok","distance":331.44,"intensity":0.1875},"local":{"status":"ok","intensity":0.0748,"datasource":"gfs"}},"wind":{"direction":352.99,"speed":9.51}}}
{"status":"ok","lang":"zh_CN","server_time":1522002390,"tzshift":28800,"location":[51.680976,-0.44652],"unit":"metric","result":{"status":"ok","temperature":8.86,"skycon":"RAIN","cloudrate":0.94,"aqi":10.0,"humidity":0.71,"pres":100190.25,"pm25":10.0,"precipitation":{"nearest":{"status":"ok","distance":386.33,"intensity":0.25},"local":{"status":"ok","intensity":0.0637,"datasource":"gfs"}},"wind":{"direction":346.99,"speed":8.51}}}
{"status":"ok","lang":"zh_CN","server_time":1522003578,"tzshift":28800,"location":[51.680976,-0.44652],"unit":"metric","result":{"status":"ok","temperature":8.86,"skycon":"RAIN","cloudrate":0.94,"aqi":10.0,"humidity":0.71,"pres":100190.25,"pm25":10.0,"precipitation":{"nearest":{"status":"ok","distance":164.66,"intensity":0.1875},"local":{"status":"ok","intensity":0.0637,"datasource":"gfs"}},"wind":{"direction":346.99,"speed":8.51}}}
{"status":"ok","lang":"zh_CN","server_time":1522005979,"tzshift":28800,"location":[51.680976,-0.44652],"unit":"metric","result":{"status":"ok","temperature":7.86,"skycon":"RAIN","cloudrate":0.92,"aqi":10,"humidity":0.73,"pres":100204.28,"pm25":10,"precipitation":{"nearest":{"status":"ok","distance":46.45,"intensity":0.1875},"local":{"status":"ok","intensity":0.0336,"datasource":"gfs"}},"wind":{"direction":337.6,"speed":8.24}}}
{"status":"ok","lang":"zh_CN","server_time":1522007178,"tzshift":28800,"location":[51.680976,-0.44652],"unit":"metric","result":{"status":"ok","temperature":7.79,"skycon":"CLOUDY","cloudrate":0.91,"aqi":10.0,"humidity":0.74,"pres":100244.52,"pm25":10.0,"precipitation":{"nearest":{"status":"ok","distance":10000.0,"intensity":0.0},"local":{"status":"ok","intensity":0.0302,"datasource":"gfs"}},"wind":{"direction":337.75,"speed":8.15}}}
{"status":"ok","lang":"zh_CN","server_time":1522009578,"tzshift":28800,"location":[51.680976,-0.44652],"unit":"metric","result":{"status":"ok","temperature":6.76,"skycon":"CLOUDY","cloudrate":0.88,"aqi":10.0,"humidity":0.75,"pres":100306.13,"pm25":10.0,"precipitation":{"nearest":{"status":"ok","distance":10000.0,"intensity":0.0},"local":{"status":"ok","intensity":0.0,"datasource":"gfs"}},"wind":{"direction":329.65,"speed":8.4}}}
{"status":"ok","lang":"zh_CN","server_time":1522010778,"tzshift":28800,"location":[51.680976,-0.44652],"unit":"metric","result":{"status":"ok","temperature":6.83,"skycon":"CLOUDY","cloudrate":0.88,"aqi":10.0,"humidity":0.75,"pres":100266.02,"pm25":10.0,"precipitation":{"nearest":{"status":"ok","distance":10000.0,"intensity":0.0},"local":{"status":"ok","intensity":0.0,"datasource":"gfs"}},"wind":{"direction":329.18,"speed":8.52}}}
{"status":"ok","lang":"zh_CN","server_time":1522013202,"tzshift":28800,"location":[51.680976,-0.44652],"unit":"metric","result":{"status":"ok","temperature":5.92,"skycon":"CLOUDY","cloudrate":0.82,"aqi":10.0,"humidity":0.76,"pres":100366.25,"pm25":10.0,"precipitation":{"nearest":{"status":"ok","distance":10000.0,"intensity":0.0},"local":{"status":"ok","intensity":0.0,"datasource":"gfs"}},"wind":{"direction":326.98,"speed":8.82}}}
{"status":"failed", "error":"'API quota is exhausted'"}
{"status":"failed", "error":"'API quota is exhausted'"}
{"status":"failed", "error":"'API quota is exhausted'"}
{"status":"failed", "error":"'API quota is exhausted'"}
{"status":"ok","lang":"zh_CN","server_time":1522021581,"tzshift":28800,"location":[51.680976,-0.44652],"unit":"metric","result":{"status":"ok","temperature":5.58,"skycon":"PARTLY_CLOUDY_DAY","cloudrate":0.78,"aqi":10.0,"humidity":0.77,"pres":100453.47,"pm25":10.0,"precipitation":{"nearest":{"status":"ok","distance":10000.0,"intensity":0.0},"local":{"status":"ok","intensity":0.0,"datasource":"gfs"}},"wind":{"direction":328.7,"speed":7.72}}}
{"status":"ok","lang":"zh_CN","server_time":1522024160,"tzshift":28800,"location":[51.680976,-0.44652],"unit":"metric","result":{"status":"ok","temperature":5.26,"skycon":"PARTLY_CLOUDY_DAY","cloudrate":0.67,"aqi":10.0,"humidity":0.77,"pres":100473.53,"pm25":10.0,"precipitation":{"nearest":{"status":"ok","distance":92.79,"intensity":0.1875},"local":{"status":"ok","intensity":0.0,"datasource":"gfs"}},"wind":{"direction":338.7,"speed":8.33}}}
{"status":"ok","lang":"zh_CN","server_time":1522025180,"tzshift":28800,"location":[51.680976,-0.44652],"unit":"metric","result":{"status":"ok","temperature":5.37,"skycon":"PARTLY_CLOUDY_DAY","cloudrate":0.68,"aqi":10,"humidity":0.76,"pres":100433.03,"pm25":10,"precipitation":{"nearest":{"status":"ok","distance":57.11,"intensity":0.1875},"local":{"status":"ok","intensity":0.0,"datasource":"gfs"}},"wind":{"direction":339.25,"speed":8.26}}}
{"status":"failed", "error":"'API quota is exhausted'"}
{"status":"failed", "error":"'API quota is exhausted'"}
{"status":"failed", "error":"'API quota is exhausted'"}
{"status":"failed", "error":"'API quota is exhausted'"}
{"status":"failed", "error":"'API quota is exhausted'"}
{"status":"failed", "error":"'API quota is exhausted'"}
{"status":"failed", "error":"'API quota is exhausted'"}
{"status":"failed", "error":"'API quota is exhausted'"}
{"status":"failed", "error":"'API quota is exhausted'"}
{"status":"failed", "error":"'API quota is exhausted'"}
{"status":"failed", "error":"'API quota is exhausted'"}
{"status":"failed", "error":"'API quota is exhausted'"}
{"status":"failed", "error":"'API quota is exhausted'"}
{"status":"failed", "error":"'API quota is exhausted'"}
{"status":"failed", "error":"'API quota is exhausted'"}
{"status":"failed", "error":"'API quota is exhausted'"}
{"status":"ok","lang":"zh_CN","server_time":1522056381,"tzshift":28800,"location":[51.680976,-0.44652],"unit":"metric","result":{"status":"ok","temperature":6.69,"skycon":"CLEAR_DAY","cloudrate":0.0,"aqi":10,"humidity":0.69,"pres":100681.11,"pm25":10,"precipitation":{"nearest":{"status":"ok","distance":10000.0,"intensity":0.0},"local":{"status":"ok","intensity":0.0,"datasource":"gfs"}},"wind":{"direction":308.48,"speed":7.79}}}
{"status":"failed", "error":"'API quota is exhausted'"}
{"status":"failed", "error":"'API quota is exhausted'"}
{"status":"failed", "error":"'API quota is exhausted'"}
{"status":"failed", "error":"'API quota is exhausted'"}
{"status":"failed", "error":"'API quota is exhausted'"}
{"status":"failed", "error":"'API quota is exhausted'"}
{"status":"ok","lang":"zh_CN","server_time":1522068384,"tzshift":28800,"location":[51.680976,-0.44652],"unit":"metric","result":{"status":"ok","temperature":10.49,"skycon":"CLEAR_NIGHT","cloudrate":0.01,"aqi":10.0,"humidity":0.52,"pres":100694.72,"pm25":10.0,"precipitation":{"nearest":{"status":"ok","distance":141.9,"intensity":0.1875},"local":{"status":"ok","intensity":0.0,"datasource":"gfs"}},"wind":{"direction":269.63,"speed":9.98}}}
{"status":"ok","lang":"zh_CN","server_time":1522068384,"tzshift":28800,"location":[51.680976,-0.44652],"unit":"metric","result":{"status":"ok","temperature":10.49,"skycon":"CLEAR_NIGHT","cloudrate":0.01,"aqi":10.0,"humidity":0.52,"pres":100694.72,"pm25":10.0,"precipitation":{"nearest":{"status":"ok","distance":141.9,"intensity":0.1875},"local":{"status":"ok","intensity":0.0,"datasource":"gfs"}},"wind":{"direction":269.63,"speed":9.98}}}
{"status":"ok","lang":"zh_CN","server_time":1522070790,"tzshift":28800,"location":[51.680976,-0.44652],"unit":"metric","result":{"status":"ok","temperature":11.1,"skycon":"CLEAR_NIGHT","cloudrate":0.1,"aqi":10.0,"humidity":0.49,"pres":100629.42,"pm25":10.0,"precipitation":{"nearest":{"status":"ok","distance":10000.0,"intensity":0.0},"local":{"status":"ok","intensity":0.0,"datasource":"gfs"}},"wind":{"direction":264.63,"speed":11.54}}}
{"status":"ok","lang":"zh_CN","server_time":1522074392,"tzshift":28800,"location":[51.680976,-0.44652],"unit":"metric","result":{"status":"ok","temperature":11.36,"skycon":"PARTLY_CLOUDY_NIGHT","cloudrate":0.22,"aqi":10.0,"humidity":0.49,"pres":100594.24,"pm25":10.0,"precipitation":{"local":{"status":"ok","intensity":0.0,"datasource":"gfs"}},"wind":{"direction":261.87,"speed":12.66}}}
{"status":"ok","lang":"zh_CN","server_time":1522077986,"tzshift":28800,"location":[51.680976,-0.44652],"unit":"metric","result":{"status":"ok","temperature":11.21,"skycon":"PARTLY_CLOUDY_NIGHT","cloudrate":0.31,"aqi":10,"humidity":0.52,"pres":100592.86,"pm25":10,"precipitation":{"nearest":{"status":"ok","distance":62.34,"intensity":0.1875},"local":{"status":"ok","intensity":0.0,"datasource":"gfs"}},"wind":{"direction":259.48,"speed":12.61}}}
