{"status":"ok","lang":"zh_CN","server_time":1521995185,"tzshift":28800,"location":[51.680976,-0.046516],"unit":"metric","result":{"status":"ok","temperature":10.8,"skycon":"CLOUDY","cloudrate":0.92,"aqi":10.0,"humidity":0.62,"pres":100502.46,"pm25":10.0,"precipitation":{"nearest":{"status":"ok","distance":227.07,"intensity":0.1875},"local":{"status":"ok","intensity":0.0149,"datasource":"gfs"}},"wind":{"direction":6.91,"speed":9.94}}}
{"status":"ok","lang":"zh_CN","server_time":1521996385,"tzshift":28800,"location":[51.680976,-0.046516],"unit":"metric","result":{"status":"ok","temperature":10.8,"skycon":"CLOUDY","cloudrate":0.92,"aqi":10.0,"humidity":0.62,"pres":100502.46,"pm25":10.0,"precipitation":{"nearest":{"status":"ok","distance":10000.0,"intensity":0.0},"local":{"status":"ok","intensity":0.0149,"datasource":"gfs"}},"wind":{"direction":6.91,"speed":9.94}}}
{"status":"ok","lang":"zh_CN","server_time":1521998786,"tzshift":28800,"location":[51.680976,-0.046516],"unit":"metric","result":{"status":"ok","temperature":10.03,"skycon":"RAIN","cloudrate":0.91,"aqi":10.0,"humidity":0.65,"pres":100532.34,"pm25":10.0,"precipitation":{"nearest":{"status":"ok","distance":213.19,"intensity":0.1875},"local":{"status":"ok","intensity":0.0334,"datasource":"gfs"}},"wind":{"direction":1.47,"speed":9.08}}}
{"status":"ok","lang":"zh_CN","server_time":1521999988,"tzshift":28800,"location":[51.680976,-0.046516],"unit":"metric","result":{"status":"ok","temperature":10.03,"skycon":"RAIN","cloudrate":0.91,"aqi":10.0,"humidity":0.65,"pres":100532.34,"pm25":10.0,"precipitation":{"nearest":{"status":"ok","distance":370.35,"intensity":0.1875},"local":{"status":"ok","intensity":0.0334,"datasource":"gfs"}},"wind":{"direction":1.47,"speed":9.08}}}
{"status":"ok","lang":"zh_CN","server_time":1522002391,"tzshift":28800,"location":[51.680976,-0.046516],"unit":"metric","result":{"status":"ok","temperature":9.18,"skycon":"RAIN","cloudrate":0.92,"aqi":10,"humidity":0.69,"pres":100572.23,"pm25":10,"precipitation":{"nearest":{"status":"ok","distance":402.68,"intensity":0.1875},"local":{"status":"ok","intensity":0.034,"datasource":"gfs"}},"wind":{"direction":354.94,"speed":8.13}}}
{"status":"ok","lang":"zh_CN","server_time":1522003580,"tzshift":28800,"location":[51.680976,-0.046516],"unit":"metric","result":{"status":"ok","temperature":9.18,"skycon":"RAIN","cloudrate":0.92,"aqi":10.0,"humidity":0.69,"pres":100572.23,"pm25":10.0,"precipitation":{"nearest":{"status":"ok","distance":219.26,"intensity":0.1875},"local":{"status":"ok","intensity":0.034,"datasource":"gfs"}},"wind":{"direction":354.94,"speed":8.13}}}
{"status":"ok","lang":"zh_CN","server_time":1522005981,"tzshift":28800,"location":[51.680976,-0.046516],"unit":"metric","result":{"status":"ok","temperature":8.36,"skycon":"CLOUDY","cloudrate":0.96,"aqi":10.0,"humidity":0.71,"pres":100624.74,"pm25":10.0,"precipitation":{"nearest":{"status":"ok","distance":9.35,"intensity":0.1875},"local":{"status":"ok","intensity":0.01,"datasource":"gfs"}},"wind":{"direction":347.22,"speed":7.17}}}
{"status":"ok","lang":"zh_CN","server_time":1522007180,"tzshift":28800,"location":[51.680976,-0.046516],"unit":"metric","result":{"status":"ok","temperature":9.41,"skycon":"RAIN","cloudrate":1.0,"aqi":10.0,"humidity":0.65,"pres":100442.47,"pm25":10.0,"precipitation":{"nearest":{"status":"ok","distance":189.8,"intensity":0.1875},"local":{"status":"ok","intensity":0.0386,"datasource":"gfs"}},"wind":{"direction":343.79,"speed":8.69}}}
{"status":"ok","lang":"zh_CN","server_time":1522009579,"tzshift":28800,"location":[51.680976,-0.046516],"unit":"metric","result":{"status":"ok","temperature":7.6,"skycon":"CLOUDY","cloudrate":1.0,"aqi":10.0,"humidity":0.72,"pres":100684.26,"pm25":10.0,"precipitation":{"nearest":{"status":"ok","distance":163.0,"intensity":0.1875},"local":{"status":"ok","intensity":0.0,"datasource":"gfs"}},"wind":{"direction":339.29,"speed":6.57}}}
{"status":"ok","lang":"zh_CN","server_time":1522010780,"tzshift":28800,"location":[51.680976,-0.046516],"unit":"metric","result":{"status":"ok","temperature":7.6,"skycon":"CLOUDY","cloudrate":1.0,"aqi":10.0,"humidity":0.72,"pres":100684.26,"pm25":10.0,"precipitation":{"nearest":{"status":"ok","distance":10000.0,"intensity":0.0},"local":{"status":"ok","intensity":0.0,"datasource":"gfs"}},"wind":{"direction":339.29,"speed":6.57}}}
{"status":"ok","lang":"zh_CN","server_time":1522013204,"tzshift":28800,"location":[51.680976,-0.046516],"unit":"metric","result":{"status":"ok","temperature":8.04,"skycon":"CLOUDY","cloudrate":1.0,"aqi":10,"humidity":0.66,"pres":100560.68,"pm25":10,"precipitation":{"nearest":{"status":"ok","distance":10000.0,"intensity":0.0},"local":{"status":"ok","intensity":0.0,"datasource":"gfs"}},"wind":{"direction":325.16,"speed":8.98}}}
{"status":"failed", "error":"'API quota is exhausted'"}
{"status":"failed", "error":"'API quota is exhausted'"}
{"status":"failed", "error":"'API quota is exhausted'"}
{"status":"failed", "error":"'API quota is exhausted'"}
{"status":"ok","lang":"zh_CN","server_time":1522021583,"tzshift":28800,"location":[51.680976,-0.046516],"unit":"metric","result":{"status":"ok","temperature":5.86,"skycon":"PARTLY_CLOUDY_DAY","cloudrate":0.79,"aqi":10.0,"humidity":0.76,"pres":100835.04,"pm25":10.0,"precipitation":{"nearest":{"status":"ok","distance":80.16,"intensity":0.1875},"local":{"status":"ok","intensity":0.0,"datasource":"gfs"}},"wind":{"direction":328.02,"speed":7.67}}}
{"status":"failed", "error":"'API quota is exhausted'"}
{"status":"failed", "error":"'API quota is exhausted'"}
{"status":"failed", "error":"'API quota is exhausted'"}
{"status":"failed", "error":"'API quota is exhausted'"}
{"status":"failed", "error":"'API quota is exhausted'"}
{"status":"failed", "error":"'API quota is exhausted'"}
{"status":"ok","lang":"zh_CN","server_time":1522035068,"tzshift":28800,"location":[51.680976,-0.046516],"unit":"metric","result":{"status":"ok","temperature":4.54,"skycon":"PARTLY_CLOUDY_DAY","cloudrate":0.59,"aqi":10.0,"humidity":0.76,"pres":100898.48,"pm25":10.0,"precipitation":{"nearest":{"status":"ok","distance":160.72,"intensity":0.25},"local":{"status":"ok","intensity":0.0,"datasource":"gfs"}},"wind":{"direction":328.55,"speed":8.82}}}
{"status":"failed", "error":"'API quota is exhausted'"}
{"status":"failed", "error":"'API quota is exhausted'"}
{"status":"failed", "error":"'API quota is exhausted'"}
{"status":"failed", "error":"'API quota is exhausted'"}
{"status":"ok","lang":"zh_CN","server_time":1522043189,"tzshift":28800,"location":[51.680976,-0.046516],"unit":"metric","result":{"status":"ok","temperature":3.44,"skycon":"PARTLY_CLOUDY_DAY","cloudrate":0.66,"aqi":10.0,"humidity":0.81,"pres":100980.31,"pm25":10.0,"precipitation":{"nearest":{"status":"ok","distance":10000.0,"intensity":0.0},"local":{"status":"ok","intensity":0.0,"datasource":"gfs"}},"wind":{"direction":326.05,"speed":8.72}}}
{"status":"failed", "error":"'API quota is exhausted'"}
{"status":"failed", "error":"'API quota is exhausted'"}
{"status":"failed", "error":"'API quota is exhausted'"}
{"status":"failed", "error":"'API quota is exhausted'"}
{"status":"failed", "error":"'API quota is exhausted'"}
{"status":"failed", "error":"'API quota is exhausted'"}
{"status":"failed", "error":"'API quota is exhausted'"}
{"status":"failed", "error":"'API quota is exhausted'"}
{"status":"failed", "error":"'API quota is exhausted'"}
{"status":"failed", "error":"'API quota is exhausted'"}
{"status":"failed", "error":"'API quota is exhausted'"}
{"status":"failed", "error":"'API quota is exhausted'"}
{"status":"failed", "error":"'API quota is exhausted'"}
{"status":"ok","lang":"zh_CN","server_time":1522068385,"tzshift":28800,"location":[51.680976,-0.046516],"unit":"metric","result":{"status":"ok","temperature":10.82,"skycon":"CLEAR_NIGHT","cloudrate":0.0,"aqi":10,"humidity":0.49,"pres":101085.28,"pm25":10,"precipitation":{"local":{"status":"ok","intensity":0.0,"datasource":"gfs"}},"wind":{"direction":280.12,"speed":9.66}}}
{"status":"ok","lang":"zh_CN","server_time":1522068385,"tzshift":28800,"location":[51.680976,-0.046516],"unit":"metric","result":{"status":"ok","temperature":10.82,"skycon":"CLEAR_NIGHT","cloudrate":0.0,"aqi":10,"humidity":0.49,"pres":101085.28,"pm25":10,"precipitation":{"local":{"status":"ok","intensity":0.0,"datasource":"gfs"}},"wind":{"direction":280.12,"speed":9.66}}}
{"status":"ok","lang":"zh_CN","server_time":1522070792,"tzshift":28800,"location":[51.680976,-0.046516],"unit":"metric","result":{"status":"ok","temperature":11.41,"skycon":"CLEAR_NIGHT","cloudrate":0.06,"aqi":10.0,"humidity":0.46,"pres":101061.04,"pm25":10.0,"precipitation":{"nearest":{"status":"ok","distance":185.99,"intensity":0.1875},"local":{"status":"ok","intensity":0.0,"datasource":"gfs"}},"wind":{"direction":273.81,"speed":10.79}}}
{"status":"ok","lang":"zh_CN","server_time":1522074394,"tzshift":28800,"location":[51.680976,-0.046516],"unit":"metric","result":{"status":"ok","temperature":11.93,"skycon":"CLEAR_NIGHT","cloudrate":0.08,"aqi":10.0,"humidity":0.41,"pres":100838.44,"pm25":10.0,"precipitation":{"local":{"status":"ok","intensity":0.0,"datasource":"gfs"}},"wind":{"direction":267.43,"speed":11.93}}}
{"status":"ok","lang":"zh_CN","server_time":1522077988,"tzshift":28800,"location":[51.680976,-0.046516],"unit":"metric","result":{"status":"ok","temperature":11.67,"skycon":"PARTLY_CLOUDY_NIGHT","cloudrate":0.21,"aqi":10.0,"humidity":0.48,"pres":100984.44,"pm25":10.0,"precipitation":{"nearest":{"status":"ok","distance":170.32,"intensity":0.1875},"local":{"status":"ok","intensity":0.0,"datasource":"gfs"}},"wind":{"direction":267.01,"speed":11.48}}}
