{"status":"ok","lang":"zh_CN","server_time":1521995184,"tzshift":28800,"location":[51.680976,-0.146517],"unit":"metric","result":{"status":"ok","temperature":10.88,"skycon":"CLOUDY","cloudrate":0.94,"aqi":10.0,"humidity":0.62,"pres":100444.47,"pm25":10.0,"precipitation":{"nearest":{"status":"ok","distance":162.93,"intensity":0.1875},"local":{"status":"ok","intensity":0.0289,"datasource":"gfs"}},"wind":{"direction":4.72,"speed":10.16}}}
{"status":"ok","lang":"zh_CN","server_time":1521996384,"tzshift":28800,"location":[51.680976,-0.146517],"unit":"metric","result":{"status":"ok","temperature":10.88,"skycon":"CLOUDY","cloudrate":0.94,"aqi":10.0,"humidity":0.62,"pres":100444.47,"pm25":10.0,"precipitation":{"nearest":{"status":"ok","distance":10000.0,"intensity":0.0},"local":{"status":"ok","intensity":0.0289,"datasource":"gfs"}},"wind":{"direction":4.72,"speed":10.16}}}
{"status":"ok","lang":"zh_CN","server_time":1521998786,"tzshift":28800,"location":[51.680976,-0.146517],"unit":"metric","result":{"status":"ok","temperature":10.1,"skycon":"RAIN","cloudrate":0.93,"aqi":10.0,"humidity":0.65,"pres":100474.8,"pm25":10.0,"precipitation":{"nearest":{"status":"ok","distance":10000.0,"intensity":0.0},"local":{"status":"ok","intensity":0.044,"datasource":"gfs"}},"wind":{"direction":359.76,"speed":9.27}}}
{"status":"ok","lang":"zh_CN","server_time":1521999988,"tzshift":28800,"location":[51.680976,-0.146517],"unit":"metric","result":{"status":"ok","temperature":10.1,"skycon":"RAIN","cloudrate":0.93,"aqi":10.0,"humidity":0.65,"pres":100474.8,"pm25":10.0,"precipitation":{"nearest":{"status":"ok","distance":397.68,"intensity":0.1875},"local":{"status":"ok","intensity":0.044,"datasource":"gfs"}},"wind":{"direction":359.76,"speed":9.27}}}
{"status":"ok","lang":"zh_CN","server_time":1522002391,"tzshift":28800,"location":[51.680976,-0.146517],"unit":"metric","result":{"status":"ok","temperature":9.21,"skycon":"RAIN","cloudrate":0.92,"aqi":10.0,"humidity":0.69,"pres":100515.13,"pm25":10.0,"precipitation":{"nearest":{"status":"ok","distance":258.28,"intensity":0.25},"local":{"status":"ok","intensity":0.0419,"datasource":"gfs"}},"wind":{"direction":353.14,"speed":8.35}}}
{"status":"ok","lang":"zh_CN","server_time":1522003580,"tzshift":28800,"location":[51.680976,-0.146517],"unit":"metric","result":{"status":"ok","temperature":9.21,"skycon":"RAIN","cloudrate":0.92,"aqi":10.0,"humidity":0.69,"pres":100515.13,"pm25":10.0,"precipitation":{"nearest":{"status":"ok","distance":219.26,"intensity":0.1875},"local":{"status":"ok","intensity":0.0419,"datasource":"gfs"}},"wind":{"direction":353.14,"speed":8.35}}}
{"status":"ok","lang":"zh_CN","server_time":1522005980,"tzshift":28800,"location":[51.680976,-0.146517],"unit":"metric","result":{"status":"ok","temperature":8.33,"skycon":"CLOUDY","cloudrate":0.96,"aqi":10.0,"humidity":0.71,"pres":100568.05,"pm25":10.0,"precipitation":{"nearest":{"status":"ok","distance":30.93,"intensity":0.1875},"local":{"status":"ok","intensity":0.0149,"datasource":"gfs"}},"wind":{"direction":344.3,"speed":7.59}}}
{"status":"ok","lang":"zh_CN","server_time":1522007179,"tzshift":28800,"location":[51.680976,-0.146517],"unit":"metric","result":{"status":"ok","temperature":8.33,"skycon":"CLOUDY","cloudrate":0.96,"aqi":10.0,"humidity":0.71,"pres":100568.05,"pm25":10.0,"precipitation":{"nearest":{"status":"ok","distance":296.85,"intensity":0.1875},"local":{"status":"ok","intensity":0.0149,"datasource":"gfs"}},"wind":{"direction":344.3,"speed":7.59}}}
{"status":"ok","lang":"zh_CN","server_time":1522009579,"tzshift":28800,"location":[51.680976,-0.146517],"unit":"metric","result":{"status":"ok","temperature":7.5,"skycon":"CLOUDY","cloudrate":1.0,"aqi":10.0,"humidity":0.72,"pres":100627.9,"pm25":10.0,"precipitation":{"nearest":{"status":"ok","distance":104.4,"intensity":0.1875},"local":{"status":"ok","intensity":0.0,"datasource":"gfs"}},"wind":{"direction":335.57,"speed":7.27}}}
{"status":"ok","lang":"zh_CN","server_time":1522010779,"tzshift":28800,"location":[51.680976,-0.146517],"unit":"metric","result":{"status":"ok","temperature":8.19,"skycon":"CLOUDY","cloudrate":1.0,"aqi":10.0,"humidity":0.68,"pres":100443.15,"pm25":10.0,"precipitation":{"nearest":{"status":"ok","distance":273.57,"intensity":0.1875},"local":{"status":"ok","intensity":0.0,"datasource":"gfs"}},"wind":{"direction":330.53,"speed":8.59}}}
{"status":"ok","lang":"zh_CN","server_time":1522013203,"tzshift":28800,"location":[51.680976,-0.146517],"unit":"metric","result":{"status":"ok","temperature":7.53,"skycon":"CLOUDY","cloudrate":1.0,"aqi":10.0,"humidity":0.68,"pres":100502.05,"pm25":10.0,"precipitation":{"nearest":{"status":"ok","distance":10000.0,"intensity":0.0},"local":{"status":"ok","intensity":0.0,"datasource":"gfs"}},"wind":{"direction":325.46,"speed":8.97}}}
{"status":"ok","lang":"zh_CN","server_time":1522014382,"tzshift":28800,"location":[51.680976,-0.146517],"unit":"metric","result":{"status":"ok","temperature":8.08,"skycon":"CLOUDY","cloudrate":1.0,"aqi":10.0,"humidity":0.69,"pres":100518.03,"pm25":10.0,"precipitation":{"nearest":{"status":"ok","distance":10000.0,"intensity":0.0},"local":{"status":"ok","intensity":0.0305,"datasource":"gfs"}},"wind":{"direction":308.45,"speed":7.51}}}
{"status":"failed", "error":"'API quota is exhausted'"}
{"status":"failed", "error":"'API quota is exhausted'"}
{"status":"ok","lang":"zh_CN","server_time":1522020382,"tzshift":28800,"location":[51.680976,-0.146517],"unit":"metric","result":{"status":"ok","temperature":5.91,"skycon":"PARTLY_CLOUDY_DAY","cloudrate":0.77,"aqi":10.0,"humidity":0.75,"pres":100778.04,"pm25":10.0,"precipitation":{"nearest":{"status":"ok","distance":1.15,"intensity":0.1875},"local":{"status":"ok","intensity":0.0,"datasource":"gfs"}},"wind":{"direction":328.66,"speed":7.82}}}
{"status":"failed", "error":"'API quota is exhausted'"}
{"status":"failed", "error":"'API quota is exhausted'"}
{"status":"failed", "error":"'API quota is exhausted'"}
{"status":"failed", "error":"'API quota is exhausted'"}
{"status":"failed", "error":"'API quota is exhausted'"}
{"status":"failed", "error":"'API quota is exhausted'"}
{"status":"failed", "error":"'API quota is exhausted'"}
{"status":"failed", "error":"'API quota is exhausted'"}
{"status":"failed", "error":"'API quota is exhausted'"}
{"status":"failed", "error":"'API quota is exhausted'"}
{"status":"failed", "error":"'API quota is exhausted'"}
{"status":"failed", "error":"'API quota is exhausted'"}
{"status":"failed", "error":"'API quota is exhausted'"}
{"status":"failed", "error":"'API quota is exhausted'"}
{"status":"failed", "error":"'API quota is exhausted'"}
{"status":"failed", "error":"'API quota is exhausted'"}
{"status":"failed", "error":"'API quota is exhausted'"}
{"status":"failed", "error":"'API quota is exhausted'"}
{"status":"failed", "error":"'API quota is exhausted'"}
{"status":"failed", "error":"'API quota is exhausted'"}
{"status":"failed", "error":"'API quota is exhausted'"}
{"status":"failed", "error":"'API quota is exhausted'"}
{"status":"failed", "error":"'API quota is exhausted'"}
{"status":"failed", "error":"'API quota is exhausted'"}
{"status":"failed", "error":"'API quota is exhausted'"}
{"status":"failed", "error":"'API quota is exhausted'"}
{"status":"ok","lang":"zh_CN","server_time":1522068385,"tzshift":28800,"location":[51.680976,-0.146517],"unit":"metric","result":{"status":"ok","temperature":10.9,"skycon":"CLEAR_NIGHT","cloudrate":0.01,"aqi":10,"humidity":0.45,"pres":100836.42,"pm25":10,"precipitation":{"nearest":{"status":"ok","distance":102.85,"intensity":0.1875},"local":{"status":"ok","intensity":0.0,"datasource":"gfs"}},"wind":{"direction":275.6,"speed":9.19}}}
{"status":"ok","lang":"zh_CN","server_time":1522068385,"tzshift":28800,"location":[51.680976,-0.146517],"unit":"metric","result":{"status":"ok","temperature":10.9,"skycon":"CLEAR_NIGHT","cloudrate":0.01,"aqi":10,"humidity":0.45,"pres":100836.42,"pm25":10,"precipitation":{"nearest":{"status":"ok","distance":102.85,"intensity":0.1875},"local":{"status":"ok","intensity":0.0,"datasource":"gfs"}},"wind":{"direction":275.6,"speed":9.19}}}
{"status":"ok","lang":"zh_CN","server_time":1522070792,"tzshift":28800,"location":[51.680976,-0.146517],"unit":"metric","result":{"status":"ok","temperature":11.37,"skycon":"CLEAR_NIGHT","cloudrate":0.06,"aqi":10.0,"humidity":0.47,"pres":101001.52,"pm25":10.0,"precipitation":{"nearest":{"status":"ok","distance":10000.0,"intensity":0.0},"local":{"status":"ok","intensity":0.0,"datasource":"gfs"}},"wind":{"direction":271.19,"speed":10.95}}}
{"status":"ok","lang":"zh_CN","server_time":1522074393,"tzshift":28800,"location":[51.680976,-0.146517],"unit":"metric","result":{"status":"ok","temperature":11.7,"skycon":"CLEAR_NIGHT","cloudrate":0.12,"aqi":10.0,"humidity":0.46,"pres":100965.47,"pm25":10.0,"precipitation":{"nearest":{"status":"ok","distance":10000.0,"intensity":0.0},"local":{"status":"ok","intensity":0.0,"datasource":"gfs"}},"wind":{"direction":267.53,"speed":11.84}}}
{"status":"ok","lang":"zh_CN","server_time":1522077987,"tzshift":28800,"location":[51.680976,-0.146517],"unit":"metric","result":{"status":"ok","temperature":11.63,"skycon":"CLEAR_NIGHT","cloudrate":0.19,"aqi":10.0,"humidity":0.48,"pres":100923.86,"pm25":10.0,"precipitation":{"local":{"status":"ok","intensity":0.0,"datasource":"gfs"}},"wind":{"direction":264.84,"speed":11.83}}}
