{"status":"ok","lang":"zh_CN","server_time":1521995182,"tzshift":28800,"location":[51.580976,0.253487],"unit":"metric","result":{"status":"ok","temperature":11.02,"skycon":"CLOUDY","cloudrate":0.84,"aqi":10.0,"humidity":0.59,"pres":100652.8,"pm25":10.0,"precipitation":{"nearest":{"status":"ok","distance":232.83,"intensity":0.1875},"local":{"status":"ok","intensity":0.0,"datasource":"gfs"}},"wind":{"direction":15.0,"speed":8.98}}}
{"status":"ok","lang":"zh_CN","server_time":1521996382,"tzshift":28800,"location":[51.580976,0.253487],"unit":"metric","result":{"status":"ok","temperature":11.02,"skycon":"CLOUDY","cloudrate":0.84,"aqi":10.0,"humidity":0.59,"pres":100652.8,"pm25":10.0,"precipitation":{"nearest":{"status":"ok","distance":10000.0,"intensity":0.0},"local":{"status":"ok","intensity":0.0,"datasource":"gfs"}},"wind":{"direction":15.0,"speed":8.98}}}
{"status":"ok","lang":"zh_CN","server_time":1521998783,"tzshift":28800,"location":[51.580976,0.253487],"unit":"metric","result":{"status":"ok","temperature":10.43,"skycon":"CLOUDY","cloudrate":0.86,"aqi":10.0,"humidity":0.62,"pres":100680.62,"pm25":10.0,"precipitation":{"nearest":{"status":"ok","distance":207.04,"intensity":0.1875},"local":{"status":"ok","intensity":0.0,"datasource":"gfs"}},"wind":{"direction":11.35,"speed":7.95}}}
{"status":"ok","lang":"zh_CN","server_time":1521999985,"tzshift":28800,"location":[51.580976,0.253487],"unit":"metric","result":{"status":"ok","temperature":10.43,"skycon":"CLOUDY","cloudrate":0.86,"aqi":10.0,"humidity":0.62,"pres":100680.62,"pm25":10.0,"precipitation":{"nearest":{"status":"ok","distance":408.65,"intensity":0.1875},"local":{"status":"ok","intensity":0.0,"datasource":"gfs"}},"wind":{"direction":11.35,"speed":7.95}}}
{"status":"ok","lang":"zh_CN","server_time":1522002389,"tzshift":28800,"location":[51.580976,0.253487],"unit":"metric","result":{"status":"ok","temperature":9.72,"skycon":"CLOUDY","cloudrate":0.9,"aqi":10.0,"humidity":0.66,"pres":100719.55,"pm25":10.0,"precipitation":{"nearest":{"status":"ok","distance":63.88,"intensity":0.1875},"local":{"status":"ok","intensity":0.0,"datasource":"gfs"}},"wind":{"direction":9.95,"speed":6.57}}}
{"status":"ok","lang":"zh_CN","server_time":1522003577,"tzshift":28800,"location":[51.580976,0.253487],"unit":"metric","result":{"status":"ok","temperature":9.72,"skycon":"CLOUDY","cloudrate":0.9,"aqi":10.0,"humidity":0.66,"pres":100719.55,"pm25":10.0,"precipitation":{"nearest":{"status":"ok","distance":10000.0,"intensity":0.0},"local":{"status":"ok","intensity":0.0,"datasource":"gfs"}},"wind":{"direction":9.95,"speed":6.57}}}
{"status":"ok","lang":"zh_CN","server_time":1522005978,"tzshift":28800,"location":[51.580976,0.253487],"unit":"metric","result":{"status":"ok","temperature":9.01,"skycon":"CLOUDY","cloudrate":0.95,"aqi":10.0,"humidity":0.69,"pres":100772.66,"pm25":10.0,"precipitation":{"nearest":{"status":"ok","distance":82.86,"intensity":0.25},"local":{"status":"ok","intensity":0.0021,"datasource":"gfs"}},"wind":{"direction":15.03,"speed":4.84}}}
{"status":"ok","lang":"zh_CN","server_time":1522007177,"tzshift":28800,"location":[51.580976,0.253487],"unit":"metric","result":{"status":"ok","temperature":9.01,"skycon":"CLOUDY","cloudrate":0.95,"aqi":10.0,"humidity":0.69,"pres":100772.66,"pm25":10.0,"precipitation":{"nearest":{"status":"ok","distance":127.45,"intensity":0.3125},"local":{"status":"ok","intensity":0.0021,"datasource":"gfs"}},"wind":{"direction":15.03,"speed":4.84}}}
{"status":"ok","lang":"zh_CN","server_time":1522009577,"tzshift":28800,"location":[51.580976,0.253487],"unit":"metric","result":{"status":"ok","temperature":8.32,"skycon":"CLOUDY","cloudrate":0.99,"aqi":10.0,"humidity":0.71,"pres":100833.3,"pm25":10.0,"precipitation":{"nearest":{"status":"ok","distance":10000.0,"intensity":0.0},"local":{"status":"ok","intensity":0.0117,"datasource":"gfs"}},"wind":{"direction":25.15,"speed":3.31}}}
{"status":"ok","lang":"zh_CN","server_time":1522010777,"tzshift":28800,"location":[51.580976,0.253487],"unit":"metric","result":{"status":"ok","temperature":8.32,"skycon":"CLOUDY","cloudrate":0.99,"aqi":10.0,"humidity":0.71,"pres":100833.3,"pm25":10.0,"precipitation":{"nearest":{"status":"ok","distance":10000.0,"intensity":0.0},"local":{"status":"ok","intensity":0.0117,"datasource":"gfs"}},"wind":{"direction":25.15,"speed":3.31}}}
{"status":"ok","lang":"zh_CN","server_time":1522013200,"tzshift":28800,"location":[51.580976,0.253487],"unit":"metric","result":{"status":"ok","temperature":7.61,"skycon":"CLOUDY","cloudrate":0.99,"aqi":10.0,"humidity":0.74,"pres":100892.41,"pm25":10.0,"precipitation":{"nearest":{"status":"ok","distance":10000.0,"intensity":0.0},"local":{"status":"ok","intensity":0.0144,"datasource":"gfs"}},"wind":{"direction":22.09,"speed":2.37}}}
{"status":"ok","lang":"zh_CN","server_time":1522014380,"tzshift":28800,"location":[51.580976,0.253487],"unit":"metric","result":{"status":"ok","temperature":8.2,"skycon":"RAIN","cloudrate":1.0,"aqi":10.0,"humidity":0.73,"pres":100909.41,"pm25":10.0,"precipitation":{"nearest":{"status":"ok","distance":216.83,"intensity":0.1875},"local":{"status":"ok","intensity":0.0553,"datasource":"gfs"}},"wind":{"direction":19.98,"speed":1.22}}}
{"status":"ok","lang":"zh_CN","server_time":1522016779,"tzshift":28800,"location":[51.580976,0.253487],"unit":"metric","result":{"status":"ok","temperature":7.59,"skycon":"RAIN","cloudrate":1.0,"aqi":10.0,"humidity":0.74,"pres":100952.19,"pm25":10.0,"precipitation":{"nearest":{"status":"ok","distance":10000.0,"intensity":0.0},"local":{"status":"ok","intensity":0.0618,"datasource":"gfs"}},"wind":{"direction":322.54,"speed":1.97}}}
{"status":"ok","lang":"zh_CN","server_time":1522017980,"tzshift":28800,"location":[51.580976,0.253487],"unit":"metric","result":{"status":"ok","temperature":7.59,"skycon":"RAIN","cloudrate":1.0,"aqi":10.0,"humidity":0.74,"pres":100952.19,"pm25":10.0,"precipitation":{"nearest":{"status":"ok","distance":71.38,"intensity":0.1875},"local":{"status":"ok","intensity":0.0618,"datasource":"gfs"}},"wind":{"direction":322.54,"speed":1.97}}}
{"status":"ok","lang":"zh_CN","server_time":1522020380,"tzshift":28800,"location":[51.580976,0.253487],"unit":"metric","result":{"status":"ok","temperature":6.94,"skycon":"RAIN","cloudrate":0.95,"aqi":10.0,"humidity":0.75,"pres":100979.04,"pm25":10.0,"precipitation":{"nearest":{"status":"ok","distance":10000.0,"intensity":0.0},"local":{"status":"ok","intensity":0.0592,"datasource":"gfs"}},"wind":{"direction":313.91,"speed":4.41}}}
{"status":"failed", "error":"'API quota is exhausted'"}
{"status":"failed", "error":"'API quota is exhausted'"}
{"status":"failed", "error":"'API quota is exhausted'"}
{"status":"failed", "error":"'API quota is exhausted'"}
{"status":"failed", "error":"'API quota is exhausted'"}
{"status":"failed", "error":"'API quota is exhausted'"}
{"status":"failed", "error":"'API quota is exhausted'"}
{"status":"failed", "error":"'API quota is exhausted'"}
{"status":"failed", "error":"'API quota is exhausted'"}
{"status":"failed", "error":"'API quota is exhausted'"}
{"status":"failed", "error":"'API quota is exhausted'"}
{"status":"failed", "error":"'API quota is exhausted'"}
{"status":"failed", "error":"'API quota is exhausted'"}
{"status":"failed", "error":"'API quota is exhausted'"}
{"status":"failed", "error":"'API quota is exhausted'"}
{"status":"failed", "error":"'API quota is exhausted'"}
{"status":"failed", "error":"'API quota is exhausted'"}
{"status":"failed", "error":"'API quota is exhausted'"}
{"status":"failed", "error":"'API quota is exhausted'"}
{"status":"failed", "error":"'API quota is exhausted'"}
{"status":"failed", "error":"'API quota is exhausted'"}
{"status":"failed", "error":"'API quota is exhausted'"}
{"status":"failed", "error":"'API quota is exhausted'"}
{"status":"failed", "error":"'API quota is exhausted'"}
{"status":"failed", "error":"'API quota is exhausted'"}
{"status":"failed", "error":"'API quota is exhausted'"}
{"status":"ok","lang":"zh_CN","server_time":1522068383,"tzshift":28800,"location":[51.580976,0.253487],"unit":"metric","result":{"status":"ok","temperature":11.3,"skycon":"CLEAR_NIGHT","cloudrate":0.0,"aqi":10.0,"humidity":0.43,"pres":101242.54,"pm25":10.0,"precipitation":{"nearest":{"status":"ok","distance":163.93,"intensity":0.1875},"local":{"status":"ok","intensity":0.0,"datasource":"gfs"}},"wind":{"direction":293.08,"speed":8.59}}}
{"status":"ok","lang":"zh_CN","server_time":1522068383,"tzshift":28800,"location":[51.580976,0.253487],"unit":"metric","result":{"status":"ok","temperature":11.3,"skycon":"CLEAR_NIGHT","cloudrate":0.0,"aqi":10.0,"humidity":0.43,"pres":101242.54,"pm25":10.0,"precipitation":{"nearest":{"status":"ok","distance":163.93,"intensity":0.1875},"local":{"status":"ok","intensity":0.0,"datasource":"gfs"}},"wind":{"direction":293.08,"speed":8.59}}}
{"status":"ok","lang":"zh_CN","server_time":1522070789,"tzshift":28800,"location":[51.580976,0.253487],"unit":"metric","result":{"status":"ok","temperature":11.77,"skycon":"CLEAR_NIGHT","cloudrate":0.08,"aqi":10.0,"humidity":0.41,"pres":101220.52,"pm25":10.0,"precipitation":{"local":{"status":"ok","intensity":0.0,"datasource":"gfs"}},"wind":{"direction":285.37,"speed":9.14}}}
{"status":"ok","lang":"zh_CN","server_time":1522074391,"tzshift":28800,"location":[51.580976,0.253487],"unit":"metric","result":{"status":"ok","temperature":11.91,"skycon":"CLEAR_NIGHT","cloudrate":0.18,"aqi":10.0,"humidity":0.41,"pres":101187.0,"pm25":10.0,"precipitation":{"nearest":{"status":"ok","distance":10000.0,"intensity":0.0},"local":{"status":"ok","intensity":0.0,"datasource":"gfs"}},"wind":{"direction":279.04,"speed":9.48}}}
{"status":"ok","lang":"zh_CN","server_time":1522077985,"tzshift":28800,"location":[51.580976,0.253487],"unit":"metric","result":{"status":"ok","temperature":11.77,"skycon":"PARTLY_CLOUDY_NIGHT","cloudrate":0.29,"aqi":10,"humidity":0.42,"pres":101147.51,"pm25":10,"precipitation":{"local":{"status":"ok","intensity":0.0,"datasource":"gfs"}},"wind":{"direction":273.92,"speed":9.25}}}
