{"status":"ok","lang":"zh_CN","server_time":1521995187,"tzshift":28800,"location":[51.780976,-0.44652],"unit":"metric","result":{"status":"ok","temperature":10.23,"skycon":"RAIN","cloudrate":1.0,"aqi":10.0,"humidity":0.68,"pres":99908.73,"pm25":10.0,"precipitation":{"nearest":{"status":"ok","distance":205.65,"intensity":0.1875},"local":{"status":"ok","intensity":0.0895,"datasource":"gfs"}},"wind":{"direction":354.09,"speed":10.96}}}
{"status":"ok","lang":"zh_CN","server_time":1521996387,"tzshift":28800,"location":[51.780976,-0.44652],"unit":"metric","result":{"status":"ok","temperature":10.23,"skycon":"RAIN","cloudrate":1.0,"aqi":10,"humidity":0.68,"pres":99908.73,"pm25":10,"precipitation":{"nearest":{"status":"ok","distance":10000.0,"intensity":0.0},"local":{"status":"ok","intensity":0.0895,"datasource":"gfs"}},"wind":{"direction":354.09,"speed":10.96}}}
{"status":"ok","lang":"zh_CN","server_time":1521998788,"tzshift":28800,"location":[51.780976,-0.44652],"unit":"metric","result":{"status":"ok","temperature":9.3,"skycon":"RAIN","cloudrate":1.0,"aqi":10.0,"humidity":0.72,"pres":99937.01,"pm25":10.0,"precipitation":{"nearest":{"status":"ok","distance":249.42,"intensity":0.25},"local":{"status":"ok","intensity":0.0879,"datasource":"gfs"}},"wind":{"direction":349.78,"speed":9.33}}}
{"status":"ok","lang":"zh_CN","server_time":1521999991,"tzshift":28800,"location":[51.780976,-0.44652],"unit":"metric","result":{"status":"ok","temperature":9.3,"skycon":"RAIN","cloudrate":1.0,"aqi":10.0,"humidity":0.72,"pres":99937.01,"pm25":10.0,"precipitation":{"nearest":{"status":"ok","distance":219.86,"intensity":0.1875},"local":{"status":"ok","intensity":0.0879,"datasource":"gfs"}},"wind":{"direction":349.78,"speed":9.33}}}
{"status":"ok","lang":"zh_CN","server_time":1522002394,"tzshift":28800,"location":[51.780976,-0.44652],"unit":"metric","result":{"status":"ok","temperature":8.18,"skycon":"RAIN","cloudrate":0.98,"aqi":10.0,"humidity":0.75,"pres":99976.39,"pm25":10.0,"precipitation":{"nearest":{"status":"ok","distance":142.49,"intensity":0.1875},"local":{"status":"ok","intensity":0.0722,"datasource":"gfs"}},"wind":{"direction":343.22,"speed":8.17}}}
{"status":"ok","lang":"zh_CN","server_time":1522003582,"tzshift":28800,"location":[51.780976,-0.44652],"unit":"metric","result":{"status":"ok","temperature":8.18,"skycon":"RAIN","cloudrate":0.98,"aqi":10.0,"humidity":0.75,"pres":99976.39,"pm25":10.0,"precipitation":{"nearest":{"status":"ok","distance":278.34,"intensity":0.25},"local":{"status":"ok","intensity":0.0722,"datasource":"gfs"}},"wind":{"direction":343.22,"speed":8.17}}}
{"status":"ok","lang":"zh_CN","server_time":1522005983,"tzshift":28800,"location":[51.780976,-0.44652],"unit":"metric","result":{"status":"ok","temperature":6.98,"skycon":"RAIN","cloudrate":0.93,"aqi":10.0,"humidity":0.78,"pres":100030.55,"pm25":10.0,"precipitation":{"nearest":{"status":"ok","distance":10000.0,"intensity":0.0},"local":{"status":"ok","intensity":0.0359,"datasource":"gfs"}},"wind":{"direction":334.52,"speed":8.14}}}
{"status":"ok","lang":"zh_CN","server_time":1522007182,"tzshift":28800,"location":[51.780976,-0.44652],"unit":"metric","result":{"status":"ok","temperature":6.98,"skycon":"RAIN","cloudrate":0.93,"aqi":10.0,"humidity":0.78,"pres":100030.55,"pm25":10.0,"precipitation":{"nearest":{"status":"ok","distance":232.28,"intensity":0.1875},"local":{"status":"ok","intensity":0.0359,"datasource":"gfs"}},"wind":{"direction":334.52,"speed":8.14}}}
{"status":"ok","lang":"zh_CN","server_time":1522009582,"tzshift":28800,"location":[51.780976,-0.44652],"unit":"metric","result":{"status":"ok","temperature":5.85,"skycon":"CLOUDY","cloudrate":0.88,"aqi":10.0,"humidity":0.79,"pres":100092.47,"pm25":10.0,"precipitation":{"nearest":{"status":"ok","distance":10000.0,"intensity":0.0},"local":{"status":"ok","intensity":0.0,"datasource":"gfs"}},"wind":{"direction":328.35,"speed":8.88}}}
{"status":"ok","lang":"zh_CN","server_time":1522010782,"tzshift":28800,"location":[51.780976,-0.44652],"unit":"metric","result":{"status":"ok","temperature":5.83,"skycon":"CLOUDY","cloudrate":0.89,"aqi":10.0,"humidity":0.79,"pres":100020.3,"pm25":10.0,"precipitation":{"nearest":{"status":"ok","distance":10000.0,"intensity":0.0},"local":{"status":"ok","intensity":0.0,"datasource":"gfs"}},"wind":{"direction":327.86,"speed":9.02}}}
{"status":"failed", "error":"'API quota is exhausted'"}
{"status":"ok","lang":"zh_CN","server_time":1522014385,"tzshift":28800,"location":[51.780976,-0.44652],"unit":"metric","result":{"status":"ok","temperature":5.54,"skycon":"CLOUDY","cloudrate":1.0,"aqi":10.0,"humidity":0.78,"pres":100163.21,"pm25":10.0,"precipitation":{"nearest":{"status":"ok","distance":223.72,"intensity":0.1875},"local":{"status":"ok","intensity":0.0,"datasource":"gfs"}},"wind":{"direction":309.66,"speed":8.09}}}
{"status":"ok","lang":"zh_CN","server_time":1522016784,"tzshift":28800,"location":[51.780976,-0.44652],"unit":"metric","result":{"status":"ok","temperature":5.18,"skycon":"CLOUDY","cloudrate":0.92,"aqi":10.0,"humidity":0.79,"pres":100207.59,"pm25":10.0,"precipitation":{"nearest":{"status":"ok","distance":9.38,"intensity":0.1875},"local":{"status":"ok","intensity":0.0,"datasource":"gfs"}},"wind":{"direction":317.46,"speed":8.11}}}
{"status":"failed", "error":"'API quota is exhausted'"}
{"status":"ok","lang":"zh_CN","server_time":1522020384,"tzshift":28800,"location":[51.780976,-0.44652],"unit":"metric","result":{"status":"ok","temperature":4.99,"skycon":"CLOUDY","cloudrate":0.81,"aqi":10.0,"humidity":0.79,"pres":100237.17,"pm25":10.0,"precipitation":{"nearest":{"status":"ok","distance":237.51,"intensity":0.1875},"local":{"status":"ok","intensity":0.0,"datasource":"gfs"}},"wind":{"direction":330.76,"speed":8.26}}}
{"status":"failed", "error":"'API quota is exhausted'"}
{"status":"failed", "error":"'API quota is exhausted'"}
{"status":"failed", "error":"'API quota is exhausted'"}
{"status":"failed", "error":"'API quota is exhausted'"}
{"status":"failed", "error":"'API quota is exhausted'"}
{"status":"failed", "error":"'API quota is exhausted'"}
{"status":"failed", "error":"'API quota is exhausted'"}
{"status":"failed", "error":"'API quota is exhausted'"}
{"status":"failed", "error":"'API quota is exhausted'"}
{"status":"failed", "error":"'API quota is exhausted'"}
{"status":"failed", "error":"'API quota is exhausted'"}
{"status":"failed", "error":"'API quota is exhausted'"}
{"status":"failed", "error":"'API quota is exhausted'"}
{"status":"failed", "error":"'API quota is exhausted'"}
{"status":"failed", "error":"'API quota is exhausted'"}
{"status":"failed", "error":"'API quota is exhausted'"}
{"status":"failed", "error":"'API quota is exhausted'"}
{"status":"failed", "error":"'API quota is exhausted'"}
{"status":"failed", "error":"'API quota is exhausted'"}
{"status":"failed", "error":"'API quota is exhausted'"}
{"status":"failed", "error":"'API quota is exhausted'"}
{"status":"failed", "error":"'API quota is exhausted'"}
{"status":"failed", "error":"'API quota is exhausted'"}
{"status":"failed", "error":"'API quota is exhausted'"}
{"status":"failed", "error":"'API quota is exhausted'"}
{"status":"failed", "error":"'API quota is exhausted'"}
{"status":"ok","lang":"zh_CN","server_time":1522068388,"tzshift":28800,"location":[51.780976,-0.44652],"unit":"metric","result":{"status":"ok","temperature":10.11,"skycon":"CLEAR_NIGHT","cloudrate":0.02,"aqi":10.0,"humidity":0.57,"pres":100472.01,"pm25":10.0,"precipitation":{"nearest":{"status":"ok","distance":60.05,"intensity":0.1875},"local":{"status":"ok","intensity":0.0,"datasource":"gfs"}},"wind":{"direction":267.41,"speed":11.11}}}
{"status":"ok","lang":"zh_CN","server_time":1522068388,"tzshift":28800,"location":[51.780976,-0.44652],"unit":"metric","result":{"status":"ok","temperature":10.11,"skycon":"CLEAR_NIGHT","cloudrate":0.02,"aqi":10.0,"humidity":0.57,"pres":100472.01,"pm25":10.0,"precipitation":{"nearest":{"status":"ok","distance":60.05,"intensity":0.1875},"local":{"status":"ok","intensity":0.0,"datasource":"gfs"}},"wind":{"direction":267.41,"speed":11.11}}}
{"status":"ok","lang":"zh_CN","server_time":1522070795,"tzshift":28800,"location":[51.780976,-0.44652],"unit":"metric","result":{"status":"ok","temperature":10.71,"skycon":"CLEAR_NIGHT","cloudrate":0.12,"aqi":10,"humidity":0.54,"pres":100447.6,"pm25":10,"precipitation":{"local":{"status":"ok","intensity":0.0,"datasource":"gfs"}},"wind":{"direction":263.35,"speed":12.67}}}
{"status":"ok","lang":"zh_CN","server_time":1522074396,"tzshift":28800,"location":[51.780976,-0.44652],"unit":"metric","result":{"status":"ok","temperature":10.96,"skycon":"PARTLY_CLOUDY_NIGHT","cloudrate":0.26,"aqi":10.0,"humidity":0.54,"pres":100339.81,"pm25":10.0,"precipitation":{"local":{"status":"ok","intensity":0.0,"datasource":"gfs"}},"wind":{"direction":261.03,"speed":13.79}}}
{"status":"ok","lang":"zh_CN","server_time":1522077991,"tzshift":28800,"location":[51.780976,-0.44652],"unit":"metric","result":{"status":"ok","temperature":10.82,"skycon":"PARTLY_CLOUDY_NIGHT","cloudrate":0.36,"aqi":10,"humidity":0.56,"pres":100370.65,"pm25":10,"precipitation":{"nearest":{"status":"ok","distance":993.38,"intensity":0.1875},"local":{"status":"ok","intensity":0.0,"datasource":"gfs"}},"wind":{"direction":259.36,"speed":13.5}}}
