{"status":"ok","lang":"zh_CN","server_time":1521995190,"tzshift":28800,"location":[51.780976,0.253487],"unit":"metric","result":{"status":"ok","temperature":10.15,"skycon":"CLOUDY","cloudrate":0.98,"aqi":10.0,"humidity":0.67,"pres":100303.54,"pm25":10.0,"precipitation":{"nearest":{"status":"ok","distance":10000.0,"intensity":0.0},"local":{"status":"ok","intensity":0.0194,"datasource":"gfs"}},"wind":{"direction":7.56,"speed":9.6}}}
{"status":"ok","lang":"zh_CN","server_time":1521996390,"tzshift":28800,"location":[51.780976,0.253487],"unit":"metric","result":{"status":"ok","temperature":10.15,"skycon":"CLOUDY","cloudrate":0.98,"aqi":10.0,"humidity":0.67,"pres":100303.54,"pm25":10.0,"precipitation":{"nearest":{"status":"ok","distance":10000.0,"intensity":0.0},"local":{"status":"ok","intensity":0.0194,"datasource":"gfs"}},"wind":{"direction":7.56,"speed":9.6}}}
{"status":"ok","lang":"zh_CN","server_time":1521998791,"tzshift":28800,"location":[51.780976,0.253487],"unit":"metric","result":{"status":"ok","temperature":9.31,"skycon":"RAIN","cloudrate":0.98,"aqi":10.0,"humidity":0.71,"pres":100331.81,"pm25":10.0,"precipitation":{"nearest":{"status":"ok","distance":10000.0,"intensity":0.0},"local":{"status":"ok","intensity":0.0378,"datasource":"gfs"}},"wind":{"direction":3.22,"speed":8.24}}}
{"status":"ok","lang":"zh_CN","server_time":1521999995,"tzshift":28800,"location":[51.780976,0.253487],"unit":"metric","result":{"status":"ok","temperature":9.31,"skycon":"RAIN","cloudrate":0.98,"aqi":10.0,"humidity":0.71,"pres":100331.81,"pm25":10.0,"precipitation":{"nearest":{"status":"ok","distance":38.93,"intensity":0.1875},"local":{"status":"ok","intensity":0.0378,"datasource":"gfs"}},"wind":{"direction":3.22,"speed":8.24}}}
{"status":"ok","lang":"zh_CN","server_time":1522002397,"tzshift":28800,"location":[51.780976,0.253487],"unit":"metric","result":{"status":"ok","temperature":8.36,"skycon":"RAIN","cloudrate":0.98,"aqi":10.0,"humidity":0.75,"pres":100370.75,"pm25":10.0,"precipitation":{"nearest":{"status":"ok","distance":76.11,"intensity":0.1875},"local":{"status":"ok","intensity":0.041,"datasource":"gfs"}},"wind":{"direction":0.13,"speed":6.6}}}
{"status":"ok","lang":"zh_CN","server_time":1522003585,"tzshift":28800,"location":[51.780976,0.253487],"unit":"metric","result":{"status":"ok","temperature":8.36,"skycon":"RAIN","cloudrate":0.98,"aqi":10.0,"humidity":0.75,"pres":100370.75,"pm25":10.0,"precipitation":{"nearest":{"status":"ok","distance":336.13,"intensity":0.1875},"local":{"status":"ok","intensity":0.041,"datasource":"gfs"}},"wind":{"direction":0.13,"speed":6.6}}}
{"status":"ok","lang":"zh_CN","server_time":1522005986,"tzshift":28800,"location":[51.780976,0.253487],"unit":"metric","result":{"status":"ok","temperature":7.45,"skycon":"CLOUDY","cloudrate":1.0,"aqi":10.0,"humidity":0.78,"pres":100423.11,"pm25":10.0,"precipitation":{"nearest":{"status":"ok","distance":135.2,"intensity":0.1875},"local":{"status":"ok","intensity":0.0259,"datasource":"gfs"}},"wind":{"direction":0.73,"speed":4.73}}}
{"status":"ok","lang":"zh_CN","server_time":1522007185,"tzshift":28800,"location":[51.780976,0.253487],"unit":"metric","result":{"status":"ok","temperature":7.45,"skycon":"CLOUDY","cloudrate":1.0,"aqi":10.0,"humidity":0.78,"pres":100423.11,"pm25":10.0,"precipitation":{"nearest":{"status":"ok","distance":292.21,"intensity":0.1875},"local":{"status":"ok","intensity":0.0259,"datasource":"gfs"}},"wind":{"direction":0.73,"speed":4.73}}}
{"status":"ok","lang":"zh_CN","server_time":1522009585,"tzshift":28800,"location":[51.780976,0.253487],"unit":"metric","result":{"status":"ok","temperature":6.58,"skycon":"CLOUDY","cloudrate":1.0,"aqi":10.0,"humidity":0.8,"pres":100482.58,"pm25":10.0,"precipitation":{"nearest":{"status":"ok","distance":10000.0,"intensity":0.0},"local":{"status":"ok","intensity":0.0,"datasource":"gfs"}},"wind":{"direction":2.3,"speed":3.25}}}
{"status":"ok","lang":"zh_CN","server_time":1522010785,"tzshift":28800,"location":[51.780976,0.253487],"unit":"metric","result":{"status":"ok","temperature":6.58,"skycon":"CLOUDY","cloudrate":1.0,"aqi":10,"humidity":0.8,"pres":100482.58,"pm25":10,"precipitation":{"nearest":{"status":"ok","distance":10000.0,"intensity":0.0},"local":{"status":"ok","intensity":0.0,"datasource":"gfs"}},"wind":{"direction":2.3,"speed":3.25}}}
{"status":"failed", "error":"'API quota is exhausted'"}
{"status":"ok","lang":"zh_CN","server_time":1522014388,"tzshift":28800,"location":[51.780976,0.253487],"unit":"metric","result":{"status":"ok","temperature":6.16,"skycon":"CLOUDY","cloudrate":1.0,"aqi":10,"humidity":0.8,"pres":100557.37,"pm25":10,"precipitation":{"nearest":{"status":"ok","distance":10000.0,"intensity":0.0},"local":{"status":"ok","intensity":0.0245,"datasource":"gfs"}},"wind":{"direction":2.06,"speed":1.3}}}
{"status":"failed", "error":"'API quota is exhausted'"}
{"status":"ok","lang":"zh_CN","server_time":1522017988,"tzshift":28800,"location":[51.780976,0.253487],"unit":"metric","result":{"status":"ok","temperature":5.4,"skycon":"CLOUDY","cloudrate":0.99,"aqi":10.0,"humidity":0.82,"pres":100600.97,"pm25":10.0,"precipitation":{"nearest":{"status":"ok","distance":10000.0,"intensity":0.0},"local":{"status":"ok","intensity":0.0094,"datasource":"gfs"}},"wind":{"direction":325.65,"speed":2.91}}}
{"status":"failed", "error":"'API quota is exhausted'"}
{"status":"failed", "error":"'API quota is exhausted'"}
{"status":"failed", "error":"'API quota is exhausted'"}
{"status":"ok","lang":"zh_CN","server_time":1522025187,"tzshift":28800,"location":[51.780976,0.253487],"unit":"metric","result":{"status":"ok","temperature":4.1,"skycon":"CLOUDY","cloudrate":0.81,"aqi":10,"humidity":0.84,"pres":100646.94,"pm25":10,"precipitation":{"nearest":{"status":"ok","distance":396.84,"intensity":0.1875},"local":{"status":"ok","intensity":0.0,"datasource":"gfs"}},"wind":{"direction":320.93,"speed":8.85}}}
{"status":"failed", "error":"'API quota is exhausted'"}
{"status":"failed", "error":"'API quota is exhausted'"}
{"status":"failed", "error":"'API quota is exhausted'"}
{"status":"failed", "error":"'API quota is exhausted'"}
{"status":"ok","lang":"zh_CN","server_time":1522035074,"tzshift":28800,"location":[51.780976,0.253487],"unit":"metric","result":{"status":"ok","temperature":2.84,"skycon":"PARTLY_CLOUDY_DAY","cloudrate":0.26,"aqi":10.0,"humidity":0.85,"pres":100688.54,"pm25":10.0,"precipitation":{"nearest":{"status":"ok","distance":233.61,"intensity":0.25},"local":{"status":"ok","intensity":0.0,"datasource":"gfs"}},"wind":{"direction":325.25,"speed":10.06}}}
{"status":"failed", "error":"'API quota is exhausted'"}
{"status":"failed", "error":"'API quota is exhausted'"}
{"status":"failed", "error":"'API quota is exhausted'"}
{"status":"failed", "error":"'API quota is exhausted'"}
{"status":"failed", "error":"'API quota is exhausted'"}
{"status":"failed", "error":"'API quota is exhausted'"}
{"status":"failed", "error":"'API quota is exhausted'"}
{"status":"failed", "error":"'API quota is exhausted'"}
{"status":"failed", "error":"'API quota is exhausted'"}
{"status":"failed", "error":"'API quota is exhausted'"}
{"status":"failed", "error":"'API quota is exhausted'"}
{"status":"failed", "error":"'API quota is exhausted'"}
{"status":"failed", "error":"'API quota is exhausted'"}
{"status":"failed", "error":"'API quota is exhausted'"}
{"status":"failed", "error":"'API quota is exhausted'"}
{"status":"failed", "error":"'API quota is exhausted'"}
{"status":"failed", "error":"'API quota is exhausted'"}
{"status":"failed", "error":"'API quota is exhausted'"}
{"status":"ok","lang":"zh_CN","server_time":1522068391,"tzshift":28800,"location":[51.780976,0.253487],"unit":"metric","result":{"status":"ok","temperature":10.42,"skycon":"CLEAR_NIGHT","cloudrate":0.0,"aqi":10.0,"humidity":0.55,"pres":100877.32,"pm25":10.0,"precipitation":{"local":{"status":"ok","intensity":0.0,"datasource":"gfs"}},"wind":{"direction":286.12,"speed":10.9}}}
{"status":"ok","lang":"zh_CN","server_time":1522068391,"tzshift":28800,"location":[51.780976,0.253487],"unit":"metric","result":{"status":"ok","temperature":10.42,"skycon":"CLEAR_NIGHT","cloudrate":0.0,"aqi":10.0,"humidity":0.55,"pres":100877.32,"pm25":10.0,"precipitation":{"local":{"status":"ok","intensity":0.0,"datasource":"gfs"}},"wind":{"direction":286.12,"speed":10.9}}}
{"status":"ok","lang":"zh_CN","server_time":1522070798,"tzshift":28800,"location":[51.780976,0.253487],"unit":"metric","result":{"status":"ok","temperature":10.87,"skycon":"CLEAR_NIGHT","cloudrate":0.11,"aqi":10.0,"humidity":0.53,"pres":100857.15,"pm25":10.0,"precipitation":{"nearest":{"status":"ok","distance":10000.0,"intensity":0.0},"local":{"status":"ok","intensity":0.0,"datasource":"gfs"}},"wind":{"direction":280.54,"speed":11.55}}}
{"status":"ok","lang":"zh_CN","server_time":1522074400,"tzshift":28800,"location":[51.780976,0.253487],"unit":"metric","result":{"status":"ok","temperature":11.08,"skycon":"PARTLY_CLOUDY_NIGHT","cloudrate":0.24,"aqi":10.0,"humidity":0.53,"pres":100826.15,"pm25":10.0,"precipitation":{"nearest":{"status":"ok","distance":275.99,"intensity":0.1875},"local":{"status":"ok","intensity":0.0,"datasource":"gfs"}},"wind":{"direction":276.74,"speed":11.8}}}
{"status":"ok","lang":"zh_CN","server_time":1522077994,"tzshift":28800,"location":[51.780976,0.253487],"unit":"metric","result":{"status":"ok","temperature":10.95,"skycon":"PARTLY_CLOUDY_NIGHT","cloudrate":0.36,"aqi":10.0,"humidity":0.55,"pres":100788.43,"pm25":10.0,"precipitation":{"nearest":{"status":"ok","distance":10000.0,"intensity":0.0},"local":{"status":"ok","intensity":0.0,"datasource":"gfs"}},"wind":{"direction":274.26,"speed":11.19}}}
