{"status":"ok","lang":"zh_CN","server_time":1521995189,"tzshift":28800,"location":[51.780976,-0.046516],"unit":"metric","result":{"status":"ok","temperature":10.57,"skycon":"RAIN","cloudrate":1.0,"aqi":10,"humidity":0.65,"pres":99942.35,"pm25":10,"precipitation":{"nearest":{"status":"ok","distance":293.94,"intensity":0.1875},"local":{"status":"ok","intensity":0.0844,"datasource":"gfs"}},"wind":{"direction":3.21,"speed":11.25}}}
{"status":"ok","lang":"zh_CN","server_time":1521996389,"tzshift":28800,"location":[51.780976,-0.046516],"unit":"metric","result":{"status":"ok","temperature":10.35,"skycon":"RAIN","cloudrate":1.0,"aqi":10.0,"humidity":0.66,"pres":100349.18,"pm25":10.0,"precipitation":{"nearest":{"status":"ok","distance":10000.0,"intensity":0.0},"local":{"status":"ok","intensity":0.0412,"datasource":"gfs"}},"wind":{"direction":3.46,"speed":10.31}}}
{"status":"ok","lang":"zh_CN","server_time":1521998790,"tzshift":28800,"location":[51.780976,-0.046516],"unit":"metric","result":{"status":"ok","temperature":9.45,"skycon":"RAIN","cloudrate":0.97,"aqi":10.0,"humidity":0.7,"pres":100378.44,"pm25":10.0,"precipitation":{"nearest":{"status":"ok","distance":186.45,"intensity":0.1875},"local":{"status":"ok","intensity":0.0527,"datasource":"gfs"}},"wind":{"direction":357.86,"speed":9.08}}}
{"status":"ok","lang":"zh_CN","server_time":1521999993,"tzshift":28800,"location":[51.780976,-0.046516],"unit":"metric","result":{"status":"ok","temperature":9.45,"skycon":"RAIN","cloudrate":0.97,"aqi":10,"humidity":0.7,"pres":100378.44,"pm25":10,"precipitation":{"nearest":{"status":"ok","distance":301.32,"intensity":0.1875},"local":{"status":"ok","intensity":0.0527,"datasource":"gfs"}},"wind":{"direction":357.86,"speed":9.08}}}
{"status":"ok","lang":"zh_CN","server_time":1522002395,"tzshift":28800,"location":[51.780976,-0.046516],"unit":"metric","result":{"status":"ok","temperature":8.47,"skycon":"RAIN","cloudrate":0.96,"aqi":10.0,"humidity":0.73,"pres":100417.87,"pm25":10.0,"precipitation":{"nearest":{"status":"ok","distance":63.88,"intensity":0.1875},"local":{"status":"ok","intensity":0.0475,"datasource":"gfs"}},"wind":{"direction":350.57,"speed":7.98}}}
{"status":"ok","lang":"zh_CN","server_time":1522003584,"tzshift":28800,"location":[51.780976,-0.046516],"unit":"metric","result":{"status":"ok","temperature":8.47,"skycon":"RAIN","cloudrate":0.96,"aqi":10.0,"humidity":0.73,"pres":100417.87,"pm25":10.0,"precipitation":{"nearest":{"status":"ok","distance":10000.0,"intensity":0.0},"local":{"status":"ok","intensity":0.0475,"datasource":"gfs"}},"wind":{"direction":350.57,"speed":7.98}}}
{"status":"ok","lang":"zh_CN","server_time":1522005985,"tzshift":28800,"location":[51.780976,-0.046516],"unit":"metric","result":{"status":"ok","temperature":7.54,"skycon":"CLOUDY","cloudrate":0.99,"aqi":10.0,"humidity":0.75,"pres":100470.34,"pm25":10.0,"precipitation":{"nearest":{"status":"ok","distance":10000.0,"intensity":0.0},"local":{"status":"ok","intensity":0.0175,"datasource":"gfs"}},"wind":{"direction":341.78,"speed":7.27}}}
{"status":"ok","lang":"zh_CN","server_time":1522007184,"tzshift":28800,"location":[51.780976,-0.046516],"unit":"metric","result":{"status":"ok","temperature":7.54,"skycon":"CLOUDY","cloudrate":0.99,"aqi":10.0,"humidity":0.75,"pres":100470.34,"pm25":10.0,"precipitation":{"nearest":{"status":"ok","distance":128.52,"intensity":0.1875},"local":{"status":"ok","intensity":0.0175,"datasource":"gfs"}},"wind":{"direction":341.78,"speed":7.27}}}
{"status":"ok","lang":"zh_CN","server_time":1522009583,"tzshift":28800,"location":[51.780976,-0.046516],"unit":"metric","result":{"status":"ok","temperature":6.69,"skycon":"CLOUDY","cloudrate":1.0,"aqi":10,"humidity":0.76,"pres":100529.93,"pm25":10,"precipitation":{"nearest":{"status":"ok","distance":2.36,"intensity":0.3125},"local":{"status":"ok","intensity":0.0,"datasource":"gfs"}},"wind":{"direction":334.04,"speed":7.13}}}
{"status":"ok","lang":"zh_CN","server_time":1522010784,"tzshift":28800,"location":[51.780976,-0.046516],"unit":"metric","result":{"status":"ok","temperature":6.69,"skycon":"CLOUDY","cloudrate":1.0,"aqi":10.0,"humidity":0.76,"pres":100529.93,"pm25":10.0,"precipitation":{"nearest":{"status":"ok","distance":10000.0,"intensity":0.0},"local":{"status":"ok","intensity":0.0,"datasource":"gfs"}},"wind":{"direction":334.04,"speed":7.13}}}
{"status":"ok","lang":"zh_CN","server_time":1522013209,"tzshift":28800,"location":[51.780976,-0.046516],"unit":"metric","result":{"status":"ok","temperature":5.94,"skycon":"CLOUDY","cloudrate":0.99,"aqi":10,"humidity":0.77,"pres":100588.48,"pm25":10,"precipitation":{"nearest":{"status":"ok","distance":10000.0,"intensity":0.0},"local":{"status":"ok","intensity":0.0,"datasource":"gfs"}},"wind":{"direction":330.7,"speed":7.57}}}
{"status":"failed", "error":"'API quota is exhausted'"}
{"status":"ok","lang":"zh_CN","server_time":1522016786,"tzshift":28800,"location":[51.780976,-0.046516],"unit":"metric","result":{"status":"ok","temperature":5.7,"skycon":"CLOUDY","cloudrate":0.9,"aqi":10.0,"humidity":0.77,"pres":100648.31,"pm25":10.0,"precipitation":{"nearest":{"status":"ok","distance":10000.0,"intensity":0.0},"local":{"status":"ok","intensity":0.0,"datasource":"gfs"}},"wind":{"direction":321.65,"speed":6.73}}}
{"status":"failed", "error":"'API quota is exhausted'"}
{"status":"failed", "error":"'API quota is exhausted'"}
{"status":"ok","lang":"zh_CN","server_time":1522021587,"tzshift":28800,"location":[51.780976,-0.046516],"unit":"metric","result":{"status":"ok","temperature":5.83,"skycon":"CLOUDY","cloudrate":0.83,"aqi":10.0,"humidity":0.76,"pres":100273.81,"pm25":10.0,"precipitation":{"nearest":{"status":"ok","distance":326.25,"intensity":0.1875},"local":{"status":"ok","intensity":0.0,"datasource":"gfs"}},"wind":{"direction":329.25,"speed":8.97}}}
{"status":"failed", "error":"'API quota is exhausted'"}
{"status":"ok","lang":"zh_CN","server_time":1522025186,"tzshift":28800,"location":[51.780976,-0.046516],"unit":"metric","result":{"status":"ok","temperature":4.43,"skycon":"PARTLY_CLOUDY_DAY","cloudrate":0.69,"aqi":10,"humidity":0.8,"pres":100698.82,"pm25":10,"precipitation":{"nearest":{"status":"ok","distance":10000.0,"intensity":0.0},"local":{"status":"ok","intensity":0.0,"datasource":"gfs"}},"wind":{"direction":333.62,"speed":9.59}}}
{"status":"failed", "error":"'API quota is exhausted'"}
{"status":"failed", "error":"'API quota is exhausted'"}
{"status":"failed", "error":"'API quota is exhausted'"}
{"status":"failed", "error":"'API quota is exhausted'"}
{"status":"failed", "error":"'API quota is exhausted'"}
{"status":"failed", "error":"'API quota is exhausted'"}
{"status":"failed", "error":"'API quota is exhausted'"}
{"status":"failed", "error":"'API quota is exhausted'"}
{"status":"failed", "error":"'API quota is exhausted'"}
{"status":"failed", "error":"'API quota is exhausted'"}
{"status":"failed", "error":"'API quota is exhausted'"}
{"status":"failed", "error":"'API quota is exhausted'"}
{"status":"failed", "error":"'API quota is exhausted'"}
{"status":"failed", "error":"'API quota is exhausted'"}
{"status":"failed", "error":"'API quota is exhausted'"}
{"status":"failed", "error":"'API quota is exhausted'"}
{"status":"failed", "error":"'API quota is exhausted'"}
{"status":"failed", "error":"'API quota is exhausted'"}
{"status":"failed", "error":"'API quota is exhausted'"}
{"status":"failed", "error":"'API quota is exhausted'"}
{"status":"failed", "error":"'API quota is exhausted'"}
{"status":"failed", "error":"'API quota is exhausted'"}
{"status":"failed", "error":"'API quota is exhausted'"}
{"status":"ok","lang":"zh_CN","server_time":1522068390,"tzshift":28800,"location":[51.780976,-0.046516],"unit":"metric","result":{"status":"ok","temperature":10.44,"skycon":"CLEAR_NIGHT","cloudrate":0.01,"aqi":10.0,"humidity":0.54,"pres":100921.79,"pm25":10.0,"precipitation":{"nearest":{"status":"ok","distance":10000.0,"intensity":0.0},"local":{"status":"ok","intensity":0.0,"datasource":"gfs"}},"wind":{"direction":277.51,"speed":10.78}}}
{"status":"ok","lang":"zh_CN","server_time":1522068390,"tzshift":28800,"location":[51.780976,-0.046516],"unit":"metric","result":{"status":"ok","temperature":10.44,"skycon":"CLEAR_NIGHT","cloudrate":0.01,"aqi":10.0,"humidity":0.54,"pres":100921.79,"pm25":10.0,"precipitation":{"nearest":{"status":"ok","distance":10000.0,"intensity":0.0},"local":{"status":"ok","intensity":0.0,"datasource":"gfs"}},"wind":{"direction":277.51,"speed":10.78}}}
{"status":"ok","lang":"zh_CN","server_time":1522070797,"tzshift":28800,"location":[51.780976,-0.046516],"unit":"metric","result":{"status":"ok","temperature":10.82,"skycon":"CLEAR_NIGHT","cloudrate":0.07,"aqi":10.0,"humidity":0.5,"pres":100489.32,"pm25":10.0,"precipitation":{"local":{"status":"ok","intensity":0.0,"datasource":"gfs"}},"wind":{"direction":269.17,"speed":12.52}}}
{"status":"ok","lang":"zh_CN","server_time":1522074398,"tzshift":28800,"location":[51.780976,-0.046516],"unit":"metric","result":{"status":"ok","temperature":11.27,"skycon":"CLEAR_NIGHT","cloudrate":0.18,"aqi":10.0,"humidity":0.52,"pres":100863.87,"pm25":10.0,"precipitation":{"local":{"status":"ok","intensity":0.0,"datasource":"gfs"}},"wind":{"direction":269.32,"speed":12.56}}}
{"status":"ok","lang":"zh_CN","server_time":1522077993,"tzshift":28800,"location":[51.780976,-0.046516],"unit":"metric","result":{"status":"ok","temperature":11.19,"skycon":"PARTLY_CLOUDY_NIGHT","cloudrate":0.27,"aqi":10,"humidity":0.54,"pres":100823.55,"pm25":10,"precipitation":{"nearest":{"status":"ok","distance":0.35,"intensity":0.25},"local":{"status":"ok","intensity":0.0,"datasource":"gfs"}},"wind":{"direction":267.39,"speed":12.29}}}
