{"status":"ok","lang":"zh_CN","server_time":1521995189,"tzshift":28800,"location":[51.780976,0.053485],"unit":"metric","result":{"status":"ok","temperature":10.27,"skycon":"RAIN","cloudrate":0.99,"aqi":10.0,"humidity":0.66,"pres":100360.77,"pm25":10.0,"precipitation":{"nearest":{"status":"ok","distance":231.58,"intensity":0.1875},"local":{"status":"ok","intensity":0.0321,"datasource":"gfs"}},"wind":{"direction":5.03,"speed":10.08}}}
{"status":"ok","lang":"zh_CN","server_time":1521996389,"tzshift":28800,"location":[51.780976,0.053485],"unit":"metric","result":{"status":"ok","temperature":10.27,"skycon":"RAIN","cloudrate":0.99,"aqi":10,"humidity":0.66,"pres":100360.77,"pm25":10,"precipitation":{"nearest":{"status":"ok","distance":10000.0,"intensity":0.0},"local":{"status":"ok","intensity":0.0321,"datasource":"gfs"}},"wind":{"direction":5.03,"speed":10.08}}}
{"status":"ok","lang":"zh_CN","server_time":1521998790,"tzshift":28800,"location":[51.780976,0.053485],"unit":"metric","result":{"status":"ok","temperature":9.39,"skycon":"RAIN","cloudrate":0.97,"aqi":10.0,"humidity":0.7,"pres":100389.8,"pm25":10.0,"precipitation":{"nearest":{"status":"ok","distance":172.25,"intensity":0.1875},"local":{"status":"ok","intensity":0.0463,"datasource":"gfs"}},"wind":{"direction":359.49,"speed":8.86}}}
{"status":"ok","lang":"zh_CN","server_time":1521999994,"tzshift":28800,"location":[51.780976,0.053485],"unit":"metric","result":{"status":"ok","temperature":9.39,"skycon":"RAIN","cloudrate":0.97,"aqi":10.0,"humidity":0.7,"pres":100389.8,"pm25":10.0,"precipitation":{"nearest":{"status":"ok","distance":354.45,"intensity":0.1875},"local":{"status":"ok","intensity":0.0463,"datasource":"gfs"}},"wind":{"direction":359.49,"speed":8.86}}}
{"status":"ok","lang":"zh_CN","server_time":1522002396,"tzshift":28800,"location":[51.780976,0.053485],"unit":"metric","result":{"status":"ok","temperature":8.44,"skycon":"RAIN","cloudrate":0.97,"aqi":10.0,"humidity":0.74,"pres":100429.04,"pm25":10.0,"precipitation":{"nearest":{"status":"ok","distance":10000.0,"intensity":0.0},"local":{"status":"ok","intensity":0.0438,"datasource":"gfs"}},"wind":{"direction":352.92,"speed":7.63}}}
{"status":"ok","lang":"zh_CN","server_time":1522003584,"tzshift":28800,"location":[51.780976,0.053485],"unit":"metric","result":{"status":"ok","temperature":8.44,"skycon":"RAIN","cloudrate":0.97,"aqi":10.0,"humidity":0.74,"pres":100429.04,"pm25":10.0,"precipitation":{"nearest":{"status":"ok","distance":22.17,"intensity":0.1875},"local":{"status":"ok","intensity":0.0438,"datasource":"gfs"}},"wind":{"direction":352.92,"speed":7.63}}}
{"status":"ok","lang":"zh_CN","server_time":1522005985,"tzshift":28800,"location":[51.780976,0.053485],"unit":"metric","result":{"status":"ok","temperature":7.54,"skycon":"CLOUDY","cloudrate":1.0,"aqi":10.0,"humidity":0.76,"pres":100481.31,"pm25":10.0,"precipitation":{"nearest":{"status":"ok","distance":10000.0,"intensity":0.0},"local":{"status":"ok","intensity":0.0174,"datasource":"gfs"}},"wind":{"direction":345.6,"speed":6.56}}}
{"status":"ok","lang":"zh_CN","server_time":1522007184,"tzshift":28800,"location":[51.780976,0.053485],"unit":"metric","result":{"status":"ok","temperature":7.54,"skycon":"CLOUDY","cloudrate":1.0,"aqi":10.0,"humidity":0.76,"pres":100481.31,"pm25":10.0,"precipitation":{"nearest":{"status":"ok","distance":252.56,"intensity":0.3125},"local":{"status":"ok","intensity":0.0174,"datasource":"gfs"}},"wind":{"direction":345.6,"speed":6.56}}}
{"status":"ok","lang":"zh_CN","server_time":1522009584,"tzshift":28800,"location":[51.780976,0.053485],"unit":"metric","result":{"status":"ok","temperature":6.71,"skycon":"CLOUDY","cloudrate":1.0,"aqi":10.0,"humidity":0.77,"pres":100540.67,"pm25":10.0,"precipitation":{"nearest":{"status":"ok","distance":130.7,"intensity":0.1875},"local":{"status":"ok","intensity":0.0,"datasource":"gfs"}},"wind":{"direction":338.34,"speed":5.99}}}
{"status":"ok","lang":"zh_CN","server_time":1522010784,"tzshift":28800,"location":[51.780976,0.053485],"unit":"metric","result":{"status":"ok","temperature":6.71,"skycon":"CLOUDY","cloudrate":1.0,"aqi":10,"humidity":0.77,"pres":100540.67,"pm25":10,"precipitation":{"nearest":{"status":"ok","distance":10000.0,"intensity":0.0},"local":{"status":"ok","intensity":0.0,"datasource":"gfs"}},"wind":{"direction":338.34,"speed":5.99}}}
{"status":"ok","lang":"zh_CN","server_time":1522013210,"tzshift":28800,"location":[51.780976,0.053485],"unit":"metric","result":{"status":"ok","temperature":5.94,"skycon":"CLOUDY","cloudrate":1.0,"aqi":10.0,"humidity":0.78,"pres":100598.98,"pm25":10.0,"precipitation":{"nearest":{"status":"ok","distance":10000.0,"intensity":0.0},"local":{"status":"ok","intensity":0.0,"datasource":"gfs"}},"wind":{"direction":333.71,"speed":6.24}}}
{"status":"ok","lang":"zh_CN","server_time":1522014387,"tzshift":28800,"location":[51.780976,0.053485],"unit":"metric","result":{"status":"ok","temperature":6.45,"skycon":"CLOUDY","cloudrate":1.0,"aqi":10.0,"humidity":0.77,"pres":100614.5,"pm25":10.0,"precipitation":{"nearest":{"status":"ok","distance":10000.0,"intensity":0.0},"local":{"status":"ok","intensity":0.0,"datasource":"gfs"}},"wind":{"direction":321.34,"speed":4.4}}}
{"status":"failed", "error":"'API quota is exhausted'"}
{"status":"failed", "error":"'API quota is exhausted'"}
{"status":"failed", "error":"'API quota is exhausted'"}
{"status":"failed", "error":"'API quota is exhausted'"}
{"status":"ok","lang":"zh_CN","server_time":1522024166,"tzshift":28800,"location":[51.780976,0.053485],"unit":"metric","result":{"status":"ok","temperature":4.27,"skycon":"PARTLY_CLOUDY_DAY","cloudrate":0.72,"aqi":10.0,"humidity":0.81,"pres":100708.94,"pm25":10.0,"precipitation":{"nearest":{"status":"ok","distance":163.48,"intensity":0.1875},"local":{"status":"ok","intensity":0.0,"datasource":"gfs"}},"wind":{"direction":330.32,"speed":9.48}}}
{"status":"failed", "error":"'API quota is exhausted'"}
{"status":"failed", "error":"'API quota is exhausted'"}
{"status":"ok","lang":"zh_CN","server_time":1522028790,"tzshift":28800,"location":[51.780976,0.053485],"unit":"metric","result":{"status":"ok","temperature":4.08,"skycon":"PARTLY_CLOUDY_DAY","cloudrate":0.67,"aqi":10.0,"humidity":0.81,"pres":100721.66,"pm25":10.0,"precipitation":{"nearest":{"status":"ok","distance":10000.0,"intensity":0.0},"local":{"status":"ok","intensity":0.0,"datasource":"gfs"}},"wind":{"direction":330.67,"speed":10.14}}}
{"status":"failed", "error":"'API quota is exhausted'"}
{"status":"failed", "error":"'API quota is exhausted'"}
{"status":"failed", "error":"'API quota is exhausted'"}
{"status":"failed", "error":"'API quota is exhausted'"}
{"status":"failed", "error":"'API quota is exhausted'"}
{"status":"failed", "error":"'API quota is exhausted'"}
{"status":"failed", "error":"'API quota is exhausted'"}
{"status":"failed", "error":"'API quota is exhausted'"}
{"status":"failed", "error":"'API quota is exhausted'"}
{"status":"failed", "error":"'API quota is exhausted'"}
{"status":"failed", "error":"'API quota is exhausted'"}
{"status":"failed", "error":"'API quota is exhausted'"}
{"status":"failed", "error":"'API quota is exhausted'"}
{"status":"failed", "error":"'API quota is exhausted'"}
{"status":"failed", "error":"'API quota is exhausted'"}
{"status":"failed", "error":"'API quota is exhausted'"}
{"status":"failed", "error":"'API quota is exhausted'"}
{"status":"failed", "error":"'API quota is exhausted'"}
{"status":"failed", "error":"'API quota is exhausted'"}
{"status":"failed", "error":"'API quota is exhausted'"}
{"status":"failed", "error":"'API quota is exhausted'"}
{"status":"ok","lang":"zh_CN","server_time":1522068390,"tzshift":28800,"location":[51.780976,0.053485],"unit":"metric","result":{"status":"ok","temperature":10.45,"skycon":"CLEAR_NIGHT","cloudrate":0.0,"aqi":10.0,"humidity":0.54,"pres":100934.17,"pm25":10.0,"precipitation":{"nearest":{"status":"ok","distance":131.79,"intensity":0.1875},"local":{"status":"ok","intensity":0.0,"datasource":"gfs"}},"wind":{"direction":280.38,"speed":10.79}}}
{"status":"ok","lang":"zh_CN","server_time":1522068390,"tzshift":28800,"location":[51.780976,0.053485],"unit":"metric","result":{"status":"ok","temperature":10.45,"skycon":"CLEAR_NIGHT","cloudrate":0.0,"aqi":10.0,"humidity":0.54,"pres":100934.17,"pm25":10.0,"precipitation":{"nearest":{"status":"ok","distance":131.79,"intensity":0.1875},"local":{"status":"ok","intensity":0.0,"datasource":"gfs"}},"wind":{"direction":280.38,"speed":10.79}}}
{"status":"ok","lang":"zh_CN","server_time":1522070797,"tzshift":28800,"location":[51.780976,0.053485],"unit":"metric","result":{"status":"ok","temperature":10.96,"skycon":"CLEAR_NIGHT","cloudrate":0.09,"aqi":10,"humidity":0.52,"pres":100911.64,"pm25":10,"precipitation":{"nearest":{"status":"ok","distance":376.23,"intensity":0.1875},"local":{"status":"ok","intensity":0.0,"datasource":"gfs"}},"wind":{"direction":274.97,"speed":11.75}}}
{"status":"ok","lang":"zh_CN","server_time":1522074399,"tzshift":28800,"location":[51.780976,0.053485],"unit":"metric","result":{"status":"ok","temperature":11.23,"skycon":"CLEAR_NIGHT","cloudrate":0.2,"aqi":10.0,"humidity":0.52,"pres":100878.26,"pm25":10.0,"precipitation":{"local":{"status":"ok","intensity":0.0,"datasource":"gfs"}},"wind":{"direction":271.72,"speed":12.29}}}
{"status":"ok","lang":"zh_CN","server_time":1522077993,"tzshift":28800,"location":[51.780976,0.053485],"unit":"metric","result":{"status":"ok","temperature":11.14,"skycon":"PARTLY_CLOUDY_NIGHT","cloudrate":0.3,"aqi":10.0,"humidity":0.54,"pres":100838.73,"pm25":10.0,"precipitation":{"local":{"status":"ok","intensity":0.0,"datasource":"gfs"}},"wind":{"direction":269.62,"speed":11.92}}}
