{"status":"ok","lang":"zh_CN","server_time":1521995191,"tzshift":28800,"location":[51.330976,-0.446521],"unit":"metric","result":{"status":"ok","temperature":11.26,"skycon":"PARTLY_CLOUDY_NIGHT","cloudrate":0.8,"aqi":10,"humidity":0.61,"pres":100356.62,"pm25":10,"precipitation":{"nearest":{"status":"ok","distance":10000.0,"intensity":0.0},"local":{"status":"ok","intensity":0.0,"datasource":"gfs"}},"wind":{"direction":5.88,"speed":10.62}}}
{"status":"ok","lang":"zh_CN","server_time":1521996391,"tzshift":28800,"location":[51.330976,-0.446521],"unit":"metric","result":{"status":"ok","temperature":11.26,"skycon":"PARTLY_CLOUDY_NIGHT","cloudrate":0.8,"aqi":10.0,"humidity":0.61,"pres":100356.62,"pm25":10.0,"precipitation":{"nearest":{"status":"ok","distance":10000.0,"intensity":0.0},"local":{"status":"ok","intensity":0.0,"datasource":"gfs"}},"wind":{"direction":5.88,"speed":10.62}}}
{"status":"ok","lang":"zh_CN","server_time":1521998792,"tzshift":28800,"location":[51.330976,-0.446521],"unit":"metric","result":{"status":"ok","temperature":10.43,"skycon":"CLOUDY","cloudrate":0.83,"aqi":10.0,"humidity":0.65,"pres":100388.93,"pm25":10.0,"precipitation":{"nearest":{"status":"ok","distance":140.03,"intensity":0.25},"local":{"status":"ok","intensity":0.007,"datasource":"gfs"}},"wind":{"direction":1.18,"speed":10.02}}}
{"status":"ok","lang":"zh_CN","server_time":1521999996,"tzshift":28800,"location":[51.330976,-0.446521],"unit":"metric","result":{"status":"ok","temperature":10.43,"skycon":"CLOUDY","cloudrate":0.83,"aqi":10,"humidity":0.65,"pres":100388.93,"pm25":10,"precipitation":{"nearest":{"status":"ok","distance":460.1,"intensity":0.1875},"local":{"status":"ok","intensity":0.007,"datasource":"gfs"}},"wind":{"direction":1.19,"speed":10.02}}}
{"status":"ok","lang":"zh_CN","server_time":1522002398,"tzshift":28800,"location":[51.330976,-0.446521],"unit":"metric","result":{"status":"ok","temperature":9.47,"skycon":"CLOUDY","cloudrate":0.87,"aqi":10.0,"humidity":0.7,"pres":100431.95,"pm25":10.0,"precipitation":{"nearest":{"status":"ok","distance":10000.0,"intensity":0.0},"local":{"status":"ok","intensity":0.0223,"datasource":"gfs"}},"wind":{"direction":355.07,"speed":9.17}}}
{"status":"ok","lang":"zh_CN","server_time":1522003586,"tzshift":28800,"location":[51.330976,-0.446521],"unit":"metric","result":{"status":"ok","temperature":9.47,"skycon":"CLOUDY","cloudrate":0.87,"aqi":10.0,"humidity":0.7,"pres":100431.95,"pm25":10.0,"precipitation":{"nearest":{"status":"ok","distance":10000.0,"intensity":0.0},"local":{"status":"ok","intensity":0.0223,"datasource":"gfs"}},"wind":{"direction":355.07,"speed":9.17}}}
{"status":"ok","lang":"zh_CN","server_time":1522005987,"tzshift":28800,"location":[51.330976,-0.446521],"unit":"metric","result":{"status":"ok","temperature":8.53,"skycon":"CLOUDY","cloudrate":0.91,"aqi":10,"humidity":0.73,"pres":100487.82,"pm25":10,"precipitation":{"nearest":{"status":"ok","distance":23.13,"intensity":0.1875},"local":{"status":"ok","intensity":0.0157,"datasource":"gfs"}},"wind":{"direction":346.85,"speed":8.13}}}
{"status":"ok","lang":"zh_CN","server_time":1522007186,"tzshift":28800,"location":[51.330976,-0.446521],"unit":"metric","result":{"status":"ok","temperature":8.69,"skycon":"CLOUDY","cloudrate":0.92,"aqi":10.0,"humidity":0.72,"pres":100557.5,"pm25":10.0,"precipitation":{"nearest":{"status":"ok","distance":330.92,"intensity":0.1875},"local":{"status":"ok","intensity":0.018,"datasource":"gfs"}},"wind":{"direction":346.35,"speed":8.25}}}
{"status":"ok","lang":"zh_CN","server_time":1522009586,"tzshift":28800,"location":[51.330976,-0.446521],"unit":"metric","result":{"status":"ok","temperature":7.64,"skycon":"CLOUDY","cloudrate":0.94,"aqi":10.0,"humidity":0.74,"pres":100550.51,"pm25":10.0,"precipitation":{"nearest":{"status":"ok","distance":10000.0,"intensity":0.0},"local":{"status":"ok","intensity":0.0,"datasource":"gfs"}},"wind":{"direction":337.72,"speed":7.35}}}
{"status":"ok","lang":"zh_CN","server_time":1522010786,"tzshift":28800,"location":[51.330976,-0.446521],"unit":"metric","result":{"status":"ok","temperature":7.78,"skycon":"CLOUDY","cloudrate":0.96,"aqi":10.0,"humidity":0.74,"pres":100620.55,"pm25":10.0,"precipitation":{"nearest":{"status":"ok","distance":10000.0,"intensity":0.0},"local":{"status":"ok","intensity":0.0,"datasource":"gfs"}},"wind":{"direction":337.14,"speed":7.47}}}
{"status":"ok","lang":"zh_CN","server_time":1522013212,"tzshift":28800,"location":[51.330976,-0.446521],"unit":"metric","result":{"status":"ok","temperature":6.91,"skycon":"CLOUDY","cloudrate":0.94,"aqi":10,"humidity":0.75,"pres":100682.3,"pm25":10,"precipitation":{"nearest":{"status":"ok","distance":10000.0,"intensity":0.0},"local":{"status":"ok","intensity":0.0,"datasource":"gfs"}},"wind":{"direction":331.38,"speed":7.26}}}
{"status":"ok","lang":"zh_CN","server_time":1522014389,"tzshift":28800,"location":[51.330976,-0.446521],"unit":"metric","result":{"status":"ok","temperature":7.54,"skycon":"RAIN","cloudrate":1.0,"aqi":10.0,"humidity":0.77,"pres":100628.78,"pm25":10.0,"precipitation":{"nearest":{"status":"ok","distance":10000.0,"intensity":0.0},"local":{"status":"ok","intensity":0.0512,"datasource":"gfs"}},"wind":{"direction":320.37,"speed":5.92}}}
{"status":"failed", "error":"'API quota is exhausted'"}
{"status":"failed", "error":"'API quota is exhausted'"}
{"status":"failed", "error":"'API quota is exhausted'"}
{"status":"ok","lang":"zh_CN","server_time":1522021589,"tzshift":28800,"location":[51.330976,-0.446521],"unit":"metric","result":{"status":"ok","temperature":5.77,"skycon":"RAIN","cloudrate":0.78,"aqi":10,"humidity":0.8,"pres":100704.85,"pm25":10,"precipitation":{"nearest":{"status":"ok","distance":37.76,"intensity":0.1875},"local":{"status":"ok","intensity":0.036,"datasource":"gfs"}},"wind":{"direction":321.83,"speed":7.22}}}
{"status":"failed", "error":"'API quota is exhausted'"}
{"status":"failed", "error":"'API quota is exhausted'"}
{"status":"failed", "error":"'API quota is exhausted'"}
{"status":"failed", "error":"'API quota is exhausted'"}
{"status":"failed", "error":"'API quota is exhausted'"}
{"status":"failed", "error":"'API quota is exhausted'"}
{"status":"failed", "error":"'API quota is exhausted'"}
{"status":"failed", "error":"'API quota is exhausted'"}
{"status":"failed", "error":"'API quota is exhausted'"}
{"status":"ok","lang":"zh_CN","server_time":1522039592,"tzshift":28800,"location":[51.330976,-0.446521],"unit":"metric","result":{"status":"ok","temperature":3.63,"skycon":"CLEAR_DAY","cloudrate":0.07,"aqi":10.0,"humidity":0.8,"pres":100894.78,"pm25":10.0,"precipitation":{"nearest":{"status":"ok","distance":62.66,"intensity":0.1875},"local":{"status":"ok","intensity":0.0,"datasource":"gfs"}},"wind":{"direction":338.19,"speed":7.63}}}
{"status":"ok","lang":"zh_CN","server_time":1522041990,"tzshift":28800,"location":[51.330976,-0.446521],"unit":"metric","result":{"status":"ok","temperature":2.88,"skycon":"CLEAR_DAY","cloudrate":0.07,"aqi":10.0,"humidity":0.82,"pres":100850.35,"pm25":10.0,"precipitation":{"nearest":{"status":"ok","distance":10000.0,"intensity":0.0},"local":{"status":"ok","intensity":0.0,"datasource":"gfs"}},"wind":{"direction":335.94,"speed":7.63}}}
{"status":"failed", "error":"'API quota is exhausted'"}
{"status":"failed", "error":"'API quota is exhausted'"}
{"status":"failed", "error":"'API quota is exhausted'"}
{"status":"failed", "error":"'API quota is exhausted'"}
{"status":"ok","lang":"zh_CN","server_time":1522050390,"tzshift":28800,"location":[51.330976,-0.446521],"unit":"metric","result":{"status":"ok","temperature":3.89,"skycon":"CLEAR_DAY","cloudrate":0.06,"aqi":10.0,"humidity":0.78,"pres":100969.57,"pm25":10.0,"precipitation":{"nearest":{"status":"ok","distance":25.11,"intensity":0.1875},"local":{"status":"ok","intensity":0.0,"datasource":"gfs"}},"wind":{"direction":335.48,"speed":7.67}}}
{"status":"failed", "error":"'API quota is exhausted'"}
{"status":"failed", "error":"'API quota is exhausted'"}
{"status":"failed", "error":"'API quota is exhausted'"}
{"status":"failed", "error":"'API quota is exhausted'"}
{"status":"failed", "error":"'API quota is exhausted'"}
{"status":"failed", "error":"'API quota is exhausted'"}
{"status":"failed", "error":"'API quota is exhausted'"}
{"status":"ok","lang":"zh_CN","server_time":1522064823,"tzshift":28800,"location":[51.330976,-0.446521],"unit":"metric","result":{"status":"ok","temperature":10.07,"skycon":"CLEAR_NIGHT","cloudrate":0.0,"aqi":10.0,"humidity":0.51,"pres":100973.87,"pm25":10.0,"precipitation":{"nearest":{"status":"ok","distance":154.77,"intensity":0.3125},"local":{"status":"ok","intensity":0.0,"datasource":"gfs"}},"wind":{"direction":301.99,"speed":7.01}}}
{"status":"failed", "error":"'API quota is exhausted'"}
{"status":"ok","lang":"zh_CN","server_time":1522068392,"tzshift":28800,"location":[51.330976,-0.446521],"unit":"metric","result":{"status":"ok","temperature":10.83,"skycon":"CLEAR_NIGHT","cloudrate":0.0,"aqi":10,"humidity":0.47,"pres":100966.98,"pm25":10,"precipitation":{"local":{"status":"ok","intensity":0.0,"datasource":"gfs"}},"wind":{"direction":286.41,"speed":8.28}}}
{"status":"ok","lang":"zh_CN","server_time":1522068392,"tzshift":28800,"location":[51.330976,-0.446521],"unit":"metric","result":{"status":"ok","temperature":10.83,"skycon":"CLEAR_NIGHT","cloudrate":0.0,"aqi":10,"humidity":0.47,"pres":100966.98,"pm25":10,"precipitation":{"local":{"status":"ok","intensity":0.0,"datasource":"gfs"}},"wind":{"direction":286.41,"speed":8.28}}}
{"status":"ok","lang":"zh_CN","server_time":1522070799,"tzshift":28800,"location":[51.330976,-0.446521],"unit":"metric","result":{"status":"ok","temperature":11.28,"skycon":"CLEAR_NIGHT","cloudrate":0.15,"aqi":10.0,"humidity":0.45,"pres":100946.01,"pm25":10.0,"precipitation":{"nearest":{"status":"ok","distance":275.99,"intensity":0.1875},"local":{"status":"ok","intensity":0.0,"datasource":"gfs"}},"wind":{"direction":276.81,"speed":9.64}}}
{"status":"ok","lang":"zh_CN","server_time":1522074401,"tzshift":28800,"location":[51.330976,-0.446521],"unit":"metric","result":{"status":"ok","temperature":11.38,"skycon":"PARTLY_CLOUDY_NIGHT","cloudrate":0.34,"aqi":10.0,"humidity":0.46,"pres":100914.07,"pm25":10.0,"precipitation":{"local":{"status":"ok","intensity":0.0,"datasource":"gfs"}},"wind":{"direction":269.7,"speed":10.47}}}
{"status":"ok","lang":"zh_CN","server_time":1522077995,"tzshift":28800,"location":[51.330976,-0.446521],"unit":"metric","result":{"status":"ok","temperature":11.1,"skycon":"PARTLY_CLOUDY_NIGHT","cloudrate":0.5,"aqi":10.0,"humidity":0.5,"pres":100875.42,"pm25":10.0,"precipitation":{"local":{"status":"ok","intensity":0.0,"datasource":"gfs"}},"wind":{"direction":261.55,"speed":10.43}}}
