{"status":"ok","lang":"zh_CN","server_time":1521995195,"tzshift":28800,"location":[51.430976,-0.546521],"unit":"metric","result":{"status":"ok","temperature":11.42,"skycon":"CLOUDY","cloudrate":0.84,"aqi":10.0,"humidity":0.59,"pres":100567.58,"pm25":10.0,"precipitation":{"nearest":{"status":"ok","distance":288.84,"intensity":0.1875},"local":{"status":"ok","intensity":0.0,"datasource":"gfs"}},"wind":{"direction":0.61,"speed":10.46}}}
{"status":"ok","lang":"zh_CN","server_time":1521996395,"tzshift":28800,"location":[51.430976,-0.546521],"unit":"metric","result":{"status":"ok","temperature":11.42,"skycon":"CLOUDY","cloudrate":0.84,"aqi":10.0,"humidity":0.59,"pres":100567.58,"pm25":10.0,"precipitation":{"nearest":{"status":"ok","distance":10000.0,"intensity":0.0},"local":{"status":"ok","intensity":0.0,"datasource":"gfs"}},"wind":{"direction":0.61,"speed":10.46}}}
{"status":"ok","lang":"zh_CN","server_time":1521998796,"tzshift":28800,"location":[51.430976,-0.546521],"unit":"metric","result":{"status":"ok","temperature":10.66,"skycon":"CLOUDY","cloudrate":0.85,"aqi":10.0,"humidity":0.63,"pres":100599.67,"pm25":10.0,"precipitation":{"nearest":{"status":"ok","distance":10000.0,"intensity":0.0},"local":{"status":"ok","intensity":0.0241,"datasource":"gfs"}},"wind":{"direction":356.75,"speed":9.97}}}
{"status":"ok","lang":"zh_CN","server_time":1522000016,"tzshift":28800,"location":[51.430976,-0.546521],"unit":"metric","result":{"status":"ok","temperature":10.66,"skycon":"CLOUDY","cloudrate":0.85,"aqi":10.0,"humidity":0.63,"pres":100599.67,"pm25":10.0,"precipitation":{"nearest":{"status":"ok","distance":393.31,"intensity":0.1875},"local":{"status":"ok","intensity":0.0241,"datasource":"gfs"}},"wind":{"direction":356.75,"speed":9.97}}}
{"status":"ok","lang":"zh_CN","server_time":1522002401,"tzshift":28800,"location":[51.430976,-0.546521],"unit":"metric","result":{"status":"ok","temperature":9.74,"skycon":"CLOUDY","cloudrate":0.84,"aqi":10.0,"humidity":0.67,"pres":100642.41,"pm25":10.0,"precipitation":{"nearest":{"status":"ok","distance":10000.0,"intensity":0.0},"local":{"status":"ok","intensity":0.0301,"datasource":"gfs"}},"wind":{"direction":351.04,"speed":9.19}}}
{"status":"ok","lang":"zh_CN","server_time":1522003590,"tzshift":28800,"location":[51.430976,-0.546521],"unit":"metric","result":{"status":"ok","temperature":9.74,"skycon":"CLOUDY","cloudrate":0.84,"aqi":10.0,"humidity":0.67,"pres":100642.41,"pm25":10.0,"precipitation":{"nearest":{"status":"ok","distance":364.23,"intensity":0.25},"local":{"status":"ok","intensity":0.0301,"datasource":"gfs"}},"wind":{"direction":351.04,"speed":9.19}}}
{"status":"ok","lang":"zh_CN","server_time":1522005990,"tzshift":28800,"location":[51.430976,-0.546521],"unit":"metric","result":{"status":"ok","temperature":8.79,"skycon":"CLOUDY","cloudrate":0.83,"aqi":10.0,"humidity":0.7,"pres":100698.24,"pm25":10.0,"precipitation":{"nearest":{"status":"ok","distance":39.94,"intensity":0.1875},"local":{"status":"ok","intensity":0.0097,"datasource":"gfs"}},"wind":{"direction":341.79,"speed":8.28}}}
{"status":"ok","lang":"zh_CN","server_time":1522007189,"tzshift":28800,"location":[51.430976,-0.546521],"unit":"metric","result":{"status":"ok","temperature":8.79,"skycon":"CLOUDY","cloudrate":0.83,"aqi":10.0,"humidity":0.7,"pres":100698.24,"pm25":10.0,"precipitation":{"nearest":{"status":"ok","distance":151.79,"intensity":0.1875},"local":{"status":"ok","intensity":0.0097,"datasource":"gfs"}},"wind":{"direction":341.79,"speed":8.28}}}
{"status":"ok","lang":"zh_CN","server_time":1522009589,"tzshift":28800,"location":[51.430976,-0.546521],"unit":"metric","result":{"status":"ok","temperature":7.85,"skycon":"CLOUDY","cloudrate":0.82,"aqi":10.0,"humidity":0.71,"pres":100761.09,"pm25":10.0,"precipitation":{"nearest":{"status":"ok","distance":174.08,"intensity":0.1875},"local":{"status":"ok","intensity":0.0,"datasource":"gfs"}},"wind":{"direction":331.47,"speed":7.68}}}
{"status":"ok","lang":"zh_CN","server_time":1522010789,"tzshift":28800,"location":[51.430976,-0.546521],"unit":"metric","result":{"status":"ok","temperature":7.85,"skycon":"CLOUDY","cloudrate":0.82,"aqi":10.0,"humidity":0.71,"pres":100761.09,"pm25":10.0,"precipitation":{"nearest":{"status":"ok","distance":10000.0,"intensity":0.0},"local":{"status":"ok","intensity":0.0,"datasource":"gfs"}},"wind":{"direction":331.47,"speed":7.68}}}
{"status":"failed", "error":"'API quota is exhausted'"}
{"status":"failed", "error":"'API quota is exhausted'"}
{"status":"ok","lang":"zh_CN","server_time":1522016792,"tzshift":28800,"location":[51.430976,-0.546521],"unit":"metric","result":{"status":"ok","temperature":6.7,"skycon":"CLOUDY","cloudrate":0.91,"aqi":10.0,"humidity":0.76,"pres":100883.1,"pm25":10.0,"precipitation":{"nearest":{"status":"ok","distance":10000.0,"intensity":0.0},"local":{"status":"ok","intensity":0.0,"datasource":"gfs"}},"wind":{"direction":310.94,"speed":6.6}}}
{"status":"failed", "error":"'API quota is exhausted'"}
{"status":"ok","lang":"zh_CN","server_time":1522020392,"tzshift":28800,"location":[51.430976,-0.546521],"unit":"metric","result":{"status":"ok","temperature":6.0,"skycon":"PARTLY_CLOUDY_DAY","cloudrate":0.75,"aqi":10.0,"humidity":0.77,"pres":100914.3,"pm25":10.0,"precipitation":{"nearest":{"status":"ok","distance":25.79,"intensity":0.1875},"local":{"status":"ok","intensity":0.0,"datasource":"gfs"}},"wind":{"direction":321.19,"speed":7.06}}}
{"status":"failed", "error":"'API quota is exhausted'"}
{"status":"failed", "error":"'API quota is exhausted'"}
{"status":"ok","lang":"zh_CN","server_time":1522025192,"tzshift":28800,"location":[51.430976,-0.546521],"unit":"metric","result":{"status":"ok","temperature":5.43,"skycon":"PARTLY_CLOUDY_DAY","cloudrate":0.54,"aqi":10.0,"humidity":0.77,"pres":100934.82,"pm25":10.0,"precipitation":{"nearest":{"status":"ok","distance":1.91,"intensity":0.1875},"local":{"status":"ok","intensity":0.0,"datasource":"gfs"}},"wind":{"direction":330.42,"speed":7.65}}}
{"status":"failed", "error":"'API quota is exhausted'"}
{"status":"failed", "error":"'API quota is exhausted'"}
{"status":"failed", "error":"'API quota is exhausted'"}
{"status":"failed", "error":"'API quota is exhausted'"}
{"status":"ok","lang":"zh_CN","server_time":1522035078,"tzshift":28800,"location":[51.430976,-0.546521],"unit":"metric","result":{"status":"ok","temperature":4.19,"skycon":"CLEAR_DAY","cloudrate":0.03,"aqi":10,"humidity":0.77,"pres":100982.16,"pm25":10,"precipitation":{"nearest":{"status":"ok","distance":10000.0,"intensity":0.0},"local":{"status":"ok","intensity":0.0,"datasource":"gfs"}},"wind":{"direction":331.35,"speed":7.63}}}
{"status":"failed", "error":"'API quota is exhausted'"}
{"status":"failed", "error":"'API quota is exhausted'"}
{"status":"failed", "error":"'API quota is exhausted'"}
{"status":"failed", "error":"'API quota is exhausted'"}
{"status":"ok","lang":"zh_CN","server_time":1522043199,"tzshift":28800,"location":[51.430976,-0.546521],"unit":"metric","result":{"status":"ok","temperature":3.28,"skycon":"CLEAR_DAY","cloudrate":0.15,"aqi":10.0,"humidity":0.79,"pres":101061.99,"pm25":10.0,"precipitation":{"nearest":{"status":"ok","distance":74.54,"intensity":0.1875},"local":{"status":"ok","intensity":0.0,"datasource":"gfs"}},"wind":{"direction":333.71,"speed":7.76}}}
{"status":"failed", "error":"'API quota is exhausted'"}
{"status":"failed", "error":"'API quota is exhausted'"}
{"status":"failed", "error":"'API quota is exhausted'"}
{"status":"failed", "error":"'API quota is exhausted'"}
{"status":"failed", "error":"'API quota is exhausted'"}
{"status":"failed", "error":"'API quota is exhausted'"}
{"status":"failed", "error":"'API quota is exhausted'"}
{"status":"failed", "error":"'API quota is exhausted'"}
{"status":"failed", "error":"'API quota is exhausted'"}
{"status":"failed", "error":"'API quota is exhausted'"}
{"status":"failed", "error":"'API quota is exhausted'"}
{"status":"failed", "error":"'API quota is exhausted'"}
{"status":"failed", "error":"'API quota is exhausted'"}
{"status":"ok","lang":"zh_CN","server_time":1522068395,"tzshift":28800,"location":[51.430976,-0.546521],"unit":"metric","result":{"status":"ok","temperature":11.08,"skycon":"CLEAR_NIGHT","cloudrate":0.0,"aqi":10.0,"humidity":0.45,"pres":101168.16,"pm25":10.0,"precipitation":{"local":{"status":"ok","intensity":0.0,"datasource":"gfs"}},"wind":{"direction":278.19,"speed":8.18}}}
{"status":"ok","lang":"zh_CN","server_time":1522068395,"tzshift":28800,"location":[51.430976,-0.546521],"unit":"metric","result":{"status":"ok","temperature":11.08,"skycon":"CLEAR_NIGHT","cloudrate":0.0,"aqi":10.0,"humidity":0.45,"pres":101168.16,"pm25":10.0,"precipitation":{"local":{"status":"ok","intensity":0.0,"datasource":"gfs"}},"wind":{"direction":278.19,"speed":8.18}}}
{"status":"ok","lang":"zh_CN","server_time":1522070803,"tzshift":28800,"location":[51.430976,-0.546521],"unit":"metric","result":{"status":"ok","temperature":11.58,"skycon":"CLEAR_NIGHT","cloudrate":0.11,"aqi":10.0,"humidity":0.44,"pres":101145.03,"pm25":10.0,"precipitation":{"local":{"status":"ok","intensity":0.0,"datasource":"gfs"}},"wind":{"direction":271.06,"speed":9.65}}}
{"status":"ok","lang":"zh_CN","server_time":1522074406,"tzshift":28800,"location":[51.430976,-0.546521],"unit":"metric","result":{"status":"ok","temperature":11.73,"skycon":"PARTLY_CLOUDY_NIGHT","cloudrate":0.24,"aqi":10.0,"humidity":0.45,"pres":101110.7,"pm25":10.0,"precipitation":{"nearest":{"status":"ok","distance":1082.6,"intensity":0.1875},"local":{"status":"ok","intensity":0.0,"datasource":"gfs"}},"wind":{"direction":265.95,"speed":10.58}}}
{"status":"ok","lang":"zh_CN","server_time":1522077999,"tzshift":28800,"location":[51.430976,-0.546521],"unit":"metric","result":{"status":"ok","temperature":11.52,"skycon":"PARTLY_CLOUDY_NIGHT","cloudrate":0.35,"aqi":10,"humidity":0.47,"pres":101069.49,"pm25":10,"precipitation":{"nearest":{"status":"ok","distance":10000.0,"intensity":0.0},"local":{"status":"ok","intensity":0.0,"datasource":"gfs"}},"wind":{"direction":259.81,"speed":10.59}}}
