{"status":"ok","lang":"zh_CN","server_time":1521995194,"tzshift":28800,"location":[51.330976,0.153479],"unit":"metric","result":{"status":"ok","temperature":10.64,"skycon":"CLOUDY","cloudrate":0.86,"aqi":10.0,"humidity":0.62,"pres":100211.18,"pm25":10.0,"precipitation":{"nearest":{"status":"ok","distance":203.67,"intensity":0.1875},"local":{"status":"ok","intensity":0.0,"datasource":"gfs"}},"wind":{"direction":20.15,"speed":10.26}}}
{"status":"ok","lang":"zh_CN","server_time":1521996394,"tzshift":28800,"location":[51.330976,0.153479],"unit":"metric","result":{"status":"ok","temperature":10.64,"skycon":"CLOUDY","cloudrate":0.86,"aqi":10.0,"humidity":0.62,"pres":100211.18,"pm25":10.0,"precipitation":{"nearest":{"status":"ok","distance":10000.0,"intensity":0.0},"local":{"status":"ok","intensity":0.0,"datasource":"gfs"}},"wind":{"direction":20.15,"speed":10.26}}}
{"status":"ok","lang":"zh_CN","server_time":1521998795,"tzshift":28800,"location":[51.330976,0.153479],"unit":"metric","result":{"status":"ok","temperature":9.95,"skycon":"CLOUDY","cloudrate":0.88,"aqi":10.0,"humidity":0.66,"pres":100239.08,"pm25":10.0,"precipitation":{"nearest":{"status":"ok","distance":158.28,"intensity":0.1875},"local":{"status":"ok","intensity":0.0,"datasource":"gfs"}},"wind":{"direction":18.04,"speed":8.92}}}
{"status":"ok","lang":"zh_CN","server_time":1522000000,"tzshift":28800,"location":[51.330976,0.153479],"unit":"metric","result":{"status":"ok","temperature":9.95,"skycon":"CLOUDY","cloudrate":0.88,"aqi":10,"humidity":0.66,"pres":100239.08,"pm25":10,"precipitation":{"nearest":{"status":"ok","distance":369.98,"intensity":0.1875},"local":{"status":"ok","intensity":0.0,"datasource":"gfs"}},"wind":{"direction":18.04,"speed":8.92}}}
{"status":"ok","lang":"zh_CN","server_time":1522002400,"tzshift":28800,"location":[51.330976,0.153479],"unit":"metric","result":{"status":"ok","temperature":9.2,"skycon":"CLOUDY","cloudrate":0.92,"aqi":10.0,"humidity":0.7,"pres":100278.52,"pm25":10.0,"precipitation":{"nearest":{"status":"ok","distance":142.64,"intensity":0.1875},"local":{"status":"ok","intensity":0.0,"datasource":"gfs"}},"wind":{"direction":16.86,"speed":7.28}}}
{"status":"ok","lang":"zh_CN","server_time":1522003589,"tzshift":28800,"location":[51.330976,0.153479],"unit":"metric","result":{"status":"ok","temperature":9.2,"skycon":"CLOUDY","cloudrate":0.92,"aqi":10.0,"humidity":0.7,"pres":100278.52,"pm25":10.0,"precipitation":{"nearest":{"status":"ok","distance":10000.0,"intensity":0.0},"local":{"status":"ok","intensity":0.0,"datasource":"gfs"}},"wind":{"direction":16.86,"speed":7.28}}}
{"status":"ok","lang":"zh_CN","server_time":1522005989,"tzshift":28800,"location":[51.330976,0.153479],"unit":"metric","result":{"status":"ok","temperature":8.59,"skycon":"CLOUDY","cloudrate":0.96,"aqi":10.0,"humidity":0.73,"pres":100332.99,"pm25":10.0,"precipitation":{"nearest":{"status":"ok","distance":102.29,"intensity":0.1875},"local":{"status":"ok","intensity":0.0,"datasource":"gfs"}},"wind":{"direction":19.63,"speed":5.46}}}
{"status":"ok","lang":"zh_CN","server_time":1522007188,"tzshift":28800,"location":[51.330976,0.153479],"unit":"metric","result":{"status":"ok","temperature":8.59,"skycon":"CLOUDY","cloudrate":0.96,"aqi":10,"humidity":0.73,"pres":100332.99,"pm25":10,"precipitation":{"nearest":{"status":"ok","distance":276.04,"intensity":0.1875},"local":{"status":"ok","intensity":0.0,"datasource":"gfs"}},"wind":{"direction":19.63,"speed":5.46}}}
{"status":"ok","lang":"zh_CN","server_time":1522009588,"tzshift":28800,"location":[51.330976,0.153479],"unit":"metric","result":{"status":"ok","temperature":8.07,"skycon":"RAIN","cloudrate":0.99,"aqi":10.0,"humidity":0.75,"pres":100395.17,"pm25":10.0,"precipitation":{"nearest":{"status":"ok","distance":74.17,"intensity":0.1875},"local":{"status":"ok","intensity":0.0319,"datasource":"gfs"}},"wind":{"direction":24.51,"speed":3.8}}}
{"status":"ok","lang":"zh_CN","server_time":1522010788,"tzshift":28800,"location":[51.330976,0.153479],"unit":"metric","result":{"status":"ok","temperature":8.07,"skycon":"RAIN","cloudrate":0.99,"aqi":10.0,"humidity":0.75,"pres":100395.17,"pm25":10.0,"precipitation":{"nearest":{"status":"ok","distance":10000.0,"intensity":0.0},"local":{"status":"ok","intensity":0.0319,"datasource":"gfs"}},"wind":{"direction":24.51,"speed":3.8}}}
{"status":"ok","lang":"zh_CN","server_time":1522013215,"tzshift":28800,"location":[51.330976,0.153479],"unit":"metric","result":{"status":"ok","temperature":7.51,"skycon":"RAIN","cloudrate":0.99,"aqi":10.0,"humidity":0.77,"pres":100455.12,"pm25":10.0,"precipitation":{"nearest":{"status":"ok","distance":10000.0,"intensity":0.0},"local":{"status":"ok","intensity":0.0506,"datasource":"gfs"}},"wind":{"direction":18.75,"speed":2.61}}}
{"status":"ok","lang":"zh_CN","server_time":1522014391,"tzshift":28800,"location":[51.330976,0.153479],"unit":"metric","result":{"status":"ok","temperature":8.09,"skycon":"RAIN","cloudrate":1.0,"aqi":10.0,"humidity":0.78,"pres":100475.54,"pm25":10.0,"precipitation":{"nearest":{"status":"ok","distance":10000.0,"intensity":0.0},"local":{"status":"ok","intensity":0.097,"datasource":"gfs"}},"wind":{"direction":341.46,"speed":1.45}}}
{"status":"failed", "error":"'API quota is exhausted'"}
{"status":"ok","lang":"zh_CN","server_time":1522017991,"tzshift":28800,"location":[51.330976,0.153479],"unit":"metric","result":{"status":"ok","temperature":7.59,"skycon":"RAIN","cloudrate":1.0,"aqi":10.0,"humidity":0.79,"pres":100517.49,"pm25":10.0,"precipitation":{"nearest":{"status":"ok","distance":219.39,"intensity":0.25},"local":{"status":"ok","intensity":0.1023,"datasource":"gfs"}},"wind":{"direction":306.05,"speed":2.26}}}
{"status":"failed", "error":"'API quota is exhausted'"}
{"status":"failed", "error":"'API quota is exhausted'"}
{"status":"failed", "error":"'API quota is exhausted'"}
{"status":"ok","lang":"zh_CN","server_time":1522025191,"tzshift":28800,"location":[51.330976,0.153479],"unit":"metric","result":{"status":"ok","temperature":6.31,"skycon":"RAIN","cloudrate":0.85,"aqi":10.0,"humidity":0.79,"pres":100556.79,"pm25":10.0,"precipitation":{"nearest":{"status":"ok","distance":10000.0,"intensity":0.0},"local":{"status":"ok","intensity":0.0727,"datasource":"gfs"}},"wind":{"direction":311.19,"speed":5.64}}}
{"status":"failed", "error":"'API quota is exhausted'"}
{"status":"ok","lang":"zh_CN","server_time":1522028794,"tzshift":28800,"location":[51.330976,0.153479],"unit":"metric","result":{"status":"ok","temperature":5.69,"skycon":"RAIN","cloudrate":0.58,"aqi":10.0,"humidity":0.79,"pres":100568.64,"pm25":10.0,"precipitation":{"nearest":{"status":"ok","distance":229.15,"intensity":0.1875},"local":{"status":"ok","intensity":0.0326,"datasource":"gfs"}},"wind":{"direction":318.32,"speed":6.92}}}
{"status":"failed", "error":"'API quota is exhausted'"}
{"status":"ok","lang":"zh_CN","server_time":1522032393,"tzshift":28800,"location":[51.330976,0.153479],"unit":"metric","result":{"status":"ok","temperature":5.06,"skycon":"PARTLY_CLOUDY_DAY","cloudrate":0.26,"aqi":10.0,"humidity":0.79,"pres":100582.43,"pm25":10.0,"precipitation":{"nearest":{"status":"ok","distance":173.91,"intensity":0.25},"local":{"status":"ok","intensity":0.0,"datasource":"gfs"}},"wind":{"direction":324.61,"speed":7.77}}}
{"status":"failed", "error":"'API quota is exhausted'"}
{"status":"failed", "error":"'API quota is exhausted'"}
{"status":"failed", "error":"'API quota is exhausted'"}
{"status":"failed", "error":"'API quota is exhausted'"}
{"status":"failed", "error":"'API quota is exhausted'"}
{"status":"failed", "error":"'API quota is exhausted'"}
{"status":"failed", "error":"'API quota is exhausted'"}
{"status":"failed", "error":"'API quota is exhausted'"}
{"status":"failed", "error":"'API quota is exhausted'"}
{"status":"failed", "error":"'API quota is exhausted'"}
{"status":"failed", "error":"'API quota is exhausted'"}
{"status":"failed", "error":"'API quota is exhausted'"}
{"status":"failed", "error":"'API quota is exhausted'"}
{"status":"failed", "error":"'API quota is exhausted'"}
{"status":"failed", "error":"'API quota is exhausted'"}
{"status":"failed", "error":"'API quota is exhausted'"}
{"status":"failed", "error":"'API quota is exhausted'"}
{"status":"failed", "error":"'API quota is exhausted'"}
{"status":"failed", "error":"'API quota is exhausted'"}
{"status":"ok","lang":"zh_CN","server_time":1522068395,"tzshift":28800,"location":[51.330976,0.153479],"unit":"metric","result":{"status":"ok","temperature":10.9,"skycon":"CLEAR_NIGHT","cloudrate":0.0,"aqi":10.0,"humidity":0.45,"pres":100813.61,"pm25":10.0,"precipitation":{"nearest":{"status":"ok","distance":10000.0,"intensity":0.0},"local":{"status":"ok","intensity":0.0,"datasource":"gfs"}},"wind":{"direction":300.48,"speed":8.76}}}
{"status":"ok","lang":"zh_CN","server_time":1522068395,"tzshift":28800,"location":[51.330976,0.153479],"unit":"metric","result":{"status":"ok","temperature":10.9,"skycon":"CLEAR_NIGHT","cloudrate":0.0,"aqi":10.0,"humidity":0.45,"pres":100813.61,"pm25":10.0,"precipitation":{"nearest":{"status":"ok","distance":10000.0,"intensity":0.0},"local":{"status":"ok","intensity":0.0,"datasource":"gfs"}},"wind":{"direction":300.48,"speed":8.76}}}
{"status":"ok","lang":"zh_CN","server_time":1522070802,"tzshift":28800,"location":[51.330976,0.153479],"unit":"metric","result":{"status":"ok","temperature":11.35,"skycon":"CLEAR_NIGHT","cloudrate":0.09,"aqi":10.0,"humidity":0.43,"pres":100793.4,"pm25":10.0,"precipitation":{"nearest":{"status":"ok","distance":993.64,"intensity":0.1875},"local":{"status":"ok","intensity":0.0,"datasource":"gfs"}},"wind":{"direction":289.28,"speed":9.26}}}
{"status":"ok","lang":"zh_CN","server_time":1522074405,"tzshift":28800,"location":[51.330976,0.153479],"unit":"metric","result":{"status":"ok","temperature":11.48,"skycon":"PARTLY_CLOUDY_NIGHT","cloudrate":0.21,"aqi":10.0,"humidity":0.44,"pres":100762.2,"pm25":10.0,"precipitation":{"nearest":{"status":"ok","distance":141.9,"intensity":0.1875},"local":{"status":"ok","intensity":0.0,"datasource":"gfs"}},"wind":{"direction":279.03,"speed":9.6}}}
{"status":"ok","lang":"zh_CN","server_time":1522077998,"tzshift":28800,"location":[51.330976,0.153479],"unit":"metric","result":{"status":"ok","temperature":11.26,"skycon":"PARTLY_CLOUDY_NIGHT","cloudrate":0.33,"aqi":10,"humidity":0.46,"pres":100725.61,"pm25":10,"precipitation":{"nearest":{"status":"ok","distance":348.74,"intensity":0.25},"local":{"status":"ok","intensity":0.0,"datasource":"gfs"}},"wind":{"direction":269.08,"speed":9.6}}}
