{"status":"ok","lang":"zh_CN","server_time":1521995193,"tzshift":28800,"location":[51.330976,-0.046521],"unit":"metric","result":{"status":"ok","temperature":10.93,"skycon":"CLOUDY","cloudrate":0.83,"aqi":10,"humidity":0.6,"pres":100120.22,"pm25":10,"precipitation":{"nearest":{"status":"ok","distance":10000.0,"intensity":0.0},"local":{"status":"ok","intensity":0.0,"datasource":"gfs"}},"wind":{"direction":17.32,"speed":10.29}}}
{"status":"ok","lang":"zh_CN","server_time":1521996393,"tzshift":28800,"location":[51.330976,-0.046521],"unit":"metric","result":{"status":"ok","temperature":10.93,"skycon":"CLOUDY","cloudrate":0.83,"aqi":10,"humidity":0.6,"pres":100120.22,"pm25":10,"precipitation":{"nearest":{"status":"ok","distance":10000.0,"intensity":0.0},"local":{"status":"ok","intensity":0.0,"datasource":"gfs"}},"wind":{"direction":17.32,"speed":10.29}}}
{"status":"ok","lang":"zh_CN","server_time":1521998794,"tzshift":28800,"location":[51.330976,-0.046521],"unit":"metric","result":{"status":"ok","temperature":10.23,"skycon":"CLOUDY","cloudrate":0.86,"aqi":10.0,"humidity":0.64,"pres":100150.33,"pm25":10.0,"precipitation":{"nearest":{"status":"ok","distance":68.03,"intensity":0.1875},"local":{"status":"ok","intensity":0.0,"datasource":"gfs"}},"wind":{"direction":12.99,"speed":9.39}}}
{"status":"ok","lang":"zh_CN","server_time":1521999999,"tzshift":28800,"location":[51.330976,-0.046521],"unit":"metric","result":{"status":"ok","temperature":10.23,"skycon":"CLOUDY","cloudrate":0.86,"aqi":10,"humidity":0.64,"pres":100150.33,"pm25":10,"precipitation":{"nearest":{"status":"ok","distance":127.62,"intensity":0.1875},"local":{"status":"ok","intensity":0.0,"datasource":"gfs"}},"wind":{"direction":12.99,"speed":9.39}}}
{"status":"ok","lang":"zh_CN","server_time":1522002399,"tzshift":28800,"location":[51.330976,-0.046521],"unit":"metric","result":{"status":"ok","temperature":9.46,"skycon":"CLOUDY","cloudrate":0.9,"aqi":10.0,"humidity":0.67,"pres":100191.17,"pm25":10.0,"precipitation":{"nearest":{"status":"ok","distance":494.03,"intensity":0.1875},"local":{"status":"ok","intensity":0.0,"datasource":"gfs"}},"wind":{"direction":8.31,"speed":8.15}}}
{"status":"ok","lang":"zh_CN","server_time":1522003588,"tzshift":28800,"location":[51.330976,-0.046521],"unit":"metric","result":{"status":"ok","temperature":9.46,"skycon":"CLOUDY","cloudrate":0.9,"aqi":10.0,"humidity":0.67,"pres":100191.17,"pm25":10.0,"precipitation":{"nearest":{"status":"ok","distance":270.99,"intensity":0.1875},"local":{"status":"ok","intensity":0.0,"datasource":"gfs"}},"wind":{"direction":8.31,"speed":8.15}}}
{"status":"ok","lang":"zh_CN","server_time":1522005989,"tzshift":28800,"location":[51.330976,-0.046521],"unit":"metric","result":{"status":"ok","temperature":8.79,"skycon":"CLOUDY","cloudrate":0.95,"aqi":10.0,"humidity":0.71,"pres":100245.25,"pm25":10.0,"precipitation":{"nearest":{"status":"ok","distance":10000.0,"intensity":0.0},"local":{"status":"ok","intensity":0.0091,"datasource":"gfs"}},"wind":{"direction":4.44,"speed":6.55}}}
{"status":"ok","lang":"zh_CN","server_time":1522007188,"tzshift":28800,"location":[51.330976,-0.046521],"unit":"metric","result":{"status":"ok","temperature":8.79,"skycon":"CLOUDY","cloudrate":0.95,"aqi":10.0,"humidity":0.71,"pres":100245.25,"pm25":10.0,"precipitation":{"nearest":{"status":"ok","distance":316.96,"intensity":0.1875},"local":{"status":"ok","intensity":0.0091,"datasource":"gfs"}},"wind":{"direction":4.44,"speed":6.55}}}
{"status":"ok","lang":"zh_CN","server_time":1522009587,"tzshift":28800,"location":[51.330976,-0.046521],"unit":"metric","result":{"status":"ok","temperature":8.19,"skycon":"CLOUDY","cloudrate":0.99,"aqi":10.0,"humidity":0.73,"pres":100306.36,"pm25":10.0,"precipitation":{"nearest":{"status":"ok","distance":215.7,"intensity":0.1875},"local":{"status":"ok","intensity":0.0274,"datasource":"gfs"}},"wind":{"direction":359.26,"speed":5.08}}}
{"status":"ok","lang":"zh_CN","server_time":1522010787,"tzshift":28800,"location":[51.330976,-0.046521],"unit":"metric","result":{"status":"ok","temperature":8.19,"skycon":"CLOUDY","cloudrate":0.99,"aqi":10.0,"humidity":0.73,"pres":100306.36,"pm25":10.0,"precipitation":{"nearest":{"status":"ok","distance":10000.0,"intensity":0.0},"local":{"status":"ok","intensity":0.0274,"datasource":"gfs"}},"wind":{"direction":359.26,"speed":5.08}}}
{"status":"ok","lang":"zh_CN","server_time":1522013214,"tzshift":28800,"location":[51.330976,-0.046521],"unit":"metric","result":{"status":"ok","temperature":7.57,"skycon":"RAIN","cloudrate":0.98,"aqi":10.0,"humidity":0.75,"pres":100366.12,"pm25":10.0,"precipitation":{"nearest":{"status":"ok","distance":10000.0,"intensity":0.0},"local":{"status":"ok","intensity":0.0364,"datasource":"gfs"}},"wind":{"direction":349.51,"speed":4.44}}}
{"status":"failed", "error":"'API quota is exhausted'"}
{"status":"failed", "error":"'API quota is exhausted'"}
{"status":"failed", "error":"'API quota is exhausted'"}
{"status":"failed", "error":"'API quota is exhausted'"}
{"status":"failed", "error":"'API quota is exhausted'"}
{"status":"failed", "error":"'API quota is exhausted'"}
{"status":"failed", "error":"'API quota is exhausted'"}
{"status":"failed", "error":"'API quota is exhausted'"}
{"status":"failed", "error":"'API quota is exhausted'"}
{"status":"failed", "error":"'API quota is exhausted'"}
{"status":"failed", "error":"'API quota is exhausted'"}
{"status":"failed", "error":"'API quota is exhausted'"}
{"status":"failed", "error":"'API quota is exhausted'"}
{"status":"failed", "error":"'API quota is exhausted'"}
{"status":"failed", "error":"'API quota is exhausted'"}
{"status":"failed", "error":"'API quota is exhausted'"}
{"status":"failed", "error":"'API quota is exhausted'"}
{"status":"failed", "error":"'API quota is exhausted'"}
{"status":"failed", "error":"'API quota is exhausted'"}
{"status":"failed", "error":"'API quota is exhausted'"}
{"status":"failed", "error":"'API quota is exhausted'"}
{"status":"failed", "error":"'API quota is exhausted'"}
{"status":"ok","lang":"zh_CN","server_time":1522054021,"tzshift":28800,"location":[51.330976,-0.046521],"unit":"metric","result":{"status":"ok","temperature":6.48,"skycon":"CLEAR_DAY","cloudrate":0.03,"aqi":10.0,"humidity":0.65,"pres":101217.82,"pm25":10.0,"precipitation":{"nearest":{"status":"ok","distance":150.13,"intensity":0.1875},"local":{"status":"ok","intensity":0.0,"datasource":"gfs"}},"wind":{"direction":338.52,"speed":7.53}}}
{"status":"failed", "error":"'API quota is exhausted'"}
{"status":"failed", "error":"'API quota is exhausted'"}
{"status":"failed", "error":"'API quota is exhausted'"}
{"status":"failed", "error":"'API quota is exhausted'"}
{"status":"failed", "error":"'API quota is exhausted'"}
{"status":"failed", "error":"'API quota is exhausted'"}
{"status":"failed", "error":"'API quota is exhausted'"}
{"status":"ok","lang":"zh_CN","server_time":1522068394,"tzshift":28800,"location":[51.330976,-0.046521],"unit":"metric","result":{"status":"ok","temperature":10.81,"skycon":"CLEAR_NIGHT","cloudrate":0.0,"aqi":10.0,"humidity":0.45,"pres":100727.81,"pm25":10.0,"precipitation":{"nearest":{"status":"ok","distance":10000.0,"intensity":0.0},"local":{"status":"ok","intensity":0.0,"datasource":"gfs"}},"wind":{"direction":296.13,"speed":8.56}}}
{"status":"ok","lang":"zh_CN","server_time":1522068394,"tzshift":28800,"location":[51.330976,-0.046521],"unit":"metric","result":{"status":"ok","temperature":10.81,"skycon":"CLEAR_NIGHT","cloudrate":0.0,"aqi":10.0,"humidity":0.45,"pres":100727.81,"pm25":10.0,"precipitation":{"nearest":{"status":"ok","distance":10000.0,"intensity":0.0},"local":{"status":"ok","intensity":0.0,"datasource":"gfs"}},"wind":{"direction":296.13,"speed":8.56}}}
{"status":"ok","lang":"zh_CN","server_time":1522070801,"tzshift":28800,"location":[51.330976,-0.046521],"unit":"metric","result":{"status":"ok","temperature":11.34,"skycon":"CLEAR_NIGHT","cloudrate":0.1,"aqi":10.0,"humidity":0.43,"pres":100706.61,"pm25":10.0,"precipitation":{"nearest":{"status":"ok","distance":209.74,"intensity":0.1875},"local":{"status":"ok","intensity":0.0,"datasource":"gfs"}},"wind":{"direction":284.68,"speed":9.49}}}
{"status":"ok","lang":"zh_CN","server_time":1522074403,"tzshift":28800,"location":[51.330976,-0.046521],"unit":"metric","result":{"status":"ok","temperature":11.54,"skycon":"PARTLY_CLOUDY_NIGHT","cloudrate":0.22,"aqi":10,"humidity":0.43,"pres":100674.42,"pm25":10,"precipitation":{"local":{"status":"ok","intensity":0.0,"datasource":"gfs"}},"wind":{"direction":275.24,"speed":10.2}}}
{"status":"ok","lang":"zh_CN","server_time":1522077997,"tzshift":28800,"location":[51.330976,-0.046521],"unit":"metric","result":{"status":"ok","temperature":11.33,"skycon":"PARTLY_CLOUDY_NIGHT","cloudrate":0.35,"aqi":10,"humidity":0.46,"pres":100637.11,"pm25":10,"precipitation":{"local":{"status":"ok","intensity":0.0,"datasource":"gfs"}},"wind":{"direction":266.25,"speed":10.39}}}
