{"status":"ok","lang":"zh_CN","server_time":1521995192,"tzshift":28800,"location":[51.330976,-0.246521],"unit":"metric","result":{"status":"ok","temperature":11.19,"skycon":"CLOUDY","cloudrate":0.82,"aqi":10.0,"humidity":0.59,"pres":100207.26,"pm25":10.0,"precipitation":{"nearest":{"status":"ok","distance":10000.0,"intensity":0.0},"local":{"status":"ok","intensity":0.0,"datasource":"gfs"}},"wind":{"direction":12.13,"speed":10.34}}}
{"status":"ok","lang":"zh_CN","server_time":1521996392,"tzshift":28800,"location":[51.330976,-0.246521],"unit":"metric","result":{"status":"ok","temperature":11.19,"skycon":"CLOUDY","cloudrate":0.82,"aqi":10.0,"humidity":0.59,"pres":100207.26,"pm25":10.0,"precipitation":{"nearest":{"status":"ok","distance":10000.0,"intensity":0.0},"local":{"status":"ok","intensity":0.0,"datasource":"gfs"}},"wind":{"direction":12.13,"speed":10.34}}}
{"status":"ok","lang":"zh_CN","server_time":1521998793,"tzshift":28800,"location":[51.330976,-0.246521],"unit":"metric","result":{"status":"ok","temperature":10.42,"skycon":"CLOUDY","cloudrate":0.84,"aqi":10,"humidity":0.63,"pres":100239.56,"pm25":10,"precipitation":{"nearest":{"status":"ok","distance":10000.0,"intensity":0.0},"local":{"status":"ok","intensity":0.0,"datasource":"gfs"}},"wind":{"direction":7.17,"speed":9.73}}}
{"status":"ok","lang":"zh_CN","server_time":1521999997,"tzshift":28800,"location":[51.330976,-0.246521],"unit":"metric","result":{"status":"ok","temperature":10.42,"skycon":"CLOUDY","cloudrate":0.85,"aqi":10.0,"humidity":0.63,"pres":100239.56,"pm25":10.0,"precipitation":{"nearest":{"status":"ok","distance":8.25,"intensity":0.1875},"local":{"status":"ok","intensity":0.0,"datasource":"gfs"}},"wind":{"direction":7.17,"speed":9.73}}}
{"status":"ok","lang":"zh_CN","server_time":1522002398,"tzshift":28800,"location":[51.330976,-0.246521],"unit":"metric","result":{"status":"ok","temperature":9.58,"skycon":"CLOUDY","cloudrate":0.89,"aqi":10.0,"humidity":0.67,"pres":100281.95,"pm25":10.0,"precipitation":{"nearest":{"status":"ok","distance":156.93,"intensity":0.1875},"local":{"status":"ok","intensity":0.0042,"datasource":"gfs"}},"wind":{"direction":1.14,"speed":8.8}}}
{"status":"ok","lang":"zh_CN","server_time":1522003587,"tzshift":28800,"location":[51.330976,-0.246521],"unit":"metric","result":{"status":"ok","temperature":9.58,"skycon":"CLOUDY","cloudrate":0.89,"aqi":10.0,"humidity":0.67,"pres":100281.95,"pm25":10.0,"precipitation":{"nearest":{"status":"ok","distance":108.22,"intensity":0.1875},"local":{"status":"ok","intensity":0.0042,"datasource":"gfs"}},"wind":{"direction":1.14,"speed":8.8}}}
{"status":"ok","lang":"zh_CN","server_time":1522005988,"tzshift":28800,"location":[51.330976,-0.246521],"unit":"metric","result":{"status":"ok","temperature":8.84,"skycon":"CLOUDY","cloudrate":0.94,"aqi":10.0,"humidity":0.7,"pres":100336.25,"pm25":10.0,"precipitation":{"nearest":{"status":"ok","distance":10000.0,"intensity":0.0},"local":{"status":"ok","intensity":0.0111,"datasource":"gfs"}},"wind":{"direction":353.97,"speed":7.54}}}
{"status":"ok","lang":"zh_CN","server_time":1522007187,"tzshift":28800,"location":[51.330976,-0.246521],"unit":"metric","result":{"status":"ok","temperature":8.84,"skycon":"CLOUDY","cloudrate":0.94,"aqi":10,"humidity":0.7,"pres":100336.25,"pm25":10,"precipitation":{"nearest":{"status":"ok","distance":213.34,"intensity":0.1875},"local":{"status":"ok","intensity":0.0111,"datasource":"gfs"}},"wind":{"direction":353.97,"speed":7.54}}}
{"status":"ok","lang":"zh_CN","server_time":1522009586,"tzshift":28800,"location":[51.330976,-0.246521],"unit":"metric","result":{"status":"ok","temperature":8.82,"skycon":"CLOUDY","cloudrate":1.0,"aqi":10.0,"humidity":0.69,"pres":100727.9,"pm25":10.0,"precipitation":{"nearest":{"status":"ok","distance":10000.0,"intensity":0.0},"local":{"status":"ok","intensity":0.0157,"datasource":"gfs"}},"wind":{"direction":341.75,"speed":7.0}}}
{"status":"ok","lang":"zh_CN","server_time":1522010787,"tzshift":28800,"location":[51.330976,-0.246521],"unit":"metric","result":{"status":"ok","temperature":8.16,"skycon":"CLOUDY","cloudrate":0.98,"aqi":10,"humidity":0.72,"pres":100397.0,"pm25":10,"precipitation":{"nearest":{"status":"ok","distance":10000.0,"intensity":0.0},"local":{"status":"ok","intensity":0.007,"datasource":"gfs"}},"wind":{"direction":345.32,"speed":6.45}}}
{"status":"ok","lang":"zh_CN","server_time":1522013213,"tzshift":28800,"location":[51.330976,-0.246521],"unit":"metric","result":{"status":"ok","temperature":7.47,"skycon":"CLOUDY","cloudrate":0.97,"aqi":10.0,"humidity":0.74,"pres":100456.89,"pm25":10.0,"precipitation":{"nearest":{"status":"ok","distance":10000.0,"intensity":0.0},"local":{"status":"ok","intensity":0.0,"datasource":"gfs"}},"wind":{"direction":337.77,"speed":6.14}}}
{"status":"ok","lang":"zh_CN","server_time":1522014390,"tzshift":28800,"location":[51.330976,-0.246521],"unit":"metric","result":{"status":"ok","temperature":8.15,"skycon":"RAIN","cloudrate":1.0,"aqi":10.0,"humidity":0.76,"pres":100477.13,"pm25":10.0,"precipitation":{"nearest":{"status":"ok","distance":102.07,"intensity":0.25},"local":{"status":"ok","intensity":0.0747,"datasource":"gfs"}},"wind":{"direction":324.14,"speed":4.96}}}
{"status":"failed", "error":"'API quota is exhausted'"}
{"status":"ok","lang":"zh_CN","server_time":1522017989,"tzshift":28800,"location":[51.330976,-0.246521],"unit":"metric","result":{"status":"ok","temperature":7.34,"skycon":"RAIN","cloudrate":0.95,"aqi":10.0,"humidity":0.77,"pres":100522.07,"pm25":10.0,"precipitation":{"nearest":{"status":"ok","distance":9.26,"intensity":0.1875},"local":{"status":"ok","intensity":0.0687,"datasource":"gfs"}},"wind":{"direction":319.28,"speed":5.7}}}
{"status":"ok","lang":"zh_CN","server_time":1522020389,"tzshift":28800,"location":[51.330976,-0.246521],"unit":"metric","result":{"status":"ok","temperature":6.41,"skycon":"RAIN","cloudrate":0.84,"aqi":10,"humidity":0.78,"pres":100551.31,"pm25":10,"precipitation":{"nearest":{"status":"ok","distance":63.6,"intensity":0.1875},"local":{"status":"ok","intensity":0.0487,"datasource":"gfs"}},"wind":{"direction":321.98,"speed":6.94}}}
{"status":"failed", "error":"'API quota is exhausted'"}
{"status":"ok","lang":"zh_CN","server_time":1522024169,"tzshift":28800,"location":[51.330976,-0.246521],"unit":"metric","result":{"status":"ok","temperature":5.6,"skycon":"PARTLY_CLOUDY_DAY","cloudrate":0.67,"aqi":10.0,"humidity":0.78,"pres":100570.07,"pm25":10.0,"precipitation":{"nearest":{"status":"ok","distance":134.33,"intensity":0.1875},"local":{"status":"ok","intensity":0.0149,"datasource":"gfs"}},"wind":{"direction":326.18,"speed":7.96}}}
{"status":"failed", "error":"'API quota is exhausted'"}
{"status":"failed", "error":"'API quota is exhausted'"}
{"status":"failed", "error":"'API quota is exhausted'"}
{"status":"failed", "error":"'API quota is exhausted'"}
{"status":"failed", "error":"'API quota is exhausted'"}
{"status":"ok","lang":"zh_CN","server_time":1522035075,"tzshift":28800,"location":[51.330976,-0.246521],"unit":"metric","result":{"status":"ok","temperature":4.21,"skycon":"CLEAR_DAY","cloudrate":0.02,"aqi":10,"humidity":0.78,"pres":100616.36,"pm25":10,"precipitation":{"nearest":{"status":"ok","distance":53.67,"intensity":0.25},"local":{"status":"ok","intensity":0.0,"datasource":"gfs"}},"wind":{"direction":333.33,"speed":7.52}}}
{"status":"failed", "error":"'API quota is exhausted'"}
{"status":"failed", "error":"'API quota is exhausted'"}
{"status":"failed", "error":"'API quota is exhausted'"}
{"status":"failed", "error":"'API quota is exhausted'"}
{"status":"failed", "error":"'API quota is exhausted'"}
{"status":"failed", "error":"'API quota is exhausted'"}
{"status":"failed", "error":"'API quota is exhausted'"}
{"status":"failed", "error":"'API quota is exhausted'"}
{"status":"failed", "error":"'API quota is exhausted'"}
{"status":"failed", "error":"'API quota is exhausted'"}
{"status":"failed", "error":"'API quota is exhausted'"}
{"status":"failed", "error":"'API quota is exhausted'"}
{"status":"failed", "error":"'API quota is exhausted'"}
{"status":"failed", "error":"'API quota is exhausted'"}
{"status":"failed", "error":"'API quota is exhausted'"}
{"status":"failed", "error":"'API quota is exhausted'"}
{"status":"failed", "error":"'API quota is exhausted'"}
{"status":"failed", "error":"'API quota is exhausted'"}
{"status":"ok","lang":"zh_CN","server_time":1522068393,"tzshift":28800,"location":[51.330976,-0.246521],"unit":"metric","result":{"status":"ok","temperature":10.8,"skycon":"CLEAR_NIGHT","cloudrate":0.0,"aqi":10.0,"humidity":0.45,"pres":100818.21,"pm25":10.0,"precipitation":{"nearest":{"status":"ok","distance":37.62,"intensity":0.1875},"local":{"status":"ok","intensity":0.0,"datasource":"gfs"}},"wind":{"direction":291.59,"speed":8.29}}}
{"status":"ok","lang":"zh_CN","server_time":1522068393,"tzshift":28800,"location":[51.330976,-0.246521],"unit":"metric","result":{"status":"ok","temperature":10.8,"skycon":"CLEAR_NIGHT","cloudrate":0.0,"aqi":10.0,"humidity":0.45,"pres":100818.21,"pm25":10.0,"precipitation":{"nearest":{"status":"ok","distance":37.62,"intensity":0.1875},"local":{"status":"ok","intensity":0.0,"datasource":"gfs"}},"wind":{"direction":291.59,"speed":8.29}}}
{"status":"ok","lang":"zh_CN","server_time":1522070800,"tzshift":28800,"location":[51.330976,-0.246521],"unit":"metric","result":{"status":"ok","temperature":11.7,"skycon":"CLEAR_NIGHT","cloudrate":0.15,"aqi":10.0,"humidity":0.4,"pres":101131.05,"pm25":10.0,"precipitation":{"nearest":{"status":"ok","distance":192.36,"intensity":0.1875},"local":{"status":"ok","intensity":0.0,"datasource":"gfs"}},"wind":{"direction":280.66,"speed":9.04}}}
{"status":"ok","lang":"zh_CN","server_time":1522074402,"tzshift":28800,"location":[51.330976,-0.246521],"unit":"metric","result":{"status":"ok","temperature":11.5,"skycon":"PARTLY_CLOUDY_NIGHT","cloudrate":0.29,"aqi":10.0,"humidity":0.44,"pres":100764.94,"pm25":10.0,"precipitation":{"local":{"status":"ok","intensity":0.0,"datasource":"gfs"}},"wind":{"direction":272.07,"speed":10.41}}}
{"status":"ok","lang":"zh_CN","server_time":1522077996,"tzshift":28800,"location":[51.330976,-0.246521],"unit":"metric","result":{"status":"ok","temperature":11.28,"skycon":"PARTLY_CLOUDY_NIGHT","cloudrate":0.44,"aqi":10,"humidity":0.47,"pres":100727.1,"pm25":10,"precipitation":{"local":{"status":"ok","intensity":0.0,"datasource":"gfs"}},"wind":{"direction":263.46,"speed":10.57}}}
