{"status":"ok","lang":"zh_CN","server_time":1521995192,"tzshift":28800,"location":[51.330976,-0.346521],"unit":"metric","result":{"status":"ok","temperature":11.22,"skycon":"CLOUDY","cloudrate":0.81,"aqi":10,"humidity":0.6,"pres":100281.38,"pm25":10,"precipitation":{"nearest":{"status":"ok","distance":286.17,"intensity":0.1875},"local":{"status":"ok","intensity":0.0,"datasource":"gfs"}},"wind":{"direction":8.97,"speed":10.47}}}
{"status":"ok","lang":"zh_CN","server_time":1521996392,"tzshift":28800,"location":[51.330976,-0.346521],"unit":"metric","result":{"status":"ok","temperature":11.22,"skycon":"CLOUDY","cloudrate":0.81,"aqi":10.0,"humidity":0.6,"pres":100281.38,"pm25":10.0,"precipitation":{"nearest":{"status":"ok","distance":226.96,"intensity":0.1875},"local":{"status":"ok","intensity":0.0,"datasource":"gfs"}},"wind":{"direction":8.97,"speed":10.47}}}
{"status":"ok","lang":"zh_CN","server_time":1521998793,"tzshift":28800,"location":[51.330976,-0.346521],"unit":"metric","result":{"status":"ok","temperature":10.42,"skycon":"CLOUDY","cloudrate":0.84,"aqi":10.0,"humidity":0.64,"pres":100313.72,"pm25":10.0,"precipitation":{"nearest":{"status":"ok","distance":154.51,"intensity":0.1875},"local":{"status":"ok","intensity":0.0,"datasource":"gfs"}},"wind":{"direction":4.14,"speed":9.87}}}
{"status":"ok","lang":"zh_CN","server_time":1521999997,"tzshift":28800,"location":[51.330976,-0.346521],"unit":"metric","result":{"status":"ok","temperature":10.42,"skycon":"CLOUDY","cloudrate":0.84,"aqi":10.0,"humidity":0.64,"pres":100313.72,"pm25":10.0,"precipitation":{"nearest":{"status":"ok","distance":139.36,"intensity":0.1875},"local":{"status":"ok","intensity":0.0,"datasource":"gfs"}},"wind":{"direction":4.14,"speed":9.87}}}
{"status":"ok","lang":"zh_CN","server_time":1522002398,"tzshift":28800,"location":[51.330976,-0.346521],"unit":"metric","result":{"status":"ok","temperature":9.52,"skycon":"CLOUDY","cloudrate":0.88,"aqi":10.0,"humidity":0.69,"pres":100356.42,"pm25":10.0,"precipitation":{"nearest":{"status":"ok","distance":206.47,"intensity":0.1875},"local":{"status":"ok","intensity":0.0137,"datasource":"gfs"}},"wind":{"direction":358.04,"speed":8.98}}}
{"status":"ok","lang":"zh_CN","server_time":1522003587,"tzshift":28800,"location":[51.330976,-0.346521],"unit":"metric","result":{"status":"ok","temperature":9.52,"skycon":"CLOUDY","cloudrate":0.88,"aqi":10.0,"humidity":0.69,"pres":100356.42,"pm25":10.0,"precipitation":{"nearest":{"status":"ok","distance":106.18,"intensity":0.25},"local":{"status":"ok","intensity":0.0137,"datasource":"gfs"}},"wind":{"direction":358.04,"speed":8.98}}}
{"status":"ok","lang":"zh_CN","server_time":1522005987,"tzshift":28800,"location":[51.330976,-0.346521],"unit":"metric","result":{"status":"ok","temperature":8.69,"skycon":"CLOUDY","cloudrate":0.93,"aqi":10.0,"humidity":0.72,"pres":100411.5,"pm25":10.0,"precipitation":{"nearest":{"status":"ok","distance":182.49,"intensity":0.1875},"local":{"status":"ok","intensity":0.0134,"datasource":"gfs"}},"wind":{"direction":350.26,"speed":7.83}}}
{"status":"ok","lang":"zh_CN","server_time":1522007186,"tzshift":28800,"location":[51.330976,-0.346521],"unit":"metric","result":{"status":"ok","temperature":8.69,"skycon":"CLOUDY","cloudrate":0.93,"aqi":10.0,"humidity":0.72,"pres":100411.5,"pm25":10.0,"precipitation":{"nearest":{"status":"ok","distance":10000.0,"intensity":0.0},"local":{"status":"ok","intensity":0.0134,"datasource":"gfs"}},"wind":{"direction":350.26,"speed":7.83}}}
{"status":"ok","lang":"zh_CN","server_time":1522009586,"tzshift":28800,"location":[51.330976,-0.346521],"unit":"metric","result":{"status":"ok","temperature":7.91,"skycon":"CLOUDY","cloudrate":0.96,"aqi":10.0,"humidity":0.73,"pres":100473.2,"pm25":10.0,"precipitation":{"nearest":{"status":"ok","distance":10000.0,"intensity":0.0},"local":{"status":"ok","intensity":0.0,"datasource":"gfs"}},"wind":{"direction":341.26,"speed":6.89}}}
{"status":"ok","lang":"zh_CN","server_time":1522010786,"tzshift":28800,"location":[51.330976,-0.346521],"unit":"metric","result":{"status":"ok","temperature":8.3,"skycon":"CLOUDY","cloudrate":1.0,"aqi":10.0,"humidity":0.71,"pres":100674.23,"pm25":10.0,"precipitation":{"nearest":{"status":"ok","distance":10000.0,"intensity":0.0},"local":{"status":"ok","intensity":0.0054,"datasource":"gfs"}},"wind":{"direction":339.37,"speed":7.23}}}
{"status":"ok","lang":"zh_CN","server_time":1522013212,"tzshift":28800,"location":[51.330976,-0.346521],"unit":"metric","result":{"status":"ok","temperature":7.13,"skycon":"CLOUDY","cloudrate":0.95,"aqi":10.0,"humidity":0.75,"pres":100533.84,"pm25":10.0,"precipitation":{"nearest":{"status":"ok","distance":10000.0,"intensity":0.0},"local":{"status":"ok","intensity":0.0,"datasource":"gfs"}},"wind":{"direction":334.58,"speed":6.64}}}
{"status":"ok","lang":"zh_CN","server_time":1522014389,"tzshift":28800,"location":[51.330976,-0.346521],"unit":"metric","result":{"status":"ok","temperature":7.85,"skycon":"RAIN","cloudrate":1.0,"aqi":10.0,"humidity":0.76,"pres":100552.41,"pm25":10.0,"precipitation":{"nearest":{"status":"ok","distance":10000.0,"intensity":0.0},"local":{"status":"ok","intensity":0.0637,"datasource":"gfs"}},"wind":{"direction":322.11,"speed":5.44}}}
{"status":"failed", "error":"'API quota is exhausted'"}
{"status":"failed", "error":"'API quota is exhausted'"}
{"status":"failed", "error":"'API quota is exhausted'"}
{"status":"failed", "error":"'API quota is exhausted'"}
{"status":"failed", "error":"'API quota is exhausted'"}
{"status":"ok","lang":"zh_CN","server_time":1522025189,"tzshift":28800,"location":[51.330976,-0.346521],"unit":"metric","result":{"status":"ok","temperature":5.31,"skycon":"PARTLY_CLOUDY_DAY","cloudrate":0.63,"aqi":10,"humidity":0.79,"pres":100646.69,"pm25":10,"precipitation":{"nearest":{"status":"ok","distance":64.93,"intensity":0.1875},"local":{"status":"ok","intensity":0.0142,"datasource":"gfs"}},"wind":{"direction":326.51,"speed":7.94}}}
{"status":"failed", "error":"'API quota is exhausted'"}
{"status":"failed", "error":"'API quota is exhausted'"}
{"status":"failed", "error":"'API quota is exhausted'"}
{"status":"failed", "error":"'API quota is exhausted'"}
{"status":"failed", "error":"'API quota is exhausted'"}
{"status":"failed", "error":"'API quota is exhausted'"}
{"status":"failed", "error":"'API quota is exhausted'"}
{"status":"failed", "error":"'API quota is exhausted'"}
{"status":"failed", "error":"'API quota is exhausted'"}
{"status":"failed", "error":"'API quota is exhausted'"}
{"status":"failed", "error":"'API quota is exhausted'"}
{"status":"failed", "error":"'API quota is exhausted'"}
{"status":"failed", "error":"'API quota is exhausted'"}
{"status":"failed", "error":"'API quota is exhausted'"}
{"status":"failed", "error":"'API quota is exhausted'"}
{"status":"failed", "error":"'API quota is exhausted'"}
{"status":"failed", "error":"'API quota is exhausted'"}
{"status":"failed", "error":"'API quota is exhausted'"}
{"status":"failed", "error":"'API quota is exhausted'"}
{"status":"ok","lang":"zh_CN","server_time":1522061227,"tzshift":28800,"location":[51.330976,-0.346521],"unit":"metric","result":{"status":"ok","temperature":8.93,"skycon":"CLEAR_DAY","cloudrate":0.0,"aqi":10.0,"humidity":0.57,"pres":100892.46,"pm25":10.0,"precipitation":{"nearest":{"status":"ok","distance":234.28,"intensity":0.1875},"local":{"status":"ok","intensity":0.0,"datasource":"gfs"}},"wind":{"direction":322.58,"speed":6.69}}}
{"status":"failed", "error":"'API quota is exhausted'"}
{"status":"failed", "error":"'API quota is exhausted'"}
{"status":"failed", "error":"'API quota is exhausted'"}
{"status":"ok","lang":"zh_CN","server_time":1522068392,"tzshift":28800,"location":[51.330976,-0.346521],"unit":"metric","result":{"status":"ok","temperature":10.82,"skycon":"CLEAR_NIGHT","cloudrate":0.0,"aqi":10.0,"humidity":0.46,"pres":100892.08,"pm25":10.0,"precipitation":{"local":{"status":"ok","intensity":0.0,"datasource":"gfs"}},"wind":{"direction":289.0,"speed":8.27}}}
{"status":"ok","lang":"zh_CN","server_time":1522068392,"tzshift":28800,"location":[51.330976,-0.346521],"unit":"metric","result":{"status":"ok","temperature":10.82,"skycon":"CLEAR_NIGHT","cloudrate":0.0,"aqi":10.0,"humidity":0.46,"pres":100892.08,"pm25":10.0,"precipitation":{"local":{"status":"ok","intensity":0.0,"datasource":"gfs"}},"wind":{"direction":289.0,"speed":8.27}}}
{"status":"ok","lang":"zh_CN","server_time":1522070800,"tzshift":28800,"location":[51.330976,-0.346521],"unit":"metric","result":{"status":"ok","temperature":11.53,"skycon":"CLEAR_NIGHT","cloudrate":0.15,"aqi":10.0,"humidity":0.42,"pres":101073.87,"pm25":10.0,"precipitation":{"local":{"status":"ok","intensity":0.0,"datasource":"gfs"}},"wind":{"direction":278.68,"speed":9.28}}}
{"status":"ok","lang":"zh_CN","server_time":1522074401,"tzshift":28800,"location":[51.330976,-0.346521],"unit":"metric","result":{"status":"ok","temperature":11.44,"skycon":"PARTLY_CLOUDY_NIGHT","cloudrate":0.32,"aqi":10.0,"humidity":0.45,"pres":100838.99,"pm25":10.0,"precipitation":{"local":{"status":"ok","intensity":0.0,"datasource":"gfs"}},"wind":{"direction":270.87,"speed":10.44}}}
{"status":"ok","lang":"zh_CN","server_time":1522077996,"tzshift":28800,"location":[51.330976,-0.346521],"unit":"metric","result":{"status":"ok","temperature":11.19,"skycon":"PARTLY_CLOUDY_NIGHT","cloudrate":0.47,"aqi":10.0,"humidity":0.48,"pres":100800.74,"pm25":10.0,"precipitation":{"local":{"status":"ok","intensity":0.0,"datasource":"gfs"}},"wind":{"direction":262.51,"speed":10.5}}}
