{"status":"ok","lang":"zh_CN","server_time":1521995200,"tzshift":28800,"location":[51.530976,-0.446521],"unit":"metric","result":{"status":"ok","temperature":11.62,"skycon":"CLOUDY","cloudrate":0.87,"aqi":10.0,"humidity":0.56,"pres":100655.75,"pm25":10.0,"precipitation":{"nearest":{"status":"ok","distance":10000.0,"intensity":0.0},"local":{"status":"ok","intensity":0.0104,"datasource":"gfs"}},"wind":{"direction":0.8,"speed":10.03}}}
{"status":"ok","lang":"zh_CN","server_time":1521996399,"tzshift":28800,"location":[51.530976,-0.446521],"unit":"metric","result":{"status":"ok","temperature":11.62,"skycon":"CLOUDY","cloudrate":0.87,"aqi":10.0,"humidity":0.56,"pres":100655.75,"pm25":10.0,"precipitation":{"nearest":{"status":"ok","distance":294.35,"intensity":0.1875},"local":{"status":"ok","intensity":0.0104,"datasource":"gfs"}},"wind":{"direction":0.8,"speed":10.03}}}
{"status":"ok","lang":"zh_CN","server_time":1521998800,"tzshift":28800,"location":[51.530976,-0.446521],"unit":"metric","result":{"status":"ok","temperature":10.98,"skycon":"RAIN","cloudrate":0.87,"aqi":10.0,"humidity":0.59,"pres":100687.76,"pm25":10.0,"precipitation":{"nearest":{"status":"ok","distance":137.23,"intensity":0.1875},"local":{"status":"ok","intensity":0.0316,"datasource":"gfs"}},"wind":{"direction":357.18,"speed":9.73}}}
{"status":"ok","lang":"zh_CN","server_time":1522000144,"tzshift":28800,"location":[51.530976,-0.446521],"unit":"metric","result":{"status":"ok","temperature":10.98,"skycon":"RAIN","cloudrate":0.87,"aqi":10,"humidity":0.59,"pres":100687.76,"pm25":10,"precipitation":{"nearest":{"status":"ok","distance":491.19,"intensity":0.25},"local":{"status":"ok","intensity":0.0316,"datasource":"gfs"}},"wind":{"direction":357.18,"speed":9.73}}}
{"status":"ok","lang":"zh_CN","server_time":1522002406,"tzshift":28800,"location":[51.530976,-0.446521],"unit":"metric","result":{"status":"ok","temperature":10.2,"skycon":"RAIN","cloudrate":0.85,"aqi":10.0,"humidity":0.62,"pres":100730.0,"pm25":10.0,"precipitation":{"nearest":{"status":"ok","distance":10000.0,"intensity":0.0},"local":{"status":"ok","intensity":0.0328,"datasource":"gfs"}},"wind":{"direction":351.66,"speed":9.09}}}
{"status":"ok","lang":"zh_CN","server_time":1522003594,"tzshift":28800,"location":[51.530976,-0.446521],"unit":"metric","result":{"status":"ok","temperature":10.2,"skycon":"RAIN","cloudrate":0.85,"aqi":10.0,"humidity":0.62,"pres":100730.0,"pm25":10.0,"precipitation":{"nearest":{"status":"ok","distance":278.34,"intensity":0.25},"local":{"status":"ok","intensity":0.0328,"datasource":"gfs"}},"wind":{"direction":351.66,"speed":9.09}}}
{"status":"ok","lang":"zh_CN","server_time":1522005995,"tzshift":28800,"location":[51.530976,-0.446521],"unit":"metric","result":{"status":"ok","temperature":9.35,"skycon":"CLOUDY","cloudrate":0.84,"aqi":10.0,"humidity":0.65,"pres":100784.86,"pm25":10.0,"precipitation":{"nearest":{"status":"ok","distance":80.44,"intensity":0.1875},"local":{"status":"ok","intensity":0.0059,"datasource":"gfs"}},"wind":{"direction":342.19,"speed":8.2}}}
{"status":"ok","lang":"zh_CN","server_time":1522007194,"tzshift":28800,"location":[51.530976,-0.446521],"unit":"metric","result":{"status":"ok","temperature":9.35,"skycon":"CLOUDY","cloudrate":0.84,"aqi":10,"humidity":0.65,"pres":100784.86,"pm25":10,"precipitation":{"nearest":{"status":"ok","distance":200.44,"intensity":0.1875},"local":{"status":"ok","intensity":0.0059,"datasource":"gfs"}},"wind":{"direction":342.19,"speed":8.2}}}
{"status":"ok","lang":"zh_CN","server_time":1522009593,"tzshift":28800,"location":[51.530976,-0.446521],"unit":"metric","result":{"status":"ok","temperature":8.75,"skycon":"CLOUDY","cloudrate":0.82,"aqi":10,"humidity":0.65,"pres":100885.8,"pm25":10,"precipitation":{"nearest":{"status":"ok","distance":10000.0,"intensity":0.0},"local":{"status":"ok","intensity":0.0,"datasource":"gfs"}},"wind":{"direction":330.94,"speed":7.66}}}
{"status":"ok","lang":"zh_CN","server_time":1522010794,"tzshift":28800,"location":[51.530976,-0.446521],"unit":"metric","result":{"status":"ok","temperature":8.49,"skycon":"CLOUDY","cloudrate":0.83,"aqi":10.0,"humidity":0.67,"pres":100846.61,"pm25":10.0,"precipitation":{"nearest":{"status":"ok","distance":10000.0,"intensity":0.0},"local":{"status":"ok","intensity":0.0,"datasource":"gfs"}},"wind":{"direction":331.31,"speed":7.59}}}
{"status":"failed", "error":"'API quota is exhausted'"}
{"status":"failed", "error":"'API quota is exhausted'"}
{"status":"failed", "error":"'API quota is exhausted'"}
{"status":"ok","lang":"zh_CN","server_time":1522018000,"tzshift":28800,"location":[51.530976,-0.446521],"unit":"metric","result":{"status":"ok","temperature":7.37,"skycon":"CLOUDY","cloudrate":0.92,"aqi":10,"humidity":0.71,"pres":100967.88,"pm25":10,"precipitation":{"nearest":{"status":"ok","distance":61.55,"intensity":0.1875},"local":{"status":"ok","intensity":0.0,"datasource":"gfs"}},"wind":{"direction":309.92,"speed":6.47}}}
{"status":"failed", "error":"'API quota is exhausted'"}
{"status":"ok","lang":"zh_CN","server_time":1522021597,"tzshift":28800,"location":[51.530976,-0.446521],"unit":"metric","result":{"status":"ok","temperature":6.77,"skycon":"PARTLY_CLOUDY_DAY","cloudrate":0.76,"aqi":10.0,"humidity":0.71,"pres":100999.49,"pm25":10.0,"precipitation":{"nearest":{"status":"ok","distance":89.01,"intensity":0.1875},"local":{"status":"ok","intensity":0.0,"datasource":"gfs"}},"wind":{"direction":323.6,"speed":6.95}}}
{"status":"failed", "error":"'API quota is exhausted'"}
{"status":"failed", "error":"'API quota is exhausted'"}
{"status":"failed", "error":"'API quota is exhausted'"}
{"status":"failed", "error":"'API quota is exhausted'"}
{"status":"ok","lang":"zh_CN","server_time":1522031198,"tzshift":28800,"location":[51.530976,-0.446521],"unit":"metric","result":{"status":"ok","temperature":5.51,"skycon":"PARTLY_CLOUDY_DAY","cloudrate":0.25,"aqi":10.0,"humidity":0.71,"pres":101048.24,"pm25":10.0,"precipitation":{"nearest":{"status":"ok","distance":10000.0,"intensity":0.0},"local":{"status":"ok","intensity":0.0,"datasource":"gfs"}},"wind":{"direction":335.12,"speed":7.88}}}
{"status":"failed", "error":"'API quota is exhausted'"}
{"status":"failed", "error":"'API quota is exhausted'"}
{"status":"failed", "error":"'API quota is exhausted'"}
{"status":"failed", "error":"'API quota is exhausted'"}
{"status":"failed", "error":"'API quota is exhausted'"}
{"status":"failed", "error":"'API quota is exhausted'"}
{"status":"failed", "error":"'API quota is exhausted'"}
{"status":"ok","lang":"zh_CN","server_time":1522045599,"tzshift":28800,"location":[51.530976,-0.446521],"unit":"metric","result":{"status":"ok","temperature":3.89,"skycon":"PARTLY_CLOUDY_DAY","cloudrate":0.23,"aqi":10.0,"humidity":0.75,"pres":101171.72,"pm25":10.0,"precipitation":{"nearest":{"status":"ok","distance":56.14,"intensity":0.1875},"local":{"status":"ok","intensity":0.0,"datasource":"gfs"}},"wind":{"direction":327.86,"speed":7.56}}}
{"status":"failed", "error":"'API quota is exhausted'"}
{"status":"failed", "error":"'API quota is exhausted'"}
{"status":"failed", "error":"'API quota is exhausted'"}
{"status":"failed", "error":"'API quota is exhausted'"}
{"status":"failed", "error":"'API quota is exhausted'"}
{"status":"failed", "error":"'API quota is exhausted'"}
{"status":"failed", "error":"'API quota is exhausted'"}
{"status":"ok","lang":"zh_CN","server_time":1522059998,"tzshift":28800,"location":[51.530976,-0.446521],"unit":"metric","result":{"status":"ok","temperature":9.16,"skycon":"CLEAR_DAY","cloudrate":0.0,"aqi":10.0,"humidity":0.54,"pres":101256.18,"pm25":10.0,"precipitation":{"nearest":{"status":"ok","distance":221.19,"intensity":0.1875},"local":{"status":"ok","intensity":0.0,"datasource":"gfs"}},"wind":{"direction":300.61,"speed":5.91}}}
{"status":"failed", "error":"'API quota is exhausted'"}
{"status":"failed", "error":"'API quota is exhausted'"}
{"status":"failed", "error":"'API quota is exhausted'"}
{"status":"failed", "error":"'API quota is exhausted'"}
{"status":"ok","lang":"zh_CN","server_time":1522068400,"tzshift":28800,"location":[51.530976,-0.446521],"unit":"metric","result":{"status":"ok","temperature":11.33,"skycon":"CLEAR_NIGHT","cloudrate":0.0,"aqi":10,"humidity":0.42,"pres":101249.62,"pm25":10,"precipitation":{"nearest":{"status":"ok","distance":192.36,"intensity":0.1875},"local":{"status":"ok","intensity":0.0,"datasource":"gfs"}},"wind":{"direction":275.23,"speed":8.03}}}
{"status":"ok","lang":"zh_CN","server_time":1522068400,"tzshift":28800,"location":[51.530976,-0.446521],"unit":"metric","result":{"status":"ok","temperature":11.33,"skycon":"CLEAR_NIGHT","cloudrate":0.0,"aqi":10,"humidity":0.42,"pres":101249.62,"pm25":10,"precipitation":{"nearest":{"status":"ok","distance":192.36,"intensity":0.1875},"local":{"status":"ok","intensity":0.0,"datasource":"gfs"}},"wind":{"direction":275.23,"speed":8.03}}}
{"status":"ok","lang":"zh_CN","server_time":1522070808,"tzshift":28800,"location":[51.530976,-0.446521],"unit":"metric","result":{"status":"ok","temperature":11.91,"skycon":"CLEAR_NIGHT","cloudrate":0.07,"aqi":10.0,"humidity":0.4,"pres":101224.73,"pm25":10.0,"precipitation":{"nearest":{"status":"ok","distance":155.81,"intensity":0.1875},"local":{"status":"ok","intensity":0.0,"datasource":"gfs"}},"wind":{"direction":268.95,"speed":9.51}}}
{"status":"ok","lang":"zh_CN","server_time":1522074411,"tzshift":28800,"location":[51.530976,-0.446521],"unit":"metric","result":{"status":"ok","temperature":12.14,"skycon":"CLEAR_NIGHT","cloudrate":0.15,"aqi":10.0,"humidity":0.41,"pres":101188.52,"pm25":10.0,"precipitation":{"local":{"status":"ok","intensity":0.0,"datasource":"gfs"}},"wind":{"direction":264.62,"speed":10.58}}}
{"status":"ok","lang":"zh_CN","server_time":1522078004,"tzshift":28800,"location":[51.530976,-0.446521],"unit":"metric","result":{"status":"ok","temperature":12.01,"skycon":"PARTLY_CLOUDY_NIGHT","cloudrate":0.22,"aqi":10,"humidity":0.43,"pres":101146.05,"pm25":10,"precipitation":{"nearest":{"status":"ok","distance":85.41,"intensity":0.25},"local":{"status":"ok","intensity":0.0,"datasource":"gfs"}},"wind":{"direction":259.97,"speed":10.77}}}
