{"status":"ok","lang":"zh_CN","server_time":1521995199,"tzshift":28800,"location":[51.430976,0.253479],"unit":"metric","result":{"status":"ok","temperature":11.04,"skycon":"CLOUDY","cloudrate":0.82,"aqi":10.0,"humidity":0.58,"pres":100597.56,"pm25":10.0,"precipitation":{"nearest":{"status":"ok","distance":243.1,"intensity":0.1875},"local":{"status":"ok","intensity":0.0,"datasource":"gfs"}},"wind":{"direction":19.45,"speed":9.39}}}
{"status":"ok","lang":"zh_CN","server_time":1521996398,"tzshift":28800,"location":[51.430976,0.253479],"unit":"metric","result":{"status":"ok","temperature":11.04,"skycon":"CLOUDY","cloudrate":0.82,"aqi":10.0,"humidity":0.58,"pres":100597.56,"pm25":10.0,"precipitation":{"nearest":{"status":"ok","distance":155.55,"intensity":0.1875},"local":{"status":"ok","intensity":0.0,"datasource":"gfs"}},"wind":{"direction":19.45,"speed":9.39}}}
{"status":"ok","lang":"zh_CN","server_time":1521998799,"tzshift":28800,"location":[51.430976,0.253479],"unit":"metric","result":{"status":"ok","temperature":10.47,"skycon":"CLOUDY","cloudrate":0.84,"aqi":10.0,"humidity":0.61,"pres":100624.81,"pm25":10.0,"precipitation":{"nearest":{"status":"ok","distance":249.42,"intensity":0.25},"local":{"status":"ok","intensity":0.0,"datasource":"gfs"}},"wind":{"direction":17.23,"speed":8.23}}}
{"status":"ok","lang":"zh_CN","server_time":1522000143,"tzshift":28800,"location":[51.430976,0.253479],"unit":"metric","result":{"status":"ok","temperature":10.47,"skycon":"CLOUDY","cloudrate":0.84,"aqi":10.0,"humidity":0.61,"pres":100624.81,"pm25":10.0,"precipitation":{"nearest":{"status":"ok","distance":377.84,"intensity":0.1875},"local":{"status":"ok","intensity":0.0,"datasource":"gfs"}},"wind":{"direction":17.23,"speed":8.23}}}
{"status":"ok","lang":"zh_CN","server_time":1522002405,"tzshift":28800,"location":[51.430976,0.253479],"unit":"metric","result":{"status":"ok","temperature":9.8,"skycon":"CLOUDY","cloudrate":0.89,"aqi":10.0,"humidity":0.65,"pres":100663.68,"pm25":10.0,"precipitation":{"nearest":{"status":"ok","distance":8.31,"intensity":0.1875},"local":{"status":"ok","intensity":0.0,"datasource":"gfs"}},"wind":{"direction":17.25,"speed":6.73}}}
{"status":"ok","lang":"zh_CN","server_time":1522003593,"tzshift":28800,"location":[51.430976,0.253479],"unit":"metric","result":{"status":"ok","temperature":9.8,"skycon":"CLOUDY","cloudrate":0.89,"aqi":10.0,"humidity":0.65,"pres":100663.68,"pm25":10.0,"precipitation":{"nearest":{"status":"ok","distance":61.42,"intensity":0.1875},"local":{"status":"ok","intensity":0.0,"datasource":"gfs"}},"wind":{"direction":17.25,"speed":6.73}}}
{"status":"ok","lang":"zh_CN","server_time":1522005994,"tzshift":28800,"location":[51.430976,0.253479],"unit":"metric","result":{"status":"ok","temperature":9.2,"skycon":"CLOUDY","cloudrate":0.94,"aqi":10.0,"humidity":0.68,"pres":100717.69,"pm25":10.0,"precipitation":{"nearest":{"status":"ok","distance":10000.0,"intensity":0.0},"local":{"status":"ok","intensity":0.0,"datasource":"gfs"}},"wind":{"direction":24.15,"speed":4.99}}}
{"status":"ok","lang":"zh_CN","server_time":1522007193,"tzshift":28800,"location":[51.430976,0.253479],"unit":"metric","result":{"status":"ok","temperature":9.2,"skycon":"CLOUDY","cloudrate":0.94,"aqi":10.0,"humidity":0.68,"pres":100717.69,"pm25":10.0,"precipitation":{"nearest":{"status":"ok","distance":206.68,"intensity":0.1875},"local":{"status":"ok","intensity":0.0,"datasource":"gfs"}},"wind":{"direction":24.15,"speed":4.99}}}
{"status":"ok","lang":"zh_CN","server_time":1522009593,"tzshift":28800,"location":[51.430976,0.253479],"unit":"metric","result":{"status":"ok","temperature":8.64,"skycon":"CLOUDY","cloudrate":0.98,"aqi":10.0,"humidity":0.71,"pres":100779.59,"pm25":10.0,"precipitation":{"nearest":{"status":"ok","distance":10000.0,"intensity":0.0},"local":{"status":"ok","intensity":0.0228,"datasource":"gfs"}},"wind":{"direction":37.16,"speed":3.46}}}
{"status":"ok","lang":"zh_CN","server_time":1522010793,"tzshift":28800,"location":[51.430976,0.253479],"unit":"metric","result":{"status":"ok","temperature":8.64,"skycon":"CLOUDY","cloudrate":0.98,"aqi":10.0,"humidity":0.71,"pres":100779.59,"pm25":10.0,"precipitation":{"nearest":{"status":"ok","distance":10000.0,"intensity":0.0},"local":{"status":"ok","intensity":0.0228,"datasource":"gfs"}},"wind":{"direction":37.16,"speed":3.46}}}
{"status":"ok","lang":"zh_CN","server_time":1522013310,"tzshift":28800,"location":[51.430976,0.253479],"unit":"metric","result":{"status":"ok","temperature":8.05,"skycon":"RAIN","cloudrate":0.99,"aqi":10.0,"humidity":0.73,"pres":100839.41,"pm25":10.0,"precipitation":{"nearest":{"status":"ok","distance":10000.0,"intensity":0.0},"local":{"status":"ok","intensity":0.0404,"datasource":"gfs"}},"wind":{"direction":41.24,"speed":2.24}}}
{"status":"ok","lang":"zh_CN","server_time":1522014396,"tzshift":28800,"location":[51.430976,0.253479],"unit":"metric","result":{"status":"ok","temperature":8.65,"skycon":"RAIN","cloudrate":1.0,"aqi":10,"humidity":0.73,"pres":100857.73,"pm25":10,"precipitation":{"nearest":{"status":"ok","distance":81.6,"intensity":0.1875},"local":{"status":"ok","intensity":0.0796,"datasource":"gfs"}},"wind":{"direction":25.94,"speed":0.92}}}
{"status":"ok","lang":"zh_CN","server_time":1522016795,"tzshift":28800,"location":[51.430976,0.253479],"unit":"metric","result":{"status":"ok","temperature":8.17,"skycon":"RAIN","cloudrate":1.0,"aqi":10.0,"humidity":0.75,"pres":100899.51,"pm25":10.0,"precipitation":{"nearest":{"status":"ok","distance":10000.0,"intensity":0.0},"local":{"status":"ok","intensity":0.0899,"datasource":"gfs"}},"wind":{"direction":305.53,"speed":1.36}}}
{"status":"failed", "error":"'API quota is exhausted'"}
{"status":"failed", "error":"'API quota is exhausted'"}
{"status":"failed", "error":"'API quota is exhausted'"}
{"status":"failed", "error":"'API quota is exhausted'"}
{"status":"failed", "error":"'API quota is exhausted'"}
{"status":"ok","lang":"zh_CN","server_time":1522027595,"tzshift":28800,"location":[51.430976,0.253479],"unit":"metric","result":{"status":"ok","temperature":6.42,"skycon":"RAIN","cloudrate":0.57,"aqi":10.0,"humidity":0.74,"pres":100952.03,"pm25":10.0,"precipitation":{"nearest":{"status":"ok","distance":112.67,"intensity":0.1875},"local":{"status":"ok","intensity":0.0369,"datasource":"gfs"}},"wind":{"direction":317.0,"speed":6.84}}}
{"status":"failed", "error":"'API quota is exhausted'"}
{"status":"ok","lang":"zh_CN","server_time":1522031198,"tzshift":28800,"location":[51.430976,0.253479],"unit":"metric","result":{"status":"ok","temperature":5.83,"skycon":"PARTLY_CLOUDY_DAY","cloudrate":0.25,"aqi":10.0,"humidity":0.74,"pres":100966.42,"pm25":10.0,"precipitation":{"nearest":{"status":"ok","distance":10000.0,"intensity":0.0},"local":{"status":"ok","intensity":0.0,"datasource":"gfs"}},"wind":{"direction":324.22,"speed":7.85}}}
{"status":"ok","lang":"zh_CN","server_time":1522032398,"tzshift":28800,"location":[51.430976,0.253479],"unit":"metric","result":{"status":"ok","temperature":5.83,"skycon":"PARTLY_CLOUDY_DAY","cloudrate":0.25,"aqi":10.0,"humidity":0.74,"pres":100966.42,"pm25":10.0,"precipitation":{"nearest":{"status":"ok","distance":10000.0,"intensity":0.0},"local":{"status":"ok","intensity":0.0,"datasource":"gfs"}},"wind":{"direction":324.22,"speed":7.85}}}
{"status":"failed", "error":"'API quota is exhausted'"}
{"status":"failed", "error":"'API quota is exhausted'"}
{"status":"failed", "error":"'API quota is exhausted'"}
{"status":"failed", "error":"'API quota is exhausted'"}
{"status":"failed", "error":"'API quota is exhausted'"}
{"status":"failed", "error":"'API quota is exhausted'"}
{"status":"failed", "error":"'API quota is exhausted'"}
{"status":"failed", "error":"'API quota is exhausted'"}
{"status":"failed", "error":"'API quota is exhausted'"}
{"status":"failed", "error":"'API quota is exhausted'"}
{"status":"failed", "error":"'API quota is exhausted'"}
{"status":"failed", "error":"'API quota is exhausted'"}
{"status":"ok","lang":"zh_CN","server_time":1522056396,"tzshift":28800,"location":[51.430976,0.253479],"unit":"metric","result":{"status":"ok","temperature":7.67,"skycon":"CLEAR_DAY","cloudrate":0.0,"aqi":10.0,"humidity":0.62,"pres":101169.67,"pm25":10.0,"precipitation":{"nearest":{"status":"ok","distance":10000.0,"intensity":0.0},"local":{"status":"ok","intensity":0.0,"datasource":"gfs"}},"wind":{"direction":324.77,"speed":8.32}}}
{"status":"failed", "error":"'API quota is exhausted'"}
{"status":"failed", "error":"'API quota is exhausted'"}
{"status":"failed", "error":"'API quota is exhausted'"}
{"status":"failed", "error":"'API quota is exhausted'"}
{"status":"failed", "error":"'API quota is exhausted'"}
{"status":"failed", "error":"'API quota is exhausted'"}
{"status":"ok","lang":"zh_CN","server_time":1522068399,"tzshift":28800,"location":[51.430976,0.253479],"unit":"metric","result":{"status":"ok","temperature":11.41,"skycon":"CLEAR_NIGHT","cloudrate":0.0,"aqi":10.0,"humidity":0.41,"pres":101195.16,"pm25":10.0,"precipitation":{"local":{"status":"ok","intensity":0.0,"datasource":"gfs"}},"wind":{"direction":299.78,"speed":8.15}}}
{"status":"ok","lang":"zh_CN","server_time":1522068399,"tzshift":28800,"location":[51.430976,0.253479],"unit":"metric","result":{"status":"ok","temperature":11.41,"skycon":"CLEAR_NIGHT","cloudrate":0.0,"aqi":10.0,"humidity":0.41,"pres":101195.16,"pm25":10.0,"precipitation":{"local":{"status":"ok","intensity":0.0,"datasource":"gfs"}},"wind":{"direction":299.78,"speed":8.15}}}
{"status":"ok","lang":"zh_CN","server_time":1522070807,"tzshift":28800,"location":[51.430976,0.253479],"unit":"metric","result":{"status":"ok","temperature":11.84,"skycon":"CLEAR_NIGHT","cloudrate":0.08,"aqi":10.0,"humidity":0.39,"pres":101173.77,"pm25":10.0,"precipitation":{"nearest":{"status":"ok","distance":10000.0,"intensity":0.0},"local":{"status":"ok","intensity":0.0,"datasource":"gfs"}},"wind":{"direction":290.01,"speed":8.53}}}
{"status":"ok","lang":"zh_CN","server_time":1522074410,"tzshift":28800,"location":[51.430976,0.253479],"unit":"metric","result":{"status":"ok","temperature":11.92,"skycon":"CLEAR_NIGHT","cloudrate":0.19,"aqi":10.0,"humidity":0.39,"pres":101140.95,"pm25":10.0,"precipitation":{"nearest":{"status":"ok","distance":354.62,"intensity":0.1875},"local":{"status":"ok","intensity":0.0,"datasource":"gfs"}},"wind":{"direction":280.91,"speed":8.77}}}
{"status":"ok","lang":"zh_CN","server_time":1522078003,"tzshift":28800,"location":[51.430976,0.253479],"unit":"metric","result":{"status":"ok","temperature":11.73,"skycon":"PARTLY_CLOUDY_NIGHT","cloudrate":0.31,"aqi":10.0,"humidity":0.4,"pres":101102.46,"pm25":10.0,"precipitation":{"local":{"status":"ok","intensity":0.0,"datasource":"gfs"}},"wind":{"direction":272.44,"speed":8.66}}}
