{"status":"ok","lang":"zh_CN","server_time":1521995200,"tzshift":28800,"location":[51.530976,-0.346521],"unit":"metric","result":{"status":"ok","temperature":11.72,"skycon":"CLOUDY","cloudrate":0.87,"aqi":10.0,"humidity":0.55,"pres":100692.35,"pm25":10.0,"precipitation":{"nearest":{"status":"ok","distance":10000.0,"intensity":0.0},"local":{"status":"ok","intensity":0.0,"datasource":"gfs"}},"wind":{"direction":3.94,"speed":9.86}}}
{"status":"ok","lang":"zh_CN","server_time":1521996400,"tzshift":28800,"location":[51.530976,-0.346521],"unit":"metric","result":{"status":"ok","temperature":11.72,"skycon":"CLOUDY","cloudrate":0.87,"aqi":10.0,"humidity":0.55,"pres":100692.35,"pm25":10.0,"precipitation":{"nearest":{"status":"ok","distance":10000.0,"intensity":0.0},"local":{"status":"ok","intensity":0.0,"datasource":"gfs"}},"wind":{"direction":3.94,"speed":9.86}}}
{"status":"ok","lang":"zh_CN","server_time":1521998801,"tzshift":28800,"location":[51.530976,-0.346521],"unit":"metric","result":{"status":"ok","temperature":11.6,"skycon":"CLOUDY","cloudrate":0.84,"aqi":10.0,"humidity":0.53,"pres":100834.49,"pm25":10.0,"precipitation":{"nearest":{"status":"ok","distance":230.34,"intensity":0.1875},"local":{"status":"ok","intensity":0.0283,"datasource":"gfs"}},"wind":{"direction":359.6,"speed":9.76}}}
{"status":"ok","lang":"zh_CN","server_time":1522000145,"tzshift":28800,"location":[51.530976,-0.346521],"unit":"metric","result":{"status":"ok","temperature":11.6,"skycon":"CLOUDY","cloudrate":0.84,"aqi":10,"humidity":0.53,"pres":100834.49,"pm25":10,"precipitation":{"nearest":{"status":"ok","distance":246.57,"intensity":0.1875},"local":{"status":"ok","intensity":0.0283,"datasource":"gfs"}},"wind":{"direction":359.6,"speed":9.76}}}
{"status":"ok","lang":"zh_CN","server_time":1522002406,"tzshift":28800,"location":[51.530976,-0.346521],"unit":"metric","result":{"status":"ok","temperature":10.38,"skycon":"CLOUDY","cloudrate":0.86,"aqi":10.0,"humidity":0.61,"pres":100766.94,"pm25":10.0,"precipitation":{"nearest":{"status":"ok","distance":10000.0,"intensity":0.0},"local":{"status":"ok","intensity":0.0237,"datasource":"gfs"}},"wind":{"direction":354.15,"speed":9.12}}}
{"status":"ok","lang":"zh_CN","server_time":1522003594,"tzshift":28800,"location":[51.530976,-0.346521],"unit":"metric","result":{"status":"ok","temperature":10.38,"skycon":"CLOUDY","cloudrate":0.86,"aqi":10.0,"humidity":0.61,"pres":100766.94,"pm25":10.0,"precipitation":{"nearest":{"status":"ok","distance":329.08,"intensity":0.1875},"local":{"status":"ok","intensity":0.0237,"datasource":"gfs"}},"wind":{"direction":354.15,"speed":9.12}}}
{"status":"ok","lang":"zh_CN","server_time":1522005995,"tzshift":28800,"location":[51.530976,-0.346521],"unit":"metric","result":{"status":"ok","temperature":9.6,"skycon":"CLOUDY","cloudrate":0.88,"aqi":10.0,"humidity":0.63,"pres":100821.04,"pm25":10.0,"precipitation":{"nearest":{"status":"ok","distance":10000.0,"intensity":0.0},"local":{"status":"ok","intensity":0.0,"datasource":"gfs"}},"wind":{"direction":345.05,"speed":8.12}}}
{"status":"ok","lang":"zh_CN","server_time":1522007194,"tzshift":28800,"location":[51.530976,-0.346521],"unit":"metric","result":{"status":"ok","temperature":9.6,"skycon":"CLOUDY","cloudrate":0.88,"aqi":10.0,"humidity":0.63,"pres":100821.04,"pm25":10.0,"precipitation":{"nearest":{"status":"ok","distance":225.29,"intensity":0.1875},"local":{"status":"ok","intensity":0.0,"datasource":"gfs"}},"wind":{"direction":345.05,"speed":8.12}}}
{"status":"ok","lang":"zh_CN","server_time":1522009594,"tzshift":28800,"location":[51.530976,-0.346521],"unit":"metric","result":{"status":"ok","temperature":9.56,"skycon":"CLOUDY","cloudrate":0.86,"aqi":10.0,"humidity":0.61,"pres":100994.23,"pm25":10.0,"precipitation":{"nearest":{"status":"ok","distance":85.87,"intensity":0.1875},"local":{"status":"ok","intensity":0.0,"datasource":"gfs"}},"wind":{"direction":333.02,"speed":7.54}}}
{"status":"ok","lang":"zh_CN","server_time":1522010794,"tzshift":28800,"location":[51.530976,-0.346521],"unit":"metric","result":{"status":"ok","temperature":9.56,"skycon":"CLOUDY","cloudrate":0.86,"aqi":10.0,"humidity":0.61,"pres":100994.23,"pm25":10.0,"precipitation":{"nearest":{"status":"ok","distance":10000.0,"intensity":0.0},"local":{"status":"ok","intensity":0.0,"datasource":"gfs"}},"wind":{"direction":333.02,"speed":7.54}}}
{"status":"ok","lang":"zh_CN","server_time":1522013312,"tzshift":28800,"location":[51.530976,-0.346521],"unit":"metric","result":{"status":"ok","temperature":8.04,"skycon":"CLOUDY","cloudrate":0.86,"aqi":10.0,"humidity":0.66,"pres":100942.04,"pm25":10.0,"precipitation":{"nearest":{"status":"ok","distance":10000.0,"intensity":0.0},"local":{"status":"ok","intensity":0.0,"datasource":"gfs"}},"wind":{"direction":328.1,"speed":7.13}}}
{"status":"ok","lang":"zh_CN","server_time":1522014397,"tzshift":28800,"location":[51.530976,-0.346521],"unit":"metric","result":{"status":"ok","temperature":8.41,"skycon":"CLOUDY","cloudrate":1.0,"aqi":10.0,"humidity":0.68,"pres":100957.26,"pm25":10.0,"precipitation":{"nearest":{"status":"ok","distance":10000.0,"intensity":0.0},"local":{"status":"ok","intensity":0.0067,"datasource":"gfs"}},"wind":{"direction":308.35,"speed":5.94}}}
{"status":"ok","lang":"zh_CN","server_time":1522016797,"tzshift":28800,"location":[51.530976,-0.346521],"unit":"metric","result":{"status":"ok","temperature":7.73,"skycon":"CLOUDY","cloudrate":0.92,"aqi":10.0,"humidity":0.69,"pres":101003.59,"pm25":10.0,"precipitation":{"nearest":{"status":"ok","distance":10000.0,"intensity":0.0},"local":{"status":"ok","intensity":0.0,"datasource":"gfs"}},"wind":{"direction":312.07,"speed":6.27}}}
{"status":"failed", "error":"'API quota is exhausted'"}
{"status":"failed", "error":"'API quota is exhausted'"}
{"status":"failed", "error":"'API quota is exhausted'"}
{"status":"ok","lang":"zh_CN","server_time":1522024176,"tzshift":28800,"location":[51.530976,-0.346521],"unit":"metric","result":{"status":"ok","temperature":6.54,"skycon":"PARTLY_CLOUDY_DAY","cloudrate":0.59,"aqi":10,"humidity":0.7,"pres":101056.24,"pm25":10,"precipitation":{"nearest":{"status":"ok","distance":10000.0,"intensity":0.0},"local":{"status":"ok","intensity":0.0,"datasource":"gfs"}},"wind":{"direction":333.92,"speed":7.92}}}
{"status":"failed", "error":"'API quota is exhausted'"}
{"status":"failed", "error":"'API quota is exhausted'"}
{"status":"ok","lang":"zh_CN","server_time":1522028800,"tzshift":28800,"location":[51.530976,-0.346521],"unit":"metric","result":{"status":"ok","temperature":6.16,"skycon":"PARTLY_CLOUDY_DAY","cloudrate":0.41,"aqi":10.0,"humidity":0.7,"pres":101070.38,"pm25":10.0,"precipitation":{"nearest":{"status":"ok","distance":9.2,"intensity":0.1875},"local":{"status":"ok","intensity":0.0,"datasource":"gfs"}},"wind":{"direction":336.81,"speed":8.2}}}
{"status":"failed", "error":"'API quota is exhausted'"}
{"status":"failed", "error":"'API quota is exhausted'"}
{"status":"failed", "error":"'API quota is exhausted'"}
{"status":"failed", "error":"'API quota is exhausted'"}
{"status":"failed", "error":"'API quota is exhausted'"}
{"status":"failed", "error":"'API quota is exhausted'"}
{"status":"failed", "error":"'API quota is exhausted'"}
{"status":"failed", "error":"'API quota is exhausted'"}
{"status":"failed", "error":"'API quota is exhausted'"}
{"status":"failed", "error":"'API quota is exhausted'"}
{"status":"failed", "error":"'API quota is exhausted'"}
{"status":"failed", "error":"'API quota is exhausted'"}
{"status":"failed", "error":"'API quota is exhausted'"}
{"status":"failed", "error":"'API quota is exhausted'"}
{"status":"failed", "error":"'API quota is exhausted'"}
{"status":"failed", "error":"'API quota is exhausted'"}
{"status":"failed", "error":"'API quota is exhausted'"}
{"status":"failed", "error":"'API quota is exhausted'"}
{"status":"failed", "error":"'API quota is exhausted'"}
{"status":"failed", "error":"'API quota is exhausted'"}
{"status":"failed", "error":"'API quota is exhausted'"}
{"status":"ok","lang":"zh_CN","server_time":1522068400,"tzshift":28800,"location":[51.530976,-0.346521],"unit":"metric","result":{"status":"ok","temperature":11.41,"skycon":"CLEAR_NIGHT","cloudrate":0.0,"aqi":10.0,"humidity":0.41,"pres":101288.55,"pm25":10.0,"precipitation":{"nearest":{"status":"ok","distance":190.39,"intensity":0.25},"local":{"status":"ok","intensity":0.0,"datasource":"gfs"}},"wind":{"direction":277.92,"speed":7.89}}}
{"status":"ok","lang":"zh_CN","server_time":1522068400,"tzshift":28800,"location":[51.530976,-0.346521],"unit":"metric","result":{"status":"ok","temperature":11.41,"skycon":"CLEAR_NIGHT","cloudrate":0.0,"aqi":10.0,"humidity":0.41,"pres":101288.55,"pm25":10.0,"precipitation":{"nearest":{"status":"ok","distance":190.39,"intensity":0.25},"local":{"status":"ok","intensity":0.0,"datasource":"gfs"}},"wind":{"direction":277.92,"speed":7.89}}}
{"status":"ok","lang":"zh_CN","server_time":1522070808,"tzshift":28800,"location":[51.530976,-0.346521],"unit":"metric","result":{"status":"ok","temperature":12.02,"skycon":"CLEAR_NIGHT","cloudrate":0.06,"aqi":10.0,"humidity":0.39,"pres":101263.47,"pm25":10.0,"precipitation":{"nearest":{"status":"ok","distance":176.21,"intensity":0.1875},"local":{"status":"ok","intensity":0.0,"datasource":"gfs"}},"wind":{"direction":270.91,"speed":9.28}}}
{"status":"ok","lang":"zh_CN","server_time":1522074411,"tzshift":28800,"location":[51.530976,-0.346521],"unit":"metric","result":{"status":"ok","temperature":12.28,"skycon":"CLEAR_NIGHT","cloudrate":0.13,"aqi":10.0,"humidity":0.39,"pres":101226.84,"pm25":10.0,"precipitation":{"nearest":{"status":"ok","distance":246.1,"intensity":0.3125},"local":{"status":"ok","intensity":0.0,"datasource":"gfs"}},"wind":{"direction":266.02,"speed":10.32}}}
{"status":"ok","lang":"zh_CN","server_time":1522078004,"tzshift":28800,"location":[51.530976,-0.346521],"unit":"metric","result":{"status":"ok","temperature":12.2,"skycon":"CLEAR_NIGHT","cloudrate":0.19,"aqi":10.0,"humidity":0.41,"pres":101184.27,"pm25":10.0,"precipitation":{"nearest":{"status":"ok","distance":153.11,"intensity":0.1875},"local":{"status":"ok","intensity":0.0,"datasource":"gfs"}},"wind":{"direction":261.19,"speed":10.57}}}
