{"status":"ok","lang":"zh_CN","server_time":1521995199,"tzshift":28800,"location":[51.530976,-0.546521],"unit":"metric","result":{"status":"ok","temperature":11.4,"skycon":"CLOUDY","cloudrate":0.89,"aqi":10.0,"humidity":0.59,"pres":100585.98,"pm25":10.0,"precipitation":{"nearest":{"status":"ok","distance":10000.0,"intensity":0.0},"local":{"status":"ok","intensity":0.0229,"datasource":"gfs"}},"wind":{"direction":357.97,"speed":10.31}}}
{"status":"ok","lang":"zh_CN","server_time":1521996399,"tzshift":28800,"location":[51.530976,-0.546521],"unit":"metric","result":{"status":"ok","temperature":11.4,"skycon":"CLOUDY","cloudrate":0.89,"aqi":10.0,"humidity":0.59,"pres":100585.98,"pm25":10.0,"precipitation":{"nearest":{"status":"ok","distance":313.99,"intensity":0.1875},"local":{"status":"ok","intensity":0.0229,"datasource":"gfs"}},"wind":{"direction":357.97,"speed":10.31}}}
{"status":"ok","lang":"zh_CN","server_time":1521998800,"tzshift":28800,"location":[51.530976,-0.546521],"unit":"metric","result":{"status":"ok","temperature":10.69,"skycon":"RAIN","cloudrate":0.88,"aqi":10.0,"humidity":0.62,"pres":100617.5,"pm25":10.0,"precipitation":{"nearest":{"status":"ok","distance":211.53,"intensity":0.1875},"local":{"status":"ok","intensity":0.0398,"datasource":"gfs"}},"wind":{"direction":354.61,"speed":9.77}}}
{"status":"ok","lang":"zh_CN","server_time":1522000144,"tzshift":28800,"location":[51.530976,-0.546521],"unit":"metric","result":{"status":"ok","temperature":10.69,"skycon":"RAIN","cloudrate":0.88,"aqi":10,"humidity":0.62,"pres":100617.5,"pm25":10,"precipitation":{"nearest":{"status":"ok","distance":491.19,"intensity":0.25},"local":{"status":"ok","intensity":0.0398,"datasource":"gfs"}},"wind":{"direction":354.61,"speed":9.77}}}
{"status":"ok","lang":"zh_CN","server_time":1522002405,"tzshift":28800,"location":[51.530976,-0.546521],"unit":"metric","result":{"status":"ok","temperature":9.82,"skycon":"RAIN","cloudrate":0.84,"aqi":10.0,"humidity":0.66,"pres":100659.59,"pm25":10.0,"precipitation":{"nearest":{"status":"ok","distance":498.27,"intensity":0.1875},"local":{"status":"ok","intensity":0.0384,"datasource":"gfs"}},"wind":{"direction":349.13,"speed":8.99}}}
{"status":"ok","lang":"zh_CN","server_time":1522003594,"tzshift":28800,"location":[51.530976,-0.546521],"unit":"metric","result":{"status":"ok","temperature":9.82,"skycon":"RAIN","cloudrate":0.84,"aqi":10,"humidity":0.66,"pres":100659.59,"pm25":10,"precipitation":{"nearest":{"status":"ok","distance":81.37,"intensity":0.25},"local":{"status":"ok","intensity":0.0384,"datasource":"gfs"}},"wind":{"direction":349.13,"speed":8.99}}}
{"status":"ok","lang":"zh_CN","server_time":1522005994,"tzshift":28800,"location":[51.530976,-0.546521],"unit":"metric","result":{"status":"ok","temperature":8.88,"skycon":"CLOUDY","cloudrate":0.81,"aqi":10.0,"humidity":0.68,"pres":100714.9,"pm25":10.0,"precipitation":{"nearest":{"status":"ok","distance":10000.0,"intensity":0.0},"local":{"status":"ok","intensity":0.0103,"datasource":"gfs"}},"wind":{"direction":339.45,"speed":8.2}}}
{"status":"ok","lang":"zh_CN","server_time":1522007193,"tzshift":28800,"location":[51.530976,-0.546521],"unit":"metric","result":{"status":"ok","temperature":8.88,"skycon":"CLOUDY","cloudrate":0.81,"aqi":10.0,"humidity":0.68,"pres":100714.9,"pm25":10.0,"precipitation":{"nearest":{"status":"ok","distance":154.24,"intensity":0.1875},"local":{"status":"ok","intensity":0.0103,"datasource":"gfs"}},"wind":{"direction":339.45,"speed":8.2}}}
{"status":"ok","lang":"zh_CN","server_time":1522009593,"tzshift":28800,"location":[51.530976,-0.546521],"unit":"metric","result":{"status":"ok","temperature":7.93,"skycon":"PARTLY_CLOUDY_NIGHT","cloudrate":0.78,"aqi":10.0,"humidity":0.7,"pres":100777.36,"pm25":10.0,"precipitation":{"nearest":{"status":"ok","distance":322.46,"intensity":0.1875},"local":{"status":"ok","intensity":0.0,"datasource":"gfs"}},"wind":{"direction":328.92,"speed":7.8}}}
{"status":"ok","lang":"zh_CN","server_time":1522010793,"tzshift":28800,"location":[51.530976,-0.546521],"unit":"metric","result":{"status":"ok","temperature":7.93,"skycon":"PARTLY_CLOUDY_NIGHT","cloudrate":0.78,"aqi":10,"humidity":0.7,"pres":100777.36,"pm25":10,"precipitation":{"nearest":{"status":"ok","distance":10000.0,"intensity":0.0},"local":{"status":"ok","intensity":0.0,"datasource":"gfs"}},"wind":{"direction":328.92,"speed":7.8}}}
{"status":"ok","lang":"zh_CN","server_time":1522013311,"tzshift":28800,"location":[51.530976,-0.546521],"unit":"metric","result":{"status":"ok","temperature":7.07,"skycon":"PARTLY_CLOUDY_NIGHT","cloudrate":0.72,"aqi":10.0,"humidity":0.71,"pres":100838.71,"pm25":10.0,"precipitation":{"nearest":{"status":"ok","distance":10000.0,"intensity":0.0},"local":{"status":"ok","intensity":0.0,"datasource":"gfs"}},"wind":{"direction":324.17,"speed":7.75}}}
{"status":"ok","lang":"zh_CN","server_time":1522014396,"tzshift":28800,"location":[51.530976,-0.546521],"unit":"metric","result":{"status":"ok","temperature":7.42,"skycon":"CLOUDY","cloudrate":0.99,"aqi":10.0,"humidity":0.72,"pres":100851.5,"pm25":10.0,"precipitation":{"nearest":{"status":"ok","distance":10000.0,"intensity":0.0},"local":{"status":"ok","intensity":0.0,"datasource":"gfs"}},"wind":{"direction":303.16,"speed":6.73}}}
{"status":"ok","lang":"zh_CN","server_time":1522016796,"tzshift":28800,"location":[51.530976,-0.546521],"unit":"metric","result":{"status":"ok","temperature":6.78,"skycon":"CLOUDY","cloudrate":0.91,"aqi":10.0,"humidity":0.73,"pres":100897.73,"pm25":10.0,"precipitation":{"nearest":{"status":"ok","distance":10000.0,"intensity":0.0},"local":{"status":"ok","intensity":0.0,"datasource":"gfs"}},"wind":{"direction":308.14,"speed":6.71}}}
{"status":"failed", "error":"'API quota is exhausted'"}
{"status":"ok","lang":"zh_CN","server_time":1522020396,"tzshift":28800,"location":[51.530976,-0.546521],"unit":"metric","result":{"status":"ok","temperature":6.24,"skycon":"PARTLY_CLOUDY_DAY","cloudrate":0.75,"aqi":10.0,"humidity":0.74,"pres":100929.16,"pm25":10.0,"precipitation":{"nearest":{"status":"ok","distance":10000.0,"intensity":0.0},"local":{"status":"ok","intensity":0.0,"datasource":"gfs"}},"wind":{"direction":322.49,"speed":6.97}}}
{"status":"ok","lang":"zh_CN","server_time":1522021596,"tzshift":28800,"location":[51.530976,-0.546521],"unit":"metric","result":{"status":"ok","temperature":6.24,"skycon":"PARTLY_CLOUDY_DAY","cloudrate":0.75,"aqi":10.0,"humidity":0.74,"pres":100929.16,"pm25":10.0,"precipitation":{"nearest":{"status":"ok","distance":95.5,"intensity":0.1875},"local":{"status":"ok","intensity":0.0,"datasource":"gfs"}},"wind":{"direction":322.49,"speed":6.97}}}
{"status":"failed", "error":"'API quota is exhausted'"}
{"status":"ok","lang":"zh_CN","server_time":1522025196,"tzshift":28800,"location":[51.530976,-0.546521],"unit":"metric","result":{"status":"ok","temperature":5.8,"skycon":"PARTLY_CLOUDY_DAY","cloudrate":0.56,"aqi":10,"humidity":0.74,"pres":100950.0,"pm25":10,"precipitation":{"nearest":{"status":"ok","distance":21.93,"intensity":0.1875},"local":{"status":"ok","intensity":0.0,"datasource":"gfs"}},"wind":{"direction":334.23,"speed":7.59}}}
{"status":"failed", "error":"'API quota is exhausted'"}
{"status":"failed", "error":"'API quota is exhausted'"}
{"status":"failed", "error":"'API quota is exhausted'"}
{"status":"failed", "error":"'API quota is exhausted'"}
{"status":"failed", "error":"'API quota is exhausted'"}
{"status":"ok","lang":"zh_CN","server_time":1522036000,"tzshift":28800,"location":[51.530976,-0.546521],"unit":"metric","result":{"status":"ok","temperature":4.98,"skycon":"PARTLY_CLOUDY_DAY","cloudrate":0.38,"aqi":10.0,"humidity":0.74,"pres":101026.14,"pm25":10.0,"precipitation":{"nearest":{"status":"ok","distance":132.72,"intensity":0.1875},"local":{"status":"ok","intensity":0.0,"datasource":"gfs"}},"wind":{"direction":338.22,"speed":8.38}}}
{"status":"failed", "error":"'API quota is exhausted'"}
{"status":"failed", "error":"'API quota is exhausted'"}
{"status":"failed", "error":"'API quota is exhausted'"}
{"status":"ok","lang":"zh_CN","server_time":1522043203,"tzshift":28800,"location":[51.530976,-0.546521],"unit":"metric","result":{"status":"ok","temperature":3.5,"skycon":"PARTLY_CLOUDY_DAY","cloudrate":0.27,"aqi":10.0,"humidity":0.78,"pres":101077.4,"pm25":10.0,"precipitation":{"nearest":{"status":"ok","distance":10000.0,"intensity":0.0},"local":{"status":"ok","intensity":0.0,"datasource":"gfs"}},"wind":{"direction":330.93,"speed":7.89}}}
{"status":"failed", "error":"'API quota is exhausted'"}
{"status":"failed", "error":"'API quota is exhausted'"}
{"status":"failed", "error":"'API quota is exhausted'"}
{"status":"failed", "error":"'API quota is exhausted'"}
{"status":"failed", "error":"'API quota is exhausted'"}
{"status":"failed", "error":"'API quota is exhausted'"}
{"status":"failed", "error":"'API quota is exhausted'"}
{"status":"failed", "error":"'API quota is exhausted'"}
{"status":"failed", "error":"'API quota is exhausted'"}
{"status":"failed", "error":"'API quota is exhausted'"}
{"status":"failed", "error":"'API quota is exhausted'"}
{"status":"failed", "error":"'API quota is exhausted'"}
{"status":"ok","lang":"zh_CN","server_time":1522067205,"tzshift":28800,"location":[51.530976,-0.546521],"unit":"metric","result":{"status":"ok","temperature":11.13,"skycon":"CLEAR_NIGHT","cloudrate":0.0,"aqi":10,"humidity":0.45,"pres":101177.05,"pm25":10,"precipitation":{"nearest":{"status":"ok","distance":10000.0,"intensity":0.0},"local":{"status":"ok","intensity":0.0,"datasource":"gfs"}},"wind":{"direction":272.84,"speed":8.42}}}
{"status":"ok","lang":"zh_CN","server_time":1522068400,"tzshift":28800,"location":[51.530976,-0.546521],"unit":"metric","result":{"status":"ok","temperature":11.13,"skycon":"CLEAR_NIGHT","cloudrate":0.0,"aqi":10.0,"humidity":0.45,"pres":101177.05,"pm25":10.0,"precipitation":{"nearest":{"status":"ok","distance":109.37,"intensity":0.1875},"local":{"status":"ok","intensity":0.0,"datasource":"gfs"}},"wind":{"direction":272.84,"speed":8.42}}}
{"status":"ok","lang":"zh_CN","server_time":1522068400,"tzshift":28800,"location":[51.530976,-0.546521],"unit":"metric","result":{"status":"ok","temperature":11.13,"skycon":"CLEAR_NIGHT","cloudrate":0.0,"aqi":10.0,"humidity":0.45,"pres":101177.05,"pm25":10.0,"precipitation":{"nearest":{"status":"ok","distance":109.37,"intensity":0.1875},"local":{"status":"ok","intensity":0.0,"datasource":"gfs"}},"wind":{"direction":272.84,"speed":8.42}}}
{"status":"ok","lang":"zh_CN","server_time":1522070807,"tzshift":28800,"location":[51.530976,-0.546521],"unit":"metric","result":{"status":"ok","temperature":11.7,"skycon":"CLEAR_NIGHT","cloudrate":0.08,"aqi":10.0,"humidity":0.43,"pres":101152.49,"pm25":10.0,"precipitation":{"nearest":{"status":"ok","distance":10000.0,"intensity":0.0},"local":{"status":"ok","intensity":0.0,"datasource":"gfs"}},"wind":{"direction":267.24,"speed":9.95}}}
{"status":"ok","lang":"zh_CN","server_time":1522074410,"tzshift":28800,"location":[51.530976,-0.546521],"unit":"metric","result":{"status":"ok","temperature":11.91,"skycon":"CLEAR_NIGHT","cloudrate":0.17,"aqi":10.0,"humidity":0.44,"pres":101116.62,"pm25":10.0,"precipitation":{"nearest":{"status":"ok","distance":73.83,"intensity":0.1875},"local":{"status":"ok","intensity":0.0,"datasource":"gfs"}},"wind":{"direction":263.4,"speed":11.0}}}
{"status":"ok","lang":"zh_CN","server_time":1522078003,"tzshift":28800,"location":[51.530976,-0.546521],"unit":"metric","result":{"status":"ok","temperature":11.75,"skycon":"PARTLY_CLOUDY_NIGHT","cloudrate":0.25,"aqi":10.0,"humidity":0.46,"pres":101074.06,"pm25":10.0,"precipitation":{"local":{"status":"ok","intensity":0.0,"datasource":"gfs"}},"wind":{"direction":258.92,"speed":11.07}}}
