{"status":"ok","lang":"zh_CN","server_time":1521995198,"tzshift":28800,"location":[51.430976,0.153479],"unit":"metric","result":{"status":"ok","temperature":11.22,"skycon":"PARTLY_CLOUDY_NIGHT","cloudrate":0.79,"aqi":10.0,"humidity":0.57,"pres":100571.85,"pm25":10.0,"precipitation":{"nearest":{"status":"ok","distance":10000.0,"intensity":0.0},"local":{"status":"ok","intensity":0.0,"datasource":"gfs"}},"wind":{"direction":18.15,"speed":9.48}}}
{"status":"ok","lang":"zh_CN","server_time":1521996398,"tzshift":28800,"location":[51.430976,0.153479],"unit":"metric","result":{"status":"ok","temperature":11.22,"skycon":"PARTLY_CLOUDY_NIGHT","cloudrate":0.79,"aqi":10.0,"humidity":0.57,"pres":100571.85,"pm25":10.0,"precipitation":{"nearest":{"status":"ok","distance":182.72,"intensity":0.1875},"local":{"status":"ok","intensity":0.0,"datasource":"gfs"}},"wind":{"direction":18.15,"speed":9.48}}}
{"status":"ok","lang":"zh_CN","server_time":1521998799,"tzshift":28800,"location":[51.430976,0.153479],"unit":"metric","result":{"status":"ok","temperature":10.64,"skycon":"CLOUDY","cloudrate":0.82,"aqi":10.0,"humidity":0.6,"pres":100600.15,"pm25":10.0,"precipitation":{"nearest":{"status":"ok","distance":186.45,"intensity":0.1875},"local":{"status":"ok","intensity":0.0,"datasource":"gfs"}},"wind":{"direction":14.65,"speed":8.59}}}
{"status":"ok","lang":"zh_CN","server_time":1522000143,"tzshift":28800,"location":[51.430976,0.153479],"unit":"metric","result":{"status":"ok","temperature":10.64,"skycon":"CLOUDY","cloudrate":0.82,"aqi":10.0,"humidity":0.6,"pres":100600.15,"pm25":10.0,"precipitation":{"nearest":{"status":"ok","distance":215.72,"intensity":0.25},"local":{"status":"ok","intensity":0.0,"datasource":"gfs"}},"wind":{"direction":14.65,"speed":8.59}}}
{"status":"ok","lang":"zh_CN","server_time":1522002404,"tzshift":28800,"location":[51.430976,0.153479],"unit":"metric","result":{"status":"ok","temperature":9.98,"skycon":"CLOUDY","cloudrate":0.87,"aqi":10.0,"humidity":0.64,"pres":100639.61,"pm25":10.0,"precipitation":{"nearest":{"status":"ok","distance":194.98,"intensity":0.1875},"local":{"status":"ok","intensity":0.0,"datasource":"gfs"}},"wind":{"direction":12.34,"speed":7.29}}}
{"status":"ok","lang":"zh_CN","server_time":1522003593,"tzshift":28800,"location":[51.430976,0.153479],"unit":"metric","result":{"status":"ok","temperature":9.98,"skycon":"CLOUDY","cloudrate":0.87,"aqi":10,"humidity":0.64,"pres":100639.61,"pm25":10,"precipitation":{"nearest":{"status":"ok","distance":461.13,"intensity":0.1875},"local":{"status":"ok","intensity":0.0,"datasource":"gfs"}},"wind":{"direction":12.34,"speed":7.29}}}
{"status":"ok","lang":"zh_CN","server_time":1522005993,"tzshift":28800,"location":[51.430976,0.153479],"unit":"metric","result":{"status":"ok","temperature":9.37,"skycon":"CLOUDY","cloudrate":0.93,"aqi":10.0,"humidity":0.67,"pres":100693.37,"pm25":10.0,"precipitation":{"nearest":{"status":"ok","distance":304.44,"intensity":0.1875},"local":{"status":"ok","intensity":0.0,"datasource":"gfs"}},"wind":{"direction":14.05,"speed":5.55}}}
{"status":"ok","lang":"zh_CN","server_time":1522007192,"tzshift":28800,"location":[51.430976,0.153479],"unit":"metric","result":{"status":"ok","temperature":9.37,"skycon":"CLOUDY","cloudrate":0.93,"aqi":10.0,"humidity":0.67,"pres":100693.37,"pm25":10.0,"precipitation":{"nearest":{"status":"ok","distance":10000.0,"intensity":0.0},"local":{"status":"ok","intensity":0.0,"datasource":"gfs"}},"wind":{"direction":14.05,"speed":5.55}}}
{"status":"ok","lang":"zh_CN","server_time":1522009592,"tzshift":28800,"location":[51.430976,0.153479],"unit":"metric","result":{"status":"ok","temperature":8.8,"skycon":"CLOUDY","cloudrate":0.97,"aqi":10.0,"humidity":0.69,"pres":100754.73,"pm25":10.0,"precipitation":{"nearest":{"status":"ok","distance":10000.0,"intensity":0.0},"local":{"status":"ok","intensity":0.0156,"datasource":"gfs"}},"wind":{"direction":17.86,"speed":3.86}}}
{"status":"ok","lang":"zh_CN","server_time":1522010792,"tzshift":28800,"location":[51.430976,0.153479],"unit":"metric","result":{"status":"ok","temperature":8.8,"skycon":"CLOUDY","cloudrate":0.97,"aqi":10.0,"humidity":0.69,"pres":100754.73,"pm25":10.0,"precipitation":{"nearest":{"status":"ok","distance":10000.0,"intensity":0.0},"local":{"status":"ok","intensity":0.0156,"datasource":"gfs"}},"wind":{"direction":17.86,"speed":3.86}}}
{"status":"ok","lang":"zh_CN","server_time":1522013310,"tzshift":28800,"location":[51.430976,0.153479],"unit":"metric","result":{"status":"ok","temperature":8.2,"skycon":"CLOUDY","cloudrate":0.98,"aqi":10.0,"humidity":0.72,"pres":100814.53,"pm25":10.0,"precipitation":{"nearest":{"status":"ok","distance":10000.0,"intensity":0.0},"local":{"status":"ok","intensity":0.0294,"datasource":"gfs"}},"wind":{"direction":11.64,"speed":2.77}}}
{"status":"ok","lang":"zh_CN","server_time":1522014395,"tzshift":28800,"location":[51.430976,0.153479],"unit":"metric","result":{"status":"ok","temperature":8.81,"skycon":"RAIN","cloudrate":1.0,"aqi":10.0,"humidity":0.72,"pres":100833.28,"pm25":10.0,"precipitation":{"nearest":{"status":"ok","distance":79.92,"intensity":0.25},"local":{"status":"ok","intensity":0.0794,"datasource":"gfs"}},"wind":{"direction":343.24,"speed":1.71}}}
{"status":"ok","lang":"zh_CN","server_time":1522016795,"tzshift":28800,"location":[51.430976,0.153479],"unit":"metric","result":{"status":"ok","temperature":8.25,"skycon":"RAIN","cloudrate":1.0,"aqi":10.0,"humidity":0.73,"pres":100876.16,"pm25":10.0,"precipitation":{"nearest":{"status":"ok","distance":261.62,"intensity":0.1875},"local":{"status":"ok","intensity":0.0859,"datasource":"gfs"}},"wind":{"direction":313.85,"speed":2.54}}}
{"status":"failed", "error":"'API quota is exhausted'"}
{"status":"failed", "error":"'API quota is exhausted'"}
{"status":"ok","lang":"zh_CN","server_time":1522021595,"tzshift":28800,"location":[51.430976,0.153479],"unit":"metric","result":{"status":"ok","temperature":7.6,"skycon":"RAIN","cloudrate":0.95,"aqi":10.0,"humidity":0.74,"pres":100902.56,"pm25":10.0,"precipitation":{"nearest":{"status":"ok","distance":64.13,"intensity":0.1875},"local":{"status":"ok","intensity":0.0802,"datasource":"gfs"}},"wind":{"direction":311.91,"speed":4.37}}}
{"status":"ok","lang":"zh_CN","server_time":1522024175,"tzshift":28800,"location":[51.430976,0.153479],"unit":"metric","result":{"status":"ok","temperature":6.95,"skycon":"RAIN","cloudrate":0.8,"aqi":10,"humidity":0.74,"pres":100919.01,"pm25":10,"precipitation":{"nearest":{"status":"ok","distance":116.3,"intensity":0.25},"local":{"status":"ok","intensity":0.0615,"datasource":"gfs"}},"wind":{"direction":316.28,"speed":6.15}}}
{"status":"failed", "error":"'API quota is exhausted'"}
{"status":"failed", "error":"'API quota is exhausted'"}
{"status":"failed", "error":"'API quota is exhausted'"}
{"status":"failed", "error":"'API quota is exhausted'"}
{"status":"failed", "error":"'API quota is exhausted'"}
{"status":"failed", "error":"'API quota is exhausted'"}
{"status":"failed", "error":"'API quota is exhausted'"}
{"status":"failed", "error":"'API quota is exhausted'"}
{"status":"failed", "error":"'API quota is exhausted'"}
{"status":"failed", "error":"'API quota is exhausted'"}
{"status":"failed", "error":"'API quota is exhausted'"}
{"status":"failed", "error":"'API quota is exhausted'"}
{"status":"failed", "error":"'API quota is exhausted'"}
{"status":"failed", "error":"'API quota is exhausted'"}
{"status":"failed", "error":"'API quota is exhausted'"}
{"status":"failed", "error":"'API quota is exhausted'"}
{"status":"failed", "error":"'API quota is exhausted'"}
{"status":"failed", "error":"'API quota is exhausted'"}
{"status":"failed", "error":"'API quota is exhausted'"}
{"status":"failed", "error":"'API quota is exhausted'"}
{"status":"failed", "error":"'API quota is exhausted'"}
{"status":"failed", "error":"'API quota is exhausted'"}
{"status":"failed", "error":"'API quota is exhausted'"}
{"status":"failed", "error":"'API quota is exhausted'"}
{"status":"ok","lang":"zh_CN","server_time":1522068399,"tzshift":28800,"location":[51.430976,0.153479],"unit":"metric","result":{"status":"ok","temperature":11.4,"skycon":"CLEAR_NIGHT","cloudrate":0.0,"aqi":10.0,"humidity":0.4,"pres":101171.88,"pm25":10.0,"precipitation":{"nearest":{"status":"ok","distance":119.23,"intensity":0.25},"local":{"status":"ok","intensity":0.0,"datasource":"gfs"}},"wind":{"direction":297.23,"speed":8.03}}}
{"status":"ok","lang":"zh_CN","server_time":1522068399,"tzshift":28800,"location":[51.430976,0.153479],"unit":"metric","result":{"status":"ok","temperature":11.4,"skycon":"CLEAR_NIGHT","cloudrate":0.0,"aqi":10.0,"humidity":0.4,"pres":101171.88,"pm25":10.0,"precipitation":{"nearest":{"status":"ok","distance":119.23,"intensity":0.25},"local":{"status":"ok","intensity":0.0,"datasource":"gfs"}},"wind":{"direction":297.23,"speed":8.03}}}
{"status":"ok","lang":"zh_CN","server_time":1522070806,"tzshift":28800,"location":[51.430976,0.153479],"unit":"metric","result":{"status":"ok","temperature":11.89,"skycon":"CLEAR_NIGHT","cloudrate":0.08,"aqi":10.0,"humidity":0.38,"pres":101149.68,"pm25":10.0,"precipitation":{"local":{"status":"ok","intensity":0.0,"datasource":"gfs"}},"wind":{"direction":287.16,"speed":8.6}}}
{"status":"ok","lang":"zh_CN","server_time":1522074409,"tzshift":28800,"location":[51.430976,0.153479],"unit":"metric","result":{"status":"ok","temperature":12.04,"skycon":"CLEAR_NIGHT","cloudrate":0.19,"aqi":10.0,"humidity":0.38,"pres":101116.07,"pm25":10.0,"precipitation":{"nearest":{"status":"ok","distance":10000.0,"intensity":0.0},"local":{"status":"ok","intensity":0.0,"datasource":"gfs"}},"wind":{"direction":278.29,"speed":9.02}}}
{"status":"ok","lang":"zh_CN","server_time":1522078002,"tzshift":28800,"location":[51.430976,0.153479],"unit":"metric","result":{"status":"ok","temperature":11.87,"skycon":"PARTLY_CLOUDY_NIGHT","cloudrate":0.3,"aqi":10,"humidity":0.4,"pres":101076.99,"pm25":10,"precipitation":{"nearest":{"status":"ok","distance":100.73,"intensity":0.1875},"local":{"status":"ok","intensity":0.0,"datasource":"gfs"}},"wind":{"direction":270.21,"speed":9.06}}}
