{"status":"ok","lang":"zh_CN","server_time":1521995196,"tzshift":28800,"location":[51.430976,-0.346521],"unit":"metric","result":{"status":"ok","temperature":11.63,"skycon":"CLOUDY","cloudrate":0.83,"aqi":10.0,"humidity":0.56,"pres":100578.01,"pm25":10.0,"precipitation":{"nearest":{"status":"ok","distance":219.06,"intensity":0.1875},"local":{"status":"ok","intensity":0.0,"datasource":"gfs"}},"wind":{"direction":6.63,"speed":10.03}}}
{"status":"ok","lang":"zh_CN","server_time":1521996396,"tzshift":28800,"location":[51.430976,-0.346521],"unit":"metric","result":{"status":"ok","temperature":11.63,"skycon":"CLOUDY","cloudrate":0.83,"aqi":10,"humidity":0.56,"pres":100578.01,"pm25":10,"precipitation":{"nearest":{"status":"ok","distance":10000.0,"intensity":0.0},"local":{"status":"ok","intensity":0.0,"datasource":"gfs"}},"wind":{"direction":6.63,"speed":10.03}}}
{"status":"ok","lang":"zh_CN","server_time":1521998797,"tzshift":28800,"location":[51.430976,-0.346521],"unit":"metric","result":{"status":"ok","temperature":10.97,"skycon":"CLOUDY","cloudrate":0.84,"aqi":10.0,"humidity":0.59,"pres":100610.64,"pm25":10.0,"precipitation":{"nearest":{"status":"ok","distance":171.28,"intensity":0.1875},"local":{"status":"ok","intensity":0.0019,"datasource":"gfs"}},"wind":{"direction":2.11,"speed":9.79}}}
{"status":"ok","lang":"zh_CN","server_time":1522000048,"tzshift":28800,"location":[51.430976,-0.346521],"unit":"metric","result":{"status":"ok","temperature":10.97,"skycon":"CLOUDY","cloudrate":0.84,"aqi":10.0,"humidity":0.59,"pres":100610.64,"pm25":10.0,"precipitation":{"nearest":{"status":"ok","distance":10000.0,"intensity":0.0},"local":{"status":"ok","intensity":0.0019,"datasource":"gfs"}},"wind":{"direction":2.11,"speed":9.79}}}
{"status":"ok","lang":"zh_CN","server_time":1522002402,"tzshift":28800,"location":[51.430976,-0.346521],"unit":"metric","result":{"status":"ok","temperature":10.19,"skycon":"CLOUDY","cloudrate":0.86,"aqi":10.0,"humidity":0.63,"pres":100653.23,"pm25":10.0,"precipitation":{"nearest":{"status":"ok","distance":328.73,"intensity":0.1875},"local":{"status":"ok","intensity":0.0145,"datasource":"gfs"}},"wind":{"direction":356.28,"speed":9.13}}}
{"status":"ok","lang":"zh_CN","server_time":1522003591,"tzshift":28800,"location":[51.430976,-0.346521],"unit":"metric","result":{"status":"ok","temperature":10.81,"skycon":"CLOUDY","cloudrate":0.84,"aqi":10.0,"humidity":0.58,"pres":100827.48,"pm25":10.0,"precipitation":{"nearest":{"status":"ok","distance":139.34,"intensity":0.3125},"local":{"status":"ok","intensity":0.0219,"datasource":"gfs"}},"wind":{"direction":355.74,"speed":9.41}}}
{"status":"ok","lang":"zh_CN","server_time":1522005991,"tzshift":28800,"location":[51.430976,-0.346521],"unit":"metric","result":{"status":"ok","temperature":9.42,"skycon":"CLOUDY","cloudrate":0.89,"aqi":10,"humidity":0.66,"pres":100707.77,"pm25":10,"precipitation":{"nearest":{"status":"ok","distance":111.25,"intensity":0.1875},"local":{"status":"ok","intensity":0.001,"datasource":"gfs"}},"wind":{"direction":347.79,"speed":8.0}}}
{"status":"ok","lang":"zh_CN","server_time":1522007190,"tzshift":28800,"location":[51.430976,-0.346521],"unit":"metric","result":{"status":"ok","temperature":9.42,"skycon":"CLOUDY","cloudrate":0.89,"aqi":10.0,"humidity":0.66,"pres":100707.77,"pm25":10.0,"precipitation":{"nearest":{"status":"ok","distance":204.73,"intensity":0.1875},"local":{"status":"ok","intensity":0.001,"datasource":"gfs"}},"wind":{"direction":347.79,"speed":8.0}}}
{"status":"ok","lang":"zh_CN","server_time":1522009590,"tzshift":28800,"location":[51.430976,-0.346521],"unit":"metric","result":{"status":"ok","temperature":8.65,"skycon":"CLOUDY","cloudrate":0.91,"aqi":10,"humidity":0.67,"pres":100768.87,"pm25":10,"precipitation":{"nearest":{"status":"ok","distance":176.54,"intensity":0.1875},"local":{"status":"ok","intensity":0.0,"datasource":"gfs"}},"wind":{"direction":337.47,"speed":7.03}}}
{"status":"ok","lang":"zh_CN","server_time":1522010790,"tzshift":28800,"location":[51.430976,-0.346521],"unit":"metric","result":{"status":"ok","temperature":8.65,"skycon":"CLOUDY","cloudrate":0.91,"aqi":10.0,"humidity":0.67,"pres":100768.87,"pm25":10.0,"precipitation":{"nearest":{"status":"ok","distance":10000.0,"intensity":0.0},"local":{"status":"ok","intensity":0.0,"datasource":"gfs"}},"wind":{"direction":337.47,"speed":7.03}}}
{"status":"ok","lang":"zh_CN","server_time":1522013217,"tzshift":28800,"location":[51.430976,-0.346521],"unit":"metric","result":{"status":"ok","temperature":7.89,"skycon":"CLOUDY","cloudrate":0.89,"aqi":10.0,"humidity":0.69,"pres":100829.37,"pm25":10.0,"precipitation":{"nearest":{"status":"ok","distance":10000.0,"intensity":0.0},"local":{"status":"ok","intensity":0.0,"datasource":"gfs"}},"wind":{"direction":330.74,"speed":6.74}}}
{"status":"ok","lang":"zh_CN","server_time":1522014393,"tzshift":28800,"location":[51.430976,-0.346521],"unit":"metric","result":{"status":"ok","temperature":8.38,"skycon":"RAIN","cloudrate":1.0,"aqi":10.0,"humidity":0.71,"pres":100846.27,"pm25":10.0,"precipitation":{"nearest":{"status":"ok","distance":10000.0,"intensity":0.0},"local":{"status":"ok","intensity":0.0364,"datasource":"gfs"}},"wind":{"direction":313.64,"speed":5.55}}}
{"status":"failed", "error":"'API quota is exhausted'"}
{"status":"failed", "error":"'API quota is exhausted'"}
{"status":"ok","lang":"zh_CN","server_time":1522020393,"tzshift":28800,"location":[51.430976,-0.346521],"unit":"metric","result":{"status":"ok","temperature":6.83,"skycon":"PARTLY_CLOUDY_DAY","cloudrate":0.79,"aqi":10.0,"humidity":0.73,"pres":100923.39,"pm25":10.0,"precipitation":{"nearest":{"status":"ok","distance":44.1,"intensity":0.1875},"local":{"status":"ok","intensity":0.0153,"datasource":"gfs"}},"wind":{"direction":322.74,"speed":6.96}}}
{"status":"ok","lang":"zh_CN","server_time":1522021593,"tzshift":28800,"location":[51.430976,-0.346521],"unit":"metric","result":{"status":"ok","temperature":7.44,"skycon":"PARTLY_CLOUDY_DAY","cloudrate":0.78,"aqi":10.0,"humidity":0.69,"pres":101101.77,"pm25":10.0,"precipitation":{"nearest":{"status":"ok","distance":22.71,"intensity":0.1875},"local":{"status":"ok","intensity":0.0297,"datasource":"gfs"}},"wind":{"direction":324.15,"speed":6.73}}}
{"status":"ok","lang":"zh_CN","server_time":1522024172,"tzshift":28800,"location":[51.430976,-0.346521],"unit":"metric","result":{"status":"ok","temperature":6.18,"skycon":"PARTLY_CLOUDY_DAY","cloudrate":0.59,"aqi":10.0,"humidity":0.73,"pres":100943.65,"pm25":10.0,"precipitation":{"nearest":{"status":"ok","distance":150.16,"intensity":0.1875},"local":{"status":"ok","intensity":0.0,"datasource":"gfs"}},"wind":{"direction":330.32,"speed":7.84}}}
{"status":"failed", "error":"'API quota is exhausted'"}
{"status":"failed", "error":"'API quota is exhausted'"}
{"status":"failed", "error":"'API quota is exhausted'"}
{"status":"failed", "error":"'API quota is exhausted'"}
{"status":"failed", "error":"'API quota is exhausted'"}
{"status":"failed", "error":"'API quota is exhausted'"}
{"status":"failed", "error":"'API quota is exhausted'"}
{"status":"failed", "error":"'API quota is exhausted'"}
{"status":"failed", "error":"'API quota is exhausted'"}
{"status":"failed", "error":"'API quota is exhausted'"}
{"status":"failed", "error":"'API quota is exhausted'"}
{"status":"failed", "error":"'API quota is exhausted'"}
{"status":"failed", "error":"'API quota is exhausted'"}
{"status":"failed", "error":"'API quota is exhausted'"}
{"status":"failed", "error":"'API quota is exhausted'"}
{"status":"failed", "error":"'API quota is exhausted'"}
{"status":"failed", "error":"'API quota is exhausted'"}
{"status":"failed", "error":"'API quota is exhausted'"}
{"status":"failed", "error":"'API quota is exhausted'"}
{"status":"failed", "error":"'API quota is exhausted'"}
{"status":"failed", "error":"'API quota is exhausted'"}
{"status":"ok","lang":"zh_CN","server_time":1522063593,"tzshift":28800,"location":[51.430976,-0.346521],"unit":"metric","result":{"status":"ok","temperature":10.38,"skycon":"CLEAR_NIGHT","cloudrate":0.0,"aqi":10.0,"humidity":0.47,"pres":101190.68,"pm25":10.0,"precipitation":{"nearest":{"status":"ok","distance":231.92,"intensity":0.1875},"local":{"status":"ok","intensity":0.0,"datasource":"gfs"}},"wind":{"direction":297.08,"speed":6.6}}}
{"status":"failed", "error":"'API quota is exhausted'"}
{"status":"failed", "error":"'API quota is exhausted'"}
{"status":"ok","lang":"zh_CN","server_time":1522068396,"tzshift":28800,"location":[51.430976,-0.346521],"unit":"metric","result":{"status":"ok","temperature":11.65,"skycon":"CLEAR_NIGHT","cloudrate":0.0,"aqi":10.0,"humidity":0.38,"pres":101358.7,"pm25":10.0,"precipitation":{"nearest":{"status":"ok","distance":90.07,"intensity":0.1875},"local":{"status":"ok","intensity":0.0,"datasource":"gfs"}},"wind":{"direction":284.15,"speed":7.12}}}
{"status":"ok","lang":"zh_CN","server_time":1522068396,"tzshift":28800,"location":[51.430976,-0.346521],"unit":"metric","result":{"status":"ok","temperature":11.65,"skycon":"CLEAR_NIGHT","cloudrate":0.0,"aqi":10.0,"humidity":0.38,"pres":101358.7,"pm25":10.0,"precipitation":{"nearest":{"status":"ok","distance":90.07,"intensity":0.1875},"local":{"status":"ok","intensity":0.0,"datasource":"gfs"}},"wind":{"direction":284.15,"speed":7.12}}}
{"status":"ok","lang":"zh_CN","server_time":1522070804,"tzshift":28800,"location":[51.430976,-0.346521],"unit":"metric","result":{"status":"ok","temperature":11.82,"skycon":"CLEAR_NIGHT","cloudrate":0.09,"aqi":10.0,"humidity":0.4,"pres":101158.91,"pm25":10.0,"precipitation":{"local":{"status":"ok","intensity":0.0,"datasource":"gfs"}},"wind":{"direction":274.86,"speed":9.14}}}
{"status":"ok","lang":"zh_CN","server_time":1522074407,"tzshift":28800,"location":[51.430976,-0.346521],"unit":"metric","result":{"status":"ok","temperature":12.03,"skycon":"CLEAR_NIGHT","cloudrate":0.2,"aqi":10.0,"humidity":0.41,"pres":101124.1,"pm25":10.0,"precipitation":{"local":{"status":"ok","intensity":0.0,"datasource":"gfs"}},"wind":{"direction":268.42,"speed":10.11}}}
{"status":"ok","lang":"zh_CN","server_time":1522078000,"tzshift":28800,"location":[51.430976,-0.346521],"unit":"metric","result":{"status":"ok","temperature":12.14,"skycon":"PARTLY_CLOUDY_NIGHT","cloudrate":0.3,"aqi":10,"humidity":0.4,"pres":101259.81,"pm25":10,"precipitation":{"nearest":{"status":"ok","distance":0.35,"intensity":0.25},"local":{"status":"ok","intensity":0.0,"datasource":"gfs"}},"wind":{"direction":261.26,"speed":9.99}}}
