{"status":"ok","lang":"zh_CN","server_time":1521995203,"tzshift":28800,"location":[51.530976,0.253479],"unit":"metric","result":{"status":"ok","temperature":11.27,"skycon":"PARTLY_CLOUDY_NIGHT","cloudrate":0.8,"aqi":10.0,"humidity":0.56,"pres":100752.58,"pm25":10.0,"precipitation":{"nearest":{"status":"ok","distance":262.54,"intensity":0.1875},"local":{"status":"ok","intensity":0.0,"datasource":"gfs"}},"wind":{"direction":16.87,"speed":8.87}}}
{"status":"ok","lang":"zh_CN","server_time":1521996402,"tzshift":28800,"location":[51.530976,0.253479],"unit":"metric","result":{"status":"ok","temperature":11.27,"skycon":"PARTLY_CLOUDY_NIGHT","cloudrate":0.8,"aqi":10.0,"humidity":0.56,"pres":100752.58,"pm25":10.0,"precipitation":{"nearest":{"status":"ok","distance":26.75,"intensity":0.1875},"local":{"status":"ok","intensity":0.0,"datasource":"gfs"}},"wind":{"direction":16.87,"speed":8.87}}}
{"status":"ok","lang":"zh_CN","server_time":1521998804,"tzshift":28800,"location":[51.530976,0.253479],"unit":"metric","result":{"status":"ok","temperature":10.74,"skycon":"CLOUDY","cloudrate":0.83,"aqi":10.0,"humidity":0.59,"pres":100780.23,"pm25":10.0,"precipitation":{"nearest":{"status":"ok","distance":297.05,"intensity":0.1875},"local":{"status":"ok","intensity":0.0,"datasource":"gfs"}},"wind":{"direction":13.42,"speed":7.94}}}
{"status":"ok","lang":"zh_CN","server_time":1522000148,"tzshift":28800,"location":[51.530976,0.253479],"unit":"metric","result":{"status":"ok","temperature":10.74,"skycon":"CLOUDY","cloudrate":0.83,"aqi":10,"humidity":0.59,"pres":100780.23,"pm25":10,"precipitation":{"nearest":{"status":"ok","distance":10000.0,"intensity":0.0},"local":{"status":"ok","intensity":0.0,"datasource":"gfs"}},"wind":{"direction":13.42,"speed":7.94}}}
{"status":"ok","lang":"zh_CN","server_time":1522002409,"tzshift":28800,"location":[51.530976,0.253479],"unit":"metric","result":{"status":"ok","temperature":10.1,"skycon":"CLOUDY","cloudrate":0.88,"aqi":10.0,"humidity":0.63,"pres":100819.15,"pm25":10.0,"precipitation":{"nearest":{"status":"ok","distance":38.78,"intensity":0.1875},"local":{"status":"ok","intensity":0.0,"datasource":"gfs"}},"wind":{"direction":12.39,"speed":6.63}}}
{"status":"ok","lang":"zh_CN","server_time":1522003597,"tzshift":28800,"location":[51.530976,0.253479],"unit":"metric","result":{"status":"ok","temperature":10.1,"skycon":"CLOUDY","cloudrate":0.88,"aqi":10.0,"humidity":0.63,"pres":100819.15,"pm25":10.0,"precipitation":{"nearest":{"status":"ok","distance":306.45,"intensity":0.25},"local":{"status":"ok","intensity":0.0,"datasource":"gfs"}},"wind":{"direction":12.39,"speed":6.63}}}
{"status":"ok","lang":"zh_CN","server_time":1522005998,"tzshift":28800,"location":[51.530976,0.253479],"unit":"metric","result":{"status":"ok","temperature":9.45,"skycon":"CLOUDY","cloudrate":0.94,"aqi":10.0,"humidity":0.66,"pres":100872.5,"pm25":10.0,"precipitation":{"nearest":{"status":"ok","distance":10000.0,"intensity":0.0},"local":{"status":"ok","intensity":0.0,"datasource":"gfs"}},"wind":{"direction":18.3,"speed":4.92}}}
{"status":"ok","lang":"zh_CN","server_time":1522007197,"tzshift":28800,"location":[51.530976,0.253479],"unit":"metric","result":{"status":"ok","temperature":9.45,"skycon":"CLOUDY","cloudrate":0.94,"aqi":10,"humidity":0.66,"pres":100872.5,"pm25":10,"precipitation":{"nearest":{"status":"ok","distance":265.42,"intensity":0.1875},"local":{"status":"ok","intensity":0.0,"datasource":"gfs"}},"wind":{"direction":18.3,"speed":4.92}}}
{"status":"ok","lang":"zh_CN","server_time":1522009596,"tzshift":28800,"location":[51.530976,0.253479],"unit":"metric","result":{"status":"ok","temperature":8.8,"skycon":"CLOUDY","cloudrate":0.98,"aqi":10.0,"humidity":0.69,"pres":100933.52,"pm25":10.0,"precipitation":{"nearest":{"status":"ok","distance":270.88,"intensity":0.1875},"local":{"status":"ok","intensity":0.0146,"datasource":"gfs"}},"wind":{"direction":30.1,"speed":3.38}}}
{"status":"ok","lang":"zh_CN","server_time":1522010797,"tzshift":28800,"location":[51.530976,0.253479],"unit":"metric","result":{"status":"ok","temperature":8.8,"skycon":"CLOUDY","cloudrate":0.98,"aqi":10.0,"humidity":0.69,"pres":100933.52,"pm25":10.0,"precipitation":{"nearest":{"status":"ok","distance":10000.0,"intensity":0.0},"local":{"status":"ok","intensity":0.0146,"datasource":"gfs"}},"wind":{"direction":30.1,"speed":3.38}}}
{"status":"failed", "error":"'API quota is exhausted'"}
{"status":"failed", "error":"'API quota is exhausted'"}
{"status":"failed", "error":"'API quota is exhausted'"}
{"status":"failed", "error":"'API quota is exhausted'"}
{"status":"ok","lang":"zh_CN","server_time":1522020399,"tzshift":28800,"location":[51.530976,0.253479],"unit":"metric","result":{"status":"ok","temperature":7.58,"skycon":"RAIN","cloudrate":0.96,"aqi":10.0,"humidity":0.73,"pres":101078.89,"pm25":10.0,"precipitation":{"nearest":{"status":"ok","distance":323.58,"intensity":0.1875},"local":{"status":"ok","intensity":0.0712,"datasource":"gfs"}},"wind":{"direction":310.79,"speed":3.97}}}
{"status":"failed", "error":"'API quota is exhausted'"}
{"status":"failed", "error":"'API quota is exhausted'"}
{"status":"failed", "error":"'API quota is exhausted'"}
{"status":"ok","lang":"zh_CN","server_time":1522027599,"tzshift":28800,"location":[51.530976,0.253479],"unit":"metric","result":{"status":"ok","temperature":6.47,"skycon":"PARTLY_CLOUDY_DAY","cloudrate":0.55,"aqi":10.0,"humidity":0.72,"pres":101108.4,"pm25":10.0,"precipitation":{"nearest":{"status":"ok","distance":138.29,"intensity":0.1875},"local":{"status":"ok","intensity":0.023,"datasource":"gfs"}},"wind":{"direction":320.32,"speed":7.58}}}
{"status":"failed", "error":"'API quota is exhausted'"}
{"status":"failed", "error":"'API quota is exhausted'"}
{"status":"failed", "error":"'API quota is exhausted'"}
{"status":"failed", "error":"'API quota is exhausted'"}
{"status":"failed", "error":"'API quota is exhausted'"}
{"status":"failed", "error":"'API quota is exhausted'"}
{"status":"failed", "error":"'API quota is exhausted'"}
{"status":"failed", "error":"'API quota is exhausted'"}
{"status":"failed", "error":"'API quota is exhausted'"}
{"status":"failed", "error":"'API quota is exhausted'"}
{"status":"failed", "error":"'API quota is exhausted'"}
{"status":"ok","lang":"zh_CN","server_time":1522049205,"tzshift":28800,"location":[51.530976,0.253479],"unit":"metric","result":{"status":"ok","temperature":5.07,"skycon":"CLEAR_DAY","cloudrate":0.17,"aqi":10,"humidity":0.73,"pres":101278.08,"pm25":10,"precipitation":{"nearest":{"status":"ok","distance":10000.0,"intensity":0.0},"local":{"status":"ok","intensity":0.0,"datasource":"gfs"}},"wind":{"direction":321.83,"speed":7.93}}}
{"status":"failed", "error":"'API quota is exhausted'"}
{"status":"failed", "error":"'API quota is exhausted'"}
{"status":"failed", "error":"'API quota is exhausted'"}
{"status":"failed", "error":"'API quota is exhausted'"}
{"status":"failed", "error":"'API quota is exhausted'"}
{"status":"failed", "error":"'API quota is exhausted'"}
{"status":"failed", "error":"'API quota is exhausted'"}
{"status":"failed", "error":"'API quota is exhausted'"}
{"status":"failed", "error":"'API quota is exhausted'"}
{"status":"failed", "error":"'API quota is exhausted'"}
{"status":"ok","lang":"zh_CN","server_time":1522068403,"tzshift":28800,"location":[51.530976,0.253479],"unit":"metric","result":{"status":"ok","temperature":11.56,"skycon":"CLEAR_NIGHT","cloudrate":0.0,"aqi":10.0,"humidity":0.4,"pres":101346.29,"pm25":10.0,"precipitation":{"nearest":{"status":"ok","distance":10000.0,"intensity":0.0},"local":{"status":"ok","intensity":0.0,"datasource":"gfs"}},"wind":{"direction":295.71,"speed":8.02}}}
{"status":"ok","lang":"zh_CN","server_time":1522068403,"tzshift":28800,"location":[51.530976,0.253479],"unit":"metric","result":{"status":"ok","temperature":11.56,"skycon":"CLEAR_NIGHT","cloudrate":0.0,"aqi":10.0,"humidity":0.4,"pres":101346.29,"pm25":10.0,"precipitation":{"nearest":{"status":"ok","distance":10000.0,"intensity":0.0},"local":{"status":"ok","intensity":0.0,"datasource":"gfs"}},"wind":{"direction":295.71,"speed":8.02}}}
{"status":"ok","lang":"zh_CN","server_time":1522070811,"tzshift":28800,"location":[51.530976,0.253479],"unit":"metric","result":{"status":"ok","temperature":12.02,"skycon":"CLEAR_NIGHT","cloudrate":0.08,"aqi":10.0,"humidity":0.37,"pres":101323.88,"pm25":10.0,"precipitation":{"nearest":{"status":"ok","distance":184.93,"intensity":0.1875},"local":{"status":"ok","intensity":0.0,"datasource":"gfs"}},"wind":{"direction":287.31,"speed":8.51}}}
{"status":"ok","lang":"zh_CN","server_time":1522074415,"tzshift":28800,"location":[51.530976,0.253479],"unit":"metric","result":{"status":"ok","temperature":12.12,"skycon":"CLEAR_NIGHT","cloudrate":0.18,"aqi":10.0,"humidity":0.37,"pres":101289.82,"pm25":10.0,"precipitation":{"nearest":{"status":"ok","distance":273.57,"intensity":0.1875},"local":{"status":"ok","intensity":0.0,"datasource":"gfs"}},"wind":{"direction":280.03,"speed":8.84}}}
{"status":"ok","lang":"zh_CN","server_time":1522078008,"tzshift":28800,"location":[51.530976,0.253479],"unit":"metric","result":{"status":"ok","temperature":11.97,"skycon":"PARTLY_CLOUDY_NIGHT","cloudrate":0.29,"aqi":10.0,"humidity":0.38,"pres":101249.98,"pm25":10.0,"precipitation":{"nearest":{"status":"ok","distance":209.74,"intensity":0.1875},"local":{"status":"ok","intensity":0.0,"datasource":"gfs"}},"wind":{"direction":273.84,"speed":8.69}}}
