{"status":"ok","lang":"zh_CN","server_time":1521995203,"tzshift":28800,"location":[51.630976,-0.546521],"unit":"metric","result":{"status":"ok","temperature":10.81,"skycon":"RAIN","cloudrate":0.96,"aqi":10,"humidity":0.64,"pres":100209.18,"pm25":10,"precipitation":{"nearest":{"status":"ok","distance":201.72,"intensity":0.1875},"local":{"status":"ok","intensity":0.0646,"datasource":"gfs"}},"wind":{"direction":355.36,"speed":10.65}}}
{"status":"ok","lang":"zh_CN","server_time":1521996403,"tzshift":28800,"location":[51.630976,-0.546521],"unit":"metric","result":{"status":"ok","temperature":10.81,"skycon":"RAIN","cloudrate":0.96,"aqi":10,"humidity":0.64,"pres":100209.18,"pm25":10,"precipitation":{"nearest":{"status":"ok","distance":272.52,"intensity":0.1875},"local":{"status":"ok","intensity":0.0646,"datasource":"gfs"}},"wind":{"direction":355.36,"speed":10.65}}}
{"status":"ok","lang":"zh_CN","server_time":1521998804,"tzshift":28800,"location":[51.630976,-0.546521],"unit":"metric","result":{"status":"ok","temperature":10.0,"skycon":"RAIN","cloudrate":0.95,"aqi":10.0,"humidity":0.67,"pres":100239.14,"pm25":10.0,"precipitation":{"nearest":{"status":"ok","distance":10000.0,"intensity":0.0},"local":{"status":"ok","intensity":0.0689,"datasource":"gfs"}},"wind":{"direction":351.85,"speed":9.59}}}
{"status":"ok","lang":"zh_CN","server_time":1522000149,"tzshift":28800,"location":[51.630976,-0.546521],"unit":"metric","result":{"status":"ok","temperature":10.0,"skycon":"RAIN","cloudrate":0.95,"aqi":10.0,"humidity":0.67,"pres":100239.14,"pm25":10.0,"precipitation":{"nearest":{"status":"ok","distance":10000.0,"intensity":0.0},"local":{"status":"ok","intensity":0.0689,"datasource":"gfs"}},"wind":{"direction":351.85,"speed":9.59}}}
{"status":"ok","lang":"zh_CN","server_time":1522002409,"tzshift":28800,"location":[51.630976,-0.546521],"unit":"metric","result":{"status":"ok","temperature":9.02,"skycon":"RAIN","cloudrate":0.91,"aqi":10,"humidity":0.7,"pres":100279.95,"pm25":10,"precipitation":{"nearest":{"status":"ok","distance":10000.0,"intensity":0.0},"local":{"status":"ok","intensity":0.0585,"datasource":"gfs"}},"wind":{"direction":346.2,"speed":8.61}}}
{"status":"ok","lang":"zh_CN","server_time":1522003597,"tzshift":28800,"location":[51.630976,-0.546521],"unit":"metric","result":{"status":"ok","temperature":9.02,"skycon":"RAIN","cloudrate":0.91,"aqi":10.0,"humidity":0.7,"pres":100279.95,"pm25":10.0,"precipitation":{"nearest":{"status":"ok","distance":2.59,"intensity":0.375},"local":{"status":"ok","intensity":0.0585,"datasource":"gfs"}},"wind":{"direction":346.2,"speed":8.61}}}
{"status":"ok","lang":"zh_CN","server_time":1522005998,"tzshift":28800,"location":[51.630976,-0.546521],"unit":"metric","result":{"status":"ok","temperature":7.94,"skycon":"CLOUDY","cloudrate":0.86,"aqi":10,"humidity":0.73,"pres":100334.79,"pm25":10,"precipitation":{"nearest":{"status":"ok","distance":10000.0,"intensity":0.0},"local":{"status":"ok","intensity":0.0255,"datasource":"gfs"}},"wind":{"direction":337.12,"speed":8.16}}}
{"status":"ok","lang":"zh_CN","server_time":1522007197,"tzshift":28800,"location":[51.630976,-0.546521],"unit":"metric","result":{"status":"ok","temperature":7.94,"skycon":"CLOUDY","cloudrate":0.86,"aqi":10.0,"humidity":0.73,"pres":100334.79,"pm25":10.0,"precipitation":{"nearest":{"status":"ok","distance":120.46,"intensity":0.1875},"local":{"status":"ok","intensity":0.0255,"datasource":"gfs"}},"wind":{"direction":337.12,"speed":8.16}}}
{"status":"ok","lang":"zh_CN","server_time":1522009597,"tzshift":28800,"location":[51.630976,-0.546521],"unit":"metric","result":{"status":"ok","temperature":6.9,"skycon":"CLOUDY","cloudrate":0.81,"aqi":10.0,"humidity":0.74,"pres":100397.11,"pm25":10.0,"precipitation":{"nearest":{"status":"ok","distance":143.07,"intensity":0.1875},"local":{"status":"ok","intensity":0.0,"datasource":"gfs"}},"wind":{"direction":328.79,"speed":8.26}}}
{"status":"ok","lang":"zh_CN","server_time":1522010797,"tzshift":28800,"location":[51.630976,-0.546521],"unit":"metric","result":{"status":"ok","temperature":6.9,"skycon":"CLOUDY","cloudrate":0.81,"aqi":10.0,"humidity":0.74,"pres":100397.11,"pm25":10.0,"precipitation":{"nearest":{"status":"ok","distance":10000.0,"intensity":0.0},"local":{"status":"ok","intensity":0.0,"datasource":"gfs"}},"wind":{"direction":328.79,"speed":8.26}}}
{"status":"ok","lang":"zh_CN","server_time":1522013326,"tzshift":28800,"location":[51.630976,-0.546521],"unit":"metric","result":{"status":"ok","temperature":6.01,"skycon":"PARTLY_CLOUDY_NIGHT","cloudrate":0.74,"aqi":10.0,"humidity":0.75,"pres":100457.91,"pm25":10.0,"precipitation":{"nearest":{"status":"ok","distance":10000.0,"intensity":0.0},"local":{"status":"ok","intensity":0.0,"datasource":"gfs"}},"wind":{"direction":325.91,"speed":8.54}}}
{"status":"failed", "error":"'API quota is exhausted'"}
{"status":"ok","lang":"zh_CN","server_time":1522016800,"tzshift":28800,"location":[51.630976,-0.546521],"unit":"metric","result":{"status":"ok","temperature":5.95,"skycon":"CLOUDY","cloudrate":0.91,"aqi":10.0,"humidity":0.76,"pres":100514.74,"pm25":10.0,"precipitation":{"nearest":{"status":"ok","distance":10000.0,"intensity":0.0},"local":{"status":"ok","intensity":0.0,"datasource":"gfs"}},"wind":{"direction":312.07,"speed":7.22}}}
{"status":"ok","lang":"zh_CN","server_time":1522018004,"tzshift":28800,"location":[51.630976,-0.546521],"unit":"metric","result":{"status":"ok","temperature":5.95,"skycon":"CLOUDY","cloudrate":0.91,"aqi":10.0,"humidity":0.76,"pres":100514.74,"pm25":10.0,"precipitation":{"nearest":{"status":"ok","distance":10000.0,"intensity":0.0},"local":{"status":"ok","intensity":0.0,"datasource":"gfs"}},"wind":{"direction":312.07,"speed":7.22}}}
{"status":"failed", "error":"'API quota is exhausted'"}
{"status":"failed", "error":"'API quota is exhausted'"}
{"status":"failed", "error":"'API quota is exhausted'"}
{"status":"failed", "error":"'API quota is exhausted'"}
{"status":"failed", "error":"'API quota is exhausted'"}
{"status":"ok","lang":"zh_CN","server_time":1522028803,"tzshift":28800,"location":[51.630976,-0.546521],"unit":"metric","result":{"status":"ok","temperature":4.86,"skycon":"PARTLY_CLOUDY_DAY","cloudrate":0.52,"aqi":10.0,"humidity":0.77,"pres":100580.35,"pm25":10.0,"precipitation":{"nearest":{"status":"ok","distance":204.39,"intensity":0.1875},"local":{"status":"ok","intensity":0.0,"datasource":"gfs"}},"wind":{"direction":338.82,"speed":8.3}}}
{"status":"failed", "error":"'API quota is exhausted'"}
{"status":"failed", "error":"'API quota is exhausted'"}
{"status":"failed", "error":"'API quota is exhausted'"}
{"status":"failed", "error":"'API quota is exhausted'"}
{"status":"failed", "error":"'API quota is exhausted'"}
{"status":"failed", "error":"'API quota is exhausted'"}
{"status":"failed", "error":"'API quota is exhausted'"}
{"status":"ok","lang":"zh_CN","server_time":1522043207,"tzshift":28800,"location":[51.630976,-0.546521],"unit":"metric","result":{"status":"ok","temperature":2.51,"skycon":"PARTLY_CLOUDY_DAY","cloudrate":0.41,"aqi":10,"humidity":0.83,"pres":100691.35,"pm25":10,"precipitation":{"nearest":{"status":"ok","distance":10000.0,"intensity":0.0},"local":{"status":"ok","intensity":0.0,"datasource":"gfs"}},"wind":{"direction":327.33,"speed":8.28}}}
{"status":"failed", "error":"'API quota is exhausted'"}
{"status":"failed", "error":"'API quota is exhausted'"}
{"status":"failed", "error":"'API quota is exhausted'"}
{"status":"failed", "error":"'API quota is exhausted'"}
{"status":"failed", "error":"'API quota is exhausted'"}
{"status":"failed", "error":"'API quota is exhausted'"}
{"status":"failed", "error":"'API quota is exhausted'"}
{"status":"failed", "error":"'API quota is exhausted'"}
{"status":"ok","lang":"zh_CN","server_time":1522060002,"tzshift":28800,"location":[51.630976,-0.546521],"unit":"metric","result":{"status":"ok","temperature":8.59,"skycon":"CLEAR_DAY","cloudrate":0.0,"aqi":10.0,"humidity":0.61,"pres":100794.35,"pm25":10.0,"precipitation":{"nearest":{"status":"ok","distance":269.54,"intensity":0.1875},"local":{"status":"ok","intensity":0.0,"datasource":"gfs"}},"wind":{"direction":290.2,"speed":7.03}}}
{"status":"failed", "error":"'API quota is exhausted'"}
{"status":"failed", "error":"'API quota is exhausted'"}
{"status":"failed", "error":"'API quota is exhausted'"}
{"status":"failed", "error":"'API quota is exhausted'"}
{"status":"ok","lang":"zh_CN","server_time":1522068404,"tzshift":28800,"location":[51.630976,-0.546521],"unit":"metric","result":{"status":"ok","temperature":10.62,"skycon":"CLEAR_NIGHT","cloudrate":0.01,"aqi":10.0,"humidity":0.5,"pres":100787.54,"pm25":10.0,"precipitation":{"nearest":{"status":"ok","distance":947.91,"intensity":0.1875},"local":{"status":"ok","intensity":0.0,"datasource":"gfs"}},"wind":{"direction":269.11,"speed":9.59}}}
{"status":"ok","lang":"zh_CN","server_time":1522068404,"tzshift":28800,"location":[51.630976,-0.546521],"unit":"metric","result":{"status":"ok","temperature":10.62,"skycon":"CLEAR_NIGHT","cloudrate":0.01,"aqi":10.0,"humidity":0.5,"pres":100787.54,"pm25":10.0,"precipitation":{"nearest":{"status":"ok","distance":947.91,"intensity":0.1875},"local":{"status":"ok","intensity":0.0,"datasource":"gfs"}},"wind":{"direction":269.11,"speed":9.59}}}
{"status":"ok","lang":"zh_CN","server_time":1522070811,"tzshift":28800,"location":[51.630976,-0.546521],"unit":"metric","result":{"status":"ok","temperature":11.2,"skycon":"CLEAR_NIGHT","cloudrate":0.1,"aqi":10.0,"humidity":0.49,"pres":100763.21,"pm25":10.0,"precipitation":{"local":{"status":"ok","intensity":0.0,"datasource":"gfs"}},"wind":{"direction":264.41,"speed":11.17}}}
{"status":"ok","lang":"zh_CN","server_time":1522074416,"tzshift":28800,"location":[51.630976,-0.546521],"unit":"metric","result":{"status":"ok","temperature":11.45,"skycon":"PARTLY_CLOUDY_NIGHT","cloudrate":0.23,"aqi":10.0,"humidity":0.49,"pres":100727.67,"pm25":10.0,"precipitation":{"local":{"status":"ok","intensity":0.0,"datasource":"gfs"}},"wind":{"direction":261.43,"speed":12.23}}}
{"status":"ok","lang":"zh_CN","server_time":1522078008,"tzshift":28800,"location":[51.630976,-0.546521],"unit":"metric","result":{"status":"ok","temperature":11.27,"skycon":"PARTLY_CLOUDY_NIGHT","cloudrate":0.33,"aqi":10.0,"humidity":0.51,"pres":100685.46,"pm25":10.0,"precipitation":{"nearest":{"status":"ok","distance":378.52,"intensity":0.1875},"local":{"status":"ok","intensity":0.0,"datasource":"gfs"}},"wind":{"direction":258.26,"speed":12.21}}}
