{"status":"ok","lang":"zh_CN","server_time":1521995108,"tzshift":28800,"location":[51.554009,-0.15522353],"unit":"metric","result":{"status":"ok","temperature":11.64,"skycon":"CLOUDY","cloudrate":0.83,"aqi":10.0,"humidity":0.54,"pres":100700.81,"pm25":10.0,"precipitation":{"nearest":{"status":"ok","distance":43.71,"intensity":0.1875},"local":{"status":"ok","intensity":0.0,"datasource":"gfs"}},"wind":{"direction":8.56,"speed":9.65}}}
{"status":"ok","lang":"zh_CN","server_time":1521996309,"tzshift":28800,"location":[51.554009,-0.15522353],"unit":"metric","result":{"status":"ok","temperature":11.64,"skycon":"CLOUDY","cloudrate":0.83,"aqi":10.0,"humidity":0.54,"pres":100700.81,"pm25":10.0,"precipitation":{"nearest":{"status":"ok","distance":15.12,"intensity":0.25},"local":{"status":"ok","intensity":0.0,"datasource":"gfs"}},"wind":{"direction":8.56,"speed":9.65}}}
{"status":"ok","lang":"zh_CN","server_time":1521998709,"tzshift":28800,"location":[51.554009,-0.15522353],"unit":"metric","result":{"status":"ok","temperature":11.04,"skycon":"CLOUDY","cloudrate":0.85,"aqi":10,"humidity":0.57,"pres":100732.36,"pm25":10,"precipitation":{"nearest":{"status":"ok","distance":10000.0,"intensity":0.0},"local":{"status":"ok","intensity":0.0028,"datasource":"gfs"}},"wind":{"direction":3.62,"speed":9.41}}}
{"status":"ok","lang":"zh_CN","server_time":1522000146,"tzshift":28800,"location":[51.530976,-0.146521],"unit":"metric","result":{"status":"ok","temperature":11.2,"skycon":"CLOUDY","cloudrate":0.83,"aqi":10.0,"humidity":0.56,"pres":100781.79,"pm25":10.0,"precipitation":{"nearest":{"status":"ok","distance":507.25,"intensity":0.3125},"local":{"status":"ok","intensity":0.0,"datasource":"gfs"}},"wind":{"direction":4.51,"speed":9.41}}}
{"status":"ok","lang":"zh_CN","server_time":1522002308,"tzshift":28800,"location":[51.554009,-0.15522353],"unit":"metric","result":{"status":"ok","temperature":10.33,"skycon":"CLOUDY","cloudrate":0.87,"aqi":10.0,"humidity":0.61,"pres":100773.62,"pm25":10.0,"precipitation":{"nearest":{"status":"ok","distance":3.7,"intensity":0.1875},"local":{"status":"ok","intensity":0.0108,"datasource":"gfs"}},"wind":{"direction":357.79,"speed":8.76}}}
{"status":"ok","lang":"zh_CN","server_time":1522003508,"tzshift":28800,"location":[51.554009,-0.15522353],"unit":"metric","result":{"status":"ok","temperature":10.33,"skycon":"CLOUDY","cloudrate":0.87,"aqi":10.0,"humidity":0.61,"pres":100773.62,"pm25":10.0,"precipitation":{"nearest":{"status":"ok","distance":75.52,"intensity":0.1875},"local":{"status":"ok","intensity":0.0108,"datasource":"gfs"}},"wind":{"direction":357.79,"speed":8.76}}}
{"status":"ok","lang":"zh_CN","server_time":1522005908,"tzshift":28800,"location":[51.554009,-0.15522353],"unit":"metric","result":{"status":"ok","temperature":9.62,"skycon":"CLOUDY","cloudrate":0.92,"aqi":10.0,"humidity":0.63,"pres":100826.74,"pm25":10.0,"precipitation":{"nearest":{"status":"ok","distance":428.77,"intensity":0.1875},"local":{"status":"ok","intensity":0.0,"datasource":"gfs"}},"wind":{"direction":350.06,"speed":7.59}}}
{"status":"ok","lang":"zh_CN","server_time":1522007107,"tzshift":28800,"location":[51.554009,-0.15522353],"unit":"metric","result":{"status":"ok","temperature":9.62,"skycon":"CLOUDY","cloudrate":0.92,"aqi":10.0,"humidity":0.63,"pres":100826.74,"pm25":10.0,"precipitation":{"nearest":{"status":"ok","distance":10000.0,"intensity":0.0},"local":{"status":"ok","intensity":0.0,"datasource":"gfs"}},"wind":{"direction":350.06,"speed":7.59}}}
{"status":"ok","lang":"zh_CN","server_time":1522009507,"tzshift":28800,"location":[51.554009,-0.15522353],"unit":"metric","result":{"status":"ok","temperature":10.66,"skycon":"CLOUDY","cloudrate":0.95,"aqi":10.0,"humidity":0.54,"pres":101084.4,"pm25":10.0,"precipitation":{"nearest":{"status":"ok","distance":10000.0,"intensity":0.0},"local":{"status":"ok","intensity":0.0,"datasource":"gfs"}},"wind":{"direction":336.03,"speed":7.51}}}
{"status":"ok","lang":"zh_CN","server_time":1522010707,"tzshift":28800,"location":[51.554009,-0.15522353],"unit":"metric","result":{"status":"ok","temperature":8.92,"skycon":"CLOUDY","cloudrate":0.96,"aqi":10.0,"humidity":0.65,"pres":100886.58,"pm25":10.0,"precipitation":{"nearest":{"status":"ok","distance":10000.0,"intensity":0.0},"local":{"status":"ok","intensity":0.0,"datasource":"gfs"}},"wind":{"direction":340.57,"speed":6.54}}}
{"status":"failed", "error":"'API quota is exhausted'"}
{"status":"ok","lang":"zh_CN","server_time":1522014310,"tzshift":28800,"location":[51.554009,-0.15522353],"unit":"metric","result":{"status":"ok","temperature":10.41,"skycon":"CLOUDY","cloudrate":1.0,"aqi":10.0,"humidity":0.58,"pres":101162.0,"pm25":10.0,"precipitation":{"nearest":{"status":"ok","distance":10000.0,"intensity":0.0},"local":{"status":"ok","intensity":0.0,"datasource":"gfs"}},"wind":{"direction":311.27,"speed":5.66}}}
{"status":"ok","lang":"zh_CN","server_time":1522016708,"tzshift":28800,"location":[51.554009,-0.15522353],"unit":"metric","result":{"status":"ok","temperature":7.98,"skycon":"CLOUDY","cloudrate":0.93,"aqi":10.0,"humidity":0.69,"pres":101008.65,"pm25":10.0,"precipitation":{"nearest":{"status":"ok","distance":10000.0,"intensity":0.0},"local":{"status":"ok","intensity":0.0254,"datasource":"gfs"}},"wind":{"direction":316.5,"speed":5.76}}}
{"status":"ok","lang":"zh_CN","server_time":1522017909,"tzshift":28800,"location":[51.554009,-0.13522353],"unit":"metric","result":{"status":"ok","temperature":8.01,"skycon":"CLOUDY","cloudrate":0.93,"aqi":10,"humidity":0.69,"pres":101013.8,"pm25":10,"precipitation":{"nearest":{"status":"ok","distance":58.69,"intensity":0.1875},"local":{"status":"ok","intensity":0.0292,"datasource":"gfs"}},"wind":{"direction":316.89,"speed":5.65}}}
{"status":"failed", "error":"'API quota is exhausted'"}
{"status":"failed", "error":"'API quota is exhausted'"}
{"status":"failed", "error":"'API quota is exhausted'"}
{"status":"failed", "error":"'API quota is exhausted'"}
{"status":"failed", "error":"'API quota is exhausted'"}
{"status":"ok","lang":"zh_CN","server_time":1522028715,"tzshift":28800,"location":[51.544009,-0.15522353],"unit":"metric","result":{"status":"ok","temperature":6.37,"skycon":"PARTLY_CLOUDY_DAY","cloudrate":0.47,"aqi":10,"humidity":0.69,"pres":101095.03,"pm25":10,"precipitation":{"nearest":{"status":"ok","distance":253.47,"intensity":0.1875},"local":{"status":"ok","intensity":0.0,"datasource":"gfs"}},"wind":{"direction":334.5,"speed":8.48}}}
{"status":"failed", "error":"'API quota is exhausted'"}
{"status":"ok","lang":"zh_CN","server_time":1522032310,"tzshift":28800,"location":[51.554009,-0.13522353],"unit":"metric","result":{"status":"ok","temperature":5.98,"skycon":"PARTLY_CLOUDY_DAY","cloudrate":0.34,"aqi":10.0,"humidity":0.69,"pres":101091.91,"pm25":10.0,"precipitation":{"nearest":{"status":"ok","distance":135.64,"intensity":0.1875},"local":{"status":"ok","intensity":0.0,"datasource":"gfs"}},"wind":{"direction":334.1,"speed":8.28}}}
{"status":"failed", "error":"'API quota is exhausted'"}
{"status":"ok","lang":"zh_CN","server_time":1522036002,"tzshift":28800,"location":[51.530976,-0.146521],"unit":"metric","result":{"status":"ok","temperature":8.97,"skycon":"PARTLY_CLOUDY_DAY","cloudrate":0.56,"aqi":10.0,"humidity":0.53,"pres":101637.25,"pm25":10.0,"precipitation":{"nearest":{"status":"ok","distance":10000.0,"intensity":0.0},"local":{"status":"ok","intensity":0.0,"datasource":"gfs"}},"wind":{"direction":341.37,"speed":7.15}}}
{"status":"failed", "error":"'API quota is exhausted'"}
{"status":"failed", "error":"'API quota is exhausted'"}
{"status":"failed", "error":"'API quota is exhausted'"}
{"status":"failed", "error":"'API quota is exhausted'"}
{"status":"failed", "error":"'API quota is exhausted'"}
{"status":"failed", "error":"'API quota is exhausted'"}
{"status":"failed", "error":"'API quota is exhausted'"}
{"status":"failed", "error":"'API quota is exhausted'"}
{"status":"failed", "error":"'API quota is exhausted'"}
{"status":"failed", "error":"'API quota is exhausted'"}
{"status":"failed", "error":"'API quota is exhausted'"}
{"status":"failed", "error":"'API quota is exhausted'"}
{"status":"failed", "error":"'API quota is exhausted'"}
{"status":"failed", "error":"'API quota is exhausted'"}
{"status":"failed", "error":"'API quota is exhausted'"}
{"status":"failed", "error":"'API quota is exhausted'"}
{"status":"failed", "error":"'API quota is exhausted'"}
{"status":"ok","lang":"zh_CN","server_time":1522068308,"tzshift":28800,"location":[51.554009,-0.15522353],"unit":"metric","result":{"status":"ok","temperature":12.23,"skycon":"CLEAR_NIGHT","cloudrate":0.0,"aqi":10.0,"humidity":0.31,"pres":101492.28,"pm25":10.0,"precipitation":{"nearest":{"status":"ok","distance":10000.0,"intensity":0.0},"local":{"status":"ok","intensity":0.0,"datasource":"gfs"}},"wind":{"direction":282.37,"speed":6.47}}}
{"status":"ok","lang":"zh_CN","server_time":1522068308,"tzshift":28800,"location":[51.554009,-0.15522353],"unit":"metric","result":{"status":"ok","temperature":12.23,"skycon":"CLEAR_NIGHT","cloudrate":0.0,"aqi":10.0,"humidity":0.31,"pres":101492.28,"pm25":10.0,"precipitation":{"nearest":{"status":"ok","distance":10000.0,"intensity":0.0},"local":{"status":"ok","intensity":0.0,"datasource":"gfs"}},"wind":{"direction":282.37,"speed":6.47}}}
{"status":"ok","lang":"zh_CN","server_time":1522070710,"tzshift":28800,"location":[51.554009,-0.15522353],"unit":"metric","result":{"status":"ok","temperature":12.04,"skycon":"CLEAR_NIGHT","cloudrate":0.06,"aqi":10.0,"humidity":0.38,"pres":101271.7,"pm25":10.0,"precipitation":{"nearest":{"status":"ok","distance":177.26,"intensity":0.1875},"local":{"status":"ok","intensity":0.0,"datasource":"gfs"}},"wind":{"direction":274.56,"speed":9.22}}}
{"status":"ok","lang":"zh_CN","server_time":1522074310,"tzshift":28800,"location":[51.554009,-0.15522353],"unit":"metric","result":{"status":"ok","temperature":12.34,"skycon":"CLEAR_NIGHT","cloudrate":0.12,"aqi":10.0,"humidity":0.39,"pres":101235.02,"pm25":10.0,"precipitation":{"local":{"status":"ok","intensity":0.0,"datasource":"gfs"}},"wind":{"direction":269.06,"speed":10.12}}}
{"status":"ok","lang":"zh_CN","server_time":1522077908,"tzshift":28800,"location":[51.554009,-0.15522353],"unit":"metric","result":{"status":"ok","temperature":12.28,"skycon":"CLEAR_NIGHT","cloudrate":0.19,"aqi":10.0,"humidity":0.4,"pres":101192.8,"pm25":10.0,"precipitation":{"local":{"status":"ok","intensity":0.0,"datasource":"gfs"}},"wind":{"direction":264.31,"speed":10.35}}}
