{"status":"ok","lang":"zh_CN","server_time":1521995209,"tzshift":28800,"location":[51.730976,-0.246521],"unit":"metric","result":{"status":"ok","temperature":10.67,"skycon":"RAIN","cloudrate":1.0,"aqi":10.0,"humidity":0.65,"pres":100272.5,"pm25":10.0,"precipitation":{"nearest":{"status":"ok","distance":10000.0,"intensity":0.0},"local":{"status":"ok","intensity":0.0552,"datasource":"gfs"}},"wind":{"direction":1.26,"speed":10.63}}}
{"status":"ok","lang":"zh_CN","server_time":1521996408,"tzshift":28800,"location":[51.730976,-0.246521],"unit":"metric","result":{"status":"ok","temperature":10.67,"skycon":"RAIN","cloudrate":1.0,"aqi":10.0,"humidity":0.65,"pres":100272.5,"pm25":10.0,"precipitation":{"nearest":{"status":"ok","distance":10.29,"intensity":0.1875},"local":{"status":"ok","intensity":0.0552,"datasource":"gfs"}},"wind":{"direction":1.26,"speed":10.63}}}
{"status":"ok","lang":"zh_CN","server_time":1521998810,"tzshift":28800,"location":[51.730976,-0.246521],"unit":"metric","result":{"status":"ok","temperature":9.8,"skycon":"RAIN","cloudrate":0.97,"aqi":10,"humidity":0.69,"pres":100302.63,"pm25":10,"precipitation":{"nearest":{"status":"ok","distance":172.47,"intensity":0.1875},"local":{"status":"ok","intensity":0.0648,"datasource":"gfs"}},"wind":{"direction":356.63,"speed":9.42}}}
{"status":"ok","lang":"zh_CN","server_time":1522000169,"tzshift":28800,"location":[51.730976,-0.246521],"unit":"metric","result":{"status":"ok","temperature":9.8,"skycon":"RAIN","cloudrate":0.97,"aqi":10.0,"humidity":0.69,"pres":100302.63,"pm25":10.0,"precipitation":{"nearest":{"status":"ok","distance":335.1,"intensity":0.3125},"local":{"status":"ok","intensity":0.0648,"datasource":"gfs"}},"wind":{"direction":356.63,"speed":9.42}}}
{"status":"ok","lang":"zh_CN","server_time":1522002415,"tzshift":28800,"location":[51.730976,-0.246521],"unit":"metric","result":{"status":"ok","temperature":8.79,"skycon":"RAIN","cloudrate":0.94,"aqi":10.0,"humidity":0.72,"pres":100342.93,"pm25":10.0,"precipitation":{"nearest":{"status":"ok","distance":10000.0,"intensity":0.0},"local":{"status":"ok","intensity":0.0583,"datasource":"gfs"}},"wind":{"direction":349.56,"speed":8.41}}}
{"status":"ok","lang":"zh_CN","server_time":1522003603,"tzshift":28800,"location":[51.730976,-0.246521],"unit":"metric","result":{"status":"ok","temperature":8.79,"skycon":"RAIN","cloudrate":0.94,"aqi":10.0,"humidity":0.72,"pres":100342.93,"pm25":10.0,"precipitation":{"nearest":{"status":"ok","distance":279.36,"intensity":0.1875},"local":{"status":"ok","intensity":0.0583,"datasource":"gfs"}},"wind":{"direction":349.56,"speed":8.41}}}
{"status":"ok","lang":"zh_CN","server_time":1522006003,"tzshift":28800,"location":[51.730976,-0.246521],"unit":"metric","result":{"status":"ok","temperature":7.77,"skycon":"CLOUDY","cloudrate":0.97,"aqi":10.0,"humidity":0.74,"pres":100396.25,"pm25":10.0,"precipitation":{"nearest":{"status":"ok","distance":112.83,"intensity":0.1875},"local":{"status":"ok","intensity":0.0275,"datasource":"gfs"}},"wind":{"direction":339.61,"speed":8.04}}}
{"status":"ok","lang":"zh_CN","server_time":1522007203,"tzshift":28800,"location":[51.730976,-0.246521],"unit":"metric","result":{"status":"ok","temperature":7.77,"skycon":"CLOUDY","cloudrate":0.97,"aqi":10.0,"humidity":0.74,"pres":100396.25,"pm25":10.0,"precipitation":{"nearest":{"status":"ok","distance":10000.0,"intensity":0.0},"local":{"status":"ok","intensity":0.0275,"datasource":"gfs"}},"wind":{"direction":339.61,"speed":8.04}}}
{"status":"ok","lang":"zh_CN","server_time":1522009602,"tzshift":28800,"location":[51.730976,-0.246521],"unit":"metric","result":{"status":"ok","temperature":6.83,"skycon":"CLOUDY","cloudrate":1.0,"aqi":10.0,"humidity":0.75,"pres":100456.57,"pm25":10.0,"precipitation":{"nearest":{"status":"ok","distance":10000.0,"intensity":0.0},"local":{"status":"ok","intensity":0.0,"datasource":"gfs"}},"wind":{"direction":331.16,"speed":8.32}}}
{"status":"ok","lang":"zh_CN","server_time":1522010802,"tzshift":28800,"location":[51.730976,-0.246521],"unit":"metric","result":{"status":"ok","temperature":6.83,"skycon":"CLOUDY","cloudrate":1.0,"aqi":10,"humidity":0.75,"pres":100456.57,"pm25":10,"precipitation":{"nearest":{"status":"ok","distance":10000.0,"intensity":0.0},"local":{"status":"ok","intensity":0.0,"datasource":"gfs"}},"wind":{"direction":331.16,"speed":8.32}}}
{"status":"ok","lang":"zh_CN","server_time":1522013332,"tzshift":28800,"location":[51.730976,-0.246521],"unit":"metric","result":{"status":"ok","temperature":6.08,"skycon":"CLOUDY","cloudrate":0.98,"aqi":10.0,"humidity":0.75,"pres":100515.67,"pm25":10.0,"precipitation":{"nearest":{"status":"ok","distance":10000.0,"intensity":0.0},"local":{"status":"ok","intensity":0.0,"datasource":"gfs"}},"wind":{"direction":328.36,"speed":8.88}}}
{"status":"failed", "error":"'API quota is exhausted'"}
{"status":"ok","lang":"zh_CN","server_time":1522016805,"tzshift":28800,"location":[51.730976,-0.246521],"unit":"metric","result":{"status":"ok","temperature":6.2,"skycon":"CLOUDY","cloudrate":0.95,"aqi":10.0,"humidity":0.75,"pres":100261.67,"pm25":10.0,"precipitation":{"nearest":{"status":"ok","distance":234.76,"intensity":0.1875},"local":{"status":"ok","intensity":0.0,"datasource":"gfs"}},"wind":{"direction":315.12,"speed":8.14}}}
{"status":"ok","lang":"zh_CN","server_time":1522018009,"tzshift":28800,"location":[51.730976,-0.246521],"unit":"metric","result":{"status":"ok","temperature":6.02,"skycon":"CLOUDY","cloudrate":0.88,"aqi":10.0,"humidity":0.76,"pres":100573.55,"pm25":10.0,"precipitation":{"nearest":{"status":"ok","distance":129.46,"intensity":0.1875},"local":{"status":"ok","intensity":0.0,"datasource":"gfs"}},"wind":{"direction":318.34,"speed":7.58}}}
{"status":"failed", "error":"'API quota is exhausted'"}
{"status":"failed", "error":"'API quota is exhausted'"}
{"status":"ok","lang":"zh_CN","server_time":1522024185,"tzshift":28800,"location":[51.730976,-0.246521],"unit":"metric","result":{"status":"ok","temperature":5.09,"skycon":"PARTLY_CLOUDY_DAY","cloudrate":0.66,"aqi":10.0,"humidity":0.78,"pres":100624.82,"pm25":10.0,"precipitation":{"nearest":{"status":"ok","distance":167.87,"intensity":0.1875},"local":{"status":"ok","intensity":0.0,"datasource":"gfs"}},"wind":{"direction":338.35,"speed":9.09}}}
{"status":"ok","lang":"zh_CN","server_time":1522025205,"tzshift":28800,"location":[51.730976,-0.246521],"unit":"metric","result":{"status":"ok","temperature":5.09,"skycon":"PARTLY_CLOUDY_DAY","cloudrate":0.66,"aqi":10.0,"humidity":0.78,"pres":100624.82,"pm25":10.0,"precipitation":{"nearest":{"status":"ok","distance":3.59,"intensity":0.1875},"local":{"status":"ok","intensity":0.0,"datasource":"gfs"}},"wind":{"direction":338.35,"speed":9.09}}}
{"status":"ok","lang":"zh_CN","server_time":1522027605,"tzshift":28800,"location":[51.730976,-0.246521],"unit":"metric","result":{"status":"ok","temperature":4.84,"skycon":"PARTLY_CLOUDY_DAY","cloudrate":0.7,"aqi":10.0,"humidity":0.77,"pres":100638.51,"pm25":10.0,"precipitation":{"nearest":{"status":"ok","distance":274.83,"intensity":0.1875},"local":{"status":"ok","intensity":0.0,"datasource":"gfs"}},"wind":{"direction":338.35,"speed":9.38}}}
{"status":"failed", "error":"'API quota is exhausted'"}
{"status":"ok","lang":"zh_CN","server_time":1522031207,"tzshift":28800,"location":[51.730976,-0.246521],"unit":"metric","result":{"status":"ok","temperature":4.55,"skycon":"PARTLY_CLOUDY_DAY","cloudrate":0.79,"aqi":10.0,"humidity":0.77,"pres":100651.12,"pm25":10.0,"precipitation":{"nearest":{"status":"ok","distance":10000.0,"intensity":0.0},"local":{"status":"ok","intensity":0.0,"datasource":"gfs"}},"wind":{"direction":333.18,"speed":9.24}}}
{"status":"failed", "error":"'API quota is exhausted'"}
{"status":"failed", "error":"'API quota is exhausted'"}
{"status":"failed", "error":"'API quota is exhausted'"}
{"status":"failed", "error":"'API quota is exhausted'"}
{"status":"failed", "error":"'API quota is exhausted'"}
{"status":"failed", "error":"'API quota is exhausted'"}
{"status":"failed", "error":"'API quota is exhausted'"}
{"status":"failed", "error":"'API quota is exhausted'"}
{"status":"failed", "error":"'API quota is exhausted'"}
{"status":"failed", "error":"'API quota is exhausted'"}
{"status":"failed", "error":"'API quota is exhausted'"}
{"status":"failed", "error":"'API quota is exhausted'"}
{"status":"failed", "error":"'API quota is exhausted'"}
{"status":"failed", "error":"'API quota is exhausted'"}
{"status":"failed", "error":"'API quota is exhausted'"}
{"status":"failed", "error":"'API quota is exhausted'"}
{"status":"failed", "error":"'API quota is exhausted'"}
{"status":"failed", "error":"'API quota is exhausted'"}
{"status":"failed", "error":"'API quota is exhausted'"}
{"status":"failed", "error":"'API quota is exhausted'"}
{"status":"ok","lang":"zh_CN","server_time":1522068409,"tzshift":28800,"location":[51.730976,-0.246521],"unit":"metric","result":{"status":"ok","temperature":10.44,"skycon":"CLEAR_NIGHT","cloudrate":0.0,"aqi":10,"humidity":0.52,"pres":100847.34,"pm25":10,"precipitation":{"nearest":{"status":"ok","distance":10000.0,"intensity":0.0},"local":{"status":"ok","intensity":0.0,"datasource":"gfs"}},"wind":{"direction":272.74,"speed":10.39}}}
{"status":"ok","lang":"zh_CN","server_time":1522068409,"tzshift":28800,"location":[51.730976,-0.246521],"unit":"metric","result":{"status":"ok","temperature":10.44,"skycon":"CLEAR_NIGHT","cloudrate":0.0,"aqi":10,"humidity":0.52,"pres":100847.34,"pm25":10,"precipitation":{"nearest":{"status":"ok","distance":10000.0,"intensity":0.0},"local":{"status":"ok","intensity":0.0,"datasource":"gfs"}},"wind":{"direction":272.74,"speed":10.39}}}
{"status":"ok","lang":"zh_CN","server_time":1522070817,"tzshift":28800,"location":[51.730976,-0.246521],"unit":"metric","result":{"status":"ok","temperature":11.07,"skycon":"CLEAR_NIGHT","cloudrate":0.06,"aqi":10.0,"humidity":0.5,"pres":100822.13,"pm25":10.0,"precipitation":{"nearest":{"status":"ok","distance":275.99,"intensity":0.1875},"local":{"status":"ok","intensity":0.0,"datasource":"gfs"}},"wind":{"direction":267.54,"speed":11.85}}}
{"status":"ok","lang":"zh_CN","server_time":1522074421,"tzshift":28800,"location":[51.730976,-0.246521],"unit":"metric","result":{"status":"ok","temperature":11.42,"skycon":"CLEAR_NIGHT","cloudrate":0.12,"aqi":10.0,"humidity":0.5,"pres":100785.64,"pm25":10.0,"precipitation":{"nearest":{"status":"ok","distance":112.07,"intensity":0.1875},"local":{"status":"ok","intensity":0.0,"datasource":"gfs"}},"wind":{"direction":264.78,"speed":12.84}}}
{"status":"ok","lang":"zh_CN","server_time":1522078015,"tzshift":28800,"location":[51.730976,-0.246521],"unit":"metric","result":{"status":"ok","temperature":11.33,"skycon":"CLEAR_NIGHT","cloudrate":0.18,"aqi":10,"humidity":0.52,"pres":100743.71,"pm25":10,"precipitation":{"nearest":{"status":"ok","distance":10000.0,"intensity":0.0},"local":{"status":"ok","intensity":0.0,"datasource":"gfs"}},"wind":{"direction":262.89,"speed":12.8}}}
