{"status":"ok","lang":"zh_CN","server_time":1521995206,"tzshift":28800,"location":[51.630976,-0.046521],"unit":"metric","result":{"status":"ok","temperature":11.11,"skycon":"CLOUDY","cloudrate":0.87,"aqi":10,"humidity":0.59,"pres":100592.24,"pm25":10,"precipitation":{"nearest":{"status":"ok","distance":10000.0,"intensity":0.0},"local":{"status":"ok","intensity":0.0,"datasource":"gfs"}},"wind":{"direction":8.55,"speed":9.74}}}
{"status":"ok","lang":"zh_CN","server_time":1521996405,"tzshift":28800,"location":[51.630976,-0.046521],"unit":"metric","result":{"status":"ok","temperature":11.11,"skycon":"CLOUDY","cloudrate":0.87,"aqi":10.0,"humidity":0.59,"pres":100592.24,"pm25":10.0,"precipitation":{"nearest":{"status":"ok","distance":284.64,"intensity":0.1875},"local":{"status":"ok","intensity":0.0,"datasource":"gfs"}},"wind":{"direction":8.55,"speed":9.74}}}
{"status":"ok","lang":"zh_CN","server_time":1521998807,"tzshift":28800,"location":[51.630976,-0.046521],"unit":"metric","result":{"status":"ok","temperature":10.41,"skycon":"CLOUDY","cloudrate":0.87,"aqi":10,"humidity":0.62,"pres":100622.36,"pm25":10,"precipitation":{"nearest":{"status":"ok","distance":235.94,"intensity":0.1875},"local":{"status":"ok","intensity":0.0174,"datasource":"gfs"}},"wind":{"direction":3.21,"speed":9.1}}}
{"status":"ok","lang":"zh_CN","server_time":1522000152,"tzshift":28800,"location":[51.630976,-0.046521],"unit":"metric","result":{"status":"ok","temperature":10.41,"skycon":"CLOUDY","cloudrate":0.87,"aqi":10.0,"humidity":0.62,"pres":100622.36,"pm25":10.0,"precipitation":{"nearest":{"status":"ok","distance":566.78,"intensity":0.25},"local":{"status":"ok","intensity":0.0174,"datasource":"gfs"}},"wind":{"direction":3.21,"speed":9.1}}}
{"status":"ok","lang":"zh_CN","server_time":1522002411,"tzshift":28800,"location":[51.630976,-0.046521],"unit":"metric","result":{"status":"ok","temperature":9.62,"skycon":"CLOUDY","cloudrate":0.89,"aqi":10.0,"humidity":0.66,"pres":100662.48,"pm25":10.0,"precipitation":{"nearest":{"status":"ok","distance":49.94,"intensity":0.1875},"local":{"status":"ok","intensity":0.0216,"datasource":"gfs"}},"wind":{"direction":357.08,"speed":8.23}}}
{"status":"ok","lang":"zh_CN","server_time":1522003600,"tzshift":28800,"location":[51.630976,-0.046521],"unit":"metric","result":{"status":"ok","temperature":9.62,"skycon":"CLOUDY","cloudrate":0.89,"aqi":10.0,"humidity":0.66,"pres":100662.48,"pm25":10.0,"precipitation":{"nearest":{"status":"ok","distance":5.99,"intensity":0.1875},"local":{"status":"ok","intensity":0.0216,"datasource":"gfs"}},"wind":{"direction":357.08,"speed":8.23}}}
{"status":"ok","lang":"zh_CN","server_time":1522006000,"tzshift":28800,"location":[51.630976,-0.046521],"unit":"metric","result":{"status":"ok","temperature":8.87,"skycon":"CLOUDY","cloudrate":0.94,"aqi":10.0,"humidity":0.68,"pres":100715.13,"pm25":10.0,"precipitation":{"nearest":{"status":"ok","distance":10000.0,"intensity":0.0},"local":{"status":"ok","intensity":0.0022,"datasource":"gfs"}},"wind":{"direction":349.94,"speed":7.13}}}
{"status":"ok","lang":"zh_CN","server_time":1522007199,"tzshift":28800,"location":[51.630976,-0.046521],"unit":"metric","result":{"status":"ok","temperature":8.87,"skycon":"CLOUDY","cloudrate":0.94,"aqi":10.0,"humidity":0.68,"pres":100715.13,"pm25":10.0,"precipitation":{"nearest":{"status":"ok","distance":10000.0,"intensity":0.0},"local":{"status":"ok","intensity":0.0022,"datasource":"gfs"}},"wind":{"direction":349.94,"speed":7.13}}}
{"status":"ok","lang":"zh_CN","server_time":1522009599,"tzshift":28800,"location":[51.630976,-0.046521],"unit":"metric","result":{"status":"ok","temperature":8.14,"skycon":"CLOUDY","cloudrate":0.99,"aqi":10.0,"humidity":0.7,"pres":100774.78,"pm25":10.0,"precipitation":{"nearest":{"status":"ok","distance":209.16,"intensity":0.1875},"local":{"status":"ok","intensity":0.0,"datasource":"gfs"}},"wind":{"direction":341.95,"speed":6.26}}}
{"status":"ok","lang":"zh_CN","server_time":1522010799,"tzshift":28800,"location":[51.630976,-0.046521],"unit":"metric","result":{"status":"ok","temperature":9.76,"skycon":"CLOUDY","cloudrate":1.0,"aqi":10.0,"humidity":0.6,"pres":100774.64,"pm25":10.0,"precipitation":{"nearest":{"status":"ok","distance":10000.0,"intensity":0.0},"local":{"status":"ok","intensity":0.0,"datasource":"gfs"}},"wind":{"direction":333.55,"speed":8.13}}}
{"status":"ok","lang":"zh_CN","server_time":1522013329,"tzshift":28800,"location":[51.630976,-0.046521],"unit":"metric","result":{"status":"ok","temperature":7.44,"skycon":"CLOUDY","cloudrate":0.98,"aqi":10.0,"humidity":0.71,"pres":100833.9,"pm25":10.0,"precipitation":{"nearest":{"status":"ok","distance":115.73,"intensity":0.25},"local":{"status":"ok","intensity":0.0,"datasource":"gfs"}},"wind":{"direction":336.13,"speed":6.19}}}
{"status":"ok","lang":"zh_CN","server_time":1522014402,"tzshift":28800,"location":[51.630976,-0.046521],"unit":"metric","result":{"status":"ok","temperature":7.98,"skycon":"CLOUDY","cloudrate":1.0,"aqi":10.0,"humidity":0.7,"pres":100850.34,"pm25":10.0,"precipitation":{"nearest":{"status":"ok","distance":10000.0,"intensity":0.0},"local":{"status":"ok","intensity":0.0234,"datasource":"gfs"}},"wind":{"direction":319.6,"speed":4.77}}}
{"status":"failed", "error":"'API quota is exhausted'"}
{"status":"failed", "error":"'API quota is exhausted'"}
{"status":"failed", "error":"'API quota is exhausted'"}
{"status":"ok","lang":"zh_CN","server_time":1522021602,"tzshift":28800,"location":[51.630976,-0.046521],"unit":"metric","result":{"status":"ok","temperature":6.46,"skycon":"PARTLY_CLOUDY_DAY","cloudrate":0.8,"aqi":10.0,"humidity":0.73,"pres":100926.43,"pm25":10.0,"precipitation":{"nearest":{"status":"ok","distance":222.28,"intensity":0.1875},"local":{"status":"ok","intensity":0.0096,"datasource":"gfs"}},"wind":{"direction":326.73,"speed":7.31}}}
{"status":"ok","lang":"zh_CN","server_time":1522024182,"tzshift":28800,"location":[51.630976,-0.046521],"unit":"metric","result":{"status":"ok","temperature":5.86,"skycon":"PARTLY_CLOUDY_DAY","cloudrate":0.67,"aqi":10.0,"humidity":0.74,"pres":100946.33,"pm25":10.0,"precipitation":{"nearest":{"status":"ok","distance":10000.0,"intensity":0.0},"local":{"status":"ok","intensity":0.0,"datasource":"gfs"}},"wind":{"direction":331.47,"speed":8.7}}}
{"status":"failed", "error":"'API quota is exhausted'"}
{"status":"failed", "error":"'API quota is exhausted'"}
{"status":"failed", "error":"'API quota is exhausted'"}
{"status":"failed", "error":"'API quota is exhausted'"}
{"status":"failed", "error":"'API quota is exhausted'"}
{"status":"failed", "error":"'API quota is exhausted'"}
{"status":"failed", "error":"'API quota is exhausted'"}
{"status":"failed", "error":"'API quota is exhausted'"}
{"status":"failed", "error":"'API quota is exhausted'"}
{"status":"failed", "error":"'API quota is exhausted'"}
{"status":"failed", "error":"'API quota is exhausted'"}
{"status":"failed", "error":"'API quota is exhausted'"}
{"status":"failed", "error":"'API quota is exhausted'"}
{"status":"failed", "error":"'API quota is exhausted'"}
{"status":"failed", "error":"'API quota is exhausted'"}
{"status":"failed", "error":"'API quota is exhausted'"}
{"status":"failed", "error":"'API quota is exhausted'"}
{"status":"failed", "error":"'API quota is exhausted'"}
{"status":"failed", "error":"'API quota is exhausted'"}
{"status":"failed", "error":"'API quota is exhausted'"}
{"status":"failed", "error":"'API quota is exhausted'"}
{"status":"failed", "error":"'API quota is exhausted'"}
{"status":"failed", "error":"'API quota is exhausted'"}
{"status":"failed", "error":"'API quota is exhausted'"}
{"status":"ok","lang":"zh_CN","server_time":1522068406,"tzshift":28800,"location":[51.630976,-0.046521],"unit":"metric","result":{"status":"ok","temperature":11.64,"skycon":"CLEAR_NIGHT","cloudrate":0.01,"aqi":10.0,"humidity":0.37,"pres":101175.92,"pm25":10.0,"precipitation":{"nearest":{"status":"ok","distance":10000.0,"intensity":0.0},"local":{"status":"ok","intensity":0.0,"datasource":"gfs"}},"wind":{"direction":280.49,"speed":7.75}}}
{"status":"ok","lang":"zh_CN","server_time":1522068406,"tzshift":28800,"location":[51.630976,-0.046521],"unit":"metric","result":{"status":"ok","temperature":11.64,"skycon":"CLEAR_NIGHT","cloudrate":0.01,"aqi":10.0,"humidity":0.37,"pres":101175.92,"pm25":10.0,"precipitation":{"nearest":{"status":"ok","distance":10000.0,"intensity":0.0},"local":{"status":"ok","intensity":0.0,"datasource":"gfs"}},"wind":{"direction":280.49,"speed":7.75}}}
{"status":"ok","lang":"zh_CN","server_time":1522070814,"tzshift":28800,"location":[51.630976,-0.046521],"unit":"metric","result":{"status":"ok","temperature":11.68,"skycon":"CLEAR_NIGHT","cloudrate":0.06,"aqi":10.0,"humidity":0.43,"pres":101155.86,"pm25":10.0,"precipitation":{"nearest":{"status":"ok","distance":10000.0,"intensity":0.0},"local":{"status":"ok","intensity":0.0,"datasource":"gfs"}},"wind":{"direction":275.1,"speed":10.1}}}
{"status":"ok","lang":"zh_CN","server_time":1522074418,"tzshift":28800,"location":[51.630976,-0.046521],"unit":"metric","result":{"status":"ok","temperature":11.98,"skycon":"CLEAR_NIGHT","cloudrate":0.14,"aqi":10,"humidity":0.43,"pres":101120.03,"pm25":10,"precipitation":{"nearest":{"status":"ok","distance":117.38,"intensity":0.25},"local":{"status":"ok","intensity":0.0,"datasource":"gfs"}},"wind":{"direction":270.42,"speed":10.86}}}
{"status":"ok","lang":"zh_CN","server_time":1522078012,"tzshift":28800,"location":[51.630976,-0.046521],"unit":"metric","result":{"status":"ok","temperature":11.92,"skycon":"PARTLY_CLOUDY_NIGHT","cloudrate":0.21,"aqi":10,"humidity":0.44,"pres":101078.66,"pm25":10,"precipitation":{"local":{"status":"ok","intensity":0.0,"datasource":"gfs"}},"wind":{"direction":266.85,"speed":10.9}}}
