{"status":"ok","lang":"zh_CN","server_time":1521995207,"tzshift":28800,"location":[51.630976,0.153479],"unit":"metric","result":{"status":"ok","temperature":10.89,"skycon":"CLOUDY","cloudrate":0.87,"aqi":10.0,"humidity":0.6,"pres":100574.85,"pm25":10.0,"precipitation":{"nearest":{"status":"ok","distance":10000.0,"intensity":0.0},"local":{"status":"ok","intensity":0.0,"datasource":"gfs"}},"wind":{"direction":11.73,"speed":9.31}}}
{"status":"ok","lang":"zh_CN","server_time":1521996406,"tzshift":28800,"location":[51.630976,0.153479],"unit":"metric","result":{"status":"ok","temperature":10.89,"skycon":"CLOUDY","cloudrate":0.87,"aqi":10.0,"humidity":0.6,"pres":100574.85,"pm25":10.0,"precipitation":{"nearest":{"status":"ok","distance":10000.0,"intensity":0.0},"local":{"status":"ok","intensity":0.0,"datasource":"gfs"}},"wind":{"direction":11.73,"speed":9.31}}}
{"status":"ok","lang":"zh_CN","server_time":1521998808,"tzshift":28800,"location":[51.630976,0.153479],"unit":"metric","result":{"status":"ok","temperature":10.22,"skycon":"CLOUDY","cloudrate":0.88,"aqi":10.0,"humidity":0.64,"pres":100603.55,"pm25":10.0,"precipitation":{"nearest":{"status":"ok","distance":507.9,"intensity":0.1875},"local":{"status":"ok","intensity":0.0,"datasource":"gfs"}},"wind":{"direction":7.06,"speed":8.38}}}
{"status":"ok","lang":"zh_CN","server_time":1522000153,"tzshift":28800,"location":[51.630976,0.153479],"unit":"metric","result":{"status":"ok","temperature":10.22,"skycon":"CLOUDY","cloudrate":0.88,"aqi":10,"humidity":0.64,"pres":100603.55,"pm25":10,"precipitation":{"nearest":{"status":"ok","distance":441.2,"intensity":0.1875},"local":{"status":"ok","intensity":0.0,"datasource":"gfs"}},"wind":{"direction":7.06,"speed":8.38}}}
{"status":"ok","lang":"zh_CN","server_time":1522002412,"tzshift":28800,"location":[51.630976,0.153479],"unit":"metric","result":{"status":"ok","temperature":9.45,"skycon":"CLOUDY","cloudrate":0.91,"aqi":10,"humidity":0.67,"pres":100642.85,"pm25":10,"precipitation":{"nearest":{"status":"ok","distance":10000.0,"intensity":0.0},"local":{"status":"ok","intensity":0.0109,"datasource":"gfs"}},"wind":{"direction":3.2,"speed":7.14}}}
{"status":"ok","lang":"zh_CN","server_time":1522003601,"tzshift":28800,"location":[51.630976,0.153479],"unit":"metric","result":{"status":"ok","temperature":9.45,"skycon":"CLOUDY","cloudrate":0.91,"aqi":10.0,"humidity":0.67,"pres":100642.85,"pm25":10.0,"precipitation":{"nearest":{"status":"ok","distance":59.8,"intensity":0.1875},"local":{"status":"ok","intensity":0.0109,"datasource":"gfs"}},"wind":{"direction":3.2,"speed":7.14}}}
{"status":"ok","lang":"zh_CN","server_time":1522006001,"tzshift":28800,"location":[51.630976,0.153479],"unit":"metric","result":{"status":"ok","temperature":8.7,"skycon":"CLOUDY","cloudrate":0.96,"aqi":10.0,"humidity":0.7,"pres":100695.56,"pm25":10.0,"precipitation":{"nearest":{"status":"ok","distance":63.52,"intensity":0.1875},"local":{"status":"ok","intensity":0.0069,"datasource":"gfs"}},"wind":{"direction":1.86,"speed":5.54}}}
{"status":"ok","lang":"zh_CN","server_time":1522007200,"tzshift":28800,"location":[51.630976,0.153479],"unit":"metric","result":{"status":"ok","temperature":8.7,"skycon":"CLOUDY","cloudrate":0.96,"aqi":10.0,"humidity":0.7,"pres":100695.56,"pm25":10.0,"precipitation":{"nearest":{"status":"ok","distance":10000.0,"intensity":0.0},"local":{"status":"ok","intensity":0.0069,"datasource":"gfs"}},"wind":{"direction":1.86,"speed":5.54}}}
{"status":"ok","lang":"zh_CN","server_time":1522009600,"tzshift":28800,"location":[51.630976,0.153479],"unit":"metric","result":{"status":"ok","temperature":7.97,"skycon":"CLOUDY","cloudrate":1.0,"aqi":10.0,"humidity":0.72,"pres":100755.54,"pm25":10.0,"precipitation":{"nearest":{"status":"ok","distance":141.64,"intensity":0.1875},"local":{"status":"ok","intensity":0.0,"datasource":"gfs"}},"wind":{"direction":0.56,"speed":4.13}}}
{"status":"ok","lang":"zh_CN","server_time":1522010800,"tzshift":28800,"location":[51.630976,0.153479],"unit":"metric","result":{"status":"ok","temperature":7.97,"skycon":"CLOUDY","cloudrate":1.0,"aqi":10.0,"humidity":0.72,"pres":100755.54,"pm25":10.0,"precipitation":{"nearest":{"status":"ok","distance":10000.0,"intensity":0.0},"local":{"status":"ok","intensity":0.0,"datasource":"gfs"}},"wind":{"direction":0.56,"speed":4.13}}}
{"status":"ok","lang":"zh_CN","server_time":1522013330,"tzshift":28800,"location":[51.630976,0.153479],"unit":"metric","result":{"status":"ok","temperature":7.24,"skycon":"CLOUDY","cloudrate":0.99,"aqi":10.0,"humidity":0.74,"pres":100814.42,"pm25":10.0,"precipitation":{"nearest":{"status":"ok","distance":10000.0,"intensity":0.0},"local":{"status":"ok","intensity":0.0,"datasource":"gfs"}},"wind":{"direction":352.4,"speed":3.62}}}
{"status":"ok","lang":"zh_CN","server_time":1522014403,"tzshift":28800,"location":[51.630976,0.153479],"unit":"metric","result":{"status":"ok","temperature":7.79,"skycon":"RAIN","cloudrate":1.0,"aqi":10.0,"humidity":0.73,"pres":100831.37,"pm25":10.0,"precipitation":{"nearest":{"status":"ok","distance":64.68,"intensity":0.1875},"local":{"status":"ok","intensity":0.0407,"datasource":"gfs"}},"wind":{"direction":338.28,"speed":2.28}}}
{"status":"ok","lang":"zh_CN","server_time":1522016803,"tzshift":28800,"location":[51.630976,0.153479],"unit":"metric","result":{"status":"ok","temperature":7.09,"skycon":"RAIN","cloudrate":0.97,"aqi":10.0,"humidity":0.75,"pres":100875.32,"pm25":10.0,"precipitation":{"nearest":{"status":"ok","distance":194.37,"intensity":0.3125},"local":{"status":"ok","intensity":0.0415,"datasource":"gfs"}},"wind":{"direction":322.83,"speed":3.52}}}
{"status":"failed", "error":"'API quota is exhausted'"}
{"status":"failed", "error":"'API quota is exhausted'"}
{"status":"failed", "error":"'API quota is exhausted'"}
{"status":"ok","lang":"zh_CN","server_time":1522024182,"tzshift":28800,"location":[51.630976,0.153479],"unit":"metric","result":{"status":"ok","temperature":5.77,"skycon":"PARTLY_CLOUDY_DAY","cloudrate":0.76,"aqi":10.0,"humidity":0.77,"pres":100922.06,"pm25":10.0,"precipitation":{"nearest":{"status":"ok","distance":543.44,"intensity":0.25},"local":{"status":"ok","intensity":0.0188,"datasource":"gfs"}},"wind":{"direction":323.38,"speed":7.86}}}
{"status":"failed", "error":"'API quota is exhausted'"}
{"status":"failed", "error":"'API quota is exhausted'"}
{"status":"failed", "error":"'API quota is exhausted'"}
{"status":"failed", "error":"'API quota is exhausted'"}
{"status":"failed", "error":"'API quota is exhausted'"}
{"status":"failed", "error":"'API quota is exhausted'"}
{"status":"failed", "error":"'API quota is exhausted'"}
{"status":"failed", "error":"'API quota is exhausted'"}
{"status":"failed", "error":"'API quota is exhausted'"}
{"status":"failed", "error":"'API quota is exhausted'"}
{"status":"failed", "error":"'API quota is exhausted'"}
{"status":"failed", "error":"'API quota is exhausted'"}
{"status":"ok","lang":"zh_CN","server_time":1522046808,"tzshift":28800,"location":[51.630976,0.153479],"unit":"metric","result":{"status":"ok","temperature":3.42,"skycon":"PARTLY_CLOUDY_DAY","cloudrate":0.39,"aqi":10.0,"humidity":0.81,"pres":101074.8,"pm25":10.0,"precipitation":{"nearest":{"status":"ok","distance":10000.0,"intensity":0.0},"local":{"status":"ok","intensity":0.0,"datasource":"gfs"}},"wind":{"direction":321.94,"speed":8.55}}}
{"status":"failed", "error":"'API quota is exhausted'"}
{"status":"failed", "error":"'API quota is exhausted'"}
{"status":"failed", "error":"'API quota is exhausted'"}
{"status":"failed", "error":"'API quota is exhausted'"}
{"status":"failed", "error":"'API quota is exhausted'"}
{"status":"failed", "error":"'API quota is exhausted'"}
{"status":"failed", "error":"'API quota is exhausted'"}
{"status":"failed", "error":"'API quota is exhausted'"}
{"status":"failed", "error":"'API quota is exhausted'"}
{"status":"failed", "error":"'API quota is exhausted'"}
{"status":"ok","lang":"zh_CN","server_time":1522067212,"tzshift":28800,"location":[51.630976,0.153479],"unit":"metric","result":{"status":"ok","temperature":11.07,"skycon":"CLEAR_NIGHT","cloudrate":0.0,"aqi":10.0,"humidity":0.46,"pres":101161.64,"pm25":10.0,"precipitation":{"nearest":{"status":"ok","distance":10000.0,"intensity":0.0},"local":{"status":"ok","intensity":0.0,"datasource":"gfs"}},"wind":{"direction":287.9,"speed":9.1}}}
{"status":"ok","lang":"zh_CN","server_time":1522068407,"tzshift":28800,"location":[51.630976,0.153479],"unit":"metric","result":{"status":"ok","temperature":11.07,"skycon":"CLEAR_NIGHT","cloudrate":0.0,"aqi":10.0,"humidity":0.46,"pres":101161.64,"pm25":10.0,"precipitation":{"nearest":{"status":"ok","distance":115.52,"intensity":0.25},"local":{"status":"ok","intensity":0.0,"datasource":"gfs"}},"wind":{"direction":287.9,"speed":9.1}}}
{"status":"ok","lang":"zh_CN","server_time":1522068407,"tzshift":28800,"location":[51.630976,0.153479],"unit":"metric","result":{"status":"ok","temperature":11.07,"skycon":"CLEAR_NIGHT","cloudrate":0.0,"aqi":10.0,"humidity":0.46,"pres":101161.64,"pm25":10.0,"precipitation":{"nearest":{"status":"ok","distance":115.52,"intensity":0.25},"local":{"status":"ok","intensity":0.0,"datasource":"gfs"}},"wind":{"direction":287.9,"speed":9.1}}}
{"status":"ok","lang":"zh_CN","server_time":1522070815,"tzshift":28800,"location":[51.630976,0.153479],"unit":"metric","result":{"status":"ok","temperature":11.59,"skycon":"CLEAR_NIGHT","cloudrate":0.08,"aqi":10.0,"humidity":0.44,"pres":101138.96,"pm25":10.0,"precipitation":{"nearest":{"status":"ok","distance":348.74,"intensity":0.25},"local":{"status":"ok","intensity":0.0,"datasource":"gfs"}},"wind":{"direction":280.75,"speed":9.86}}}
{"status":"ok","lang":"zh_CN","server_time":1522074419,"tzshift":28800,"location":[51.630976,0.153479],"unit":"metric","result":{"status":"ok","temperature":11.82,"skycon":"CLEAR_NIGHT","cloudrate":0.17,"aqi":10.0,"humidity":0.44,"pres":101104.94,"pm25":10.0,"precipitation":{"local":{"status":"ok","intensity":0.0,"datasource":"gfs"}},"wind":{"direction":275.46,"speed":10.34}}}
{"status":"ok","lang":"zh_CN","server_time":1522078013,"tzshift":28800,"location":[51.630976,0.153479],"unit":"metric","result":{"status":"ok","temperature":11.72,"skycon":"PARTLY_CLOUDY_NIGHT","cloudrate":0.26,"aqi":10.0,"humidity":0.45,"pres":101065.02,"pm25":10.0,"precipitation":{"nearest":{"status":"ok","distance":137.8,"intensity":0.3125},"local":{"status":"ok","intensity":0.0,"datasource":"gfs"}},"wind":{"direction":271.45,"speed":10.16}}}
