{"status":"ok","lang":"zh_CN","server_time":1521995211,"tzshift":28800,"location":[51.730976,0.153479],"unit":"metric","result":{"status":"ok","temperature":10.35,"skycon":"CLOUDY","cloudrate":0.97,"aqi":10.0,"humidity":0.66,"pres":100387.07,"pm25":10.0,"precipitation":{"nearest":{"status":"ok","distance":10000.0,"intensity":0.0},"local":{"status":"ok","intensity":0.0152,"datasource":"gfs"}},"wind":{"direction":8.3,"speed":9.63}}}
{"status":"ok","lang":"zh_CN","server_time":1521996410,"tzshift":28800,"location":[51.730976,0.153479],"unit":"metric","result":{"status":"ok","temperature":10.35,"skycon":"CLOUDY","cloudrate":0.97,"aqi":10.0,"humidity":0.66,"pres":100387.07,"pm25":10.0,"precipitation":{"nearest":{"status":"ok","distance":10000.0,"intensity":0.0},"local":{"status":"ok","intensity":0.0152,"datasource":"gfs"}},"wind":{"direction":8.3,"speed":9.63}}}
{"status":"ok","lang":"zh_CN","server_time":1521998812,"tzshift":28800,"location":[51.730976,0.153479],"unit":"metric","result":{"status":"ok","temperature":9.55,"skycon":"RAIN","cloudrate":0.96,"aqi":10.0,"humidity":0.7,"pres":100415.86,"pm25":10.0,"precipitation":{"nearest":{"status":"ok","distance":187.75,"intensity":0.1875},"local":{"status":"ok","intensity":0.0352,"datasource":"gfs"}},"wind":{"direction":3.2,"speed":8.42}}}
{"status":"ok","lang":"zh_CN","server_time":1522000171,"tzshift":28800,"location":[51.730976,0.153479],"unit":"metric","result":{"status":"ok","temperature":9.55,"skycon":"RAIN","cloudrate":0.96,"aqi":10.0,"humidity":0.7,"pres":100415.86,"pm25":10.0,"precipitation":{"nearest":{"status":"ok","distance":284.44,"intensity":0.1875},"local":{"status":"ok","intensity":0.0352,"datasource":"gfs"}},"wind":{"direction":3.2,"speed":8.42}}}
{"status":"ok","lang":"zh_CN","server_time":1522002416,"tzshift":28800,"location":[51.730976,0.153479],"unit":"metric","result":{"status":"ok","temperature":8.65,"skycon":"RAIN","cloudrate":0.97,"aqi":10.0,"humidity":0.74,"pres":100455.03,"pm25":10.0,"precipitation":{"nearest":{"status":"ok","distance":10000.0,"intensity":0.0},"local":{"status":"ok","intensity":0.0387,"datasource":"gfs"}},"wind":{"direction":358.42,"speed":7.05}}}
{"status":"ok","lang":"zh_CN","server_time":1522003605,"tzshift":28800,"location":[51.730976,0.153479],"unit":"metric","result":{"status":"ok","temperature":8.65,"skycon":"RAIN","cloudrate":0.97,"aqi":10.0,"humidity":0.74,"pres":100455.03,"pm25":10.0,"precipitation":{"nearest":{"status":"ok","distance":187.64,"intensity":0.1875},"local":{"status":"ok","intensity":0.0387,"datasource":"gfs"}},"wind":{"direction":358.42,"speed":7.05}}}
{"status":"ok","lang":"zh_CN","server_time":1522006005,"tzshift":28800,"location":[51.730976,0.153479],"unit":"metric","result":{"status":"ok","temperature":7.78,"skycon":"CLOUDY","cloudrate":1.0,"aqi":10,"humidity":0.76,"pres":100507.31,"pm25":10,"precipitation":{"nearest":{"status":"ok","distance":10000.0,"intensity":0.0},"local":{"status":"ok","intensity":0.0217,"datasource":"gfs"}},"wind":{"direction":355.3,"speed":5.55}}}
{"status":"ok","lang":"zh_CN","server_time":1522007204,"tzshift":28800,"location":[51.730976,0.153479],"unit":"metric","result":{"status":"ok","temperature":7.78,"skycon":"CLOUDY","cloudrate":1.0,"aqi":10.0,"humidity":0.76,"pres":100507.31,"pm25":10.0,"precipitation":{"nearest":{"status":"ok","distance":198.65,"intensity":0.1875},"local":{"status":"ok","intensity":0.0217,"datasource":"gfs"}},"wind":{"direction":355.3,"speed":5.55}}}
{"status":"ok","lang":"zh_CN","server_time":1522009604,"tzshift":28800,"location":[51.730976,0.153479],"unit":"metric","result":{"status":"ok","temperature":6.96,"skycon":"CLOUDY","cloudrate":1.0,"aqi":10.0,"humidity":0.77,"pres":100566.67,"pm25":10.0,"precipitation":{"nearest":{"status":"ok","distance":10000.0,"intensity":0.0},"local":{"status":"ok","intensity":0.0,"datasource":"gfs"}},"wind":{"direction":351.86,"speed":4.41}}}
{"status":"ok","lang":"zh_CN","server_time":1522010804,"tzshift":28800,"location":[51.730976,0.153479],"unit":"metric","result":{"status":"ok","temperature":6.96,"skycon":"CLOUDY","cloudrate":1.0,"aqi":10.0,"humidity":0.77,"pres":100566.67,"pm25":10.0,"precipitation":{"nearest":{"status":"ok","distance":10000.0,"intensity":0.0},"local":{"status":"ok","intensity":0.0,"datasource":"gfs"}},"wind":{"direction":351.86,"speed":4.41}}}
{"status":"ok","lang":"zh_CN","server_time":1522013335,"tzshift":28800,"location":[51.730976,0.153479],"unit":"metric","result":{"status":"ok","temperature":6.14,"skycon":"CLOUDY","cloudrate":1.0,"aqi":10.0,"humidity":0.78,"pres":100624.93,"pm25":10.0,"precipitation":{"nearest":{"status":"ok","distance":10000.0,"intensity":0.0},"local":{"status":"ok","intensity":0.0,"datasource":"gfs"}},"wind":{"direction":344.79,"speed":4.29}}}
{"status":"ok","lang":"zh_CN","server_time":1522014407,"tzshift":28800,"location":[51.730976,0.153479],"unit":"metric","result":{"status":"ok","temperature":6.64,"skycon":"CLOUDY","cloudrate":1.0,"aqi":10.0,"humidity":0.78,"pres":100641.39,"pm25":10.0,"precipitation":{"nearest":{"status":"ok","distance":182.78,"intensity":0.1875},"local":{"status":"ok","intensity":0.0164,"datasource":"gfs"}},"wind":{"direction":335.0,"speed":2.59}}}
{"status":"failed", "error":"'API quota is exhausted'"}
{"status":"ok","lang":"zh_CN","server_time":1522018011,"tzshift":28800,"location":[51.730976,0.153479],"unit":"metric","result":{"status":"ok","temperature":5.86,"skycon":"CLOUDY","cloudrate":0.96,"aqi":10.0,"humidity":0.79,"pres":100685.66,"pm25":10.0,"precipitation":{"nearest":{"status":"ok","distance":282.56,"intensity":0.25},"local":{"status":"ok","intensity":0.0069,"datasource":"gfs"}},"wind":{"direction":325.17,"speed":4.1}}}
{"status":"failed", "error":"'API quota is exhausted'"}
{"status":"ok","lang":"zh_CN","server_time":1522021607,"tzshift":28800,"location":[51.730976,0.153479],"unit":"metric","result":{"status":"ok","temperature":5.1,"skycon":"CLOUDY","cloudrate":0.87,"aqi":10,"humidity":0.81,"pres":100714.92,"pm25":10,"precipitation":{"nearest":{"status":"ok","distance":48.72,"intensity":0.1875},"local":{"status":"ok","intensity":0.0,"datasource":"gfs"}},"wind":{"direction":324.43,"speed":6.64}}}
{"status":"failed", "error":"'API quota is exhausted'"}
{"status":"failed", "error":"'API quota is exhausted'"}
{"status":"failed", "error":"'API quota is exhausted'"}
{"status":"failed", "error":"'API quota is exhausted'"}
{"status":"failed", "error":"'API quota is exhausted'"}
{"status":"failed", "error":"'API quota is exhausted'"}
{"status":"failed", "error":"'API quota is exhausted'"}
{"status":"ok","lang":"zh_CN","server_time":1522036012,"tzshift":28800,"location":[51.730976,0.153479],"unit":"metric","result":{"status":"ok","temperature":4.99,"skycon":"CLOUDY","cloudrate":0.83,"aqi":10.0,"humidity":0.8,"pres":100804.08,"pm25":10.0,"precipitation":{"nearest":{"status":"ok","distance":263.27,"intensity":0.1875},"local":{"status":"ok","intensity":0.0,"datasource":"gfs"}},"wind":{"direction":332.72,"speed":10.21}}}
{"status":"failed", "error":"'API quota is exhausted'"}
{"status":"ok","lang":"zh_CN","server_time":1522039610,"tzshift":28800,"location":[51.730976,0.153479],"unit":"metric","result":{"status":"ok","temperature":3.95,"skycon":"PARTLY_CLOUDY_DAY","cloudrate":0.79,"aqi":10.0,"humidity":0.83,"pres":100830.37,"pm25":10.0,"precipitation":{"nearest":{"status":"ok","distance":0.68,"intensity":0.1875},"local":{"status":"ok","intensity":0.0,"datasource":"gfs"}},"wind":{"direction":329.75,"speed":9.78}}}
{"status":"failed", "error":"'API quota is exhausted'"}
{"status":"failed", "error":"'API quota is exhausted'"}
{"status":"failed", "error":"'API quota is exhausted'"}
{"status":"failed", "error":"'API quota is exhausted'"}
{"status":"failed", "error":"'API quota is exhausted'"}
{"status":"failed", "error":"'API quota is exhausted'"}
{"status":"failed", "error":"'API quota is exhausted'"}
{"status":"failed", "error":"'API quota is exhausted'"}
{"status":"failed", "error":"'API quota is exhausted'"}
{"status":"failed", "error":"'API quota is exhausted'"}
{"status":"failed", "error":"'API quota is exhausted'"}
{"status":"failed", "error":"'API quota is exhausted'"}
{"status":"failed", "error":"'API quota is exhausted'"}
{"status":"failed", "error":"'API quota is exhausted'"}
{"status":"failed", "error":"'API quota is exhausted'"}
{"status":"ok","lang":"zh_CN","server_time":1522068411,"tzshift":28800,"location":[51.730976,0.153479],"unit":"metric","result":{"status":"ok","temperature":10.55,"skycon":"CLEAR_NIGHT","cloudrate":0.0,"aqi":10.0,"humidity":0.53,"pres":100965.01,"pm25":10.0,"precipitation":{"nearest":{"status":"ok","distance":204.97,"intensity":0.3125},"local":{"status":"ok","intensity":0.0,"datasource":"gfs"}},"wind":{"direction":284.16,"speed":10.35}}}
{"status":"ok","lang":"zh_CN","server_time":1522068411,"tzshift":28800,"location":[51.730976,0.153479],"unit":"metric","result":{"status":"ok","temperature":10.55,"skycon":"CLEAR_NIGHT","cloudrate":0.0,"aqi":10.0,"humidity":0.53,"pres":100965.01,"pm25":10.0,"precipitation":{"nearest":{"status":"ok","distance":204.97,"intensity":0.3125},"local":{"status":"ok","intensity":0.0,"datasource":"gfs"}},"wind":{"direction":284.16,"speed":10.35}}}
{"status":"ok","lang":"zh_CN","server_time":1522070819,"tzshift":28800,"location":[51.730976,0.153479],"unit":"metric","result":{"status":"ok","temperature":11.08,"skycon":"CLEAR_NIGHT","cloudrate":0.07,"aqi":10,"humidity":0.5,"pres":100943.02,"pm25":10,"precipitation":{"local":{"status":"ok","intensity":0.0,"datasource":"gfs"}},"wind":{"direction":278.11,"speed":11.19}}}
{"status":"ok","lang":"zh_CN","server_time":1522074424,"tzshift":28800,"location":[51.730976,0.153479],"unit":"metric","result":{"status":"ok","temperature":11.36,"skycon":"CLEAR_NIGHT","cloudrate":0.16,"aqi":10.0,"humidity":0.5,"pres":100909.95,"pm25":10.0,"precipitation":{"nearest":{"status":"ok","distance":10000.0,"intensity":0.0},"local":{"status":"ok","intensity":0.0,"datasource":"gfs"}},"wind":{"direction":274.18,"speed":11.67}}}
{"status":"ok","lang":"zh_CN","server_time":1522078017,"tzshift":28800,"location":[51.730976,0.153479],"unit":"metric","result":{"status":"ok","temperature":11.28,"skycon":"PARTLY_CLOUDY_NIGHT","cloudrate":0.26,"aqi":10.0,"humidity":0.52,"pres":100870.7,"pm25":10.0,"precipitation":{"local":{"status":"ok","intensity":0.0,"datasource":"gfs"}},"wind":{"direction":271.68,"speed":11.29}}}
