{"status":"ok","lang":"zh_CN","server_time":1521995210,"tzshift":28800,"location":[51.730976,-0.046521],"unit":"metric","result":{"status":"ok","temperature":10.49,"skycon":"RAIN","cloudrate":0.97,"aqi":10.0,"humidity":0.65,"pres":100412.67,"pm25":10.0,"precipitation":{"nearest":{"status":"ok","distance":10000.0,"intensity":0.0},"local":{"status":"ok","intensity":0.0315,"datasource":"gfs"}},"wind":{"direction":5.32,"speed":10.14}}}
{"status":"ok","lang":"zh_CN","server_time":1521996409,"tzshift":28800,"location":[51.730976,-0.046521],"unit":"metric","result":{"status":"ok","temperature":10.49,"skycon":"RAIN","cloudrate":0.97,"aqi":10.0,"humidity":0.65,"pres":100412.67,"pm25":10.0,"precipitation":{"nearest":{"status":"ok","distance":215.99,"intensity":0.1875},"local":{"status":"ok","intensity":0.0315,"datasource":"gfs"}},"wind":{"direction":5.32,"speed":10.14}}}
{"status":"ok","lang":"zh_CN","server_time":1521998811,"tzshift":28800,"location":[51.730976,-0.046521],"unit":"metric","result":{"status":"ok","temperature":9.66,"skycon":"RAIN","cloudrate":0.96,"aqi":10.0,"humidity":0.69,"pres":100442.32,"pm25":10.0,"precipitation":{"nearest":{"status":"ok","distance":161.52,"intensity":0.1875},"local":{"status":"ok","intensity":0.047,"datasource":"gfs"}},"wind":{"direction":359.73,"speed":9.07}}}
{"status":"ok","lang":"zh_CN","server_time":1522000170,"tzshift":28800,"location":[51.730976,-0.046521],"unit":"metric","result":{"status":"ok","temperature":9.66,"skycon":"RAIN","cloudrate":0.96,"aqi":10.0,"humidity":0.69,"pres":100442.32,"pm25":10.0,"precipitation":{"nearest":{"status":"ok","distance":300.2,"intensity":0.1875},"local":{"status":"ok","intensity":0.047,"datasource":"gfs"}},"wind":{"direction":359.73,"speed":9.07}}}
{"status":"ok","lang":"zh_CN","server_time":1522002416,"tzshift":28800,"location":[51.730976,-0.046521],"unit":"metric","result":{"status":"ok","temperature":8.74,"skycon":"RAIN","cloudrate":0.95,"aqi":10,"humidity":0.72,"pres":100481.97,"pm25":10,"precipitation":{"nearest":{"status":"ok","distance":430.58,"intensity":0.1875},"local":{"status":"ok","intensity":0.0449,"datasource":"gfs"}},"wind":{"direction":352.75,"speed":8.04}}}
{"status":"ok","lang":"zh_CN","server_time":1522003604,"tzshift":28800,"location":[51.730976,-0.046521],"unit":"metric","result":{"status":"ok","temperature":8.74,"skycon":"RAIN","cloudrate":0.95,"aqi":10.0,"humidity":0.72,"pres":100481.97,"pm25":10.0,"precipitation":{"nearest":{"status":"ok","distance":3.31,"intensity":0.25},"local":{"status":"ok","intensity":0.0449,"datasource":"gfs"}},"wind":{"direction":352.75,"speed":8.04}}}
{"status":"ok","lang":"zh_CN","server_time":1522006004,"tzshift":28800,"location":[51.730976,-0.046521],"unit":"metric","result":{"status":"ok","temperature":7.86,"skycon":"CLOUDY","cloudrate":0.98,"aqi":10.0,"humidity":0.74,"pres":100534.35,"pm25":10.0,"precipitation":{"nearest":{"status":"ok","distance":226.77,"intensity":0.1875},"local":{"status":"ok","intensity":0.0171,"datasource":"gfs"}},"wind":{"direction":344.53,"speed":7.23}}}
{"status":"ok","lang":"zh_CN","server_time":1522007203,"tzshift":28800,"location":[51.730976,-0.046521],"unit":"metric","result":{"status":"ok","temperature":7.86,"skycon":"CLOUDY","cloudrate":0.98,"aqi":10.0,"humidity":0.74,"pres":100534.35,"pm25":10.0,"precipitation":{"nearest":{"status":"ok","distance":258.26,"intensity":0.1875},"local":{"status":"ok","intensity":0.0171,"datasource":"gfs"}},"wind":{"direction":344.53,"speed":7.23}}}
{"status":"ok","lang":"zh_CN","server_time":1522009603,"tzshift":28800,"location":[51.730976,-0.046521],"unit":"metric","result":{"status":"ok","temperature":7.05,"skycon":"CLOUDY","cloudrate":1.0,"aqi":10.0,"humidity":0.75,"pres":100593.74,"pm25":10.0,"precipitation":{"nearest":{"status":"ok","distance":153.16,"intensity":0.1875},"local":{"status":"ok","intensity":0.0,"datasource":"gfs"}},"wind":{"direction":336.88,"speed":6.9}}}
{"status":"ok","lang":"zh_CN","server_time":1522010803,"tzshift":28800,"location":[51.730976,-0.046521],"unit":"metric","result":{"status":"ok","temperature":7.05,"skycon":"CLOUDY","cloudrate":1.0,"aqi":10.0,"humidity":0.75,"pres":100593.74,"pm25":10.0,"precipitation":{"nearest":{"status":"ok","distance":10000.0,"intensity":0.0},"local":{"status":"ok","intensity":0.0,"datasource":"gfs"}},"wind":{"direction":336.88,"speed":6.9}}}
{"status":"ok","lang":"zh_CN","server_time":1522013334,"tzshift":28800,"location":[51.730976,-0.046521],"unit":"metric","result":{"status":"ok","temperature":6.3,"skycon":"CLOUDY","cloudrate":0.99,"aqi":10.0,"humidity":0.76,"pres":100652.35,"pm25":10.0,"precipitation":{"nearest":{"status":"ok","distance":10000.0,"intensity":0.0},"local":{"status":"ok","intensity":0.0,"datasource":"gfs"}},"wind":{"direction":333.08,"speed":7.2}}}
{"status":"ok","lang":"zh_CN","server_time":1522014406,"tzshift":28800,"location":[51.730976,-0.046521],"unit":"metric","result":{"status":"ok","temperature":6.84,"skycon":"CLOUDY","cloudrate":1.0,"aqi":10.0,"humidity":0.75,"pres":100667.39,"pm25":10.0,"precipitation":{"nearest":{"status":"ok","distance":189.65,"intensity":0.1875},"local":{"status":"ok","intensity":0.0,"datasource":"gfs"}},"wind":{"direction":318.31,"speed":5.42}}}
{"status":"failed", "error":"'API quota is exhausted'"}
{"status":"failed", "error":"'API quota is exhausted'"}
{"status":"ok","lang":"zh_CN","server_time":1522020406,"tzshift":28800,"location":[51.730976,-0.046521],"unit":"metric","result":{"status":"ok","temperature":5.26,"skycon":"PARTLY_CLOUDY_DAY","cloudrate":0.77,"aqi":10.0,"humidity":0.78,"pres":100743.64,"pm25":10.0,"precipitation":{"nearest":{"status":"ok","distance":34.05,"intensity":0.1875},"local":{"status":"ok","intensity":0.0,"datasource":"gfs"}},"wind":{"direction":329.19,"speed":8.03}}}
{"status":"ok","lang":"zh_CN","server_time":1522021606,"tzshift":28800,"location":[51.730976,-0.046521],"unit":"metric","result":{"status":"ok","temperature":5.26,"skycon":"PARTLY_CLOUDY_DAY","cloudrate":0.77,"aqi":10.0,"humidity":0.78,"pres":100743.64,"pm25":10.0,"precipitation":{"nearest":{"status":"ok","distance":365.9,"intensity":0.1875},"local":{"status":"ok","intensity":0.0,"datasource":"gfs"}},"wind":{"direction":329.19,"speed":8.03}}}
{"status":"ok","lang":"zh_CN","server_time":1522024186,"tzshift":28800,"location":[51.730976,-0.046521],"unit":"metric","result":{"status":"ok","temperature":4.73,"skycon":"PARTLY_CLOUDY_DAY","cloudrate":0.68,"aqi":10.0,"humidity":0.79,"pres":100763.66,"pm25":10.0,"precipitation":{"nearest":{"status":"ok","distance":252.65,"intensity":0.1875},"local":{"status":"ok","intensity":0.0,"datasource":"gfs"}},"wind":{"direction":333.63,"speed":9.42}}}
{"status":"failed", "error":"'API quota is exhausted'"}
{"status":"failed", "error":"'API quota is exhausted'"}
{"status":"failed", "error":"'API quota is exhausted'"}
{"status":"failed", "error":"'API quota is exhausted'"}
{"status":"ok","lang":"zh_CN","server_time":1522032408,"tzshift":28800,"location":[51.730976,-0.046521],"unit":"metric","result":{"status":"ok","temperature":4.51,"skycon":"PARTLY_CLOUDY_DAY","cloudrate":0.72,"aqi":10.0,"humidity":0.78,"pres":100788.95,"pm25":10.0,"precipitation":{"nearest":{"status":"ok","distance":45.63,"intensity":0.3125},"local":{"status":"ok","intensity":0.0,"datasource":"gfs"}},"wind":{"direction":331.79,"speed":9.63}}}
{"status":"failed", "error":"'API quota is exhausted'"}
{"status":"ok","lang":"zh_CN","server_time":1522036011,"tzshift":28800,"location":[51.730976,-0.046521],"unit":"metric","result":{"status":"ok","temperature":5.18,"skycon":"CLOUDY","cloudrate":0.95,"aqi":10.0,"humidity":0.77,"pres":100836.58,"pm25":10.0,"precipitation":{"nearest":{"status":"ok","distance":10000.0,"intensity":0.0},"local":{"status":"ok","intensity":0.0,"datasource":"gfs"}},"wind":{"direction":333.71,"speed":9.86}}}
{"status":"failed", "error":"'API quota is exhausted'"}
{"status":"failed", "error":"'API quota is exhausted'"}
{"status":"failed", "error":"'API quota is exhausted'"}
{"status":"failed", "error":"'API quota is exhausted'"}
{"status":"failed", "error":"'API quota is exhausted'"}
{"status":"failed", "error":"'API quota is exhausted'"}
{"status":"failed", "error":"'API quota is exhausted'"}
{"status":"failed", "error":"'API quota is exhausted'"}
{"status":"failed", "error":"'API quota is exhausted'"}
{"status":"failed", "error":"'API quota is exhausted'"}
{"status":"failed", "error":"'API quota is exhausted'"}
{"status":"failed", "error":"'API quota is exhausted'"}
{"status":"failed", "error":"'API quota is exhausted'"}
{"status":"failed", "error":"'API quota is exhausted'"}
{"status":"failed", "error":"'API quota is exhausted'"}
{"status":"failed", "error":"'API quota is exhausted'"}
{"status":"failed", "error":"'API quota is exhausted'"}
{"status":"ok","lang":"zh_CN","server_time":1522068410,"tzshift":28800,"location":[51.730976,-0.046521],"unit":"metric","result":{"status":"ok","temperature":10.57,"skycon":"CLEAR_NIGHT","cloudrate":0.0,"aqi":10,"humidity":0.52,"pres":100990.22,"pm25":10,"precipitation":{"local":{"status":"ok","intensity":0.0,"datasource":"gfs"}},"wind":{"direction":278.44,"speed":10.32}}}
{"status":"ok","lang":"zh_CN","server_time":1522068410,"tzshift":28800,"location":[51.730976,-0.046521],"unit":"metric","result":{"status":"ok","temperature":10.57,"skycon":"CLEAR_NIGHT","cloudrate":0.0,"aqi":10,"humidity":0.52,"pres":100990.22,"pm25":10,"precipitation":{"local":{"status":"ok","intensity":0.0,"datasource":"gfs"}},"wind":{"direction":278.44,"speed":10.32}}}
{"status":"ok","lang":"zh_CN","server_time":1522070818,"tzshift":28800,"location":[51.730976,-0.046521],"unit":"metric","result":{"status":"ok","temperature":11.15,"skycon":"CLEAR_NIGHT","cloudrate":0.06,"aqi":10.0,"humidity":0.5,"pres":100966.2,"pm25":10.0,"precipitation":{"local":{"status":"ok","intensity":0.0,"datasource":"gfs"}},"wind":{"direction":272.67,"speed":11.48}}}
{"status":"ok","lang":"zh_CN","server_time":1522074422,"tzshift":28800,"location":[51.730976,-0.046521],"unit":"metric","result":{"status":"ok","temperature":11.4,"skycon":"CLEAR_NIGHT","cloudrate":0.09,"aqi":10.0,"humidity":0.46,"pres":100561.54,"pm25":10.0,"precipitation":{"nearest":{"status":"ok","distance":10000.0,"intensity":0.0},"local":{"status":"ok","intensity":0.0,"datasource":"gfs"}},"wind":{"direction":266.8,"speed":13.21}}}
{"status":"ok","lang":"zh_CN","server_time":1522078016,"tzshift":28800,"location":[51.730976,-0.046521],"unit":"metric","result":{"status":"ok","temperature":11.42,"skycon":"CLEAR_NIGHT","cloudrate":0.2,"aqi":10.0,"humidity":0.51,"pres":100890.23,"pm25":10.0,"precipitation":{"local":{"status":"ok","intensity":0.0,"datasource":"gfs"}},"wind":{"direction":267.16,"speed":12.06}}}
