{"status":"ok","lang":"zh_CN","server_time":1521995212,"tzshift":28800,"location":[51.730976,0.253479],"unit":"metric","result":{"status":"ok","temperature":10.28,"skycon":"CLOUDY","cloudrate":0.96,"aqi":10.0,"humidity":0.66,"pres":100353.46,"pm25":10.0,"precipitation":{"nearest":{"status":"ok","distance":10000.0,"intensity":0.0},"local":{"status":"ok","intensity":0.0081,"datasource":"gfs"}},"wind":{"direction":9.69,"speed":9.37}}}
{"status":"ok","lang":"zh_CN","server_time":1521996411,"tzshift":28800,"location":[51.730976,0.253479],"unit":"metric","result":{"status":"ok","temperature":10.28,"skycon":"CLOUDY","cloudrate":0.96,"aqi":10.0,"humidity":0.66,"pres":100353.46,"pm25":10.0,"precipitation":{"nearest":{"status":"ok","distance":10000.0,"intensity":0.0},"local":{"status":"ok","intensity":0.0081,"datasource":"gfs"}},"wind":{"direction":9.69,"speed":9.37}}}
{"status":"ok","lang":"zh_CN","server_time":1521998812,"tzshift":28800,"location":[51.730976,0.253479],"unit":"metric","result":{"status":"ok","temperature":9.5,"skycon":"CLOUDY","cloudrate":0.97,"aqi":10.0,"humidity":0.7,"pres":100381.77,"pm25":10.0,"precipitation":{"nearest":{"status":"ok","distance":472.8,"intensity":0.1875},"local":{"status":"ok","intensity":0.0301,"datasource":"gfs"}},"wind":{"direction":5.23,"speed":8.05}}}
{"status":"ok","lang":"zh_CN","server_time":1522000172,"tzshift":28800,"location":[51.730976,0.253479],"unit":"metric","result":{"status":"ok","temperature":9.5,"skycon":"CLOUDY","cloudrate":0.97,"aqi":10.0,"humidity":0.7,"pres":100381.77,"pm25":10.0,"precipitation":{"nearest":{"status":"ok","distance":335.1,"intensity":0.3125},"local":{"status":"ok","intensity":0.0301,"datasource":"gfs"}},"wind":{"direction":5.23,"speed":8.05}}}
{"status":"ok","lang":"zh_CN","server_time":1522002417,"tzshift":28800,"location":[51.730976,0.253479],"unit":"metric","result":{"status":"ok","temperature":8.6,"skycon":"RAIN","cloudrate":0.98,"aqi":10.0,"humidity":0.75,"pres":100420.74,"pm25":10.0,"precipitation":{"nearest":{"status":"ok","distance":10000.0,"intensity":0.0},"local":{"status":"ok","intensity":0.0368,"datasource":"gfs"}},"wind":{"direction":2.44,"speed":6.48}}}
{"status":"ok","lang":"zh_CN","server_time":1522003605,"tzshift":28800,"location":[51.730976,0.253479],"unit":"metric","result":{"status":"ok","temperature":8.6,"skycon":"RAIN","cloudrate":0.98,"aqi":10.0,"humidity":0.75,"pres":100420.74,"pm25":10.0,"precipitation":{"nearest":{"status":"ok","distance":56.14,"intensity":0.1875},"local":{"status":"ok","intensity":0.0368,"datasource":"gfs"}},"wind":{"direction":2.44,"speed":6.48}}}
{"status":"ok","lang":"zh_CN","server_time":1522006006,"tzshift":28800,"location":[51.730976,0.253479],"unit":"metric","result":{"status":"ok","temperature":7.72,"skycon":"CLOUDY","cloudrate":1.0,"aqi":10,"humidity":0.77,"pres":100473.11,"pm25":10,"precipitation":{"nearest":{"status":"ok","distance":10000.0,"intensity":0.0},"local":{"status":"ok","intensity":0.0261,"datasource":"gfs"}},"wind":{"direction":4.68,"speed":4.69}}}
{"status":"ok","lang":"zh_CN","server_time":1522007205,"tzshift":28800,"location":[51.730976,0.253479],"unit":"metric","result":{"status":"ok","temperature":7.72,"skycon":"CLOUDY","cloudrate":1.0,"aqi":10.0,"humidity":0.77,"pres":100473.11,"pm25":10.0,"precipitation":{"nearest":{"status":"ok","distance":10000.0,"intensity":0.0},"local":{"status":"ok","intensity":0.0261,"datasource":"gfs"}},"wind":{"direction":4.68,"speed":4.69}}}
{"status":"ok","lang":"zh_CN","server_time":1522009604,"tzshift":28800,"location":[51.730976,0.253479],"unit":"metric","result":{"status":"ok","temperature":6.86,"skycon":"CLOUDY","cloudrate":1.0,"aqi":10.0,"humidity":0.79,"pres":100532.61,"pm25":10.0,"precipitation":{"nearest":{"status":"ok","distance":62.11,"intensity":0.1875},"local":{"status":"ok","intensity":0.0025,"datasource":"gfs"}},"wind":{"direction":9.53,"speed":3.25}}}
{"status":"ok","lang":"zh_CN","server_time":1522010804,"tzshift":28800,"location":[51.730976,0.253479],"unit":"metric","result":{"status":"ok","temperature":6.86,"skycon":"CLOUDY","cloudrate":1.0,"aqi":10.0,"humidity":0.79,"pres":100532.61,"pm25":10.0,"precipitation":{"nearest":{"status":"ok","distance":10000.0,"intensity":0.0},"local":{"status":"ok","intensity":0.0025,"datasource":"gfs"}},"wind":{"direction":9.53,"speed":3.25}}}
{"status":"ok","lang":"zh_CN","server_time":1522013335,"tzshift":28800,"location":[51.730976,0.253479],"unit":"metric","result":{"status":"ok","temperature":6.01,"skycon":"CLOUDY","cloudrate":1.0,"aqi":10.0,"humidity":0.8,"pres":100590.72,"pm25":10.0,"precipitation":{"nearest":{"status":"ok","distance":10000.0,"intensity":0.0},"local":{"status":"ok","intensity":0.0,"datasource":"gfs"}},"wind":{"direction":1.07,"speed":2.81}}}
{"status":"ok","lang":"zh_CN","server_time":1522014408,"tzshift":28800,"location":[51.730976,0.253479],"unit":"metric","result":{"status":"ok","temperature":6.48,"skycon":"RAIN","cloudrate":1.0,"aqi":10.0,"humidity":0.8,"pres":100607.73,"pm25":10.0,"precipitation":{"nearest":{"status":"ok","distance":10000.0,"intensity":0.0},"local":{"status":"ok","intensity":0.0333,"datasource":"gfs"}},"wind":{"direction":11.43,"speed":1.36}}}
{"status":"ok","lang":"zh_CN","server_time":1522016807,"tzshift":28800,"location":[51.730976,0.253479],"unit":"metric","result":{"status":"ok","temperature":5.74,"skycon":"CLOUDY","cloudrate":0.99,"aqi":10.0,"humidity":0.81,"pres":100651.27,"pm25":10.0,"precipitation":{"nearest":{"status":"ok","distance":10000.0,"intensity":0.0},"local":{"status":"ok","intensity":0.0233,"datasource":"gfs"}},"wind":{"direction":328.18,"speed":2.75}}}
{"status":"failed", "error":"'API quota is exhausted'"}
{"status":"failed", "error":"'API quota is exhausted'"}
{"status":"failed", "error":"'API quota is exhausted'"}
{"status":"failed", "error":"'API quota is exhausted'"}
{"status":"failed", "error":"'API quota is exhausted'"}
{"status":"failed", "error":"'API quota is exhausted'"}
{"status":"failed", "error":"'API quota is exhausted'"}
{"status":"failed", "error":"'API quota is exhausted'"}
{"status":"failed", "error":"'API quota is exhausted'"}
{"status":"failed", "error":"'API quota is exhausted'"}
{"status":"failed", "error":"'API quota is exhausted'"}
{"status":"failed", "error":"'API quota is exhausted'"}
{"status":"failed", "error":"'API quota is exhausted'"}
{"status":"failed", "error":"'API quota is exhausted'"}
{"status":"failed", "error":"'API quota is exhausted'"}
{"status":"failed", "error":"'API quota is exhausted'"}
{"status":"failed", "error":"'API quota is exhausted'"}
{"status":"failed", "error":"'API quota is exhausted'"}
{"status":"failed", "error":"'API quota is exhausted'"}
{"status":"failed", "error":"'API quota is exhausted'"}
{"status":"failed", "error":"'API quota is exhausted'"}
{"status":"failed", "error":"'API quota is exhausted'"}
{"status":"failed", "error":"'API quota is exhausted'"}
{"status":"failed", "error":"'API quota is exhausted'"}
{"status":"failed", "error":"'API quota is exhausted'"}
{"status":"failed", "error":"'API quota is exhausted'"}
{"status":"failed", "error":"'API quota is exhausted'"}
{"status":"failed", "error":"'API quota is exhausted'"}
{"status":"ok","lang":"zh_CN","server_time":1522068412,"tzshift":28800,"location":[51.730976,0.253479],"unit":"metric","result":{"status":"ok","temperature":10.53,"skycon":"CLEAR_NIGHT","cloudrate":0.0,"aqi":10.0,"humidity":0.53,"pres":100931.27,"pm25":10.0,"precipitation":{"local":{"status":"ok","intensity":0.0,"datasource":"gfs"}},"wind":{"direction":286.99,"speed":10.4}}}
{"status":"ok","lang":"zh_CN","server_time":1522068412,"tzshift":28800,"location":[51.730976,0.253479],"unit":"metric","result":{"status":"ok","temperature":10.53,"skycon":"CLEAR_NIGHT","cloudrate":0.0,"aqi":10.0,"humidity":0.53,"pres":100931.27,"pm25":10.0,"precipitation":{"local":{"status":"ok","intensity":0.0,"datasource":"gfs"}},"wind":{"direction":286.99,"speed":10.4}}}
{"status":"ok","lang":"zh_CN","server_time":1522070819,"tzshift":28800,"location":[51.730976,0.253479],"unit":"metric","result":{"status":"ok","temperature":11.03,"skycon":"CLEAR_NIGHT","cloudrate":0.08,"aqi":10.0,"humidity":0.51,"pres":100910.42,"pm25":10.0,"precipitation":{"local":{"status":"ok","intensity":0.0,"datasource":"gfs"}},"wind":{"direction":280.92,"speed":11.09}}}
{"status":"ok","lang":"zh_CN","server_time":1522074424,"tzshift":28800,"location":[51.730976,0.253479],"unit":"metric","result":{"status":"ok","temperature":11.27,"skycon":"CLEAR_NIGHT","cloudrate":0.19,"aqi":10.0,"humidity":0.51,"pres":100878.49,"pm25":10.0,"precipitation":{"nearest":{"status":"ok","distance":153.11,"intensity":0.1875},"local":{"status":"ok","intensity":0.0,"datasource":"gfs"}},"wind":{"direction":276.76,"speed":11.42}}}
{"status":"ok","lang":"zh_CN","server_time":1522078018,"tzshift":28800,"location":[51.730976,0.253479],"unit":"metric","result":{"status":"ok","temperature":11.18,"skycon":"PARTLY_CLOUDY_NIGHT","cloudrate":0.29,"aqi":10,"humidity":0.53,"pres":100840.1,"pm25":10,"precipitation":{"nearest":{"status":"ok","distance":198.84,"intensity":0.1875},"local":{"status":"ok","intensity":0.0,"datasource":"gfs"}},"wind":{"direction":274.11,"speed":10.92}}}
